00:06:54 <Dot_> bio bio
00:07:56 <Camail_> ok so
00:08:00 <Camail_> DuB`  you playing yet
00:08:03 <Camail_> also chun is so fun
00:08:09 <Camail_> s.lk is the best move int he world
00:08:34 <Camail_> so much to learn
00:08:42 <Camail_> wish i could fight someone who didnt suck
00:08:54 <ZK> online no work?
00:09:23 <Camail_> it does
00:09:29 <Camail_> its jsut that i ahvent beaten enough people
00:09:33 <Camail_> to play good people
00:09:40 <Camail_> got to 500, but taking a break
00:09:47 <ZK> oh kk
00:09:55 <Camail_> its annoying, would be higher but you cant do training mode without fight request on
00:10:02 <Camail_> so like, its hard to actually learn buttons
00:10:12 <Camail_> especially since I havent actually followed sf5 at all
00:10:17 <Camail_> so i came in completely blind
00:10:25 <Camail_> didnt even know what chun's v skill was
00:10:37 <Camail_> or how awful her nj.hk has become...
00:11:00 <Camail_> or her v trigger
00:11:40 <Camail_> i still ahve 3 beta passes left
00:11:49 <Camail_> for this weekend
00:12:01 <Camail_> it gmiht extend to everything else as well?
00:12:04 <Camail_> might*
00:15:11 <Camail> so? any interest?
00:15:30 <Rawr|Fone> I would play if I was home
00:16:11 <Camail> are you going to be home anytime today or tomorrow?
00:16:27 <Camail> there's 24 hours elft in the beta, i believe
00:17:08 <Camail> Dot_  you can play a game i play but face people equally as awful as you
00:17:59 <Camail> no one is playing birdie that i saw
00:20:30 <Dot_> i dont know if i will play cam, i know nothing of street fighter
00:20:44 <Camail> thats fine
00:20:51 <Camail> just offering to see any interest
00:21:41 <Dot_> i have cs to get better at!
00:22:06 <Camail> well, so do i
00:22:43 <ZK> you also have sc2 and art
00:23:43 <Camail> or you know, everything
00:23:53 -!- Phant [webchat@cpe-104-175-76-38.socal.res.rr.com] has joined #tlponies
00:23:59 <ZK> hey Phant!
00:23:59 <Camail> pharnt
00:25:08 <Phant> pfft
00:25:13 <Phant> Hi ZK
00:25:16 <Phant> no hi for Camail.
00:25:26 <ZK> .roll d20 to boop Phant
00:25:29 <ZK> oops
00:25:33 <Dot_> phantsy pants
00:25:34 <Phant> failure!
00:25:36 <Camail> .roll d20 anti-boop
00:25:39 <Camail> i win
00:25:47 <Phant> .roll d20 to slap Camail
00:25:55 <Phant> could go either way.
00:26:09 <Camail> nah, you need a pretty good modifier
00:26:29 <Camail> my ac is at least 14
00:26:37 <ZK> pfft, 4e.
00:26:42 <Camail> and i dont think you have a +1 hand and +3 to your strength modifier
00:26:50 <Camail> that 16 str i think
00:27:05 <Camail> 4e? dafuq 
00:27:29 <Camail> 5e still rolls like that
00:27:29 <ZK> human nerd with 14 ac? boosted as heck
00:27:45 <Camail> I am 1000+ miles away
00:27:49 <Camail> that helps
00:28:01 <Camail> also my dex is solid
00:29:54 <Phant> http://i.imgur.com/o4c6SBx.gif
00:31:37 <Camail> wow splatoon is still popular enough to ahve a concert
00:32:28 <Phant> The whole thing is on youtube.
00:32:28 <Camail> ?tlp
00:32:31 <Camail> sigh
00:32:38 <Camail> whats the discord info
00:32:44 <Dot_> 2 seconds cam
00:32:53 <Dot_> https://discord.gg/0bdfUs3I4EFbtYIL
00:34:22 <Dot_> there we go
00:34:27 <Dot_> you now have powers
00:34:28 <ZK> it said invite expired :(
00:34:45 <Dot_> https://discord.gg/0bdfUs3I4EFbtYIL
00:34:55 <Phant> You can make the invite permanent
00:35:01 <Phant> if you want to
00:35:14 <Dot_> well once we have sweetie back we will set it up properly probably
00:35:22 <Dot_> it wouuld make it easier
00:36:09 <Dot_> there you go, you all have admin powers or sometihng
00:36:16 <Dot_> im not sure, cane said you need that to speak
00:36:28 <Camail> sweetie might not come back
00:36:34 <Camail> so might as well add them tot his one
00:36:51 <Camail> .r tlp Discord https://discord.gg/0bdfUs3I4EFbtYIL
00:36:51 <ZK> well, guess i lost my fanfics
00:37:12 <Dot_> you make it permanant?
00:39:19 <Camail> its just a matter of the old server being offline for so long
00:39:27 <Camail> I'm still gonna be trying because i paid for a year and got 6 months
00:39:34 <Camail> but until then why waste time
00:39:36 <Dot_> sucks :/
00:39:58 <Camail> eyup
00:41:50 <Rawr|Fone> I am probably not making it home until monday cam
00:42:03 <Camail> ah
00:42:05 <Camail> well nvm then
00:47:12 <Camail> chun's forward dash is sick
00:48:10 <DuB`> ... Is it not possible to be in training for more than 15 seconds before it pulls you into a fight?
00:48:53 <Camail> no
00:48:56 <Camail> its the struggle
00:49:03 <Camail> gotta learn on the run
00:49:07 <DuB`> Oookay.
00:49:09 <DuB`> Wat.
00:49:11 <Camail> but after a little bit you get comfortable
00:49:14 <Camail> and everyone sucks
00:49:19 <Camail> so calm down
00:49:23 <Camail> use basic footsies
00:49:29 <Camail> ases the type of player you are playing
00:49:33 <Camail> and you can start learning
00:49:38 <Camail> assess*
00:50:17 <Camail> first thing is see try and figure out wtf your normals are
00:50:29 <Camail> I didnt even know what all my buttons did for the first 5 matches
00:59:03 <motbob> https://www.youtube.com/watch?v=4gRWsmXbWSE why can't I like LoL :(
00:59:38 <Dot_> hi mot
01:02:57 -!- Camail [~Camail@38.69.8.163] has joined #tlponies
01:02:57 -!- mode/#tlponies [+v Camail] by Q
01:04:07 -!- Runbunny [~Runbunny@62.61.130.232.generic-hostname.arrownet.dk] has joined #tlponies
01:04:56 <Runbunny> Yo.
01:05:01 <ZK> hi
01:05:07 <Rawr|Fone> Anders
01:05:20 <Rawr|Fone> Give me one piggelin
01:06:18 <Runbunny> Please Henrik I had enough of pingeling tonight.
01:06:41 <DuB`> Getting near-P'ed after every 10 seconds of training is terribly fun. >.>
01:07:04 <Runbunny> What are you training DuB?
01:07:06 <Dot_> Angel!
01:07:14 <Runbunny> Hai Dot.
01:07:33 <DuB`> SFV beta.
01:07:57 <Runbunny> Don't worry about it.
01:08:21 <Camail> oh roon
01:08:31 <Camail> do you want a beta pass
01:08:32 <Runbunny> I go 0- 42 against camail. back when we used to play sf4
01:08:38 <Runbunny> Dare i?
01:08:40 <Camail> DuB`  calm down
01:08:45 <Camail> new game
01:08:48 <Camail> new lease on life
01:08:50 <Camail> also we cant play
01:08:54 <Camail> its beta, random ppl
01:09:11 <Camail> try vega maybe?
01:10:22 <Runbunny> Oh Dot. I saw that picture earlier and I wanted to link it to you. but I wasn't home and stuff.
01:10:31 <Camail> so run y/n?
01:10:39 <Runbunny> sure
01:10:51 <Camail> its over in ~24 hours
01:11:04 <Runbunny> I need to sleep for at least 8.
01:11:08 <Rawr|Fone> Make me proud runbun
01:11:13 <Runbunny> Then I can play
01:12:38 <Runbunny> Rawr, your mother isn't proud of me but your father is fucking proud of me.
01:13:08 <Rawr|Fone> That sounds great
01:14:21 -!- DoT` [~Dot@94.9.42.184] has joined #tlponies
01:15:11 <Camail> https://www.reddit.com/r/GlobalOffensive/comments/43edee/how_i_got_3000_hackers_vac_banned/
01:15:24 <Camail> i think the community figured out how to combat hackers
01:17:07 <DoT`> HAHAHA
01:24:28 <Rawr|Fone> Not so pon
01:24:35 <Runbunny> I need to sleep
01:24:37 <Runbunny> Goodnight
01:25:38 <Rawr|Fone> .tell runbunny pls
01:26:09 <BioPhone> All Star Pacific division Captain John Scott is an inspiration to us all
01:28:44 <Rawr|Fone> 🐴🐴🐴
01:31:42 <BioPhone> Rawr horse
01:31:52 <Rawr|Fone> Bio hoers
01:34:52 <BioPhone> Neigh
01:37:07 <DuB`> MMMMMM.
01:37:10 <DuB`> These guys: http://cdn.lindtusa.com/wcsstore/ExtendedSitesCatalogAssetStore/images/catalog/products/main/450x/Dark-Chocolate-LINDOR-Truffles-75-pc-Bag_main_450x_4854.png
01:37:22 <DuB`> Mmmmm.
01:37:29 <DuB`> I keep finding leftoverr christmas chocolate.
01:38:26 <DoT`> you fat yet dubs?
01:39:17 <Camail> dorb
01:39:20 <Camail> you win anything yet
01:40:34 <DuB`> One or two?
01:40:37 <DuB`> Maybe just one.
01:40:39 <DuB`> Stopped for food.
01:41:27 <DoT`> you not letting cam beat you up?
01:41:44 <Camail> there are no lobbies
01:41:59 <BioPhone> Zm
01:42:01 <BioPhone> Zk
01:42:02 <DoT`> aww
01:43:27 <DuB`> You just have to accept relentless beatings from random strangers.
01:43:34 <BioPhone> ZK
01:43:39 <BioPhone> ZK
01:43:39 <DoT`> sounds like life dub
01:43:43 <BioPhone> PLS
01:43:58 -!- Micen [~Micen@h173.244.17.98.dynamic.ip.windstream.net] has joined #tlponies
01:44:30 <BioPhone> hai my 3 lettered ponys
01:44:48 <DuB`> o/
01:46:47 <BioPhone> Pacific Division  Captain All Star John Scott is about to hit the puck really hard
01:48:47 <DoT`> Bio Bio
01:51:51 <DuB`> So. Many. Lose.
01:52:29 <Camail> dub
01:52:33 <Camail> change your network settings
01:52:40 <Camail> to pc only, 5 only
01:52:44 <Camail> make it more difficult
01:52:49 <Camail> it might help
01:52:56 <Camail> but honestly i never got more than 20 seconds
01:53:07 <Camail> whoa re you playing
01:54:01 <Camail> also the better you get, i think the less ppl are in your pool
01:54:07 <Camail> so better players get more training time
01:54:10 <Camail> ironically
02:00:38 <CockRoach|42> http://zig-word.deviantart.com/art/Twilight-Sparkle-and-Spike-539384612
02:01:46 <DoT`> oh sc2
02:01:48 <DoT`> http://www.twitch.tv/basetradetv
02:01:54 <DoT`> http://www.twitch.tv/nathanias
02:02:46 <DoT`> Neeb through
02:02:53 <DoT`> Huk!
02:04:42 -!- Raelcun [~Raelcun@75-22-122-173.lightspeed.clmboh.sbcglobal.net] has joined #tlponies
02:04:42 -!- mode/#tlponies [+v Raelcun] by Q
02:04:47 -!- Saurabhinator [webchat@58.174.177.17] has joined #tlponies
02:05:11 <DoT`> Raelcoooon
02:05:15 <DoT`> Hey saura pon
02:05:24 <DoT`> .roll d20 to boop Rael
02:06:03 <Saurabhinator> yeah buddy
02:06:09 <carcinisation> hi saura
02:06:14 <CockRoach|42> hi rael, saura
02:06:20 <DuB`> I'm 2-10 so far.
02:06:22 <carcinisation> also rael <3
02:06:23 <DuB`> Time for sc2. >.>
02:06:45 <carcinisation> do lots of winning dub
02:06:48 <DuB`> HUK
02:07:03 <DuB`> Reif I'm bad at fites.
02:07:06 <ZK> oh wassup BioPhone?
02:07:09 <DuB`> Winning requires good.
02:07:15 <ZK> did hockey cool happen?
02:07:21 <DoT`> huk maji
02:08:11 <DoT`> welp
02:08:13 <DoT`> gg
02:08:23 <DuB`> Prion terraces.
02:08:31 <DuB`> Nothin' to be done.
02:08:50 <carcinisation> aren't they taking out the gold
02:09:15 -!- Raelcun [~Raelcun@75-22-122-173.lightspeed.clmboh.sbcglobal.net] has joined #tlponies
02:09:17 -!- Raelcun [~Raelcun@Raelcun.users.quakenet.org] has joined #tlponies
02:09:17 -!- mode/#tlponies [+v Raelcun] by Q
02:10:26 <DuB`> I dunno.
02:12:06 <DuB`> C'mon huuuk. D:
02:12:21 <DuB`> Nervous 2-2.
02:14:32 <carcinisation> dark shrine every time
02:15:36 <DoT`> never a reason not to
02:18:26 <Rawr|Fone> Wam bam
02:18:33 <Rawr|Fone> Beep beep
02:18:43 <Rawr|Fone> Dot
02:19:59 <BioPhone> Zk
02:20:25 <carcinisation> losing twice tonight with QQ vs undercards sure is making me QQ
02:20:32 <ZK> wassup BioPhone
02:20:40 <BioPhone> All Star Pacific Division Captain John Scott is an inspiration to us all, a real hero.
02:20:48 <DuB`> >:T
02:20:54 <ZK> he is
02:23:11 <Rawr|Fone> A true hero
02:23:27 <Rawr|Fone> .tell jhuyt ur such a butt
02:24:32 <Rawr|Fone> 🐴🐴🐴
02:25:36 <DuB`> Hahahah huk.
02:25:39 <BioPhone> Nashville cheering for John and booing kane gives me the warm fuzzies
02:26:27 -!- Camail_ [~Camail@38.69.8.163] has joined #tlponies
02:26:27 -!- mode/#tlponies [+v Camail_] by Q
02:29:19 -!- Yoltphone-afk [~Yoltphone@163.172.13.223] has joined #tlponies
02:30:07 <DoT`> gg
02:30:17 <DuB`> Gah.
02:31:46 <DoT`> now more huk
02:35:53 <BioSC> The Dankest Estate
02:35:57 -!- Rawr|Phone [~Rawr@81-233-7-47-no34.tbcn.telia.com] has joined #tlponies
02:36:11 <Rawr|Phone> Dot dot dot
02:36:19 <DoT`> Rawr rawr rawr
02:36:27 <Rawr|Phone> <3
02:36:36 <DoT`> <3
02:36:39 <Rawr|Phone> I luv you dot
02:36:51 <DoT`> I love you too rawr
02:36:55 <Rawr|Phone> You should stay with me forever
02:36:55 <DoT`> but you do drink a lot
02:37:12 <skram> is it time for an intervention
02:37:21 <Rawr|Phone> That is very rude
02:37:32 <skram> i love being rude
02:38:21 <Rawr|Phone> And I love your face
02:38:55 <DuB`> Raaaaaaaaaaaawr.
02:39:25 <Rawr|Phone> Duuuuuuuuuub.
02:41:47 <DuB`> No more dranking and come be with me.
02:43:13 <Rawr|Phone> But I like drinking D:
02:44:29 <Rawr|Phone> I can come cuddle you anyway dub
02:44:34 <DuB`> Mkai.
02:44:49 <Rawr|Phone> But my breath may smell like whiskey and beer
02:45:10 <DoT`> poor pylon range
02:49:08 <DoT`> well that liberator...
02:49:12 <carcinisation> freeeeeedom
02:50:02 <carcinisation> the circle advance
02:50:15 -!- FlutterAi [~FlutterAi@adsl-98-93-49-40.owb.bellsouth.net] has joined #tlponies
02:50:37 <DoT`> sadness
02:53:17 <DoT`> http://41.media.tumblr.com/232d7d529fc560d57ed143d52d5b4f4a/tumblr_o1qxj7D0Au1rxxpgpo2_1280.png
02:53:36 <DuB`> GREYCUTE.
02:54:29 <DoT`> ghosts?!
02:54:34 <DoT`> oooo
02:54:40 <DoT`> nope
02:55:02 <DoT`> LOL
03:01:35 <Camail_> 5 straight matches with shitty internet
03:01:36 <Camail_> ugh
03:01:40 <Camail_> its partly my fault
03:02:04 <DoT`> gg
03:02:12 <DoT`> that sucks cam :/
03:02:15 <DuB`> Cam you winning?
03:06:43 <DoT`> oh look, a dt shrine
03:09:56 <carcinisation> nice hold position
03:10:55 <DoT`> what was up with that dt
03:11:02 <carcinisation> dts op
03:11:12 <DuB`> He was tired, dot.
03:12:39 <DoT`> say no to tanks
03:13:48 <Cane> Camail> Cane  I jsut bought sf5 and got smoe beta tickets, u want one
03:13:51 <Cane> Yes please Camail_.
03:14:08 <Cane> I intend to get it myself eventually.
03:14:30 <Cane> I just don't have the time or inclination to practice it right now, no characters really do it for me.
03:14:36 <DoT`> gngiht cr
03:14:41 <Cane> And hi everyone. =)
03:14:45 <DoT`> Hey cane!
03:15:05 <CockRoach|42> night
03:15:24 <CockRoach|42> i was wondering how you'd know i was going to bed :)
03:15:57 <DoT`> i got around to following artists!
03:16:01 <CockRoach|42> forgot that you were lurking in the same multistream
03:16:05 <CockRoach|42> about time!
03:16:21 <DoT`> its not my fault they all moved program
03:16:43 <CockRoach|42> did they leave livestream?
03:17:06 <DoT`> i cant recall what they use to use
03:17:20 <DoT`> i tihnk it was that
03:17:26 <CockRoach|42> i cant remember that livestream had a working email announcement function
03:17:56 <DoT`> no, but i ended up with a few sites that showed channels where live
03:18:03 <CockRoach|42> ah
03:25:25 <carcinisation> night all
03:25:31 <CockRoach|42> night reif
03:27:15 -!- DoT` [~Dot@94.9.42.184] has joined #tlponies
03:27:21 <DoT`> woops
03:29:01 <DuB`> Huk huk huk!
03:29:49 <DoT`> silly terran
03:32:25 <DoT`> gg
03:32:50 <Camail_> 5 straigh wins
03:32:52 <Camail_> on unranked
03:32:56 <Camail_> 5 straight lsoses on ranked
03:32:59 <Camail_> fucking bullshit
03:33:03 <Camail_> i jsut want to paly ranked
03:33:09 <Camail_> the beta fucking sucks
03:33:19 <Camail_> at least if you force me to play let me choose
03:37:50 <DoT`> BIO
03:38:08 -!- BioPhone [~Bioandroi@166.175.61.128] has joined #tlponies
03:44:08 <DoT`> Bio Bio
03:45:00 <DoT`> gg
03:46:36 <DuB`> HUK HUK HUK.
03:50:42 <DoT`> more DT please
03:52:50 <DoT`> LOL
03:53:21 <DoT`> top 3 control :P
03:54:49 <DuB`> Cloak micro. D:
03:56:02 <DuB`> Uh oh.
03:56:03 <DoT`> egg :/
03:56:05 <DuB`> Huk PLSSSS.
03:56:10 <DoT`> Maji
03:56:15 <DuB`> srs
03:56:32 <DuB`> Maji huk, you gotta win.
04:01:07 -!- Camail [~Camail@38.69.8.163] has joined #tlponies
04:01:07 -!- mode/#tlponies [+v Camail] by Q
04:02:43 <DuB`> BASED BOB.
04:07:49 <Camail> ?
04:07:56 <Camail> less talk
04:07:58 <Camail> more fights
04:08:00 <DoT`> emarines booped
04:08:18 <Camail> ok i quit out of training mode and am playing only ranked
04:08:20 <Camail> which is great
04:08:30 <Camail> i got so fucking unlucky
04:09:56 <DuB`> HuK did that very well, I think.
04:10:03 <DuB`> Was a waaay awkward fight all over the place.
04:10:20 <DoT`> sloppy
04:10:46 <DuB`> MaSa had a way scary army + had pulled scv's.
04:11:10 <DuB`> HuK did well at segmenting it and not fighting the strongest chunk of it at first.
04:11:22 <DuB`> Still behind on supply??
04:11:44 <BioSC> dot the dankest dungeon is getting to you
04:11:56 <BioSC> "DoT has become obsessed with killing"
04:12:12 <DoT`> well then, i think its helping
04:12:49 <DoT`> boooob
04:12:59 <DoT`> poor bob
04:13:13 <DoT`> he survivrd D: how?
04:13:51 <DuB`> GAAAH.
04:14:09 <DuB`> YES.
04:14:13 <DoT`> gg
04:14:18 <DuB`> Sandwiched on the ramp!
04:14:20 <DuB`> Pheeeeeeeeew.
04:27:18 <DuB`> HUK WAI.
04:27:19 <DoT`> D:
04:27:21 <DoT`> poor zealots
04:27:23 <DuB`> WAAAAAAAAAAAYIYOIAYIDOHVA
04:27:29 <DuB`> WHY. T_T
04:27:32 <DoT`> snela!
04:27:39 <DuB`> Maaaaaajide.
04:27:57 <DuB`> "Tanks? Meh."    BLAMBLAMBLAM.
04:27:58 <DoT`> gg :(
04:28:03 <DuB`> What did he think would happen!
04:28:19 * DuB` is salty.
04:29:59 <DuB`> Meh.
04:30:04 <DuB`> Time to go lose some more streetfites.
04:31:03 <DoT`> enjoy
04:33:28 <DoT`> dub dub
04:33:34 <DoT`> why is it 4:30
04:36:41 -!- DoT|Phone [~Dot@94.9.42.184] has joined #tlponies
04:40:11 <DoT|Phone> pon pon
04:47:04 <Camail> .tell cane if you want beta for the rest of sunday ask, i ahve one pass left
04:47:53 <Cane> Oh, hi, I said yes:
04:47:56 <Cane> <Cane> Camail> Cane  I jsut bought sf5 and got smoe beta tickets, u want one
04:47:56 <Cane> <Cane> Yes please Camail_.
04:47:56 <Cane> <Cane> I intend to get it myself eventually.
04:47:56 <Cane> <Cane> I just don't have the time or inclination to practice it right now, no characters really do it for me.
04:48:06 <Cane> If someone else wants it you can give it to them, since I will be getting SF5 later.
04:48:36 <Cane> I don't have the time or desire to play it just yet is the point.
04:51:31 <Camail> it only lasts for tomoorow i think
05:05:10 <DuB`> OOOKAY I'm gonna call 20 losses enough.
05:05:25 <BioSC> let the sadness flow
05:08:07 <DuB`> I think I won one or two toward the beginning?
05:08:21 <DuB`> I can't remember, they got buried under so much lose.
05:09:54 -!- Emily [~HoMM@HoMM.users.quakenet.org] has joined #tlponies
05:10:06 <DoT|Phone> cane http://imgur.com/gallery/SxbTtqn
05:10:34 <DoT|Phone> gnight all <3
05:11:00 <Cane> Later DoT`. <3
05:11:48 -!- Biopone [~Bioandroi@108-72-10-1.lightspeed.stlsmo.sbcglobal.net] has joined #tlponies
05:12:54 <DuB`> Dot!
05:12:56 <DuB`> G'night.
05:26:41 -!- Biopone [~Bioandroi@108-72-10-1.lightspeed.stlsmo.sbcglobal.net] has joined #tlponies
05:34:43 -!- Oatsmaster [~oatsmaste@Oatsmaster.users.quakenet.org] has joined #tlponies
05:34:43 -!- mode/#tlponies [+v Oatsmaster] by Q
05:36:17 -!- Oatsmaster [~oatsmaste@Oatsmaster.users.quakenet.org] has joined #tlponies
05:36:17 -!- mode/#tlponies [+v Oatsmaster] by Q
05:41:26 -!- Oatsmaster [~oatsmaste@Oatsmaster.users.quakenet.org] has joined #tlponies
05:41:27 -!- mode/#tlponies [+v Oatsmaster] by Q
05:42:32 -!- Oatsmaster [~oatsmaste@Oatsmaster.users.quakenet.org] has joined #tlponies
05:42:32 -!- mode/#tlponies [+v Oatsmaster] by Q
05:57:59 -!- Micen_ [~Micen@h173.244.17.98.dynamic.ip.windstream.net] has joined #tlponies
06:02:36 -!- DoT|Phone [~Dot@94.9.42.184] has joined #tlponies
06:05:43 <BioSC> nnh orses
06:05:48 <BioSleep> nnnnnnnnnnnn
06:32:15 -!- BioClass [~Bio@108-72-10-1.lightspeed.stlsmo.sbcglobal.net] has joined #tlponies
06:33:26 <DuB`> 2sleppy pones
06:51:33 <Camail> DuB`  how u feel about sf5
06:51:47 <DuB`> Um.
06:51:56 <DuB`> I feel like I lose 95% of everthing.
06:51:58 <DuB`> But it's nice. :P
06:52:49 <Camail> stuck at like 200 lp?
06:53:07 <DuB`> More like 0.
06:53:16 <Camail> cmooon
06:53:30 <Camail> you just gotta punish dumb shit
06:53:35 <Camail> at <200
06:53:42 <Camail> so just block and anti air
06:53:49 <Camail> let them sweep, punish their sweeps
06:54:16 <DuB`> :T
06:55:24 <Camail> try vega or chun
06:55:27 <Camail> good normals
07:04:12 <DuB`> But.
07:04:15 <DuB`> Ojou-sama!
07:08:39 -!- DoT|Phone [~Dot@94.9.42.184] has joined #tlponies
07:36:31 -!- Golly [~Golly@1.92-221-121.customer.lyse.net] has joined #tlponies
08:01:53 <DuB`> zZzzzzZzZzz
08:16:56 -!- Micen [~Micen@h173.244.17.98.dynamic.ip.windstream.net] has joined #tlponies
08:42:04 -!- tredc [webchat@90-224-53-116-no56.tbcn.telia.com] has joined #tlponies
08:44:46 -!- DoT|Phone [~Dot@94.9.42.184] has joined #tlponies
09:08:12 -!- Mag_ [~Mag@107.92-221-99.customer.lyse.net] has joined #tlponies
09:25:10 -!- Camail_ [~Camail@38.69.8.163] has joined #tlponies
09:25:11 -!- mode/#tlponies [+v Camail_] by Q
09:33:01 -!- Rawr|Fone [~Rawr@81-233-7-47-no34.tbcn.telia.com] has joined #tlponies
09:33:56 <Yoltphone> Po'y pony
09:46:07 -!- DoT|Phone [~Dot@94.9.42.184] has joined #tlponies
09:58:12 -!- Emily [~HoMM@HoMM.users.quakenet.org] has joined #tlponies
10:00:28 -!- DoT|Phone1 [~Dot@94.9.42.184] has joined #tlponies
10:06:33 -!- Lynda [~Lynda@Lynda.users.quakenet.org] has joined #tlponies
10:06:34 -!- mode/#tlponies [+v Lynda] by Q
10:06:34 <Lynda> hi
11:08:34 -!- carcinisation [~reificati@cpc76294-cosh16-2-0-cust297.6-1.cable.virginm.net] has joined #tlponies
11:26:10 -!- Runbunny [~Runbunny@62.61.130.232.generic-hostname.arrownet.dk] has joined #tlponies
11:32:40 <CockRoach|42> .tell Rawr|Fone https://twitter.com/CuteEmergency/status/693565106903318528
11:33:23 -!- ZK [ZK@modemcable021.52-59-74.mc.videotron.ca] has joined #tlponies
11:33:23 -!- mode/#tlponies [+v ZK] by Q
11:33:24 <Rawr|Fone> .tell cockroach|42 <3
11:33:51 <CockRoach|42> :)
11:35:10 <CockRoach|42> http://ramott.deviantart.com/art/Sketchy-Go-Kart-Twilight-587276096
11:37:59 <Runbunny> I am somehow awake.
11:38:07 <CockRoach|42> oh dear
11:38:21 <Runbunny> Yeah you guys better run.
11:39:37 <Camail_> play fights
11:43:03 <CockRoach|42> .tell dot` nc's bday in four days :o
11:43:07 <Phearlock> lol CR, nice pon
11:43:28 <Runbunny> hmm. SFV isn't regitering my stick inputs :/
11:44:09 <Phearlock> https://derpiboo.ru/1015125 have some old meme
11:46:33 <Camail_> Runbunny  try just doing joy2key
11:50:14 <CockRoach|42> http://berrypawnch.deviantart.com/art/A-Wild-Laser-Appears-587300183
11:53:18 -!- DoT|Phone [~Dot@94.9.42.184] has joined #tlponies
11:53:48 <DoT|Phone> morning ponies
11:53:53 <Runbunny> Hai dot.
11:56:06 <CockRoach|42> http://jittery-the-dragon.deviantart.com/art/How-to-WHARRGARBL-a-pony-440447047
11:57:56 -!- DoT` [~Dot@94.9.42.184] has joined #tlponies
11:59:24 <DoT|Phone> Haha
12:02:49 <Rawr|Fone> 🐴🐴🐴
12:02:52 <Rawr|Fone> 🍻🍻🍻
12:03:46 <DoT`> still drunk rawr?
12:03:58 <Rawr|Fone> No!
12:04:34 <Runbunny> idk he seems a bit drunk to me.
12:05:23 <DoT`> oh wow, so life was arrested in connection to match fixing
12:05:40 <Camail_> idiot
12:05:48 <DoT`> indeed
12:05:53 <Camail_> in the usa its w/e
12:05:57 <Camail_> you might jsut be banned
12:06:00 <Camail_> but in korea?
12:06:03 <Camail_> wtf u thinking
12:06:14 <Camail_> literal jail time
12:06:27 <Lynda> https://www.dropbox.com/s/coqjfnpv12r9j4q/PokemonPharmacology4.png?dl=0 fleshed out the idea more. someone suggested the pokeballs should be capsules
12:19:00 <DoT`> Runbunny, http://imgur.com/gallery/BjU5gvl
12:21:24 <Runbunny> Dot http://imgur.com/gallery/mYVKHFl
12:25:18 <DoT`> D'aaww
12:25:24 <DoT`> http://kp-shadowsquirrel.deviantart.com/art/Those-Cute-Ponies-587819328
12:27:43 <Runbunny> camail lag is unreal in this game.
12:27:52 <Runbunny> people just teleporting all over the place.
12:28:37 <DoT`> .tell Dub` http://www.deviantart.com/art/Mentor-of-the-light-scanned-version-587648428
12:28:40 <DoT`> Phearlock
13:09:35 <DoT`> http://www.twitch.tv/wardiii
13:09:56 -!- Emily [~HoMM@HoMM.users.quakenet.org] has joined #tlponies
13:13:30 <Rawr|Fone> 🐴🐴🐴
13:24:46 <DoT`> cane Yolteotl http://aurelleaheverfree.deviantart.com/art/Luna-s-in-a-good-mood-today-3rd-Week-of-Drawing-571464218
13:24:58 <DoT`> nice face, but wings need work
13:25:28 <CockRoach|42> not very impressive wings
13:25:45 <Yolteotl> hi pones .-
13:25:50 <CockRoach|42> hai yolt
13:25:57 <DoT`> yolteotltltlt
13:26:23 <carcinisation> hi yolo
13:27:31 <Yolteotl> so many
13:27:31 <Yolteotl> :P
13:27:47 <Yolteotl> all my favorites
13:27:47 <Yolteotl> <3
13:28:10 <Yolteotl> others suck
13:28:21 <DoT`> rude french pon
13:28:36 <Yolteotl> it's to be kinder with you
13:36:21 <Yolteotl> new starcraft II season D:
13:36:29 <DoT`> gm time
13:48:53 -!- BioSleep [~Bio@108-72-10-1.lightspeed.stlsmo.sbcglobal.net] has joined #tlponies
13:52:16 -!- Rawr|Phone [~Rawr@host-95-195-147-61.mobileonline.telia.com] has joined #tlponies
13:55:43 <DoT`> Rawr rawr rawr
13:55:55 <Rawr|Phone> Dot dot dot
13:56:01 <Rawr|Phone> <3
13:57:45 <DoT`> <3
13:58:11 <Rawr|Phone> Have you been very pon today dot
13:58:58 <DoT`> i try D:
13:59:07 <DoT`> its not easy being pon
13:59:51 <Rawr|Phone> D:
14:00:31 <CockRoach|42> :|
14:00:53 <Phearlock> aw
14:05:56 <DoT`> .roll d20 to boop rawr
14:07:11 <Rawr|Phone> .roll d20 to tickle dot
14:07:11 <Rawr|Phone> Ok
14:11:50 <Phearlock> https://derpiboo.ru/945861 hihihi, dis edit
14:12:04 <Phearlock> Nice dream Luna?
14:13:53 <CockRoach|42> :O
14:19:09 <DoT`> why is rawr always my first ded dorf :/
14:19:30 <Rawr|Phone> :(
14:20:30 <Phearlock> Cuz you secretly name all of them Rawr?
14:23:40 <DoT`> i neded more rawr in my life
14:26:56 <DoT`> IEM in 12 hours?!
14:27:06 <DoT`> what timeing is this!
14:27:11 <DoT`> thats 3 am
14:27:13 <DoT`> ...
14:27:15 <CockRoach|42> star cheating 2
14:34:13 -!- Yolteotl [webchat@253.73.126.78.rev.sfr.net] has joined #tlponies
14:35:11 <carcinisation> proxy rax \o/
14:36:00 <DoT`> not enough ghosts
14:36:49 <Yolteotl> http://www.twitch.tv/yolteotl
14:36:50 <Yolteotl> <3
14:42:40 <DoT`> yolt just ignores me
14:46:44 <carcinisation> yolo bad sempai
14:49:22 <DoT`> gg vortix
14:51:35 -!- Zounds [~chatzilla@cpc11-cowc7-2-0-cust291.14-2.cable.virginm.net] has joined #tlponies
14:51:54 <Zounds> Hey horses
14:52:18 <DoT`> Zounds!
14:52:38 <Zounds> How goes the day?
14:52:44 <Yolteotl> sorry dot
14:52:50 <Yolteotl> I did not ignore you!
14:52:57 <Yolteotl> I was a bit long to see your message
14:53:27 <DoT`> sily yopu
15:20:20 <DoT`> back
15:22:17 -!- Mag_ [~Mag@107.92-221-99.customer.lyse.net] has joined #tlponies
15:25:53 <DoT`> whats up zounds
15:33:54 <Zounds> not much mate
15:37:05 <Runbunny> Dot dot.
15:40:09 <DoT`> rawr rawr
15:42:15 <DoT`> <3
15:46:21 <DoT`> why are terrans starting to use the supply depo drop?
15:50:40 <Yolteotl> because i'm bad
15:50:47 <Yolteotl> :D
15:53:56 <DoT`> true failed
15:55:04 <carcinisation> less minerals per base makes mules worse dot
15:55:10 <DoT`> ah
15:55:18 <DoT`> ghooosts
15:55:57 <carcinisation> and supply drop better cause it's like magic minerals from the sky
16:00:23 <Yolteotl> wow wow wow
16:11:03 <DoT`> wait, i am sure true was a terrna :/
16:11:08 <DoT`> true still winning then
16:11:09 <CockRoach|42> http://kp-shadowsquirrel.deviantart.com/art/Mud-Fight-531176670
16:19:33 <CockRoach|42> .tell Rawr|Phone https://i.imgur.com/BmMNKCj.gifv
16:20:04 -!- Biopone [~Bioandroi@166.175.62.185] has joined #tlponies
16:24:34 <DoT`> bio
16:37:16 <DoT`> pon pon
16:37:49 <Rawr|Phone> Dot dot
16:39:00 <DoT`> rawr rawr
16:39:21 <Rawr|Phone> <3
16:39:34 <DoT`> <3
16:46:24 <DoT`> gg uthermal
16:46:30 <DoT`> reverse all kll
16:54:53 -!- Rawr|Fone [~Rawr@81-233-7-47-no34.tbcn.telia.com] has joined #tlponies
16:55:49 <Rawr|Fone> .tell cockroach|42 <3 <3
16:56:00 <CockRoach|42> :)
16:56:06 <carcinisation> myi next dot
16:58:10 <DoT`> yes :)
16:58:53 -!- Biopone [~Bioandroi@108-72-10-1.lightspeed.stlsmo.sbcglobal.net] has joined #tlponies
17:02:24 <BioSleep> mornpons
17:02:40 <BioSC> why i cant be just bio
17:02:41 <BioSC> T_T
17:03:06 <DoT`> :(
17:03:50 <DoT`> Morning pon
17:13:17 <Zounds> \o/
17:15:51 <DoT`> sad warp prism
17:20:10 <DoT`> hmm
17:21:16 <BioSC> poniponi
17:21:48 <BioSC> http://www.deviantart.com/art/Those-Cute-Ponies-587819328
17:27:34 <carcinisation> just lost top full house vs quads D:
17:28:46 <DoT`> D:
17:31:18 <DoT`> intense :/
17:33:52 <Runbunny> Dot what is on your favorite pizza?
17:34:33 <DoT`> hmmm
17:35:25 <DoT`> olives, hame, some green papper, some spicyness
17:35:46 <DoT`> i feel like i am forgeting sometihng, but close enough
17:36:00 <DoT`> ham*
17:37:08 <DoT`> you?
17:41:01 <DoT`> and a thin base
17:41:13 <DoT`> im not too fond of he thick loaf of bread type base
17:41:26 <DoT`> lol, the rally
17:44:46 <DoT`> gg :/
17:45:05 <carcinisation> i remember you had very nice pizza dot
17:45:27 <DoT`> oh thats true, reif has been here and had pizza
17:49:21 <BioSC> save me a slice dot
17:49:24 <BioWork> bbl
17:49:29 <DoT`> later pon
17:51:49 <CockRoach|42> http://imgur.com/gallery/8ACVxMd
18:08:14 <CockRoach|42> http://imgur.com/gallery/ZfHt9la
18:15:53 <CockRoach|42> http://imgur.com/gallery/StGSz8B
18:20:17 -!- skram [~skram@ip-92-146-106-77.eidsiva.net] has joined #tlponies
18:20:18 -!- mode/#tlponies [+v skram] by Q
18:31:04 -!- Micen_ [~Micen@h173.244.17.98.dynamic.ip.windstream.net] has joined #tlponies
18:31:26 <skram> good morning dudes
18:45:14 <DoT`> Jonas!
18:56:00 <CockRoach|42> .tell dub` http://imgur.com/2CDbtuP
19:03:42 <CockRoach|42> tiny danger noodle! :O http://imgur.com/gallery/yYzezi0
19:17:47 <Rawr|Fone> 🐴🐴🐴
19:37:04 <DoT`> PONES
19:43:21 <DoT`> was playng ns2 with the ppl i use to in africa land
19:43:33 <DoT`> there hasnt been an SA svr for about 2 years
19:43:56 <DoT`> now i get to play with 200 ping again, like the good old days
19:44:34 <DoT`> HI MICEN
19:46:12 <DoT`> i wish there was more ns2 cane
19:49:05 <Rawr|Fone> Nvr
19:50:05 <DoT`> Rawr snela
19:50:22 <Rawr|Fone> Skärpning dot
19:52:33 <DoT`> Hedge you
19:56:19 <DoT`> skram
19:56:20 <DoT`> jonas
19:56:45 <skram> hallo bjørn
19:56:59 <DoT`> hows you?
19:57:20 <skram> well enough mr bjørn
19:57:24 <skram> how about you
19:57:45 <DoT`> im ok
19:57:55 <skram> just ok?
19:58:37 <DoT`> i think so
19:58:44 <DoT`> maybe i will art later
19:58:56 <skram> draw a moose maybe
19:59:01 <skram> a pretty princess moose
20:04:31 <DoT`> i shall try
20:09:46 -!- Mag_ [~Mag@107.92-221-99.customer.lyse.net] has joined #tlponies
20:12:16 <Phearlock> whoo back
20:12:26 <Phearlock> http://i.4cdn.org/mlp/1454231825683.png have a princess hoodie
20:12:35 <DoT`> <3
20:13:10 <DoT`> apparently some ppl i have never heard of became very hated on the internet today
20:13:26 <DoT`> for trying to trademark the word "react" in youtube videos
20:13:48 <Phearlock> Oh that wasn't today
20:13:50 <CockRoach|42> you've never seen "kids/whatever reacts to ...."?
20:13:52 <Phearlock> That was like yesterday
20:14:01 <Phearlock> today people just got more mad
20:14:01 <CockRoach|42> two days ago, give or take
20:14:06 <DoT`> im so behind phear D:
20:14:16 <CockRoach|42> two days ago, people of the youtubes got mad
20:14:17 <Phearlock> it's ok slowbro
20:14:21 <CockRoach|42> today the plebs got mad
20:14:41 <Phearlock> Reddit got mad yesterday
20:14:42 <DoT`> i never heard of these ppl and have never watched a ____ reacts to____
20:14:44 <Phearlock> is when I heard abou tit
20:14:50 <DoT`> but i do know of such vidoes
20:14:52 <Phearlock> I've heard of reacts to vids
20:15:01 <Phearlock> And seen one or two pony ones
20:15:06 <CockRoach|42> i've seen a few.. but meh
20:15:07 <Phearlock> But never the other stuff
20:15:12 <DoT`> ty for stream yolt <3
20:15:38 <Phearlock> Yeah I think the age demographic that react videoes are aimed as is somewhere below the age group My little pony is aimed at.
20:15:50 <DoT`> must be
20:17:16 <CockRoach|42> no younger than 5?
20:21:27 -!- Frigo [~Frigo@catv-80-99-5-67.catv.broadband.hu] has joined #tlponies
20:25:12 <DoT`> hey frigo
20:27:02 -!- carcinisation [~reificati@cpc76294-cosh16-2-0-cust297.6-1.cable.virginm.net] has joined #tlponies
20:28:09 <DoT`> hello again reif
20:37:59 <Yoltphone> Dot<3
20:38:04 <Yoltphone> http://www.fncent.com/AOACREAM/index.html?url=/aoacream/b/introduce/14897
20:38:09 <Yoltphone> Oh my gosh :D
20:38:18 <Yoltphone> Moar AOA
20:45:31 <DoT|Phone> pon pon
20:45:36 <Frigo> morning
20:48:44 <carcinisation> hi dotties
21:00:08 <DoT|Phone> micen
21:02:22 <Yoltphone> Pon pon
21:02:47 <DoT|Phone> yolt. how's your ghost rushing going
21:03:27 <Yoltphone> 🐴🐴🐴
21:03:44 <Yoltphone> It's ok but i'm watchin movie
21:06:31 <DoT|Phone> state ifs playing against scarlet
21:06:42 <DoT|Phone> Rawr you
21:07:07 <carcinisation> http://i.imgur.com/iGqgApC.gifv
21:09:38 <DoT|Phone> what is this map
21:10:00 -!- Emily [~HoMM@HoMM.users.quakenet.org] has joined #tlponies
21:11:15 <carcinisation> wat u watch dot
21:15:19 <DoT|Phone> state is playing against scarlet
21:15:39 <DoT|Phone> I think fenner might be casting it.
21:21:19 <carcinisation> the gold bases o.O
21:21:38 <DoT|Phone> Yea haha
21:26:58 <carcinisation> sunless sea was free for this weekend D:
21:28:23 <carcinisation> dub http://i.imgur.com/wte8Moel.jpg
21:30:09 <DoT|Phone> it was. I mentioned so on Friday
21:30:16 <DoT|Phone> nice game
21:31:51 <BioWork> PONY
21:31:56 <BioSC> anskldgnlmad;snfhblasd
21:31:58 <BioSC> hi pons
21:35:08 <carcinisation> hello biopon
21:36:35 <Phearlock> biopon!
21:36:37 <Phearlock> Hello
21:37:11 <BioSC> there was a shitposting theory on r/xcom
21:37:15 <BioSC> I'm buying into it
21:37:45 <BioSC> https://www.reddit.com/r/Xcom/comments/43htem/meta_on_the_source_of_the_shitposts_in_this_sub/
21:37:57 <Phearlock> https://derpiboo.ru/1077529 have some cute shipping guys.
21:38:48 <BioSC> Twilight ships with everypon
21:39:01 <BioSC> but Twidash is the biggest, fastest ship
21:39:22 <carcinisation> lol bio
21:43:16 <DoT|Phone> Haha bio. it would also explain the overwatch
21:43:28 <DoT|Phone> reddit
21:44:24 <BioSC> its a pretty sound theory
21:44:26 <BioSC> also
21:44:35 <BioSC> overwatch hype should start building again
21:44:47 <BioSC> new opprotunities to NOT be invited to beta
21:45:02 <BioSC> I do forsee scumbag blizrad
21:45:13 <BioSC> ohai Bio, I see you have a nice, shiny new XCOM to play
21:45:22 <BioSC> how about trying out this overwatch over here
21:49:23 <DoT|Phone> while I get emails from blizzard telling me useless things instead of an invite
21:50:16 <Phearlock> =)
21:51:16 <Phearlock> Aw, simple art but sometimes simple art is nice http://leafyglaceon.deviantart.com/art/Twilght-and-Derpy-Air-Hug-587515747
21:51:21 <DoT|Phone> Haha. this map
21:51:27 <Phearlock> Pony hugs =3
21:52:02 <BioSC> pone =3
21:52:14 <BioSC> https://derpiboo.ru/1076280?scope=scpe8221aa9344b326d3afe24a25345eaff869af0aef
21:53:09 <skram> god damnit bio
21:53:13 <Phearlock> =)
21:53:25 <DoT|Phone> fixing all friendship problems
21:53:39 <Phearlock> What's wrong skram? =D
21:54:05 <skram> the shitpost theory on the xcom subreddit
21:54:23 <Phearlock> =)
21:54:25 <skram> is a shitpost in itself
21:54:34 <Phearlock> Ayy
21:54:45 <BioSC> lmao
21:55:20 <skram> i feel so betrayed
21:55:36 <carcinisation> betrayyyed
21:56:57 <BioSC> To understand the shitpost, you must become it.
21:57:23 <DoT|Phone> is that not wrist reddit is Skram
21:57:24 <Phearlock> Kill aliens, hug ponies, post shit
21:57:29 <Phearlock> The life
21:57:50 <skram> are you gonna stream all of xcome ferlok
21:57:57 <skram> because im not going to buy it but i wanna see what happens
21:57:58 <BioSC> Imma try to
21:58:01 <Phearlock> My stream has been being very weird
21:58:09 <skram> excellent
21:58:18 <Phearlock> But steam broadcast has worked ok so far so might just use that.
21:58:50 <Phearlock> I'm not decided on whether to go straight to Ironman Legendary at the start and see how long it takes me to complete the game like that xD
21:58:56 <BioSC> lol
21:58:57 <DoT|Phone> bio I wish to be an xcom person and die horribly to snek ppl
21:58:58 <Phearlock> Or to just play classic or something
21:59:06 <BioSC> of course dotties
21:59:36 <BioSC> I'm probably gonna do 1 difficulty up from easiest
21:59:40 <BioSC> then do replays
21:59:43 <BioSC> on harder
22:00:04 <BioSC> The devs has said the story is much more important than in EW/EU
22:01:08 <Phearlock> Yeah might do legendary + savescum
22:01:15 <Phearlock> Will see
22:01:25 <DoT|Phone> I normally like one you from normal difficulty in games
22:01:40 <DoT|Phone> up*
22:01:41 <Phearlock> Yeah I also usually play that
22:01:52 <Phearlock> But is like... 500 hours of long war
22:02:01 <Phearlock> I got dis (overconfidence is what I got)
22:02:17 <DoT|Phone> And you have lots of xcom experience
22:02:47 -!- BioPhone [~Bioandroi@166.175.60.91] has joined #tlponies
22:03:19 <DoT|Phone> bio
22:03:21 <DoT|Phone> hello
22:03:26 <BioPhone> "Remind yourself that overconfidence is a slow and insidious killer"
22:03:53 -!- BioClass [~Bio@108-72-10-1.lightspeed.stlsmo.sbcglobal.net] has joined #tlponies
22:04:07 <BioClass> internet pls behave
22:06:27 <BioClass> http://i.imgur.com/awGI1ND.png
22:10:27 <BioClass> http://i2.kym-cdn.com/entries/icons/facebook/000/014/178/alien.jpg
22:10:34 <BioClass> the most vintage of memes
22:14:17 <DoT|Phone> I think the hype got to bio. he might be broken
22:14:22 -!- Micen__ [~Micen@h173.244.17.98.dynamic.ip.windstream.net] has joined #tlponies
22:14:55 <DoT|Phone> micen
22:19:05 <DoT|Phone> .roll d20 to move
22:31:49 <DoT|Phone> pony
22:31:59 <CockRoach|42> .roll d20 to doodle
22:33:43 <carcinisation> g'night all
22:33:46 <DoT`> .roll d20 to art
22:34:23 <carcinisation> enjoy your arting dotties
22:34:45 <DoT`> gnight reif <3
22:41:57 <DoT`> http://dstears.tumblr.com/post/138365172241/s1e13-this-must-have-been-one-of-the-iron-pony
22:42:27 <Phearlock> 4 legs, nerf.
22:43:13 <DoT`> http://www.deviantart.com/art/Play-with-the-Sun-587850740
22:44:21 <Phearlock> Sunpon <3
22:46:54 -!- Runbunny [~Runbunny@62.61.130.232.generic-hostname.arrownet.dk] has joined #tlponies
22:51:42 -!- Zounds [~chatzilla@cpc11-cowc7-2-0-cust291.14-2.cable.virginm.net] has joined #tlponies
22:53:14 <DoT`> Runbunny why the pizza question>
22:53:40 <skram> DoT` why not
22:53:57 <DoT`> well he never gave me a reply about his
22:54:05 <DoT`> you cant just take and not give skram
22:54:07 <DoT`> its rude
22:54:12 <DoT`> even for a danish
22:54:27 <skram> Danes are below swedes in the rudeness scale though
22:55:14 <DoT`> but swedes are so silly you cant really blame them
22:55:20 <skram> yes you can DoT`
22:55:25 <skram> very easily in fact
22:57:29 <Runbunny> Dot I was ordering pizza.
22:58:07 <CockRoach|42> were you going to order dot a pizza too?
22:58:17 -!- BioPhone [~Bioandroi@166.175.60.91] has joined #tlponies
22:58:23 <Runbunny> I needed to be inspired.
22:58:24 <BioPhone> Horses
22:58:36 <Runbunny> I don't have Dot's adress so I can't order him anything.
22:58:37 <CockRoach|42> horse meat pizza!
22:58:50 <CockRoach|42> "dot pone, UK" is enough
22:59:47 <DoT`> they know me
22:59:53 <DoT`> what pizza you get angel?
23:00:12 <Runbunny> I got one with chicken and bacon. 
23:06:09 -!- Phearlock [~Phearlock@cm-84.211.141.30.getinternet.no] has joined #tlponies
23:06:09 -!- mode/#tlponies [+v Phearlock] by Q
23:12:30 -!- Biopone [~Bioandroi@108-72-10-1.lightspeed.stlsmo.sbcglobal.net] has joined #tlponies
23:12:52 <DoT`> Bio Bio
23:17:59 -!- Camail [~Camail@38.69.8.163] has joined #tlponies
23:17:59 -!- mode/#tlponies [+v Camail] by Q
23:18:11 <DoT`> camamail
23:26:10 -!- Rawr|Fone [~Rawr@81-233-7-47-no34.tbcn.telia.com] has joined #tlponies
23:26:10 -!- FlutterAi [~FlutterAi@adsl-98-93-49-40.owb.bellsouth.net] has joined #tlponies
23:26:10 -!- Phearlock [~Phearlock@cm-84.211.141.30.getinternet.no] has joined #tlponies
23:26:10 -!- Rarity [~hikari@Heartmender.users.quakenet.org] has joined #tlponies
23:26:10 -!- mode/#tlponies [+vv Rarity Phearlock] by *.quakenet.org
23:26:53 <Phearlock> Ah back
23:26:55 <Phearlock> Hurray
23:27:14 <DoT`> \o/
23:27:17 <Rawr|Fone> Things were just starting to get interesting though :(
23:27:25 <Phearlock> Yeah
23:32:40 -!- Twi [~Twi@cyka.yolo-swag.com] has joined #tlponies
23:32:48 -!- Twi [~Twi@Twi.users.quakenet.org] has joined #tlponies
23:32:54 <Biopone> ALL STAR CAPTAIN JOHN SCOTT SCOOOOORRRRREEEES
23:34:22 <Twi> i ded
23:35:25 -!- Crisium [webchat@dhcp-pa-67-20-244-212.consolidated.net] has joined #tlponies
23:35:30 <DoT`> tis a shame
23:35:35 <DoT`> Hey crisium
23:35:38 <Crisium> hi
23:42:31 <DoT`> hows you?
23:43:27 <Crisium> goods
23:43:30 <Crisium> playing beta fighter v
23:43:44 <DoT`> winning?
23:43:52 <Crisium> 0-1 so far
23:43:54 <Crisium> but was close
23:44:23 <Biopone> ALL STAR CAPTAIN JOHN SCOTT FIGHTS KANE IM DED
23:45:37 <Crisium> 0-2 lol
23:45:43 <DoT`> lol
23:45:45 <Crisium> i guess everthing Bison does is + on block
23:46:05 <Crisium> hard to know what to do without frame data or experience :O
23:47:54 <Crisium> oh my first dhalsim fight now
23:47:56 <Crisium> glgl
23:49:42 <Crisium> and i lost
23:49:43 <Crisium> lol
23:49:46 <Crisium> no experience hurts
23:49:53 <Crisium> all these guys on tonight ranked waaay high
23:50:07 <Crisium> everyone knows frame traps already
23:50:51 <DoT`> :/
23:52:37 <Runbunny> Crisium how is the lag for you?
23:52:51 <Runbunny> I keep getting people form the US that teleport all over the place.
23:53:12 <Crisium> set your limit to 5 only
23:53:22 <Crisium> also this fucking sucks now
23:53:31 <Crisium> all the bad ppl that i played yesterday are gone
23:53:37 <Crisium> 0-4
23:53:40 <Runbunny> The US needs to step up it's internet game.
23:53:40 <DoT`> now ypou are the bad ppl D:
23:53:45 <Crisium> i had 15 game winstreak yesterday ffs
23:53:49 <Runbunny> lel
23:54:04 -!- Camail [~Camail@38.69.8.163] has joined #tlponies
23:54:04 -!- mode/#tlponies [+v Camail] by Q
23:54:12 <Crisium> lag free outside your continent is not possible
23:54:36 <Crisium> even if you can ping accross the atlantic at less than 200ms thats still 10+ frames
23:54:55 <Camail> time to make wormholes
23:54:55 <Runbunny> no no but compared to playing vs camail and stuff this is completely broken.
23:55:16 <Camail> well sf4 has a different netcode
23:55:19 <Runbunny> since it doesn't slow down just teleporting all over the screen.
23:55:19 <Camail> fundamentally
23:55:49 <Camail> can you get any EU matches?
23:55:53 <Runbunny> I got 1.
23:56:05 <Runbunny> some bloke from germany.
23:56:19 <Camail> guess eu just ass at fgc
23:56:59 <Crisium> finally won
23:57:06 <Crisium> all the bad players have rage quit i guess lol
23:57:25 <Crisium> 80% winrate is now 20%
23:58:32 <Crisium> sfv lag when you have a good connection is better than 4 but worse when you have a bad con
