00:19:42 <Camail_> nah
00:24:41 <Dot_> then i shall sleep
00:39:47 <Dot_> .roll d20 to bap camail
00:39:59 <Camail> nu
00:40:14 <Dot_> its done
00:46:19 <Bio> asdf
00:52:13 <Micen|Droid> http://www.polygon.com/2016/10/19/13331436/dungeons-and-dragons-easter-egg-books
00:52:33 <Micen|Droid> Good advice all around. 
00:58:01 <Dot_> lol
00:58:06 <Dot_> now sleeep
01:28:29 -!- Micen [~micen@h202.33.18.98.dynamic.ip.windstream.net] has joined #tlponies
01:28:53 <Micen> have a pony.
01:28:53 <Micen> http://is.4chan.org/mlp/1476926521365.png
01:29:34 <Phearlock> pony cuddles
01:29:35 <Phearlock> <3
01:30:05 <Micen> have a whole thread
01:30:06 <Micen> http://boards.4chan.org/mlp/thread/28695180/i-got-a-shitty-grade-on-a-really-important-exam
01:30:13 <Bio> horse
02:10:38 -!- Micen|Droid_ [~AndChat20@66-87-18-109.pools.spcsdns.net] has joined #tlponies
02:17:07 -!- Golly [~Golly@1.92-221-121.customer.lyse.net] has joined #tlponies
02:20:08 -!- Wikt [~Wikt@213.108.153.51] has joined #tlponies
02:20:08 -!- mode/#tlponies [+o Wikt] by Q
02:29:53 -!- skram [~skram@ip-217-146-106-77.eidsiva.net] has joined #tlponies
02:29:53 -!- mode/#tlponies [+v skram] by Q
02:52:13 -!- Micen|Droid [~AndChat20@h202.33.18.98.dynamic.ip.windstream.net] has joined #tlponies
02:57:05 <Camail> ok back to pretending the election isn't happening
03:02:43 -!- Rarity [znc@Heartmender.users.quakenet.org] has joined #tlponies
03:12:21 -!- Twi [znc@Twi.users.quakenet.org] has joined #tlponies
03:26:17 <motbob> top 4 stories on reddit:
03:26:27 <motbob> - something scary Trump said at the debate
03:26:46 <motbob> - a criticism of Clinton by Jill Stein
03:27:06 <motbob> - a criticism of Trump saying no one respects women more than he does
03:27:15 <motbob> - Nintendo NX announcement!!!
03:53:11 <Camail> i just found a fun new hobby, looking at the comments on politifact tweets
03:53:15 <Camail> its amazing
05:14:14 -!- motbob [~motbob@x-128-101-215-169.reshalls.umn.edu] has joined #tlponies
05:27:20 -!- Micen|Droid_ [~AndChat20@h8.43.18.98.dynamic.ip.windstream.net] has joined #tlponies
05:31:28 -!- DoT|Phone [~Dot@90.207.46.233] has joined #tlponies
07:07:52 -!- Dot` [~Dott@90.207.46.233] has joined #tlponies
07:08:01 <Dot`> Morning all <3
07:08:38 <skram> goooood morning mr dot
07:08:40 <skram> how is u
07:09:05 <Dot`> sleepy
07:09:07 <Dot`> upi?
07:09:42 <skram> prrrretty good
07:10:48 -!- Dot_ [~Dott@90.207.46.233] has joined #tlponies
07:16:22 <Dot_> Rawr rawr rawr
07:16:55 <Dot_> how long you sleep for skram?
07:21:03 <CockRoach|42> morning dot
07:21:09 <CockRoach|42> you're up early
07:21:23 <Dot_> have to get a tran to london today :/
07:21:29 <CockRoach|42> :o
07:21:41 <CockRoach|42> dont get lots pls
07:21:45 <CockRoach|42> or lost
07:21:57 <Dot_> i hope not too D:
07:22:07 <Dot_> i will wear a hat with a flag sticking out of it
07:22:22 <CockRoach|42> good hors
07:54:51 <Dot_> pon pon
07:54:52 <Dot_> hows the sleep going cr?
07:56:06 <CockRoach|42> i'm bad at sleep
07:56:23 <Dot_> its a tricky thing
07:56:34 <CockRoach|42> indeed :(
07:56:37 <Dot_> rawr seems to have garnerd the knack for it somehow
07:59:41 <DoT|Phone> pc off
08:10:14 -!- Runbunny [~Runbunny@62.61.130.232.generic-hostname.arrownet.dk] has joined #tlponies
08:11:01 -!- Golly [~Golly@1.92-221-121.customer.lyse.net] has joined #tlponies
08:15:20 <Runbunny> Yo.
08:19:34 <Golly> hei
08:19:39 <Micen|Droid_> Hello
08:21:51 <Rawr|Phone> Anders.
08:21:53 -!- DoT|Phone [~Dot@85.255.233.194] has joined #tlponies
08:23:33 -!- DoT|Phone1 [~Dot@85.255.237.5] has joined #tlponies
08:28:05 <DoT|Phone1> Rawr Rawr Rawr
08:28:20 <Rawr|Phone> Dot Dot Dot
08:28:46 <DoT|Phone1> <3
08:28:50 <DoT|Phone1> your late
08:28:52 <Rawr|Phone> 💖💖💖
08:29:19 <Rawr|Phone> I don't have school today so I slept a little longer
08:35:15 <DoT|Phone1> but I was awake and you where not here
08:37:54 <Micen|Droid_> Well from my perspective Rawr was here and you weren't.
08:38:11 <Rawr|Phone> True micen
08:38:48 <Micen|Droid_> I got your back rawr. Its Dot who is late. 
08:39:23 <Rawr|Phone> !
08:42:45 <DoT|Phone1> .is that lies and slander
08:42:58 <DoT|Phone1> swoots please
09:09:30 -!- tredc [webchat@90-230-30-217-no56.tbcn.telia.com] has joined #tlponies
09:09:40 -!- DoT|Phone [~Dot@148.252.128.113] has joined #tlponies
09:11:16 <DoT|Phone> Skram
09:11:46 <tredc> hi DoT`
09:12:02 <skram> Bjørn?
09:12:52 -!- Westy543 [~Westy543@c-73-189-129-4.hsd1.ca.comcast.net] has joined #tlponies
09:12:56 -!- mode/#tlponies [+v Westy543] by Q
09:15:09 <DoT|Phone> hey tredc
09:15:28 <DoT|Phone> there you are Skram.
09:15:39 <skram> i have never not been here
09:16:09 <skram> why are you going to london dot
09:16:18 <skram> are you going to oxford street
09:17:19 <DoT|Phone> I am going to write am exam of the electrical engineering type
09:17:29 <DoT|Phone> tomorrow
09:17:29 <skram> ooooh
09:17:47 <skram> are you going to stay in london until tomorrow
09:18:06 <DoT|Phone> staying with a friend in Wimbledon
09:18:23 <DoT|Phone> till Monday
09:18:33 <skram> cool
09:18:46 <skram> what subject is your exam
09:19:41 <DoT|Phone> power electronics
09:20:05 <skram> easy
09:20:18 <DoT|Phone> if you say so :/
09:20:45 <skram> i dont think you will have any difficulty with this assignment mr dot
09:21:09 <DoT|Phone> depends on the questions
09:22:24 <skram> #believe
09:23:08 <DoT|Phone> hope
09:26:20 -!- Micen|Droid [~AndChat20@h8.43.18.98.dynamic.ip.windstream.net] has joined #tlponies
09:26:24 <Micen|Droid> http://latecustomer.deviantart.com/art/Fluttershy-in-Oversized-Sweater-641096204
09:27:44 <Runbunny> Jonas.
09:27:46 <Runbunny> Henrik.
09:27:49 <Runbunny> Bjørn.
09:28:06 <Rawr|Phone> Snela Anders
09:34:29 <CockRoach|42> latecustomer was working on a pinkie pie pic this morning
09:34:34 <CockRoach|42> spoiler
09:36:57 <DoT|Phone> ahhh spoiler
09:37:03 <DoT|Phone> hey runbun
09:37:27 <Runbunny> Dot.
09:39:12 <DoT|Phone> yes
09:41:02 <Runbunny> How are you Dot ?!?
09:41:13 <DoT|Phone> I'm tired
09:41:19 <DoT|Phone> you?
09:45:35 -!- Phearlock [~Phearlock@cm-84.211.141.30.getinternet.no] has joined #tlponies
09:45:35 -!- mode/#tlponies [+v Phearlock] by Q
09:45:57 <DoT|Phone> Phear pon
09:48:06 <Phearlock> hiii
09:48:51 <CockRoach|42> hei Phearlock
09:53:44 <Runbunny> Hai Phearlock
10:11:15 <DoT|Phone> Rawr Rawr
10:11:33 <Rawr|Phone> Dot Dot
10:11:52 <DoT|Phone> <3
10:12:01 <DoT|Phone> you ping pong today?
10:12:14 <Rawr|Phone> <3
10:12:15 <Rawr|Phone> Yes
10:12:19 <Rawr|Phone> At 17.30
10:13:18 <DoT|Phone> that about the rest of the day. wasted time. could have pong ponged
10:17:53 <Runbunny> I am eating lunch Dot.
10:19:47 <DoT|Phone> so early
10:20:19 <DoT|Phone> angel has lost all control of his life
10:22:17 <DoT|Phone> first train I have to catch arrives in ten minutes
10:22:24 <DoT|Phone> panic
10:24:18 -!- Micen [~micen@h8.43.18.98.dynamic.ip.windstream.net] has joined #tlponies
10:24:24 <DoT|Phone> hi Micen
10:24:27 <DoT|Phone> your late
10:24:43 <Runbunny> O:
10:24:50 <Runbunny> It's noon in Denmark.
10:25:44 <DoT|Phone> excuses
10:26:16 -!- Micen|Droid_ [~AndChat20@66-87-18-58.pools.spcsdns.net] has joined #tlponies
10:30:09 <DoT|Phone> I'm on a train!
10:32:09 <DoT|Phone> Rawr. Thoot Thoot
10:32:29 <Rawr|Phone> How exciting
10:35:40 <DoT|Phone> train isn't going to Sweden :(
10:38:03 -!- DoT|Phone1 [~Dot@148.252.128.113] has joined #tlponies
10:39:01 <DoT|Phone1> there was a tunnel
10:41:29 -!- DoT|Phone [~Dot@85.255.233.196] has joined #tlponies
10:41:43 <DoT|Phone> tunnel tunnel
10:42:15 <CockRoach|42> tunnel pls
10:44:39 <DoT|Phone> tunnels eat internets to survive
10:54:48 -!- motbob_ [~motbob@x-128-101-215-169.reshalls.umn.edu] has joined #tlponies
10:54:59 -!- Emi_ [~HoMM@ipbcc095b5.dynamic.kabel-deutschland.de] has joined #tlponies
11:00:46 <Micen|Droid_> http://redapropos.deviantart.com/art/Woona-Takes-Issue-374891004
11:06:11 -!- Em [~HoMM@ipbcc100ec.dynamic.kabel-deutschland.de] has joined #tlponies
11:07:29 -!- DoT|Phone1 [~Dot@85.255.233.196] has joined #tlponies
11:08:44 <DoT|Phone1> there are young ppl on this train. noisy things
11:09:35 -!- Micen|Droid [~AndChat20@h8.43.18.98.dynamic.ip.windstream.net] has joined #tlponies
11:11:45 -!- DoT|Phone [~Dot@85.255.236.236] has joined #tlponies
11:12:28 <DoT|Phone> four minutes till I have to change train
11:13:00 <CockRoach|42> gogogogogogogogogo!
11:16:45 <DoT|Phone> so apparently it's the next train on the station the train I got off arrived at
11:16:56 <DoT|Phone> so no where to run too. yay
11:18:18 <Phearlock> yay
11:18:20 -!- Emi_ [~HoMM@ipbcc095b5.dynamic.kabel-deutschland.de] has joined #tlponies
11:19:34 -!- DoT|Phone1 [~Dot@185.69.145.180] has joined #tlponies
11:20:10 -!- DoT|Phone2 [~Dot@185.69.144.185] has joined #tlponies
11:21:56 -!- DoT|Phone3 [~Dot@85.255.235.130] has joined #tlponies
11:22:26 <DoT|Phone3> train is got. always a stupid backwards seat. even when I said forward
11:24:45 -!- Emi [~HoMM@ipbcc100ec.dynamic.kabel-deutschland.de] has joined #tlponies
11:33:26 -!- DoT|Phone [~Dot@85.255.235.135] has joined #tlponies
11:33:52 -!- BioSleep [~Bio@108-72-8-181.lightspeed.stlsmo.sbcglobal.net] has joined #tlponies
11:36:18 -!- DoT|Phone1 [~Dot@185.69.145.169] has joined #tlponies
11:40:09 -!- DoT|Phone [~Dot@185.69.145.169] has joined #tlponies
11:41:41 -!- DoT|Phone1 [~Dot@85.255.235.130] has joined #tlponies
11:44:05 -!- DoT|Phone2 [~Dot@148.252.128.135] has joined #tlponies
11:44:12 <DoT|Phone2> pon pon
11:47:35 <Phearlock> At least the backwards seats are nice if the train has to brake really hard lol
11:49:12 -!- DoT|Phone [~Dot@85.255.235.130] has joined #tlponies
11:49:22 <DoT|Phone> always positive Phear
11:51:46 -!- DoT|Phone1 [~Dot@85.255.237.3] has joined #tlponies
11:53:07 -!- DoT|Phone3 [~Dot@85.255.235.130] has joined #tlponies
11:56:57 <DoT|Phone3> so pony Phear
11:57:54 <DoT|Phone3> and sorry for dc spam. should lessen as I get closer to London
11:58:04 -!- DoT|Phone [~Dot@85.255.235.130] has joined #tlponies
11:58:34 -!- DoT|Phone1 [~Dot@148.252.128.135] has joined #tlponies
12:06:34 -!- Bio [~Bio@108-72-8-181.lightspeed.stlsmo.sbcglobal.net] has joined #tlponies
12:07:52 <Phearlock> Eh it's not like anyone's talking atm dot
12:07:54 <Phearlock> no worries
12:08:10 <Phearlock> oh hes dc'd
12:14:00 <CockRoach|42> :)
12:19:12 <CockRoach|42> http://cosmicfunnies.tumblr.com/post/148328536948/better-late-than-never-this-weeks-finale-on
12:19:40 -!- DoT|Phone [~Dot@85.255.235.113] has joined #tlponies
12:19:49 <DoT|Phone> maybe now
12:26:00 <DoT|Phone> Rawr Rawr
12:26:49 <CockRoach|42> dot pls
12:28:35 -!- DoT|Phone1 [~Dot@85.255.235.25] has joined #tlponies
12:28:48 <DoT|Phone1> apparently not better
12:31:48 -!- DoT|Phone2 [~Dot@85.255.233.221] has joined #tlponies
12:50:21 -!- DoT|Phone [~Dot@85.255.237.17] has joined #tlponies
12:50:23 <DoT|Phone> almost on London
12:50:33 <DoT|Phone> in
12:52:31 <Runbunny> almost on an adventure!
12:53:45 <Bio> asdf
12:53:47 <Bio> hi
12:54:13 <Emi> o im also adventuring
12:54:21 <Emi> greetings to everypony from Munich
12:54:49 <Bio> a wonderful adventure
12:55:05 <DoT|Phone> bio !
12:55:14 <DoT|Phone> hey Emily
12:58:09 <Emi> hihi
13:09:16 <Bio> https://i.reddituploads.com/eea11b96332b4ba6825f8dc049f3181d?fit=max&h=1536&w=1536&s=3df34086a4dbb45c023f9969e503ecf6
13:33:38 -!- DoT|Phone [~Dot@185.69.145.151] has joined #tlponies
13:38:25 -!- tredc [webchat@90-230-30-217-no56.tbcn.telia.com] has joined #tlponies
13:42:19 <DoT|Phone> on the overground train now. done with underground
13:43:26 <DoT|Phone> Rawr Rawr Rawr
13:46:54 <DoT|Phone> I hope this is the correct train
13:48:31 <DoT|Phone> Yay it is
13:51:26 <Rawr|Phone> Dot Dot Dot
13:58:56 <DoT|Phone> raaaawr
13:59:38 <DoT|Phone> <3
14:06:38 <Rawr|Phone> <3
14:07:21 -!- DoT|Phone1 [~Dot@85.255.235.109] has joined #tlponies
14:20:27 <Phearlock> I got some julebrus
14:20:36 <Phearlock> Christmas coming early
14:24:31 -!- DoT|Phone [~Dot@85.255.235.109] has joined #tlponies
14:46:56 -!- Micen [~micen@h8.43.18.98.dynamic.ip.windstream.net] has joined #tlponies
15:05:40 <DoT|Phone> traveling done
15:06:00 <Micen> you in London forever?
15:09:26 <DoT|Phone> luckily not
15:09:54 <Bio> sfdaklj
15:10:11 <DoT|Phone> bio pls. stop dying
15:10:22 <Bio> always dying
15:11:16 -!- Rawr|Fone [~AndChat25@host-95-199-129-248.mobileonline.telia.com] has joined #tlponies
15:11:35 -!- Micen|Droid [~AndChat20@h8.43.18.98.dynamic.ip.windstream.net] has joined #tlponies
15:21:37 <DoT|Phone> pon pon
15:23:52 -!- DoT|Phone1 [~Dot@cpc78673-glfd7-2-0-cust29.6-2.cable.virginm.net] has joined #tlponies
15:24:49 <DoT|Phone1> Yay WiFi
15:29:07 <Bio> wifi is love
15:38:36 <DoT|Phone1> pony is life
15:49:45 -!- Rawr|Fone [~AndChat25@host-95-199-129-248.mobileonline.telia.com] has joined #tlponies
15:51:23 <DoT|Phone1> Rawr pong
16:25:29 <Bio> asdfasdf
16:36:26 <DoT|Phone1> what's up all
16:54:11 -!- Camail [~Camail@45.40.93.200] has joined #tlponies
16:54:11 -!- mode/#tlponies [+v Camail] by Q
16:55:39 <DoT|Phone1> cam
17:07:52 <DoT|Phone1> yes
17:07:53 -!- skram [~skram@ip-217-146-106-77.eidsiva.net] has joined #tlponies
17:07:53 -!- mode/#tlponies [+v skram] by Q
17:12:11 <Rawr|Fone> Dot
17:15:04 -!- Rawr|Phone [~AndChat25@84-217-62-32.customers.ownit.se] has joined #tlponies
17:15:13 <DoT|Phone1> Rawr
17:15:24 <skram> are you still on a train
17:16:10 <DoT|Phone1> no. finally off train
17:19:45 <Rawr|Phone> I am home
17:23:05 <DoT|Phone1> good
17:23:12 <DoT|Phone1> runbunny. http://i.imgur.com/E8kzn6e.jpg
17:35:01 <DoT|Phone1> Rawr. how ping pong go
17:37:08 <Camail> omg someone finally did the chun combo i love
17:37:10 <Camail> its been months
17:37:28 <Camail> of course its sako
17:39:04 -!- reification [~reificati@94.228.85.209] has joined #tlponies
17:39:35 <reification> hi tlp
17:40:24 <reification> day 1 puzzles started bad but got better
17:40:44 <reification> remaining rounds should be nicer to me
17:42:26 -!- reification_ [~reificati@94.228.85.209] has joined #tlponies
17:44:04 <DoT|Phone1> Reif!
17:44:16 <DoT|Phone1> did you win
17:44:19 <DoT|Phone1> please
17:44:26 <DoT|Phone1> for tlp
17:45:39 <reification> only had 4 rounds marked so far
17:46:24 <reification> round 1 was disastrous, other have been good
17:47:21 <reification> Neil was in 1st place early but has slipped back
17:48:13 <reification> how's you dotties?
17:49:45 <reification> oh I did find an unintended solution to a puzzle using only six cells which was funny
17:49:57 <Camail> bonus points?
17:50:28 <reification> I get the marks without having to do the full hard solve
17:50:53 <Camail> good enough
17:51:06 <Camail> hopefully they allow you to be in the room while they punish the puzzle maker
17:53:58 <reification> time to go watch the puzzle gp finals. laters all.
17:57:28 <DoT|Phone1> he gone
18:13:20 <Camail> blizzard has their own discord, basically
18:13:30 -!- Frigo [~Frigo@2E8B43E6.catv.pool.telekom.hu] has joined #tlponies
18:13:50 <Camail> the delay is probably smaller than discord
18:16:28 -!- tredc [webchat@90-230-30-217-no56.tbcn.telia.com] has joined #tlponies
18:18:23 <DoT|Phone1> oh?
18:24:45 -!- Golly [~Golly@1.92-221-121.customer.lyse.net] has joined #tlponies
18:25:43 <DoT|Phone1> hi tredc golly
18:25:54 <tredc> hi DoT`
18:25:58 <Golly> hei
18:37:49 <DoT|Phone1> Rawr Rawr
18:38:02 <DoT|Phone1> Skram hedge
18:42:18 <skram> bjØRN I AM NOT A HEDGE
18:42:55 <DoT|Phone1> please
18:43:51 <DoT|Phone1> I might sleep really tonight
18:44:08 <skram> whoah
18:44:30 <skram> uncharted territory
18:44:53 <DoT|Phone1> I'm really tired. I should be studying. but I already fell asleep once doing that earlier
18:46:04 <Bio> ASDF
18:46:06 <Bio> asdf
18:46:31 <skram> studying while tired isnt very useful so might as well go to bed DoT|Phone1!
18:46:33 <skram> wooooo!
18:46:39 * skram slaps Bio around a bit with a large trout
18:47:30 <DoT|Phone1> but my exam is early tomorrow
18:48:30 <skram> better to wake up rested you know
18:48:41 <skram> anything you read now probably isnt gonna stick anyways
18:48:47 <skram> at least thats how it works for me
18:57:27 <DoT|Phone1> bio bio
18:57:48 <Bio> dort
18:58:41 <DoT|Phone1> you better yet
19:04:13 <Bio> a little
19:04:24 <Bio> still coughing up stuff
19:04:26 <DoT|Phone1> you getting enough sleep?
19:04:35 <Bio> yeh
19:04:52 <Bio> stayed home again. I'm trying to keep up 
19:07:22 <DoT|Phone1> good
20:07:48 <DoT|Phone1> Rawr
20:11:20 <Rawr|Phone> Dot
20:14:21 <DoT|Phone1> How's you
20:15:33 <Rawr|Phone> Good good
20:15:40 <Rawr|Phone> Why haven't you gone to bed
20:16:38 <DoT|Phone1> soon
20:23:44 -!- Runbunny [~Runbunny@62.61.130.232.generic-hostname.arrownet.dk] has joined #tlponies
20:24:17 <Runbunny> Hai.
20:24:56 <DoT|Phone1> angel
20:25:00 <Runbunny> Dot.
20:25:06 <Runbunny> Cake was had.
20:25:53 <DoT|Phone1> Yay
20:25:59 <DoT|Phone1> you always have cake
20:38:14 <Runbunny> Well the group of people that I meet with from time to time from uni has been dubbed "the cake group"
20:38:43 <Rawr|Phone> Please anders
20:38:47 <Rawr|Phone> Skärpning
20:40:35 <DoT|Phone1> is this why you stalk them angel
20:51:37 <Runbunny> I don't stalk them O:
20:51:42 <Runbunny> I am a part of the group
20:51:46 <Runbunny> so I can eat cake..
20:52:00 <Runbunny> It's social engineering Dot.
20:52:36 <Camail> run
20:52:38 <Camail> you can do that
20:52:40 <Camail> at any time
20:52:44 <Camail> just get a cake
20:57:28 <DoT|Phone1> runbun. have you provided cake
21:01:39 <Runbunny> This cake was free though
21:01:48 <Runbunny> I have not provided cake.
21:01:59 <Runbunny> I provided dinner once.
21:21:20 <DoT|Phone1> did it involve cake
21:53:57 <Runbunny> nope. sorry :/
22:18:44 -!- Micen [~micen@h219.4.191.173.dynamic.ip.windstream.net] has joined #tlponies
22:49:59 <CockRoach|42> Phearlock: http://65.media.tumblr.com/9912d54c454dd0203b9558ce4e831646/tumblr_ofd05sSsaw1rk0a9yo1_1280.jpg
23:04:59 <Phearlock> Oh I remember this picture
23:05:01 <Phearlock> lovely <3
23:12:27 <motbob> i entered the dance floor holding a
23:12:39 <motbob> i got jiggy with it in only 0.5x A-presses
23:18:21 -!- BioSleep [~Bio@108-72-8-181.lightspeed.stlsmo.sbcglobal.net] has joined #tlponies
23:27:27 <Runbunny> DoT|Phone1, http://i.imgur.com/B8KHP93.png
