00:00:38 <DoT`> lol
00:01:08 <Bio>  dot
00:01:10 <Bio> <3
00:01:15 <DoT`> Bayu
00:01:18 <DoT`> hows you?
00:01:30 <carcinisation> bane drops <3
00:01:32 <Bio> less sleepy
00:01:37 <Bio> but still kinda slep
00:05:53 <DoT`> :/
00:08:09 <Runbunny> Would you look at the time!?!?!
00:08:29 <Bio> time to run, bunny.
00:16:32 <carcinisation> scarlett so cheesy
00:18:31 <carcinisation> fail building
00:24:48 <DuB`> Lightbulb-est banelings.
00:29:40 <DuB`> Serious scarlett comeback. :o
00:30:06 -!- carcinisation2 [~reificati@cpc76294-cosh16-2-0-cust297.6-1.cable.virginm.net] has joined #tlponies
00:35:09 <carcinisation2> g'night all
00:35:42 <DoT`> gnight reif <4
00:35:44 <DoT`> <3
00:37:02 <DuB`> HUK V SCARLETT NEXT.
00:37:04 <DuB`> REIF??
00:37:06 <DuB`> :P
00:42:58 -!- Golly [~Golly@1.92-221-121.customer.lyse.net] has joined #tlponies
00:43:46 <DoT`> yay
00:47:19 <Camail> Firewatch is a Good Game.
00:52:07 <DuB`> HUKHUKHUKHUK
00:52:25 <DoT`> i hear so cam
00:52:30 <DoT`> just too short apaprently
00:54:41 <DoT`> gg
00:59:00 <Rawr|Phone> 🐴🐴🐴
01:00:36 <CockRoach|42> Camail: i think swootie pinged out
01:00:57 <CockRoach|42> yeah pinged out
01:02:15 <DuB`> HUUUK
01:03:26 <DoT`> gg
01:08:58 <Rawr|Phone> No
01:09:04 <DoT`> raw 
01:09:06 <DoT`> rawr
01:09:18 <Rawr|Phone> Dot
01:10:02 <DoT`> <3
01:13:16 <DoT`> huk ded
01:16:37 <Rawr|Phone> <3
01:21:36 <Yolteotl> huk is bad
01:22:09 <DuB`> Hey.
01:22:10 <DuB`> Hey.
01:32:19 <Bio> is for horses
01:32:54 <DuB`> Bio is for horses!
01:40:10 <Bio> I am known to be pro-horse
01:40:49 -!- DoT|Phone [~Dot@0546eeee.skybroadband.com] has joined #tlponies
01:44:35 <DuB`> Dizruptooooorz.
01:47:47 <DoT|Phone> boom
01:48:46 <DoT|Phone> Oh feardragon
01:49:59 <DoT|Phone> gg
01:54:30 <CockRoach|42> no stardragon?
01:56:38 <DuB`> Feardragon is protoss, right?
02:00:36 <DuB`> Huh.
02:00:39 <DuB`> I forgot pizza.
02:00:43 <DuB`> Had burritos.
02:02:02 -!- Mag_ [~Mag@107.92-221-99.customer.lyse.net] has joined #tlponies
02:02:20 -!- DoT|Phone [~Dot@0546eeee.skybroadband.com] has joined #tlponies
02:02:55 <DoT|Phone> the splits
02:03:33 <DoT|Phone> ded
02:04:45 <DuB`> Disruptors just aren't really working.
02:04:55 <DuB`> Not at this level, against a terran like polt.
02:04:58 <DuB`> No way.
02:05:11 <DoT|Phone> puuuck
02:05:27 <DuB`> !!!
02:06:49 <DoT|Phone> poor prism
02:08:32 <DoT|Phone> this is sad
02:09:17 <DoT|Phone> gg
02:11:13 <DoT|Phone> I sleep. gnight all
02:11:18 <DoT|Phone> <3
02:13:51 <CockRoach|42> night dots
02:16:21 <DuB`> Nuuuuu.
02:16:22 <DuB`> Dot!
02:16:23 <DuB`> <3
02:38:33 <DuB`> HUKHUKHUK
02:38:46 <CockRoach|42> DUB DUB DUB!
02:38:54 <DuB`> D:
02:39:17 <CockRoach|42> :o
02:39:30 <CockRoach|42> .roll d20 to boop DuB`
02:39:41 <CockRoach|42> .roll d20 to crit confirm
02:45:28 <Rawr|Phone> Nope
02:45:41 <Rawr|Phone> Varför är du vaken cr
02:49:31 <CockRoach|42> protessional strems
02:51:01 <Rawr|Phone> Ok
02:51:20 <Rawr|Phone> Seems good
02:52:23 <CockRoach|42> varför sover inte pöjk?!
03:04:47 <DuB`> Wot.
03:04:48 <DuB`> Wut.
03:04:49 <DuB`> Wat.
03:05:00 <Bio> vat
03:05:03 <CockRoach|42> shhh
03:11:47 <DuB`> HUKBOI.
03:12:01 <CockRoach|42> .roll d20 to boop Rawr|Phone
03:12:39 <Rawr|Phone> .roll d20 to klappa cr
03:12:49 <Rawr|Phone> Du är helt okej cr
03:12:54 <Rawr|Phone> Snel hest
03:13:01 <CockRoach|42> <3
03:13:10 <DuB`> WAKARANEEE.
03:13:48 <Rawr|Phone> <3
03:13:53 <Rawr|Phone> Dub snela
03:14:51 <DuB`> Maji rawr.
03:15:52 <Rawr|Phone> Du kanske skulle lärt dig svenska
03:16:14 <DuB`> RAWR.
03:16:37 <CockRoach|42> rawr|besthest2016
03:20:13 <Rawr|Phone> Dub allvarligt
03:20:16 <Rawr|Phone> Skärp dig
03:20:20 <DuB`> :T
03:20:22 <Rawr|Phone> Cr du är best hest
03:21:57 <Rawr|Phone> Hey dub
03:22:03 <DuB`> Hey.
03:22:04 <DuB`> >:T
03:22:25 <Rawr|Phone> If you learned swedish, you would be able to understand norwegian and danish too
03:22:34 <Rawr|Phone> It's a three-in-one
03:23:22 <DuB`> Uh huh.
03:23:26 <DuB`> Teach me.
03:23:44 <Rawr|Phone> Snela is the most important word
03:23:55 <Rawr|Phone> It's actually spelled snälla and meand please
03:24:46 <DuB`> Ok.
03:25:25 <Bio> but no one really knows how to do those sideways colons in letters though
03:26:57 <DuB`> Sna:lla
03:26:59 <DuB`> Close enough.
03:27:04 <DuB`> It fell off a little, is all.
03:27:16 <Rawr|Phone> You are a good student dub
03:27:32 <Camail> Sn.a.lla
03:27:34 <DuB`> I'll have to pick up some glue for my : and a tomorrow.
03:27:47 <DuB`> Cam needs some glue to stick his . together first of all.
03:28:01 <Camail> no
03:28:03 <Camail> mine are just tired
03:28:19 -!- Saurabhinator [webchat@58.174.177.17] has joined #tlponies
03:29:18 <CockRoach|42> well, gothenburg uses the same strat as DuB`... with their go:teborg
03:43:59 -!- Rawr|Fone [~Rawr@81-233-7-47-no34.tbcn.telia.com] has joined #tlponies
03:44:10 <Rawr|Fone> I am home!
03:44:50 <Saurabhinator> i am also home
03:45:16 <Rawr|Fone> How nice
03:45:16 <CockRoach|42> about time rawr, saura!
03:47:13 <Rawr|Fone> !
03:49:27 <Rawr|Fone> 🐴🐴🐴
04:01:03 <Saurabhinator> https://youtu.be/-byMpdue7aA
04:01:19 <Rawr|Fone> Pon pon pon
04:06:11 -!- Wikt_ [~Wikt@213.108.153.51] has joined #tlponies
04:06:12 -!- mode/#tlponies [+o Wikt_] by Q
04:08:35 <Bio> eyyy yo Wikt_
04:08:39 <Bio> you still wowing
04:09:25 <Wikt_> yes
04:09:27 <Wikt_> why
04:09:41 <Bio> just curious. We're 10/12
04:09:49 <Wikt_> 13
04:09:50 <Bio> stuck on xhul tonight hough
04:09:51 <Bio> yeh
04:09:53 <Wikt_> no
04:10:22 <Wikt_> ym
04:10:23 <Bio> manno and arch left
04:10:23 <Wikt_> um*
04:10:29 <Bio> ~~~
04:10:29 <Wikt_> for xhul'horac
04:10:55 <Wikt_> it'd be great if your guild got their hands on a bunch of mage rogue DK
04:11:08 <Wikt_> but u can kinda make do
04:11:13 <Wikt_> if your team has sick DPS 
04:11:20 <Wikt_> oh you're talking mythic btw right
04:11:25 <Bio> i'm mage and we have another
04:11:26 <Bio> yeh
04:11:28 <Wikt_> ok
04:11:31 <Bio> 2 rougals, only 1 dk
04:11:37 <Bio> the other was mis
04:11:47 <Wikt_> we've recently developed a strat that's kinda cheesy
04:11:53 <Wikt_> we all get into melee
04:12:03 <Wikt_> once the green add spawns, the fel chain people go out
04:12:09 <Wikt_> everyone else including some non soaking ranged stays
04:12:22 <Wikt_> and you heroism, ring, destroy the green add
04:12:33 <Wikt_> from there on just do the fight and sac people on black holes 
04:12:40 <Wikt_> melee handle imps if the one DK's pull is on cooldown
04:12:44 <Bio> DANGEROUSLY CHEEZY
04:13:42 <Bio> Yeah, we just had a bad week
04:13:49 <Bio> we've killed it before
04:14:22 <Bio> also obligatory *Bloodlust
04:15:22 -!- Wikt [~Wikt@213.108.153.51] has joined #tlponies
04:15:22 -!- mode/#tlponies [+o Wikt] by Q
04:15:33 <Wikt> isp always reboots their shit at 5am on saturday
04:15:36 <Wikt> anyway
04:15:46 <Bio> <@Wikt_> melee handle imps if the one DK's pull is on cooldown
04:15:46 <Bio> <Bio> DANGEROUSLY CHEEZY
04:15:46 <Bio> <Bio> Yeah, we just had a bad week
04:15:46 <Bio> <Bio> we've killed it before
04:15:46 <Bio> <Bio> also obligatory *Bloodlust
04:15:47 <Wikt> just make sure that 1) people actually do stand where they're supposed to
04:15:55 <Wikt> time warp 
04:15:58 <Wikt> ancient hysteria
04:16:12 <Bio> Drums bro!
04:16:13 <Wikt> 2) people actually kill the adds, especially voidfiends
04:16:25 <Wikt> 3) people dont fucking stand in void step this is really important
04:16:36 <Wikt> we've wiped basically almost every time someone tanked that
04:16:42 <Wikt> it's really hard to recover
04:16:50 <Bio> we had a bunch of problems with our tanks having swapping/aggro issues
04:16:51 <Wikt> and have fun figuring out mannoroth
04:16:53 <Wikt> he's hard
04:16:59 <Wikt> mannoroth is all about
04:17:01 <Bio> and melee failing ints
04:17:08 <Wikt> doing the same thing over and over consistently with no mistakes
04:17:34 <Wikt> with every phase you change positioning a bit but the basic things you do stay the same
04:17:48 <Wikt> and don't panic with wrath of gul'dan
04:18:00 <Wikt> that shit does nothing on its own as long as people don't clip each other when they both have it
04:18:14 <Wikt> you just gotta get your hunters and other cooldown spammers to take it off
04:18:16 <Wikt> paladins
04:18:33 <Wikt> we haven't gotten p3 down yet
04:18:39 <Wikt> anyway im off to bed
04:18:40 <Wikt> good luck
04:18:49 <Bio> glgl
04:18:53 <Bio> thx
04:20:35 <DuB`> G'night wikt!
04:28:08 * Bio licks DuB`
04:42:12 <DuB`> Bayo I don even know what to do.
04:42:26 <DuB`> I finally have freetime, and...
04:42:36 <DuB`> I've just watched oberwaj all day.
04:44:50 <Bio> Only watch dab
04:44:53 <Bio> never plej
04:45:01 <Bio> I plej wow
04:45:06 <Bio> wiped on fire boss many time
04:45:10 <Bio> T_T
04:45:18 <DuB`> :T
04:45:21 <DuB`> Same one as before?
04:45:28 <DuB`> With green 'n purple fires.
04:45:29 <Bio> yeh
04:45:32 <DuB`> D:
04:45:33 <Bio> many fire
04:45:35 <Bio> much explosion
04:59:12 <DuB`> Well my fingertip tuna can cut is finally healing.
04:59:25 <DuB`> I can sort of poke things without dying a little bit.
05:16:52 <Camail> that'll teach you for eating tuna
05:22:13 <DuB`> So tasty.
05:38:56 <Camail> no
05:41:16 <DuB`> There, I just made some more.
05:41:17 <DuB`> MMMM.
05:44:42 <Camail> hope u die
05:45:14 -!- FlutterAi [~FlutterAi@adsl-98-93-50-12.owb.bellsouth.net] has joined #tlponies
05:48:15 <Saurabhinator> this guy
05:48:20 <Saurabhinator> is such a good fren
05:55:29 <Bio> FREEEEEEENS
06:02:31 <Camail> PING
06:02:31 <DuB`> I have learned to recognize the ways in which cam expresses his love.
06:02:38 <Camail> wow you freaked me out
06:05:00 <Camail> man i dunno why sweetie randomly pings out... this is so weird
06:20:27 <Camail> i should just make my own bot, this thing is needlessly complicated and riddled with bad enigmatic code
06:22:37 <Camail> it'd be nice to make OOP plugins instead of using their weird hooks
06:24:26 <Camail> http://www.twitch.tv/eg_jwong
06:45:40 -!- FlutterAi_ [~FlutterAi@adsl-98-93-50-12.owb.bellsouth.net] has joined #tlponies
06:45:41 -!- Micen__ [~Micen@h253.21.16.98.dynamic.ip.windstream.net] has joined #tlponies
07:20:11 -!- FlutterAi [~FlutterAi@adsl-98-93-50-12.owb.bellsouth.net] has joined #tlponies
08:07:11 -!- Golly [~Golly@1.92-221-121.customer.lyse.net] has joined #tlponies
08:26:48 <Camail> .tell crisium yo preload sf5 you hoooooooo
08:56:35 -!- tredc [webchat@90-224-53-116-no56.tbcn.telia.com] has joined #tlponies
10:07:42 -!- DoT` [~Dot@0546eeee.skybroadband.com] has joined #tlponies
10:07:47 <DoT`> Mornng ponies <3
10:14:01 <DoT`> .tell Dub` https://www.reddit.com/r/starcraft/comments/45j6lc/starcraft_just_hosted_mcanning/
10:45:46 <DoT`> skram
10:48:37 -!- Golly [~Golly@1.92-221-121.customer.lyse.net] has joined #tlponies
11:01:21 <DoT`> Yolteotl, 
11:33:21 <CockRoach|42> ponpon
11:34:13 -!- Emily [Emily@HoMM.users.quakenet.org] has joined #tlponies
11:41:06 <DoT`> cr, homm!
11:41:20 <Emily> heya pones!
11:44:22 <DoT`> yooolt
11:45:43 <DoT`> hows pons
11:49:44 <CockRoach|42> waking up
11:49:57 <skram> good morning bjørncrhomm
11:50:15 <skram> so gw2 is free now
11:50:19 <skram> its pretty good
11:50:57 <DoT`> i havnt played dw 2 in ages
11:51:00 <DoT`> it was a fun game
11:51:08 <DoT`> mesma best class
11:51:54 <DoT`> that game skram has the best thing ever, jumping puzzles!
12:07:04 <Yolteotl> you all so pon
12:07:07 <Yolteotl> dot?
12:07:50 <DoT`> yolt
12:09:09 -!- reification [~reificati@cpc76294-cosh16-2-0-cust297.6-1.cable.virginm.net] has joined #tlponies
12:09:09 -!- mode/#tlponies [+v reification] by Q
12:09:12 <DoT`> https://www.reddit.com/r/starcraft/comments/45jiuf/most_organized_base_ive_ever_seen/
12:09:13 <DoT`> hey reif
12:09:24 <reification> hey dotties
12:09:37 <reification> just hit a royal flush :O
12:09:44 <DoT`> woohoo
12:12:02 <reification> sadly only used one hole card so not eligible for http://www.fulltilt.com/blog/lucky-at-cards-unlucky-in-love/
12:26:50 <Yolteotl> starcraft needs more simcity dot
12:27:31 <DoT`> yes
12:32:26 -!- Rawr|Phone [~Rawr@81-233-7-47-no34.tbcn.telia.com] has joined #tlponies
12:34:25 <DoT`> rawr ra wrrawr
12:35:07 <reification> a rawr!
12:35:58 <DoT`> http://wiki.teamliquid.net/starcraft2/2016_WCS_Winter_Regional_Challengers/Europe
12:36:00 <DoT`> on later
12:36:14 <DoT`> jonas, skram
12:43:40 -!- Golly [~Golly@1.92-221-121.customer.lyse.net] has joined #tlponies
12:47:24 <Yolteotl> i'll play lot of starcraft this afternoon
12:47:43 <DoT`> will you win a lot?
12:47:55 <Yolteotl> at least 50%
12:59:11 <DoT`> http://www.twitch.tv/basetradetv
13:04:10 <DoT`> lol rifkin ded
13:11:13 -!- Frigo [~Frigo@catv-80-99-5-67.catv.broadband.hu] has joined #tlponies
13:12:48 -!- Yolteotl [webchat@253.73.126.78.rev.sfr.net] has joined #tlponies
13:34:30 <Yolteotl> time to stream
13:34:30 <Yolteotl> pones
13:34:31 <DoT`> yolt doesnt even say he has gone live
13:34:32 <Yolteotl> http://www.twitch.tv/yolteotl
13:34:34 <Yolteotl> ahah
13:34:37 <DoT`> well now he does
13:34:38 <DoT`> haha
13:34:43 <Yolteotl> snela <3
13:35:00 <DoT`> french person in the back!
13:35:10 <Yolteotl> my homemate:p
13:35:26 <DoT`> there are 2!
13:47:17 -!- ZK [ZK@modemcable021.52-59-74.mc.videotron.ca] has joined #tlponies
13:47:17 -!- mode/#tlponies [+v ZK] by Q
13:49:02 <Rawr|Phone> Beep beep
13:49:06 <Rawr|Phone> Hello
13:49:11 <Rawr|Phone> I'm here
13:49:37 <ZK> .roll d20 to boop Rawr|Phone
13:49:44 <DoT`> .roll d20 to boop zk
13:49:56 <ZK> .roll d20 to boop DoT`-afk
13:49:59 <Rawr|Phone> .roll d20 to tickle zk
13:50:02 <ZK> you just boop and go, that it?
13:52:40 <Rawr|Phone> He doesn't care zk
14:11:25 -!- Yolteotl [webchat@253.73.126.78.rev.sfr.net] has joined #tlponies
14:18:25 <DoT`> thats how it works zk
14:18:35 <DoT`> http://www.twitch.tv/basetradetv
14:20:32 <Rawr|Phone> Dot dot dot
14:21:35 <Yolteotl> i'm back dot
14:21:37 <Yolteotl> http://www.twitch.tv/yolteotl
14:25:27 <DoT`> raw rawr rawr
14:26:46 <Rawr|Phone> <3
14:27:22 <DoT`> <3
14:36:56 <Rawr|Phone> Are you working on making today great dot
14:37:22 <DoT`> tryingbut pc is saying no
14:37:57 <Rawr|Phone> No cs = no sadness
14:38:50 <DoT`> no cs = no skill
14:39:01 <DoT`> but its a more genral driver issue atm
14:40:15 -!- carcinisation [~reificati@cpc76294-cosh16-2-0-cust297.6-1.cable.virginm.net] has joined #tlponies
14:47:23 <Rawr|Phone> 😲
14:47:32 <Rawr|Phone> Reif!
14:48:33 -!- DoT` [~Dot@0546eeee.skybroadband.com] has joined #tlponies
14:54:05 <Cane> .tell Camail http://liquestria.net/wp-content/uploads/2015/03/mooncannon.png
14:54:22 <Cane> .tell Camail It's more beautiful than I remember.
14:55:06 <Yolteotl> I'm so bad today
14:55:06 <Yolteotl> :'(
14:55:11 <Cane> Aww. <3
14:55:35 <Yolteotl> dot help
14:56:18 <DoT`> more ghosts
14:56:30 <DoT`> nice cane :)
14:57:09 <Rawr|Phone> 🐴🐴🐴
14:57:14 <Cane> Camail made a Moon Cannon once upon a time.
14:59:51 <Cane> http://www.jpl.nasa.gov/visions-of-the-future/
14:59:54 <Cane> Holy crap that's good.
15:00:20 <DoT`> oh i saw these, pretty cool
15:05:22 <Cane> .tell Camail HELP, the town circle is back in and I can't stop myself. There are like THREE circles now.
15:09:46 <DoT`> audio drivers are the worst
15:10:09 <DoT`> gg yolt
15:10:35 <Yolteotl> finally
15:20:01 <Bio> pone
15:20:32 <ZK> hi bio
15:20:35 <ZK> you finish xcom?
15:20:48 <Bio> yis
15:21:01 <Bio> only rawr gave his life for the cause
15:21:10 <ZK> oh good
15:21:23 <Rawr|Phone> :(
15:21:36 <ZK> thank you rawr
15:23:09 -!- DoT` [~Dot@0546eeee.skybroadband.com] has joined #tlponies
15:26:59 <ZK> DoT`, you left?
15:28:14 <Cane> https://imgur.com/gallery/5VQp4
15:31:52 <carcinisation> aww sucked out on with runner runner straight D:
15:31:53 <DoT`> Sheldon <3
15:33:14 <DoT`> trying to fix my random stutter in cs go
15:33:29 <DoT`> lots of ppl said audio drivers, and that requires restarts
15:33:34 <DoT`> it hasnt helps
15:33:38 <DoT`> helped
15:33:51 <DoT`> http://1041uuu.tumblr.com/
15:34:46 <ZK> is sheldon a turtle :o
15:34:54 <DoT`> please read zk
15:35:18 <ZK> all it says is little sheldon
15:35:35 <carcinisation> zk snela
15:35:50 <DoT`> with each picture is more words
15:36:04 <ZK> ooohhh got there
15:36:16 <ZK> sheldon is a dinosaur that thinks its a turtle
15:36:27 <DoT`> he is very confused
15:37:01 <ZK> is like pone that thinks its zebra?
15:39:30 <carcinisation> pretty pixel art dotties
15:40:48 <Cane> He is a tiny dinosaur who thinks he is a turtle, yes.
15:58:50 <DoT`> http://www.twitch.tv/crank
15:59:03 <DoT`> crank playing hearthstone and sc2 at the same time
15:59:50 <carcinisation> double the passion
16:00:34 <ZK> haha, again?
16:00:36 <ZK> awesome
16:01:19 <carcinisation> twitch needs to support being tagged to multiple games at once :p
16:03:54 -!- Frigo [~Frigo@catv-80-99-5-67.catv.broadband.hu] has joined #tlponies
16:04:42 <DoT`> ah, yolt stream is offline, its not my internet
16:04:43 -!- Phearlock [~Phearlock@cm-84.211.141.30.getinternet.no] has joined #tlponies
16:04:43 -!- mode/#tlponies [+v Phearlock] by Q
16:04:48 <DoT`> phear pon <3
16:08:04 <DoT`> gg crank
16:08:38 <DoT`> aww, he lost the hearthstone
16:18:04 <DoT`> rawr rawr
16:18:06 <DoT`> its cold
16:19:52 <Rawr|Phone> Dot dot
16:20:01 <Rawr|Phone> I can warm you up
16:20:36 <ZK> send some malmo heat?
16:22:03 <Rawr|Phone> I was thinking we could cuddle
16:25:53 <DoT`> both options are acceptable
16:26:04 <DoT`> Ptitdrogo vs Marinelord
16:26:31 <ZK> hgmm dunno who im rooting for
16:26:47 <ZK> go marinelord i think
16:26:47 <DoT`> Drogo!
16:27:19 <carcinisation> showtime vs serral or wardi
16:34:39 <DoT`> i was silly and updated skype
16:34:48 <DoT`> its crashed already
16:35:49 -!- DuB` [DuB@66-219-213-203.dynamic.ip.veracitynetworks.com] has joined #tlponies
16:35:55 <DuB`> OHAYOU~
16:35:56 <DoT`> DAAAB`
16:36:00 <DoT`> http://www.twitch.tv/esl_sc2
16:36:02 <DuB`> DAAAT
16:36:05 <DuB`> STORCROFT
16:36:11 <DuB`> YEY.
16:36:15 <Bio> guten mornen horses
16:36:20 <ZK> hi dub
16:36:23 <DoT`> Bayu <3
16:36:27 <ZK> bio you already said hi :p
16:36:38 <Bio> but i nappd
16:36:47 <DuB`> Bio why are you so sleppy.
16:36:53 <DuB`> zzzpon
16:36:54 <Bio> 2much werk
16:36:57 <ZK> ponies sleep
16:36:59 <DuB`> Ah.
16:37:09 <DuB`> Otsukaresama~
16:37:13 <DuB`> Otsukarepon~
16:37:25 <Bio> ~~~
16:39:27 <DuB`> https://www.youtube.com/watch?v=qbWV-sK3eNk
16:39:45 <Rawr|Phone> Dub dub dub
16:39:49 <Rawr|Phone> Ur a pon
16:44:34 <DuB`> http://assets.amuniversal.com/c7dd2020abfa01333995005056a9545d
16:47:19 <ZK> oooooh theres bly vs snute
16:47:29 <ZK> i like snute, but zvz
16:47:33 <ZK> guess ill learn
16:48:52 <ZK> snute goin for a big early timing attack
16:49:51 <DoT`> haha dub
16:49:59 <ZK> well snute seesnute getting owned :(
16:51:06 <DoT`> http://madacon.deviantart.com/art/Celestia-something-590483234
16:51:31 <ZK> this exchange so weird
16:53:39 <ZK> muta vs muta
16:53:40 <ZK> interesting
16:55:28 <ZK> snute :(
16:58:50 -!- carcinisation [~reificati@cpc76294-cosh16-2-0-cust297.6-1.cable.virginm.net] has joined #tlponies
17:01:59 -!- Rawr|Fone [~Rawr@host-95-195-135-212.mobileonline.telia.com] has joined #tlponies
17:04:24 <DoT`> pon pon
17:05:03 <skram> I think fallout has changed my perception of history
17:05:36 <skram> Whenever I hear 50s music, it always reminds me of nuclear bombs and the wasteland
17:05:43 <DuB`> :D
17:05:57 <DuB`> Just started playing my brother's copy of f4, skram.
17:05:59 <DuB`> Goodtimes.
17:06:19 <skram> fo4 is fun
17:06:33 <skram> piper is a qtie
17:11:32 <carcinisation> tempest rush!
17:11:45 <DoT`> its a nice strat
17:13:04 <DoT`> the aggressive warpgate
17:13:17 <DuB`> Oracle+tempest on ulrena.
17:13:20 <DuB`> It's beautiful.
17:13:31 <DuB`> YOU CAN'T HIDE.
17:14:06 <DoT`> oh dear
17:14:28 <DuB`> ... vikings.
17:14:33 <DuB`> Hm.
17:15:07 <carcinisation> dedpests
17:16:57 <DoT`> viking mvp
17:17:31 <DoT`> bleh
17:25:20 -!- Phant_ [webchat@cpe-104-175-76-38.socal.res.rr.com] has joined #tlponies
17:25:28 <DoT`> hey phants
17:25:46 <Phant_> what's up DoT
17:27:10 <Rawr|Fone> Phantypants
17:29:53 <Cane> https://i.imgur.com/mXxs8eQ.gifv
17:29:57 <Cane> Oh hai Phant. <3
17:30:09 <Phant_> Cane!
17:30:27 <Phant_> We need to find a game we can play.
17:30:38 <Cane> I keep hearing that from people and I keep agreeing!
17:31:08 <Phant_> haha.
17:33:06 <DoT`> and we all keep waiting for overwatch
17:33:16 <DuB`> Yup yup.
17:35:13 <Rawr|Fone> Nop
17:35:24 <Phant_> I wish more people had 100% Orange Juice.
17:35:32 <Phant_> It is so dumb, but so fun.
17:38:31 <DoT`> there hasnt been any amazing new mp game in a awhile
17:41:37 <DoT`> we should all just revert to soldat, one true esport
17:43:23 <skram> no you should pratice cs
17:43:43 <DoT`> i have today
17:43:55 <DoT`> but also trying to fix the awefull odd stutter i have in it
17:44:12 <DoT`> the screen just freezes randomly for about a second
17:44:51 <Bio> dot pls
17:44:58 <DoT`> halp bio
17:45:14 <DoT`> i also need to get my rank back before cam assualts me
17:46:58 <Bio> rip dot
17:47:49 <skram> how hard is it to play 1 game dot
17:48:04 <DoT`> very
17:48:14 <DoT`> i also have to win it
17:50:13 <carcinisation> i lost a couple of very big pots with KK today and thought of you skram
17:50:40 <ZK> if you lose it, can you play another one and win that one?
17:51:31 <skram> KK never wins reif
17:52:10 <ZK> gogo mana!
17:52:19 <DoT`> what stream zk?
17:52:23 <ZK> pughy
17:52:39 <carcinisation> i was way ahead both times when the chips went in and they fluked into straights :/
17:53:28 <ZK> oh well
17:53:47 <ZK> you needed another k to win reif
17:54:23 <carcinisation> zk confirmed kkk supporter :p
17:54:41 <carcinisation> trips don't beat a straight
17:54:58 <ZK> tell that to the kkk
17:55:29 <DoT`> aww mana
17:55:31 <ZK> mana :o
17:59:35 <DoT`> .roll d20 to boop skram
18:05:25 <ZK> Mana!
18:05:31 <ZK> 22 scvs to 55 probes
18:05:55 <ZK> also double supply
18:06:42 <DoT`> nice micro
18:07:31 <DoT`> gg
18:08:04 <DuB`> DoT`
18:08:07 <DuB`> HEY dot.
18:08:07 <DuB`> http://imgur.com/gallery/XzY6z
18:08:24 <DoT`> ?
18:09:16 <DuB`> I forgot to get a pizza yesterday. :T
18:09:24 <DuB`> Should go get one today. With pineapple.
18:09:34 <DoT`> always get pizza
18:11:07 <ZK> we celebrating chinese new years tonight
18:11:13 <ZK> so lots of food, like pineapple chicken
18:11:16 <ZK> so for lunch we had poutine
18:11:33 <ZK> covering both canadian and chinese food culture!
18:13:57 <DuB`> I wonder if seagull's viewer numbers go down when people actually get to play? We'll be able to get our fix from the source...
18:18:56 <DoT`> lol
18:19:08 <Bio> come for the onlywatch gameplay
18:19:12 <Bio> stay for the dank memes
18:19:22 <DoT`> dub, did someone attack you about your pizza topping choices in life?
18:19:32 <DuB`> Everyone here does all the time!
18:19:57 * Bio slaps DuB` around a bit with a large trout
18:20:05 <Bio> stahp being wrong
18:20:12 <Rawr|Fone> ^
18:20:13 <DoT`> stop being a victim dub
18:20:35 <DuB`> >:T
18:24:39 <Bio> OhMyDog 狼が我が敵を喰らう OhMyDog OKAMI GA WAGA TEKI WO KURAU OhMyDog
18:24:48 <DuB`> OKAMI YO*
18:24:50 <DuB`> Jeez...
18:25:06 <DuB`> People are spreading incorrrect pasta again...
18:31:18 <CockRoach|42> http://imgur.com/gallery/mcWD1
18:31:19 <CockRoach|42> http://imgur.com/gallery/EQyUj
18:31:59 <DuB`> Loved those science questions.
18:32:49 <DuB`> MADA MADA
18:33:36 <DoT`> well  ifixed the stutter, i still suck at cs though
18:34:15 <CockRoach|42> pls become bestest, DoT`
18:34:23 <DoT`> i try
18:35:04 <skram> try harder
18:38:06 <DoT`> eh
18:39:12 <DuB`> I should probably NOT spend another entire day on streams.
18:39:18 <DuB`> ... But both mana and snute are playing!
18:39:25 <DuB`> +seagull...
18:39:45 <DoT`> you need 3 screens
18:52:32 <ZK> i need a third one yea
18:53:38 <ZK> 4th*
18:53:43 <ZK> i use one for tlp
18:54:15 <DuB`> I'm down to one now that I'm not using my laptop as main.
18:54:24 <DuB`> Only have the one for desktop.
18:54:50 <ZK> so get a second one!
18:54:52 <ZK> you have a job
18:55:21 <DuB`> I think rent and food come first.
18:55:23 <DuB`> Maybe.
19:00:00 <ZK> wrong again
19:02:35 <ZK> oh yay snute won
19:03:13 <ZK> cmon mana, beat that silly elazer
19:03:31 <DuB`> MaNa! Showtime!
19:03:35 <DuB`> Too much to watch.
19:05:48 <ZK> yay mnaa
19:05:58 <ZK> that archon is in normal hp vs broodlords
19:06:00 <ZK> wow
19:16:00 <ZK> cmon mana
19:16:02 <ZK> you can doit
19:16:11 -!- DoT|Phone [~Dot@0546eeee.skybroadband.com] has joined #tlponies
19:17:40 <ZK> cmon storm
19:17:41 <ZK> so close
19:18:13 <ZK> :(
19:18:26 <ZK> oh man, if he had only brought out the dts faster
19:23:04 <DoT|Phone> mana please
19:28:49 <DoT|Phone> mut muts
19:30:31 -!- Phearlock [~Phearlock@cm-84.211.141.30.getinternet.no] has joined #tlponies
19:30:31 -!- mode/#tlponies [+v Phearlock] by Q
19:31:30 <DuB`> RIP mana, RIP showtime. :T
19:32:01 <Phearlock> Hey pons =)
19:32:09 <DuB`> Hi pear!
19:33:55 <skram> good day mr. ferlok
19:34:40 <Phearlock> skram I got 800g of ready-to-eat lasagna for 50kr today.
19:34:56 <Phearlock> Probably cheapest thing I've seen in norway in ages.
19:35:01 <ZK> sigh
19:36:06 <Phearlock> http://41.media.tumblr.com/fed8b2e684b0addd566170698b355e54/tumblr_o2h0b98hrG1rtuf70o1_1280.png cutepons
19:36:12 <skram> wat
19:36:18 <skram> is it any good?
19:36:26 <Phearlock> Yeah it's great.
19:36:56 <skram> shoulda bought a bunch and had lasgna for a week
19:37:04 <DuB`> Pear this is verry ship.
19:37:12 <Phearlock> Dub it is my favorite ship.
19:37:21 <Phearlock> And also cutepons
19:37:48 <Phearlock> It's the one they usually sell for 150kr/kg, some reason selling it dirt cheap due to having too much of it and having to sell it before it goes bad.
19:37:51 <DoT|Phone> more cute ,less ship please
19:38:48 <Phearlock> Sure, get off the ship, it's a long swim back to land.
19:39:14 <skram> im the captain now
19:39:39 <DoT|Phone> onkel skram
19:39:40 <carcinisation> ?ohdear
19:39:45 <Phearlock> http://madacon.deviantart.com/art/Celestia-something-590483234
19:39:51 <Phearlock> http://koveliana.deviantart.com/art/Will-You-Be-My-Valentine-590483251
19:40:08 <Phearlock> http://jackiephantom13.deviantart.com/art/AppleDash-I-ve-Got-Ya-320420684
19:40:17 <Phearlock> Have random stuff I jacked off the mlp reddit frontpage
19:40:20 <Phearlock> cause I'm lazy
19:40:29 <Phearlock> (yay ponies!)
19:40:55 <Rawr|Fone> 🐴🐴🐴🐴🐴🐴
19:41:37 <DoT|Phone> ponies!
19:42:54 <DoT|Phone> Rawr
19:43:04 <Rawr|Fone> Dot
19:43:15 <DoT|Phone> why did my phone forget your name
19:43:36 <skram> is it because you are terrible
19:43:45 <Rawr|Fone> D:
19:43:46 <DuB`> Dot is not terrible!
19:43:49 <Phearlock> because rawr scared it
19:43:49 <DuB`> Dot is fantastic!
19:43:56 <DoT|Phone> phone is bad
19:44:52 <Rawr|Fone> 😢
19:45:27 <carcinisation> maybe the phone is alergic to emoji?
19:46:25 <Phearlock> Since I can't see any of rawrs emoji I always assume he's making faces.
19:46:26 <carcinisation> soon we will see if i can will 1 million free starscoin :)
19:46:30 <DoT|Phone> Reif I think you misspelled emoticons
19:46:41 <carcinisation> sometimes they are horses phear
19:47:02 <DoT|Phone> I just assume always horse
19:47:22 <Phearlock> Always horse sounds like a great idea.
19:47:23 <carcinisation> i can't see them as carcinisation, only reifiction
19:47:44 <skram> reifiction
19:47:46 <skram> heeehe
19:48:35 <carcinisation> i think i found a new alt name
19:49:43 <Bio> AARDVARK ARRDVARK
19:50:39 <carcinisation> is the second one a pirate?
19:50:45 <DoT|Phone> my phone seems to have forgotten all the words I added
19:50:51 <DoT|Phone> phones are bad
19:50:58 <Phearlock> phone bad, pony good
19:55:42 <carcinisation> https://youtu.be/SheSyzQp7_c?t=7m
20:01:14 -!- Yolteotl [webchat@253.73.126.78.rev.sfr.net] has joined #tlponies
20:01:28 <Yolteotl> dot!
20:01:56 <carcinisation> wb yolo
20:02:49 <ZK> hmm, so according to ladder numbers, there are 200k active sc2 players
20:05:16 <DoT|Phone> hi Yolt
20:13:33 <ZK> ?Zkstream
20:14:32 <DuB`> !!!
20:20:02 <skram> dot i am tired
20:20:55 <DoT|Phone> gg
20:21:05 <DoT|Phone> Jonas hedge
20:21:13 <DoT|Phone> you should pay cs
20:21:32 <skram> get your rank so we can duoqueueue
20:22:29 <carcinisation> i tried playing a timebomb tourney. it went nicely, i got 4.7x buyin
20:22:40 <DoT|Phone> Hahaha. I'm going to be far too low to queue with you pon
20:22:42 <skram> whats timebomb
20:23:32 <carcinisation> it runs for a set time, then money is split according to chip stack
20:24:02 <skram> that sounds pretty cool
20:24:16 <skram> how many seats and how long did it run for?
20:24:40 <carcinisation> i did a short one only 15mins, but there are longer
20:24:54 <skram> neat
20:25:18 <carcinisation> 906 entries, only 323 survived
20:26:14 <carcinisation> time to see my starcoin mission reward
20:26:42 <carcinisation> aww only 5 :(
20:27:12 <DoT|Phone> Zk why do you play worst trace
20:27:27 <carcinisation> i don't think i ever got anything other than very bottom tier reward, gotta be pretty unlucky by now
20:28:22 <carcinisation> i like how zk says boop when he pops the bane
20:28:42 <DuB`> I like zk.
20:29:10 <Bio> zk is a diamond rank canadian
20:29:27 <DuB`> A canadian diamond.
20:31:30 <carcinisation> pls don't attack your own extractor
20:34:14 <DoT|Phone> rude
20:34:40 <Rawr|Fone> Very rude
20:34:51 <DoT|Phone> should have told him who best pony its Zk
20:42:14 <carcinisation> gg happy
20:47:17 <DoT|Phone> who he take out
20:48:25 <DoT|Phone> Zk stream done?
20:49:52 <ZK> yep for now
20:51:11 <DoT|Phone> oh it's Snute
20:51:23 <DoT|Phone> ty for stream Zk
20:58:07 <ZK> oooooooh snute vs happy
21:01:04 -!- Golly [~Golly@1.92-221-121.customer.lyse.net] has joined #tlponies
21:02:34 <carcinisation> kalearis says boop like zk
21:02:39 <carcinisation> :O
21:04:05 <ZK> snute gonna have trouble
21:04:26 <DoT|Phone> freedom
21:05:32 -!- Mag_ [~Mag@107.92-221-99.customer.lyse.net] has joined #tlponies
21:05:46 <carcinisation> so many ccs
21:07:14 <carcinisation> gg
21:08:31 <DoT|Phone> gg
21:08:58 <ZK> i was in general chat and someone says he feels sad
21:09:07 <ZK> then i start talking to him and he responds
21:09:10 <ZK> he just leaves
21:09:19 <ZK> i started feeling attached to that random sc2 player
21:09:25 <DoT|Phone> aww
21:11:00 <DuB`> No more ZK.
21:11:04 <DuB`> No more seagull.
21:11:06 <DuB`> rip
21:11:17 <ZK> seagull?
21:11:42 <DuB`> Oberwaj.
21:13:59 <DoT|Phone> onlywatch
21:14:56 <DoT|Phone> guess dub has to stream
21:15:07 <DuB`> Going out to lunch soon.
21:15:12 <DuB`> Parents are driving down.
21:15:31 <DoT|Phone> it's nine at night
21:15:45 <DoT|Phone> too late for lunch
21:16:16 <ZK> lilbow the last protoss
21:17:47 <DoT|Phone> lilbow is silly
21:20:30 <ZK> he was good at some point
21:21:47 <DuB`> I dunno if seagull's team is entering the thing tomorrow?
21:22:03 <DuB`> I want to see them go all out against the soupbase, f3rg, etc team.
21:22:27 <DuB`> Those guys keep complaining about / trash talking seagull and co...
21:22:34 <ZK> i rarely look at the sc2 maps, but man the backgrounds are incredible
21:23:25 <DoT|Phone> duuuuub
21:23:42 <ZK> wut a colossus
21:23:49 <ZK> no one makes those anymore, silly lilbow
21:24:00 <DoT|Phone> are you already keeping track of overwatch drama
21:27:10 <DuB`> It has just kind of naturally happened in trying to find/watch as many of the actual serious streams as I can.
21:27:32 <DuB`> Not the community figures /etc. from other games.
21:28:15 <DoT|Phone> What they got against seagull
21:31:29 <DuB`> Well today they keep queuing into sea's 6stack and losing to abusive/crazy strats because they're only 2 or 3stack.
21:31:36 <DuB`> Or something.
21:32:12 <DuB`> They were scrimming a little last night and f3rg kept getting way pumped up every time he could kill seagull. xD
21:33:28 <DuB`> Soupbase is, like, Seagull #2 and they keep talking him up, saying he's way better.
21:33:34 <DuB`off> Lunch!
21:35:18 <DoT|Phone> so silly
21:35:18 <Yolteotl> hi pones
21:35:22 <Yolteotl> i'm back
21:35:22 <DoT|Phone> later dubs
21:35:27 <Yolteotl> back pon
21:35:30 <DoT|Phone> hello again Yolt
21:35:34 <Yolteotl> we moved all our pcs
21:35:46 <Yolteotl> I have an awesome background for my webcam now :D
21:36:47 <DoT|Phone> is it kpop
21:36:54 <DoT|Phone> >.>
21:37:20 <Yolteotl> http://imgur.com/Ayo5PTZ
21:37:35 <Yolteotl> look!
21:38:00 <DoT|Phone> What a nerd
21:38:07 <Yolteotl> :D
21:38:15 <Yolteotl> pony, kpop, st arcraft, lotr
21:38:17 <DoT|Phone> <3
21:38:19 <Yolteotl> great right?
21:38:28 <Yolteotl> did you see the pons?
21:39:05 <DoT|Phone> haha
21:40:23 <carcinisation> .tell runbunny https://twitter.com/HeadpatSim
21:42:25 <DoT`> lol reif
21:43:59 <ZK> lilbow is good
21:44:01 <ZK> damn frenchies
21:44:16 <Yolteotl> frenchies are korean foreigners
21:44:28 <DoT`> isnt dayshi french?
21:44:32 <carcinisation> france has replaced sweden
21:44:43 <ZK> he is
21:44:54 <ZK> france has like a third of the players in this tourney
21:45:48 <motbob> all the good swedes played dota instead i guess
21:45:49 <ZK> hah lookin at the sweden players, had completely forgotten sase
21:45:51 <ZK> i liked him
21:46:56 <Yolteotl> in France, we had a fun good player
21:46:57 <Yolteotl> https://www.youtube.com/watch?v=B4KOx7ueQsg
21:46:59 <Yolteotl> SarenS
21:47:03 <Yolteotl> called "the pianist"
21:47:23 <Yolteotl> because he was used to move the camera with the arrows :D
21:50:57 <DoT`> how odd
21:51:09 <Yolteotl> yes
21:51:14 <Yolteotl> but that was really cool to see!
21:51:31 <Yolteotl> he almost won a dreamhack
21:52:17 <ZK> did he have three hands?
21:52:25 <Yolteotl> look the vid :p
21:52:27 -!- Camail [~Camail@38.69.8.163] has joined #tlponies
21:52:28 -!- mode/#tlponies [+v Camail] by Q
21:52:35 <DoT`> camamail
21:52:47 <Camail> ghhgyttws45890ko-
21:53:14 <DoT`> .roll d20 for camail being a butt
21:53:22 <ZK> that seems so weird
21:53:39 <Camail> Cane  RIP you
21:54:32 <ZK> hey DoT`, did you do your CS game like you said you would?
21:54:56 <DoT`> did i say i would?
21:55:06 <DoT`> i was fixing the game today
21:55:18 <ZK> you said you needed to or else camail would be angry
21:55:33 <DoT`> i never said angry
21:55:47 <DoT`> zk , this is like sheldon all over again
21:55:58 <Camail> grrrr
21:56:00 <Camail> etc.
21:56:15 <ZK> [12:45] <3DoT`> i also need to get my rank back before cam assualts me
21:56:29 <DoT`> there is no anger there
21:56:34 <ZK> hmm good point
21:56:45 <ZK> cam does not need to be angry to assault ppl at all.
21:57:13 <DoT`> I did fix the random stutter i was getting so thats nice
21:57:38 <DoT`> stupid HDD, moved the game to my SSD
21:58:35 <Camail> having it on ur ssd is nice
21:58:39 <Camail> also how did that even happen
21:58:47 <Camail> thats a lot of data to just....move
21:59:08 <DoT`> i installed it where i install all my games, on my 2 tb hdd
21:59:15 <carcinisation> gg
22:00:07 <DoT`> it takes 5 minutes to copy over to the SSD
22:00:21 <DoT`> and point steam there
22:03:53 <DoT`> but everytihng i was finding in regards to stutter was about old sound drivers and such
22:04:10 <DoT`> so it took a lot longer to fix tryning all the things that worked for others
22:04:15 <Yolteotl> excuses
22:06:43 -!- DoT|Phone [~Dot@0546eeee.skybroadband.com] has joined #tlponies
22:10:54 <DoT`> how are you doing cam?
22:11:57 <Camail> OH, i was confused by your sentence, i thought your HDD was the thing that moved the game to the ssd
22:12:10 <Camail> not that your hdd was the problem so YOU moved it
22:12:15 <Camail> that makes more sense
22:12:22 <Camail> that you're hdd isn't sentient
22:12:55 <DoT`> i hope not, its not attached securly enough for that
22:18:58 <CockRoach|42> maybe one morning you will wake up and the HDD is spooning you in bed
22:26:34 <ZK> lol, my sc2 division, no protoss in top 25
22:26:36 <ZK> ouch
22:27:49 -!- Mag_ [~Mag@107.92-221-99.customer.lyse.net] has joined #tlponies
22:30:50 <Camail> on the plus side dot now the game will load much faster
22:31:01 <Camail> off that putting it on the hdd caused lag...
22:31:01 <Rawr|Fone> 🐴🐴🐴
22:31:04 <Camail> odd*
22:31:36 -!- Yolteotl [webchat@253.73.126.78.rev.sfr.net] has joined #tlponies
22:33:26 <Bio> pone
22:33:46 * Bio licks DoT`
22:33:56 <Phearlock> Heeeey bio
22:34:04 <DoT`> its an old hdd
22:34:07 * DoT` hugs Bio
22:34:14 <Bio> hi pearclock
22:34:22 <DoT`> I dont know cam, no other game is having issues
22:34:30 <DoT`> but this fixed it so  i am happy
22:34:50 <Camail> yay
22:41:37 <DoT`> rawr http://imgur.com/gallery/3VjsA8S
22:43:00 <DoT`> http://imgur.com/gallery/01U5Ejg
22:49:40 -!- Saurabhinator [webchat@58.174.177.17] has joined #tlponies
22:51:04 <DoT`> saurarara
22:53:29 <Yolteotl> hi saura
22:53:33 <Yolteotl> 4walls is cool
22:54:04 <Camail> uh oh, a supreme court justice died
22:54:07 <Camail> this is interestinggggg
22:54:42 <DoT`> how he die?
22:55:33 <DoT`> ah, old age
22:58:54 <CockRoach|42> Phearlock: http://captainpudgemuffin.deviantart.com/art/Hair-Practice-590377709
22:59:41 <Phearlock> I think she could lose the collar.
22:59:53 <Phearlock> Dashie looks better naked. =) =) =)
23:00:00 <CockRoach|42> :D~~~~~~
23:00:35 <ZK> wut
23:01:03 <Phearlock> lol
23:02:26 <Saurabhinator> hello
23:02:38 <Phearlock> hi
23:14:17 <Yolteotl> .tell saurabhinator https://www.youtube.com/watch?v=bhKFSXN2Fr4&index=110&list=PLIdVLE-ILwU4V-mmAVXN3_aELYh2sMp6c&shuffle=28747
23:14:26 <Yolteotl> creamy saura
23:17:55 <carcinisation> linked for comment - https://www.youtube.com/watch?v=9xp-CJF_LlQ&lc=z12wuzfywkreyrtwf04cibao0xeljlfbh5c
23:21:42 <DoT`> .tell dub` https://www.reddit.com/r/starcraft/comments/45l4sv/neuro_vs_sneeze/
23:22:02 * Bio licks DoT`
23:22:12 <DoT`> whats up bio
23:22:44 <Bio> me
23:23:10 <DoT`> This is good
23:23:13 <DoT`> no more tired?
23:23:20 <Bio> for now
23:28:31 <Rawr|Fone> 🐴🐴🐴
23:35:56 <Bio> horse horse horse
23:43:02 <DoT`> pon pon
23:44:18 <Camail> sf5
23:44:20 <Camail> so close
23:44:23 <Camail> i can taste it
23:55:06 -!- Crisium [webchat@dhcp-pa-67-20-245-248.consolidated.net] has joined #tlponies
23:55:17 <DoT`> Crisium!
23:55:42 <carcinisation> hi crisium
23:55:58 <Crisium> howdy pons
23:56:09 <Crisium> oh you can preload SFV?
23:56:10 <Crisium> :O
23:56:25 <DoT`> and drool over it?
23:56:38 <Crisium> yes
23:56:43 <Crisium> drool over the data on my SSD
23:58:22 <Crisium> only 7 gigs? definitely not the whole game
23:58:26 <Crisium> day 1 patch may be huge
