00:01:04 -!- Micen_ [~Micen@h129.227.136.40.static.ip.windstream.net] has joined #tlponies
00:07:59 <DoT`> pon
00:09:22 -!- CellRoach [~cr@c-5eeaaa56-74736162.cust.telenor.se] has joined #tlponies
00:09:46 <CellRoach> Pon pls
00:10:31 <DoT`> cr pon
00:10:32 <CellRoach> .roll d20 to pone
00:10:59 <CellRoach> I'm a bit tipsy
00:11:08 <DoT`> i blame rawr
00:11:23 <Rawr|Phone> Rude
00:11:24 <CellRoach> Yes, pls do
00:12:15 <CellRoach> People are drunkier than me on this train
00:12:45 <CellRoach> Someone just dropped her cellphone
00:13:31 <Rawr|Phone> Why are you on a train
00:14:16 <skramafk> ponpons
00:14:33 <DoT`> oh its jonas hedge
00:14:41 <skram> Bjøøørn
00:15:29 <CellRoach> I'm on my way home, Rawr
00:15:35 <Rawr|Phone> From where
00:15:46 <CellRoach> Gothenburg
00:16:00 <ZK> i went there once
00:16:10 <CellRoach> It's a "commuter" train
00:16:12 <ZK> i ate a banana split
00:16:28 <CellRoach> You did! :D
00:16:38 <CellRoach> It was mighty tasty
00:16:46 <ZK> also meatballs
00:16:57 <CellRoach> (I had my own split)
00:17:09 <CellRoach> \o/
00:19:12 <CellRoach> Drunk people are quite bloody entertaining
00:19:33 <skram> drunk people are the worst
00:19:37 <DoT`> what if your the only drunk one, and they all just seem drunk to you
00:19:41 <skram> unless you are drunk yourself, of course
00:19:43 <CellRoach> Just like Rawr, but irl
00:20:25 <CellRoach> A guy just said he was very drunk
00:20:41 <skram> people lie cr
00:20:46 <DoT`> was it you cr?
00:21:02 <CellRoach> And urged his friends to move
00:21:20 <CellRoach> I'm solo and forever alone
00:21:32 <skram> FLÖTA DEJ, JAG ER BERUSAD
00:21:39 <skram> is that what he said
00:21:52 <CellRoach> <3
00:22:15 <skram> .tell DoT` http://imgur.com/gallery/90Yrt
00:22:19 <CellRoach> Double t in fötta
00:22:27 <CellRoach> Flötta
00:22:39 <DoT`> science!
00:22:45 <skram> i have not practiced my swedish in quite some time
00:23:37 <CellRoach> About time
00:27:32 <CellRoach> Back home in 10+
00:28:03 <DoT`> Runbunny, i will expect a dark souls 3 stream
00:31:19 <Bio> huh
00:31:40 <Bio> alt tabbed and game closed
00:31:48 <DoT`> :/
00:41:17 <ZK> been looking at terran videos
00:41:19 <ZK> hard stuff
00:41:36 <CockRoach|42> pon pon
00:46:20 <Runbunny> Sure Dot.
00:46:31 <Runbunny> When it's out for PC in about a month.
00:46:39 <Rawr|Phone> Beep beep
00:46:52 <Rawr|Phone> I may have gone out for drinks
00:46:56 <Runbunny> Rawr is a robot.
00:46:58 <Rawr|Phone> One or ten
00:47:12 <DoT`> .is rawr drunk
00:47:12 <Runbunny> Yeh.
00:48:26 <Rawr|Phone> 🍺🍺🍺
00:50:32 <ZK> my hockey team sucks
00:51:00 <Rawr|Phone> So does mine
00:51:53 <Runbunny> Don't worry ZK.
00:52:07 <ZK> im canadian, hockey worries me
00:52:31 <Runbunny> Dot is aspiring to become a great hockey player. So you can just cheer on his team.
00:52:55 <ZK> oh cool
00:53:00 <DoT`> im glad you told me angel, i wasnt aware of this so havnt practiced
00:57:46 <Rawr|Phone> It's better this way dot
01:00:07 <Runbunny> I agree.
01:08:36 <DuB`> Dot you must be careful, I have heard that ice is cold.
01:08:38 <DuB`> Also hard.
01:09:32 <ZK> lol 4 zip
01:09:35 <ZK> hockey sucks
01:10:23 <DoT`> http://imgur.com/gallery/KTFaA
01:10:39 <DoT`> is this what you want for me?!
01:11:54 <Runbunny> Idk. Is this what you want for me ?!?!? http://tophdimgs.com/349661-cage.html
01:12:25 <Runbunny> wait this one is better http://www.artsjournal.com/artopia/cage%20close.jpg
01:12:39 <DoT`> please, your cage is far nicer
01:12:41 <ZK> oh yes DoT`. I want you to be goalie, all goalies be crazy
01:12:43 <DoT`> and not nearly so large
01:12:59 <DoT`> we have to be able to  move it around
01:13:30 <DoT`> zk, im not tall enough to reach the top of the goals
01:16:48 <DuB`> Haha.
01:17:49 <DuB`> Teamliquidpro is doing a twitter giveaway for $$$$$ knif.
01:18:08 <DoT`> dub needs more money
01:18:28 <DuB`> Well yeah, I used it all! :P
01:18:43 <DuB`> Butterfly knifs aren't cheap, you know.
01:18:55 <DuB`> Flippyflippytwirlyflip
01:20:22 <Rawr|Phone> Nerd
01:20:24 <DuB`> Wanna plej. T_T
01:20:30 <DuB`> Rawr write paper for me?
01:20:37 <DuB`> Declaration of Indepence thingie.
01:20:45 <Rawr|Phone> I will write about corgis for you
01:21:02 <DoT`> independance for all corgis!
01:21:30 <DuB`> Um!
01:21:31 <DuB`> Okay!
01:21:42 <DuB`> Sounds good to me.
01:22:49 -!- Rawr|Fone [~Rawr@81-233-7-47-no34.tbcn.telia.com] has joined #tlponies
01:26:40 <motbob> https://derpicdn.net/img/view/2016/3/24/1116127.jpg
01:28:53 <DoT`> :)
01:52:29 -!- FlutterAi_ [~FlutterAi@adsl-98-93-41-2.owb.bellsouth.net] has joined #tlponies
02:06:35 <carcinisation> no jackpot for me :(
02:06:38 <carcinisation> g'night all
02:11:35 <Camail> https://www.twitch.tv/geekandsundry
02:11:38 <Camail> for anyone who watches
02:11:41 <Bio> thats about all I can handle
02:11:47 <Camail> lol
02:11:53 <Camail> what a clowngame
02:13:51 <Camail> i feel like you dont like playing mirage
02:14:06 <Camail> took a long time to click for me, to whatever degree that it has...
02:15:22 <Bio> idk what that game was
02:15:25 <Bio> it was bad
02:15:35 <Bio> I just kept getting rekt on every fight
02:15:49 <Bio> yesterday in pubs I was doing fine on mirage
02:16:36 <Camail> i really need to warm up before games
02:16:59 <Camail> the first game is never much fun when i dont really feel good moving
02:18:56 <Bio> well, we won 2 and tied one we shoulda won, but I had more fun in it so whatever
02:44:12 <ZK> terran too hard
02:44:14 <ZK> i give up
02:51:36 <Bio> =(
02:52:00 <Bio> play gungame, that way u dub and dot can shoot bullets together
06:43:41 -!- DoT|Phone [~Dot@90.218.72.141] has joined #tlponies
08:18:51 -!- tredc [webchat@90-224-53-116-no56.tbcn.telia.com] has joined #tlponies
08:19:06 -!- Saurabhinator [webchat@101.166.220.80] has joined #tlponies
08:26:17 -!- Micen [~Micen@h129.227.136.40.static.ip.windstream.net] has joined #tlponies
08:26:23 <Micen> Hello
08:41:27 <Phearlaptop> hi Micen 
08:41:38 <Phearlaptop> I think ppl are still asleep
08:41:43 <Micen> What are you up to phear?
08:41:51 <Micen> You're not. 
08:41:58 <Phearlaptop> Just doing some cannon theorycrafting in From the Depths
08:42:11 <Phearlaptop> I have 3 very similar shell types and trying to decide which one to use =P
08:43:06 <Micen> ahh, im just playins some stardew valley. 
09:20:39 <Phearlaptop> https://derpiboo.ru/1115480 hug the catbird
09:21:01 <Micen> CATBURD
09:24:41 -!- Frigo [~Frigo@catv-80-99-5-67.catv.broadband.hu] has joined #tlponies
10:02:37 -!- DoT` [~Dot@90.218.72.141] has joined #tlponies
10:02:42 <DoT`> ponies <3
10:02:51 <Micen> Dot <3
10:03:10 <Phearlaptop> hey dot
10:10:56 <DoT`> hows you
10:11:50 <Micen> I am good, just playing some farmgame
10:11:56 <CockRoach|42> .tell Rawr|Fone http://imgur.com/gallery/dbSem1h
10:11:59 <Micen> almost the end of spring 1
10:12:11 <DoT`> many parsnips?
10:12:44 <Micen> I have 44 in my field right now and am about to plant 40 more, along with another batch of 60 before the season is done
10:20:12 <Micen> is that many?
10:42:43 <DoT`> NO
10:42:50 <DoT`> you need 300 parsnips
10:43:03 <DoT`> drown them in parsnips
10:43:06 <Micen> i just planted 160 more
10:43:41 <DoT`> you going to spend all day watering
10:44:37 <Micen> I can get my watering done by 11 am usually
10:44:54 <Micen> and if there is something I need to do I have the evening after everything closes
10:45:13 <Phearlaptop> Is there a pokemon mod yet? Could train a water poke to water your plants.
10:45:22 <Micen> there are sprinklers
10:45:28 <Phearlaptop> that's not cute enough
10:45:46 <Micen> and a final 30 parsnips once the store opens
10:46:19 <Micen> oh sweet its raining again today
10:46:40 <DoT`> micen you need potatotes too
10:46:48 <DoT`> they are good money makers
10:46:49 <Micen> too late in season
10:47:06 <DoT`> parsnips are really great gifts as almost everyone loves them
10:47:11 <Micen> its the 26th. my parsnips will have just enough time to grow
10:48:04 <DoT`> dont forget to keep 5 gold star parsnips if you can
10:50:00 <Micen> I havent gotten any gold star ones
10:50:09 -!- Rawr|Phone [~Rawr@81-233-7-47-no34.tbcn.telia.com] has joined #tlponies
10:55:54 <DoT`> need more fertilizer
10:55:58 <DoT`> rawr r rawr rawr
10:59:16 <DoT`> i go for a hike ponies <3
11:16:01 -!- DoT|Phone1 [~Dot@85.255.233.87] has joined #tlponies
11:26:27 -!- sweetiebot [~skybot@209.141.41.184] has joined #tlponies
17:35:14 -!- sweetiebot [~skybot@209.141.41.184] has joined #tlponies
17:35:32 <DoT`> .roll d20 to boop camail
17:52:06 <Yolteotl> guys
17:52:07 <Yolteotl> .when
17:54:24 <DoT`> \o/
17:54:56 <Yolteotl> close
17:54:57 <Yolteotl> :P
17:55:49 -!- Runbunny [~Runbunny@62.61.130.232.generic-hostname.arrownet.dk] has joined #tlponies
17:56:15 <DoT`> angel!
17:57:26 <Runbunny> Me!
17:57:50 -!- Micen|Droid [~AndChat20@66.87.19.179] has joined #tlponies
17:57:58 <Micen|Droid> Hello
17:58:04 <Micen|Droid> Good afternoon
17:58:05 <CockRoach|42> hi
17:58:14 <DoT`> let me check woth reif if we are out of hellos
17:58:22 <DoT`> he said there was a limit
17:58:53 <Yolteotl> Salut!
17:59:04 <DoT`> Beugette
17:59:20 <Yolteotl> :P
17:59:26 <Yolteotl> Baguette dot
17:59:28 <Yolteotl> Baguette
17:59:31 <DoT`> no
17:59:44 <Yolteotl> je voudrais une baguette s'il vous plait
17:59:45 <Yolteotl> :P
17:59:49 <Micen|Droid> Bonjour
17:59:52 <DoT`> Na!
18:00:10 <Micen|Droid> Ahoy
18:00:17 <Micen|Droid> Hail
18:00:43 <Micen|Droid> Help me
18:01:11 <Yolteotl> https://twitter.com/ManMadeMoon/with_replies
18:01:12 <Micen|Droid> I have only been at work for one minute
18:01:15 <Yolteotl> scary rabbit
18:01:49 <DoT`> micen and how many ponies have been drawn?
18:02:03 <Micen|Droid> 3
18:02:16 <DoT`> good
18:03:24 <skram> Hallo m00cen
18:03:30 <skram> and also other people
18:04:03 <DoT`> other ppl?!
18:04:05 <DoT`> rude
18:04:46 <skram> Yolteotl, what does comptine d'un autre ete, l'apres-midi mean
18:05:04 <Micen|Droid> Hai Skram
18:05:15 <skram> i may have missed some `_^`?\`\+\-es
18:05:26 <DoT`> skram, probably "i eat frogs and ponies"
18:05:37 <DuB`> Mmmmm horsemeat.
18:05:39 <skram> mm yes
18:05:53 <DoT`> i forget you are all heathens
18:06:00 <DuB`> DoT`:
18:06:01 <DuB`> Raw.
18:06:02 <DuB`> Horse.
18:06:03 <DuB`> Heart.
18:06:04 <skram> I ate some horse this morning with my cow juice
18:06:07 <skram> Very tasteful.
18:06:10 <Yolteotl> song of another summer, the afternoon ?
18:06:37 <skram> I dont know? Im asking you, silly.
18:06:43 <DoT`> you all need to be more british, eating horses is bad
18:06:45 <Yolteotl> it's this
18:06:53 <skram> Its from the Amelie soundtrack so that makes sense
18:07:04 <Yolteotl> amelie?
18:07:30 <skram> la fabuleux destin d'Amelie
18:07:33 <skram> The movie?
18:07:37 <Yolteotl> ah :d
18:07:43 <Yolteotl> I did not watch it
18:07:47 <ZK> i didnlt like the movie
18:08:01 <ZK> or maybe its cause i watched it in ethics class
18:08:04 <skram> Love that movie. Soundtrack is excellent too.
18:08:34 <Yolteotl> french movies are different :d
18:09:02 <DoT`> like the french
18:09:07 <skram> Dunno, french movies seem to be kinda slice-of-lifey
18:09:19 <Camail> or very, very not
18:09:25 <Camail> no in between
18:09:36 <ZK> tanguy was weird
18:09:44 <DuB`> Oh look a caimal.
18:09:49 <Camail> shut ur face
18:09:51 <Camail> or fight
18:09:58 * Camail  punches dub in the dick
18:09:58 <ZK> is tanguy a real name?
18:10:10 <skram> I think ive only seen like 4
18:12:31 <Yolteotl> My favorite french movie is
18:12:45 <Yolteotl> Love me if you dare
18:12:57 <Yolteotl> with Guillaume Canet and Marion Cotillard :d
18:13:49 <skram> did she play in la vie en rose?
18:13:54 <Yolteotl> yep
18:14:02 <Yolteotl> and batman 
18:14:02 <Yolteotl> :P
18:14:06 <ZK> la vie en rose, thats an old song
18:14:11 <Yolteotl> https://www.youtube.com/watch?v=MtzjUjVQe9Q
18:15:13 <Yolteotl> la vie en rose is the main songg of this movie too :D
18:16:00 <skram> well it is a love song
18:16:02 <skram> i think
18:16:10 <Yolteotl> it is
18:16:18 <Yolteotl> o
18:16:19 <Yolteotl> oh
18:16:20 <Yolteotl> https://www.youtube.com/watch?v=SfqPmTxD-IY
18:16:22 <Yolteotl> full movie :d
18:17:33 <skram> i watched the hateful eight last night
18:17:36 <skram> it was kinda meh
18:18:31 <Yolteotl> I don't like Tarantino :p
18:19:04 <skram> I do like tarantino, but it was kinda boring
18:19:34 <skram> its like 3 hours long and there is probably 2 hours and 30 minutes of dialog
18:19:44 <skram> and another 30 minutes of silly closeups and wacky camera angles
18:21:57 <Yolteotl> and if you want another awesome french movie, we are also very good at depressing movies. You can watch "Don't worry, I'm fine" :D
18:22:27 <Yolteotl> with Melanie Laurent
18:23:28 <skram> I cant find it on imdb D:
18:24:10 <Yolteotl> hmm
18:24:22 <Yolteotl> http://www.imdb.com/title/tt0485241/
18:25:06 <skram> imma torrent it and go make some dinner
18:26:24 <carcinisation> depressing is one of the adjectives least likely to make me watch a film
18:27:11 <DuB`> Movies are for enjoyment!
18:27:13 <DuB`> Sad is not happy!
18:27:20 <carcinisation> amelie was a nice french film
18:28:53 <Camail> DuB`  sad movies are for middle class white girls who like crying
18:29:20 <Camail> or anyone who doesn't have anything  to be sad about
18:30:23 <Runbunny> Sounds like you Camail.
18:31:16 <Camail> this white girl gonna be ur ass and make you call me daddy
18:31:32 <Camail> tho those are two unrelated events
18:34:11 <Runbunny> O:
18:36:27 <Bio> morn pon
18:36:32 <Bio> I nappd
18:36:50 <DuB`> Is after noon, bayu.
18:36:55 <DuB`> Whatabayo.
18:37:53 <Micen|Droid> Hi Bio
18:37:55 * Bio slaps DuB` around a bit with a large trout
18:40:23 <DoT|Phone> bio yay
18:40:23 <Bio> madamada
18:42:11 <Rawr|Phone> 🐴🐴🐴
18:45:04 <Yolteotl> sad movies are part of what you can call Cinema 
18:45:05 <Yolteotl> :P
18:46:28 <DoT|Phone> sad is bad
18:47:00 <DoT|Phone> I don't need more sadness
18:47:28 <Bio> have a pizza dot
18:47:29 <Yolteotl> but it's not your sadness
18:47:34 <Yolteotl> it's universal sadness 
18:47:35 <Yolteotl> :D
18:47:51 <DoT|Phone> I have pizza right now. it helps
18:49:02 <DoT|Phone> Rawr  https://imgur.com/gallery/SFGTY
18:50:31 <Rawr|Phone> No pineapples I hope
18:50:32 <Rawr|Phone> Dot
18:51:27 <DoT|Phone> no
18:54:54 <DoT|Phone> though nothing wrong with pineapple
18:55:39 <ZK> you like pineapple on pizza too?
18:56:23 <Camail> ./ban
19:04:06 <Bio> def ban
19:05:01 <DoT|Phone> http://i.imgur.com/uAd8jsL.jpg
19:05:25 <Camail> not enough incest
19:06:48 <Camail> god, that was the best
19:07:04 <Camail> ai might be able to beat us at every game now, but they can't beat the internet
19:08:39 <DoT|Phone> that ai was amazing.
19:08:47 <Yolteotl> I don't know if it's a good thing, that's the "first" learning AI became racist in 24h
19:09:01 <Yolteotl> how much time it needs to hate us? :p
19:09:02 <Camail> racist and slutty
19:09:18 <Bio> thats perfect
19:09:34 <Camail> the kind of girl fedorians want
19:13:45 -!- Rawr|Fone [~Rawr@host-95-195-136-75.mobileonline.telia.com] has joined #tlponies
19:15:58 <Camail> never saw this one https://i.imgur.com/JS7I5e6.png
19:17:49 -!- Micen|Droid_ [~AndChat20@66.87.19.179] has joined #tlponies
19:18:02 <skram> hahahah
19:19:31 <DoT|Phone> I love this ai
19:20:01 <skram> of course a bigot like you would bjørn
19:20:37 <DoT|Phone> <3
19:20:45 <DoT|Phone> I like you Skram
19:21:00 <skram> of course, im an aryan wet dream
19:23:46 <DoT|Phone> https://m.reddit.com/r/StardewValley/comments/4bugdm/wheres_my_lie_to_elliott_button/
19:24:59 -!- DoT|Phone1 [~Dot@90.218.72.141] has joined #tlponies
19:27:17 <Camail> how do you have 2g
19:27:19 <Camail> how
19:27:51 <Camail> they really need to make animals more profitable
19:28:29 <DoT|Phone1> they did
19:28:37 <DoT|Phone1> don't know how much
19:28:38 <Camail> there is no incentive to have animals after you get the CC bundles
19:28:49 <Camail> yea but like...never enough
19:29:33 <Camail> pigs cost 16k , they take a whole season to make a profit
19:29:50 <DoT|Phone1> but also. Who would pick Elliot
19:29:57 <Camail> yea he's easily the worst
19:30:14 <Camail> like...not gonna lie the writing in this game is bad
19:30:17 <Camail> but elliot is just awful
19:32:41 <ZK> what are cc bundles?
19:34:02 <DoT|Phone1> community center
19:34:45 <ZK> ohhh, you can still get those after your first collection?
19:37:42 <Camail> DoT|Phone1  apaprently the skull cavern walls have a cipher that people translated
19:37:54 <Camail> no zk
19:38:03 <Camail> but if you want to get them at all you need to get animals at least once
19:38:09 <Camail> I immediately sold most of mine
19:38:14 <Camail> other than the fun ones and the pigs
19:38:23 <Camail> though i should sell those too if i ever play on that save again
19:45:19 <carcinisation> i played a new type of poker called 6+ as part of a promo
19:45:32 <DoT|Phone1> you gm?
19:45:34 <carcinisation> playing a game where the hand rankings and odds are different
19:45:40 <carcinisation> and it's short handed
19:45:52 <carcinisation> oh and way above my usual stakes
19:46:06 <carcinisation> it's a bit stressful
19:46:25 <carcinisation> dot, i lost half a stack then won it back
19:47:17 <carcinisation> now i've played enough for my free shot at 1000 euros on tuesday
19:48:07 <skram> But what are you gonna do with euros in england? they are the wrong monies!
19:48:30 -!- Camail [~Camail@38.69.8.163] has joined #tlponies
19:48:30 -!- mode/#tlponies [+v Camail] by Q
19:49:39 <carcinisation> they are autoconverted skram
19:49:52 <carcinisation> but i could always go visit euroland
19:52:06 <DoT|Phone1> Rawr https://imgur.com/gallery/pTIUKnM
20:03:31 <DoT|Phone1> rude
20:04:08 <skram> you could go to france and get a thousand yuros worth of wine
20:04:13 <skram> maybe some smelly cheese too
20:04:34 <DoT|Phone1> maybe a French person
20:06:49 <Yolteotl> I like wine
20:07:03 <skram> of course you do
20:07:06 <skram> you are french
20:07:06 <Yolteotl> I have some bottle close to me
20:09:27 <CockRoach|42> .roll d20 to pone
20:09:47 <skram> .roll d20 to antipone
20:09:49 <carcinisation> pretty good poneage
20:10:20 <carcinisation> skram is to pone to antipone properly
20:12:40 <skram> :(
20:12:49 <skram> but dad, i wanna be edgy and cool
20:25:22 <Bio> no
20:25:26 <DuB`> Play reaper.
20:25:34 <Bio> onlywatch
20:25:46 <DuB`> Watch reaper PotGs.
20:25:50 <Yolteotl> I'm on 7-1 on starcraft
20:25:51 <Yolteotl> \o/
20:25:58 <skram> reaper is dum revolvers are stupid and the shadow thing is also dum
20:26:13 <DoT`> skram revolvers are mcree
20:26:21 <Bio> rekt
20:26:39 <DuB`> Wow skram whatchu gon' do now?
20:26:41 <skram> yes and reaper has things that looks like revolvers
20:26:58 <DoT`> how? please watch more onlysalt
20:26:58 <Bio> ...
20:27:37 <skram> DoT` pls, I have SEVERAL MINUTES of reaper play under my belt, I know what im talking about
20:27:50 <DoT`> you had access? lies
20:27:57 <DoT`> tlp doesnt get acess to betas
20:28:03 <DuB`> https://upload.wikimedia.org/wikipedia/commons/1/1d/Revolver_Lefaucheux_IMG_3108.jpg
20:28:08 <skram> i got the first beta weekend and probably never again
20:28:09 <DoT`> blizzard found out we like ponies
20:28:32 <Bio> only one beta weekend kappa
20:28:43 <DuB`> MAY SECOND.
20:28:47 <DuB`> MAAAAAAAAAAAAY SECOOOOOOOOOND.
20:29:08 <Bio> open beta no does count
20:29:46 <DuB`> SO EXCITE.
20:29:59 <DuB`> I think...
20:30:10 <DuB`> First thing is spend credits on is ";)".
20:30:11 <DoT`> be excite for ponies tomorow
20:30:12 <DuB`> Y'know.
20:30:13 <DoT`> ?hype
20:30:47 <skram> DoT`: I even have photographic evidence http://i.imgur.com/B33XfXT.jpg
20:30:49 <DuB`> WINKY ;) FACE
20:31:02 <DoT`> photoshop skram
20:31:05 <DoT`> thast low
20:31:12 <DuB`> Waow.
20:31:31 <skram> Yes I did that 4 months ago to trick you today
20:31:37 <DoT`> dedication
20:32:11 <DoT`> http://www.deviantart.com/art/Prima-Illuminatus-597751513
20:33:25 -!- Orajm [Orajm@71-222-74-182.ptld.qwest.net] has joined #tlponies
20:33:29 <DuB`> skrma what can I do to be as poni as you?
20:33:42 <DoT`> http://shamanguli.deviantart.com/art/Simply-Disconnected-Space-598855860
20:34:24 <skram> eat more horse
20:35:16 <DuB`> Oke.
20:39:15 <DoT`> maybe i should cs casual
20:39:22 <Bio> shootbang
20:39:44 <Bio> http://imgur.com/40ivmID
20:41:37 <DoT`> i play to get sad
20:41:54 <Yolteotl> ahaha
20:42:03 <Yolteotl> I play because I'm good at
20:42:07 <Yolteotl> Am I wrong?
20:42:18 <skram> if you are sad when you start playing you will be the champion dot
20:42:18 <DoT`> ont at english though
20:42:32 <DoT`> or*
20:42:56 <DoT`> skram, if anything made me better i couldnt be as sad
20:45:45 <skram> but you can only be good if you embrace the sadness
20:47:06 <DoT`> anyone want to join for casual?
20:47:11 <DoT`> dub you still busy?
20:49:12 <DoT`> ok i will be alone
20:49:44 <skram> play mm get rank so we can embrace sadness together DoT`
20:50:00 <DoT`> you are too high ranked for me to play mm with you
20:51:55 <Camail> dort i can play
20:53:14 <DuB`> !
20:55:14 <DoT`> cam you hate casuals
20:55:49 <DoT`> and the one i have ended up in is very sad
20:55:56 <Camail> yea but these fuckos dont want to help you so I'll do it
20:56:07 <Camail> i cant join in yours
20:56:11 <Camail> so you'd have to quit out
20:56:13 <Camail> so that's fine
20:57:32 <Camail> .tag DuB` a fucko
20:58:01 <DuB`> I feel like I've gathered a few tags recently.
20:58:06 <DuB`> How 2 check.
21:00:13 <DuB`> I will play for a game or two!
21:00:14 <DuB`> Need a break.
21:01:58 <Bio> fanks dubbles
21:02:04 <BioWork> anksld;gnkals;dngkl;asdnklg;nasdlfh;
21:02:36 <Camail> .tagged DuB` 
21:02:41 <Camail> .tag
21:02:47 <Camail> .tags DuB` 
21:02:58 <DuB`> What a guy.
21:04:23 <Camail> DoT`  i just crashed
21:04:29 <Camail> and a console opened up?
21:04:38 <DoT`> weird
21:05:33 <Camail> gonna do a system restore to make sure sometihng dumb didnt happen
21:07:26 <DoT`> dub you not going to join for game?
21:07:33 <DuB`> HMMMM.
21:07:34 <DuB`> Ok.
21:16:38 <skram> such enthusiasm
21:17:15 -!- Camail [~Camail@38.69.8.163] has joined #tlponies
21:17:15 -!- mode/#tlponies [+v Camail] by Q
21:17:20 <DoT`> i dont see you in game skram
21:17:29 <skram> i am patching
21:17:48 <Camail> ok sysrestore complete, skins still exist
21:17:54 <Camail> think I'm good
21:19:20 <Camail> oh is the dub dot and bio playing
21:19:28 <Camail> and the skarrrm
21:19:51 <DoT`> no bio and no skrram
21:20:05 <Camail> bio is in cs tho
21:20:06 <skram> your game is full
21:20:16 <Camail> you cant join casual matches
21:20:29 <skram> only DMs?
21:20:30 <Camail> it never works for some reason
21:20:39 <Camail> probably because they're always full
21:20:49 <skram> fair enough
21:20:53 <Camail> regadless, with dot bio dub skram and i we could 5 stack
21:20:56 <Camail> which means rank doesnt matter
21:21:00 <skram> yup
21:21:04 <Camail> I can hop on my smurf and we could do eet
21:21:05 <DoT`> we can leave this one if you two are ready
21:21:22 <Camail> do we have 5
21:21:24 <DoT`> skram has no smurf to competitive with
21:21:30 <Camail> thats fine
21:23:22 <skram> where is bio
21:23:26 <Camail> bio tlp 5 stack pls
21:23:32 <DoT`> waiting for invite
21:23:35 <DoT`> BIO
21:26:03 <Camail> ?discord
21:26:16 <DoT`> who else can we get as 5th
21:26:17 <Camail> this one expired
21:26:28 <Camail> oh bio is at work
21:26:33 <Camail> and afk'd in csgo
21:26:34 <Camail> apaprently
21:26:38 <skram> https://discordapp.com/channels/108685452843692032/108685452843692032 try this?
21:28:24 -!- Golly [~Golly@1.92-221-121.customer.lyse.net] has joined #tlponies
21:32:47 <carcinisation> first time win a bounty in bounty tourney :D
21:51:19 <carcinisation> wb emily
21:51:33 <Emily> hihi
21:51:59 <Emily> how's easter for y'all?
21:52:51 <carcinisation> quite nice today ty
21:53:54 <carcinisation> how goes it for you?
21:54:50 <Yolteotl> Gold Series  6h 7m PtitDrogo vs Snute Harstem vs puCK
21:54:57 <Yolteotl> why it is so early ? :(
21:57:20 <Emily> doing well yea
21:58:03 <Emily> somehow i spent basically entire day without being on computer
21:58:16 <Emily> (and now i'm breaking it at 11:58pm, oh well)
22:03:22 -!- FlutterAi [~FlutterAi@adsl-98-93-41-2.owb.bellsouth.net] has joined #tlponies
22:05:16 -!- DoT|Phone [~Dot@90.218.72.141] has joined #tlponies
22:16:06 -!- DoT|Phone [~Dot@90.218.72.141] has joined #tlponies
22:35:11 <CockRoach|42> https://derpicdn.net/img/view/2014/2/13/550605__safe_rainbow+dash_applejack_meme_text_fail_stupidity_texts+from+ponies_rainbow+dumb_failtacular.png
22:49:00 <CockRoach|42> http://daniel-sg.deviantart.com/art/InShy-Out-597423412
22:57:56 <CockRoach|42> .tellm Cane Yolteotl | https://i.chzbgr.com/full/8761420032/h710341CE/
23:08:18 <Bio> hi
23:08:24 <CockRoach|42> hi bio
23:09:40 <Bio> ehi
23:09:41 <Bio> hei
23:10:24 <Bio> oh shit
23:10:26 <Bio> ponystack
23:10:30 <Bio> !
23:10:35 <Bio> Its returned!~~~
23:14:44 <Bio> I guess cam is having intraweb probs
23:14:46 <Bio> ?
23:15:06 <CockRoach|42> http://i.imgur.com/fsQsQWm.jpg
23:16:02 -!- Camail [~Camail@38.69.8.163] has joined #tlponies
23:16:02 -!- mode/#tlponies [+v Camail] by Q
23:16:55 <Runbunny> yo Camail, were you using the browser version of discord?
23:22:16 <Camail> ya, just downloaded the application tho
23:22:23 <Camail> it wasnt a problem for the first two games
23:22:25 <Camail> which is weird
23:23:00 <Runbunny> lel
23:23:12 <DoT`> what a game
23:23:18 <DuB`> Oh gosh.
23:23:35 <DuB`> I'm sure I'm at like 7-20 in comp games now.
23:23:37 <DuB`> Is bad.
23:30:46 <Camail> back
23:30:46 -!- Rawr|Phone [~Rawr@81-233-7-47-no34.tbcn.telia.com] has joined #tlponies
23:30:58 <Runbunny> Hai.
23:31:17 <DoT`> camamail
23:33:27 <Camail> did you get 16-0'd
23:33:31 <Rawr|Phone> 🐴🐴🐴
23:33:31 <DuB`> NO.
23:33:34 <DuB`> No.
23:33:36 <Camail> I'm up for more games tho
23:37:39 <Rawr|Phone> Beep beep
23:39:08 <DoT`> http://www.deviantart.com/art/A-Cartload-of-Apples-598897698
23:39:10 <DoT`> rawr rawr
23:39:20 <Rawr|Phone> Dot dot
23:40:36 <DoT`> <3
23:40:52 <Rawr|Phone> <3
23:41:54 <Camail> .tag DuB`  a dick
23:42:00 <Camail> .tag DuB` a dick
23:42:00 <Bio> .is james an ass
23:42:08 <Camail> .tags DuB` 
23:42:17 <Camail> .tags DuB
23:42:28 <Bio> .tags Bio
23:42:43 <Camail> .tags camail
23:42:48 <DoT`> .tag Bio not found
23:42:55 <Camail> .tags bio
23:43:01 <Runbunny> .tag camail butt
23:43:08 <Camail> .is camail butt
23:43:10 <Camail> .is camail a butt
23:43:24 <Runbunny> .tag camail a butt
23:44:19 <DoT`> .tags Dot`
23:44:23 <DoT`> .tags Dot
23:47:55 <DoT`> bye bio!
23:49:30 <DoT`> Bye dub
23:49:35 <DuB`> o/
23:50:52 <Rawr|Phone> 🐴🐴🐴
23:51:51 <Bio> BAIIIIIIIIIII
23:54:37 <DoT`> Bio https://www.reddit.com/r/mylittlepony/comments/4bytk5/best_princess/
23:55:02 <Bio> Agreed
