00:11:40 <motbob> "NA vs NA in quarterfinals. MVP: The only EU Player."
00:11:57 <Phearlock> lol
00:12:09 <DuB`> Hahahah.
00:16:43 -!- Saurabhinator [webchat@101.166.220.80] has joined #tlponies
00:20:00 <motbob> https://twitter.com/IGNProLeague/status/716055773877444608 lol
00:25:50 <Saurabhinator> http://i.imgur.com/daIN2S4.jpg
00:26:09 <Saurabhinator> Yolteotl: the content you sent me was removed
00:33:11 <DoT`> saura!
00:33:13 <DoT`> hows you?
00:33:35 <Saurabhinator> im aight
00:33:40 <Saurabhinator> got wedding to go to today
00:33:50 <Saurabhinator> figuring out how im gunna drive there
00:34:53 <DoT`> gl
00:41:26 <Saurabhinator> gunna also watch some mostly walking
00:46:45 <Saurabhinator> DoT`: its mostly wlking in deserts and dying atm
00:46:58 <DoT`> haha
00:47:03 <DoT`> that was 2 weeks ago or so
00:47:09 <DoT`> when day9 eventualy
00:47:11 <DoT`> cheated
00:49:26 -!- Crisium [webchat@dhcp-pa-173-233-10-196.consolidated.net] has joined #tlponies
00:52:32 <Saurabhinator> lmao
00:52:42 <Saurabhinator> horses randomly rode past and killed them
01:06:01 <Crisium> http://drawcraft123.deviantart.com/art/Luna-594271135
01:06:06 <Crisium> http://wildscope.deviantart.com/art/Rara-549941446
01:11:44 -!- Oatsmaster [~Oatsmaste@bb121-6-94-41.singnet.com.sg] has joined #tlponies
01:14:44 -!- Mag_ [~Mag@107.92-221-99.customer.lyse.net] has joined #tlponies
01:28:16 <Bio> https://scontent.cdninstagram.com/t51.2885-15/e35/12558750_1011774585570831_234794742_n.jpg
01:34:29 -!- Oatsmast_ [~Oatsmaste@bb121-6-94-41.singnet.com.sg] has joined #tlponies
01:35:15 <Crisium> http://edowaado.deviantart.com/art/Mentorship-599603174
01:36:41 <Crisium> http://symbianl.deviantart.com/art/Dashie-is-a-Scaredy-Pony-599492299
01:38:40 <Crisium> http://candylux.deviantart.com/art/Oriental-Rarity-540261615
01:44:28 <Saurabhinator> rarity is the best pony
01:47:30 <Crisium> http://wildscope.deviantart.com/art/Rara-549941446
01:49:22 <Crisium> http://heavymetalbronyyeah.deviantart.com/art/Wut-530699967
01:52:19 -!- FlutterAi [~FlutterAi@adsl-98-93-44-20.owb.bellsouth.net] has joined #tlponies
01:52:27 <Crisium> http://scarlet-spectrum.deviantart.com/art/Dashiechu-520267265
01:57:16 <Crisium> flutter
01:57:40 <FlutterAi> :DD
01:57:51 <FlutterAi> that's adorable :3
01:58:31 <Crisium> flutter is alive
01:59:17 <Crisium> http://fshydale.deviantart.com/art/Quickie-Good-Girls-Should-Wear-Socks-599037299?q=gallery%3AfShydale%2F46696229&qo=0
01:59:23 <FlutterAi> I usually respond to highlights as long as I'm here XD
02:00:23 <Crisium> ah
02:00:33 <Crisium> you ready for new episode tomorrow
02:00:53 <FlutterAi> I'll be at work, but will maybe remember when I get back :p
02:01:10 <Crisium> maybe?
02:01:11 <Crisium> :O
02:01:22 <FlutterAi> it's that or nap immediately
02:01:45 <Crisium> both good options
02:02:04 -!- Wikt [~Wikt@213.108.153.51] has joined #tlponies
02:02:05 -!- mode/#tlponies [+o Wikt] by Q
02:02:58 <Crisium> http://ponyecho.deviantart.com/art/Pinkie-Bedhead-Party-Too-Hard-599018230
02:03:01 <Crisium> http://ponyecho.deviantart.com/art/Pinkie-Bedhead-Time-For-Breakfast-Already-599020470
02:04:07 <Crisium> http://ten-dril.deviantart.com/art/Colgate-599017448
02:15:13 -!- Wikt [~Wikt@213.108.153.51] has joined #tlponies
02:15:13 -!- mode/#tlponies [+o Wikt] by Q
02:16:10 <DoT`> Crisium, <3
02:16:23 <Crisium> dote
02:16:23 -!- Frigo [~Frigo@catv-80-99-5-67.catv.broadband.hu] has joined #tlponies
02:16:40 <Crisium> are you number 1 shoots
02:16:47 <Crisium> 3x higher score than butt
02:16:48 <Crisium> ?
02:20:18 <DoT`> well i got demoted
02:20:22 <DoT`> and shot by bio
02:20:25 <DoT`> so its going well
02:20:30 <Crisium> yay
02:21:30 <Crisium> http://vulpessentia.deviantart.com/art/RD-Background-559738839
03:10:08 <DuB`> That's a nice RD.
03:13:08 <DoT`> .tell crisium <3
03:17:00 <Bio> https://scontent.cdninstagram.com/t51.2885-15/e35/12558750_1011774585570831_234794742_n.jpg
03:18:53 <DoT`> i had a fixed sleep schedule for 2 days
03:18:59 <DoT`> 2 days! a new record
03:21:57 <Camail> gj
03:22:00 <Camail> now sleep
03:22:30 <DoT`> must first read a bit
03:22:40 <DoT`> and calm thoughsts of inadiquecy
03:43:03 <Camail> pls
03:48:13 <Camail> https://www.youtube.com/watch?v=5JuTWu4TRGg
04:03:35 <Bio> https://scontent.cdninstagram.com/t51.2885-15/e35/12558750_1011774585570831_234794742_n.jpg
04:03:44 -!- Rawr|Phone [~Rawr@host-95-195-146-240.mobileonline.telia.com] has joined #tlponies
04:03:58 <Rawr|Phone> I have arrived at home
04:04:07 <Rawr|Phone> 1% battery left
04:04:11 <Rawr|Phone> So pon
04:05:20 <Rawr|Phone>  🐴🐴🐴
04:09:01 <Rawr|Phone> American pons, where u at?
04:10:47 <Camail> stardew valley sold almost 800k
04:10:59 <Camail> at 15  usd per copy, even after fees, thats just so much 
04:11:01 <Camail> just for him
04:11:01 <Bio> Good for that guy
04:11:09 <Bio> games fun
04:11:24 <Camail> and apaprently his publishing deal was very unsupportive but also meant he gets most fo the money
04:11:39 <Camail> so basically he's a multi-millionaire now
04:11:44 <Camail> even after fees and taxes
04:14:25 <Rawr|Phone> What a pon
04:16:59 -!- Rawr|Fone [~Rawr@81-233-7-47-no34.tbcn.telia.com] has joined #tlponies
04:21:23 <BioSleep> nnnnnnnnnnnnnn
04:21:40 <DuB`> <3 Bio!
04:23:31 <BioSleep> lessthan3
04:26:12 <Rawr|Fone> Pls
04:50:39 <DuB`> Camail: Eh, mebbe fites tomorrow if you're around. Pretty pooped already.
04:51:17 <Camail> yea its already late
06:06:11 <Camail> DuB`  lol misclick
06:06:23 <DuB`> Good, you can't watch me on cobble.
06:06:39 <Camail> well i can
06:06:43 <Camail> i just dont want you to stream it
06:06:52 <Camail> would be pointless especially for me
06:07:27 * Camail begins watching DuB` 
06:08:50 <Camail> RIP
06:08:59 <Camail> that wall is bangable, especiallyw ith an awp
06:09:49 <DuB`> Nonono.
06:10:00 <DuB`> Watch the last game where I was like 20-9. :P
06:10:07 <DuB`> Nuuuu.
06:10:10 <Camail> lolol
06:10:13 <Camail> dub
06:10:16 <Camail> I just palyed mm with you
06:10:21 <DuB`> Haha
06:10:23 <Camail> is this really your most embarassing performance
06:10:29 <Camail> surprise, it isn't
06:10:55 <Camail> wanna duo queue in cazuls?
06:11:31 <DuB`> Shoor.
06:11:41 <Camail> wanna wait until you guys lose or what
06:12:32 <DuB`> Well that's now.
06:12:50 <Camail> k
06:13:07 <Camail> should we discord or not, idc honestly its pretty late
06:13:17 <Camail> mindless murder is fine with me
07:06:06 <DuB`> Actually.
07:06:21 <DuB`> I think I may really have a curse to never do well in a game that you have knowledge of.
07:06:40 <Camail> lul
07:06:59 <Camail> i have 0 expectations
07:07:14 <DuB`> Well.
07:07:15 <Camail> you dont even have 100 hours in the game, idle included
07:07:22 <Camail> and over a long period of time
07:07:44 <DuB`> It's just annoying to top my team in every casual and feel fine and confident.
07:07:56 <DuB`> And then not even make a contribution when I'm actually playing with people.
07:08:07 <DuB`> I dunno why!
07:08:12 <DuB`> Mysterious~
07:08:38 <Camail> I'm the opposite
07:08:44 <Camail> i hate playing with strangers
07:09:27 <Camail> part of it might be that you are killing awful players who feed into bad tendancies
07:09:35 <Camail> and when you play with us those tendencies hurt you
07:09:58 <Camail> movement and momentum and general spacial awareness are completely foreign to you
07:10:05 <Camail> which you dont learn in casuals
07:11:56 <Camail> but its also important to know that patience is important
07:12:06 <Camail> but if you see an opening where you need to be you gotta be there
07:12:40 <Camail> but if you're holding an angle, or you want to punish an aggressive play, patience is key
07:12:51 <Camail> but in situations in cache, where everyone was in b main doing nothing
07:13:02 <Camail> that led to you being pinched on both sides
07:13:25 <Camail> this is different from a 5v5 game where t's might play 2-1-2 in order to stop ct's from getting control through pushes
07:13:43 <Camail> where the 2's on the a nd b wings are stagnant and waiting for pushes in good positions
07:13:55 <Camail> which can take as long as 40 seconds of doing nothing
07:21:38 <Camail> at least to me, nothing is more important than running through the maps by yourself and going through all the angles, being reminded of all the places you can go and hold, where you can move without being seen by specific places, etc.
07:23:17 <DuB`> I need to do more stuff like that.
07:23:24 <DuB`> And just playing with grenades, etc.
07:23:42 <DuB`> For now, zZz.
07:25:02 <Camail> zzz indeed
08:22:20 -!- tredc [webchat@90-224-53-116-no56.tbcn.telia.com] has joined #tlponies
08:26:38 -!- Yolteotl [webchat@243.77.126.78.rev.sfr.net] has joined #tlponies
08:26:43 <Yolteotl> .when
08:44:37 -!- Golly [~Golly@1.92-221-121.customer.lyse.net] has joined #tlponies
09:15:35 -!- Frigo [~Frigo@catv-80-99-5-67.catv.broadband.hu] has joined #tlponies
09:23:39 <DoT`> morning ponies
09:25:34 <Rawr|Fone> Dot dot dot
09:26:22 <DoT`> rawr rawr rawr
09:26:23 <DoT`> <3
09:27:02 <Rawr|Fone> <3
09:28:57 <DoT`> http://imgur.com/gallery/NP87H
09:34:32 <Rawr|Fone> How are you dot
09:35:25 <DoT`> rawr http://imgur.com/gallery/wxpJw
09:35:34 <DoT`> waking up rawr
09:35:36 <DoT`> you?
09:35:51 <Rawr|Fone> I just woke up
09:36:00 <Rawr|Fone> Still tired
09:37:58 <Rawr|Fone> Dot http://www.theonion.com/article/investigation-of-what-fell-off-nightstand-postpone-36200
09:41:48 <DoT`> haah
09:53:43 <DoT`> .whe
09:54:42 <DoT`> https://www.twitch.tv/gsl
09:54:44 <DoT`> Yolteotl, 
10:02:07 <Rawr|Fone> Dot
10:02:22 <DoT`> rawr
10:02:40 <Rawr|Fone> Hallo <3
10:03:15 <DoT`> you pon <3
10:08:00 <Rawr|Fone> I like you dot
10:09:11 <DoT`> i like you too rawr
10:09:28 <Rawr|Fone> Aww :3
10:12:11 <Phearlock> Silly work needing help, going to miss the pons.
10:12:13 <Phearlock> Oh well
10:12:22 <DoT`> awww
10:58:05 -!- Frigo [~Frigo@catv-80-99-5-67.catv.broadband.hu] has joined #tlponies
11:05:07 <DoT`> http://ask-majesty-incarnate.tumblr.com/post/142092885101/colored-and-removed-diamonds-horn-i-completely
11:08:09 <DoT`> http://bobdude0.tumblr.com/post/142110742679/i-wanted-to-post-this-for-april-fools-day-but-i
11:18:37 <Yolteotl> shit dot
11:18:41 <Yolteotl> I missed gsl D
11:18:53 <Yolteotl> I was jogging =o
11:21:41 <DoT`> tsk tsk
11:21:44 <DoT`> its still going
11:22:48 <Yolteotl> how many games I missed?
11:23:51 <DoT`> 2 i tihnk
11:30:26 <Yolteotl> AOA
11:30:28 <Yolteotl> <3
11:35:02 <DoT`> you mean the noodle salepeople?
11:36:10 <DoT`> oh 3 games have been played
11:40:59 <Yolteotl> nop
11:41:04 <Yolteotl> its chicken ads dot
11:41:10 <Yolteotl> with girls :p^
11:42:17 <Yolteotl> cure looks good
11:46:00 <DoT`> silly cure, thor buff is only on te test map
11:50:07 <Yolteotl> :p
11:50:11 <Yolteotl> I was so far ahead
11:53:44 <Yolteotl> *he
11:53:46 <Yolteotl> silly me
11:56:19 <DoT`> silly you
11:56:45 <Yolteotl> my favorite french video game website became ad-free yesterday
11:57:01 <Yolteotl> with a crowdfunding system to pay the server \o/
12:01:11 <DoT`> cool
12:01:24 <Yolteotl> they needed 100€/month
12:01:28 <Yolteotl> they already have 250
12:22:34 -!- Oatsmaster [~Oatsmaste@bb121-6-94-41.singnet.com.sg] has joined #tlponies
12:32:28 <DoT`> .when
12:34:30 <Yolteotl> cure is stronk
12:35:40 <Yolteotl> TERRAN:
12:43:03 -!- Lynda [~Lynda@Lynda.users.quakenet.org] has joined #tlponies
12:43:03 -!- mode/#tlponies [+v Lynda] by Q
12:43:04 <Lynda> hi
13:00:29 <DoT`> hello
13:24:02 <DoT`> rawr
13:27:53 <Lynda> http://www.ted.com/talks/adam_grant_the_surprising_habits_of_original_thinkers excellent TED talk
13:32:09 <Cane> Hiya. <3
13:32:17 <DoT`> Hey cane <3
13:34:35 <DoT`> .when
13:35:04 <Rawr|Fone> Dot
13:42:36 -!- Lynda [~Lynda@79.119.19.87] has joined #tlponies
13:42:37 -!- mode/#tlponies [+v Lynda] by Q
13:44:23 <DoT`> hows you rawr?
13:44:40 <Rawr|Fone> Tired
13:45:03 <Rawr|Fone> I fell asleep again and I slept in some weird position
13:45:11 <Rawr|Fone> Now my back hurts a little
13:49:02 <Cane> Rawr, be glad you aren't me. I usually wake up in a fucked up position, like arm between my bed and wall and leg on the floor.
13:49:30 <Rawr|Fone> How does that even happen
13:50:14 <Cane> Dreams, I'll bet.
13:55:37 <Rawr|Fone> My dreams have been weird ever since I got tattoos
13:55:48 <Rawr|Fone> They always look different
13:56:50 <Rawr|Fone> Sometimes they are in another spot
13:56:54 <Rawr|Fone> And I'm like
13:57:04 <Rawr|Fone> Oh, I guess I'm dreaming
14:01:56 <Cane> Oh that's fun.
14:03:09 <Cane> I heard if you want to have lucid dreams, buy a watch that has numbers on it and make a habit of looking at it frequently throughout the day. When you go to look at it in your dream, and you can't read the numbers on the dial, you will realize it's a dream and be able to act.
14:03:34 <Cane> Tattoos sound like a more metal way of doing that.
14:05:32 <Yolteotl> .when
14:06:12 <Cane> Phearlock, the Crosswinds are in town!
14:06:27 <BioSleep> horse
14:06:34 <DoT`> Bio horse
14:07:00 <Cane> Bioooooo
14:07:09 <Bio> hihihihi
14:07:15 <Bio> there are pons soon
14:08:34 <Cane> Yeah, I miss the community element of watching it with everyone but my hatred for 48 commercial breaks > my love for real time pony hype.
14:09:43 <Bio> =)
14:09:48 <DoT`> i just mute the ads
14:10:08 <DoT`> talk about pon while they happen
14:10:08 <Bio> commercials are ingrained into my murrican culture
14:10:47 <Bio> http://imgur.com/9DR4gPD
14:10:50 <Bio> yes.
14:11:24 <Lynda> I try to avoid ads as much as possible, but ironically I might start having to actually watch tv /because/ of the ads, because patients will keep asking me if I know "what that med was from that ad where..."
14:11:49 <Bio> lol
14:12:17 <Bio> you mean, that medicine that literally makes you die by super mega migrane and crapping yourself to dehydration?
14:12:21 <Bio> yeh totes breh
14:12:33 <Bio> =P
14:12:44 <Bio> (minor hyperbole)
14:12:45 <Rawr|Fone> Gak
14:12:50 <Bio> GAK
14:14:08 <DoT`> ?gak
14:14:16 <Lynda> I've seen ads that even completely misrepresent a med's mechanism of action and indications
14:14:18 <DoT`> sweetie please
14:14:32 <Lynda> like ads claiming that painkillers have muscle relaxant properties
14:17:48 <Bio> cobble boys
14:18:00 <Bio> raise ur caaaaaaaans in the airrrrrrrrrrrrrrrruh
14:18:49 <DoT`> shhots have started then
14:18:57 <Bio> almost
14:19:01 <Bio> maps picked
14:19:12 <Bio> cache, cobble, tiebreaker overpass
14:22:32 <DoT`> i want to see an overpass
14:24:45 <DoT`> https://gfycat.com/AjarDirtyAffenpinscher
14:29:11 <DoT`> time to pick a pony stream
14:30:49 -!- AndroUser2 [~androirc@243.77.126.78.rev.sfr.net] has joined #tlponies
14:31:00 <Bio> ponstrim
14:32:07 <DoT`> http://original.livestream.com/otakuascendedlive    http://www.bronystate.net/
14:33:53 -!- skram [~skram@ip-175-146-106-77.eidsiva.net] has joined #tlponies
14:33:53 -!- mode/#tlponies [+v skram] by Q
14:34:44 <DoT`> Jonas <3
14:34:59 <skram> Hej Bjørn
14:38:34 <skram> Are you watching teh shoots
14:47:28 <Rawr|Fone> Skram
14:49:55 <Bio> hoers tiem
14:50:04 <Yolteotl> .when
14:57:15 <skram> rawr
14:57:36 <Rawr|Fone> Hallo 
14:57:55 <skram> hej på dej
14:58:25 <DoT`> i am skrammen
14:58:49 <skram> i think thats me
15:05:24 <Rawr|Fone> Who knows
15:05:36 <Rawr|Fone> Maybe we are all skrammen
15:08:43 <Bio> freeeeeennnnss
15:14:10 <Bio> panpon
15:14:25 <Bio> vp playing pretty okay so far, but lg's T side is prty good
15:15:14 <skram> this match is boring
15:15:26 <skram> navi astralis gonna be really interesting tho
15:19:17 <Yolteotl> is haxmega ded?
15:19:31 <DoT`> yes
15:19:37 <Yolteotl> :(
15:19:59 <Bio> rip
15:20:43 <Yolteotl> i'm so lost this year
15:21:46 <Rawr|Fone> Not so pon
15:23:15 <DoT`> here you go yolt
15:23:16 <DoT`> https://www.youtube.com/watch?v=1FwtC-1bpx0
15:23:24 <Yolteotl> http://www.bronystate.net/ this one has funny vids
15:26:50 <DoT`> did you listen to hardware store yet yolt?
15:28:15 <Yolteotl> I can't do it without haxmega
15:30:30 <Yolteotl> time to pon
15:30:31 <Yolteotl> pons
15:30:32 <Yolteotl> pones
15:30:34 <Yolteotl> ponies
15:30:40 <DoT`> PONY
15:30:41 <skram> calm down
15:30:42 <tredc> pon
15:30:51 <DoT`> NO SKRAM
15:30:54 <DoT`> hype!
15:31:06 <DoT`> rara business expansion
15:31:39 <DoT`> MAAUUUD
15:31:50 <AndroUser2> Dot you are ahead :(
15:31:51 <DoT`> what a pon
15:32:22 <DoT`> odd, my stream has been open for an hhour, normaly gets a bit behind by then
15:32:42 <DoT`> i am using bronystate
15:34:00 <AndroUser2> I restarted
15:34:38 <Bio> mauds
15:34:39 <skram> I also want a ROCKTORATE
15:34:42 <Bio> ponkie pls
15:35:15 <DoT`> rock pouch
15:35:59 <DoT`> (angry horse noises)
15:36:01 <AndroUser2> Secret plan
15:36:22 <Bio> PONKIE
15:36:23 <Bio> PLS
15:36:49 <skram> lol
15:36:54 <AndroUser2> So tiny
15:36:54 <DoT`> what a pon
15:37:57 <DoT`> that snile
15:38:01 <DoT`> smile*
15:38:19 <DoT`> wobbly hoof
15:39:08 <DoT`> pinkie scaring ponies
15:39:16 <AndroUser2> Steal it !
15:39:19 -!- Frek [~Rane_Livi@c-69-254-21-231.hsd1.fl.comcast.net] has joined #tlponies
15:39:20 <Bio> ponki gonna get arrested
15:39:22 <Frek> whew just made it
15:39:23 <AndroUser2> Oops
15:39:26 <DoT`>  yo frek
15:39:36 <DoT`> yous late D:
15:39:51 <Bio> fallen is just getting plowed
15:40:01 <skram> PHRASING
15:40:28 <Bio> appropriate phrasing
15:40:38 <Bio> virtous plow
15:41:14 <Bio> DoT`!
15:41:18 <Bio> lets graze!
15:41:20 <Bio> nom nom
15:41:28 <Bio> snack80
15:41:40 <Bio> HELP
15:41:49 <Frek> o.o
15:41:51 <Bio> I"M AN 8 YEAR OLD WITH DIABEETUS
15:42:06 <DoT`> i tihnk ads are bad for ameericans
15:42:28 <Yoltphone> I think americans are bad for americans
15:42:51 <Bio> u wot m98\
15:43:04 <DoT`> poor pink pon
15:43:23 <DoT`> haha
15:43:32 <Yoltphone> Silly oinkie
15:43:35 -!- Lynda [~Lynda@79.119.19.87] has joined #tlponies
15:43:35 -!- mode/#tlponies [+v Lynda] by Q
15:43:56 <Yoltphone> Rude
15:43:56 <Bio> theme drop
15:44:06 <Frek> oh shit
15:44:21 <Frek> the music
15:44:22 <Frek> <3
15:44:29 <DoT`> elitest rocks
15:44:35 <Frek> that sounded like FiW lol
15:44:42 <DoT`> TWILY CANE
15:44:59 <Frek> ahahaha
15:45:05 <DoT`> lol
15:46:06 <DoT`> its not like rara can sew things
15:46:15 <Bio> oh god
15:46:21 <Bio> HORSE MAFIA
15:46:37 <DoT`> this pon
15:46:37 <Yoltphone> Oh dear
15:46:58 <Yoltphone> But
15:47:06 <Bio> T_T
15:47:17 <Frek> oh nooo
15:47:18 <Frek> the cannon
15:50:43 <DoT`> pons
15:51:56 <Yoltphone> Cannon D:
15:51:58 <Bio> oO
15:51:59 <Yoltphone> Oh nooo
15:52:07 <Frek> yup
15:52:09 <Bio> rarity ponk
15:52:24 <Yoltphone> Worst ep ever
15:52:36 <DoT`> PANIC
15:52:43 <Yoltphone> Poor pinkie
15:52:49 <Yoltphone> Poor cannon
15:52:55 <Bio> inb4 maud gets her a bigger party cannon
15:53:23 <Bio> SONG
15:53:27 <DoT`> song?!
15:53:35 <Yoltphone> Picnixc
15:53:38 <Bio> BEST SONG SEASON 6
15:53:39 <DoT`> what a voice
15:53:56 <Frek> hey
15:54:03 <Bio> LOL
15:54:31 <Bio> AWWWWWWWWWWWWW
15:54:35 <Bio> T_TT_T_T_T_T_T_T_T
15:54:35 <DoT`> D:
15:54:40 <Bio> 5EVER
15:54:44 <DoT`> 5ever
15:54:58 <DoT`> haha
15:55:03 <Frek> 5ever wtf lol
15:55:42 <Yoltphone> Wawity
15:56:05 <Bio> T_T
15:56:09 <Yoltphone> Creepy pon
15:56:41 <Bio> maud pls
15:56:57 <Bio> maud sense
15:56:57 <Frek> oh shit
15:57:00 <DoT`> ooo
15:57:02 <Frek> maud gonna break some legs
15:57:16 <Yoltphone> Maud is stronk
15:57:39 <Bio> INTIMIDATING PON
15:58:28 <Bio> T_T
15:58:33 <Bio> FEELS
15:58:42 <DoT`> what pons
15:59:26 <Bio> PSSDWR
15:59:35 <DoT`> paniced pon
16:00:07 <Frek> that wink tho
16:00:16 <Bio> maud/10
16:00:17 <DoT`> nice pony
16:00:43 <tredc> good epidode
16:02:46 <Frek> yea solid
16:02:55 <Yolteotl> rock sold
16:07:46 * DoT` hugs Bio
16:08:15 -!- carcinisation [~reificati@cpc76294-cosh16-2-0-cust297.6-1.cable.virginm.net] has joined #tlponies
16:09:00 <Bio> cobble DoT`
16:09:38 <DoT`> i was up too late last night
16:10:14 -!- DuB` [DuB@66-219-213-203.dynamic.ip.veracitynetworks.com] has joined #tlponies
16:10:16 <DuB`> Ohayou~
16:10:17 <DoT`> DAB
16:10:24 <DuB`> DAT
16:10:25 <DoT`> you misse pony agian
16:10:39 <DuB`> ... Oh!
16:10:41 <DuB`> Oh dear.
16:13:03 <DoT`> >:(
16:15:50 <DuB`> http://assets.amuniversal.com/89c0c130d1bf01334b11005056a9545d
16:15:50 <DoT`> Spoilers https://derpicdn.net/img/view/2016/4/2/1122535.gif
16:15:53 <DoT`> dont look dub
16:16:15 <DuB`> But that rarity is so cute!
16:16:18 <DuB`> How could I not!
16:16:26 <DoT`> ruined dub :/
16:16:49 <DoT`> i cant post any pics now becuase you open them 
16:17:31 <DoT`> http://i.imgur.com/5PuVSSF.jpg
16:17:58 <DoT`> lg still havnt won? takin gthier time
16:18:10 <Bio> vp did rly good on cache
16:18:39 <Bio> but its all LG on cobble
16:24:17 <skram> HI DØB
16:27:03 <DoT`> https://derpibooru.org/1122511
16:27:27 <skram> DoT` I dont think DuB` likes me anymore after last nights shoots
16:27:37 <DoT`> probably
16:27:42 <DuB`> ???
16:27:45 <DuB`> I love skram.
16:27:46 <DuB`> Pls.
16:27:47 <skram> I only yelled like once
16:28:05 <DoT`> it goes with his love to block doorways
16:28:17 <DoT`> :P
16:28:18 <skram> haha
16:36:47 <DuB`> We'll see if we can get another win today.
16:37:00 <DuB`> If not, I think the rate of 1 per week is going to hold. :P
16:41:27 <skram> 2 per week
16:41:40 <skram> that way you get your rank in little over a month
16:41:57 <DoT`> all we need to do is not lose
16:42:21 <skram> pratice overpass dot
16:42:43 <DuB`> But skram, I only need two more!
16:43:07 <skram> next weekend woo!
16:43:30 <DoT`> skram, its confusing when trhings like "watch moster" are said, i watch monster, but then im too far back. i could have easly been more forward and killed
16:43:37 <DoT`> then it would have been "why where you so close"
16:44:45 -!- Lynda [~Lynda@79.119.19.87] has joined #tlponies
16:44:45 -!- mode/#tlponies [+v Lynda] by Q
16:45:38 <Bio> br cs getting sad
16:47:21 <DuB`> :(
16:47:52 <DuB`> I like brazilians.
16:47:53 <DoT`> br?
16:47:57 <DoT`> oh
16:48:00 <DuB`> Met so many amazing brazilian people in japan.
16:48:21 <skram> were they loud and yell-y
16:48:34 <DuB`> Naw.
16:48:40 <DoT`> https://www.twitch.tv/wardiii
16:48:41 <DoT`> mana!
16:48:43 <DuB`> Just super lovey!
16:48:46 <DuB`> And kind.
16:53:59 <DuB`> Wew!
16:55:03 <Bio> PON
16:55:05 <Bio> and pon
16:55:10 * Bio licks DuB`
16:55:18 <DoT`> Bio
16:55:28 <DuB`> :O
17:01:01 <Bio> yes
17:19:00 <Bio> parsnips
17:20:05 <DoT`> i should famr more parsnips'
17:20:35 <Bio> 60 parsnips
17:26:25 -!- skrma [~skram@ip-175-146-106-77.eidsiva.net] has joined #tlponies
17:26:25 -!- mode/#tlponies [+v skrma] by Q
17:26:35 <skrma> A bluescreen! Waooow.
17:27:27 <Rawr|Fone> D:
17:28:36 <DoT`> oh dear
17:44:12 <Bio> christ there is a banshee on the cs stream
17:45:50 <Bio> multiple banshees
17:45:53 <Bio> kill with fire
17:46:39 <Bio> KNIF
17:46:40 <Golly> lol
17:46:44 <Bio> KNIFE KILL
17:46:54 <DuB`> ROFL
17:46:57 <DuB`> OOOOOOOHMAN.
17:47:04 <Bio> EEEEEEEEEEEEEEEEEEEEEEEEEEE
17:47:12 <Bio> EEEEEEEEEEEEEEEEEEEEEEEEEE
17:47:15 <Bio> ASJKDLG;ASHG
17:47:18 <Bio> pls stahp
17:47:24 <DuB`> SRS
17:55:28 <DoT|Phone> Rawr cane
17:55:36 <DoT|Phone> https://imgur.com/gallery/JkMhv
17:57:19 <Rawr|Fone> Dot
18:01:51 <skrma> I ate about 3000 tacos and now my head hurts
18:02:13 <DoT|Phone> https://imgur.com/gallery/IKNMDWn
18:04:10 <CockRoach|42> .ponyv s06e03 http://www.dailymotion.com/video/x41l3kq
18:04:26 <CockRoach|42> .ponyv
18:04:30 <CockRoach|42> .ponyv + s06e03 http://www.dailymotion.com/video/x41l3kq
18:13:17 <DoT|Phone> .tell runbunny https://imgur.com/gallery/dugoR
18:15:37 -!- Lynda [~Lynda@79.119.19.87] has joined #tlponies
18:15:37 -!- mode/#tlponies [+v Lynda] by Q
18:17:15 <Bio> OH MY GOD
18:17:21 <Bio> SHUT THE HELL UP BANSHEE
18:17:37 <Bio> GG LG GG VP
18:17:57 <skrma> boring series
18:21:22 <DuB`> Yay LG!
18:21:59 <DoT|Phone> give liquid
18:22:34 <motbob> DENMARK VS RUSSIA
18:22:52 <DoT|Phone> yay Denmark
18:25:46 <Golly> pffft, cobblestone souvenir and it didnt even give me a dragon lore
18:25:49 <Golly> what a rip off
18:29:31 <DoT|Phone> send it back to gaben
18:37:03 <Bio> pls
18:37:10 <Bio> I no even get drops TT
18:37:40 <DuB`> Do you just have to be watching and have account linked?
18:37:44 <Golly> yup
18:37:47 <DuB`> Gib box plis.
18:37:49 <Bio> yeh
18:37:56 <DuB`> Dun even need keys! :P
18:38:25 <DuB`> https://www.twitch.tv/gosugamers
18:38:34 <DuB`> Meahwhile iddqd gets more free money.
18:39:41 <skrma> Why do all eastern european countries look bleak and desolate
18:40:01 <DoT|Phone> they are mysterious
18:40:38 <DoT|Phone> .tell camail https://m.reddit.com/r/StardewValley/comments/4czt18/i_coded_this_now_need_actual_art_4x_resolution/
18:40:48 <skrma> ladislavs dad seems like a champ tho
18:41:01 -!- Camail [~Camail@38.69.8.163] has joined #tlponies
18:41:01 -!- mode/#tlponies [+v Camail] by Q
18:41:19 <Bio> hi cam
18:41:23 * skrma slaps Camail around a bit with a large trout
18:41:26 <Bio> lg vs vp over
18:41:35 <Bio> naver vs astralis next
18:42:07 <Camail> rip polish sausage
18:42:13 <Bio> rip
18:42:26 -!- Crisium [webchat@dhcp-pa-173-233-10-196.consolidated.net] has joined #tlponies
18:42:26 <Bio> fallen did gud
18:42:32 <DoT|Phone> oh it's camamail
18:42:35 <Bio> shoulda picked cold tho
18:42:53 <skrma> why is vp so bad tho
18:42:53 <Crisium> new episode in HD anywhere?
18:42:58 <DoT|Phone> crisium. why you miss pony
18:42:59 <skrma> they have some of the best players in turop
18:43:00 <Bio> he played rly gud
18:43:06 <skrma> yuuurop
18:43:17 <Crisium> ill watch it nao dote
18:43:26 <Crisium> ?episode
18:43:33 <Crisium> nope
18:43:34 <Crisium> lol
18:44:00 <DoT|Phone> cr halp
18:44:09 <Bio> rip
18:44:31 <DoT|Phone> .ponyv s06e03
18:45:13 <skrma> https://i.imgur.com/hsrGray.webm
18:45:49 <DoT|Phone> they have done that before
18:46:04 <skrma> i bet they are chavs dot
18:49:15 <DoT|Phone> or Swedish
18:49:25 <Crisium> ! maud
18:49:31 <Crisium> shame on me for missing this
18:49:37 <DoT|Phone> indeed
18:49:46 <Crisium> she is best grey pon
18:51:31 <DuB`> Greyshy!~<3
18:51:34 <DoT|Phone> oi. bat pons are grey
18:52:06 <CockRoach|42> DoT|Phone+
18:53:36 -!- DoT|Phone [~Dot@90.218.72.141] has joined #tlponies
18:55:18 <skrma> dat product placement
18:55:19 <Bio> PUT URRR CAAAAAAAAANSSSSS IN THE AIIIIIIRRRRRRRRRRRRRUUUUUUUUUUUUHHHHHHHHHH
18:55:38 <skrma> sadokist with the liquid pin
18:55:40 <skrma> CASTER BIAS
18:55:55 <Bio> https://www.youtube.com/watch?v=oCS6G0wLsmA
18:55:55 <DuB`> I want one!
18:57:01 <skrma> LOL
18:58:04 <Yolteotl> https://www.youtube.com/watch?v=2SnsZJR55Zo
18:58:05 <skrma> http://i.imgur.com/9eAaZh7.jpg bio
18:58:48 <DuB`> Ooooh!
18:59:43 <skrma> is it superfan dave
18:59:44 <skrma> woo
19:00:10 <Bio> CUZ AMERICA
19:00:10 <DuB`> LOL
19:00:14 <DuB`> The adept!
19:00:15 <Bio> I LOVE THIS GUY
19:00:42 <Bio> SICK PUCKETT
19:07:55 <Rawr|Fone> 🐴🐴🐴
19:09:19 <Camail> thorin with actual doubt
19:09:23 <Camail> what a day to be alive
19:10:03 <Bio> Ha
19:10:10 <Bio> I went with naver
19:10:20 <Bio> though it probably doesn't matter
19:10:26 <Phearlock> Hello luv pons I am home
19:10:30 <Bio> I need to pick the winner to get gold pickem
19:10:38 <Bio> hi pear
19:10:42 <Bio> go watch pon
19:10:44 <skrma> hej pear
19:10:45 <Bio> =D
19:10:52 <skrma> no go watch shoots
19:10:57 <skrma> denmark gonna win, mark my words
19:12:19 <Phearlock> unless there is something important in shoots right now I will pon.
19:12:59 <skrma> pon is forbidden
19:13:07 <Camail> lmao hop over the nade
19:13:20 <Phearlock> skram I am a grown man and you cannot tell me what to do.
19:13:33 <Phearlock> You can only bribe me.
19:14:10 <Camail> rip atralis
19:14:35 <skrma> I dont think I have anything you want, Phearlock
19:14:45 <Phearlock> exactly
19:14:50 <Bio> naviers
19:14:58 <skrma> What about a copy of BYGG FLY MED MULLE MEKK? You like flight sims, right?
19:15:07 <Phearlock> no I'm good.
19:15:19 <Phearlock> I'll put up the shoots stream on the laptop though.
19:15:39 <CockRoach|42> skrma: 360 noscope pls
19:16:15 <Crisium> maud / 10
19:16:24 <Camail> inferno isn't very fun to watch
19:16:52 <skrma> I wish they'd pick overpass instead
19:18:13 <skrma> astraling doing navi tacs against navi
19:18:16 <skrma> astralis
19:18:46 <Camail> you have to on inferno
19:19:00 <Camail> cts can smoke banana for most of the round
19:19:13 <Camail> especially if they play it really smart and dont chain smoke
19:19:19 <Bio> + molly now too
19:19:39 <skrma> true
19:20:17 <skrma> Navi looks stronk though
19:20:18 <Phearlock> I love these pons.
19:20:30 <Bio> ponkie
19:20:35 <Bio> is ponkie poie
19:21:56 <DoT`> haha that starcrafts
19:22:09 <DoT`> whats happening to the danes, please
19:22:37 <DoT`> thast better
19:22:43 <skrma> YEAH CHICKEN WOO
19:22:51 <Camail> CHIKEN
19:22:55 <Phearlock> This chicken is the most important part
19:22:56 <DuB`> WOOP WOOP
19:23:00 <DoT`> ahha
19:23:01 <Bio> CHICKEN CHICKEN CHICKEN
19:23:05 <Bio> NA CROWD
19:23:05 -!- DoT|Phone1 [~Dot@90.218.72.141] has joined #tlponies
19:23:11 <Camail> he found himself into a major match
19:23:14 <skrma> I wonder if navi thinks they are shouting chicken at them for saving rifles
19:23:20 <DuB`> Hahahahah!
19:23:34 <Bio> In be4 reset
19:23:39 <Phearlock> lol the cane
19:23:43 <Phearlock> or scepter
19:23:46 <Phearlock> sorry for the ping
19:23:51 <Bio> memes on memes on memes
19:24:13 <Bio> this ep was pretty slice of lifey, very fun
19:24:18 <Cane> Phearlock, my Crosswinds are in town, I'll get to go pick them up tomorrow probably. <3
19:24:48 <Camail> chicken is important
19:25:19 -!- Camail [~Camail@38.69.8.163] has joined #tlponies
19:25:19 -!- mode/#tlponies [+v Camail] by Q
19:25:41 <skrma> astralis has had some excellent site executes this tournament
19:25:58 <DoT`> booped
19:26:07 <DuB`> Boostboop~\
19:26:25 <Camail> people are being extra big cam whores right now
19:26:29 <Camail> to try and meme themselves
19:26:33 <Camail> sorry aint gonna work
19:26:39 <DoT`> https://derpiboo.ru/1122551
19:26:42 <Camail> we've filled the quota 
19:27:09 <Bio> forced memes
19:27:43 <Cane> I gotta get me a Vive, but it's so freaking expensive outside of the US.
19:28:20 <skrma> I got taxes back so I checked out VR devices, but I would have to buy a new PC first :p
19:28:21 <Cane> Instead of $800 it's like $1053 here. Huge import taxes plus the internet thinking $ = 
19:28:49 <skrma> Elkjøp is gonna have the Vive on sale some time before summer though, Cane.
19:28:58 <Cane> skrma, is it really?
19:29:09 <Cane> I had no idea. I'll have to ask my local shop to stock them.
19:29:19 <skrma> I got a mail about it
19:29:24 <Cane> Sweet.
19:30:28 <skrma> http://www.elkjop.no/cms/htc-vive-virtual-reality/htc-vive-opplev-ekte-virtual-reality
19:31:05 -!- Frigo [~Frigo@catv-80-99-5-67.catv.broadband.hu] has joined #tlponies
19:32:35 <DoT`> ded
19:33:05 <DoT`> http://mechagen.deviantart.com/art/Dragon-and-two-ponies-600583260
19:34:48 <skrma> hihihi
19:35:14 <DoT`> hi skram
19:35:25 <skrma> No dot, I am tittering
19:36:03 <DoT`> seems very swedish to me
19:36:11 <skrma> how dare u
19:38:29 <Phearlock> Oh man this ep was fantastic.
19:38:41 <DoT`> it was indeed fun
19:38:51 <DoT`> now if dub just watched pony
19:38:55 <DuB`> :D
19:38:57 <Bio> yeh dub
19:38:58 <DuB`> After shoots.
19:39:00 <Bio> it has fancypon
19:39:18 <DuB`> Good!
19:39:22 <skrma> GuardiaN is not doing very well so far
19:39:28 <skrma> I bet his dad is disappointed
19:39:28 <Bio> guardian is getting rekt by device
19:39:37 <skrma> poor Ladislav
19:39:38 <Phearlock> but yeah this was exactly the sort of slice of life pon I like
19:39:44 <Phearlock> <3
19:40:09 <Bio> hell even the premiere wasn't OMG WORLD THREATENING BADDIE
19:40:20 <DoT`> i would like more whole mane6 slice of life
19:40:30 <Bio> and the product placement babby was fineish
19:40:53 <skrma> ?
19:41:09 <skrma> what product placement babby
19:41:12 <DoT`> rip
19:41:45 <Camail> DoT`  oh you mean that thing that never happened the first four seasons other than like 3 episodes
19:42:20 <Phearlock> I think that's why he wants more of it
19:42:24 <DoT`> they are the best cam
19:43:16 <DoT`> https://www.youtube.com/watch?v=XzIGHgWejf8
19:45:42 <DoT`> Phearlock, https://derpiboo.ru/1122599
19:46:30 <Phearlock> oh man
19:46:43 <Phearlock> that's terrible and fantastic
19:48:30 <skrma> Well that was quick
19:48:32 <DoT`> lol
19:48:43 <Bio> RASH BEE NO CYKA STAHP
19:51:49 <DoT`> ouch
19:56:10 <skrma> guardian waking up i guess
19:57:39 <Bio> Hope so for navers
19:57:42 <Bio> he needs to play well
19:57:54 <Bio> but it seems like he's dodging device a bit
19:57:56 <skrma> nah astralis win pls
20:00:12 <Bio> nein
20:00:14 <Bio> remove danes
20:00:34 <Phearlock> The scandinavian hope!
20:01:21 <skrma> swedem faoøed
20:01:27 <skrma> send in the danes
20:01:29 <skrma> failed
20:05:01 -!- Holmir [~Holmir@h-176-10-249-93.na.cust.bahnhof.se] has joined #tlponies
20:06:38 <Bio> game is clolse
20:06:47 <DoT`> please danish ppl
20:07:22 <Camail> commies > vikings
20:07:52 <Bio> swagged on
20:07:52 <DoT`> Heathen
20:11:13 <Bio> how
20:11:18 <Bio> does nave lose that
20:11:31 <Phearlock> pistols stronk
20:12:50 <DoT`> his face
20:16:34 <motbob> Do commentators normally use "match" or "set" to describe a CS:GO Bo3/Bo5
20:17:16 <skrma> uuh match usually refers to a game and they use series to describe a bo3/5
20:17:27 <skrma> afauj
20:17:29 <skrma> afaik
20:17:54 <DoT`> \o/
20:18:02 <Phearlock> Danmark!
20:18:57 <Bio> device is so good
20:19:12 <DoT`> lol
20:19:15 <skrma> or not LOl
20:19:17 <Bio> ?????????
20:19:19 <Phearlock> jinxed it bio
20:19:24 <skrma> thanks fucker
20:19:25 <Bio> ??????????????????
20:19:29 <DoT`> snela
20:19:32 <Bio> LOL
20:19:42 <Bio> ROFL
20:19:45 <skrma> this is gonna go to OT
20:19:55 <Bio> figures the 1 mistake he makes
20:20:01 <Bio> loses the round
20:20:13 <Camail> navi played the last 2 rounds really well
20:20:14 <skrma> 31 kills on Edward
20:20:20 <skrma> dude is carrying navi
20:20:24 <Bio> bet he was yellign guy in cubby, astral all turned around, then navi jumped out and slain
20:21:56 <DoT`> D:
20:21:58 <Bio> NO BOMB
20:22:05 <Bio> ?????????
20:22:11 <Bio> holy crap
20:22:12 <DoT`> blarg
20:22:15 <DoT`> bork
20:22:20 <DuB`> !
20:22:28 <Bio> nice play
20:22:28 <Phearlock> Denmark plz D=
20:22:31 <skrma> fuuuuuuuck
20:22:51 <DoT`> .tell runbunny WHHHYYYY
20:23:07 <Bio> its all anders' fault
20:25:46 -!- Mag_ [~Mag@107.92-221-99.customer.lyse.net] has joined #tlponies
20:42:24 <Camail> hopefully they hit 1million for GF
20:43:36 <Bio> they should, if fuckin mous vs flipside hit 1.1
20:44:51 -!- FlutterAi [~FlutterAi@adsl-98-93-44-20.owb.bellsouth.net] has joined #tlponies
20:45:03 <FlutterAi> DoT`!
20:45:07 <FlutterAi> were ponies good
20:45:10 * FlutterAi is back
20:45:11 <DoT`> yo flutters
20:45:26 <Phearlock> I thought ponies were lovely
20:45:36 <DoT`> .ponyv s06e03
20:46:42 <skrma> DENMARK WHAT U DOING
20:46:46 <skrma> U R DOING ME A CONCERN
20:47:13 <DoT`> supplying me with anxiety
20:47:22 <FlutterAi> heck, skrma
20:50:43 <Phearlock> lol "na flash"
20:50:47 <Phearlock> lots of NA respect in twitch
20:53:20 <Camail> things are getting bad
20:53:38 <Phearlock> navi wrecking faces
20:58:47 <DoT`> yay
20:58:59 <skrma> comeback
20:59:00 <skrma> pls
20:59:06 <Phearlock> close game pls
20:59:57 <FlutterAi> DoT`: mauds are gone post ponies?
21:00:27 <Phearlock> Post ponies whenever you want
21:00:56 <Phearlock> This is a pony approved chat
21:01:13 <FlutterAi> woo
21:05:01 <DoT`> well post ponies flutters, im waiting
21:05:14 <Bio> herp derp
21:05:16 <FlutterAi> but but
21:05:19 <Bio> peek awp 1 at a time
21:05:29 <FlutterAi> I'm only 1/4th through episooooode
21:05:31 <Phearlock> FAILURE
21:05:32 <Bio> l;kdsgjkakd;ls'sfjhgk;lasd'fjklh;'asd
21:05:32 <Bio> fjklhl;'
21:05:32 <Bio> sdkfl'
21:05:32 <Bio> afsd
21:05:33 <Bio> hj
21:05:33 <Bio> s'ldjfh
21:05:34 <DoT`> ................
21:05:36 <Bio> LOL
21:05:39 <DoT`> why you do this
21:05:40 <Bio> WHAT ARE YOU DOING
21:05:52 <FlutterAi> multitasking? :s
21:06:07 <Bio> flaster pls
21:06:09 <Bio> not u
21:06:10 <Camail> Bio  do you know if the price of souvenir cases goes up over time
21:06:15 <Camail> i imagine they do
21:06:23 <Camail> because scarcity and all that
21:06:27 <Bio> probably
21:06:36 <Bio> haven't really paid attention to them
21:08:14 <Camail> ehhhh
21:08:19 <Camail> it looks like the kinda dont
21:08:32 <Phearlock> And yeah FlutterAi don't worry the failure was CS:GO stream related xD
21:08:35 <Camail> 2014 cases are expensive but theres only like 10 of each of those
21:08:39 <Bio> only one that really matters is cobble
21:08:45 <Camail> and th eone i got is just for pistols so w/e
21:09:31 <Bio> cuz yolo dragonlore
21:11:47 <FlutterAi> oh hokey ._/
21:13:14 <Bio> off to do nerd stuff
21:13:21 <BioAFK> baiiii
21:13:21 <DuB`> :O
21:13:25 <DoT`> liquid soon bio
21:13:51 <BioAFK> liquid take my energy
21:13:54 <BioAFK> not my ksins
21:13:57 <BioAFK> skins
21:18:25 <DoT`> http://i.imgur.com/0kr8OJq.gifv
21:21:28 <Phearlock> plz
21:21:35 <Phearlock> gimme more ponies
21:21:51 <Phearlock> oh dear Luna http://magnaluna.deviantart.com/art/Lunatic-Princess-600596077
21:22:13 <Phearlock> http://paperdrop.deviantart.com/art/Nightttt-600573136 The night is fuzzy and huggable
21:23:26 <DoT`> denmark :(
21:24:04 <Phearlock> Denmark VAC banned 5ever
21:25:09 <Phearlock> Denmark so sad =(
21:27:02 <Camail> geegee
21:27:09 <Camail> now its time for our community to band together
21:27:25 <Camail> and hope to godjesus gypsy that liquid win
21:27:30 <Camail> maybe fer gets aids?
21:28:17 <DuB`> LEQUED
21:30:24 <skrma> well taco is cancer so maybe he drops
21:34:30 <Phearlock> this burn by the casters
21:34:32 <Phearlock> no mercy
21:35:18 <Camail> i wanna shoot so bad
21:35:23 <Camail> but gotta watch
21:35:26 <Camail> ugghh
21:38:23 <Camail> IT IS DESTINY
21:38:32 <Phearlock> Stage advantage
21:38:39 <Camail> 1p advantage
21:38:42 <DuB`> https://youtu.be/raj-tT-iUM8
21:52:38 -!- BioPhone [~Bioandroi@166.175.62.131] has joined #tlponies
21:53:07 <BioPhone> Horses
21:53:12 <DoT`> bio horse
21:53:16 <Golly> inb4 16-0
21:53:20 <DoT`> why did you abandon us
21:54:10 <Camail> welp
21:54:14 <Camail> here it goes
21:54:28 <Camail> usa cape!
21:54:34 <DuB`> USA USA USA
21:54:38 <DuB`> LIQUID LIQUID LIQUID
21:54:39 <BioPhone> MURICA
21:54:52 <Phearlock> U S A
21:55:40 <Holmir> U S A 
21:55:53 <Camail> crowds are always sos hit at chanting
21:56:00 <Camail> amazing how most people dont have rhythm
21:56:05 <DuB`> Haha.
21:56:21 <Camail> like jesus play an instrument
21:56:49 <skrma> bro i know you're kind of a big deal on the recorder but please get off the horse camail
21:57:07 <Camail> 1. i was like top 3 in my class
21:57:10 <Camail> 2. shut ur face
21:57:40 <Holmir> There's no gettin off the horsetrain rite now
21:57:43 <Holmir> not while liquid is playin
21:58:41 <Phearlock> Literally horse team
21:58:47 <Camail> they are all horses
21:58:52 <Camail> no longer human
21:59:09 <Camail> I BELIEVEEEEEEEEE
21:59:17 <skrma> what a bunch of inbred hicks
21:59:51 <BioPhone> THEY HAVE NO REGARDS FOR HUMAN LIFE, LOOK AT THEIR SOULLESS EYES
22:01:55 <Holmir> Sweden YES
22:02:06 <Camail> lmao
22:02:15 <DuB`> AMEEEERICA~
22:03:29 <DoT`> the delaying
22:04:29 <DuB`> My stream keeps breaking...
22:04:35 <DoT`> oh dear
22:05:00 <Holmir> Wow
22:05:10 <DuB`> Pls scoots.
22:16:52 <Camail> lmfao
22:16:53 <Camail> james pls
22:16:55 <Holmir> ebin
22:17:49 <DuB`> Bad words!
22:19:13 <DuB`> HIIIIIKO
22:19:17 <Camail> fdjgnadergnjkaedrgakeaeth
22:19:19 <carcinisation> hiko!
22:19:20 <Phearlock> Yeah!
22:19:20 <Camail> FUCKING HIKO
22:19:21 <Camail> AHAHAHAHAHA
22:19:21 <DoT`> amg
22:20:25 <DuB`> fnx pls
22:20:44 <Camail> this is why i hate the deagle
22:20:49 <DoT`> dont kill our dreams
22:21:50 <skrma> hahah
22:22:02 <skrma> that double peek didnt go very well
22:24:41 <BioPhone> Horses pls
22:25:01 <Phearlock> ur not a fox, stop bouncing
22:25:44 <DuB`> WHA
22:25:47 <skrma> LOL
22:25:49 <Phearlock> hahaha
22:25:50 <skrma> LOL
22:25:50 <DuB`> Why is fer alive????
22:25:50 <Camail> wtf
22:25:51 <Rawr|Fone> 🐴🐴🐴
22:25:53 <Camail> wtffffff lol
22:25:54 <DuB`> S1MPLE WAT
22:27:27 <BioPhone> S1MPLE ARE U KIDDING MEH
22:30:35 <Camail> fuuuuck
22:32:06 <DoT`> fnx.. 
22:32:28 <Camail>  my stream is dying
22:32:40 <DoT`> like our dreams
22:33:11 <skrma> liquid is getting outskilled man
22:34:27 <BioPhone> Liquid plsssss
22:38:05 <DuB`> WOOP WOOP
22:38:14 <Phearlock> almost even!
22:38:25 <DoT`> \[T]/  praise the sun
22:38:28 <carcinisation> looking a bit better
22:38:43 <Holmir> AAAAH WHY DIS
22:38:43 <Phearlock> oh dear
22:38:44 <Holmir> NEGEV
22:38:44 <DuB`> NEGEV~~~
22:38:52 <skrma> WHY DOES HE HAVE A NEGEV
22:38:54 <DuB`> ROOOOOOOOOOFL
22:38:54 <DoT`> LOL
22:39:14 <Holmir> CATASTROPHIC
22:39:15 <DuB`> pls
22:39:22 <DoT`> awww
22:39:42 <skrma> well done, you lost 5700 dollarinos
22:40:19 <DuB`> NO PROB.
22:41:26 <DuB`> YEEEEEEEEEEHHHHH
22:43:15 <DuB`> EEEEEEEEEE
22:43:25 <carcinisation> USA USA
22:43:39 <Camail> hgj
22:43:44 <DoT`> yay~
22:44:03 <BioPhone> MURRICA
22:45:04 <skrma> waow
22:45:25 <skrma> doesnt matter if you do flashy shit when you get SHOT IN THE FACE
22:46:14 <DuB`> WOOOOOOOOOOP
22:46:34 <Camail> USA
22:48:03 <BioPhone> Lol, the reddit livethread is full of euromads upset that the crowd is bias
22:48:09 <BioPhone> Like... Duh.
22:48:22 <DuB`> yaaaaaaaaaaaaaaah
22:49:10 <carcinisation> it's shocking bio, whoever heard of a home crowd being biased
22:49:25 <skrma> its like this is the first NA team in a cs major semifinal or something
22:49:28 <skrma> :----------------------------------D
22:51:46 -!- Holmirc [~Holmir@h-176-10-249-93.na.cust.bahnhof.se] has joined #tlponies
22:51:56 -!- skram [~skram@ip-175-146-106-77.eidsiva.net] has joined #tlponies
22:51:56 -!- mode/#tlponies [+v skram] by Q
22:52:42 <Camail> this is awesome chants
22:52:48 <Phearlock> Someone likes the crowd xD
22:53:00 <Phearlock> (I like the crowd)
22:53:38 <Camail> its almost like katowice is where VP plays the best, or something
22:53:53 -!- Rawr|Phone [~Rawr@81-233-7-47-no34.tbcn.telia.com] has joined #tlponies
22:55:48 <DuB`> Such cheering for a miss. :D
22:56:14 <DuB`> Aw snap, fallen!
22:56:48 <skram> i think the cheering for his miss made him more better
22:57:57 <DuB`> LIQUID LIQUID LIQUID
23:02:23 <DuB`> @LorangerChris  S1mple is scary good when another team does everything in their power to avoid one player.
23:02:27 <DuB`> Even HuK on the hype~
23:04:56 <DuB`> FLEE
23:04:57 <DuB`> FLEE A
23:04:59 <DuB`> LIQUID IS COMING
23:05:02 <skram> JUKED
23:05:09 <carcinisation> lol
23:05:17 <Phearlock> amaze
23:05:17 <Phearlock> haha
23:05:45 -!- BioPhone [~Bioandroi@166.175.62.131] has joined #tlponies
23:06:04 -!- Biopone [~Bioandroi@166.175.62.131] has joined #tlponies
23:07:22 <DuB`> BAYO.
23:07:25 <DuB`> WOOOOOOOOOOOOOOOOH.
23:07:39 <DuB`> WAT
23:07:41 <DuB`> WAT
23:07:41 <DuB`> WAT
23:07:41 <DuB`> WAT
23:07:42 <skram> WAT
23:07:43 <skram> WHAT
23:07:44 <Phearlock> wwaaaaaaaa
23:07:50 <carcinisation> :O
23:07:52 <DoT`> LOL
23:08:00 <Phearlock> I'm not even mad
23:08:05 <skram> OUTSKILLED
23:08:13 <Camail> MY
23:08:14 <Camail> GOTV
23:08:15 <Camail> CRASHED
23:08:19 <Camail> RIGHT BEFORE THA HHAPPENED
23:08:19 <Camail> WTF
23:08:44 <DuB`> Jeeeeeeeeeeeez.
23:08:49 <Holmirc> That
23:08:50 <Holmirc> Was
23:08:51 <Holmirc> Some
23:08:52 <Holmirc> Bullshit
23:08:57 <Holmirc> AND I LOVE IT
23:09:15 <skram> All I need now is for s1mple to knife taco and I can die happy
23:09:35 <DuB`> Even my mostly-sc2 twitter feed is entirely Liquidcsgo right now.
23:10:01 <DoT`> liquid snela
23:10:25 <Biopone> USA USA USA
23:10:38 <DuB`> OUch.
23:10:50 <carcinisation> liquid pls
23:11:35 <skram> liquid broke :(
23:11:40 <Biopone> Nuuuu
23:11:44 <Biopone> :-(
23:12:17 <Camail> wtf why didnt they pause a round earlier
23:12:17 <Camail> wtf
23:12:28 <Camail> they should have paused for that round...
23:12:41 <Camail> lg started putting someone in connector
23:12:44 <carcinisation> yep cam
23:13:27 <Camail> they just need to recognize that and counter strat somehow
23:13:34 <Camail> but pausing for pistols...
23:16:43 <DuB`> OOOOOOOOIII
23:16:47 <DoT`> ......
23:16:47 <Phearlock> OT
23:16:51 <carcinisation> D:
23:17:35 <skram> Man I dont like liquids chance of winning this, going into OT with a LG doing well
23:18:02 <Biopone> Believe in the horse
23:18:09 <Biopone> Also
23:18:14 <DoT`> .roll d20 for hors
23:18:17 <DoT`> HORS
23:18:18 <Biopone> Rash B no stahp
23:18:23 <skram> cyka
23:18:27 <Biopone> HOERSSSS
23:19:56 <DoT`> http://imgur.com/gallery/16ZscZR
23:21:26 <Biopone> Liquid pls
23:21:31 <Biopone> Pls, liquid
23:21:40 <DoT`> Snela
23:22:47 <Camail> aw geez
23:22:54 <Holmirc> The pressure
23:24:04 <Phearlock> lol
23:24:07 <DoT`> LOL
23:24:33 <DoT`> hjmrshnjmr
23:24:55 <DoT`> wtf
23:24:58 <DoT`> is that screeching
23:25:03 <skram> hahah
23:25:14 <Holmirc> Euthanize it please
23:26:46 <Biopone> With fire
23:27:49 <DoT`> :(
23:28:18 <Phearlock> USA in flames.
23:28:22 <Phearlock> White house destroyed by aliens
23:28:26 <Holmirc> NA's hands sweaty
23:28:33 <Holmirc> Simples spaghetti
23:28:35 <carcinisation> ?na
23:29:24 <skram> i swear this crowd was way louder like 10 minutes ago
23:30:36 <skram> aim is about precision
23:30:38 <skram> thanks scream
23:31:08 <skram> ...Who was that who said GG motherfuckers on stream lol
23:31:40 <DuB`> EG?
23:31:52 <DuB`> GG?
23:32:04 <skram> http://oddshot.tv/shot/mlg-20160402233050615
23:33:01 <skram> aaw its gone
23:35:59 <skram> http://i.imgur.com/USoEPIx.png
23:37:54 <Phearlock> lol
23:37:58 <DoT`> wat
23:41:01 <skram> http://imgur.com/a/M9aOk
23:46:00 <DuB`> LET'S GO.
23:46:13 <DoT`> please no tilt
23:47:24 <DuB`> OKAY.
23:49:06 <Phearlock> good start
23:52:17 <skram> whats with the snek flag
23:52:21 <DuB`> HIIIIIIIIIIIIIKO
23:52:40 <DuB`> skram: http://www.knifeup.com/wp-content/uploads/2013/05/dont-tread-on-me-meaning.jpg
23:52:58 <DuB`> From revolution days - basically "dun mess with us".
23:53:07 <DoT`> well well well
23:53:21 <skram> is this a hillbilly thing dub
23:53:24 <DoT`> went to go get ready for bed, come back to liquid lead
23:53:29 <skram> like the confederate flag
23:53:39 <DuB`> Uh.
23:53:44 <motbob> eh
23:53:45 <motbob> a little
23:54:03 <DuB`> Sure, but confederate was pro-slavery and lost.
23:54:07 <DuB`> This was pro-america and we won.
23:54:11 <DuB`> I guess.
23:54:56 <DuB`> HIIIIIIIIIIIIIIIIIIIIIII
23:54:57 <DuB`> KOOOOOOOOOOOOOOOOO
23:54:59 <DoT`> WTF
23:54:59 <motbob> LOLLLLLLLLLLLLLLLL
23:55:01 <DoT`> AMG
23:55:01 <DuB`> HIIIIIIIIIIIIIIIIKOOOOOOOOOOOOOOOOOO
23:55:06 <skram> hooooly shit
23:55:08 <Biopone> Its more a colonial revolution thing, aka, dont tax us bro
23:55:13 <Phearlock> amaze
23:55:20 <DoT`> so amaze
23:55:34 <Camail> lol
23:55:38 <Holmirc> HIKOOOO ARE YOU KIDDING MEE'
23:55:41 <DoT`> http://imgur.com/sNXaMt7
23:55:59 <DoT`> http://i.imgur.com/VPBdjvt.gif
23:56:16 <skram> Biopone: so a independence era thing or a civil war thing
23:56:28 <DuB`> Snek is for independence.
23:56:48 <Holmirc> line em up
23:56:52 <DuB`> :(
23:57:01 <DoT`> snek is for not booping
23:57:08 <Phearlock> plz
23:57:15 <DoT`> heck
23:57:18 <Phearlock> snek is luv
23:57:38 <DuB`> This coldzera guy.
23:57:41 <DuB`> Is ruining my day.
23:58:22 <DoT`> blarg
23:58:24 <skram> so close
23:58:26 <DuB`> NO
23:58:37 <Camail> HE FUCKING
23:58:39 <Camail> OUTLINED HIM
23:58:40 <Camail> WITH BULLTS
23:58:41 <Camail> FUCK
23:58:42 <Camail> FUCK
23:58:44 <Camail> FUUUUUUCK
23:59:14 <DoT`> http://media.tumblr.com/379a0c56c2ca3b29781182b9274dfec7/tumblr_inline_nlq7opqEmI1s1qkup.gif
