00:04:11 <Camail> dot you arent phone
00:04:14 <Camail> i like phone better
00:04:16 <Camail> i got used to it
00:04:26 <Camail> its like i just got used to you with a new haircut
00:04:34 <Camail> and you went back to the old one
00:08:02 <Dot`> internet isnt acting bad now everyone else is asleep
00:08:14 <Dot`> as bad*
00:09:49 <Yolteotl> :d
00:09:52 <Yolteotl> so
00:10:00 <Yolteotl> time for you to download japan movies
00:10:08 <Yolteotl> I want to watch all of them!
00:10:11 <Dot`> haha
00:10:11 <Yolteotl> *you
00:11:24 <Dot`> ive watched like spirited away and 1 or 2 others
00:11:29 <Dot`> that not good enough?
00:18:29 <Dot`> skram
00:18:36 -!- Crisium [webchat@dhcp-pa-67-20-232-247.consolidated.net] has joined #tlponies
00:18:47 <Dot`> hey Crisium <3
00:19:49 <Crisium> heyo
00:20:11 <Crisium> gonna overwatch methinks
00:20:21 <Dot`> gl pon
00:21:13 <Dot`> .tell skram https://www.youtube.com/watch?v=_aibTdZJOQ0
00:21:50 <Dot`> skram will understand
00:21:53 <Dot`> or he wont
00:24:03 <Dot`> the number of times he gets a ping timeout as i try talk to him is suspicious
00:24:17 <Camail> rip
00:25:08 <Dot`> probably hates me
00:29:56 <Phearlock> you need to be pretty special to hate Dot
00:30:19 <Dot`> well skram is very special
00:30:36 <Phearlock> That's not wrong
00:30:44 -!- Cane [~Cane@CaneCraft.users.quakenet.org] has joined #tlponies
00:30:44 -!- mode/#tlponies [+o Cane] by Q
00:30:49 -!- motbob [~motbob@24-158-160-225.dhcp.jcsn.tn.charter.com] has joined #tlponies
00:30:58 <Dot`> hey cane <3
00:34:09 <Dot`> .tell skram http://imgur.com/gallery/sCCK7
00:47:52 <motbob> i made something to celebrate the best part of 2016 http://i.imgur.com/DM90QOr.png
01:03:55 <DoT|Phone> almost sleep tune
01:03:58 <DoT|Phone> time
01:05:51 -!- Micen [~micen@h183.5.191.173.dynamic.ip.windstream.net] has joined #tlponies
01:12:03 <DoT|Phone> hi Micen
01:12:21 <Micen> Hello
01:23:44 <DoT|Phone> I think sleep. Gnight all
01:35:52 <Micen> Good night Dot
02:53:23 -!- motbob [~motbob@24-158-160-225.dhcp.jcsn.tn.charter.com] has joined #tlponies
03:38:30 -!- Micen [~micen@h183.5.191.173.dynamic.ip.windstream.net] has joined #tlponies
06:19:24 -!- DoT|Phone [~Dot@host86-146-141-173.range86-146.btcentralplus.com] has joined #tlponies
06:51:27 -!- skram [~skram@ip-58-146-106-77.eidsiva.net] has joined #tlponies
06:52:10 <skram> :OO
06:52:22 <DuB`> :o
06:55:12 <skram> you're up late dub
06:55:18 <DuB`> Just midnight!
07:02:00 -!- Micen [~micen@h183.5.191.173.dynamic.ip.windstream.net] has joined #tlponies
07:06:35 <skram> Are you master yet dub
07:07:05 <DuB`> Nu
07:07:30 <skram> imma need u to fix that budf
07:51:31 <Camail> dying light is so close to being an amazing game
07:52:09 <Camail> if the righting was just one bit better
07:52:12 <Camail> writing*
08:13:20 -!- Phearlock [~Phearlock@cm-84.215.224.171.getinternet.no] has joined #tlponies
08:13:20 -!- mode/#tlponies [+v Phearlock] by Q
08:50:09 <Camail> wish there was a difficulty between normal and hard
09:00:44 -!- motbob_ [~motbob@24-158-160-225.dhcp.jcsn.tn.charter.com] has joined #tlponies
09:03:59 -!- Rawr|Fone [~AndChat25@94.125.232.6] has joined #tlponies
09:04:13 <Rawr|Fone> Beep beep
09:04:42 <Micen> beep
09:04:47 <skram> DuB` im playing against two top 500 dudes because there's a diamond guy on their team...?
09:04:53 <skram> One of them is rank 35 ...
09:04:58 <DuB`> RIP hahahahahaha
09:05:18 <Micen> gl skram
09:06:15 <Rawr|Fone> Dub why are you awake
09:19:21 <skram> fuckin 3-0'd them dub LOL
09:19:27 <DuB`> ...
09:19:34 <DuB`> How many points!?
09:19:40 <CockRoach|42> a million billion
09:19:49 <DuB`> Probably.
09:19:51 <skram> ...20
09:20:17 <skram> Because the average was pretty even!
09:20:27 <skram> top 500 is only like 4300~
09:25:03 <CockRoach|42> you can do it!
09:26:20 <DoT|Phone> morning ponies
09:27:48 <CockRoach|42> hi dots!
09:28:59 <DoT|Phone> cr!
09:29:30 <skram> DuB`: Then I got placed into a game like 300 belove my rank and lost because diamond players are awful
09:29:41 <DuB`> Hey now!
09:29:41 <skram> and lost 60 rating points
09:29:44 <skram> matchmaking so good
09:30:00 <skram> U HERD ME BOYO
09:30:06 <DuB`> I HAPPEN TO BE DIAMOND
09:30:15 <skram> I know >:D
09:30:22 <DoT|Phone> .tell Runbunny https://imgur.com/gallery/G6bk7
09:34:01 <Rawr|Fone> Dot dot dot
09:38:39 <DoT|Phone> Rawr Rawr Rawr
09:38:44 <DoT|Phone> <3
09:38:48 <Rawr|Fone> <3
09:41:19 <DoT|Phone> How's you Rawr
09:41:32 <Rawr|Fone> I'm great
09:41:40 <Rawr|Fone> How are you dot
09:46:03 <DoT|Phone> I'm ok
09:49:36 <skram> dot <3
09:57:56 <DoT|Phone> Skram <3
09:58:02 <DoT|Phone> what you up to
10:01:06 <skram> being mad at blizzard mostly
10:01:09 <skram> you?
10:07:45 <DoT|Phone> thinking about getting out of bed
10:08:38 <CockRoach|42> .roll d20 to workout
10:08:48 <CockRoach|42> swootie is not helping me :|
10:10:52 <DoT|Phone> swiots please
10:17:36 <DoT|Phone> Skram. you want me to write a letter to blizzard
10:32:06 -!- Dot` [~quassel@host86-146-141-173.range86-146.btcentralplus.com] has joined #tlponies
10:35:08 <DoT|Phone> nope. spotty connection is back
10:35:54 <CockRoach|42> pls
10:36:44 <Rawr|Fone> Fix
10:36:58 <Rawr|Fone> Dot when are you going home
10:38:35 <DoT|Phone> I hope tomorrow
10:39:39 <Rawr|Fone> Good
10:45:24 <DoT|Phone> no skiing today Rawr?
10:46:43 <Rawr|Fone> Not for another hour
10:49:53 -!- Runbunny [~Runbunny@91.100.28.11.generic-hostname.arrownet.dk] has joined #tlponies
10:50:11 <DoT|Phone> runbun
11:01:52 -!- tredc [webchat@90-230-30-217-no56.tbcn.telia.com] has joined #tlponies
11:04:03 <DoT|Phone> hey tredc
11:04:05 -!- skram [~skram@ip-58-146-106-77.eidsiva.net] has joined #tlponies
11:04:12 <tredc> gi DoT`
11:04:17 <tredc> *hi
11:23:48 <DoT|Phone> xcom dub carrying the team
11:30:26 <skram> wrong game!
11:31:26 <DoT|Phone> well he can't manage it well enough in ow
11:31:36 <DoT|Phone> : p
11:31:50 <skram> oh snaaaaaap
12:22:30 -!- DoT|Phone1 [~Dot@host86-146-141-173.range86-146.btcentralplus.com] has joined #tlponies
12:26:05 <Runbunny> Hello.
12:26:50 <Rawr|Fone> Anders
12:48:55 <skram> Anders
12:50:13 <DoT|Phone1> what's up
12:50:29 <skram> Anders apperently
12:53:56 -!- Rawr|Phone [~AndChat25@94.125.232.6] has joined #tlponies
13:17:17 <DoT|Phone1> is this true angel
13:36:34 <Runbunny> nei
13:50:51 -!- skram [~skram@ip-58-146-106-77.eidsiva.net] has joined #tlponies
13:57:57 <DoT|Phone1> Skram
14:05:19 <skram> Yeees
14:05:45 <DoT|Phone1> How's you
14:05:52 <skram> tired
14:06:56 <skram> what u do
14:10:27 <DoT|Phone1> doing a puzzle
14:26:46 <motbob> I did an anime release
14:26:55 <motbob> of Spice and Wolf
14:27:26 <motbob> find it on your favorite anime torrent website
14:46:13 <Rawr|Phone> 🐴🐴🐴
14:48:34 <motbob> yeah exactly
14:49:13 <motbob> no wait those are horses. they look like wolves in my client.
14:49:48 <DoT|Phone1> haha
14:50:25 <Rawr|Phone> I don't think I have a wolf emoticon
14:51:22 <Rawr|Phone> No spice either
14:56:37 <motbob> 🌶 and 🐺
15:03:17 <Rawr|Phone> 🐺
15:03:34 <Rawr|Phone> Found it
15:04:20 <DoT|Phone1> gj
15:04:27 <Rawr|Phone> Thank you
15:27:58 -!- Rarity [znc@Heartmender.users.quakenet.org] has joined #tlponies
15:28:31 -!- Zounds [~chatzilla@cpc108453-cowc8-2-0-cust8.14-2.cable.virginm.net] has joined #tlponies
15:28:31 -!- mode/#tlponies [+v Zounds] by Q
15:28:36 <Zounds> Hello all
15:28:55 <skram> allo mr zounds
15:29:06 <Zounds> ms skrammen!
15:29:08 <DoT|Phone1> Zounds pon
15:29:28 <skram> im a real boy now zounds
15:29:44 <Zounds> Master skrammen then
15:29:49 <skram> thank you
15:31:32 -!- Rawr|Fone [~AndChat25@94.125.232.6] has joined #tlponies
15:46:42 -!- reification [~reificati@cpc76294-cosh16-2-0-cust297.6-1.cable.virginm.net] has joined #tlponies
15:46:42 -!- mode/#tlponies [+v reification] by Q
15:46:55 <reification> afternoon tlp
15:47:05 <skram> good day reef
15:47:45 <reification> https://www.youtube.com/watch?v=AxBTwMYkCBI
15:48:30 <skram> this is my jam
15:50:55 <Rawr|Fone> Reef reef!
15:51:02 <reification> roar roar!
15:52:20 <reification> i was given this for xmas and thought of you https://www.amazon.co.uk/Great-Emoji-Quizbook-Martin-Toseland/dp/1844038963
15:53:34 <Rawr|Fone> Seems great
16:40:08 -!- carcinisation [webchat@cpc76294-cosh16-2-0-cust297.6-1.cable.virginm.net] has joined #tlponies
16:54:18 <DoT|Phone1> ponies
16:54:20 <DoT|Phone1> what's up
16:54:29 <DoT|Phone1> hey Reif!
17:01:01 -!- DoT|Phone [~Dot@host86-146-141-173.range86-146.btcentralplus.com] has joined #tlponies
17:02:06 -!- Dot` [~quassel@host86-146-141-173.range86-146.btcentralplus.com] has joined #tlponies
17:02:13 <Dot`> rawr rawr rawr
17:02:27 <Rawr|Fone> dot dot dot
17:02:29 <Rawr|Fone> <3
17:02:33 <Dot`> <3
17:02:45 <Dot`> how was your day? you manage to fall over today?
17:04:01 <Dot`> http://kprovido.deviantart.com/art/Please-Give-Me-Space-654027668
17:04:07 <Dot`> i emphasise with luna here
17:07:04 <Rawr|Fone> No do
17:07:06 <Rawr|Fone> Dot
17:07:16 <Dot`> better luck tomoerow rawr
17:07:20 <Rawr|Fone> Maybe I am doing something wrong
17:07:51 <Dot`> probably
17:09:58 -!- DoT_ [~quassel@host86-146-141-173.range86-146.btcentralplus.com] has joined #tlponies
17:18:46 <Rawr|Fone> How has your day been dot
17:18:50 -!- Dot` [~quassel@host86-146-141-173.range86-146.btcentralplus.com] has joined #tlponies
17:19:54 <Dot`> its been ok rawr
17:20:04 <Dot`> going home tomorow
17:20:07 <Rawr|Fone> Good
17:22:01 -!- DoT__ [~quassel@host86-146-141-173.range86-146.btcentralplus.com] has joined #tlponies
17:25:25 -!- DoT_ [~quassel@host86-146-141-173.range86-146.btcentralplus.com] has joined #tlponies
17:32:26 -!- Dot` [~quassel@host86-146-141-173.range86-146.btcentralplus.com] has joined #tlponies
17:34:10 <Zounds> y'allright there dot
17:35:06 <DoT|Phone> apparently not
17:35:27 <DoT|Phone> home tomorrow with stable internet
17:37:43 <motbob> https://68.media.tumblr.com/47fc8f19925c9c8ed17fbf405750e5f2/tumblr_oiztphsWBK1t5ye1po1_r1_1280.jpg
17:39:56 <DoT|Phone> haha
17:56:16 -!- skram [~skram@ip-58-146-106-77.eidsiva.net] has joined #tlponies
17:56:56 <DoT|Phone> Skram
17:57:13 <skram> yes dear?
17:57:21 <DoT|Phone> how you
17:58:17 <skram> meh
17:58:19 <skram> hows you?
17:58:56 <DoT|Phone> have a bit of a headache
17:59:12 <skram> do drugs dot
18:06:48 <DoT|Phone> always so helpful
18:08:00 <skram> It works DoT|Phone
18:10:00 -!- Rawr|Fone [~AndChat25@94.125.232.6] has joined #tlponies
18:10:17 <Rawr|Fone> Drugs are great when your head hurts dot
18:11:07 <skram> psilocybin is great for migraines
18:11:26 <DoT|Phone> is that Norwegian
18:12:41 -!- Rawr|Phone [~AndChat25@94.125.232.6] has joined #tlponies
18:13:15 <skram> psilocybe mushrooms grow in most parts of the word dot
18:13:29 <skram> if you have fields near you, check the edges of it
18:16:40 <DoT|Phone> oh dear. all mushrooms are edible. some only once
18:17:30 <skram> wheres your sense of adventure?
18:17:58 <DoT|Phone> all invested in gaming
18:24:14 <Rawr|Phone> You could start adventuring in the realm of drugs dot
18:28:23 <skram> dot
18:28:25 <skram> master of sc2 lore
18:28:30 <skram> where is the name poopfeast420 from
18:30:03 <DoT|Phone> I believe as part of gsl they use to read tweets. and his got picked often for tastosis to read
18:30:25 <DoT|Phone> that was before I had internet though
18:31:48 <Rawr|Phone> It was questions from the gomtv forum
18:32:14 <Rawr|Phone> There were a lot of other good names too
18:34:16 <skram> oooh yeah
18:36:09 <Runbunny> DoT|Phone
18:36:18 <Runbunny> nevermind then.
18:36:54 -!- Rawr|Fone [~AndChat25@94.125.232.6] has joined #tlponies
18:39:18 -!- DoT|Phone [~Dot@host86-146-141-173.range86-146.btcentralplus.com] has joined #tlponies
18:39:25 <DoT|Phone> stupid phone
18:41:11 <Rawr|Fone> Mine too dot
18:42:05 <DoT|Phone> phone life
18:43:53 <Rawr|Fone> I blame this hotel
18:45:28 <DoT|Phone> where is bio
18:47:42 <Rawr|Fone> Gone
18:49:50 <DoT|Phone> but I have xcom questions
18:50:10 <DoT|Phone> Skram. was my answer correct?
18:50:21 <skram> think so
18:50:30 <skram> its just that I met a guy in OW with that name
18:51:08 <DoT|Phone> ah
18:58:09 <Rawr|Fone> .tell skram stahp
19:06:05 <skram> wat
19:09:43 -!- Camail [~Camail@45.40.93.200] has joined #tlponies
19:09:43 -!- mode/#tlponies [+v Camail] by Q
19:12:53 <Camail> pls
19:15:07 <Bio> i bek
19:15:09 <Bio> for short time
19:15:13 * Bio pokes Camail
19:16:01 <Camail> oh my
19:26:29 <DoT|Phone> getting in that last bit of IT work before I leave family tomorrow
19:26:39 <DoT|Phone> bio bio
19:29:33 <DoT|Phone> who should get exo suits bio
19:31:46 -!- DuB` [DuB@66-219-213-203.dynamic.ip.veracitynetworks.com] has joined #tlponies
19:31:49 <DuB`> HI
19:33:26 <DoT|Phone> dub dab
19:33:30 <DoT|Phone> <3
19:33:57 <DuB`> dut dat
19:33:58 <DuB`> <3
19:37:41 <DoT|Phone> How's you dub
19:37:57 <DuB`> Sleppy
19:38:30 <DoT|Phone> How's ori
19:39:16 -!- Rawr|Fone [~AndChat25@94.125.232.6] has joined #tlponies
19:41:04 <DuB`> I'
19:41:09 <DuB`> :O
19:41:15 <DuB`> I'm sure ori is doing well.
19:43:27 * Zounds boops dub
19:43:45 <DuB`> 'Allo
19:48:42 <Rawr|Fone> 🐴🐴🐴
19:50:03 <Zounds> Anyone doing anything fun?
19:53:27 <DoT|Phone> just playing xcom
19:53:32 <DoT|Phone> you Zounds
19:55:01 <Zounds> Not doing anything really
20:12:05 <Zounds> Anyone want to play some OW?
20:13:17 <carcinisation> sure
20:13:39 -!- DoT|Phone1 [~Dot@host86-146-141-173.range86-146.btcentralplus.com] has joined #tlponies
20:13:59 <Zounds> Cool, I don't think I have you on b.net
20:14:10 <Zounds> DuB`, Runbunny?
20:14:34 <DuB`> Okee!
20:14:39 <DoT|Phone1> Gl ponies
20:15:15 <Zounds> NA or EU doesn't bother me
20:15:46 <Zounds> reification? wanna stack?
20:16:10 <carcinisation> i am on eu now
20:16:21 <carcinisation> can switch if need
20:17:09 <Zounds> I think EU then
20:17:10 <Runbunny> Hello.
20:17:19 <Runbunny> I need like 10 min
20:18:14 <Zounds> what's your b.net tag carci
20:18:42 <DuB`> Wut
20:18:54 <DuB`> Zounds
20:18:55 <DuB`> Hahahah
20:19:03 <Zounds> what
20:19:17 <DuB`> Carci = reif
20:19:23 <Zounds> Oh, had no idea
20:19:26 <DuB`> :P
20:19:28 <Zounds> I feel retarded
20:19:39 <Zounds> Well more so than usual
20:19:43 <DuB`> Pssshhh
20:22:19 -!- Rawr|Fone [~AndChat25@94.125.232.6] has joined #tlponies
20:22:38 <Rawr|Fone> Internet is barely alive
20:23:20 <DoT|Phone1> Reif is silly and requires two names to hold so much
20:23:27 <DoT|Phone1> Rawr Rawr
20:23:28 <Runbunny> Survive Rarw.
20:25:22 <Rawr|Fone> Probably ded though
20:25:32 <Camail> well at least he has 2 good usernames instead of one terrible one
20:26:19 <DoT|Phone1> yea but I'm too lazy to type more than dot every time I need my name
20:27:03 <Camail> your name isnt bad
20:27:15 <Camail> at least its your name
20:27:22 <Camail> and not someone elses
20:28:06 <DoT|Phone1> cam I don't know how to tell you but my actual name is Bjorn
20:28:19 <DoT|Phone1> :p
20:28:21 <Camail> no it isn't
20:28:32 <Camail> i changed your name like a year ago
20:28:45 <DoT|Phone1> at this point you could be right
20:31:46 <DoT|Phone1> there is worse than using someone else's name cam. you could shove two together
20:32:14 <Camail> SepherothSparkle
20:32:53 <CockRoach|42> dont forget xX and 420
20:33:15 <DoT|Phone1> ninjadragonslyer
20:51:11 -!- Rawr|Fone [~AndChat25@94.125.232.6] has joined #tlponies
20:51:19 <Rawr|Fone> Pls
20:51:30 <CockRoach|42> pls calm down :(
20:51:36 <Rawr|Fone> No
20:53:44 <DoT|Phone1> Rawr
20:53:55 <Rawr|Fone> Dot
20:54:32 <DoT|Phone1> <3
20:54:39 <Rawr|Fone> 💖💖
20:56:29 -!- Rawr|Fone [~AndChat25@94.125.232.6] has joined #tlponies
20:56:58 <Rawr|Fone> :(
20:57:01 <Rawr|Fone> 😢😢😢
20:57:05 <DoT|Phone1> poor pon
21:33:56 <DoT|Phone1> dub
21:41:49 <DoT|Phone1> Rawr
21:42:02 <DoT|Phone1> https://imgur.com/gallery/szHpCXu
21:42:10 <DuB`> Good OW today so far. :O
21:42:35 <DoT|Phone1> that's good dub
21:46:07 -!- Gollie [~Golly@1.92-221-121.customer.lyse.net] has joined #tlponies
22:09:27 <DoT|Phone1> pon pon
22:33:04 <DoT|Phone1> dub. you still ow?
22:34:50 <DuB`> Yah.
22:34:55 <DuB`> With zound+reif
22:35:46 <DuB`> Er, last game just now. :P
22:36:01 <Zounds> Glorious victory
22:38:07 <DuB`> Yeah, that actually went quite well overall.
22:43:58 <DoT|Phone1> good
22:44:52 <DuB`> Hittin' hooks, pro ana solo healing, winning reinhardt faceoffs~
22:44:53 <DuB`> Aw yehhh
22:45:02 <DoT|Phone1> what now dub
22:45:35 <DuB`> Foodin'
22:45:48 <DoT|Phone1> is it pizza
22:45:54 <DoT|Phone1> I hope it's pizza
22:46:07 <DuB`> Psh!
22:46:10 <DuB`> I have no $$$.
22:46:43 <DoT|Phone1> you should have budgeted getter
22:46:53 <DoT|Phone1> you study this stuff!
22:47:22 <DuB`> I mean...
22:47:41 <DuB`> If my minimum expenditures are still greater than my max income there's only so much you can do!
22:50:27 <Runbunny> Yes!
22:51:18 <Runbunny> I just noticed that I misread my thing and I don't have uni before the 3rd of jan.
22:51:23 <Runbunny> Yay me.
22:52:19 <Zounds> More time for laziness
22:52:56 <carcinisation> the bee movie but copy pasted into overwatch general chat... :/
22:53:39 <carcinisation> i am surprised at the lack of spam prevention
22:59:56 <DoT|Phone1> lol
23:07:14 <Zounds> Good night horsethings
23:08:18 <DoT|Phone1> rude
23:21:53 <DoT|Phone1> I guess I should sleep
23:21:56 <DoT|Phone1> Gnight all
23:21:58 <DuB`> Aw
23:22:01 <DuB`> G'night!
23:26:36 <DoT|Phone1> <3
23:26:46 <DoT|Phone1> play more ori dub
23:27:01 <DoT|Phone1> the ice place is great and very pretty
23:28:26 <carcinisation> night dotties <3
