00:07:24 <Rawr|Fone> 🐴🐴🐴
00:10:18 <DoT|Phone> Rawr Rawr Rawr
00:17:15 <Camail> DuB  warming up?
00:18:25 -!- DoT|Phone [~Dot@94.2.108.204] has joined #tlponies
00:19:20 <DuB> Something like that.
00:19:29 <DuB> This speedwiz build is just so much fun to play.
00:19:47 <Rawr|Fone> Dot dot dot
00:19:51 <DuB> So I park in powerlevel channels and offer my services just to have a reason to use it.
00:20:18 <CockRoach|42> ?yolt
00:20:42 <CockRoach|42> have sweetie forgotten everything? :(
00:21:52 <CockRoach|42> Cane: http://viwrastupr.deviantart.com/art/Fluffy-Luna-Dec-31st-581923132
00:22:30 <Camail> dub is in d3 so deep
00:22:33 <Camail> so fucking ddep
00:22:36 <Camail> depp
00:22:41 <Camail> depppp
00:24:02 <DoT|Phone> Rawr <3
00:24:15 <DuB> Sshhhh.
00:24:37 <CockRoach|42> http://41.media.tumblr.com/42e8415f3f375045d8ccccea9d801005/tumblr_o109y91dSE1tzerzho1_1280.png
00:24:52 <Rawr|Fone> Dub ur such a pon
00:27:09 <DuB> I don't even now if that's good or bad.
00:27:22 <DoT|Phone> rd is such a rebel
00:27:46 <CockRoach|42> :)
00:30:25 <DuB`> Dot so mean.
00:32:25 <DoT|Phone> haha. :)
00:36:14 <DuB> Dot why you phonepone?
00:37:33 <DoT|Phone> in bed
00:37:42 <Camail> gay
00:37:56 <DoT|Phone> and laptop is blue screening
00:38:10 <DuB> Uh oh.
00:38:31 <DoT|Phone> it's a silly thing
00:38:54 <DuB> My laptop is my second monitor / irc machine now.
00:39:33 <DoT|Phone> mine was irc machine
00:39:40 <DoT|Phone> now it isn't
00:39:53 <DuB> Hahaha~
00:42:12 -!- Emily [~HoMM@mobile-access-5d6a1d-49.dhcp.inet.fi] has joined #tlponies
00:44:04 <DoT|Phone> hi homm
00:44:11 <Emily> hi dot!
00:50:21 <Micen__> .choose learn art, do art
00:51:35 <DuB> Who needs study!
00:52:47 <Micen__> Not I, according to Swoots.
00:53:09 <Micen__> I was going to do some art studying, now i am drawing
00:53:18 <DuB> Camail: If you wanted a group for doing it faster we have a full 30 Liquid people online now. :P
00:53:35 <Camail> other people disgust me
00:53:37 <Camail> but sure idc
00:54:07 <DuB> I... see.
00:54:14 <DuB> HC or no?
00:55:51 <Camail> ya
00:56:00 <Camail> i was joking btw
00:56:02 <Camail> I'm a comedian
00:56:03 <Camail> ha
00:56:09 <Camail> I'mma play bard, i think
00:56:12 <DuB> Ha.
00:56:14 <DuB> Ha.
00:56:19 -!- Saurabhinator [webchat@58.174.177.17] has joined #tlponies
00:58:55 -!- Rawr|Phone [~Rawr@host-95-195-140-166.mobileonline.telia.com] has joined #tlponies
00:59:11 <Rawr|Phone> Dub ur a sillypon
00:59:25 <Rawr|Phone> And so is everyone else
01:00:48 <CockRoach|42> rawr|drunk pls dont phone
01:00:51 <Camail> DuB  i created but it wont finish
01:00:54 <Camail> this is weird
01:01:03 <DuB> Mine seems breaky too.
01:01:12 <DuB> Servers pls.
01:01:18 <Camail> lmao server dead
01:01:31 <Camail> #onlineonly
01:02:02 <DoT|Phone> Lol
01:02:35 <DuB> ... yeah.
01:02:43 <DuB> Can't create OR back out of char creation, now.
01:02:44 <DuB> Splendid.
01:03:02 <Camail> i did
01:03:04 <Camail> then it logged me out
01:03:06 <Camail> RIP
01:03:10 <DuB> loooooool
01:04:29 <DuB`> ... Don't try to restart.
01:04:51 <DuB`> "Play" box is greyed out in bnet launcher.
01:05:00 <DuB`> Staaahp.
01:05:34 <Camail> DuB`  I'm in
01:05:40 <Camail> killt he .exe
01:05:43 <Camail> go to task manager
01:11:01 <DoT|Phone> gnight ponies
01:11:05 <DoT|Phone> have fun
01:11:18 <Rawr|Phone> .tell cockroach|42 snela u
01:12:00 <Camail> DuB`  my game is dying a little
01:12:10 <DuB> ... maybe not HC, then? :P
01:12:22 <CockRoach|42> .tell Rawr|Phone qt <3
01:12:40 <DuB> WE'RE LIKE 12 MINUTES BEHIND, NOW.
01:12:53 <DuB> Never gonna get that NA first. :(
01:13:08 <Rawr|Phone> .tell cockroach|42 <3
01:13:11 <CockRoach|42> <3
01:13:19 <Rawr|Phone> Dub calm down
01:13:31 <Camail> DuB  no its just downloading stuff
01:13:36 <DuB> Ah.
01:13:36 <Camail> even tho i am well passed playable
01:13:40 <Camail> apaprently I'm fucking not
01:13:52 <Camail> I'm like 5gigs over that line
01:16:46 <Rawr|Phone> Snela
01:30:25 <Rawr|Phone> 🐴🐴🐴
01:40:18 -!- DoT|Phone [~Dot@94.2.108.204] has joined #tlponies
01:44:57 -!- DoT|Phone1 [~Dot@94.2.108.204] has joined #tlponies
01:49:36 -!- DoT|Phone [~Dot@94.2.108.204] has joined #tlponies
01:54:19 * skram slaps Rawr|Phone around a bit with a large trout
01:54:36 <Rawr|Phone> Jonas snela
01:54:48 <skram> <3
02:07:10 -!- ShotgunPrincess [Westy543@c-73-189-129-4.hsd1.ca.comcast.net] has joined #tlponies
02:07:16 -!- mode/#tlponies [+v ShotgunPrincess] by Q
02:08:03 -!- FlutterAi_ [~FlutterAi@adsl-98-93-52-55.owb.bellsouth.net] has joined #tlponies
02:13:09 -!- DoT|Phone [~Dot@94.2.108.204] has joined #tlponies
02:14:14 -!- Rawr|Fone [~Rawr@81-233-7-47-no34.tbcn.telia.com] has joined #tlponies
02:14:51 -!- DoT|Phone1 [~Dot@94.2.108.204] has joined #tlponies
02:16:46 -!- Oatsmaster [~oatsmaste@Oatsmaster.users.quakenet.org] has joined #tlponies
02:16:46 -!- mode/#tlponies [+v Oatsmaster] by Q
02:20:13 <Rawr|Fone> Pon pon pon
02:49:56 <Bio> pony pony
02:50:03 <Bio> are the horses playing the diableh
02:50:29 -!- FlutterAi [~FlutterAi@adsl-98-93-52-46.owb.bellsouth.net] has joined #tlponies
02:58:21 -!- Q [TheQBot@CServe.quakenet.org] has joined #tlponies
02:58:21 -!- mode/#tlponies [+o Q] by *.quakenet.org
03:26:01 -!- zkay [ZK@modemcable021.52-59-74.mc.videotron.ca] has joined #tlponies
03:26:01 -!- mode/#tlponies [+v zkay] by Q
03:36:27 <DuB`> WEEEEEEEEE diablao.
03:36:36 <DuB`> Hardcore is going well. 
03:39:04 <Saurabhinator> .tell camail http://i.imgur.com/uSCN0Lx.webm
03:42:30 -!- Phearlock [~Phearlock@cm-84.211.141.30.getinternet.no] has joined #tlponies
03:42:30 -!- mode/#tlponies [+v Phearlock] by Q
03:44:16 <Phearlock> Pony! http://sourspot.deviantart.com/art/Nature-Walk-584640307
03:44:52 <skram> dub y r u not my frend on bnet
03:49:42 <Camail> because eu
03:58:46 <skram> i thought bnet was global
03:59:45 <Camail> not friends lists, i dont believe
04:01:57 <DuB`> I think friends list is, ingame is not?
04:02:06 <DuB`> Maybe not though.
04:03:19 <Micen__> Square Enix is giving away free game if you are interested
04:04:26 <Micen__> https://www.facebook.com/shares/view?id=10153860480379461
04:05:50 -!- Wikt [~Wikt@213.108.153.51] has joined #tlponies
04:05:50 -!- mode/#tlponies [+o Wikt] by Q
04:15:00 -!- Wikt_ [~Wikt@213.108.153.51] has joined #tlponies
04:15:00 -!- mode/#tlponies [+o Wikt_] by Q
04:29:05 -!- Q [TheQBot@CServe.quakenet.org] has joined #tlponies
04:29:05 -!- mode/#tlponies [+o Q] by *.quakenet.org
04:39:12 <DuB`> DoT noooooo~
04:49:10 -!- Rawr|Phone [~Rawr@81-233-7-47-no34.tbcn.telia.com] has joined #tlponies
05:09:01 <Bio> DuB
05:09:03 <Bio> pls
05:13:30 <DuB`> Bio wat!
05:13:34 <DuB`> You ain't even diabler.
05:14:48 <Bio> ja
05:14:52 <Bio> i was wow
05:15:01 <Bio> 10/13 mythic bawses kilt
05:24:58 <DuB> Nice!
05:31:52 -!- Oatsmaster [~oatsmaste@Oatsmaster.users.quakenet.org] has joined #tlponies
05:31:52 -!- mode/#tlponies [+v Oatsmaster] by Q
05:36:56 <Bio> yeh
05:36:59 <Bio> progression bois
05:45:09 <Camail> retake servers are fun
05:45:15 <Camail> I've never tried them before tonight
05:47:02 <Camail> dub you should try playing retake servers
05:47:18 <Camail> its like playing mm but just bomb defense and retakes
05:47:24 <Camail> and all unranked and nothing matters
05:47:38 <Camail> really drills the basic angles
05:52:42 <Bio> cam
05:52:44 <Bio> u suk
05:52:46 <Bio> kthxbai
05:52:57 <Camail> naaaaaah
05:52:59 <Camail> usuk
05:53:35 <Bio> which reminds me, gotta get my grey item weapon drop this week
06:03:48 <Bio> gold nova master
06:03:50 <Bio> is me
06:04:18 <Bio> DuB
06:04:25 <DuB> !
06:04:32 <Bio> hello
06:04:34 <Bio> ponyfrin
06:32:17 <DuB> Wikt just got top 250 on 3player leaderboard. :P
06:35:22 <Bio> DAB
06:35:27 * Bio licks DuB
06:35:32 <BioSleep> nnnnnnnnnnnnnnnnnnnnnnnnnnnnnnnnnnnnnnnnnnnnnnnnnnnnnnnnnnnnnnnnnnnnnnnn
06:35:49 <DuB> Awwwwww.
06:39:48 -!- Emily [~HoMM@mobile-access-5d6a1d-49.dhcp.inet.fi] has joined #tlponies
07:44:30 <Camail> dub
07:44:33 <Camail> stop playing d3
07:44:36 <Camail> its unhealthy
07:58:10 <Saurabhinator> http://i.imgur.com/OdplljX.jpg
07:58:12 <Saurabhinator> Camail: ^
07:58:48 <Camail> so meme
08:25:24 <DuB`> Hwah.
08:25:28 <DuB`> 70 HC, time to slepp.
08:29:01 -!- tredc [webchat@90-224-53-116-no56.tbcn.telia.com] has joined #tlponies
09:11:44 -!- DoT|Phone [~Dot@94.2.108.204] has joined #tlponies
09:43:54 <DoT|Phone> morning ponies
09:45:22 <CockRoach|42> morning dots
09:54:13 -!- Dot_ [~Dot@94.2.108.204] has joined #tlponies
09:54:17 <Dot_> pon pon
09:56:12 <Dot_> whats up
09:58:50 <Dot_> it reached -3.4 last night
10:05:59 -!- motbob [~motbob@x-128-101-215-216.reshalls.umn.edu] has joined #tlponies
10:06:00 <CockRoach|42> apparently -6 here :/
10:09:02 <Cane> -16 bitches.
10:09:10 <Cane> I mean hi.
10:09:13 <Dot_> haha
10:09:15 <CockRoach|42> morning cane :)
10:09:22 <Cane> How're you all doing? =)
10:09:22 <Dot_> i wasw in 30+ temps 2 days ago
10:09:28 -!- Golly [~Golly@1.92-221-121.customer.lyse.net] has joined #tlponies
10:09:31 <Cane> Well that's your fault Dot_.
10:09:41 <Dot_> hi golly, mots
10:09:43 <motbob> it is also -16 here
10:09:45 <Cane> If you want to melt that's your decision.
10:09:52 <Cane> motbob: Hug me kindred spirit.
10:10:05 <Cane> Yeah it's been a cold January.
10:10:23 <motbob> it'll be -27 tomorrow
10:11:08 <Dot_> D:
10:11:19 <Dot_> mot lives in the antarctic
10:12:00 <Dot_> .tell Bio http://candylux.deviantart.com/art/Spike-hug-584614526
10:12:58 <Cane> Brb.
10:25:31 <DoT``> Saurabhinator, !
10:26:34 -!- Cane [~Cane@CaneCraft.users.quakenet.org] has joined #tlponies
10:26:34 -!- mode/#tlponies [+o Cane] by Q
10:27:26 <DoT``> cane!  now i can post the pony
10:27:40 <Cane> Oh good.
10:27:48 <DoT``> .tell Bio http://earthsong9405.deviantart.com/art/Collab-Higher-Twi-Higher-580900793
10:27:58 <DoT``> .tell Bio http://earthsong9405.deviantart.com/art/MLP-Doodle-Put-me-down-Twi-576518675
10:28:27 <DoT``> .tell Zounds http://assasinmonkey.deviantart.com/art/Day-for-Apples-579042914
10:30:04 <DoT``> http://moenkin.deviantart.com/art/Sunset-Shimmer-578231302
10:30:17 <DoT``> http://moenkin.deviantart.com/art/The-moon-s-complaint-584245001
10:30:31 <DoT``> http://aquagalaxy.deviantart.com/art/MLP-C-SkyAircobra-581917302
10:31:06 <DoT``> .tell Zounds http://huussii.deviantart.com/art/Splatter-of-Apples-584550455
10:34:09 -!- Rawr|Phone [~Rawr@81-233-7-47-no34.tbcn.telia.com] has joined #tlponies
10:35:00 <Rawr|Phone>  Pon
10:35:05 <DoT``> rawr rawr rawr
10:35:24 <Rawr|Phone> Dot dot dot
10:35:26 <DoT``> <3
10:35:30 <Rawr|Phone> <3
10:35:43 <Rawr|Phone> How are you dotpon?
10:36:24 <Saurabhinator> I ate like 5 eggs
10:36:27 <DoT``> cold!
10:36:52 <DoT``> you rawr?
10:37:22 <Rawr|Phone> Too many eggs saura
10:37:37 <Rawr|Phone> I am very warm dot
10:55:21 <Rawr|Phone> 🐴🎁🎁
10:55:27 <Rawr|Phone> Dot
10:55:32 <Rawr|Phone> Ur name
10:55:34 <Rawr|Phone> Pls
11:00:41 <Cane> That Luna pic was nice. <3
11:48:05 <DoT|Phone> cold
12:10:35 <DoT`> Saurabhinator, hows art?
12:11:25 <Saurabhinator> no art today
12:11:26 <Saurabhinator> :^(
12:11:36 <Saurabhinator> just watched vids on weightlifting
12:11:44 <Saurabhinator> did some stretching and singing today tho
12:13:26 -!- Golly [~Golly@1.92-221-121.customer.lyse.net] has joined #tlponies
12:19:17 <DoT`> how is the singing goig?
12:29:51 <DoT`> oh dear. forgotten beast rampage, went from 42 dorfs to 8
12:30:08 <CockRoach|42> the worst
12:30:37 <DoT`> well we now have a lot of spare cloths
12:33:49 -!- FlutterAi [~FlutterAi@adsl-98-93-52-46.owb.bellsouth.net] has joined #tlponies
12:35:23 <DoT`> hey flutters
12:35:55 <FlutterAi> o/
12:36:04 <FlutterAi> new d3 season :)
12:36:20 <FlutterAi> will play after worktoday, probably :P
12:40:44 <DoT`> enjoy :)
12:51:04 -!- Cane [~Cane@CaneCraft.users.quakenet.org] has joined #tlponies
12:51:04 -!- mode/#tlponies [+o Cane] by Q
12:54:49 <CockRoach|42> https://derpicdn.net/img/view/2016/1/16/1067679__safe_big+macintosh_shining+armor_younger_mouth+hold_weapon_sword_artist-colon-viddi32.jpg
12:54:51 -!- Lynda [~Lynda@Lynda.users.quakenet.org] has joined #tlponies
12:54:51 -!- mode/#tlponies [+v Lynda] by Q
12:54:52 <Lynda> hi
12:54:54 <CockRoach|42> http://40.media.tumblr.com/33ed7c844d28e0635d36682c9183333f/tumblr_o0xmdaaNQ11s30oi6o1_500.png
12:54:57 <CockRoach|42> hi
12:55:01 <Lynda> http://i.imgur.com/d51m5L4.jpg
12:55:18 <CockRoach|42> haha
13:05:24 -!- Oatsmaster [~oatsmaste@Oatsmaster.users.quakenet.org] has joined #tlponies
13:05:25 -!- mode/#tlponies [+v Oatsmaster] by Q
13:06:38 <DoT`> hey lyn
13:06:54 <DoT`> the wonderbolts are so elitist
13:21:52 -!- Wikt [~Wikt@213.108.153.51] has joined #tlponies
13:21:52 -!- mode/#tlponies [+o Wikt] by Q
13:22:21 <Cane> Hahah god damn it Lynda.
13:22:45 -!- Frigo [~Frigo@catv-80-99-5-67.catv.broadband.hu] has joined #tlponies
13:23:34 <DoT`> well thats awkward. dead attack, raise the draw bridges, 2 of the retract instead of raise...
13:27:20 <DoT`> i tihnk i finished clearup of the 34 dead dorkfs at least
13:33:22 <Rawr|Phone> Dot dot dot
13:34:36 <DoT`> Rawr rawr rwar
13:34:48 <Rawr|Phone> <3
13:36:00 <DoT`> <3
13:36:57 <DoT`> http://www.twitch.tv/basetradetv
13:49:57 -!- reification [~reificati@cpc76294-cosh16-2-0-cust297.6-1.cable.virginm.net] has joined #tlponies
13:49:57 -!- mode/#tlponies [+v reification] by Q
13:50:01 <reification> hi tlp
13:50:02 <DoT`> reif!
13:50:04 <DoT`> http://www.twitch.tv/basetradetv
13:50:05 <reification> dotties!
13:50:11 <reification> heating is borked
13:50:18 <DoT`> low econ game
13:50:20 <DoT`> gg
13:50:27 <reification> .roll d20 for freezing solid
13:50:29 <DoT`> oh dear
13:50:32 <DoT`> it is cold
13:51:01 <reification> that’s prob related dot
13:54:51 -!- Lynda [~Lynda@79.119.23.166] has joined #tlponies
13:54:51 -!- mode/#tlponies [+v Lynda] by Q
13:57:26 <DoT`> nice reapers
13:57:37 <reification> they did good
14:01:33 <DoT`> mut muts >:(
14:07:21 <reification> i shall go and sit in the front room with the fire on
14:09:41 <DoT`> gl!
14:55:54 -!- Lynda [~Lynda@79.119.23.166] has joined #tlponies
14:55:54 -!- mode/#tlponies [+v Lynda] by Q
15:05:07 -!- HoMM [~HoMM@HoMM.users.quakenet.org] has joined #tlponies
15:07:25 <DoT`> pon pon
15:08:05 <Rawr|Phone> Dot dot
15:10:46 <DoT`> whats up rawr
15:23:39 <BioSleep> guten mornenponnensonnens
15:24:30 <DoT`> Showmatch  3h 36m
15:24:30 <DoT`> TLO vs Lilbow
15:24:30 <DoT`> Snute vs FireCake
15:24:30 <DoT`> MaNa vs Nerchio
15:24:30 <DoT`> HuK vs Scarlett
15:24:34 <DoT`> these look good
15:24:38 <DoT`> BIIIOOOO
15:24:52 <DoT`> BIO BOI
15:25:15 <Bio> BIO MAH BOI
15:25:16 <Emily> woah
15:25:22 <Emily> thats some good matches
15:25:28 <Emily> scarlett \o/
15:25:46 <DoT`> you like the ponies bio?
15:27:32 <Bio> ooooh ponies
15:27:35 <Bio> lemme look
15:28:11 <Bio> its book horse and fire lizard
15:28:12 <Bio> <3
15:28:44 <CockRoach|42> http://earthsong9405.deviantart.com/art/Collab-Please-Wake-Up-Discord-584114492
15:36:19 <Bio> https://www.youtube.com/watch?v=Uq23Prum2eY
15:36:23 <Bio> pretty sick
15:38:38 <DoT`> LOL
15:41:05 <Bio> dot, i'm back to gold nova
15:41:12 <Bio> we can plej shootygame again
15:41:43 <Bio> dub 2 =P
15:43:45 -!- HoMM_ [~HoMM@mobile-access-5d6a1d-49.dhcp.inet.fi] has joined #tlponies
15:49:18 <DoT`> .tell dub` https://www.reddit.com/r/starcraft/comments/418pl3/mc_just_confirmed_hell_be_playing_at_iem_taipei/
15:49:22 <DoT`> yay Bio :P
15:54:23 -!- skram [~skram@ip-84-146-106-77.eidsiva.net] has joined #tlponies
15:54:24 -!- mode/#tlponies [+v skram] by Q
15:54:49 <DoT`> JONAS
15:54:52 <DoT`> <3
15:55:27 <skram> BJØRN
15:55:28 <skram> <3
15:56:51 -!- Lynda [~Lynda@79.119.23.166] has joined #tlponies
15:56:51 -!- mode/#tlponies [+v Lynda] by Q
16:02:37 <DoT`> my fort has 1 dorf left
16:02:43 <DoT`> and he stands praying to his god
16:03:01 <DoT`> while a child kicks the forgotten beast
16:07:48 <CockRoach|42> :o
16:14:03 <Bio> ripfort
16:15:51 <Rawr|Phone> 🐴🐴🐴🐴
16:19:41 <DoT`> fort rip in peace
16:22:18 <Twi> .when
16:23:44 -!- DuB` [DuB@66-219-213-203.dynamic.ip.veracitynetworks.com] has joined #tlponies
16:23:49 <DuB`> G'mooorning~
16:23:57 * Bio prods DuB`
16:24:09 <DuB`> >:T
16:24:37 <DuB`> LOL DOT YAAAAAAAAAAAAY
16:24:43 <DuB`> Best retired player.
16:27:25 <DoT`> DYYYB
16:27:35 <DuB`> https://giphy.com/gifs/ns5p9ShKteVWM
16:27:37 <DuB`> DOOOOOOOOOT
16:29:33 <DuB`> http://assets.amuniversal.com/33cb27c0960101332fcf005056a9545d
16:30:33 <DoT`> :D
16:36:05 <DoT`> dub dub dub
16:36:09 <DoT`> where you been tpday?
16:36:23 <DuB`> Sleeping!
16:40:40 -!- Rawr|Fone [~Rawr@host-95-195-140-166.mobileonline.telia.com] has joined #tlponies
16:42:21 <DoT`> and now dubs?
16:42:33 <DoT`> you are missig sc2
16:42:34 <DoT`> http://www.twitch.tv/basetradetv
16:44:56 <DoT`> http://dm29.deviantart.com/art/When-Twiligh-Thinkn-Abt-Buk-584726481   Booooks
16:45:04 <DuB`> This is fantastic: http://i.imgur.com/DZw32q4.gifv
16:45:11 <DuB`> http://i.imgur.com/yZcOQ19.gif
16:46:26 -!- Emily [~HoMM@mobile-access-5d6a1d-49.dhcp.inet.fi] has joined #tlponies
16:46:27 <DoT`> what is it?
16:46:41 <DuB`> A monkey.
16:46:52 <DuB`> In a snow suit. And it looks ridiculous.
16:47:45 <DoT`> lol
16:48:24 <DuB`> TvP is nice, but...
16:48:33 <DuB`> I need to go be the very best HC wizard!
16:49:13 <DoT`> you need 2 screens
16:51:38 -!- DuB [~DuB@66-219-212-232.dynamic.ip.veracitynetworks.com] has joined #tlponies
16:52:43 <DuB> You have a point, dot.
16:58:43 <Rawr|Fone> Dub snela
16:58:49 <Rawr|Fone> Fix ur name
17:00:34 <DuB`> My name is fine.
17:04:34 <DoT`> rawr sir
17:11:54 <DoT`> http://celestiathegreatest.deviantart.com/art/Celestia-s-Ballad-584732929
17:14:58 -!- Rawr|Phone [~Rawr@81-233-7-47-no34.tbcn.telia.com] has joined #tlponies
17:15:28 <Rawr|Phone> Dot pls
17:15:32 <Rawr|Phone> Dub snela
17:15:39 <DoT`> raaaawwwr
17:27:26 <DoT`> dub dub
17:27:51 -!- Lynda [~Lynda@79.119.23.166] has joined #tlponies
17:27:51 -!- mode/#tlponies [+v Lynda] by Q
17:28:31 <Rawr|Phone> Dot dot
17:28:37 <DoT`> rawr rawr
17:28:46 <Rawr|Phone> Ur a silly pon
17:30:05 <DoT`> all lies
17:34:50 <Rawr|Phone> Nooo
17:37:59 <DoT`> what you up to rawr?
17:38:27 <Rawr|Phone> Went to kfc
17:38:30 <Rawr|Phone> Mmmmmh
17:38:52 <DoT`> how swedish
17:40:36 -!- Q [TheQBot@CServe.quakenet.org] has joined #tlponies
17:40:36 -!- mode/#tlponies [+o Q] by *.quakenet.org
17:47:31 <DoT`> why does D3 steal dubs from us rawr 
17:47:59 <Rawr|Phone> It is evil
17:48:18 <Rawr|Phone> Literally the devil
17:50:24 <motbob> my local grocery store is phasing out a lot of their gourmet chocolate offerings
17:50:33 <motbob> so they put all of it on clearance
17:50:44 <motbob> so i bought i HUGE mount of discount expensive chocolate
17:50:48 <motbob> amount
17:50:58 <motbob> and now i feel sick cause i ate too much of it
17:52:29 <DoT`> rip mot
17:53:10 <Wikt> shoutouts to dubs name
17:53:14 <Wikt> 死ぬかもね
17:53:21 <reification> send it to us and we’ll finish it for you motbob
17:54:11 -!- Q [TheQBot@CServe.quakenet.org] has joined #tlponies
17:54:11 -!- mode/#tlponies [+o Q] by *.quakenet.org
17:54:30 -!- Micen [~Micen@h241.2.191.173.dynamic.ip.windstream.net] has joined #tlponies
17:54:38 <reification> hi micen
17:57:01 <DoT|Phone> hey micen. wikt!
17:59:00 <reification> maybe my japanese is off but that seems slightly incongruous no?
17:59:30 <DuB> Oh hai wikt. :D
17:59:45 <Wikt> incongruous? it seems fine to me
17:59:47 <DuB> Kamo is just a colloquial abbreviation of kamoshirenai.
18:00:18 <Wikt> dont need to conjugate the verb there either
18:02:36 <reification> i’m not questioning the grammar so much as the tone shift?
18:02:49 <Wikt> tone shift  ?
18:02:59 <DoT|Phone> You have a good Christmas wikt?
18:03:04 <Wikt> yes
18:03:08 <DuB> The wat.
18:03:32 <reification> maybe i mistranslate: die! maybe
18:03:37 <DoT|Phone> You tone is deplorable dub
18:03:39 <Wikt> nonono
18:03:40 <Wikt> that'd be
18:03:42 <Wikt> 死ね
18:03:48 <Wikt> that's imperative
18:03:56 <DuB> Yep!
18:03:56 <Wikt> 死ぬ is base
18:04:09 <reification> oh yes i can’t see straight
18:04:11 <DuB> This is just "... I'm probably gonna die, huh?"
18:04:12 <DuB> :P
18:04:33 <DuB> Being a hardcore character and all.
18:05:11 <DoT|Phone> flutters. How's your d3 adventure going?
18:07:03 <DoT|Phone> what's polish weather today Wikt? I'm freezing at just below zero
18:07:11 <Wikt> uh
18:07:23 <Wikt> https://twitter.com/Wikt/status/688254208642945024 like dis
18:07:59 <DoT|Phone> SNOW
18:08:14 -!- Cane [~Cane@CaneCraft.users.quakenet.org] has joined #tlponies
18:08:14 -!- mode/#tlponies [+o Cane] by Q
18:08:25 <DoT|Phone> at least your cold does something useful
18:08:27 <Wikt> and its -5~ c
18:08:37 <reification> no snow is permitted here until heating is fixed
18:08:39 <Wikt> snow is the opposite of useful
18:08:44 <Wikt> it's #aesthetics
18:08:47 <DuB> Snow is so pretty!
18:08:49 <Wikt> but very annoying
18:08:51 <DuB> :P
18:09:06 <Wikt> i hope i dont end up having to go shovel it ~~
18:09:34 <reification> snow shows up so rarely in southern england everything grinds horribly to a halt when it appears
18:10:06 <reification> https://en.wikipedia.org/wiki/The_wrong_type_of_snow
18:13:27 <Rawr|Phone> Waow
18:15:32 -!- Yolteotl [~androirc@hoc67-1-88-125-156-2.fbx.proxad.net] has joined #tlponies
18:15:44 <Yolteotl> Pony pony
18:17:13 <reification> hi yolo
18:17:56 <Yolteotl> Hi reif :)
18:18:10 <Yolteotl> I'm sad I can't play today and tomorrow
18:18:26 <Yolteotl> Back at home at 11pm tomorrow :(
18:19:22 <reification> well i prob can’t watch much tomorrow or monday :(
18:19:51 <Yolteotl> D:
18:19:58 <Yolteotl> Then tuesday!
18:20:08 <DuB> Top 600 on HC Wiz leaderboard!
18:20:16 <DuB> ... With a GRfit 12. :P
18:20:25 <DuB> GRift
18:21:33 <Yolteotl> What is HC Wiz ? :P
18:21:54 <DuB> Hardcore! 
18:23:08 <DoT|Phone> hi yolt
18:23:16 <Lynda> http://i.imgur.com/bdutS4T.gifv
18:23:19 <Yolteotl> Dot <3
18:23:25 <Yolteotl> ?dotplush
18:23:39 <Yolteotl> ?dotplushie
18:23:43 <Yolteotl> D:
18:29:49 <DoT|Phone> it's happily on my desk
18:31:20 <Yolteotl> <3
18:31:27 <Yolteotl> Did you hug it enough?
18:32:11 <DoT|Phone> never enough
18:43:20 <motbob> twitch down for anyone?
18:43:37 <DoT|Phone> nope
18:43:40 <reification> time to go into the cold
18:43:44 <reification> laters tlp
18:43:49 <DoT|Phone> gl reif
18:44:17 <DoT|Phone> showmatchs in twenty minutes
18:47:32 <DoT|Phone> You going to watch yolt
18:50:18 <Yolteotl> Which showmatchs?
18:52:05 <DoT|Phone> heathen
18:52:32 <DoT|Phone> check tl
18:55:57 <Yolteotl> No terrans dot
18:58:24 <Bio> ponis
19:00:51 -!- Phearlock [~Phearlock@cm-84.211.141.30.getinternet.no] has joined #tlponies
19:00:51 -!- mode/#tlponies [+v Phearlock] by Q
19:01:12 -!- Micen_ [~Micen@h241.2.191.173.dynamic.ip.windstream.net] has joined #tlponies
19:05:35 <DoT|Phone> bio
19:07:24 <Bio> dot
19:10:12 <DoT|Phone> You pon
19:10:21 <DoT|Phone> tlooo
19:12:41 <Bio> neigh
19:16:53 <DoT|Phone> three robo bays.madness
19:17:46 <Yolteotl> Be kind pones :p
19:18:14 <DoT|Phone> wtf lilbow. what's he doing
19:19:04 <DuB> Whoa.
19:19:07 <DuB> Immortals.
19:19:34 -!- Emily_ [~HoMM@mobile-access-5d6a1d-49.dhcp.inet.fi] has joined #tlponies
19:22:11 <DoT|Phone> gg
19:32:26 <DoT|Phone> yay tlo
19:33:02 <DoT|Phone> dub dub
19:36:29 <DoT|Phone> ooo tlo
19:41:04 <Rawr|Phone> Dot
19:41:09 <Rawr|Phone> Why u fone
19:43:35 <DoT|Phone> I'm downstairs
19:46:10 <Bio> fone pls
19:46:16 <DoT|Phone> why you phone Rawr
19:46:46 <Rawr|Phone> Phone is best
19:46:54 <DoT|Phone> why you not phone bio
19:49:42 <DoT|Phone> Lol. adepts beaten up by drones
19:58:29 <DoT|Phone> gg!
20:06:53 <DoT|Phone> bio bio
20:06:58 <DoT|Phone> dub dub
20:08:09 <Bio> meme
20:12:43 <DoT|Phone> You pon. How's you
20:13:36 <Bio> okei
20:13:43 <Bio> my diableh is bork
20:14:02 -!- FlutterAi [~FlutterAi@adsl-98-93-52-46.owb.bellsouth.net] has joined #tlponies
20:15:33 <DoT|Phone> awww
20:22:32 -!- Phearlock [~Phearlock@cm-84.211.141.30.getinternet.no] has joined #tlponies
20:22:32 -!- mode/#tlponies [+v Phearlock] by Q
20:22:47 <Phearlock> Hello ponpons
20:26:37 <Bio> neigh
20:35:38 <DoT|Phone> pearclock!
20:36:05 <Phearlock> Hello
20:36:18 <Phearlock> I want to hug some ponies dot.
20:36:29 <Phearlock> Or look at ponies hugging
20:36:39 <DoT|Phone> I want hugs
20:37:43 <Yolteotl> Dot
20:37:49 <Yolteotl> You have hugs
20:37:59 <Yolteotl> .roll d20 to hug dot
20:38:04 <Yolteotl> See
20:38:08 <Yolteotl> 4 hugs
20:38:51 * Bio grouphugs Phearlock, DoT` and Yolteotl
20:38:55 <Bio> 4
20:38:59 <Yolteotl> :p
20:40:32 <DoT`> phear http://candylux.deviantart.com/art/Spike-hug-584614526
20:40:41 <Micen_> Hello
20:41:31 <Phearlock> Thank you dot
20:41:36 <Rawr|Phone> The repost function is back!
20:41:49 <DoT`> haha
20:41:57 <Phearlock> Moon waifu http://i.4cdn.org/mlp/1452929134735.png
20:42:37 <DoT`> hugs are srs bzns phear
20:42:48 <Phearlock> I know, Luna so shy around consensual hugging.
20:44:14 <DuB`> Dot!
20:44:29 <DuB`> Stream reminded me. I forgot to pizza friday yesterday. :T
20:44:35 <DoT`> oh dear
20:44:42 <Rawr|Phone> Waow dub
20:44:49 <Rawr|Phone> How could you
20:45:27 <DoT`> you dissaponted rawr now
20:45:45 <DuB`> Dissappoint is my job.
20:45:48 <DuB`> I am the best!
20:46:29 <Rawr|Phone> :T
20:47:47 <DuB`> Snooooooooot~
20:49:03 <DoT|Phone> snoota
20:49:44 <Yolteotl> Poor girecake
20:53:31 <DuB`> ZvZ, pls...
21:04:59 -!- Yoltphone [~androirc@hoc67-1-88-125-156-2.fbx.proxad.net] has joined #tlponies
21:05:45 <Yoltphone> Dot I was a bit sick yesterday in the plane
21:06:14 <Yoltphone> I tried to play on my Vita and it was a bad idea D:
21:06:21 <DoT|Phone> Oh dear
21:06:25 <DoT|Phone> Poor pon
21:06:56 <Yoltphone> I hope my manager never ask me to work in a flying plane
21:07:02 <Yoltphone> D:
21:10:41 <DuB> This mana build.
21:10:45 <DuB> I like it.
21:11:01 <Phearlock> Well if you are on a plane that is not flying, you are either on the ground or in trouble.
21:11:29 <DuB> DEETEEES
21:12:06 <DoT|Phone> Poor dt
21:12:35 <Phearlock> Oh my god, DoT|Phone, Batponies http://royalsketchbook.tumblr.com/
21:14:06 <DoT|Phone> soooo cute
21:14:13 <Phearlock> I know!
21:15:01 -!- DoT|Phone1 [~Dot@94.2.108.204] has joined #tlponies
21:15:20 <DoT|Phone1> mana!
21:15:41 <Yoltphone> Protossed
21:15:46 -!- DoT|Phone [~Dot@94.2.108.204] has joined #tlponies
21:17:41 -!- DoT|Phone1 [~Dot@94.2.108.204] has joined #tlponies
21:24:18 <DoT|Phone1> stupid phone
21:24:22 <DoT|Phone1> Rawr Rawr
21:24:25 <DoT|Phone1> Rawr
21:24:41 <Rawr|Phone> Dot dot dot
21:24:53 <Rawr|Phone> <3
21:25:24 <DoT|Phone1> <3
21:25:33 <DoT|Phone1> mana yay. saving zealots
21:32:47 <DoT|Phone1> dub!  those disrupters
21:34:17 <skram> hi dot <3
21:34:58 <DoT|Phone1> Skram <3
21:35:14 <skram> hows u
21:37:41 <DoT|Phone1> broodlords are mean
21:37:55 <DoT|Phone1> I'm cold Skram. come hug me
21:51:20 <DuB`> Forcefieeeelds~
21:51:27 <DuB`> DAY OF LIQUID.
22:02:55 * skram hugs DoT`
22:04:35 <DoT|Phone1> yay
22:08:59 <DoT|Phone1> sad protoss
22:20:00 <DoT|Phone1> not looking good for mana
22:21:54 <DoT|Phone1> :(
22:23:23 <DoT|Phone1> dub. this is scary
22:26:28 <DoT|Phone1> sadness
22:27:21 <DoT|Phone1> huk time
22:27:25 <CockRoach|42> .roll d20 to pone
22:28:48 <DoT|Phone1> pony pony
22:30:29 <DuB> HUKTIME
22:31:58 <DoT|Phone1> where is the huk trash talk
22:39:06 -!- DuB`zZz [DuB@66-219-212-232.dynamic.ip.veracitynetworks.com] has joined #tlponies
22:40:34 <DuB`> D:
22:40:58 <CockRoach|42> :O
22:40:59 <Rawr|Phone> Dub
22:41:37 <DuB`> Rawr whassup!
22:41:46 <Rawr|Phone> Ur a silly pony
22:43:24 <DuB`> Scarlett is good.
22:43:51 <CockRoach|42> Rawr|Phone: are you drunk again?1
22:44:07 <DoT|Phone1> zerg is silly
22:44:24 <Rawr|Phone> Not quite cr
22:44:24 <DoT|Phone1> he is Danish
22:44:41 <CockRoach|42> drink more, Rawr|Phone
22:44:44 <CockRoach|42> DoT|Phone1: that is true
22:45:24 <Rawr|Phone> Spiddekauga!
22:47:14 <DoT|Phone1> spiders Rawr?
22:47:40 <Rawr|Phone> No spiders D:
22:54:43 <Micen> What is goign on ponies
22:55:10 <Phearlock> building some fun shooty things in From the depths again.
22:55:16 <Phearlock> Is nice and relaxing
22:55:51 <DoT|Phone1> You are missing all the sc2 today micen
22:56:18 <Micen> I am so out of touch with the scene, its kind of sad
22:58:43 -!- Runbunny [~Runbunny@62.61.130.232.generic-hostname.arrownet.dk] has joined #tlponies
22:58:52 <Runbunny> Yo.
22:58:59 <Runbunny> My project is done.
23:00:23 <CockRoach|42> woho!
23:00:51 <Micen> yay for finishing projects!
23:01:57 <Runbunny> I have weekend now :D
23:02:50 <DoT|Phone1> runbunny!!
23:03:09 <Runbunny> Dot!
23:05:52 <DoT|Phone1> how is you
23:06:45 <DoT|Phone1> Lol
23:06:53 <DuB`zZz> GGBall
23:06:57 <DuB`zZz> Wat.
23:06:57 <DoT|Phone1> the disrupter shot
23:07:55 <DoT|Phone1> dub snela
23:13:03 <DuB`> Blinkblinkblink.
23:13:04 <DuB`> Best!
23:13:44 -!- Frigo [~Frigo@catv-80-99-5-67.catv.broadband.hu] has joined #tlponies
23:16:09 <DuB`> Well this is a cool build.
23:16:56 <Rawr|Phone> So is your face dub!
23:17:08 <DuB`> My face is a cool build!
23:19:04 <Yoltphone> Be pony ponies
23:24:27 <reification> i return
23:24:47 <reification> how has the starcrafting been dotties?
23:25:04 <DuB`> Day of Liquid!
23:29:49 <DuB`> Huk :(
23:29:53 <DuB`> Scarlett is good!
23:33:10 <Yoltphone> French song!
23:41:07 <Runbunny> I'm tired dot.
23:47:31 -!- ZK [ZK@modemcable021.52-59-74.mc.videotron.ca] has joined #tlponies
23:48:27 <ZK> .roll d20 to boop DoT`
23:49:58 <reification> .roll d20 to boop zk
23:50:04 <ZK> .roll d20 to boop reification
23:50:13 -!- Oatsmaster [~oatsmaste@bb121-6-94-41.singnet.com.sg] has joined #tlponies
23:50:25 <reification> nice 18s zk
23:50:29 <reification> g’night all
23:50:31 <ZK> me good
23:50:33 <ZK> gnite reification
23:53:43 <DoT|Phone1> gnight reif!
23:53:49 <DoT|Phone1> hey zk
23:53:55 <ZK> dottles
23:54:28 <DoT|Phone1> it's snowing properly reif
23:54:50 <reification> i shall expect photos tomorrow
23:55:02 <ZK> any new puppies DoT`?
23:55:46 <DoT|Phone1> more huk in 5 minutes dub
23:56:37 <DoT|Phone1> besides the fifteen week old retriever I came across yesterday
23:57:38 <CockRoach|42> :O
23:58:17 <ZK> you take him in ? :o
23:58:26 <DoT|Phone1> I almost stole it
23:58:32 <ZK> know why i like DuB`?
23:58:34 <ZK> He likes huk
23:58:53 <DoT|Phone1> but it was too cute. I was stuck giving it attention
23:59:53 <DoT|Phone1> like if you came across Rawr
