00:03:29 <skram> Dot
00:04:27 <DoT|Phone1> did it give you a frighten?
00:05:07 <skram> Very scared dot
00:05:18 <reification> how will i sleep now? D:
00:06:40 <Dot_> no sleep
00:07:47 <skram> reddit.com/r/eyebleach reif
00:08:24 -!- DoT|Phone [~Dot@90.218.72.141] has joined #tlponies
00:10:22 <DoT|Phone> angel. you see this guy trying to do a dark souls run. all bosses. no hits taken
00:11:24 <Runbunny> Who?
00:11:26 <Runbunny> Lobos?
00:12:30 <Runbunny> oh that guy
00:12:32 <DoT|Phone> no. some happy hobbit
00:12:40 <Runbunny> There are plenty of challenge runs that people do
00:13:06 <DoT|Phone> this one though seems especially insane
00:15:06 -!- DuB` [DuB@66-219-213-203.dynamic.ip.veracitynetworks.com] has joined #tlponies
00:15:12 <DuB`> http://assets.amuniversal.com/516abbd0cc3e013348b4005056a9545d
00:15:16 <DuB`> http://i.4cdn.org/mlp/1458599332353.png
00:15:20 <DoT|Phone> duuuub
00:15:28 <reification> night all
00:15:32 <DoT|Phone> rude
00:15:41 <DoT|Phone> Gnight Reif!
00:16:45 <Runbunny> Hmm.. I don't think he'll do ceaseless cheese :/
00:17:03 <Dot_> ?
00:17:50 <Runbunny> oh he is doing cheese
00:17:54 <Runbunny> enjoy Dot :P
00:18:10 <Dot_> http://www.bbc.co.uk/news/uk-35861444
00:18:59 <Runbunny> Did you miss it while you looked at news ?!?!
00:19:11 <DoT|Phone> he punched it
00:19:19 <DoT|Phone> it ded
00:19:21 <Runbunny> 6 times and it died
00:19:27 <Runbunny> Cheese dude...
00:19:30 <Runbunny> Cheese.
00:19:32 <DoT|Phone> I will never understand this game
00:21:30 <DoT|Phone> lol
00:22:15 <BioClass> halo
00:22:21 <Bio> hi
00:22:21 <DoT|Phone> bayoo
00:22:24 <Bio> me
00:22:27 <Bio> yes
00:22:33 <Bio> ?na
00:22:36 <DoT|Phone> you is best you
00:23:03 <skram> boaty mcboatface
00:23:17 <skram> thats the bestest name for a boat
00:23:29 <DoT|Phone> angel this run ifs terrifying. just one slip and it's over
00:23:53 <DoT|Phone> I blame Rawr Skram
00:24:33 <Runbunny> Well dot there are people doing all achievements runs and that's like multiple playthroughs and 8 hours.
00:24:33 <Rawr|Phone> It's a good name dot
00:24:43 <skram> i blame dot rawr
00:25:04 <Rawr|Phone> Me too
00:25:32 <DoT|Phone> I am being blamed for best boat name. ok
00:25:44 <skram> maybe its really compliment
00:26:01 <DoT|Phone> seems to be that way
00:26:18 <skram> i thought you would be pleased
00:26:46 <DoT|Phone> I am
00:26:56 <DoT|Phone> angel. here I struggle for hours
00:27:10 <DoT|Phone> these speed runners
00:27:16 <Runbunny> yeah you weren't over leveled like hell.
00:27:28 <skram> Maybe when you have 3500 hours in dark souls like these guys youll do that too bjørnebassen
00:27:57 <DoT|Phone> what is bassen
00:28:01 <DoT|Phone> Nå
00:28:01 <Runbunny> Bassemand.
00:28:09 <skram> Its you, bjørn
00:28:22 <Runbunny> Sure. It's you Dot.
00:28:30 <DoT|Phone> maji
00:31:05 <DoT|Phone> Google fails me
00:31:14 <DoT|Phone> this word doesn't exist
00:31:54 <Bio> .r NA Sodium, atomic number 11, was first isolated by Peter Dager in 1807. A chemical component of salt, he named it Na in honor of the saltiest region on earth, North America.
00:32:25 <skram> did you try using the danish google dot
00:32:41 <Crisium> gøøgle
00:32:43 <DoT|Phone> I tried Google translate from Danish
00:32:47 <skram> gøøl
00:32:49 <DoT|Phone> haha
00:32:49 <skram> gøøgl
00:32:51 <skram> æ
00:34:03 <DoT|Phone> it says bass
00:34:09 <DoT|Phone> as in fish?
00:34:14 <skram> no
00:36:21 <skram> http://fc02.deviantart.net/fs70/i/2012/108/7/e/commission___bass_bear_by_artofhkm-d4wliik.png
00:36:32 <skram> this is bass bjørnen though
00:36:37 <skram> not bjørnebassen
00:36:44 <DoT|Phone> lol
00:39:51 <Crisium> DøT
00:40:40 <skram> have you got a new keyboard cris
00:40:55 <Crisium> no its not on my keyboard
00:40:59 <Crisium> i mean
00:41:09 <Crisium> nø its nøt øn my keybøard
00:41:17 <skram> æxcellent
00:41:24 <Crisium> im just using copy paste
00:41:32 <Crisium> ææææææææ
00:43:00 <skram> gøød
00:43:39 <Runbunny> Dot_, http://ordnet.dk/ddo/ordbog?query=basse
00:44:12 <Crisium> why dont you unite with your fellow north euros and consolidate around 1 language
00:44:16 <Crisium> like
00:44:18 <Crisium> russian
00:44:25 <Crisium> or
00:44:28 <Crisium> irish
00:44:42 <skram> we have
00:45:01 <Crisium> is sami a language?
00:45:04 <Crisium> you should use that
00:45:12 <skram> yes but unrelated
00:45:21 <skram> finnish is like slavic or something
00:45:38 <Crisium> so you all use russian
00:45:39 <DoT|Phone> so you are saying I am a pig Skram?
00:46:12 <skram> no?
00:46:15 <Crisium> Skræm
00:46:28 <DoT|Phone> it translates to wild boar
00:46:40 <DoT|Phone> a glorified pig :p
00:46:55 <skram> i dont think any of the words on that list do
00:47:18 <skram> what word translates to wild boar
00:47:30 <DoT|Phone> bassen
00:47:53 <Runbunny> Perkele Jonas.
00:47:55 <DoT|Phone> Google tried to translate angels link
00:48:08 <skram> it did a poor job
00:48:17 <Runbunny> it's literally weinerbrød.
00:48:29 <skram> or a big example apparantly
00:49:17 <Runbunny> well you can use basse about a lot of things.
00:49:52 <Runbunny> like krabat.
00:53:11 <skram> like the tractor? :D
00:53:28 <Runbunny> O:
00:56:47 <Camail> pls
01:00:48 <DoT|Phone> you scared him off Skram
01:01:15 <Crisium> æ
01:01:27 <skram> because im pretty?
01:01:35 <DoT|Phone> Nå
01:04:14 <Crisium> skram we have not seen u
01:04:17 <Crisium> u r not like dub
01:04:20 <Crisium> who is famous for photos
01:04:36 <Crisium> u ma b pretty, butt u need 2 prove it
01:04:41 <DoT|Phone> I require Skram face
01:04:55 <Crisium> Skram face
01:05:23 <skram> like a homeless person with great hair
01:05:34 <Crisium> pics or didnt happen
01:05:37 <DoT|Phone> Linus
01:06:09 <Crisium> then he is pretty
01:06:26 <DoT|Phone> give face
01:06:52 <skram> ask golly
01:07:07 <Crisium> golly your BBBFF?
01:07:15 <skram> no but he saw my face once
01:07:23 <DoT|Phone> too long ago
01:08:31 <DoT|Phone> ?golly
01:09:14 <skram> hahahah
01:09:24 <Crisium> is that him?
01:09:27 <Crisium> ?skram
01:09:34 <Crisium> oh he must be pretty then
01:09:35 <skram> ???
01:09:41 <DoT|Phone> he said it was
01:09:47 <skram> whats that about dot
01:10:11 <DoT|Phone> gollies it yours
01:10:14 <DoT|Phone> or
01:11:48 <DoT|Phone> yours I assume it's because zaryia
01:12:04 <skram> true
01:12:08 <skram> she is the cutiest patootiest
01:13:12 <DoT|Phone> your poor delusioned pony you
01:13:32 <Crisium> which princess does skram look like http://magnaluna.deviantart.com/art/princesses-sketch-597695343
01:13:57 <DoT|Phone> ditzy
01:14:36 <Crisium> ?when
01:14:48 <Crisium> 4.5 days
01:15:10 <DoT|Phone> I need to still watch the trailers
01:15:50 <Crisium> i dont want to
01:15:52 <Crisium> spoilers
01:16:33 <Crisium> for all know season 6 premier is the story of how derpi and doctor whooves met
01:18:39 <DoT|Phone> what about rose luck
01:19:01 <Crisium> or the story of how berry punch got so wasted
01:19:06 <Rawr|Phone> You pons are all very silly
01:19:28 <skram> its a hobby
01:20:16 <Crisium> roor y u awake
01:20:23 <Crisium> its like morning in russia
01:20:53 <skram> its only 1 in england cris
01:22:01 <Crisium> well i didnt ask why dot was aweake did i
01:22:04 <Crisium> why are you awake
01:22:26 <Crisium> RIP my sleep
01:24:22 <DoT|Phone> I want to sleep
01:24:32 <Camail> do drugzzzz
01:24:33 <DoT|Phone> I've been I  bed hours
01:24:34 <Crisium> http://caramelcookie.deviantart.com/art/My-Little-Rookie-Pokemon-Trainer-Apple-Bloom-597645766
01:24:38 <Crisium> yes drugs
01:24:54 <Crisium> PCP will make you so awake you die
01:24:58 <Crisium> sounds good rite
01:25:07 <skram> do they have meth in whateverville, england?
01:25:48 <Crisium> i thought merica had a copyright on meth
01:26:32 <skram> i dont think thats entirely true
01:26:42 <DoT|Phone> we have tea and  crumpets
01:26:57 <skram> in high school the cops told us to avoid it cris
01:27:09 <Crisium> because walter white was importing it to you
01:28:05 <Rawr|Phone> My sleep schedule is rip in pieces crisium
01:28:15 <Crisium> yeah
01:28:28 <Rawr|Phone> I slept 3 hours yesterday
01:28:31 <Crisium> pls
01:28:32 <Rawr|Phone> 14 today
01:28:35 <Crisium> wut
01:28:51 <Crisium> fix yourself
01:28:52 <skram> very healthy
01:29:00 <Crisium> make your dog wake you up
01:29:06 <Crisium> same time evry day
01:29:24 <Rawr|Phone> It's what happens when you stay out until 7 am
01:29:37 <Rawr|Phone> We don't have a dog right now crisium
01:29:41 <Rawr|Phone> Very sad
01:29:51 <Crisium> but how can you walk them
01:30:24 <skram> get a cat to walk on your face at 3 in the morning every morning
01:30:37 <skram> that way you know you should wake up in like another 3
01:31:06 <Crisium> ye
01:31:07 <Crisium> good plan
01:32:01 <Rawr|Phone> It's what I work with crisium
01:32:06 <Rawr|Phone> Worked with
01:32:50 <Crisium> you dont walk dog nemore
01:33:06 <Rawr|Phone> No
01:33:39 <Rawr|Phone> I visit sometimes, but I don't work there anymore
01:34:19 <Crisium> nuu
01:52:23 <skram> dot are you asleep yet
01:53:18 <Bio> pani
01:53:24 <Bio> neigh
01:53:48 <skram> does the pretty poni want a carrot
01:55:12 <Bio> excited neighing noises
01:56:04 * skram strokes Bios mane
01:57:58 <skram> very luxurious
02:00:31 -!- FlutterAi_ [~FlutterAi@adsl-98-93-41-2.owb.bellsouth.net] has joined #tlponies
02:03:46 -!- Mag_ [~Mag@107.92-221-99.customer.lyse.net] has joined #tlponies
02:08:59 -!- Rawr|Fone [~Rawr@81-233-7-47-no34.tbcn.telia.com] has joined #tlponies
02:12:02 <Bio> the trick is using the female shampoo
02:12:06 <Bio> its way gooder
02:15:26 -!- DoubleRainbow [webchat@DoubleRainbow.users.quakenet.org] has joined #tlponies
02:16:44 <FlutterAi_> .when
02:48:27 <Rawr|Fone> 🐴🐴🐴
03:53:18 -!- Camail [~Camail@38.69.8.163] has joined #tlponies
03:53:18 -!- mode/#tlponies [+v Camail] by Q
04:09:36 <Camail> ded
06:12:50 -!- Micen_ [~Micen@h166.245.17.98.dynamic.ip.windstream.net] has joined #tlponies
07:26:40 -!- FlutterAi [~FlutterAi@adsl-98-93-41-2.owb.bellsouth.net] has joined #tlponies
08:29:59 -!- Micen|Droid [~AndChat20@66.87.103.60] has joined #tlponies
08:30:44 <Micen|Droid> None of us horses are near Brussels, or even in Belgium right? 
08:30:52 <Micen|Droid> Also hi. 
08:31:06 -!- Micen|Droid_ [~AndChat20@h166.245.17.98.dynamic.ip.windstream.net] has joined #tlponies
08:31:17 <Micen|Droid_> Dum internet. Did my message go through? 
08:32:27 <Micen|Droid_> No one here in tlp is in Belgium, right? 
08:52:45 <Phearlock> I don't think so?
08:55:47 <Micen|Droid_> Okay thought not, just wanted to make sure after all this stuff going on
08:56:09 <Micen|Droid_> Two airport explosions, and one in a subway. 
08:57:05 <Phearlock> yeah I heard
09:02:34 <Micen|Droid_> Im watching CNN. Its nuts. 
09:24:54 <Micen|Droid_> Okay, I'm going to go nap before work. 
09:31:04 -!- motbob_ [~motbob@x-128-101-215-216.reshalls.umn.edu] has joined #tlponies
10:12:45 <Dot_> Morning ponies <3
10:17:53 -!- tredc [webchat@90-224-53-116-no56.tbcn.telia.com] has joined #tlponies
10:21:02 <Dot_> hey tredc
10:21:10 <tredc> hi DoT`
10:21:27 -!- reification [~reificati@cpc76294-cosh16-2-0-cust297.6-1.cable.virginm.net] has joined #tlponies
10:21:28 -!- mode/#tlponies [+v reification] by Q
10:21:39 <reification> morning tlp
10:22:13 <Dot_> Hey reif
10:22:19 <reification> hey dotties
10:22:20 <tredc> morning reif
10:23:02 <reification> hello tredc
11:09:39 -!- Micen|Droid [~AndChat20@66.87.19.124] has joined #tlponies
11:10:49 -!- AndChat-209684 [~AndChat20@h166.245.17.98.dynamic.ip.windstream.net] has joined #tlponies
11:21:16 <Yolteotl> ponpon
11:32:40 -!- Runbunny [~Runbunny@62.61.130.232.generic-hostname.arrownet.dk] has joined #tlponies
11:32:50 <Dot_> pons
11:32:53 <Dot_> angel
11:32:57 <Runbunny> Hai Dot.
11:34:24 <Dot_> .tell dub` https://gfycat.com/EthicalDizzyBangeltiger
11:34:43 <Yolteotl> dot
11:34:49 <Yolteotl> world is all messy
11:34:51 <Yolteotl> fix it
11:34:52 <Dot_> yolt, isnt that painfull
11:35:02 <Dot_> the world? yea, it hates me too
11:35:23 <Yolteotl> ahah, I saw it yesterday
11:35:34 <Yolteotl> nightmary
11:41:56 <Yolteotl> .when
11:41:59 <Yolteotl> so soon D/
11:42:03 <Yolteotl> I'm not ready
11:47:15 <Dot_> rawr
11:47:20 <Dot_> i  found something else you names
11:47:22 <Dot_> named
11:47:35 <Dot_> https://en.wikipedia.org/wiki/Mister_Splashy_Pants
11:58:32 <Dot_> more for rawr http://imgur.com/gallery/WCMutuV
11:59:21 <Rawr|Fone> I like it
12:01:46 <Dot_> what the hell is happenign in brussels
12:01:56 <Dot_> i only just opened the news
12:05:25 -!- reification [~reificati@cpc76294-cosh16-2-0-cust297.6-1.cable.virginm.net] has joined #tlponies
12:05:25 -!- mode/#tlponies [+v reification] by Q
12:07:47 -!- Frigo [~Frigo@catv-80-99-5-67.catv.broadband.hu] has joined #tlponies
12:12:26 <reification> my class at school sponsored a whale called sod
12:12:50 <reification> so we could say ’sod the whale’
12:17:37 <Dot_> lol
12:32:40 <Dot_> ?saura
12:32:50 <Dot_> .tell Saurabhinator new mostly walking!
12:37:33 <Rawr|Fone> Pls dot
12:37:40 <Rawr|Fone> Fix ur name
12:37:42 <Dot_> rawrasuar
12:37:53 <Dot_> it doesnt fix atm
12:38:09 <Dott`> closest i can get
12:38:47 <Rawr|Fone> Unacceptable
12:40:55 <Rawr|Fone> Ok
12:42:56 -!- DoT` [~Dot@90.218.72.141] has joined #tlponies
12:43:00 <DoT`> there we go
13:00:17 <DoT`> i think i will start reading Malazan Book of the Fallen tonight
13:00:24 <DoT`> i hear dits goodd a while ago 
13:00:30 <DoT`> good*
13:11:50 <DoT`> how is discord making money?
13:28:10 <DoT`> Bio
13:47:59 <Rawr|Fone> Dot
13:48:07 <DoT`> rawr
13:48:55 <Rawr|Fone> <3
13:48:58 -!- DuB` [DuB@66-219-213-203.dynamic.ip.veracitynetworks.com] has joined #tlponies
13:49:01 <DuB`> G'morning.
13:49:08 <Rawr|Fone> Dub dub dub
13:49:14 <DuB`> Rar!
13:49:24 <Runbunny> top of the morning DuB`.
13:49:35 <DoT`> <3
13:49:36 <DoT`> DIB
13:49:38 <DoT`> <3 
13:50:41 <DuB`> http://assets.amuniversal.com/53640100cc3e013348b4005056a9545d
13:50:42 <DuB`> DIT
13:50:43 <DuB`> <3
13:52:56 <DoT`> haha
13:56:47 -!- Golly [~Golly@1.92-221-121.customer.lyse.net] has joined #tlponies
13:58:35 <DoT`> hi golly
14:00:28 <DoT`> how was your yesterday dubs>
14:01:20 <DuB`> Busy busy.
14:04:22 <DoT`> you see the gif?
14:07:05 <DuB`> Yeah!
14:07:21 <DoT`> we cs later?
14:10:17 <DuB`> Nah, I probably won't even be back on today.
14:10:35 <DoT`> :(
14:11:28 <DuB`> Busybusy~
14:23:18 <Rawr|Fone> Rude
14:24:45 <DoT`> but duuub
14:32:23 <DoT`> when is overwatch?
14:37:27 <DuB`> NEVUR.
14:38:00 <DoT`> aww
14:38:03 <DoT`> later pon
14:48:33 -!- reification [~reificati@cpc76294-cosh16-2-0-cust297.6-1.cable.virginm.net] has joined #tlponies
14:48:34 -!- mode/#tlponies [+v reification] by Q
14:48:50 <reification> am return from walk
14:48:57 <DoT`> was walk good?
14:48:57 <reification> there were many 🐴
14:49:06 <reification> yes ty dotties
15:25:45 -!- reification [~reificati@cpc76294-cosh16-2-0-cust297.6-1.cable.virginm.net] has joined #tlponies
15:25:46 -!- mode/#tlponies [+v reification] by Q
15:43:15 <DoT`> yo homm
15:43:39 <Emily> heya DoT`
15:43:42 <Emily> heya ponies
16:17:24 <CockRoach|42> hi pons
16:22:01 <DoT`> hey cr
16:26:45 -!- Rawr|Phone [~Rawr@81-233-7-47-no34.tbcn.telia.com] has joined #tlponies
16:29:17 <Rawr|Phone> 🐴🐴🐴
16:45:04 <DoT`> whats up rawr
16:45:47 -!- DoT|Phone [~Dot@90.218.72.141] has joined #tlponies
16:57:14 <Rawr|Phone> Not much dot
16:57:23 <Rawr|Phone> How are you?
16:58:40 <DoT`> im ok, did you ping pong ?
17:03:35 <Rawr|Phone> In 30 minutes dot
17:08:01 <DoT`> soon!
17:14:17 -!- Lynda [~Lynda@Lynda.users.quakenet.org] has joined #tlponies
17:14:17 -!- mode/#tlponies [+v Lynda] by Q
17:14:18 <Lynda> hi
17:20:31 <DoT`> yo lyn
17:54:16 -!- Micen|Droid [~AndChat20@66-87-18-169.pools.spcsdns.net] has joined #tlponies
17:55:26 -!- Micen|Droid_ [~AndChat20@h166.245.17.98.dynamic.ip.windstream.net] has joined #tlponies
17:57:54 <DoT`> pon pon pon
18:13:24 <DoT`> brb
18:13:44 -!- DoT` [~Dot@90.218.72.141] has joined #tlponies
18:13:59 <DoT`> opening some stuff stops me from being able to click on hexchat
18:18:08 <DoT`> .tellm Bio dub` | http://imgur.com/gallery/vgQTYzU
18:19:20 -!- Camail [~Camail@38.69.8.163] has joined #tlponies
18:19:20 -!- mode/#tlponies [+v Camail] by Q
18:20:14 <DoT`> camamail
18:20:17 <DoT`> why
18:25:27 <DoT`> https://www.reddit.com/r/starcraft/comments/4bhw4n/talent_lineup_for_starcraft_in_austin/
18:25:29 <DoT`> amg TB
18:25:51 <Runbunny> Caramail.
18:26:07 <DoT`> Yolteotl, you see this!
18:28:32 <DoT`> http://dimfann.deviantart.com/art/Howdy-598177012
18:30:02 <Camail> pls
18:38:28 <Yolteotl> useless cute pon :P
18:38:39 <DoT`> useless?
18:40:15 <Yolteotl> AJ useless
18:40:16 <Yolteotl> :P
18:40:29 <DoT`> i pinged you for the sc2 thing
18:40:35 <DoT`> not the silly pony
18:42:57 <DoT`> an Incontrol and TB caste would be amazing
18:44:25 <Yolteotl> ah D:
18:44:30 <Yolteotl> sorry dot
18:49:01 <Yolteotl> this is cool
18:53:24 -!- skram [~skram@ip-175-146-106-77.eidsiva.net] has joined #tlponies
18:53:24 -!- mode/#tlponies [+v skram] by Q
18:55:10 <DoT`> jonas hedge
18:55:58 <Yolteotl> dot
18:56:01 <Yolteotl> I found a bug 
18:56:04 <Yolteotl> in Sc2
18:56:12 <skram> ponpons
18:56:13 <skram> hallo
18:56:53 <DoT`> rawr http://imgur.com/gallery/NE6wh
18:56:54 <DoT`> gl
18:57:34 -!- carcinisation [~reificati@cpc76294-cosh16-2-0-cust297.6-1.cable.virginm.net] has joined #tlponies
19:03:52 <motbob> the casting lineup for Dreamhack seems a bit cancerous
19:04:01 <DoT`> oh you
19:04:02 <carcinisation> my rungood has gone awol...
19:04:02 <Yolteotl> ahaha
19:04:18 <skram> whos on it mot
19:04:19 <carcinisation> rip half my stack
19:04:32 <DoT`>  https://www.reddit.com/r/starcraft/comments/4bhw4n/talent_lineup_for_starcraft_in_austin
19:04:46 <DoT`> sounds troubling reif
19:04:59 <skram> ahahah
19:05:00 <skram> very rude
19:05:37 <Yolteotl> Dot : https://gfycat.com/DefinitiveSoreDarwinsfox
19:06:20 <DoT`> what just happend there yolt
19:06:31 <DoT`> lol
19:06:37 <Yolteotl> the tank was picked but died D:
19:06:46 <DoT`> you picked up an explosion!
19:07:06 <Yolteotl> I was like
19:07:08 <Yolteotl> whaaaaat
19:07:32 <Yolteotl> https://www.reddit.com/r/starcraft/comments/4biuwy/little_tankivac_bug_found_yesterday/ 
19:07:34 <Yolteotl> upvote:D
19:07:38 <Yolteotl> plzzz
19:07:39 <Yolteotl> <3
19:07:44 <DoT`> wow the begging
19:07:47 <motbob> no
19:08:04 <Yolteotl> IT'S IMPORTANT
19:08:11 <Yolteotl> it's a huge nerf
19:08:11 <Yolteotl> :P
19:08:18 <DoT`> unplayable
19:08:26 <Yolteotl> yes
19:08:29 <Yolteotl> terran so broken ':(
19:08:31 <DoT`> its done but i expect compensation at some point
19:08:44 <carcinisation> in before shadowban for vote manipulation
19:16:36 <Yolteotl> https://www.reddit.com/r/starcraft/comments/4biuwy/little_tankivac_bug_found_yesterday/  those answers are so quick
19:19:37 <carcinisation> nathanias knows his stuff
19:20:40 <Yolteotl> wow, I did not even see Nathanias answered
19:20:40 <Yolteotl> D:
19:22:18 <Yolteotl> this is still a bit weird, that means that the first shot did 4 damages, my tank had 5, then it executed the pick up
19:22:25 <Yolteotl> and the second shot fired 
19:26:28 <carcinisation> final table \o/
19:28:50 <Runbunny> What is the bug?
19:30:26 <Yolteotl> I picked up an explosion
19:30:53 -!- Micen|Droid [~AndChat20@66-87-101-61.pools.spcsdns.net] has joined #tlponies
19:31:07 <Yolteotl> to be exact, I picked up the tank (the unit has moved), but instantly died from a reaper attack
19:31:21 <Micen|Droid> Hello
19:31:31 -!- Wikt|dc_ [~Wikt@213.108.153.51] has joined #tlponies
19:31:31 -!- mode/#tlponies [+o Wikt|dc_] by Q
19:32:12 <Yolteotl> If the tank died before being picked up, the animation should not being started
19:32:24 <Yolteotl> and if the tank is picked up, it should not die :p
19:38:43 <carcinisation> maybe a reaper finally learned how to shoot up :p
19:39:09 <Yolteotl> ahaha
19:43:05 -!- DoT|Phone [~Dot@90.218.72.141] has joined #tlponies
19:43:16 <DoT|Phone> phone please
19:43:54 <carcinisation> there was a wol comic about a reaper that used the anti-building charges to fight
19:44:21 <carcinisation> http://img15.deviantart.net/c7a9/i/2015/137/e/3/carbot_starcrafts_lotv___reapers_of_grenade_by_countrygump-d8ts38t.jpg
19:46:13 <Yolteotl> carbot style
19:46:39 * skram gently pats dot
19:46:57 <skram> Did you figure out the mystery of the dot impersonator yet?
19:47:14 <DoT|Phone> Skram. restart fixed it
19:47:36 <DoT|Phone> how's you
19:47:43 <skram> I bet the butler did it.
19:48:05 <skram> carfuckery and coffee DoT`. Im well enough.
19:48:07 <skram> You?
19:48:50 <DoT|Phone> I'm ok I suppose.
19:51:12 <skram> just ok?
19:51:20 <skram> did you run out of biscuits
19:51:48 <Micen|Work> I sketched a twi today. I feel accomplished. 
19:51:54 <Twi> hai
19:52:42 <skram> :D
19:52:44 <Micen|Work> Oh hi
19:53:01 <skram> micen is outside your window sketching ur face twi
19:53:18 <Micen|Work> Isnt that what "work" means? 
19:54:06 <skram> Never stalked someone to sketch their face while pretending to work before but i guess its as good as anything m00cen
19:54:57 <DoT|Phone> please sketch Skram face. we still haven't seen
19:55:00 <DoT|Phone> it
19:55:26 <skram> homeless person with great hair dot
19:55:30 <skram> why is this difficult for you
19:55:55 <Camail> dye ur hair flesh colored
19:56:03 <skram> no
19:57:09 <Camail> y not
19:57:36 <skram> its brownish so if i was afronorwegian itd be flesh colored cam
19:57:43 <DoT|Phone> how about purple like Abigail
19:57:54 <Camail> or blue like better abigail
19:58:29 <skram> how about no
19:58:36 <Camail> unhelpful
19:58:41 <Camail> you are being unhelpful right now
19:58:43 <skram> im not trying to help anyone
19:58:57 <skram> im not even sure what it is that you need help for cam
19:59:11 <Camail> i need you to dye your hair and call me daddy
20:00:31 <skram> im not gonna enable your incestous fantasies camail
20:00:42 <skram> surely you have some cousins you can knob instead
20:02:06 <Camail> plenty of people call me daddy that I'm not related to
20:03:26 <skram> well im not gonna join your gang of friends who all have daddy issues
20:09:01 <DoT|Phone> so judgemental Skram
20:14:54 <skram> The voice actor for Alistair in DA is playing a patient in this house MD episode
20:15:05 <skram> i didnt know he was also an actor actor!
20:15:17 <Camail> real actor*
20:15:35 <Camail> cuz voice acting is for baby failure actors
20:15:45 <skram> that seems rude
20:16:25 <DoT|Phone> http://i.imgur.com/D7vJSu2.png stardew art
20:17:32 <Camail> watering a single melon int he middle of the trees
20:17:35 <Camail> worst wife
20:18:06 <Camail> I  figured out what I'm gonna do, gonna wait for a bunch more content, and when the first piece of dlc comes out gonna start fresh
20:18:17 <motbob> what if we did multiplayer
20:18:30 <Camail> i was almost assuming we would
20:18:52 <motbob> well i'm not going to "beat" the game and then play it again with a friend
20:19:06 <motbob> can we just make a pact to chill until multiplayer comes out
20:19:36 <Camail> I mean, I already did basically everything, but truth be told there isn't much content after year 1
20:19:43 <Camail> by the time multiplayer happens I'm fine with that
20:19:50 <Camail> I don't want to play until then anyway
20:21:02 <Camail> the problem is, how will we divvy out the wives with multiple people
20:21:08 <Camail> I don't want anyone to be stuck with haley
20:21:23 <Camail> i wonder if that'll be possible in multiplayer, probably not
20:23:24 <Yolteotl> "German neo-Nazi politician rescued from car crash by Syrian refugees"
20:23:25 <Yolteotl> ahah
20:24:05 <Cane> https://i.imgur.com/VObu4DQ.gifv
20:24:26 <DoT|Phone> daww
20:25:47 <DoT|Phone> hey cane pon
20:38:31 <DoT|Phone> cam. I see there is a theory that Abigail is a Dragon
20:38:35 <DoT|Phone> makes sense
20:38:52 <Lynda> night all
20:39:07 <DoT|Phone> gnight Lynn
20:42:16 <Camail> what kinda of theory is that dot
20:42:47 <DoT|Phone> love of gems. eats quarts
20:43:01 <DoT|Phone> you need more
20:43:04 <DoT|Phone> ?
20:44:58 <Camail> lazy writing
20:45:45 <Camail> oh dot
20:45:49 <Camail> did you figure out the puzzle yet
20:46:29 <Yolteotl> the french governement started a mission around Esport :D
20:46:39 <Yolteotl> finding ways to help it
20:46:57 <DoT|Phone> well I know there are prismatic shards. but I have never seen one. but that is probably what I need
20:47:01 <Yolteotl> recognize it as a true sport
20:47:25 <DoT|Phone> it's already seen as a sport in south Africa Yolt
20:47:33 <Camail> farm the skull caverns
20:47:47 <Camail> probably get one out of every 150-ish for me
20:47:47 <DoT|Phone> even though no one knows it exists your
20:47:50 <DoT|Phone> Yolt
20:47:58 <Yolteotl> and you don't have any pro
20:47:59 <Yolteotl> snela
20:48:13 <DoT|Phone> rude
20:48:18 <Yolteotl> <3
20:48:27 <DoT|Phone> <3
20:48:38 <DoT|Phone> has your post made you famous yet
20:49:45 <Yolteotl> almost, still in second page
20:49:51 <Yolteotl> it needs more upvote
20:49:52 <Yolteotl> D:
20:59:10 -!- BioPhone [~Bioandroi@166.175.62.103] has joined #tlponies
20:59:20 <BioPhone> Pon
21:00:37 <DoT`> Bio <3
21:01:26 <DoT`> .roll d20 for pony
21:01:54 <Micen|Work> Horses. 
21:02:07 <DoT`> moocen!
21:02:22 <DoT`> did you see the sc2 DH casters?
21:02:38 <Micen|Work> No. Am I one of them? 
21:02:45 <DoT`> https://www.reddit.com/r/starcraft/comments/4bhw4n/talent_lineup_for_starcraft_in_austin/
21:03:21 <Micen|Work> TB huh. 
21:03:25 <DoT`> \o/
21:03:34 <Micen|Work> I am sad. 
21:03:44 <DoT`> well thast not an expected response
21:03:56 <Micen|Work> Not because of that
21:04:14 <Micen|Work> I went into a hair salon asking how much 
21:04:16 <Micen|Work> https://www.instagram.com/p/-5YE7Qrg7T/
21:04:19 <Micen|Work> Would cost. 
21:04:30 <DoT`> a lot
21:04:39 <Micen|Work> Was told at least 200, but to have closer to 3
21:05:05 <DoT`> and an entire day free?
21:05:10 <Micen|Work> Yep
21:05:43 <Micen|Work> They said I'm looking at 6 hours of work minimun. 
21:05:46 <CockRoach|42> .tellm Cane Yolteotl | http://princesschyuu.deviantart.com/art/Sunshine-597633339
21:05:50 <DoT`> well i got new day9 mostly walking to watch, so i will just be happy with that
21:06:11 <CockRoach|42> .tell Bio http://magnaluna.deviantart.com/art/Punys-594193169
21:06:11 <DoT`> does she need wings with those ears
21:06:27 <DoT`> magnaluna does amazing d'aaww
21:06:43 <Micen|Work> That is cute. 
21:07:39 -!- DoT|Phone1 [~Dot@90.218.72.141] has joined #tlponies
21:11:21 <BioPhone> Overwatch when?
21:11:32 -!- Phearlock [~Phearlock@cm-84.211.141.30.getinternet.no] has joined #tlponies
21:11:32 -!- mode/#tlponies [+v Phearlock] by Q
21:11:35 <DoT`> .when
21:11:40 <DoT`> hey phear <3
21:12:01 <Phearlock> Hey hey
21:13:00 <DoT`> Open beta will begin on May 5th, and run until May 9th.
21:13:04 <DoT`> so long away bio
21:14:32 <DoT`> cane, you hype?
21:17:30 <BioPhone> Purple horse is best
21:18:55 <Phearlock> Yes
21:19:34 <Phearlock> I assume someone already linked you this Bio? https://derpiboo.ru/1114214
21:20:28 <CockRoach|42> awwwwww
21:21:53 <BioPhone> Super cute fuzz balls
21:22:41 <BioPhone> That artist does wonderful boat drawings
21:24:17 <Bio> i bek
21:24:19 <Bio> hi
21:24:28 <CockRoach|42> yes, she(?) does
21:24:41 <CockRoach|42> hi bio
21:27:10 <Bio> been listening to undertale music a bunch recently
21:27:12 <Bio> is gut
21:27:18 <Bio> lots of piano versions
21:35:01 <DoT|Phone1> needs pony versions
21:35:56 <Bio> pony... piano?
21:36:16 <Bio> https://www.youtube.com/watch?v=8UPE6A1j6-A
21:44:14 <Camail> jesus
21:44:31 <Camail> chun li has a 50/50 cross up that depends on how early/late you prss the button
21:44:52 <Camail> and it's off a block string that leaves her +3
21:53:32 -!- BioPhone [~Bioandroi@166.175.62.103] has joined #tlponies
21:57:43 <skram> DoT` i am bored
21:57:45 <skram> dance for my amusement
22:02:21 <DoT`> http://vignette2.wikia.nocookie.net/mlpfanart/images/6/62/Luna_Dance_by_kadjule.gif/revision/latest
22:02:35 <DoT`> i cant find a cleaner link to this gif
22:02:48 <skram> good enough
22:02:59 <DoT`> good
22:08:30 <Rawr|Phone> No
22:09:47 <DoT|Phone1> Rawr Nå
22:09:55 <Rawr|Phone> Nå dot
22:10:29 <skram> kom nu her
22:10:35 <skram> bjørnebassen
22:14:37 <DoT|Phone1> what you up to shaken
22:14:42 <DoT|Phone1> skrammen
22:14:45 <DoT|Phone1> phone please
22:15:00 <skram> looking at dumb stuff on youtube mostly
22:15:06 <skram> im bored and you refused to dance
22:15:12 <DoT|Phone1> why is enter and backspace next to each other
22:16:21 * Bio pats skram
22:16:37 <skram> will you dance for me, bio?
22:18:34 <Bio> http://iambrony.steeph.tp-radio.de/mlp/gif/174720__UNOPT__safe_twilight-sparkle_animated_artist-fluffytown.gif
22:18:49 <Bio> http://vignette4.wikia.nocookie.net/ajfanideas/images/0/0e/Twilight_dancing.gif/revision/latest?cb=20141031000631
22:19:30 <Bio> http://vignette1.wikia.nocookie.net/mlpfanart/images/b/ba/Twilight_dances_S2E9.gif/revision/latest?cb=20121027222206
22:19:48 <Rawr|Phone> Jonas.
22:19:52 <skram> Thank you bio
22:19:53 <skram> Henrik,
22:19:54 <skram> .
22:19:55 <Rawr|Phone> Ro dig ned
22:20:03 <skram> ro deg opp, skjøge
22:20:32 <Rawr|Phone> Rysligt ohyfsat
22:20:58 <DoT`> talking heathen
22:21:13 <skram> i agree, swedish is terribly uncouth
22:21:16 <Rawr|Phone> Just skram being rude
22:21:38 <skram> im being perfectly reasonable
22:21:41 <Rawr|Phone> The first part was not even swedish
22:21:44 <Rawr|Phone> Snela
22:22:33 <DoT`> day9 dies more in Kings quest than i do in Dark souls
22:24:18 <Rawr|Phone> Not surprised
22:25:22 <Rawr|Phone> Kings quest games are basically impossible with no guide
22:27:39 <DoT|Phone1> that's why they are great to watch day9 play
22:30:14 <DoT|Phone1> Gnight homm
22:30:28 <Emily_zzz> g'nite dot, gnite everypony <3
22:30:52 <skram> dream about horses
22:31:03 <Runbunny> DoT`, 
22:31:12 <Runbunny> There is something i want to discuss with you.
22:31:25 <Runbunny> Multi coloured cats.
22:32:28 <DoT|Phone1> are they human like?
22:33:35 <Runbunny> well the multi colour of calico cats is due to random X-chromosome inactivation.
22:34:32 <Runbunny> if there's a male cat which is multi coloured it's sterile, due to have 2 X chromosomes and a Y chromosome.
22:34:51 <DoT`> poor kitty
22:35:07 <DoT`> so your saying i should not paint cats?
22:37:57 <Runbunny> Well you can paint them with ca friendly paint, but like, some ship paint, has a lot of elements that is protagonistic for estrogen receptors.
22:38:11 <Runbunny> That would fuck the cat will up.
22:38:15 <Runbunny> Don't do this please.
22:46:55 <Camail> paint cats
22:46:58 <Camail> with everything
22:47:10 -!- Micen|Droid [~AndChat20@h166.245.17.98.dynamic.ip.windstream.net] has joined #tlponies
22:47:16 <Camail> dot u sohuld shoot
22:55:02 -!- reification [~reificati@cpc76294-cosh16-2-0-cust297.6-1.cable.virginm.net] has joined #tlponies
22:55:02 -!- mode/#tlponies [+v reification] by Q
23:03:11 <DoT|Phone1> maybe
23:06:23 -!- Crisium [webchat@dhcp-pa-67-20-245-248.consolidated.net] has joined #tlponies
23:08:18 <DoT|Phone1> crisium!
23:12:04 <Crisium> howdy
23:12:56 -!- Holmir [~Holmir@h-176-10-249-93.na.cust.bahnhof.se] has joined #tlponies
23:19:34 -!- Micen|Droid_ [~AndChat20@h166.245.17.98.dynamic.ip.windstream.net] has joined #tlponies
23:24:58 <DoT`> http://www.standard.co.uk/news/transport/commuters-salute-guard-after-trainy-mctrainface-pulls-into-waterloo-a3209291.html
23:29:20 <Camail> Something, somewhere will be named Boaty McBoatface by the end of this
23:33:05 <CockRoach|42> if the company agrees on the name
23:33:53 <DoT`> it will probably end up being given as a second name or unoficial name to the boat
23:37:08 <CockRoach|42> yeah :/
23:37:36 <reification> https://www.youtube.com/watch?v=07So_lJQyqw
23:38:31 <skram> if i ever get a dog im gonna call it boaty mcboatface
23:38:39 <Bio> woof
23:40:02 <DoT`> skrma, you can be boaty mcboatface
23:40:18 <DoT`> we havnt seen your face
23:40:38 <skram> good point, maybe i look like a boat
23:40:42 <skram> u dont kno
23:40:51 <reification> it’s clearly the name for wikt’s kancolle dakimakura :p
23:41:05 <skram> i dont know what those things are reif
23:41:06 <Wikt|dc_> i don't do dakis
23:41:20 <Wikt> too weird for me
23:41:23 <Crisium> skram still hiding his face typical
23:41:27 <Wikt> not for like a normal reason, either
23:41:47 <Wikt> it's just because i find playing pretend games with inanimate objects too offputting on an irrational level
23:42:03 <reification> lol
23:42:35 <reification> was that the case even when you were a small child?
23:44:43 <reification> enjoy your ignorance skram. in this case it is certainly bliss
23:45:28 <skram> its pillowcases/bed sheets with some sort of anime/hentai lewdness
23:45:30 <skram> i think?
23:47:03 <reification> oh dear skram. you do know too much after all
23:47:40 <skram> thats not even top 10 of weird things i wish i didnt know about reidf
23:48:30 <reification> sure but i thought you had avoided the anime contamination
23:49:28 <skram> im already tainted by your ungodly ways
23:50:25 <DuB`off> NANI ITTEIRU N DA YO
23:51:23 <DuB`> Sugoi! Baka! Desu! 
23:51:31 <skram> but theres still hope for me, mr. dubbles on the other hand...
23:52:26 <reification> he stayed too close to the source for too long…
23:54:02 <skram> he gazed long into the abyss
23:54:35 <DuB`> Skarm you know you love meh.
23:54:50 <reification> g’night all
23:54:57 <DuB`> Reef!
23:54:58 <skram> night reif
23:54:59 <DuB`> G'night!
23:55:36 <DoT`> ITS DUB
23:55:39 <DoT`> gngiht reif <3
23:55:40 <DuB`> DOT
23:55:47 <DoT`> Maji
23:56:04 <DuB`> I'm like... 50% of being sick and I still have a lot to do this week 'n stuff.
23:56:10 <DuB`> So I got tomorrow off work.
23:56:11 <DoT`> aww :/
23:56:18 <DoT`> off work is nice i supose
23:56:22 <DoT`> get stuff done
23:56:31 <DuB`> Can relax and get proper sleep and hopefully be back to bein gokay.
23:56:41 <DuB`> being okay
