00:00:53 <DoT`> or print pages!
00:02:08 <Runbunny> I don't own such a device!
00:03:11 <DoT`> oh dear, this is trouble
00:03:25 <DoT`> if only there was a dark sols stream
00:03:55 <Runbunny> Yeah Phearlaptop!
00:04:15 <Runbunny> Look at what you're doing to poor Dot.
00:07:34 <DoT`> a travesty
00:12:12 -!- Saurabhinator [webchat@101.166.220.80] has joined #tlponies
00:13:15 <DoT`> saurarara
00:13:28 <CockRoach|42> .roll d20 to sleep
00:13:39 <DoT`> gnight cr
00:13:51 <CockRoach|42> i'm considering at least
00:16:09 <Saurabhinator> ey
00:26:08 <DoT`> bio
01:23:41 <Bio> yo
01:50:51 -!- FlutterAi_ [~FlutterAi@adsl-98-93-47-83.owb.bellsouth.net] has joined #tlponies
01:55:11 -!- DoT|Phone [~Dot@90.218.72.141] has joined #tlponies
01:58:33 <Saurabhinator> DoT`: i want more mostly walking
01:58:38 <Saurabhinator> last ep was 2 gud
02:34:43 <Bio> my icepuck team lost
02:34:44 <Bio> bad
02:34:46 <Bio> T_T
02:34:50 <Bio> oh well, playoffs now
03:09:30 -!- Crisium [webchat@dhcp-pa-173-233-10-196.consolidated.net] has joined #tlponies
03:22:15 <Camail> DuB`off  pls
03:51:49 -!- DuB_phone [~AndChat71@66.87.126.206] has joined #tlponies
03:52:06 <DuB_phone> Ponepone 
03:58:05 <Crisium> pon
03:59:54 <Camail> dub get off ur phone
03:59:59 <Camail> stupid kids these days
04:00:03 <Camail> no respect
04:01:57 <Bio> rabble rabble
04:11:22 <Saurabhinator> i liked the new train attack on titan episode
04:14:21 <Saurabhinator> also
04:14:27 <Saurabhinator> I am in love with this track
04:14:30 <Saurabhinator> https://youtu.be/LYOtZvwNCsc?t=5m55s
04:23:24 <Crisium> saura good music choice as always
04:23:34 <Crisium> this is why i liked to watch your artin
04:23:42 <Crisium> art + good musics
04:35:06 <Saurabhinator> I should try streaming again sometime
04:35:53 <Crisium> yay
04:36:26 <Saurabhinator> let me try
04:37:58 <Saurabhinator> https://www.twitch.tv/saurabhinator
04:39:14 <Saurabhinator> dropping too many frames
04:39:21 <Saurabhinator> gross
04:39:31 <Crisium> aww
04:42:59 <Saurabhinator> i need to find wich twitch server to use
04:51:32 <Saurabhinator> holy shit i didnt even realise ther was an australian server
04:52:23 <Crisium> ozzie
04:52:30 <Crisium> osborne
05:01:10 <Saurabhinator> Crisium: stream should be much better now
05:01:49 <Crisium> woo
05:15:28 <Saurabhinator> DoT`: ^streamin
05:46:00 -!- DoT|Phone [~Dot@90.218.72.141] has joined #tlponies
05:52:30 <Crisium> twitch is dead for m
05:52:37 <Crisium> i cant watch stream
05:53:25 <DuB`off> ಗಾ ﹏ ಗಾ
05:53:33 <Crisium> dob
05:53:41 <DuB`> (゜´Д｀゜)
05:53:49 <DuB`> Allo allo
05:53:58 <DuB`> Ehhh I should slepp soon.
05:55:42 <DuB`> But slepp is boring. :T
05:59:43 <Camail> wow dub
05:59:48 <Camail> dont ruin your sleep schedule
05:59:51 <Camail> probably should sleep
06:00:01 <Saurabhinator> DuB`: http://trevorsomething.bandcamp.com/album/trevor-something-does-not-exist
06:00:11 <DuB`> Oh, thanks!
06:00:33 <DuB`zZz> Fine then!
06:48:06 <Crisium> good night all
07:01:47 -!- Rawr|Phone [~Rawr@81-233-7-47-no34.tbcn.telia.com] has joined #tlponies
07:09:23 -!- Golly [~Golly@1.92-221-121.customer.lyse.net] has joined #tlponies
07:22:28 <CockRoach|42> pon pon
07:28:57 -!- Raelcun [~Raelcun@75-22-122-173.lightspeed.clmboh.sbcglobal.net] has joined #tlponies
07:28:59 -!- Raelcun [~Raelcun@Raelcun.users.quakenet.org] has joined #tlponies
07:28:59 -!- mode/#tlponies [+v Raelcun] by Q
08:00:15 -!- DoT|Phone [~Dot@90.218.72.141] has joined #tlponies
08:32:23 -!- DoT|Phone [~Dot@90.218.72.141] has joined #tlponies
08:44:30 -!- Runbunny [~Runbunny@62.61.130.232.generic-hostname.arrownet.dk] has joined #tlponies
08:53:21 -!- tredc [webchat@90-224-53-116-no56.tbcn.telia.com] has joined #tlponies
08:55:27 <DoT`> Morngn ponies <3
08:55:59 <Yolteotl> dot!
08:56:00 <Yolteotl> <3
08:56:07 <DoT`> Saurabhinator, hopefuly more mostly walking tomorow
08:56:15 <DoT`> that last ep was great
08:56:20 <DoT`> yoolt <3
08:59:12 <Yolteotl> familly today :P
09:01:03 <DoT`> yay
09:01:25 <DoT`> https://derpibooru.org/663607
09:02:44 <Yolteotl> that's a happy pon
09:07:33 <Saurabhinator> ayo
09:09:50 -!- Frigo [~Frigo@catv-80-99-5-67.catv.broadband.hu] has joined #tlponies
09:11:11 <Yolteotl> https://www.youtube.com/watch?v=YP5WT0n_jgg
09:38:38 <Yolteotl> http://www.twitch.tv/yolteotl
09:38:41 <Yolteotl> dot pon
09:38:42 <Yolteotl> starcraft!
09:49:54 <Yolteotl> oh gosh
09:50:09 <Yolteotl> dotchandler
09:50:12 -!- Pearlock [~Phearlock@cm-84.211.141.30.getinternet.no] has joined #tlponies
09:50:12 -!- mode/#tlponies [+v Pearlock] by Q
09:58:48 <DoT`> ggg yolt
09:59:06 <Yolteotl> so hard D:
10:05:51 -!- Phearlock [~Phearlock@cm-84.211.141.30.getinternet.no] has joined #tlponies
10:05:51 -!- mode/#tlponies [+v Phearlock] by Q
10:07:13 -!- Oatsmaster [~Oatsmaste@bb121-6-94-41.singnet.com.sg] has joined #tlponies
10:19:56 <DoT`> pon pon pon
10:31:00 <DoT`> yolt, you need like 16 more sneaky bases
10:31:35 <DoT`> awww gg
10:31:45 <DoT`> i am afk for a bit, gl pon <3
10:31:49 <Yolteotl> D:
10:36:19 -!- Frigo [~Frigo@catv-80-99-5-67.catv.broadband.hu] has joined #tlponies
11:04:19 <Cane> https://imgur.com/a/dJY9O
11:04:21 <Cane> That's clever and I want it.
11:05:31 <Runbunny> Hai Cane.
11:05:39 <Cane> Hallo Runbunny. <3
11:05:58 <Runbunny> How are you doing fine sir?
11:10:06 <Runbunny> DoT`, http://i.imgur.com/gTdt6kc.webm
11:13:07 -!- Gollie [~Golly@1.92-221-121.customer.lyse.net] has joined #tlponies
11:13:37 -!- Mag_ [~Mag@107.92-221-99.customer.lyse.net] has joined #tlponies
11:44:13 <Rawr|Phone> Beep beep
11:57:13 -!- Oatsmaster [~Oatsmaste@bb121-6-94-41.singnet.com.sg] has joined #tlponies
12:49:11 -!- Frigo [~Frigo@catv-80-99-5-67.catv.broadband.hu] has joined #tlponies
12:50:04 <Runbunny> Rawr|Phone, 
12:50:09 <Runbunny> Everyone is sleeping.
12:50:43 <Rawr|Phone> Yes
12:50:50 <Rawr|Phone> Gone
13:00:03 <Runbunny> rawr rawr rawr http://i.imgur.com/JEKrwvZ.jpg
13:00:06 <Runbunny> even Dot is gone.
13:00:31 <Rawr|Phone> Yes
13:00:40 <Rawr|Phone> It's pretty tragic
13:34:41 <DoT`> Hey all <3
13:35:28 <DoT`> rawr rawr rawr
13:35:39 <Rawr|Phone> Dot dot dot
13:35:42 <Rawr|Phone> <3
13:36:05 <DoT`> <3
13:37:19 <Bio> zzzzzzzzzzzz
13:37:54 <DoT`> no zzz
13:37:58 <DoT`> only pony
13:38:00 <DoT`> Bio <3
13:38:03 <Rawr|Phone> Dot Why is this cloud smiling at me? https://imgur.com/gallery/yQWZag7
13:38:19 <Rawr|Phone> Phone pls
13:39:11 <DoT`> your face rawr
13:39:31 <Rawr|Phone> No, your face!
13:43:25 <Yolteotl> dot
13:43:30 <Yolteotl> I had 20viewers!
13:43:32 <Yolteotl> fame
13:43:55 <DoT`> \o/
13:44:48 <DoT`> Bio http://wodahseht.deviantart.com/art/Wanna-Be-Just-Like-You-602156787
13:52:36 <DoT`> https://gfycat.com/DigitalShowyCougar
13:53:21 <Bio> http://w-e-z.deviantart.com/art/Undertale-601912459
13:56:19 <DoT`> goat mother <3
14:00:16 <Cane> https://i.imgur.com/FI6gz47.gifv
14:00:41 <DoT`> its basicly a furry bat
14:06:51 -!- Frigo [~Frigo@catv-80-99-5-67.catv.broadband.hu] has joined #tlponies
14:12:10 -!- Rawr|Fone [~Rawr@host-95-195-158-163.mobileonline.telia.com] has joined #tlponies
14:23:54 -!- FlutterAi [~FlutterAi@adsl-98-93-47-83.owb.bellsouth.net] has joined #tlponies
14:51:02 -!- carcinisation [~reificati@cpc76294-cosh16-2-0-cust297.6-1.cable.virginm.net] has joined #tlponies
14:51:12 <carcinisation> afternoon tlpons
14:51:30 <Yolteotl> hi pon
14:52:48 <carcinisation> nice to see the java updater is still scummy and tries to install adware if you aren't paying attention
14:53:19 <Yolteotl> java is life
14:54:12 <carcinisation> yep life has plenty of ppl looking to scam you if you aren't careful :p
14:54:21 <Yolteotl> don't be silly
14:55:40 <carcinisation> .stock mirl.to
14:56:44 <carcinisation> still delisted as part of the board basically trying to steal the company from shareholders
14:57:08 <carcinisation> i know this because i sadly am one
14:57:45 <carcinisation> .btc
14:57:55 <carcinisation> .bitcoin
14:58:10 <carcinisation> that isn't the mtgox price ofc...
15:00:47 <DoT`> yo reif
15:01:11 <carcinisation> hello dotties <3
15:02:12 <DoT`> <3
15:06:12 -!- carcinisation2 [~reificati@cpc76294-cosh16-2-0-cust297.6-1.cable.virginm.net] has joined #tlponies
15:17:12 -!- Rawr|Phone [~Rawr@host-95-195-158-163.mobileonline.telia.com] has joined #tlponies
15:34:10 <DoT`> whats up ponies
15:38:29 <DoT`> yes
15:45:16 <DoT`> fine then
15:45:18 <DoT`> http://wandrevieira1994.deviantart.com/art/Oh-hello-girls-602153115
15:47:24 <carcinisation> a free $18 on the roulette is good start :D
15:48:39 <Rawr|Phone> Dot snela
15:49:36 -!- Dot_ [~Dot@90.218.72.141] has joined #tlponies
15:59:41 <carcinisation> pls take care of your backtick dot
16:01:07 <carcinisation> :D
16:03:35 <Bio> hors
16:03:50 <DoT`> Bio pon <3
16:03:55 <Bio> hi
16:04:15 <DoT`> https://www.twitch.tv/wardiii
16:06:05 -!- Runbunny [~Runbunny@62.61.130.232.generic-hostname.arrownet.dk] has joined #tlponies
16:06:10 <DoT`> runbun!
16:09:48 <Runbunny> dot dot
16:10:22 <carcinisation> hello runbun
16:15:48 <Runbunny> Yo.
16:20:50 -!- DoT|Phone1 [~Dot@90.218.72.141] has joined #tlponies
16:22:30 <carcinisation> not looking good for myi
16:23:52 -!- Oatsmaster [~Oatsmaste@bb121-6-94-41.singnet.com.sg] has joined #tlponies
16:24:11 <carcinisation> hi oats
16:25:32 <carcinisation> pls change nick to oatymcoatface :p
16:27:06 <DoT`> lol
16:27:11 <carcinisation> oops
16:36:13 -!- carcinisation2 [~reificati@cpc76294-cosh16-2-0-cust297.6-1.cable.virginm.net] has joined #tlponies
16:42:01 <DoT`> https://derpicdn.net/img/view/2016/4/9/1128236__safe_sweetie+belle_on+your+marks_spoiler-colon-s06e04.png
16:46:30 -!- DuB` [DuB@66-219-213-203.dynamic.ip.veracitynetworks.com] has joined #tlponies
16:46:31 <DuB`> http://assets.amuniversal.com/8cc62c70c4d5013345c2005056a9545d
16:47:26 <DoT`> dub <3
16:47:32 <DuB`> dot <3
16:48:06 <Rawr|Phone> Dub dub dub
16:48:10 <DuB`> ... I might be going without even 1 comp win in csgo this weekend. :P
16:48:14 <DuB`> Rar rar rar!
16:48:34 <DoT`> we got a faceit win
16:50:03 <carcinisation> \o/
16:50:11 <carcinisation> gm when?
16:51:53 <DuB`> Hmmm.
16:51:55 <DuB`> Next week?
16:52:01 <DuB`> Oh wait that's finals.
16:52:05 <DuB`> The week after that!
16:52:34 <DoT`> your exam timetable makes no sense
16:52:43 <DoT`> end of year final?
16:52:53 <DoT`> or mid year exams
16:52:59 <DoT`> or wuarter year
16:53:02 <DoT`> quarter
16:53:38 <DoT`> poor mYi so ded
16:53:45 <DoT`> noRegret op
16:57:23 <DoT`> .tell micen http://i.imgur.com/vRCqSCu.gifv  scoots right eye
17:08:49 <DoT`> mYi won one!
17:09:13 <carcinisation> :D
17:09:31 <DuB`> Semester-end final.
17:09:42 <DoT`> later pon
17:09:52 <carcinisation> gl dub
17:10:15 <Micen> hello
17:10:33 <carcinisation> hi micen
17:10:50 <DoT`> hi micoon
17:14:18 <Micen> How are the things?
17:17:13 <DoT`> they are ok, you?
17:18:12 <DoT`> http://ncmares.deviantart.com/art/Sr-602230359
17:21:19 <Micen> Things are good, im deciding on how i want to shade the thing i drew and colored yesterday
17:23:28 <DoT`> split the edge into sections then roll a dice, thst where he light comes form
17:24:24 <Micen> I know i want a top down , its more a matter of deciding how to best get the effect
17:27:17 <carcinisation> rip myi
17:36:22 -!- carcinisation2 [~reificati@cpc76294-cosh16-2-0-cust297.6-1.cable.virginm.net] has joined #tlponies
17:36:57 <Rawr|Phone> 🐴🐴🐴
17:44:04 <DoT|Phone1> Rawr Rawr Rawr
17:45:16 <Rawr|Phone> Dot dot dot
17:50:38 <Phearlock> That was a really fast post dot
17:50:55 <Phearlock> from the posted time and your link... that must have been a couple mins after it went up
17:51:06 <Phearlock> Pretty princesses!
17:53:10 <carcinisation> next domino down http://www.theguardian.com/world/2016/apr/10/ukraines-prime-minister-arseniy-yatsenyuk-quits
17:56:09 -!- Frigo [~Frigo@catv-80-99-5-67.catv.broadband.hu] has joined #tlponies
17:59:18 <DoT|Phone1> .tell Skram https://imgur.com/gallery/SIngq5V
17:59:46 <DoT|Phone1> must be on point to pony phear
18:35:22 -!- Camail [~Camail@38.69.8.163] has joined #tlponies
18:35:22 -!- mode/#tlponies [+v Camail] by Q
18:36:30 -!- carcinisation2 [~reificati@cpc76294-cosh16-2-0-cust297.6-1.cable.virginm.net] has joined #tlponies
18:36:42 <carcinisation2> internet is borked D:
18:37:02 <Micen>  tell it to stop
18:37:46 <carcinisation2> i would restart router but am in tournament
18:38:17 <DoT`> helo cam
18:45:30 <motbob> i think this song's real good https://soundcloud.com/kanki2/kankitsu-magik-motion
18:46:02 <skram> hallo pons
18:46:13 <Micen> hello
18:46:23 <DoT`> skram <3
18:46:32 <carcinisation2> hello skramannen
18:47:05 <skram> did you make dub download borderlands yet
18:47:08 <skram> i really want to plej
18:47:12 <DoT`> 1 or 2?
18:47:19 <skram> 2
18:47:24 <skram> i dont have a legit copy of 1
18:47:32 <skram> and also its much less good than 2
18:47:32 <DoT`> neither do i
18:47:45 <DoT`> its been so long since i played 1
18:48:05 <DoT`> i dont think i want to, i recall it being amazing and dont want to wreck that memory
18:48:13 <skram> fair enough :p
18:48:30 <DoT`> dub is exam pon D:
18:48:36 <Camail> i played 1 relatively recently
18:48:39 <Camail> it was fun
18:48:48 <Camail> not amazing tho
18:48:56 <Camail> very very basic
18:49:07 <skram> I still need to play pirate booty DLC but DoT` refuses
18:49:24 <DoT`> at least half of borerlands enjoyment comes from dialouge
18:49:35 <skram> Also need to finish true vault hunter mode
18:49:36 <DoT`> untill tourge arrives, then its 90%!!!
18:49:49 <DoT`> EXPLOSIONS
18:52:22 <Camail> dub is ded
18:52:44 <DoT`> you got too dissapointed in him and the weight of the guilt crushed him
19:09:21 -!- DoT|Phone [~Dot@90.218.72.141] has joined #tlponies
19:09:54 <Camail> i was thinking
19:09:57 <Camail> if we ever 5 stack agian
19:10:02 <DoT`> lol
19:10:05 <Camail> we need to not play all the games straight
19:10:07 <Camail> like
19:10:16 <Camail> maybe take a 5 minute break in between each game
19:10:30 <Camail> or like after 3 we take a 20 minute break
19:10:41 <Camail> just to let those pesky anger chemicals leave the system
19:12:26 -!- DoT|Phone1 [~Dot@90.218.72.141] has joined #tlponies
19:14:02 <skram> ya maybe grab a snickers
19:21:31 <skram> .tell Rawr|Phone https://youtu.be/RqMllzWVcyE?t=72
19:22:33 -!- DoT|Phone [~Dot@90.218.72.141] has joined #tlponies
19:22:53 <Golly> ehh wouldnt that be all fake rage
19:23:03 <Golly> i need real rage skram
19:23:23 <skram> most of it probably golly
19:24:14 <Golly> like, me trying to play online games with a 56k modem rage
19:25:35 <Golly> is the appropriate amount
19:31:13 -!- DoT|Phone1 [~Dot@90.218.72.141] has joined #tlponies
19:32:41 -!- Raelcun [~Raelcun@75-22-122-173.lightspeed.clmboh.sbcglobal.net] has joined #tlponies
19:32:42 -!- Raelcun [~Raelcun@Raelcun.users.quakenet.org] has joined #tlponies
19:32:43 -!- mode/#tlponies [+v Raelcun] by Q
19:32:54 <carcinisation2> hi rael
19:34:42 <Raelcun> internet dropped out
19:35:29 <carcinisation> ah i probably would have noticed if mine wasn't doing the same all the time today D:
19:36:39 -!- carcinisation2 [~reificati@cpc76294-cosh16-2-0-cust297.6-1.cable.virginm.net] has joined #tlponies
19:36:49 <carcinisation2> like i was saying...
19:39:27 <Camail> skram  last time we tried playing bl2 it was my first time playing, and after we ended the first session i just...kept playing
19:39:34 <Camail> so it quickly devolved
19:39:40 <Camail> i was rather ravenous
19:46:51 <DoT`> http://rain-gear.deviantart.com/art/Matchstick-593630557
19:47:14 <Micen|Streaming>  ohh pretty!
19:47:33 <DoT`> Phearlock, i still had that pic open, apparently i opened it 3 m 22 s after it was posted
19:56:31 -!- Wikt [~Wikt@213.108.153.51] has joined #tlponies
19:56:31 -!- mode/#tlponies [+o Wikt] by Q
19:57:38 -!- carcinisation [~reificati@cpc76294-cosh16-2-0-cust297.6-1.cable.virginm.net] has joined #tlponies
20:18:11 -!- DoT|Phone [~Dot@90.218.72.141] has joined #tlponies
20:20:19 <CockRoach|42> http://i.4cdn.org/v/1460317322279.webm
20:21:03 <Phearlock> awww
20:21:08 <Runbunny> Phearlock.
20:21:44 <Runbunny> I regret to inform you that Dot is highly disappointed in the lack of dark souls streams from you.
20:21:47 <Phearlock> oh
20:21:52 <DoT`> is there still no phear stream?
20:22:06 <Phearlock> Well I haven't played it today so
20:22:15 <DoT`> runbun 3 days till ds3?
20:22:27 -!- DoT|Phone [~Dot@90.218.72.141] has joined #tlponies
20:22:30 <Runbunny> no like 2.
20:22:35 <DoT`> so close
20:22:46 <DoT`> \[T]/
20:25:11 <Runbunny> Yes
20:25:25 <Runbunny> It's going to be spectacular.
20:25:40 -!- DoT|Phone1 [~Dot@90.218.72.141] has joined #tlponies
20:29:23 -!- DoT|Phone [~Dot@90.218.72.141] has joined #tlponies
20:38:57 <Bio> pon
20:39:01 <Bio> i bvek
20:39:03 <Bio> from biowork
20:39:12 <Phearlock> hi bio
20:39:29 <Bio> hi ferlok
20:39:30 <DoT`> <3
20:39:33 <Bio> how lif
20:39:50 <Phearlock> good so far
20:41:49 <Bio> don't forget to breathe
20:42:08 <DoT`> DAB
20:42:11 <DuB`> DAT
20:42:16 <Phearlock> good advice bio
20:42:17 <Bio> DOB
20:42:22 <DuB`> BOYO
20:42:22 <Phearlock> hi DuB` =)
20:42:25 <DuB`> PEAR
20:42:29 <skram> Dub.
20:42:31 <DuB`> SOOO MANY FRENS.
20:42:34 <DuB`> SKARM
20:42:36 <DoT`> you downloaded Borderlands 2 dub?
20:42:46 <DuB`> Are we gonna? :O
20:42:48 <DuB`> I can.
20:42:50 <skram> YEAH DUB
20:42:54 <skram> WE GONNA
20:42:56 <DuB`> Not today, but oke.
20:43:02 <skram> >:(
20:43:10 <DuB`> Oh, I already did.
20:43:10 <DuB`> hah!
20:43:14 <Bio> rip
20:43:19 <Bio> more shootybangy
20:45:29 <Camail> bl2 is for scrubs
20:45:37 <Camail> bl5 is where its at
20:50:03 <DoT`> micen http://bobdude0.tumblr.com/post/142540230184/lets-dance
21:03:42 -!- DoT|Phone1 [~Dot@90.218.72.141] has joined #tlponies
21:08:50 <Bio> https://www.youtube.com/watch?v=bIGHgrDOZiI&nohtml5=False
21:08:56 <Bio> oh muh gawd
21:09:03 <Bio> lawyer anime
21:09:08 <Bio> japan pls
21:09:23 -!- Phearlaptop [~Phearlock@cm-84.211.141.30.getinternet.no] has joined #tlponies
21:09:23 -!- mode/#tlponies [+v Phearlaptop] by Q
21:09:33 <DoT`> does it have bio voice?
21:09:44 <Bio> nein
21:09:47 <DoT`> waste
21:09:51 <Bio> japan voise
21:12:36 <carcinisation> half a million chips :D
21:13:18 <DoT`> \o/
21:13:21 <DoT`> Rich pon
21:13:47 -!- Phearlock [~Phearlock@cm-84.211.141.30.getinternet.no] has joined #tlponies
21:13:47 -!- mode/#tlponies [+v Phearlock] by Q
21:15:03 <Camail> we should play bl2 without DuB`
21:16:01 <skram> right now?
21:17:45 <Camail> in spite of him!
21:18:12 <skram> :--D
21:18:41 <Bio> http://www.crunchyroll.com/ace-attorney/episode-1-the-first-turnabout-702349
21:18:49 <Bio> its actually a thing
21:18:51 <Bio> muh god
21:18:59 -!- Phearlaptop [~Phearlock@cm-84.211.141.30.getinternet.no] has joined #tlponies
21:18:59 -!- mode/#tlponies [+v Phearlaptop] by Q
21:19:17 <carcinisation> over 900k!
21:19:30 <DoT`> !!!!!
21:20:11 <Bio> theres even running to the left in the intro
21:20:12 <Bio> !
21:20:52 <DuB`> ???
21:21:11 <DoT`> Phearlaptop, http://zutcha.deviantart.com/art/Hugz-602149578
21:22:11 <DoT`> skram, now i have to decide wha to play, siren or mechromancer
21:23:30 <skram> gaige is a qt
21:23:41 <skram> but i have like 3 days of playtime on siren so imma go for psycho i think
21:23:49 <skram> he has the shiniest meat bicycle
21:23:52 <DoT`> and has pony refrances
21:24:00 <Phearlaptop> bug hug! <3
21:24:18 <DoT`> i tihnk i will play mechromancer with anarchy 
21:25:44 <DuB`> Ah.
21:25:48 <DuB`> I don't have any of the dlc.
21:27:18 <Camail> i have some, but not all
21:27:21 <Camail> because of the steam sale
21:27:43 <DoT`> i have some
21:27:43 <DuB`> I could go get rid of my flip knife and grab the goty version.
21:28:46 <DoT`> Torgues, Pirate, Big game hunt, Tiny tina, ultimate vault hunter upgrade pack
21:29:00 <DoT`> there was a second upgrade pack i think?  there are a lot of dlc's
21:29:15 -!- DoT|Phone [~Dot@90.218.72.141] has joined #tlponies
21:29:22 <Bio> oh man
21:29:26 <Bio> this lawyer animu
21:29:30 <Bio> is exactly like the game
21:29:32 <DoT`> wow, there are  A LOT of dlc
21:29:59 <DoT`> ok, most are cosmetic
21:30:03 <DuB`> Dot if you're looking at the steam store page, a lot of those are just aesthetics and stuff.
21:30:04 <DuB`> Yeah.
21:30:08 <Bio> its fantastic
21:30:19 <DuB`> Silly bayo.
21:30:36 <Bio> NARUHODO KUN
21:30:49 -!- DoT|Phone1 [~Dot@90.218.72.141] has joined #tlponies
21:31:03 <DuB`> Someone's name is naruhodo?
21:32:12 <Bio> apparently its phoenix's japanese name
21:32:31 <DuB`> Hahahahhaha
21:32:41 <DoT`> skram, i have to think of a name for character D:
21:32:44 <DuB`> Yes, hello, my name is "Ah, I see".
21:33:36 <Bio> but its ok, all you have to do is stick kun on the end
21:34:36 <DuB`> Bio-kun wa chotta hen na yatsu da kedo ne.
21:34:40 <Bio> Naruhodo-kun
21:34:58 <DuB`> WELL.
21:35:05 -!- Runbunny [~Runbunny@62.61.130.232.generic-hostname.arrownet.dk] has joined #tlponies
21:35:26 <DuB`> I just realized that the paper is due on tuesday and not monday, so I can fit a few hours of bl2 today if it's gonna happen.
21:36:17 <CockRoach|42> or you could finish the paper earlier
21:36:19 <CockRoach|42> :)
21:36:24 <DoT`> pfff
21:36:39 <DoT`> .roll d20 to boop skram
21:36:42 <DoT`> >.>
21:36:48 <CockRoach|42> he ded
21:37:26 <Phearlaptop> aww
21:37:39 <DuB`> .roll d20 to save skram 
21:37:45 <DuB`> DDD:::::::
21:37:57 <DoT`> is that art of skrams face now?
21:38:08 <Phearlaptop> https://derpiboo.ru/1078697
21:38:13 <Phearlaptop> skram right now
21:38:19 <skram> im down dub if cam and dot are
21:38:21 <DoT`> lol
21:38:23 <Bio> dab
21:38:29 <Bio> watch this lawyer cartoon
21:38:32 <Bio> its funni
21:38:43 <DuB`> Will bookmark.
21:38:44 <skram> dub saved it, its fine gerlok
21:38:48 <skram> ferlok
21:38:57 <DoT`> gearlock
21:39:05 <Phearlaptop> aka rusty gears
21:39:08 <DuB`> Gearclock
21:39:10 <DuB`> Sounds cool.
21:39:17 <Camail> I'll play
21:39:34 <DuB`> Oh.
21:39:34 <DuB`> Do I want dlc stuff from the start, though?
21:39:39 <Camail> lemme put contacts in
21:39:42 <Camail> so i can see things
21:39:43 <DoT`> welll i am here 
21:39:50 <DuB`> Knife may take a day to sell. :P
21:39:55 <DoT`> you dont need them i think dub
21:39:59 <DuB`> Oki.
21:40:06 <DoT`> mp clue how the upgrade packs work
21:40:10 <Bio> moar knif?
21:40:10 <DoT`> no*
21:40:26 <DoT`> no more flippity flip dub? D:
21:40:30 <skram> gaige and psycho guy is DLC though?
21:40:31 <DuB`> Naw. :T
21:40:35 <skram> actually wasnt gaige a day 1 dlc
21:40:38 <DoT`> but we can play them skram
21:40:40 <DoT`> he cant 
21:40:47 <DuB`> I guess the question is just whether or not I can play with dlc-users.
21:40:48 <skram> yeah i know
21:40:51 <carcinisation> nearly 1.5 mill
21:40:52 <DuB`> I just want zer0.
21:40:53 <skram> i think so
21:41:07 <DoT`> yea, you can play with us if we play them
21:41:09 <DuB`> Bio, just the cheaper knife I picked up with the cash from the original one.
21:41:25 <carcinisation> lucked out with AJ vs AK he got one king, i got two jacks :D
21:41:26 <skram> actually im pretty s ure since i played with a guy who had hammerlocks mom or daughter or sister or whatever and I didnt
21:41:31 <DoT`> aww reif
21:41:34 <skram> that was presequel tho
21:42:06 <Camail> you can play with non-dlc
21:42:12 <Camail> i think dub played with me a long timea go
21:42:16 <Camail> whhen i first got the game
21:42:21 <DoT`> you can
21:42:48 <Camail> discrawd?
21:42:55 <Camail> i have like 300 gold keys
21:42:59 <Camail> jesus
21:43:15 <Runbunny> borderlands 2 going on?
21:46:13 -!- Rawr|Fone [~Rawr@81-233-7-47-no34.tbcn.telia.com] has joined #tlponies
21:47:40 <Rawr|Fone> I wanna play sf5
21:51:41 <Bio> IGI ARI!
22:08:25 <carcinisation> final 2 tables
22:11:02 <carcinisation> and ded :(
22:13:48 <carcinisation> i blame micen's stream ending :p
22:14:44 <carcinisation> squeezed with JJ and ran into KK. original raiser also called with A5s cause he is terribad
22:33:46 -!- Holmir [~Holmir@h-4-153.a166.priv.bahnhof.se] has joined #tlponies
22:36:54 -!- ZK [ZK@modemcable021.52-59-74.mc.videotron.ca] has joined #tlponies
22:36:54 -!- mode/#tlponies [+v ZK] by Q
22:37:35 <Holmir> halp
22:37:48 <Bio> nigh
22:37:51 <Bio> neigh
22:37:58 <Holmir> Anyone here a fan of M&M Dark Messiah?  I remember there a game was comin out that looked very similar to it
22:38:03 <Holmir> But got canceled mid development
22:38:10 <Holmir> Like 2 years ago
22:40:17 <carcinisation> ?help
22:40:20 <carcinisation> ?halp
22:43:07 <Holmir> Found it, It was called Hellraid
22:43:09 <Holmir> tyanywayfam
22:47:12 <carcinisation> what do you plan to do with it?
22:47:27 <Bio> raid hell
22:47:31 -!- Dot_ [~Dot@90.218.72.141] has joined #tlponies
22:58:11 <carcinisation> well have fun with that
22:58:14 <carcinisation> g'night all
23:17:43 <Dot_> pon pon
23:22:38 <Bio> z
23:36:30 -!- ShotgunPrincess [Westy543@c-73-189-129-4.hsd1.ca.comcast.net] has joined #tlponies
23:36:37 -!- mode/#tlponies [+v ShotgunPrincess] by Q
23:37:46 -!- Wikt_ [~Wikt@213.108.153.51] has joined #tlponies
23:37:47 -!- mode/#tlponies [+o Wikt_] by Q
