00:12:13 <Micen|Droid> Good morning
00:13:25 <CockRoach|42> morning Micen|Droid
00:14:22 <Rawr|Fone> It's definitely not morning
00:16:32 <Micen|Droid> I just woke up. Therefore its morning
00:17:00 <skram> no morning starts when I go to bed
00:21:17 <Bio> asfd
00:21:35 -!- Yolteotl [webchat@243.77.126.78.rev.sfr.net] has joined #tlponies
00:21:55 <Yolteotl> ponponpon
00:22:05 <Rawr|Fone> Yolt
00:22:12 <Yolteotl> hi rawr
00:22:24 <Rawr|Fone> Good morning
00:22:43 <Yolteotl> it's not really the morning yet
00:23:00 <Yolteotl>  still waiting to know if some friends are going party tonight
00:23:29 <CockRoach|42> it's a bit late for that tho
00:23:43 <Yolteotl> I partied tuesday till 5am
00:23:44 <Rawr|Fone> It's never too late
00:23:53 <Yolteotl> and did not sleep thursday
00:24:01 <Yolteotl> that was a good week
00:24:02 <Yolteotl> :P
00:24:43 <Yolteotl> I'm somehow tired now
00:24:53 <Micen|Droid> Yolt!  Did yoy ever make that cheesecake I sent you? 
00:25:08 <CockRoach|42> and this is why your inflight entertainment systems are not working
00:25:12 <Yolteotl> ahahaha
00:25:16 <Yolteotl> it is working!
00:25:21 <Yolteotl> hi micen :)
00:25:26 <Yolteotl> did not have time yet
00:25:33 <CockRoach|42> stop drinking
00:25:36 <CockRoach|42> (:
00:25:41 <Yolteotl> :P
00:25:48 <Yolteotl> i'm french
00:25:50 <Yolteotl> impossible
00:26:25 <skram> gosh darn stop being so french
00:26:49 <Micen|Droid> Made it for the second time. Held back on the lemon a little since I had complaints of too sour. This time had complaints of too sweet. 
00:27:58 <CockRoach|42> people are rudee
00:35:54 -!- Rawr|Phone [~AndChat25@84-217-62-32.customers.ownit.se] has joined #tlponies
00:36:29 <Rawr|Phone> 🐴🐴🐴
00:38:32 <Yolteotl> ahah
00:38:36 <Yolteotl> seems hard to do
00:39:18 <Yolteotl> it took me like ten times before achieving something correct for the chocolate croissant
00:39:39 <skram> say no to tricky desserts, yolt.
00:40:07 <Yolteotl> I'm doing cute chocolate croissants now!
00:42:28 <Yolteotl> https://imgur.com/xCRIBjU
00:42:47 <motbob> waow!
00:43:17 <Yolteotl> <3
00:43:18 <motbob> getting flashbacks to germany and the weird chocolate they put in baked goods
00:43:43 <Yolteotl> germans aree good at baking
00:43:54 <Yolteotl> and putting any stuff in an oven
00:43:54 <Yolteotl> :P
00:44:12 <skram> TOO SOON
00:44:17 <Yolteotl> aahahah
00:44:22 <motbob> D:
00:44:25 <Yolteotl> let me some times
00:44:31 <Yolteotl> I have to finish my game
01:04:57 -!- GGMethos [~methos@li1107-241.members.linode.com] has joined #tlponies
01:07:49 <Yolteotl> YES
01:07:50 <Yolteotl> so
01:08:24 <Yolteotl> offner, my last name, comes from the guy who owns an oven :P
01:08:43 <Yolteotl> I think I can do every joke I want about it
01:08:45 <Yolteotl> :D
03:44:22 -!- GGMethos [~methos@li1107-241.members.linode.com] has joined #tlponies
04:33:11 -!- motbob [~motbob@x-131-212-248-66.uofm-secure.wireless.umn.edu] has joined #tlponies
05:06:41 -!- Micen [~micen@h179.11.188.173.dynamic.ip.windstream.net] has joined #tlponies
05:16:00 -!- Micen|Droid_ [~AndChat20@66-87-3-114.pools.spcsdns.net] has joined #tlponies
05:18:13 -!- AndChat-209684 [~AndChat20@66-87-19-4.pools.spcsdns.net] has joined #tlponies
05:20:35 -!- motbob [~motbob@x-131-212-248-66.uofm-secure.wireless.umn.edu] has joined #tlponies
05:24:19 -!- Rawr|Fone [~AndChat25@host-95-195-134-139.mobileonline.telia.com] has joined #tlponies
05:39:32 -!- Micen|Droid [~AndChat20@h179.11.188.173.dynamic.ip.windstream.net] has joined #tlponies
05:41:22 -!- motbobmotbob [~motbob@nat-portal-160-94-47-19.uofm.wireless.umn.edu] has joined #tlponies
05:46:17 -!- motbob_ [~motbob@x-131-212-248-66.uofm-secure.wireless.umn.edu] has joined #tlponies
05:58:54 -!- Cane [~Cane@CaneCraft.users.quakenet.org] has joined #tlponies
05:58:54 -!- mode/#tlponies [+o Cane] by Q
05:59:17 -!- Rawr|Phone [~AndChat25@84-217-62-32.customers.ownit.se] has joined #tlponies
07:06:40 <Dot`> Mornign all <3
07:24:45 <Dot`> rawr rawr rawr
07:26:00 -!- Micen [~micen@h179.11.188.173.dynamic.ip.windstream.net] has joined #tlponies
07:28:05 <Dot`> hey micen
07:28:11 <Micen> Hi Dot
07:28:16 <Micen> How are you?
07:28:22 <Dot`> im better
07:28:33 <Dot`> had a really bad meagrane last night
07:29:01 <Micen> those are no fun. 
07:29:06 <Dot`> indeed
07:29:19 <Micen> ive been having migraine symptoms thanks to my sinuses acting up. its no fun.
07:33:43 <Dot`> how are you doing micen
07:34:34 <Micen> i am doing okay. taking a break from cleaning my room and was just going to sit down and mess around and do some digital art studies.
07:34:46 <Dot`> \o/ art
07:35:22 <Micen> im in a really good mood. and then when i get sick and tired of not being able to do what i want on my computer, go back to that Cadance piece that ive been working on. 
07:35:38 <Micen> i had to transfer it to new paper like 3 times because i kept going too dark. 
07:35:50 <Micen> well should say too saturated with the coat. 
07:36:05 <Micen> looked more like Pinkie Pie...
07:36:15 <Dot`> haha
07:36:34 <Micen> but i finally hit the right balance and need to start on the hair. 
07:42:32 <Dot`> nice
07:42:43 <Dot`> and its digital so you COULD be streaming it
07:43:09 <Dot`> http://i.imgur.com/OrLXDKo.gif
07:43:24 <Micen> i havent set up streaming since i got my new hard drive.
07:53:42 -!- Runbunny [~Runbunny@62.61.130.232.generic-hostname.arrownet.dk] has joined #tlponies
07:55:24 <Dot`> angel <3
07:57:48 <Runbunny> hai.
07:58:41 <Runbunny> I ended up drinking last night as well :/
07:59:41 <Dot`> your basicly rawr
08:00:06 <Micen> and my tablet died. traditional art time!
08:05:15 <Dot`> New Dorf fort masterwork is out so therefore new fort!
08:05:37 <Dot`> micen, you are mason, runbun, i have a alchemist in starting 7 so that is you
08:06:22 <Micen> I am the builder? 
08:06:27 <Micen> everything is going to break
08:19:35 <Runbunny> yay.
08:32:28 -!- tredc [webchat@90-230-30-217-no56.tbcn.telia.com] has joined #tlponies
08:37:41 <Dot`> hi tredc
08:37:49 <tredc> hi DoT`
08:41:11 <Dot`> where yolt
08:59:14 <Runbunny> Dot
08:59:22 <Runbunny> me IRL http://i.imgur.com/ezK7lfW.png
09:00:27 <Runbunny> This as well http://i.imgur.com/s8TiCdI.gif
09:04:05 <Cane> Next episode of my Terraria series is gonna be 21 minutes long. Freaking hell.
09:04:12 <Cane> Had so much footage.
09:05:13 <Dot`> \o/
09:05:28 <Dot`> hahaha runbun
09:05:31 <Dot`> cane <3
09:09:16 -!- Micen [~micen@h179.11.188.173.dynamic.ip.windstream.net] has joined #tlponies
09:11:09 <Cane> New Dorf?
09:11:11 <Cane> I should play some. <3
09:11:18 <Cane> Then there was that time I accidentally made Cthulhu. http://i.imgur.com/X2Kfxws.png
09:13:33 <Dot`> these things happen
09:13:58 <Dot`> cane, what the hell size embark is that?
09:14:26 <Dot`> https://www.reddit.com/r/dwarffortress/comments/54af3u/masterwork_mod_update_116_400_new_creatures_one/
09:18:08 <Cane> 7x5 I seem to recall.
09:18:20 <Dot`> that would kill most machines
09:18:27 <Cane> I'm not most machines.
09:19:19 <Dot`> yip
09:19:31 <Cane> I made it that large because the area was so interesting.
09:19:47 <Cane> I could have made it smaller but it would have cut into what I could do with the fortress.
09:21:11 <Dot`> well there is the link for the lates DF
09:21:14 <Cane> <3
09:21:26 <Cane> I just finished editing this fucking thing so I might do some DF tomorrow.
09:21:35 <Cane> I squeezed 25 hours down to ~20 minutes.
09:21:57 <Dot`> time for sleep?
09:22:02 <Cane> Time for sleep.
09:22:09 <Dot`> gnight cane <3
09:22:14 <Cane> Rendering as we speak, hopefully it'll work and not crash so I'll have a file tomorrow. <3
09:22:19 <Cane> Nighty night Dot`, later everyone. =)
09:22:23 <Dot`> gl
09:23:11 <Micen> good night Cane and good luck
09:36:16 -!- Phearlock_ [~Phearlock@cm-84.211.141.30.getinternet.no] has joined #tlponies
09:36:16 -!- mode/#tlponies [+v Phearlock_] by Q
09:52:08 <Micen> new EqG movie was leaked
09:52:57 <CockRoach|42> when is the actual premiere
09:52:58 <CockRoach|42> ?
09:53:16 <Micen> comes out on Netflix the first
09:53:57 <CockRoach|42> is the date set?
09:54:03 <Micen> yes. 
09:54:24 <Micen> but im just going to watch it now/
09:56:22 <CockRoach|42> :)
09:56:30 <Micen> https://www.youtube.com/watch?v=v7QTZwc6Zeo
09:56:39 <Micen> thank you brazil
09:56:52 <Micen> so it aired there. so i guess its out.
09:56:54 * Micen shrugs
09:58:33 <Dot`> hy phear!
09:58:51 <Micen> dort, did you ever watch other horse women movie?
09:58:59 <Dot`> i never finished it
09:59:06 <Micen> ahh
10:00:22 <CockRoach|42> so bad :(
10:00:25 <Dot`> yes
10:00:30 <Dot`> worst non-pon
10:00:40 <Micen> but it has best horse in it!
10:00:41 <CockRoach|42> literally a wurst
10:00:44 <Micen> Sunset shimmer!
10:19:03 <Yolteotl> is it now?
10:19:05 <Yolteotl> *new ?
10:19:22 <Micen> yes. thats the new EQG. 
10:19:26 <Micen> the camp one. 
10:19:32 <Yolteotl> hope it is great
10:19:55 <Micen> better then eqg1 imo so far.
10:20:23 <Micen> not sure where it falls for the other two. but it has good character development.
10:21:39 <Yolteotl> I'm good at developing my character 
10:22:04 <Micen> i demand proof in the form of a pony fan fiction
10:22:28 <Yolteotl> the only pony fan fiction I'm writing is my own life :P
10:41:11 <Rawr|Phone> 🐴🐴🐴
10:46:28 <Dot`> rawr rawr rawr
10:46:30 <Dot`> <3
10:46:44 <Rawr|Phone> Dot dot dot
10:46:47 <Rawr|Phone> <3
10:47:24 <Dot`> you plej yet?
10:48:45 -!- AndroUser2 [~androirc@243.77.126.78.rev.sfr.net] has joined #tlponies
10:51:27 <Rawr|Phone> No dot
10:51:53 <Dot`> lazy
10:52:02 <Rawr|Phone> I have school things to do today
10:52:30 <Dot`> its sunday
10:53:32 <Rawr|Phone> That is true
10:54:16 <Yolteotl> https://www.twitch.tv/sc2starleague
10:54:28 <Yolteotl> bad pon dot
10:54:39 <Dot`> i saw
10:54:42 <Dot`> but its zvz
10:54:44 <Dot`> byun went out
10:58:49 -!- AndroUser2 [~androirc@243.77.126.78.rev.sfr.net] has joined #tlponies
11:16:25 <Micen> and ponies was okay. not bad. 
11:17:18 <Micen> Rainbow Rocks was best. either this or Friendship games was second and the other third. then EQG 1
11:21:39 -!- Zounds [~chatzilla@cpc71657-cani3-2-0-cust156.14-2.cable.virginm.net] has joined #tlponies
11:21:39 -!- mode/#tlponies [+v Zounds] by Q
11:42:53 <Dot`> Zounds!
11:42:56 <Dot`> reif is gonwe
11:43:01 <Dot`> gone
12:26:22 <Dot`> pon pon
12:26:25 <Dot`> bork bork
12:28:50 <Dot`> .tell Bio http://imgur.com/gallery/Zs12A
12:35:00 -!- AndroUser2 [~androirc@243.77.126.78.rev.sfr.net] has joined #tlponies
12:41:36 <Zounds> Where did he go?
12:48:13 <Dot`> home
13:00:09 -!- BioClass [~Bio@108-72-8-181.lightspeed.stlsmo.sbcglobal.net] has joined #tlponies
13:00:19 <Dot`> BIO
13:00:21 <Dot`> pon
13:06:53 -!- Bio [~Bio@108-72-8-181.lightspeed.stlsmo.sbcglobal.net] has joined #tlponies
13:22:49 <Phearlock_> http://dori-to.deviantart.com/art/Silly-Lyra-Fluffy-Fall-636368373
13:22:59 <Phearlock_> fluff
13:25:10 -!- AndroUser2 [~androirc@243.77.126.78.rev.sfr.net] has joined #tlponies
13:25:19 <Dot`> hows all?
13:36:02 <Micen|Droid> Doing okay. But feel a little dirty. I did a bunch of writing in my sketchbook. 
13:38:09 <Micen|Droid> Ive been wanting to create my own fantasy thing for awhile now and the ideas started to flow so I went with it. Was in the zone for like an hour. 
13:41:33 <Phearlock_> You did some writing and you feel dirty?
13:41:56 <Phearlock_> Wonder what you could have written to cause that. =)
13:50:13 <Runbunny> Dot`, http://i.imgur.com/9Wf1AGP.mp4
14:05:11 -!- AndroUser2 [~androirc@243.77.126.78.rev.sfr.net] has joined #tlponies
14:05:21 <Dot`> lol
14:07:17 <Phearlock_> wheeee
14:07:18 <Phearlock_> adorable
14:30:15 <Rawr|Phone> Beep beep
14:32:05 <Dot`> rawr rawr
14:32:15 <Rawr|Phone> Dot dot
14:32:53 <Rawr|Phone> <3
14:33:33 <Dot`> <3
15:40:26 <CockRoach|42> https://65.media.tumblr.com/aa82b3666947900acc27eb7deae56c53/tumblr_o18jh6yOCk1todd2vo1_1280.png
16:05:08 <Dot`> haha
16:10:15 <CockRoach|42> .tellm Cane Yolteotl | http://alumx.deviantart.com/art/Nightmare-mornings-623510300
16:14:48 <Rawr|Phone> Beep beep pons
16:18:00 <Dot`> ehow you doing rawr
16:19:01 <Rawr|Phone> Good good
16:19:05 <Rawr|Phone> How are you dot
16:23:24 <CockRoach|42> https://66.media.tumblr.com/c7fa974068721f202cabf3922fc72f8e/tumblr_mk2pbvleSu1rj9gp3o1_1280.jpg
16:31:32 <Dot`> im doing ok rawr
16:32:37 -!- reification [~reificati@cpc76294-cosh16-2-0-cust297.6-1.cable.virginm.net] has joined #tlponies
16:32:37 -!- mode/#tlponies [+v reification] by Q
16:32:46 <Dot`> reif!
16:32:48 <Dot`> not dead 
16:32:59 <reification> dot!
16:33:14 <reification> yes i made it back ok
16:33:52 <reification> there was a bit where my satnav decided to start hallucinating roundabouts D:
16:35:04 <Dot`> oh dear
16:37:16 <reification> i was looking to take the 2nd exit and all there was was a bend in the road…
16:37:32 <reification> like using ordnance survey maps :p
16:38:01 <Dot`> haha
17:07:44 <Bio> moooooooooornin
17:08:31 <Dot`> aaaahhhhhh
17:08:35 * Dot` hugs Bio
17:10:15 <Bio> hiya
17:11:29 <Bio> i think imma have taco for lunch today
17:11:39 <Dot`> tacos!
17:15:32 <Dot`> http://svecinkat.deviantart.com/art/Rainbow-Rogue-Dash-636452689
17:16:27 <Dot`> Bio, there is a new DF masterwork out
17:17:30 <Bio> whut  that
17:23:37 <Dot`> Dorf fort
17:24:02 <Dot`> https://www.reddit.com/r/dwarffortress/comments/54af3u/masterwork_mod_update_116_400_new_creatures_one/
17:39:02 -!- DoT|Phone [~Dot@90.207.46.233] has joined #tlponies
17:39:33 <DoT|Phone> Rawr Rawr
17:39:42 -!- skram [~skram@ip-217-146-106-77.eidsiva.net] has joined #tlponies
17:39:42 -!- mode/#tlponies [+v skram] by Q
17:39:56 <DoT|Phone> Jonas hedge
17:40:07 <Rawr|Phone> Dot dot
17:40:20 <skram> bjØRN
17:40:33 <DoT|Phone> <3
17:52:30 <DoT|Phone> How's you Skram
17:52:49 <skram> exhausted dot
17:55:09 <DoT|Phone> less minecraft
17:58:29 <skram> never
18:08:49 <DoT|Phone> How's the house going
18:09:41 <skram> it has not fallen down yet
18:12:26 <DoT|Phone> yay
18:17:00 <DoT|Phone> Rawr
18:17:11 <DoT|Phone> https://imgur.com/gallery/tqWnGlL
18:17:13 <Rawr|Phone> Dot
18:17:21 <Rawr|Phone> I think battlerite has launched
18:18:00 <Rawr|Phone> Also, cuuute
18:23:13 <DoT|Phone> I have more
18:23:23 <DoT|Phone> https://imgur.com/gallery/Vb7DrGy
18:23:44 <DoT|Phone> look pear!
18:41:33 <DoT|Phone> runbunny
18:43:18 <DoT|Phone> https://imgur.com/gallery/7Ksgp
18:44:53 <Runbunny> Dot.
18:45:10 <skram> ok this is cute as fuck
18:47:47 <DoT|Phone> bio.
18:47:58 <DoT|Phone> https://imgur.com/gallery/KNBjq39
18:49:24 <DoT|Phone> Skram http://i.imgur.com/VxsK9Ke.jpg
19:05:49 -!- tredc [webchat@90-230-30-217-no56.tbcn.telia.com] has joined #tlponies
19:19:07 <skram> these are not cats dot
19:19:33 <Dot`> no
19:19:42 <Dot`> your are an experinced cat person
19:20:17 <Rawr|Phone> An expert
19:20:32 <skram> i know all the shapes
19:33:13 <Dot`> tetrahedron?
19:57:09 -!- Phearlock [~Phearlock@cm-84.211.141.30.getinternet.no] has joined #tlponies
19:57:09 -!- mode/#tlponies [+v Phearlock] by Q
20:02:17 <Dot`> phear <3
20:04:52 <Phearlock> Hey
20:05:02 <Phearlock> lol come home and apparently there's a really big win 10 update?
20:05:33 <Phearlock> Sitting here on my laptop cause desktop is apprently really busy with this
20:05:48 <Phearlock> at least the % thing is moving faster as is common with windows products
20:28:24 -!- Rawr|Fone [~AndChat25@host-95-195-134-139.mobileonline.telia.com] has joined #tlponies
20:30:21 <Dot`> rawr arwr
20:30:31 <Rawr|Fone> Dot odt
20:32:17 <Dot`> <3
20:32:51 <Rawr|Fone> <3
20:44:26 <Bio> asdf
20:44:26 <Bio> asdf
20:44:27 <Bio> asdf
20:44:28 <Bio> hi
20:46:07 <Bio> i got my taco
20:46:09 <Bio> time to nom
20:47:45 <Rawr|Fone> Fdsa
20:53:40 * Bio pokes Rawr|Fone
20:54:04 <Rawr|Fone> 😲
20:59:07 <Cane> Yay, my video rendered properly overnight. <3
20:59:22 -!- mode/#tlponies [+vvvvvv Bio DoT|Phone FlutterAi_ GGMethos Micen Micen|Droid] by Cane
20:59:22 -!- mode/#tlponies [+vvvv Rawr|Fone Runbunny tredc Yolteotl] by Cane
20:59:59 <reification> das rawr is nicht fur gefingerpoken und mittengrabben. 
21:00:58 <Rawr|Fone> Sure
21:05:20 <Dot`>  yay cane
21:11:46 <Cane> It's day like these where I wish I was a photographer with a good camera.
21:11:51 <Cane> The northern lights are goddamned amazing right now.
21:15:44 <Bio> ah, are the aliens launching an invasion now?
21:20:24 <Bio> https://www.youtube.com/watch?v=O7iL-mNkEQI
21:30:05 -!- Rawr|Phone [~AndChat25@84-217-62-32.customers.ownit.se] has joined #tlponies
21:30:42 <skram> reification, I will gefingerpoken und mittengrabben whomever I want
21:32:17 <Dot`> pls skram
21:32:45 <skram> whats wrong dot
21:33:29 <reification> relaxen und watschen der floffipuppers
21:33:50 <skram> das floffipuppers
21:33:51 <skram> i think
21:34:14 <skram> I had SEVERAL german classes you know.
21:34:59 <reification> i had zero german classes owing to the stupid way my school did languages
21:35:26 <reification> literally spent more time studying swedish!
21:36:27 <skram> There were no mandatory language classes when I went to school, so I changed to shop class
21:36:49 <skram> Which was basically me and some friends fucking around for a few hours each week. Far better use of my time!
21:39:42 <reification> well i got a lot more use out shop class than spanish… 
21:42:35 <skram> shop is underrated
21:42:58 <skram> Not that i've ever made bookends since 9th grade
21:44:11 <reification> i need to get bookshelves first
21:45:50 <reification> my swiss cheese doorstop from year 9 is still in service tho
21:46:26 <skram> excellent craftsmanship no doubt
21:56:27 <reification> https://twitter.com/shintarokago/status/771868208018051073
22:01:04 <skram> are you still in dots house or are you home again mr reef
22:02:49 <Dot`> no, im all alone
22:03:03 <skram> Im always with you in spirit, Dot`.
22:04:03 <Dot`> <3
22:04:13 <Dot`> there is a nice loft you can haev here, just ask reif
22:04:37 <skram> I do like lofts
22:04:47 <reification> it has lots of nice crafting things in it
22:05:44 <skram> crafting things?
22:07:22 <reification> dot’s mum does various handicraft
22:07:45 <skram> cool
22:07:59 <skram> like potion brewing and masonry?
22:09:12 <Dot`> kinda
22:09:28 <reification> pewter and glass work is more likely from what i’ve seen
22:11:03 <Phearlock> http://67.media.tumblr.com/26fa6610a28578f9c236c1527276459c/tumblr_oe10l65zvg1u754fgo2_1280.jpg omg
22:11:06 <Phearlock> Cute
22:11:11 <skram> thats pretty tricky
22:11:17 <skram> hand embossing/engraving
22:11:47 <Dot`> d'aawww phear
22:25:17 <Yolteotl> dot
22:25:19 <Yolteotl> starcraft!
22:25:27 <Yolteotl> https://www.twitch.tv/eschamp
22:25:34 <Bio> pone
22:25:58 <Yolteotl> hi bio :)
22:30:52 <Bio> hola
22:36:24 <Dot`> HI YOLT
22:36:30 <Yolteotl> <3
22:36:53 * Bio licks Dot`q
22:36:55 <Yolteotl> day off tomorrow
22:36:57 <Yolteotl> so
22:37:15 <Dot`> \o/
22:40:58 <reification> hi yolo <3
22:41:04 <Yolteotl> hi reif :)
22:52:48 <Dot`> Bio Bio
23:22:56 <Bio> dot dot
23:24:20 <Dot`> hows you
23:24:25 <Bio> ok
23:24:31 <Bio> weekend almost over
23:24:33 <Bio> is sadness
23:33:08 <Dot`> :(
23:46:13 -!- Wikt [~Wikt@213.108.153.51] has joined #tlponies
23:46:13 -!- mode/#tlponies [+o Wikt] by Q
23:51:25 <Bio> such is life
23:51:39 <Bio> Will be learning I2C this week
23:53:36 <reification> https://twitter.com/jamesdoleman/status/779072002913103876
