00:02:00 <carcinisation> night all
00:30:23 <DoT`> gngiht reif!
00:31:01 <DoT`> skram
00:39:06 <DoT`> .tellm dub skram | http://imgur.com/gallery/5lyXAMO
00:39:22 <DoT`> .tell runbunny http://imgur.com/gallery/5lyXAMO
00:43:03 <DoT`> .tell runbunny http://imgur.com/gallery/RaHiB
00:46:08 <DoT`> .tell crisium http://imgur.com/gallery/5EGoV
00:49:02 -!- BioPhone [~Bioandroi@166.175.191.136] has joined #tlponies
00:49:06 <BioPhone> Pon
00:49:13 <DoT`> yay
00:49:19 <BioPhone> I made a pork roast!
00:49:21 <BioPhone> :-)
00:49:40 <BioPhone> And it's almost game of thrones time
00:55:03 <DoT`> rawr http://imgur.com/gallery/bedgjgf
01:17:02 <DoT`> sleep pon
01:17:04 <DoT`> <3
01:29:09 <motbob> http://i.imgur.com/ikfmYbC.gifv
03:08:15 <FlutterAi> oh craaaaaaaaap I forgot about episode
03:08:43 <FlutterAi> but now I can watch episode with pizza. perfectepisode
03:13:20 <FlutterAi> can I die of secondhand embarrassment? I might this time dot` D:
03:23:58 <Bio> flatter u always miss pons!
03:27:59 <Micen> I still havent seen it
03:28:02 <Micen> i forgot as well
03:28:02 <Phearlock> Is a very silly rainbow pon
03:28:15 <Bio> yis
03:28:16 <FlutterAi> yeah ._. I work during pons, and then I forget about pons because tired after work ._.
03:28:39 <Phearlock> I came home from work and had pizza and pons to relax afterwards
03:28:42 <FlutterAi> and I had family over when I got back from work >_>
03:28:43 <Phearlock> It was pretty great
03:29:10 <FlutterAi> they left this afternoon, but I didn't think about the episode until I was racking my brains for shows to watch while eating pizza for dinner tonight
03:58:54 -!- Camail [~Camail@38.69.8.163] has joined #tlponies
03:58:54 -!- mode/#tlponies [+v Camail] by Q
05:37:13 -!- DoT|Phone [~Dot@0541c64f.skybroadband.com] has joined #tlponies
06:50:17 <motbob> https://www.youtube.com/watch?v=G4DIbS3TZZM
07:36:33 <DoT`> Mornign all <3
07:51:29 <CockRoach|42> morning dots
08:07:57 -!- Golly [~Golly@1.92-221-121.customer.lyse.net] has joined #tlponies
08:20:41 -!- tredc [webchat@90-224-53-116-no56.tbcn.telia.com] has joined #tlponies
09:04:59 -!- Phearlock [~Phearlock@cm-84.211.141.30.getinternet.no] has joined #tlponies
09:04:59 -!- mode/#tlponies [+v Phearlock] by Q
09:29:29 <DoT`> pon pon pon
09:40:16 -!- Saura [webchat@27-33-123-89.static.tpgi.com.au] has joined #tlponies
10:26:05 -!- Runbunny [~Runbunny@62.61.130.232.generic-hostname.arrownet.dk] has joined #tlponies
10:30:17 <DoT`> PONS
10:30:25 <DoT`> im runnign late
10:36:39 <Rawr|Phone> D:
10:37:09 -!- DoT|Phone1 [~Dot@0541c64f.skybroadband.com] has joined #tlponies
10:40:34 <DoT`> rawr rawr
10:40:43 <Rawr|Phone> Dot dot
10:40:51 <Rawr|Phone> <3
10:40:58 <DoT`> <3
10:40:59 <DoT`> hows you
10:41:05 <Rawr|Phone> Good good
10:41:10 <Rawr|Phone> How are you?
10:41:34 <DoT`> im ok
10:41:39 <CockRoach|42> are you not running late anymore, DoT`?
10:42:09 <DoT`> have to wait on reply before i know!
10:42:26 <DoT`> and it wasnt quite as late as i thought
10:42:32 -!- DoT|Phone [~Dot@0541c64f.skybroadband.com] has joined #tlponies
10:42:36 <DoT`> have to catch bus at 12:10
10:44:50 <Rawr|Phone> 30 minutes ago 
10:47:06 <DoT`> yes if i was swedish and sillly
10:49:37 <Rawr|Phone> Rude
10:51:32 <Runbunny> lel
10:53:57 -!- skram [~skram@ip-142-146-106-77.eidsiva.net] has joined #tlponies
10:53:57 -!- mode/#tlponies [+v skram] by Q
10:54:04 <DoT`> Jonas
10:54:29 <skram> Bjørn
10:56:28 <skram> what doing
10:56:41 <DoT`> about to leave 
10:56:52 <skram> where going
10:57:23 <Rawr|Phone> Far away from us
10:57:24 <DoT`> job seeker free IT course thing
10:57:33 <DoT`> easy stuff but can be added to cv
10:57:42 <DoT`> an dis free
10:57:50 <skram> Gonna learn how to use microsoft word and adobe reader woo!
10:57:56 <DoT`> \o/
10:58:31 <skram> overwatch when you get back y/n?
10:58:32 <Dot`-afk> i passed 2 tests already!
10:58:36 <CockRoach|42> \o/
10:58:37 <Dot`-afk> i can
10:58:40 <skram> woo
10:58:48 <Runbunny> lel
10:58:49 <Dot`-afk> i back in 4-5 hours
10:59:01 <Dot`-afk> only 2 hours course and only 20 minutes away
10:59:06 <Dot`-afk> but public transport!
10:59:10 <Dot`-afk> :/
10:59:15 <skram> get a scooter bruv
10:59:22 <Runbunny> That sounds like some job center courses.
11:02:57 <CockRoach|42> walk faster!
11:24:59 <Runbunny> what the hell !??!
11:25:04 <Runbunny> Dot linked me lewds
11:25:49 <Runbunny> I know the darkness of my soul seeps into the heart of good people, but I didn't imagine it to be this strong.
11:26:03 <CockRoach|42> dot is a secret clopper! :OOOO
11:27:11 <Runbunny> well at least it wasn't pony stuff.
11:27:17 <Runbunny> So i am not even mad.
11:28:53 <CockRoach|42> :)
11:40:38 <Phearlock> Silly lewd ponies <3
11:47:01 <CockRoach|42> <3
11:55:40 -!- Rawr|Fone [~Rawr@host-95-195-150-137.mobileonline.telia.com] has joined #tlponies
11:56:04 <Rawr|Fone> I am gonna go book my next tattoo
11:57:47 <Runbunny> Are you getting a dolphin on your foot?
12:01:48 <Rawr|Fone> I am getting a table tennis paddle on my leg
12:11:21 -!- Saurabhinator [webchat@101.166.220.80] has joined #tlponies
12:16:11 <Phearlock> Do you plan to eventually run out of room for tatoos Rawr?
12:16:52 -!- Zounds [~chatzilla@cpc11-cowc7-2-0-cust291.14-2.cable.virginm.net] has joined #tlponies
12:16:52 -!- mode/#tlponies [+v Zounds] by Q
12:16:56 <Rawr|Fone> I am going to have a lot when I am done, but not THAT many D:
12:28:20 <CockRoach|42> :O
12:29:02 <CockRoach|42> i guess you already have the butterfly near your tailbone
12:35:31 <Rawr|Fone> Unfortunately not
12:36:12 <Phearlock> How many dragons do you want?
12:41:45 <Rawr|Fone> About 0
12:42:36 <Phearlock> Unicorns? Griffons? Eagles? Wolves?
12:42:54 <Phearlock> Catgirls?
12:43:23 <Rawr|Fone> Probably none of those
12:43:31 <Phearlock> Interesting
12:43:42 <Rawr|Fone> There might be a wolf in my wheel of time tattoo
12:46:27 -!- Lynda [~Lynda@Lynda.users.quakenet.org] has joined #tlponies
12:46:27 -!- mode/#tlponies [+v Lynda] by Q
12:46:29 <Lynda> hi
12:46:57 <Phearlock> hello
12:46:59 <Rawr|Fone> Hallo lynda
12:47:25 <Lynda> https://www.youtube.com/watch?v=0Rnq1NpHdmw good segment
12:47:25 <Lynda>  - not one of his funnier ones but definitely one of his more important ones
13:06:38 <skram> your tattoooos are boring rawr
13:06:48 <Rawr|Fone> So is your face
13:06:52 <skram> no trampstamps, no dragons and no unicorns
13:07:07 <skram> fuk u my face is a good fuckin time
13:07:15 <skram> you should try it
13:13:00 -!- FlutterAi [~FlutterAi@adsl-98-93-43-118.owb.bellsouth.net] has joined #tlponies
13:13:19 <Rawr|Fone> I'd love to skram
13:17:55 -!- reification [~reificati@cpc76294-cosh16-2-0-cust297.6-1.cable.virginm.net] has joined #tlponies
13:17:55 -!- mode/#tlponies [+v reification] by Q
13:18:59 <reification> afternoon tlp
14:08:41 <Rawr|Fone> Beep beep
14:08:48 <Rawr|Fone> Quietpons
14:25:46 <CockRoach|42> pls
14:27:34 <Rawr|Fone> U pls
14:37:13 <Dot`-afk> ponies
14:39:01 <DoT`> rawr 
14:39:04 <DoT`> skram
14:39:17 <Rawr|Fone> Dot
14:39:25 <DoT`> yay
14:39:27 <DoT`> <3
14:39:30 <Rawr|Fone> <3
14:48:01 <DoT`> you so pon
14:57:18 <skram> DAAAAT
14:57:35 <DoT`> Skrum
14:57:37 <skram> did you learn how to send emails and install adobe reader?
14:57:43 <DoT`> no
14:57:50 <DoT`> i can now click amouse
14:57:56 <skram> wow grats
14:58:09 <DoT`> i know
14:58:12 <DoT`> i learn things
14:58:13 <motbob> https://www.youtube.com/watch?v=QQ9gs-5lRKc there's some good shit here
14:58:29 <Phearlock> Oh I saw that one! Super relaxing =3
14:58:36 <Phearlock> and nicely creative too
14:58:46 <DoT`> phear has seen the internet
14:58:56 <Phearlock> no I browsed r/videos this morning
14:59:28 <Phearlock> I'm merely complimenting motbob on his choice of links
14:59:50 <skram> so smooth
14:59:54 <skram> is this 60fps?
15:00:45 <DoT`> this is a nice link
15:00:49 <motbob> no it's 50fps (the PAL standard)
15:29:55 <Bio> morn pon
15:30:05 * DoT` hugs Bio
15:30:11 <DoT`> get hugged pon!
15:30:24 <Phearlock> Huuugs
15:30:33 <Bio> pony hug
15:30:35 <Bio> warm and fluff
15:36:21 <DoT`> skram http://imgur.com/gallery/SV7In
15:36:32 <DoT`> cr
15:38:39 <Runbunny> dot dot.
15:43:20 <DoT`> runbun
15:43:36 -!- carcinisation [~reificati@cpc76294-cosh16-2-0-cust297.6-1.cable.virginm.net] has joined #tlponies
15:43:48 <CockRoach|42> DoT`:
15:45:58 <Rawr|Fone> DoT`:
15:48:02 <carcinisation> ...
15:56:19 <DoT`> skram, Runbunny, overwatch?
16:00:52 <carcinisation> i would like to overwatch but apparently my comp hates it and likes to crash/blue screen D:
16:01:12 <DoT`> :(
16:02:46 <Zounds> :/
16:10:20 <Runbunny> I was getting ice cream.
16:10:30 <Runbunny> let me throw it in the freezer and then i am go.
16:11:59 <Runbunny> DoT`, get on discord !?!?!
16:12:17 <skram> gimme 20 minutes DoT`
16:13:12 <Runbunny> what do you need 20 min for? you're literally in game O:
16:26:51 -!- carcinisation [~reificati@cpc76294-cosh16-2-0-cust297.6-1.cable.virginm.net] has joined #tlponies
16:26:51 -!- Camail [~Camail@38.69.8.163] has joined #tlponies
16:26:51 -!- mode/#tlponies [+v Camail] by Q
16:27:22 -!- Rawr|Phone [~Rawr@81-233-7-47-no34.tbcn.telia.com] has joined #tlponies
16:36:27 <Phearlock> what a day
16:36:30 <Phearlock> warm like sunpon
16:38:22 <carcinisation> praise the sunpon
16:40:13 <Zounds> \[T]/
16:40:15 -!- FlutterAi [~FlutterAi@adsl-98-93-43-118.owb.bellsouth.net] has joined #tlponies
17:01:30 <Bio> pony like pony pony
17:01:40 <Bio> everytime I play streetpig
17:01:45 <Bio> I get so many gold medals
17:01:53 <Bio> hooking is fun
17:09:04 <Bio> poh
17:09:06 <Bio> nee
17:15:13 <Rawr|Phone> No pony
17:17:09 <Bio> yes pon
17:20:10 <carcinisation> .choose yespon nopon
17:20:34 <Bio> sweeter has spoken
17:27:47 <DoT`> i should just go to sleep now
17:29:21 <Bio> dot pls
17:33:51 <DoT`> snrla
17:47:14 <Runbunny> no
17:47:29 <Runbunny> go sleep in 4 hours.
17:48:54 <carcinisation> i may have got overwatching working
17:49:04 <carcinisation> it is potato quality
17:49:14 <carcinisation> but not hanging or blue screening
17:50:15 <Runbunny> I suppose that VNs and poker doesn't require a monster gaming computer.
17:51:23 -!- DuB` [DuB@66-219-213-203.dynamic.ip.veracitynetworks.com] has joined #tlponies
17:51:25 <DuB`> OHAYOU
17:51:38 <Runbunny> Hai dub
17:51:47 <Runbunny> You need to cheer up Dot a bit.
17:52:45 <DuB`> D: ???
17:52:57 <DuB`> http://assets.amuniversal.com/f719d6d0f37201335993005056a9545d
17:53:02 <carcinisation> indeed runbun, also i usually play games years after they come out cause i'm stingy
17:53:34 <carcinisation> hello dubbles <3
17:54:16 <Runbunny> Rough overwatch games dub.
17:54:29 <DuB`> Ah. :T
17:54:31 <DuB`> Is hardgame.
17:54:49 <Bio> dab dob
17:55:00 <Runbunny> I guess being stingy translate well to poker in a way O:
17:55:02 <Bio> game is ez
17:55:13 <Bio> play streetpig, hook badguy
17:55:13 <Bio> win gaem
17:56:30 <Runbunny> There's a crucial step in there where you have to actually hit the hook.
18:03:48 <Bio> is true
18:03:57 <Bio> throw hook, hit hook.
18:06:22 <carcinisation> also you are cross training for pro dota career
18:07:38 <Bio> yiss
18:12:03 <carcinisation> laters pons
18:14:47 <Zounds> o/
18:15:30 <DuB`> DoT` DoT` DoT`
18:17:39 <DoT`> Dub <3
18:17:46 <DoT`> later reif
18:17:51 <DuB`> DOT <3
18:18:34 <DuB`> So I have some work friends who play games a bit, and I recommended trying out OW.
18:18:53 <DuB`> One had played diablo 'n stuff and had a decent PC and did so.
18:19:15 <DuB`> But... it was his first experience with an FPS game on PC ever.
18:19:32 <DuB`> He hadn't realized that the game was PvP only, or something. :P
18:29:24 <Camail> fucking casual
18:29:51 <Runbunny> Hai Camail.
18:29:56 <Camail> hi
18:30:15 <Runbunny> Whens revelator?
18:30:27 <Camail> now?
18:30:33 <Camail> you can play it literally now
18:31:02 <Camail> if you pre-order you get the arcade version for free to play
18:31:16 <Camail> there are already tournaments
18:33:33 <Runbunny> On pc? O:
18:33:55 -!- DuB` [DuB@66-219-213-203.dynamic.ip.veracitynetworks.com] has joined #tlponies
18:34:03 <Camail> probably
18:41:40 <DoT`> seagull 11k veiwers
18:43:33 <Runbunny> Is he doing anything special?
18:44:10 <Runbunny> Viewbots!
18:44:39 -!- motbob_ [~motbob@x-128-101-215-216.reshalls.umn.edu] has joined #tlponies
18:48:21 <DoT`> runbun, my cellphone after almost a year of me having it and no cover got its first scratch today form being dropped D:
18:49:06 <Runbunny> You dropped your phone? O:
18:49:12 <DoT`> again
18:49:16 <Runbunny> lel.
18:50:42 <Runbunny> damn seagull knows his shit O:
18:50:51 <DoT`> saegull so op
18:55:58 <DuB`> TORB HAX
18:56:22 <DoT`> leet skills
19:03:19 <Camail> DoT`  even more proof http://www.sageadvice.eu/2014/09/12/versatile-monk/
19:03:32 <Camail> from one of the designers himself
19:13:55 <Bio> asdf
19:14:48 <DuB`> asdfasdf
19:15:02 <Bio> i can't stop playing roadpig
19:19:13 <Camail> heh
19:19:21 <Camail> so in dnd 5e you can use your reaction on your own turn
19:19:38 <Camail> so a wizard can cast a spell, someone counterspells him, then the wizard counterspells the counterspell
19:19:51 <Camail> am i playing mtg
19:20:41 <DuB`> Hahahah
19:50:02 * skram slaps DuB` around a bit with a large trout
19:52:02 <DuB`> TIME TO OBERWARJ.
19:52:09 <DuB`> The last hours. :(
19:55:25 -!- Golly [~Golly@1.92-221-121.customer.lyse.net] has joined #tlponies
19:56:36 -!- DoT|Phone1 [~Dot@0541c64f.skybroadband.com] has joined #tlponies
20:12:51 <skram> DoT`
20:16:34 * skram slaps DoT` around a bit with a large trout
20:16:41 * Bio slaps skram around a bit with a large trout
20:16:46 * skram slaps Bio around a bit with a large trout
20:17:02 <skram> i want to overwatch but dot is ignoring me
20:17:04 <skram> :((((((((((((((((((
20:17:14 <Bio> time for yolo q
20:17:36 <DoT|Phone1> oi
20:17:50 <DoT|Phone1> bio. ponies like playing games together
20:17:58 <DoT|Phone1> it's no fun alone
20:20:26 <Bio> its a little bit fun
20:20:29 <Bio> is oberwadje
20:22:00 <Bio> but now, 
20:22:02 <Bio> xcom
20:22:04 <Bio> must finish
20:33:09 <Camail> DuB`  you can end concentration any time
20:34:55 <DuB`> Yah.
20:37:03 <Camail> just sayin, cuz we did only on your own turn that first session
20:39:53 <Zounds> bye horsemen
20:41:26 <Camail> I think i might start using the flanking rule
20:42:10 <Camail> will allow your positioning decision to matter more, which is probably useful
20:45:50 <DoT`> dub, come overwatch
20:46:03 <skram> DuB` Runbunny
20:46:03 <DuB`> Will EU after this game~
20:46:14 <skram> HURRY UUUUUUUUPPP
20:46:45 <Runbunny> ok ok give me like 2 min
20:47:00 <DoT`> is this like a moment runbun?
21:11:14 <carcinisation> i am return from pub
21:17:40 <Rawr|Phone> Woo
21:19:14 <DoT`> we have room for 1 eu overwatch
21:19:24 -!- DoT|Phone [~Dot@0541c64f.skybroadband.com] has joined #tlponies
21:21:50 <carcinisation> can you carry hard, cause i'm bad even before pub
21:22:46 <carcinisation> do i need to join this discord thing?
21:23:15 <carcinisation> ?tlp
21:49:03 -!- Camail [~Camail@38.69.8.163] has joined #tlponies
21:49:03 -!- mode/#tlponies [+v Camail] by Q
21:59:22 <Camail> whoever guess b3 got dreadnought
22:00:58 <Phearlock> Oh that was me, already have it so have 2 codes now
22:05:19 <Camail> who else wanting dreadnought, DuB`  ? you like pew pews
22:45:45 <DoT`> RAWR
22:45:49 <DoT`> you finnsh?
22:48:21 <Rawr|Phone> No, I'm swedish
22:48:34 <DoT`> why you calle dhenrik then
22:49:03 <Runbunny> I only know one finnish guy and he is called Riku.
22:49:19 <Rawr|Phone> I think my name is originally german
22:49:24 <Runbunny> Just like a japanese anime character.
22:49:46 <Runbunny> Heinreich
22:51:16 <DoT`> .tell yolteotl http://imgur.com/gallery/MeVUZ
22:51:27 <Rawr|Phone> Heinrich runbun
22:51:29 <Rawr|Phone> Pls
22:53:30 <DoT`> https://gfycat.com/GeneralVeneratedGermanwirehairedpointer
22:55:22 <DoT`> https://gfycat.com/EvenLazyIndiancow
23:07:31 <Bio> pan
23:09:59 <DoT`> Bio <3
23:23:45 <DoT`> micen http://blowfishartist.deviantart.com/art/cadence-564290293
23:33:30 <carcinisation> g'night tlp
23:33:43 <DuB`> Seeya reef~
23:34:03 <DoT`> gnight reiff <3
23:41:12 <DoT`> rawr http://imgur.com/gallery/BFCoHSJ
23:45:18 -!- Camail [~Camail@38.69.8.163] has joined #tlponies
23:45:18 -!- mode/#tlponies [+v Camail] by Q
