00:04:20 <Rawr|Phone> 🐴🐴🐴
00:07:52 <BioPhone> Horse horse horse
00:14:36 <DoT`> http://imgur.com/gallery/H5re93H
00:22:42 <DoT`> http://imgur.com/gallery/uGmtJ6w
00:23:52 <DoT`> cr
00:25:26 <ZK> DoT`, i need a haircut
00:25:34 <DoT`> so do i
00:25:40 <DoT`> but i do have this
00:25:40 <DoT`> http://imgur.com/gallery/AdJx8ea
00:25:55 <ZK> oooh cute
00:26:05 <ZK> i was hoping for a picture of you, dont have any recent ones
00:26:16 <ZK> would be a lie to say i dont have any of you tho
00:26:21 <DoT`> you have one or 2 form when you where here
00:27:14 <ZK> yea, should have taken more :(
00:27:23 <ZK> you should have reminded me DoT`!
00:27:28 <DoT`> im sry
00:27:43 <DoT`> just get rawr to come here and get some
00:27:55 <ZK> Rawr|Phone, can you go take pictures of DoT`?
00:28:16 <Rawr|Phone> Soon
00:28:19 <Rawr|Phone> Maybe
00:29:40 <CockRoach|42> DoT`: :D
00:36:50 <Camail> dot settle down
00:37:12 <DoT`> i tried but skram was shouting and i got frightend
00:37:32 <Camail> skram settle dot down
00:38:34 <skram> im not his mom cam
00:38:46 <Camail> you could be
00:38:49 <Camail> we don't know that
00:39:04 <skram> fine
00:39:11 <skram> i got a penis transplant when i was 15
00:41:03 <Camail> dot, dub got super sad last night after street fighting
00:41:12 <Camail> because he realized he was bad at everything
00:41:15 <Camail> grim days
00:41:51 <DoT`> why where you so mean to poor dubbles
00:46:24 <Camail> i cant help it
00:47:56 <DoT`> bio said he cant play till friday probably :(
00:58:35 <Rawr|Phone> 👻👻👻
01:00:37 <DoT`> and rawr doesnt play cs
01:01:21 <Rawr|Phone> I don't like fps games dot
01:01:26 <Camail> we could get zk 
01:02:35 <DoT`> but do we want zk
01:03:03 <Camail> no but its not about what we want
01:03:07 <Camail> this is life
01:03:10 <Camail> we make compromises
01:03:26 <DoT`> sacrifices*
01:04:10 <DoT`> but the question is, wil dub fail us
01:05:46 <Camail> is that a question
01:05:49 <Camail> or a certainty
01:06:04 <DoT`> i like to try optimisim now and then
01:06:08 <DoT`> so i can be dissapointed
01:17:39 -!- Biopone [~Bioandroi@108-72-8-48.lightspeed.stlsmo.sbcglobal.net] has joined #tlponies
01:19:36 <DoT`> biop
01:22:46 <Bio> i home
01:22:47 <Bio> hi
01:22:49 <Bio> how are u
01:23:23 <Bio> well, I can play game sooner, I just think it will be likely to have 5 shootypon on the weekend
01:31:20 * DoT` hugs bio
01:34:27 <Bio> highhorse
01:35:44 <Camail> chun li so good
01:35:53 <Camail> 15 frame dash helps
01:47:18 <motbob> Camail are you watching umvc3
01:48:01 <Camail> off to the side, yes
01:50:04 <Camail> man justin's virgil is so bad
01:51:14 <motbob> even i could see that
01:51:58 <Camail> holy shit
01:52:01 <Camail> that conversion tho
01:52:22 <Camail> omg almost a real combo
01:53:42 <Camail> but his neutral game is so godlike it almost doesn't matter
01:54:18 -!- FlutterAi_ [~FlutterAi@adsl-98-93-40-150.owb.bellsouth.net] has joined #tlponies
01:55:26 <Camail> almost
02:08:32 <ZK> oh right, i did play CS:GO for a bit
02:08:41 <ZK> even had more kills than deaths a couple times
02:11:51 -!- Micen__ [~Micen@h162.50.55.139.dynamic.ip.windstream.net] has joined #tlponies
02:12:39 <DoT`> we can fix that zk
02:12:49 <DoT`> hi moocen
02:20:03 <motbob> Camail, do street fighter tournaments always put the boring commentators on top 8
02:20:44 <Camail> ultrachen is great
02:20:55 <Camail> vast majority of people like them
02:21:01 <motbob> i'll defer to your judgment
02:21:29 <Camail> marvel commentary is just hoodmonkey noise
02:21:34 <Camail> this is actual commentary
02:21:41 <motbob> LOLLLLLLLLLL
02:21:44 <motbob> cmon
02:26:58 <Camail> I'd be interested to know why you think its boring, aside from the lack of screaming
02:28:55 <Camail> jesus tokido is so good
02:28:55 <motbob> idk
02:29:04 <motbob> yesterday i was watching mike ross and zhi
02:29:20 <motbob> what am i supposed to do when I get commentators that aren't that
02:31:02 <Camail> those two bring a lot of energy but not a lot of commentary
02:31:28 <Camail> it takes a lot of practice to be able to translate fighting games into english
02:33:23 <Camail> james chen just explained why shimmy's work, you'd never get that from any other pair
02:33:29 <Camail> magus1234 is good like that sometimes
02:33:36 <Camail> but again, he doesn't commentate much
02:34:40 <Camail> shimmies*
02:44:20 <motbob> ricky has the best gameface in esports i think
02:46:05 <Camail> ricki mad is best
02:46:09 <Camail> ricki and tokido
02:47:48 <Camail> get fukt marn
02:48:10 <Camail> lmfao
02:48:13 <Camail> the GG shirt
02:49:10 <motbob> what's the shirt
02:49:48 <Camail> in dust we trust
02:49:54 <Camail> theres a thing in guilty gear called dust
02:50:03 <Camail> also its more about him removing clothing
02:50:09 <Camail> and no one wanting to see him half naked
02:50:19 <Camail> buts its just funny to me to see him wearing a gg shirt
02:52:51 <Camail> please ricki...please
02:54:26 <Camail> he needs to shimmy way more
02:57:14 <Camail> fuck me
02:57:36 <Camail> marn's guesses were insane
02:57:58 <Camail> like holy shit he guessed every defense option right, and guessed every offense option right
02:58:06 <Camail> you can't beat that
03:00:49 <Camail> daaaaaaaamn
03:08:33 -!- Biopone [~Bioandroi@108-72-8-48.lightspeed.stlsmo.sbcglobal.net] has joined #tlponies
03:12:56 <DuB`off> Hellogoodnight.
03:13:00 <DuB`zZz> ;)
03:13:15 <Camail> awwww, no ohohohohoho
03:14:01 <DuB`zZz> Hmmm.
03:14:14 <DuB`zZz> Unless there's stuff not on my class schedules that comes up...
03:14:25 <DuB`zZz> I could learn some fites on tuesday and thurs.
03:14:42 <DuB`zZz> Gotta fitestudy.
03:14:43 -!- Biopone [~Bioandroi@108-72-8-48.lightspeed.stlsmo.sbcglobal.net] has joined #tlponies
03:22:23 <Camail> du
03:22:25 <Camail> wtf
03:22:28 <Camail> are you doing
03:24:25 <Camail> YOU KNEW IT WAS A JUMP
03:24:59 <motbob> since SFV is a new game, hundreds of new players will see Marn's run and have it be part of their formative experience
03:26:33 <Camail> those players were gonna suck regardless
03:26:46 <Camail> if you've ever played online you would know it wont change anything
03:27:50 <Camail> I'm more disappointed with du than anything
03:28:09 <Camail> lots of sloppy positioning
03:30:47 <Camail> loooooool
03:38:47 <Camail> justin
03:38:49 <Camail> save america
03:38:58 <Camail> from this Vietnamese devil
03:39:20 <motbob> but we need the vietnamese to save us from the japanese and korean
03:39:59 <Camail> no the korean and the japanese will body the us regardless right now
03:40:17 <Camail> what we cant have is marn eliminating 3 of 4 americans
03:48:20 -!- Biopone [~Bioandroi@108-72-8-48.lightspeed.stlsmo.sbcglobal.net] has joined #tlponies
03:51:02 <Bio> horse
03:53:45 <Camail> https://twitter.com/JayViscant/status/714295671260454912
03:55:39 <motbob> look
03:55:54 <motbob> if you just erase your memory of past events and your knowledge of the game
03:56:04 <motbob> marn magically becomes someone you can root for
03:56:20 <Camail> that takes a lot of effort for me
03:56:22 <motbob> note that that's basically me
03:56:36 <Camail> fuck marn, tho
03:57:54 <Camail> yesssssssss
03:57:57 <Camail> yesssssssssssssssssssssssssssssssssssssssssssssssssssssssssss
03:58:13 <Camail> a real meaty timing
03:58:17 <Camail> omg marn's face
03:58:20 <Camail> jwong's face
03:58:49 <Camail> YESSSSSSSS
03:59:39 <Camail> ahahahahahaha
04:00:08 <Camail> GTFO HARRY POTTER FUCK
04:00:33 <Camail> AAHAHAHAHAHAHAHA
04:01:11 <motbob> it was probably nice that justin had a week of marn practice or w/e
04:01:28 <Camail> its not that
04:01:43 <motbob> i mean yes
04:01:46 <Camail> jwong is using basic month 1 tech
04:01:52 <Camail> that's why we hate marn
04:01:58 <Camail> because ricki and du shouldn't ever lose
04:02:02 <Camail> to this
04:02:09 <Camail> gg
04:03:01 <Camail> every time ricki got a combo he should have had free pressure
04:03:12 <Camail> other than grab, chun gets a meaty jab after
04:04:04 <Camail> which beats everything mika does
04:06:43 <Camail> i wanna see jwong vs infil
04:06:47 <Camail> that would be interesting
04:09:38 <motbob> is being in the corner in SFV worse than in other fighting games?
04:10:18 <Camail> no it's bad in every fighting game
04:10:32 <Camail> takes away half of your space control
04:10:53 <Camail> and also changes the distance you're opponent is pushed away after you block/get hit
04:11:10 <motbob> the second thing is what I noticed
04:11:22 <motbob> i never noticed the pushback in other fighting games
04:11:38 <Camail> the biggest thing is that you can't move out of you're opponents optimal ranges
04:11:45 <Camail> the pushback exists in sf4
04:12:09 <Camail> games treat the corner differently in a lot of little ways
04:12:23 <Camail> wooooow
04:12:26 <Camail> just do it
04:19:03 <Camail> siiiiigh
04:27:07 -!- Micen__ [~Micen@h162.50.55.139.dynamic.ip.windstream.net] has joined #tlponies
04:47:18 <Bio> zzzzzzzzzzzzzzzzz
05:05:48 -!- Emily [Emily@HoMM.users.quakenet.org] has joined #tlponies
06:11:32 <Camail> 1-1 in shoots
06:11:35 <Camail> first game lost to hackers
06:47:31 -!- tredc [webchat@90-224-53-116-no56.tbcn.telia.com] has joined #tlponies
06:48:32 -!- Golly [~Golly@1.92-221-121.customer.lyse.net] has joined #tlponies
07:46:10 -!- DoT` [~Dot@90.218.72.141] has joined #tlponies
08:00:46 -!- DoT|Phone [~Dot@90.218.72.141] has joined #tlponies
08:23:41 -!- Runbunny [~Runbunny@62.61.130.232.generic-hostname.arrownet.dk] has joined #tlponies
09:06:13 -!- Yolteotl [webchat@243.77.126.78.rev.sfr.net] has joined #tlponies
09:06:21 <Yolteotl> pones!
09:06:44 <Phearlaptop> Hey =D
09:06:56 <Yolteotl> new season on starcraft
09:06:59 <Yolteotl> new maps \o/
09:07:27 <Yolteotl> TTS : Time to stream
09:07:27 <Yolteotl> :d
09:07:29 <Yolteotl> http://www.twitch.tv/yolteotl
09:09:57 <CockRoach|42> morning pons
09:16:58 -!- Emily [Emily@HoMM.users.quakenet.org] has joined #tlponies
09:19:49 -!- Dot_ [~Dot@90.218.72.141] has joined #tlponies
09:20:14 <Yolteotl> morning cr :d
09:21:03 <CockRoach|42> :)
09:49:12 -!- reification [~reificati@cpc76294-cosh16-2-0-cust297.6-1.cable.virginm.net] has joined #tlponies
09:49:12 -!- mode/#tlponies [+v reification] by Q
09:49:26 <reification> morning tlp
09:52:53 <Yolteotl> reif!
09:52:55 <Yolteotl> new season
09:52:56 <Yolteotl> :d
09:52:58 <Yolteotl> new maps!
09:53:10 <reification> yolo!
09:53:27 <Yolteotl> http://www.twitch.tv/yolteotl
09:53:28 <Yolteotl> stream
09:54:24 <reification> new maps mean new proxies
09:54:32 <Yolteotl> ahah
10:21:37 <CockRoach|42> .tell bio http://cdn-img.fimfiction.net/story/96fl-1459035793-322089-full
10:22:14 <reification> https://twitter.com/richardgoodness/status/711740731904294912
10:24:23 <CockRoach|42> haha
10:34:52 <Dot_> ponies <3
10:35:01 <Dot_> i dont recall my second alarm going off :/
10:38:14 <CockRoach|42> :(
10:39:10 <reification> clearly you need a third :p
10:39:31 <Yolteotl> dot!
10:39:33 <Yolteotl> last game
10:39:34 <Yolteotl> http://www.twitch.tv/yolteotl
10:40:17 <Dot_> no mort please
10:44:27 <Yolteotl> ahaha
10:48:37 <Dot_> <3
11:07:52 <Dot_> Runbunny!
11:08:03 <Runbunny> Hai Dot.
11:08:08 <Dot_> hello
11:08:11 <Dot_> hows you?
11:27:56 -!- Rawr|Phone [~Rawr@81-233-7-47-no34.tbcn.telia.com] has joined #tlponies
11:38:16 -!- Cane [~Cane@77.222.195.127] has joined #tlponies
11:38:16 -!- Cane [~Cane@CaneCraft.users.quakenet.org] has joined #tlponies
11:38:16 -!- mode/#tlponies [+o Cane] by Q
11:41:45 <DoT|Phone> hey cane!
11:41:57 <CockRoach|42> is it... really?
11:44:00 <DoT|Phone> well we ever know
11:58:07 -!- Frigo [~Frigo@catv-80-99-5-67.catv.broadband.hu] has joined #tlponies
12:00:53 <Rawr|Phone> 👻👻👻
12:06:20 <DoT|Phone> That's not pony
12:07:27 <DoT|Phone> Rawr snela
12:08:44 <Rawr|Phone> It's a representation of chat
12:10:17 <Dot_> we are spooky?
12:11:10 <Rawr|Phone> Ded
12:11:24 <Rawr|Phone> Also, fix your name
12:12:38 -!- Mag_ [~Mag@107.92-221-99.customer.lyse.net] has joined #tlponies
12:14:54 <reification> .roll d20 to lift and shop
12:17:09 <CockRoach|42> .roll d20 to shop lift
12:20:29 <Dot_> rude rawr
12:20:41 <Rawr|Phone> No
12:20:42 <Rawr|Phone> Nå
12:21:02 <Dot_> Maji
12:24:55 <Rawr|Phone> Dot
12:24:58 <Rawr|Phone> Your name
12:25:00 <Rawr|Phone> Please
12:25:03 <Rawr|Phone> This is srs
12:25:28 <DoT|Phone> is it
12:33:01 <DoT|Phone> Rawr please
12:33:13 <Rawr|Phone> So srs
12:35:38 <DoT|Phone> oh dear
13:10:49 <DoT`> pon pon
13:11:32 <CockRoach|42> dot pon
13:13:32 <Rawr|Phone> 👻👻👻
13:17:07 <DoT`> cr pon
13:17:12 <CockRoach|42> dot poen
13:17:22 <DoT`> i won a round of ARMA 3 BR
13:17:24 <DoT`> this is good
13:17:29 <CockRoach|42> are you GM now?
13:19:05 <DoT`> i have 1 win now!
13:21:34 <DoT`> .tell Dub` "I'm so salty right now that if I touched a slug it would die."
13:29:41 -!- Rawr|Fone [~Rawr@81-233-7-47-no34.tbcn.telia.com] has joined #tlponies
13:42:44 <reification> lol cr
13:44:03 -!- DuB` [DuB@66-219-213-203.dynamic.ip.veracitynetworks.com] has joined #tlponies
13:44:05 <DuB`> G'morning!
13:44:14 <DoT`> Duuub
13:44:15 <DoT`> <3
13:44:31 <reification> hi dubbles
13:45:38 <DuB`> Dot <3 reef <3
13:49:12 <DoT`> hows you pon?
13:50:24 <DuB`> Gewd.
13:50:30 <DuB`> Today is busyday!
13:52:07 <DoT`> Today is holiday
14:00:23 -!- Yolteotl [webchat@243.77.126.78.rev.sfr.net] has joined #tlponies
14:03:19 <Rawr|Fone> 🐴🐴🐴
14:03:24 <Yolteotl> pon pon pon
14:19:16 -!- Rawr|Phone [~Rawr@host-95-195-156-157.mobileonline.telia.com] has joined #tlponies
14:20:29 -!- Rawr|Pone [~Rawr@81-233-7-47-no34.tbcn.telia.com] has joined #tlponies
14:20:35 <Rawr|Pone> Pls
14:23:52 <DoT`> rawr hedge
14:24:12 <Rawr|Pone> U hedge
14:30:07 <DoT`> Yolteotl, why i get an email saying you are live
14:30:09 <DoT`> and you are not
14:40:52 <DoT`> aww but duuub
14:40:57 <DoT`> its holiday
14:42:19 <Yolteotl> my ISP is still messy dot
14:42:22 <Yolteotl> tried to stream
14:42:25 <DoT`> :(
14:42:25 <Yolteotl> but huge lags :(
14:42:36 <Yolteotl> it should be fixed tomorrow
14:51:40 <DoT`> https://derpicdn.net/img/view/2016/3/26/1117481__safe_pinkie+pie_fluttershy_screencap_animated_edit_queen+chrysalis_nightmare+moon_changeling_berry+punch.gif
15:02:07 -!- ZK [ZK@modemcable021.52-59-74.mc.videotron.ca] has joined #tlponies
15:02:07 -!- mode/#tlponies [+v ZK] by Q
15:03:26 <DoT`> .roll d20 to boop zk
15:08:32 <ZK> .roll d20 to boop DoT`
15:12:15 <DoT`> pon pon
15:14:37 -!- skram [~skram@ip-175-146-106-77.eidsiva.net] has joined #tlponies
15:14:37 -!- mode/#tlponies [+v skram] by Q
15:14:42 <DoT`> zk, i hope your cs is up to date
15:14:45 <DoT`> hedge skram
15:15:17 <skram> .is DoT` rude
15:15:28 <skram> yes he is sw00tie >:(
15:15:36 <DoT`> .is skram a hedge
15:15:54 <skram> i dont think i like you anymore
15:17:41 <DoT`> thats mean skram
15:19:08 <skram> well you are being rude
15:21:48 <DoT`> https://www.twitch.tv/a_seagull
15:21:51 <DoT`> i got this for you
15:22:05 <Rawr|Fone> Please
15:22:07 <skram> friendship status: reinstated
15:30:52 <reification> i got a 50p easter egg 
15:31:01 <reification> it even comes with jelly beans
15:31:16 <reification> it was the last of it’s kind
15:31:25 <reification> :D
15:31:31 <DoT`> :D
16:00:12 -!- Rawr|Phone [~Rawr@host-95-195-156-157.mobileonline.telia.com] has joined #tlponies
16:00:43 <DoT`> http://imgur.com/gallery/FPUMs
16:06:14 <Rawr|Phone> 🐴🐴🐴
16:08:33 <DoT`> RAWR
16:08:41 <Rawr|Phone> DOT
16:08:47 <Rawr|Phone> <3
16:08:50 <DoT`> <3
16:08:52 <DoT`> hows you
16:08:59 <Rawr|Phone> Good good
16:09:05 <Rawr|Phone> Going to see a movie
16:09:14 <DoT`> what movie?
16:09:22 <Rawr|Phone> Batman vs superman
16:09:28 <DoT`> gl
16:09:39 <Rawr|Phone> How are you dot?
16:10:09 <DoT`> im ok, its pretty cold today
16:11:39 <Rawr|Phone> As all other days
16:11:54 <DoT`> friday and saterday where warm
16:13:43 <Rawr|Phone> R u sure
16:13:53 <DoT`> i was outside so am pretty sure
16:15:12 <Rawr|Phone> It's dangerous outside dot
16:15:18 <Rawr|Phone> I hope you wore a helmet
16:15:56 <DoT`> o, going outisde tomorow to get a haircut
16:16:04 <DoT`> i cant wear a helmet then
16:16:41 <Rawr|Phone> D:
16:18:47 <Rawr|Phone> You should get a suit of armor then
16:34:01 <Rawr|Phone> 👻👻👻
16:46:17 -!- Rawr|Pone [~Rawr@host-95-195-147-7.mobileonline.telia.com] has joined #tlponies
16:50:24 -!- Rawr|Pone [~Rawr@host-95-195-147-7.mobileonline.telia.com] has joined #tlponies
17:05:11 <DoT`> pon pon
17:50:11 <DoT`> whats up skram
18:10:24 -!- Rawr|Phone [~Rawr@host-95-199-158-61.mobileonline.telia.com] has joined #tlponies
18:10:30 <DoT`> all alone
18:10:45 <CockRoach|42> aww
18:11:07 <CockRoach|42> ?halp
18:11:14 <CockRoach|42> .r halp http://cdn-img.fimfiction.net/story/yo9y-1447811043-299781-full
18:12:32 <DoT`> oh dear
18:13:05 <CockRoach|42> nc is streaming
18:15:20 -!- DoT|Phone [~Dot@90.218.72.141] has joined #tlponies
18:15:50 <Bio> horse
18:19:01 <FlutterAi_> DoT`: I'm finally getting around to watching season 6 kickstart :D
18:22:05 <DoT|Phone> bio pon!
18:22:34 <DoT|Phone> yay flutters
18:23:20 <motbob> http://i.imgur.com/UkDcexD.jpg https://s-media-cache-ak0.pinimg.com/736x/06/92/6a/06926a7ff09c94ef3a91a24336af2b52.jpg
18:24:26 <DoT|Phone> lol
18:24:39 <CockRoach|42> https://www.youtube.com/watch?v=hB6eY73sLV0
18:31:56 <DoT|Phone> bio
18:32:00 <DoT|Phone> http://i.imgur.com/HR8E5c1h.gif
18:32:09 <Bio> asdf'
18:32:57 <Phearlaptop>  dat some cutes
18:53:00 -!- Camail [~Camail@38.69.8.163] has joined #tlponies
18:53:00 -!- mode/#tlponies [+v Camail] by Q
19:02:48 -!- Rawr|Fone [~Rawr@host-95-195-216-39.mobileonline.telia.com] has joined #tlponies
19:16:34 <DoT|Phone> camamail
19:16:40 <DoT|Phone> why you
19:17:55 -!- Rawr|Phone [~Rawr@host-95-195-147-203.mobileonline.telia.com] has joined #tlponies
19:28:22 <DoT|Phone> Rawr
19:31:32 <Camail> u
19:32:55 -!- tredc [webchat@90-224-53-116-no56.tbcn.telia.com] has joined #tlponies
19:32:55 -!- Rawr|Phone [~Rawr@host-95-195-147-203.mobileonline.telia.com] has joined #tlponies
19:34:23 -!- Rawr|Fone [~Rawr@host-95-195-147-203.mobileonline.telia.com] has joined #tlponies
19:41:07 -!- Rawr|Phone [~Rawr@host-95-195-147-203.mobileonline.telia.com] has joined #tlponies
19:42:03 <DoT|Phone> http://i.imgur.com/tc3EfNth.gif
19:45:26 <DoT|Phone> Rawr please
19:45:35 <DoT|Phone> fix your phone
19:47:39 <CockRoach|42> dot, be the best pone
19:48:51 <DoT|Phone> I'm trying
19:49:24 <DoT|Phone> stardew 1.07 patch
19:52:06 -!- Rawr|Phone [~Rawr@host-95-195-147-203.mobileonline.telia.com] has joined #tlponies
19:56:36 -!- Rawr|Fone [~Rawr@host-95-195-147-203.mobileonline.telia.com] has joined #tlponies
19:56:51 <DoT`> you updated cs yetzk?
19:56:55 <DoT`> zk
20:09:33 -!- Rawr|Phone [~Rawr@host-95-195-147-203.mobileonline.telia.com] has joined #tlponies
20:10:10 <Camail> dot wheres the patch notes
20:10:22 <Camail> i only know about 1.06
20:10:51 <Camail> oh its beta
20:11:15 <DoT`> was on phone, its not out yet and doesnt seem to be anything big atm
20:11:16 <DoT`> https://www.reddit.com/r/StardewValley/comments/4c93ns/v107_beta_branch_bugsdiscussion/
20:11:34 <Camail> "NPC's at 10 hearts friendship will no longer decay" oh damn
20:15:51 <ZK> friendship can decay :o
20:15:54 <ZK> what happensÉ
20:16:01 <DoT`> they like you less
20:16:15 <ZK> how you kep em? Gotta give em stuff?
20:16:21 <ZK> or just talking is enough
20:17:31 <DoT`> https://www.twitch.tv/bobross
20:17:47 <DoT`> i  think talking gives more than they lose each day by a small amount
20:17:57 <DoT`> but you dotn have time to talk to everyone everyday
20:19:46 <Phearlaptop> yeah and I don't think they have IRC
20:22:28 <DoT`> https://www.twitch.tv/gauntletsc2
20:22:44 <DoT`> polt vs kalegod
20:22:49 <skram> thats a future update phearlock
20:29:11 -!- Rawr|Fone [~Rawr@host-95-195-147-203.mobileonline.telia.com] has joined #tlponies
20:33:47 <DoT`> gg
20:37:33 -!- Frigo [~Frigo@catv-80-99-5-67.catv.broadband.hu] has joined #tlponies
20:43:08 -!- carcinisation [~reificati@cpc76294-cosh16-2-0-cust297.6-1.cable.virginm.net] has joined #tlponies
20:43:29 <Camail> dot apparently the meta in stardew has moved over to buying barns to put kegs in
20:43:37 <Camail> rip animals ever being useful ever
20:44:27 <DoT`> HAAH
20:44:41 <DoT`> i didnt tihnk that you could build in them, thats pretty smart
20:45:57 -!- Rawr|Phone [~Rawr@host-95-199-137-89.mobileonline.telia.com] has joined #tlponies
20:46:10 <Rawr|Phone> Phone died
20:46:31 <DoT`> phone wsa busy rawr
20:46:35 <DoT`> was*
20:47:13 <Camail> 135 kegs per barn
20:47:29 <Camail> so basically 1 barn for your greenhouse
20:47:41 <DoT`> well that should help cover the kegs neeed for a greenhouse of ancient fruit
20:48:04 <DoT`> ah
20:56:10 -!- Yolteotl [webchat@243.77.126.78.rev.sfr.net] has joined #tlponies
20:58:24 <Yolteotl> pon pon pno
20:59:43 <Phearlaptop> catbird catbird
20:59:43 <carcinisation> pon pon pyes
20:59:59 <Phearlaptop> look how happy she is to see you http://underpable.deviantart.com/art/Gilda-got-some-skills-599446475
21:00:06 <Phearlaptop> adorable.
21:00:07 <Phearlaptop> =P
21:02:28 <Yolteotl> I hope I can stream this week
21:02:32 <Yolteotl> new maps are exiting
21:03:00 <DoT`> so bad for protoss D:
21:03:07 <DoT`> ive seen the walls they have to make
21:03:22 <Yolteotl> protoss don't make walls against terran
21:03:23 <Yolteotl> snela
21:04:33 <motbob> >NPC's at 10 hearts friendship will no longer decay
21:05:32 <motbob> there will be a growing list of people who I never talk to again
21:07:13 <ZK> you have that many at 10 hearts :o
21:12:14 <DoT`> parsnips all day zk
21:22:06 -!- BioPhone [~Bioandroi@166.175.63.254] has joined #tlponies
21:23:22 <DoT`> bio
21:24:50 <BioPhone> Yup
21:24:53 <BioPhone> Yo
21:25:02 <DoT`> hows you
21:32:14 <BioPhone> Skol
21:35:02 <skram> but its easter
21:35:06 <skram> ??????????
21:37:49 <Phearlaptop> Maybe bios school only praises the sun and not bird jesus.
21:38:12 <DoT`> http://us.battle.net/sc2/en/blog/20059667
21:40:40 <Camail> with the rate of decay as it is in stardew valley you can give one loved gift every 40 days and be even
21:41:07 <Camail> so it doesnt matter a lot but its nice to not have to keep that in mind
21:42:00 <Rawr|Phone> Beep beep
21:43:29 <Camail> oh shit
21:43:32 <Camail> the sf5 update
21:43:33 <Camail> is huge
21:43:37 <Camail> is this story mode?
21:43:48 <Camail> no thats later
21:45:47 <DoT`> rawr
21:45:56 <DoT`> why so car rawr
21:46:22 <Rawr|Phone> Dot
21:46:47 <DoT`> did you enjoy the movie?
21:55:43 <DoT`> gnight homm pon
21:55:58 <Emily_zzz> gnite dotpon!
21:56:04 <Emily_zzz> pon pon pon
21:56:08 <carcinisation> nn emily
21:56:15 <Emily_zzz> nn carcinisation
21:56:52 <Rawr|Phone> It was good dot
21:57:33 <DoT`> this is good rawr, i had only heard bad things about it :(
21:57:52 <carcinisation> which movie?
21:58:00 <Rawr|Phone> Superman vs batman
21:58:11 <Rawr|Phone> Not the best, but not the worst
21:58:20 <Rawr|Phone> Some things were really dumb though
21:58:39 <carcinisation> i assumed that would be the case based on the title
21:58:58 <carcinisation> speaking of really dumb things: https://www.reddit.com/r/Overwatch/comments/4cbauk/blizzard_to_remove_tracers_over_the_shoulder_pose/
22:00:20 <DoT`> blizzard snela
22:00:49 <CockRoach|42> dino d-day is on steam for 0.99 eur (or whatever freedom currency you're using)
22:00:54 <skram> http://i.imgur.com/5dKg33L.png
22:01:02 <skram> legs are too long
22:01:04 <skram> looks odd
22:01:53 <carcinisation> gotta put NSFW before that skram or wikt will banhammer you :p
22:01:57 <Camail> god forbid cheesecake
22:02:08 <Wikt> its sfw
22:02:14 <Wikt> technically
22:02:23 <Camail> duh
22:02:26 <DoT`> dont be resnable wikt, please
22:02:27 <carcinisation> yes wikt that is joke
22:02:37 <Wikt> oh
22:02:42 <Wikt> ya i heard about the overwatch
22:02:43 <Wikt> thing
22:02:45 <Wikt> tracer
22:02:46 <Wikt> lol rip
22:03:01 <Wikt> idk i think the arguments probably kinda sound 
22:03:06 <Wikt> but they said they'll change it
22:03:17 <Wikt> maybe the change will be somewhat reasonable
22:03:26 <skram> what argument
22:03:28 <Wikt> i think it's still within her character
22:03:39 <Wikt> the one the OP gave in the sticky where kaplan said they'll change it
22:03:45 <Wikt> that was the whole reason for the discussion
22:03:50 <Wikt> and it turned into SJW vs GG of course
22:03:55 <carcinisation> i'm sure the debate will be reasonable and in proportion
22:04:19 <Wikt> it won't be
22:05:08 <carcinisation> don't make me start using /s :(
22:05:14 <Camail> lol
22:05:23 <Wikt> i got your joke
22:05:32 <DoT`>   /s for sirious
22:06:23 <Camail> lmao the vietnamese currency is the Dong
22:06:31 <Camail> relevant because Marn
22:06:55 <DoT`> lol
22:07:06 <Camail> dear god watching marn
22:07:08 <Camail> is so painful
22:07:14 <Camail> he's like a gremlin
22:08:06 <Camail> alex is in the update
22:08:14 <Camail> dont know if he's released yet, dont think so?
22:09:44 <Camail> https://www.reddit.com/r/StreetFighter/comments/4ca80l/35000_subscribers_and_time_for_a_new_special_flair/
22:09:48 <Camail> this is amazing
22:10:09 <Camail> I love gief's package as a concept
22:12:46 -!- Rawr|Fone [~Rawr@81-233-7-47-no34.tbcn.telia.com] has joined #tlponies
22:14:19 <DoT`> haha
22:18:07 <Camail> oh god could you imagine a JP developer making overwatch
22:18:15 <Camail> that pose would be the least of people's issues
22:19:33 <Camail> biooooooooooooooooooooooo
22:21:36 <DoT`> bayuo
22:29:59 <Camail> omfg https://pbs.twimg.com/media/CeqC5iNWEAA_lzl.jpg
22:30:01 <Camail> I' so done
22:30:05 <Camail> marn does not deserve this
22:30:12 <Camail> I am on auto-hate mode
22:30:15 <Camail> can't stop won't stop
22:35:52 -!- Crisium [webchat@dhcp-pa-173-233-10-196.consolidated.net] has joined #tlponies
22:37:19 <DoT`> ooo its crisium
22:37:53 <Crisium> RIP freetime
22:37:57 <Crisium> i am now salaryman
22:38:07 <DoT`> oh dear
22:38:11 <DoT`> no more parsnips
22:38:22 <Crisium> lol
22:40:54 <Camail> sf5 update almost done
22:44:36 <carcinisation> https://www.youtube.com/watch?v=Ydii76-1l5w
22:47:10 <DoT`> haha
22:50:04 <BioPhone> Ponies pls
22:50:09 <DoT`> biop
22:50:10 <BioPhone> I am no home
22:50:35 <DoT`> please be home
22:53:25 <carcinisation> night all
22:53:29 <DoT`> gngiht reif
22:55:04 <DoT`> .tell dub` https://www.reddit.com/r/mylittlepony/comments/4cbzo3/go_on/
22:55:09 <DoT`> Phearlock
22:55:10 <BioPhone> Pone
22:58:27 <DoT`> micen where you
23:18:33 <Rawr|Fone> 🐴🐴🐴
23:20:12 <DuB`> RIP TRACER.
23:20:19 <DuB`> ('s butt)
23:21:41 <DuB`> http://i.imgur.com/gq4hWjR.jpg
23:22:11 <DuB`> *quiet chat noises*
23:25:54 <DuB`> Halloooo?
23:29:25 <ZK> .roll d20 to boop DuB`
23:29:28 <Bio> the sjw's win again
23:29:54 <ZK> hadnt been on /r/mlp in a long time, wonder how its like there
23:30:00 <DuB`> Bio I want to punch something. :(
23:30:04 <DuB`> -1 bestbutt
23:30:27 <DuB`> I apparently had a deeper emotional connection to that tooshie than I thought.
23:37:15 <Camail> dub dowload sf5 patch
23:37:20 <Camail> not for fighting
23:37:23 <Camail> but for future fighting
23:37:25 <DuB`> Oki.
23:37:25 <Camail> its 6gb
23:37:33 <Camail> and it didnt auto update for me
23:37:37 <Camail> because capcom is bad
23:37:43 <Camail> they added trials
23:37:46 <Camail> so you can learn combos
23:37:58 <Camail> and maybe also learn how to play as well
23:37:59 <Camail> kappa
23:38:33 <DuB`> Rude!
23:38:34 <DuB`> True!
23:42:43 <Camail> Trude
23:43:30 <DoT`> dub dib dob
23:43:36 <DuB`> dut dit dot
23:43:46 <DoT`> <3
23:44:21 <DoT`> dit gud dub
23:44:23 <DoT`> git*
23:45:07 <DoT`> zk, its still full of ponies
23:45:41 <DoT`> and did you update your cs yet?
23:45:56 <Camail> it auto updates for me
23:46:02 <Camail> like real steam games
23:46:10 <Camail> zk pls
23:46:11 <DoT`> but i dont want him using not updated as an excuse
23:46:21 <DoT`> so he needs to check
23:49:03 <DoT`> https://www.reddit.com/r/starcraft/comments/4cc33u/basetradetv_map_intro_masterpiece/
23:49:33 <DoT`> http://drrandumb.tumblr.com/post/141852965266/parenting-horses-1x4xdeviantart
23:49:59 <Camail> ZK  zkzkzkzkzkzkzkzk
23:50:10 <ZK> ohai
23:50:14 <DoT`> he keeps vanishing when i mention cs
23:50:25 * ZK vanishes
23:50:30 <Bio> rip
23:50:40 <DoT`> Biiiooo
23:50:47 <Bio> no
23:50:50 <ZK> no
23:52:27 <DuB`> ?????
23:52:40 <DoT`> .tags zk
23:53:52 <Camail> zk probably doesnt even have a lvl 3 profile
23:54:10 <ZK> lol lvls
23:54:12 <CockRoach|42> .roll d20 to sleep
23:54:20 <ZK> last i played, dont even think lvls existed
23:55:13 <Camail> so yea
23:55:23 <ZK> totally lvl 7
23:55:24 <Camail> dot, dub you have someone to play casuals with again
23:55:44 <DuB`> Huzzay.
23:56:08 <ZK> in like 2 weeks
23:56:10 <ZK> exams now
23:56:14 <DoT`> bleh
23:56:31 <Camail> lolol
23:57:22 <DoT`> ppl we have that play cs. Dub, bio, cam, runbun, zk, me
23:57:35 <DoT`> anyone else?
23:57:44 <Camail> skram
23:57:50 <DoT`> ah yes
23:57:54 <Camail> zk doesnt actually play yet tho
23:59:20 <DoT`> Crisium
23:59:22 <DoT`> please
