00:20:05 <Dot`> pon pon
00:20:51 <Dot`> so this happned
00:20:53 <Dot`> http://www.bbc.co.uk/news/world-us-canada-37493165
00:20:54 <Dot`> lol
00:21:11 <Dot`> swastika status!
00:21:46 <skram> >_>
00:21:55 <skram> the internet is leaking again
00:22:11 -!- Emily [~HoMM@HoMM.users.quakenet.org] has joined #tlponies
00:22:11 <Dot`> the fact its even on bbc makes it better
00:23:00 * Bio licks Dot`
00:23:14 * Dot` hugs Bio
00:23:16 <Dot`> hows you
00:23:24 <Bio> plej
00:23:35 <Dot`> Dorfs?
00:24:50 <Bio> nein
00:25:11 <Dot`> then what is point
00:25:19 <Bio> nuffin
00:25:28 <ZK> why no dorfs?
00:27:39 <Bio> raisins
00:27:54 <ZK> hm.
00:27:58 <ZK> good enough
00:32:38 <ZK> reboot complete.
00:35:43 <Dot`> \o/
00:37:56 <Dot`> when you going to DF zk
00:38:03 <ZK> i dunno
00:47:03 <Dot`> soon we can do the DF masterwork multigame thing!
00:47:33 <Dot`> where everyone starts as a diffrent race on the same location generated on a world
00:47:43 <Dot`> kinda like the way we played banished
00:48:01 <ZK> maybe
00:48:48 <Dot`> meph did one years ago
00:48:52 <Dot`> it was fun to read
00:55:17 <Dot`> sleeeep
00:55:54 <skram> sleeeeep
00:56:23 * Dot` hugs skram
00:56:41 <skram> <3
00:56:50 <Dot-sleep> <3
01:02:14 <Bio> nnnnnnnnnnnnnnnnnnn
03:15:10 -!- Emily_ [~HoMM@HoMM.users.quakenet.org] has joined #tlponies
03:17:54 -!- zkay [ZK@modemcable114.242-81-70.mc.videotron.ca] has joined #tlponies
03:17:54 -!- mode/#tlponies [+v zkay] by Q
03:32:37 -!- Rawr|Fone [~AndChat25@84-217-62-32.customers.ownit.se] has joined #tlponies
03:37:49 <Camail> remember when twitch gave a shit about copyrights
03:37:52 <Camail> for emotes
03:38:07 <Camail> thats one thing twitch has improved on
03:44:17 -!- GGMethos [~methos@li1107-241.members.linode.com] has joined #tlponies
04:31:33 <FlutterAi> DoT|Phone1: :') https://i.imgur.com/xznXgZs.gifv
05:16:19 <Camail> oh and they turned of the "prime" emote and made it PrimeMe
05:16:22 <Camail> yay
05:16:28 <Camail> dunno who thought it was a good idea
05:16:34 <Camail> maybe they forgot to properly label it
05:26:41 -!- Phearlock [~Phearlock@cm-84.211.141.30.getinternet.no] has joined #tlponies
05:26:41 -!- mode/#tlponies [+v Phearlock] by Q
05:35:14 -!- Rawr|Fone [~AndChat25@84-217-62-32.customers.ownit.se] has joined #tlponies
06:51:46 -!- Emily [~HoMM@HoMM.users.quakenet.org] has joined #tlponies
06:59:04 -!- Camail [~Camail@45.40.93.200] has joined #tlponies
06:59:05 -!- mode/#tlponies [+v Camail] by Q
08:02:03 -!- DoT|Phone [~Dot@90.207.46.233] has joined #tlponies
08:24:38 <Rawr|Fone> Beep beep
08:26:20 -!- DoT|Phone [~Dot@90.207.46.233] has joined #tlponies
08:29:21 -!- Micen [~micen@h253.231.136.40.static.ip.windstream.net] has joined #tlponies
08:42:49 -!- AndroUser2 [~androirc@37.165.63.147] has joined #tlponies
08:47:54 <CockRoach|42> .when
08:48:02 -!- DoT|Phone1 [~Dot@90.207.46.233] has joined #tlponies
08:55:02 -!- DoT|Phone [~Dot@90.207.46.233] has joined #tlponies
09:01:55 -!- Dot-sleep [~DoT@90.207.46.233] has joined #tlponies
09:02:07 <Dot`> Mornign all
09:13:21 -!- AndroUser2 [~androirc@37.165.63.147] has joined #tlponies
09:14:26 <Rawr|Fone> Dot dot dot
09:16:11 <CockRoach|42> morning posn
09:16:12 <CockRoach|42> pons
09:17:14 <Dot`> rawr rawr rawr
09:17:15 <Dot`> <3
09:17:17 <Dot`> hey cr :)
09:17:24 <Rawr|Fone> <3
09:21:12 <CockRoach|42> <3
09:25:20 -!- Micen_ [~micen@h135.49.55.139.dynamic.ip.windstream.net] has joined #tlponies
09:25:58 <Dot`> HEY MOOCEN
09:30:33 <CockRoach|42> .tell phearlock https://65.media.tumblr.com/tumblr_max28rWnv91r3xkiio1_500.jpg
09:45:02 <Dot`> pon pon
09:45:19 <Micen_> hello
09:45:36 <Micen_> i am distracted watching Critical Role from last week.
09:59:32 <Dot`> i will eventually watch critical roll
10:03:38 -!- skram [~skram@ip-217-146-106-77.eidsiva.net] has joined #tlponies
10:03:38 -!- mode/#tlponies [+v skram] by Q
10:03:43 <Dot`> Jonas
10:03:45 <Dot`> Hedge
10:04:16 <skram> Bjørn
10:04:19 <skram> Hedge urslef
10:04:21 <Micen_> you should do it. there are almost as many episodes as pony and it is way longer per episode.
10:10:59 -!- Bio [~Bio@108-72-8-181.lightspeed.stlsmo.sbcglobal.net] has joined #tlponies
10:26:02 -!- Yolteotl [webchat@243.77.126.78.rev.sfr.net] has joined #tlponies
10:28:50 <Dot`> .roll d20 to boop yolt
10:29:08 <Yolteotl> wow
10:29:16 <Yolteotl> dot
10:29:23 <Yolteotl> you watchin kespa?
10:30:53 <Dot`> nope
10:31:13 <Dot`> give stream?
10:31:24 <Yolteotl> https://www.youtube.com/watch?v=-VqvuKy5OJQ
10:32:10 <Yolteotl> Stats 2	1 Solar MarineLorD 0	2 Protoss Trap
10:39:38 <Yolteotl> I hope MarineLord will do it
10:39:42 <Yolteotl> but this is soo hard
10:40:46 <Dot`> he is no neeb after all :P
10:40:57 <Yolteotl> neeb is playing protoss
10:41:04 <Yolteotl> you know it's like cheat
10:41:08 <Dot`> marinelord is playng terran
10:42:56 -!- tredc [webchat@90-230-30-217-no56.tbcn.telia.com] has joined #tlponies
10:55:30 <Yolteotl> terran is harder
10:55:34 <Yolteotl> you know it
10:55:35 <Yolteotl> :P
10:58:49 <CockRoach|42> or you're just bad, yolt
10:58:51 <CockRoach|42> :]
11:03:05 <Yolteotl> less than you
11:03:06 <Yolteotl> AH
11:03:44 <CockRoach|42> well, i play the best race... protoss
11:11:41 <Rawr|Fone> You don't even play cr
11:12:19 <Dot`> rawr snela
11:12:30 <CockRoach|42> when i did play 10 games
11:12:32 <Rawr|Fone> No u
11:12:45 <CockRoach|42> rysligt ohyffsat
11:13:02 -!- Micen_ [~micen@h135.49.55.139.dynamic.ip.windstream.net] has joined #tlponies
11:13:58 -!- Runbunny [~Runbunny@62.61.130.232.generic-hostname.arrownet.dk] has joined #tlponies
11:14:41 <Runbunny> Hai.
11:15:09 <skram> Aanders.
11:15:13 <skram> Aaaaaaaaaaanders.
11:19:20 <Dot`> runbun
11:29:06 <Yolteotl> oh no marine lord :/
11:29:16 <Yolteotl> pleasse
11:35:00 <Yolteotl> :'(
11:35:02 <Yolteotl> out
11:37:39 <Dot`> solar is pretty good
11:38:50 <Dot`> rawr, when we plej more?
11:39:11 <Rawr|Fone> Tonight maybe
11:39:16 <Rawr|Fone> After table tennis
11:39:45 <skram> .tell dub` https://www.youtube.com/watch?v=JDBzeM6KLlQ
11:41:41 -!- AndroUser2 [~androirc@37.175.74.252] has joined #tlponies
11:43:00 <Dot`> you going to get a fixed mic soon rawr?
11:43:19 <Rawr|Fone> Probably not
11:43:28 <Dot`> pls
11:43:32 <Rawr|Fone> I have to wait a little bit
11:43:37 <Dot`> it makes team games hard D:
11:54:51 -!- BioClass [~Bio@108-72-8-181.lightspeed.stlsmo.sbcglobal.net] has joined #tlponies
11:54:57 <Dot`> bio?
11:55:47 -!- Emily [~HoMM@HoMM.users.quakenet.org] has joined #tlponies
12:06:51 -!- Bio [~Bio@108-72-8-181.lightspeed.stlsmo.sbcglobal.net] has joined #tlponies
12:18:22 <Dot`> .tell Bio http://xduskstarx.deviantart.com/art/Good-Twiley-614626214
12:18:31 -!- BioClass [~Bio@108-72-8-181.lightspeed.stlsmo.sbcglobal.net] has joined #tlponies
12:24:16 <Rawr|Fone> Pls
12:24:52 <Dot`> rawr|skarpning
12:42:58 <CockRoach|42> calm down
12:44:53 <Dot`> he started it
13:10:12 <skram> IMMA FINISH IT
13:10:14 * skram slaps Dot` around a bit with a large trout
13:12:14 <Runbunny> O:
13:12:28 <Runbunny> What the blazes have gotten into to you Jonas?
13:12:39 -!- Phearlock [~Phearlock@cm-84.211.141.30.getinternet.no] has joined #tlponies
13:12:39 -!- mode/#tlponies [+v Phearlock] by Q
13:13:37 <Runbunny> https://www.youtube.com/watch?v=IhJQp-q1Y1s
13:13:37 <Dot`>  phear is now here, im sure he can help skram
13:13:50 <skram> with the trout slapping?
13:14:12 <Dot`> with your anger issues
13:14:18 <CockRoach|42> https://66.media.tumblr.com/e56b8b9a67d1e3c4c0435d1fd55b6a6a/tumblr_oe9dbbiqFz1r1wt1zo1_1280.png
13:15:08 <skram> i have no issues with my anger, dot
13:15:24 <Phearlock> What's up?
13:15:36 <Phearlock> catbirb!
13:15:36 <Phearlock> yay
13:15:59 <Dot`> skrammen is assualting ppl \
13:16:04 <Dot`> with fish!
13:16:21 <Runbunny> indeed.
13:16:42 <Runbunny> He has gone "bloody mental"
13:16:56 <skram> noice
13:17:40 <Phearlock> Skram I know its bad the trains aren't going much today
13:17:48 <Phearlock> but that's no reason to fishslap someone
13:18:01 <skram> but busses anger me so ferlok
13:19:29 <Phearlock> Well
13:19:32 <Phearlock> go fishslap the buss
13:19:42 <Phearlock> slap some fish on the seats
13:19:44 <Phearlock> so they smell
13:19:55 <skram> i did that to a moving bus
13:20:00 <skram> ruined my favorite fish
13:26:43 <Runbunny> wait!
13:27:05 <Runbunny> Jonas is a train station supervisor now?
13:27:11 <Runbunny> No more trashmaster?
13:32:23 <CockRoach|42> skram hates rawr :(
13:36:22 -!- BioClass [~Bio@108-72-8-181.lightspeed.stlsmo.sbcglobal.net] has joined #tlponies
13:41:18 <Runbunny> Dot`, http://imgur.com/gallery/JWALu
13:42:42 <CockRoach|42> rude pics
13:44:40 <Runbunny> *lewd* you mean.
13:48:40 <CockRoach|42> .tell Rawr|Fone http://imgur.com/gallery/soskc0E
13:48:41 <Phearlock> thats pretty lewd
13:48:44 <Phearlock> also the dog was cute
13:48:49 <Dot`> so much lewd
13:50:01 <CockRoach|42> the lewdest
13:52:26 <Dot`> runbun might just get banned
13:53:18 <CockRoach|42> there's at least one weeb op in here
13:53:20 <CockRoach|42> so he's safe
13:53:35 <Dot`> cane is very weeb
13:53:52 <CockRoach|42> :)
13:53:56 <Runbunny> Get banned from here?
13:54:01 <Runbunny> Is that even a thing?
13:54:37 <CockRoach|42> might be!
13:54:53 <Dot`> you are going to find out it seems
14:01:46 <BioClass> BANNERINO
14:01:47 <Runbunny> Dot`, http://i.imgur.com/u0XnAmB.jpg
14:01:59 <Runbunny> Hai Bio.
14:04:20 <BioSC> HALLO
14:08:51 <CockRoach|42> so much ruckus here today
14:11:43 <Phearlock> I don't think its bannable lewd
14:12:04 <Phearlock> more like commendable lewd
14:12:32 <Phearlock> (Completely unbiased opinon of course)
14:16:02 <Runbunny> :D
14:42:17 -!- Micen_ [~micen@h135.49.55.139.dynamic.ip.windstream.net] has joined #tlponies
14:59:47 <Dot`> Boi <3
15:01:15 <Rawr|Fone> Boi
15:07:34 <Dot`> bio
15:08:07 <Micen|ded> i am ded
15:08:15 <Dot`> this is a bad thign to be
15:08:41 <Micen|ded> i jkust got back from running. Outside.
15:08:47 <Dot`> oh my
15:10:56 -!- Rawr|Phone [~AndChat25@host-95-195-134-139.mobileonline.telia.com] has joined #tlponies
15:16:17 -!- tredc [webchat@90-230-30-217-no56.tbcn.telia.com] has joined #tlponies
15:31:50 <Dot`> http://www.bbc.co.uk/news/blogs-news-from-elsewhere-37506571
15:40:32 <Dot`> .tell Dub` http://pixalry.io/post/148755321023/overwatch-portrait-series-created-by-stanley-lau
15:40:34 <Dot`> Runbunny
15:40:40 <Runbunny> Dot.
15:41:23 <Runbunny> I looked at the thing. it's pretty.
15:56:57 <Dot`> good
16:07:32 <BioSC> horse horsel
16:07:47 <Dot`> hest
16:07:49 <Dot`> hows you bio
16:15:19 <BioSC> *lazy horse noises
16:17:50 <Dot`> https://www.reddit.com/r/starcraft/comments/552htq/tlos_latest_discovery_your_battlenet_friends/
16:17:52 <Dot`> hahaha
16:22:14 <Dot`> Bio http://imgur.com/gallery/4p5GgOE
16:22:41 <CockRoach|42> i thought it was a large earth worm
16:23:03 <CockRoach|42> i was looking at my other monitor and just saw the tube wriggling :)
16:30:13 <Dot`> http://dimfann.deviantart.com/art/princess-637164458
16:30:29 <Dot`> i too was confused at first cr
16:36:23 <BioSC> asdf
16:39:36 <Dot`> fdsa
16:42:46 <Dot`> ill just be refreshing this for the rest of the day
16:42:47 <Dot`> https://www.reddit.com/r/mylittlepony/comments/552rb4/cute_off_whats_the_cutest_picture_in_the_mlp/
16:59:23 <Phearlock> this is like
17:00:02 <Phearlock> Stand next to this nuclear explosion and say which one is more powerful
17:00:09 <Phearlock> They're all going to kill you before you find out.
17:08:38 -!- Emily [Emily@HoMM.users.quakenet.org] has joined #tlponies
17:18:05 -!- Rawr|Fone [~AndChat25@84-217-62-32.customers.ownit.se] has joined #tlponies
17:18:28 <Dot`> rawr rawr rawr
17:19:30 <Rawr|Fone> Dot dot dot
17:20:22 <Dot`> <3
17:20:59 <Rawr|Fone> <3
17:27:50 <Golly> http://www.pcgamer.com/jj-abrams-to-meet-with-valve-next-week-to-discuss-portal-and-half-life-movies/
17:46:28 <Rawr|Fone> https://m.facebook.com/story.php?story_fbid=1771415149765410&id=1439042583002670
18:04:19 <Rawr|Fone> Beep beep pons
18:04:50 <Dot`> rawr
18:05:24 <Rawr|Fone> Dot
18:06:47 <Dot`> hows you
18:07:38 <Rawr|Fone> Gooood
18:07:47 <Rawr|Fone> How are you mr dot
18:07:55 <Dot`> im fine
18:08:04 <Rawr|Fone> Good
18:08:16 <Rawr|Fone> Where is skram
18:08:32 <Dot`> a forest
18:09:37 <Rawr|Fone> That doesn't really narrow it down a whole lot
18:10:13 <Dot`> there are LARGE swathes of desert rawr
18:10:29 <Dot`> anf the sea covers 70% of the earth
18:10:29 <Rawr|Fone> Not in norway I hope
18:10:57 <Dot`> we can hope
18:11:12 <Rawr|Fone> Well both deserts and the sea were kind of ruled out at the start
18:11:32 <Dot`> why do you even need my help then?
18:11:37 <Dot`> wow rawr
18:12:05 <Rawr|Fone> Well I thought you were the skram expert
18:12:07 <Rawr|Fone> Sorry
18:13:18 <Dot`> oh, you want my super secret stalker information?
18:13:22 <Dot`> that costs rawr!
18:13:39 <Rawr|Fone> I am not really sure anymore
18:13:53 <Rawr|Fone> But I think phear would like that
18:24:24 <Phearlock> Idk, I'm not really stalker-y
18:25:05 <Dot`> not with that attitude!
18:31:11 <Rawr|Fone> Are you sure phear
18:31:28 <Rawr|Fone> This is skram we are talking about
18:32:30 <skram> Im in my house Dot`, where are you?
18:32:55 <BioSC> its a surprise skrammen
18:33:07 <Dot`> certainly not in your house
18:33:33 <skram> ...Are you hiding in my darkroom again?
18:34:58 <Runbunny> You have a dark room? O:
18:35:06 <Runbunny> Where you store your darkness?
18:35:37 <skram> Obviously. Where else would I keep all my darkness?
18:37:29 <skram> My heart can only hold so much, Anders.
18:57:51 <Rawr|Fone> Poor you skram
19:12:10 <DoT|Phone> he has a hard life Rawr
19:12:21 <DoT|Phone> and we are old
19:12:35 <Rawr|Fone> I guess so, with you hiding around the house
19:17:38 <DoT|Phone> you have no proof
19:31:30 -!- tredc [webchat@90-230-30-217-no56.tbcn.telia.com] has joined #tlponies
19:51:34 <DoT|Phone> Skram
19:53:48 <skram> Yes dear
19:55:39 <DoT|Phone> how's you
19:55:50 -!- Camail [~Camail@45.40.93.200] has joined #tlponies
19:55:50 -!- mode/#tlponies [+v Camail] by Q
19:55:57 <skram> my arms hurt dot
19:56:58 <DoT|Phone> you tried being more lazy?
19:57:02 <DoT|Phone> hi cam
19:57:16 <skram> im a reasonable adult now dot
19:57:45 <Camail> lies
19:58:02 <skram> u dont know my fuckin life cam
19:58:15 <Camail> i do tho
19:58:42 <skram> you really dont
19:58:57 <skram> bet you dont even know my middle name
20:12:03 <Camail> i do tho
20:12:15 <skram> what is it
20:12:31 <Camail> i do tho
20:13:47 <DoT|Phone> hedge
20:14:53 <Rawr|Fone> It is probably not hedge
20:15:29 <Runbunny> It could be.
20:15:37 <DoT|Phone> Rawr snela Corgi
20:15:43 <DoT|Phone> his full name
20:16:56 <Rawr|Fone> 🐶🐶🐶
20:22:20 <skram> nej its henrik rawr fluffigtröv
20:23:43 <Rawr|Fone> Rude
20:35:45 <Camail> oh fucking finally
20:35:47 <Camail> holy shit
20:35:54 <Camail> twitch got rid of /profile
20:35:59 <Camail> the dumbest channel ever
20:36:15 <Camail> er, page
20:36:48 <Camail> though a lot of people will have tor edesign their layout
20:36:53 <Camail> cuz they moved all the buttons
20:47:11 <Camail> hmmm
20:47:48 <Camail> I have a dilemma: I want to play videogames, but i could do other stuff
20:48:08 <Camail> not quite raising it to defcon "should"
20:50:49 <Rawr|Fone> Go do whatever
21:12:16 <Camail> I dont feel like you're qualified to give advice
21:14:12 <Runbunny> Dot`, http://i.imgur.com/jXMu5ze.png
21:35:15 <Camail> sleep already?
21:35:17 <Camail> weak
21:35:43 <Dot`> poor run
21:36:03 <skram> he said he didnt need sleep and then went to sleep?
21:36:06 <skram> fuckin liar
21:39:53 <Rawr|Fone> Wow cam
21:40:13 <Rawr|Fone> I am the most qualified person to ever give advice
22:34:17 * skram slaps Dot` around a bit with a large trout
22:54:47 <Dot`> skram
22:59:25 <skram> what u up to dot
23:00:02 <Dot`> not much, you?
23:04:15 <skram> looking at dumb stuff on youtube dot
23:13:56 <BioSC> cam they updated the rifles
23:14:04 <Camail> i know
23:14:13 <Camail> ak and m4a4 sound way too similar
23:14:25 <Camail> and the ak sounds kinda shitty
23:14:32 <Camail> the a1 is meh but not awful
23:14:56 <Camail> ak really needs something that sounds less like a pillow fight
23:16:10 <BioSC> lol
23:16:21 <BioSC> thats a silly image I just got in my head
23:44:07 <skram> .tell Dot` http://i.imgur.com/29PauSh.jpg
