00:04:59 <DuB`> I like greyhors.
00:05:05 <DuB`> Also fashionhors.
00:18:50 <DoT`> <3
00:22:14 <DuB`> Wonder when/if we'll see greyshy again.
00:41:34 <Phearlock> I do think normalshy is cuter but, she does have wings.
00:41:43 <Phearlock> wings are +5 to cuteness
00:42:08 <Phearlock> Wouldn't mind having marbleshy back sometime =P
00:42:35 <Phearlock> I like grumpy pie sister a lot too
00:49:41 -!- BioPhone [~Bioandroi@97-86-160-202.static.stls.mo.charter.com] has joined #tlponies
00:50:03 <BioPhone> Neigh
00:50:34 <DuB`> Baaaaaaaayo.
00:50:46 <DuB`> How is stickpuck game?
00:53:12 -!- Biopone [~Bioandroi@97-86-160-202.static.stls.mo.charter.com] has joined #tlponies
01:07:09 -!- Biopone [~Bioandroi@97-86-160-202.static.stls.mo.charter.com] has joined #tlponies
01:14:19 <Rawr|Phone> .tell cane https://imgur.com/gallery/1QHMm5Z
01:14:32 <Rawr|Phone> Dot ^
01:14:53 <Cane> Ohgod. <3
01:28:21 -!- Frigo1 [~Frigo@catv-80-99-5-67.catv.broadband.hu] has joined #tlponies
01:46:03 -!- Biopone [~Bioandroi@97-86-160-202.static.stls.mo.charter.com] has joined #tlponies
01:46:16 <Biopone> Neigh
01:50:38 -!- FlutterAi_ [~FlutterAi@adsl-98-93-44-20.owb.bellsouth.net] has joined #tlponies
01:59:48 -!- Frigo [~Frigo@catv-80-99-5-67.catv.broadband.hu] has joined #tlponies
02:08:17 <Camail> https://www.twitch.tv/adren_tv
02:08:23 <Camail> sweetie pls
02:10:23 <Camail> he's craaaazy salty about cold
02:10:27 <Camail> he pointed out both rounds
02:10:45 <Camail> and said exactly what i said with the addition of a personal hatred for jump shots
02:10:47 <Camail> which i also have
02:11:00 <Camail> but he definitly will hate them for the rest of his life
02:47:54 -!- Dot_ [~Dot@90.218.72.141] has joined #tlponies
03:09:02 <Camail> adren talkinga bout the vods
03:09:08 <Camail> i suggest watching if you like cs at all
03:16:40 <Camail> ok nvm
03:16:43 <Camail> its too painful
03:35:07 -!- DoT` [~Dot@90.218.72.141] has joined #tlponies
03:47:26 <Bio>  did you see they guy who tried recreating the shot
03:47:32 <Bio> 1.8 or so percent
03:50:49 <Bio> also hi
03:50:51 <Bio> i bek
03:52:02 <Bio> .tell DuB` icepuck was gud, we won 5-2
04:14:23 <Camail> so sad
04:16:05 <Bio> what could have been
04:33:06 <Bio> I am slep
04:33:07 <Bio> nnnnnn
05:25:09 -!- Phearlock [~Phearlock@cm-84.211.141.30.getinternet.no] has joined #tlponies
05:25:09 -!- mode/#tlponies [+v Phearlock] by Q
05:36:19 <skram> YO DoT` ARE U IN BED YET
05:40:21 -!- Dot_ [~Dot@90.218.72.141] has joined #tlponies
05:56:45 <CockRoach|42> i bet he's not
06:24:30 <skram> I think he might me cr
06:24:36 <skram> Passed out with his laptop on his face
06:27:12 <CockRoach|42> most likely
07:35:30 -!- DoT` [~Dot@90.218.72.141] has joined #tlponies
07:52:41 -!- tredc [webchat@90-224-53-116-no56.tbcn.telia.com] has joined #tlponies
08:36:38 -!- DoT` [~Dot@90.218.72.141] has joined #tlponies
08:41:17 <DoT`> Morning ponies <4
08:57:56 <DoT`> rawr cane http://imgur.com/gallery/ixFpfcG
09:24:20 <CockRoach|42> morning dots
09:26:36 <DoT`> hey cr
09:28:42 <DoT`> .tellm cane Yolteotl | http://magnaluna.deviantart.com/art/Not-a-morning-pony-601066091
09:30:39 -!- motbob_ [~motbob@x-128-101-215-216.reshalls.umn.edu] has joined #tlponies
09:31:52 <DoT`> http://adlynh.deviantart.com/art/Mane6-disguised-as-vilains-601114989
10:34:33 <DoT`> pon pon
10:35:21 <Rawr|Phone> Dor
10:35:27 <Rawr|Phone> Dot
10:35:41 <Rawr|Phone> Did you see the picture I linked
10:36:43 <DoT`> i saw <3
10:37:13 <Rawr|Phone> <3
10:41:30 <DoT`> hows you today rawr
10:41:40 <Rawr|Phone> Tired
10:41:49 <Rawr|Phone> You?
10:43:50 <DoT`> still waking up and i got out of bed 2 hours ago
10:57:43 <Rawr|Phone> Dot dot
10:58:50 <DoT`> rawr rawr
10:58:55 <Rawr|Phone> <3
10:59:47 <Rawr|Phone> 21 hours left dot
11:01:02 <DoT`> woohoo
11:29:45 <Rawr|Phone> Pon
11:39:47 <Rawr|Phone> 🐴🐴🐴
11:41:35 -!- Saurabhinator [webchat@101.166.220.80] has joined #tlponies
11:42:16 <DoT`> yo saura
11:42:39 <DoT`> how was the wedding?
11:48:12 -!- Wikt_ [~Wikt@213.108.153.51] has joined #tlponies
11:48:13 -!- mode/#tlponies [+o Wikt_] by Q
12:01:06 <motbob> Don't be a Hyper Light Thrifter, buy Hyper Light Drifter
12:02:18 <DoT`> i like the atmosphere of that game from what ive seen
12:07:38 <Saurabhinator> wedding was p sick
12:12:58 -!- Rawr|Fone [~Rawr@host-95-195-151-114.mobileonline.telia.com] has joined #tlponies
12:14:21 <DoT`> you get to show off all that lifting saura
12:15:44 <motbob> hey
12:15:52 <motbob> why do i find civilization so boring
12:15:57 <motbob> what am i missing in the game
12:16:34 <motbob> i see a list of buildings and then i build one and then i make some units and then they maybe win a battle or maybe lose and I just don't really understand what's going on
12:17:51 <motbob> i feel like i'm missing out on a cultural experience
12:19:31 <DoT`> Phearlock, you seem like the one who might know
12:20:31 <Phearlock> I do like the civ games. Though I find them like the most chill strategy game possible and generally use them to relax.
12:21:42 -!- Mag_ [~Mag@107.92-221-99.customer.lyse.net] has joined #tlponies
12:21:49 <Phearlock> Though I've mostly played the newer Civ games (5, BE) and some offshoots (Galactic civilization 2 & 3)
12:22:00 <DoT`> I havnt played it in years, but thats was probably it for me, it was casual stratergy, i could afk at any time
12:22:36 <CockRoach|42> like you take breaks from civ games?
12:22:47 <CockRoach|42> maybe once every 24 hour or so
12:22:55 <Phearlock> lol
12:23:04 <DoT`> haha
12:23:43 <DoT`> look, i got hooked on stardew valley for 2 weeks, i dont even trust my judgment on games
12:24:48 <Phearlock> I will say though that, Civ games are often the sort of games where you often have to create your own fun.
12:25:48 <Phearlock> Example: spread the religion of sunbutt worship to your entire home continent.
12:27:29 <DoT`> lol
12:31:20 <motbob> civ V really nailed the opening narration for civs. Makes me pumped up to play whoever I'm playing as
12:31:31 <Phearlock> Then people do gimmicks like massive AI battles
12:31:32 <Phearlock> https://www.reddit.com/r/civbattleroyale
12:32:01 <Phearlock> People doing background lore, polandball art, power rankings etc of this one =)
12:32:36 <Phearlock> again, good example of making your own fun if you're tired of vanilla civ
12:32:43 <Phearlock> or can't get into the vanilla stuff
12:34:12 <Phearlock> I still think galactic civilization 2 was my favorite Civ game.
12:34:27 <Phearlock> though 3 is still very good
12:35:19 <Phearlock> Then probably 5, then BE
12:35:30 <Phearlock> I never played 2-4
12:35:32 <Phearlock> or 1
12:36:08 <DoT`> BE felt kinda weak to me, very limited
12:36:36 <Phearlock> yeah, really good ideas.
12:36:45 <Phearlock> but didn't really have the content
12:37:10 <CockRoach|42> i preferred civ and civ 2
12:39:38 <Phearlock> I will say I really liked the grid combat system of 5 and BE though.
12:40:31 <motbob> civ 1 was great because I was 7 years old or something when I played it
12:40:36 -!- Golly [~Golly@1.92-221-121.customer.lyse.net] has joined #tlponies
12:40:41 <motbob> so any video game was good
12:41:05 <motbob> i built stuff w/o knowing what it did and all my ships died because i sent them out to sea
12:41:50 <motbob> i once tried to pacify an AI opponent by irrigating his land but it didn't work and he declared war anyway
12:42:12 <DoT`> rude
12:42:17 <motbob> i was not a hardcore geopolitician as a child
12:44:15 <CockRoach|42> :)
12:45:15 <Rawr|Fone> I was not born when the first civ game came out
12:45:47 <CockRoach|42> :O
12:55:19 <motbob> looking back, my dad was a serious gamer. Myst, Civ 1, Sim City 2000...
12:55:34 <motbob> But he bought Civ 2 and just ended up playing only that for 8 years
12:55:50 <motbob> Then he moved on to AOE II
12:58:39 -!- Mag_ [~Mag@107.92-221-99.customer.lyse.net] has joined #tlponies
13:07:04 <DoT`> think i willhave a walk
13:07:24 <Rawr|Fone> Bai
13:10:21 <DoT`> later rawr
13:10:25 <DoT`> try to be nice
13:10:44 <Rawr|Fone> Bring your helmet dot
13:27:31 <Rawr|Fone> 🐴🐴🐴
13:27:38 <BioSleep> neigh
13:27:45 <BioSkool> aansdklg;asdg
13:36:04 <Rawr|Fone> So pon
13:39:33 -!- reification [~reificati@cpc76294-cosh16-2-0-cust297.6-1.cable.virginm.net] has joined #tlponies
13:39:33 -!- mode/#tlponies [+v reification] by Q
13:39:47 <Rawr|Fone> Hallo reif :3
13:40:00 <reification> hi rawr
13:40:14 <reification> i went out for a hike and it hailed on me D:
13:40:19 <Rawr|Fone> D:
13:40:53 <Rawr|Fone> Dot said he was going for a walk, you think he's dead 5ever now?
13:41:45 <reification> bbc weather says bakewell is sunny so he’s probably ok
13:50:06 -!- DuB` [DuB@66-219-213-203.dynamic.ip.veracitynetworks.com] has joined #tlponies
13:50:09 <DuB`> Ohayou~
13:50:19 <Rawr|Fone> Dub dab dob
13:54:42 <DuB`> http://assets.amuniversal.com/238b9560d7f501334dc3005056a9545d
13:54:45 <DuB`> Hah!
13:55:03 <reification> hello dubpon
13:55:22 <DuB`> Reef!
13:55:26 <DuB`> Rur rar ror
13:55:48 <Rawr|Fone> How are you today dub
13:56:23 <DuB`> Gewd.
13:56:26 <DuB`> Lots to do, though!
13:56:53 <Rawr|Fone> Lots of shoots
13:57:30 <DuB`> I wish. :(
13:58:10 <Rawr|Fone> 0 shoots
13:58:18 <Rawr|Fone> Sad day
14:01:23 <Rawr|Fone> It's now 18 hours until I get my tattoo
14:01:33 <DuB`> :o
14:01:41 <DuB`> Poor rawrbutt.
14:04:43 <Rawr|Fone> 🐴🐴🐴
14:20:24 <Rawr|Fone> So pon
14:20:29 <Rawr|Fone> Pon pon pon
14:43:37 <Rawr|Fone> 👻👻👻
14:46:58 -!- FlutterAi [~FlutterAi@adsl-98-93-44-20.owb.bellsouth.net] has joined #tlponies
14:49:18 <Rawr|Fone> Hallo flutters
14:49:36 <FlutterAi> o/
15:06:25 <DoT`> pons
15:06:44 <DoT`> only got lost 3 times
15:06:47 <Rawr|Fone> Dot dot dot
15:06:52 <DoT`> rawr rawr rawr
15:06:53 <DoT`> <3
15:06:55 <Rawr|Fone> <3
15:07:11 <DoT`> sheep are far more sneaky than ppl give them credit for
15:07:25 <DoT`> they spend a lot of time making fake paths to followe
15:08:13 <Rawr|Fone> Very rude of them
15:10:48 <DoT`> http://www.deviantart.com/art/219548-601174814
15:11:06 <DoT`> RAWR amg i saw a 5 month old black lab!
15:11:41 <Rawr|Fone> Amg
15:11:58 <DoT`> it was so cute and skittish
15:12:04 <Rawr|Fone> :3
15:14:16 <Rawr|Fone> Everybody is gone dot
15:14:46 <DoT`> you are here rawr
15:15:01 <Rawr|Fone> Okay, everyone except us
15:15:14 <DoT`> you need more?
15:17:14 <DoT`> i will just summon skram
15:18:24 <DoT`> i need a shower
15:18:40 <reification> i am here dotties
15:18:57 <reification> i went walking but got hailed on
15:19:02 <Rawr|Fone> 🐴
15:19:07 <DoT`> reif <3
15:19:17 <DoT`> there is a very cold wind here today
15:19:19 <reification> there were no sheep but there were horses
15:19:21 <DoT`> thats it so far
15:19:26 <DoT`> hors!
15:19:35 <DoT`> i saw some of those too
15:19:50 <reification> who looked at us from under the trees like we were stupid for being out in that weather
15:19:55 <reification> and made horse noised
15:20:06 <DoT`> haha
15:23:20 <DoT`> he gone
15:23:52 <Rawr|Fone> Rude
15:24:01 -!- carcinisation [~reificati@cpc76294-cosh16-2-0-cust297.6-1.cable.virginm.net] has joined #tlponies
15:24:03 <DoT`> very
15:27:31 <Rawr|Fone> Pon pon
15:33:54 <Micen__> hello
15:34:12 <Rawr|Fone> Hallo micen
15:40:16 <Micen> What is going on?
15:43:39 <Micen|pony> i am sad i missed pony saturday.
15:51:53 <DoT`> MICEN
15:52:02 <DoT`> .ponyv s06e03
15:52:05 <Micen|pony> hi Dot.
15:52:12 <Micen|pony> i am already watching
15:52:44 <DoT`> good pon
15:53:40 -!- carcinisation2 [~reificati@cpc76294-cosh16-2-0-cust297.6-1.cable.virginm.net] has joined #tlponies
15:54:34 <carcinisation2> internet pls
15:58:35 -!- BioPhone [~Bioandroi@client45-139.wifi.siue.edu] has joined #tlponies
15:58:44 -!- Biopone [~Bioandroi@client45-139.wifi.siue.edu] has joined #tlponies
15:59:26 <carcinisation2> hi bio
16:00:21 <Biopone> Hi
16:00:23 -!- BioPhone [~Bioandroi@client45-139.wifi.siue.edu] has left #tlponies
16:00:42 <DoT`> bio!
16:05:24 <DoT`> rawr http://imgur.com/gallery/G0GLPRK
16:05:52 <carcinisation> hi micen
16:06:07 <Micen> hello
16:08:23 <Micen> pony episode was good 
16:10:11 <DoT`> it was indeed
16:10:28 <Biopone> Hi
16:10:48 * DoT` hugs Bio
16:25:44 -!- BioPhone [~Bioandroi@client45-139.wifi.siue.edu] has joined #tlponies
16:26:28 -!- BioPhone [~Bioandroi@client45-139.wifi.siue.edu] has joined #tlponies
16:27:41 <DoT`> http://i.imgur.com/afAVzb7.gifv
16:28:10 <DoT`> Yolteotl, http://audrarius.deviantart.com/art/Sungirl-601187348
16:29:01 <BioPhone> Yo
16:29:12 <BioPhone> One month
16:29:19 <BioPhone> Then we can...
16:29:27 <BioPhone> Play.
16:30:01 <DoT`> ?
16:30:15 <DoT`> oh, onlysalt?
16:30:24 <BioPhone> Yeah
16:32:40 <Yolteotl> hi pones 
16:32:52 <Yolteotl> dot <3
16:34:01 <DoT`> yolt <3
16:37:04 <Yolteotl> ready for gsl dot?
16:37:10 <Yolteotl> it's in 14h!
16:37:18 <Yolteotl> or a little more
16:37:49 <Yolteotl> 3Z D:
16:38:00 <Yolteotl> Curous Losira Dark then the poor terran Dream
16:38:24 <Yolteotl> the last group is awesome
16:38:42 <Yolteotl> Dear bunny myungsik and TY :D
16:40:44 <DoT`> 3 zerg, meh
16:41:04 <DoT`> nice last group
16:46:30 <Yolteotl> you know TY will get a place in ro8
16:46:45 <Yolteotl> then 1 place left for the others :p
16:46:51 <DoT`> and i think Dear
16:52:10 <BioPhone> Pon
17:03:22 <carcinisation> time to eat crab
17:03:45 <CockRoach|42> :o
17:05:21 <carcinisation> .wiki carcinisation
17:09:13 <Golly> you just started walking sideways one day ank kinda stuck with it
17:12:10 -!- DuB [~DuB@128.187.116.0] has joined #tlponies
17:13:18 <DuB> Pons.
17:14:57 -!- Golly [~Golly@1.92-221-121.customer.lyse.net] has joined #tlponies
17:15:28 <DoT`> DUB
17:15:30 <DoT`> <3
17:15:39 <DuB> DOT
17:15:40 <DuB> <3
17:16:27 <Rawr|Fone> Dub dub dub dub
17:24:33 <DoT`> rude dub
17:24:47 <DuB> !
17:25:59 <DoT`> time to suck at casual cs
17:31:11 <CockRoach|42> become GM, DoT`... pls
17:32:28 <DoT`> no chance
17:32:30 <DoT`> maybe a derank
17:32:59 <DoT`> beat dub to silver 1
17:33:00 <carcinisation> become good enough to play with cam without causing him to be sad
17:35:21 <BioPhone> After a good meal
17:35:38 <BioPhone> Time to lay on the floor and feel like garbage
17:38:29 <Yolteotl> dot should practice SC2
17:39:51 <DuB> Too many hardgames to be bad at all of them.
17:42:20 <carcinisation> dot is good at dorfs
17:43:07 <DoT`> well i do get them all killed very efficintly
17:49:51 <Rawr|Fone> Dot why does dyb 
17:49:59 <Rawr|Fone> Dub always ignore me
17:50:07 <Rawr|Fone> When I greet him
17:52:34 <DoT`> Bio https://imgur.com/46BMXiy
17:52:38 <DoT`> i dont know rawr :(
17:52:43 <DoT`> maybe he hates corgis
17:52:51 <Rawr|Fone> :(
17:56:58 <BioPhone> Dot thats what he gets for using lefthanded models, haha
17:59:07 -!- Rawr|Phone [~Rawr@81-233-7-47-no34.tbcn.telia.com] has joined #tlponies
17:59:19 <DoT`> left handed irks me
18:01:13 <carcinisation> would you say it was... sinister
18:11:45 <DoT`> bio
18:16:09 <BioPhone> Horse
18:19:52 <Rawr|Phone> So horse
18:20:26 <BioPhone> Neigh
18:21:49 -!- skram [~skram@ip-175-146-106-77.eidsiva.net] has joined #tlponies
18:21:49 -!- mode/#tlponies [+v skram] by Q
18:22:53 <skram> DOT ARE YOU AWAKE YET
18:23:17 <Rawr|Phone> Probably not
18:23:19 <CockRoach|42> he's stil sleeping
18:23:38 <skram> :||
18:24:27 <Rawr|Phone> Skram
18:24:52 <skram> Henri
18:24:53 <skram> k
18:25:39 <Rawr|Phone> How are you today
18:25:46 <Rawr|Phone> Why so late
18:26:13 <skram> I slept for a bit because im going to work in an hour D:
18:27:36 <Rawr|Phone> Sleep is nice
18:27:48 <BioPhone> Rip
18:28:49 <skram> I was supposed to work my first 7-3 shift in like 6 months tomorrow, but they needed me to work nights instead for some reasons
18:28:57 <skram> which is alright because i get paid more D:
18:29:24 <Rawr|Phone> D:
18:32:04 <DoT`> SKRAM
18:32:28 <DoT`> JONAS
18:32:49 <skram> good morning bjørn :p
18:33:06 <DoT`> hello you hedge
18:36:22 <BioPhone> What a bush
18:42:07 <Rawr|Phone> Only like 14 hours left dot
18:42:38 <DoT`> then scarred forever
18:42:47 <Rawr|Phone> :3
18:51:21 <DoT`> hors
18:52:13 <BioPhone> Pon
19:01:43 <Rawr|Phone> Ponny
19:03:54 <DoT`> whats up
19:08:54 -!- Camail [~Camail@38.69.8.163] has joined #tlponies
19:08:54 -!- mode/#tlponies [+v Camail] by Q
19:10:08 <DoT`> cam
19:11:17 <Camail> maybe
19:11:22 <BioPhone> Perhaps
19:11:27 <Camail> eh
19:18:15 <CockRoach|42> http://asksunshineandmoonbeams.tumblr.com/post/142072973120/woah-10-panels-tia-actually-just-forgot-it-was
19:22:48 <Rawr|Phone> 🐴🐴🐴
19:22:49 <Phearlock> adorable
19:31:35 <Camail> dot pls
19:32:24 <DoT`> why you
19:34:54 -!- BioPhone [~Bioandroi@client45-139.wifi.siue.edu] has joined #tlponies
19:58:23 <Cane> Sweet. Mad Max: Fury Road is on Netflix.
19:59:16 <DoT`> enjoy
20:01:07 <skramafk> later pons
20:02:39 <DoT`> aww, bye skrammen
20:13:04 <BioPhone> Bai hoers
20:21:14 -!- Biopone [~Bioandroi@166.175.61.173] has joined #tlponies
20:21:21 <DoT`> ppl in casual seem salt today
20:21:25 <DoT`> so many kick votes
20:36:02 <DoT`> http://magwaizzz.deviantart.com/art/Princess-Celestia-601202771
20:36:05 <DoT`> Phearlock
20:38:03 <Yolteotl> pon pon pon
20:38:49 <DoT`> yolteotltltl
20:39:01 <Yolteotl> you forgot a tl
20:39:04 <Yolteotl> :p
20:39:49 -!- Frigo [~Frigo@catv-80-99-5-67.catv.broadband.hu] has joined #tlponies
20:42:27 <DoT`> so i did, good eye
20:49:46 <DoT`> micen http://owlisun.deviantart.com/art/Filly-Starlight-Glimmer-601135700
20:55:05 <CockRoach|42> 30 secs sketches are hard :/
20:55:52 <DoT`> yes
21:03:21 <DoT`> carcinisation, http://www.bbc.co.uk/news/world-europe-35966412
21:03:23 <DoT`> it happend
21:04:25 <carcinisation> he jumped before he got pushed
21:04:28 <DoT`> cane http://zig-word.deviantart.com/art/Luna-501356406
21:05:00 <DoT`> http://lyra-senpai.deviantart.com/art/Luna-s-realm-reborn-573130819
21:05:10 <DoT`> http://lyra-senpai.deviantart.com/art/Diffuse-illusions-569131028
21:05:12 <DoT`> this is cute
21:06:10 <DoT`> Yolteotl, 
21:06:58 <BioSkool> I am horse
21:07:02 <Bio> hi
21:07:06 <carcinisation> there appears to be a PuntyMcPunterface in my tournament :D
21:07:54 <carcinisation> wb biohorse
21:07:59 <DoT`> lol
21:08:10 * DoT` licks BioHors
21:13:13 <carcinisation> looks like mr cruz doesn't know how to be srs http://www.dailymail.co.uk/news/article-3524348/Don-t-touch-hair-Ted-Cruz-freaks-seven-year-old-daughter-tries-cheesehead-him.html
21:20:15 <Yolteotl> luna always cute dot
21:20:26 <Yolteotl> how it could be an other way?
21:20:41 <Yolteotl> *could it be
21:21:06 <carcinisation> lol AJ v JJ v KK v AA hand
21:21:29 -!- FlutterAi [~FlutterAi@adsl-98-93-44-20.owb.bellsouth.net] has joined #tlponies
21:21:38 <Yolteotl> poor AJ
21:21:46 <Yolteotl> and probably JJ
21:21:48 <Yolteotl> and AA
21:21:50 <Yolteotl> :P
21:22:01 <carcinisation> and next hand i get AJ vs AA D:
21:22:08 <Yolteotl> rude
21:22:17 <carcinisation> you were right yolo KK made flush
21:22:22 <Yolteotl> ahah
21:23:03 <carcinisation> i only made a 4flush. sadly that doesn't count
21:45:51 <Bio> rip
21:45:59 <Bio> brutal, savage, rekt
21:46:35 <Bio> dot horse
21:46:40 <DuB`> Weeeooooo~
21:46:47 <carcinisation> wb dubbles
21:46:56 <DoT`> dob
21:46:58 * Bio prods DuB`
21:47:20 * DuB` cattleprods Bio.
21:47:25 <Bio> harumph
21:47:26 <DuB`> BZZAP.
21:47:30 * Bio slaps DuB` around a bit with a large trout
21:48:52 * DuB` grills some trout.
21:50:31 <Bio> go lay on the ground and feel like garbage
21:50:37 <DuB`> Every day.
21:50:51 <Bio> you have to be nice to me, I donated blood
21:51:44 <DoT`> can i have some bio?
21:52:09 <carcinisation> well bio i was just reading about how it's probably the best thing you can do for your health
21:52:26 <carcinisation> especially if you are murican
21:52:40 <DoT`> too much blood is bad for you
21:52:56 <carcinisation> less so if you live in denmark or sweden
21:53:04 <Phearlock> I saw the pretty princess DoT
21:53:09 <Phearlock> praise sunbutt =3
21:53:14 <carcinisation> it's the iron dotties
21:53:49 <Bio> i'm not using all my blood surely
21:53:53 <Bio> someone else can have some
21:54:07 <carcinisation> you make it back again really fast
21:55:44 <DuB`> There's a place that'll pay you for plasma like 50 yards from my apartment.
21:55:58 <DuB`> Could pay rent with that if I go the max amount per month. :P
21:56:01 <DoT`> pay?
21:56:04 <DoT`> time to be rich
21:56:05 <DuB`> Yah.
21:56:17 <DuB`> ... I'm already tired and faint all the time though, dot!
21:56:26 <carcinisation> they don't pay over here dot. it's the nhs
21:56:33 <DoT`> pff, money!
21:56:41 <DoT`> yea, i thougth so :/
21:56:50 <carcinisation> but on the plus side they won't charge you if you need it
21:56:55 <DoT`> i doubt they want my short blood anyway
21:57:04 <Camail> there are other fluids people will pay for
21:58:04 <Camail> or donate bone marrow and feel like a hero and garbage at the same time
21:58:38 <carcinisation> you could travel to iran and sell one of your kidneys legally
21:58:55 <DoT`> isnt that excruciating cam
21:58:59 <Camail> very
21:59:14 <Camail> also you have to prepare
21:59:17 <Camail> for like 2 months
21:59:26 <carcinisation> well normally if your bone marrow is coming out things are pretty bad
22:00:12 <Camail> they basically get college kids whoa re naive/altruistic, it a weird mixture of genuine kindness and manipulation
22:00:25 <Camail> at least they did at my school
22:01:36 <DoT`> lol, ouch
22:05:20 <DuB`> If I can find a not-too-exhausting summer job I'll probably do the plasma thing.
22:05:22 <DuB`> $$$
22:06:53 <Camail> you cna also steal other people's plasma
22:06:56 <CockRoach|42> http://strachattack.deviantart.com/art/Punk-Dash-600280571
22:07:30 <Camail> how do they extract plasma without getting bloodcells
22:07:40 <Bio> they put it back
22:08:07 <Bio> draw out some blood, centrifuge the plasma out, put the blood back in
22:08:18 <Bio> takes about an hour
22:09:40 <Rawr|Phone> I have to get up in 7 hours but I'm not even close to tired
22:09:47 <Rawr|Phone> 😢😢😢
22:10:21 <DoT`> if only oyu had a book to read rawr
22:10:37 <Rawr|Phone> If only
22:11:00 <Rawr|Phone> But I guess I wouldn't sleep in that case either
22:13:02 <DuB`> Rarrr!
22:13:04 <DuB`> Slepp plis.
22:13:26 <Camail> oh god I'm reading ana rticle of plasma donation that's just....incredibly unethical in its slanting
22:13:38 <Camail> to the point of editting its own text for the selected big quotes
22:13:46 <Camail> and its like the top hit on google
22:16:57 <Camail> yea fuck that article, the word choice reeks of over editting and sensationalism that make me unable to trust the contents of the article at all
22:17:08 <Camail> nothing makes me more annoyed with real life than shitty writers
22:43:34 <carcinisation> nn emily
22:52:13 <Camail> dub fight me?
22:52:48 <DuB`> Probly not today.
22:53:08 <DuB`> Semester ends on monday, lots to finish up.
22:53:12 <Camail> thats for the best cuz apaprently my internet is being just the worst right now
22:55:23 <DuB`> Not sure if I'll get to have a real weekend this week. :T
22:55:35 <DuB`> Will try to have time for my allotted one win!
22:55:36 <DuB`> Heheh.
22:56:22 <Camail> oh were you here when we found out unranked accounts can only get 2 wins per day
22:56:28 <Camail> per 24h perdios, actually
22:56:40 <Camail> but none of us knew that because you never win, so yea
22:56:42 <Camail> thats a thing
22:56:43 <DuB`> :O
22:56:45 <DuB`> Baahahahaha
22:57:52 <DoT`> hahaha
22:58:01 <DoT`> it really doest effect us
23:00:07 <DuB`> I'm sure we got two in a day at least ONCE.
23:09:11 <Bio> lel
23:09:14 <Bio> kappa
23:09:21 <Bio> dot dub go plej shot
23:10:33 <Bio> DuB`
23:10:34 <DuB`> GAAAAAASP
23:10:34 <Bio> DuB`
23:10:35 <Bio> dub
23:10:38 <DuB`> Sorry to those of you who already wrote Assignment 6.3,  but I’ve decided to cancel it in light of the time of semester and how busy you all are.
23:10:38 <Bio> http://i.imgur.com/UX23UGR.jpg
23:10:44 <DuB`> God is great.
23:10:46 <DuB`> Professor is kind.
23:10:49 <Bio> also click
23:10:50 <Bio> link
23:10:52 <Bio> readygo
23:11:06 <DuB`> THAT IS NOT EVEN A CYBORG.
23:11:10 <DuB`> BLIZZARD PLIZ.
23:11:20 <DuB`> "SPARROW"????
23:11:27 <Bio> HUMAN BIRD
23:11:27 * DuB` is dissappoint.
23:11:30 <Bio> dab pls
23:11:34 <Bio> is gud
23:11:39 <Bio> is be4 he got rekt
23:11:48 <DuB`> SPARROW GA WAGATEKI WO KURAU
23:11:54 <DuB`> SPARROWGEKIKEN
23:11:58 <DuB`> -.-;
23:12:13 <DuB`> Oh, right. "Suzume".
23:12:21 <Bio> http://i.imgur.com/rf2PhUd.jpg
23:12:27 <DuB`> Ryuugekiken --> suzumegekigen??
23:12:36 <DuB`> Oh snap.
23:12:36 <Bio> http://i.imgur.com/Htvp58a.jpg
23:12:38 <DuB`> Nice jrat.
23:12:43 <Bio> HOCKEY TECHNOBARD
23:12:45 <DuB`> HAHAHA
23:12:46 <Bio> EZ SKIN EZ LIFE
23:12:56 <DuB`> HAAAAAAA
23:12:59 <Bio> I HOPE HE SHOOTS PUCKS
23:13:08 <Bio> LETS BREAK IT DOWN EH
23:13:14 <DuB`> rooofl
23:13:16 <Bio> http://i.imgur.com/GCY0s06.jpg
23:13:26 <Bio> MAI WAIFU CAN'T BE THIS ADORBS
23:13:30 <DuB`> <3
23:13:34 <DoT`> theses are nice
23:13:35 <DuB`> She can, bayo.
23:13:36 <DuB`> She can.
23:13:47 <Bio> http://i.imgur.com/m9FwQiq.jpg
23:14:03 <Bio> https://i.imgur.com/0HDTkKk.jpg
23:14:18 <Bio> http://i.imgur.com/1TRj4xk.jpg
23:14:19 <DuB`> Wow.
23:14:27 <DuB`> They are all
23:14:27 <DuB`> so
23:14:28 <DuB`> good
23:14:30 <DuB`> EXCEPT GENJI.
23:14:42 <Bio> GIT FUKT
23:14:43 <DuB`> -100 cool
23:14:51 <Bio> nah u just badsadmad
23:14:59 <carcinisation> dub is correct
23:15:21 <DuB`> They had it so easy, too.
23:15:30 <DuB`> They just had to make a full suit of samurai armor Genji.
23:15:30 <Bio> http://i.imgur.com/Tuu4OYi.jpg
23:15:38 <Bio> THE RESULT OF THE BUTTENING
23:15:49 <DuB`> Haaaa
23:15:59 <DuB`> Buttgate wins~
23:16:06 <Bio> http://i.imgur.com/qyLowEz.jpg
23:16:22 <DuB`> Oh look, she still has a butt.
23:16:25 <Bio> Confirmed tracer still has a curvacious bootay
23:16:33 <DuB`> Whaddaya know.
23:17:00 <DoT`> still butt
23:17:09 <DoT`> tracer may be cam
23:18:17 <DuB`> Well, it's only genji's first.
23:18:20 <DuB`> Many more to come.
23:19:25 <Camail> did they actually go through with the pose change
23:19:35 <DuB`> Seems so.
23:19:43 <Camail> idc really, the new one is better
23:19:54 <Camail> over the shoulder is a rather boring pose anyway,t hats the legitimate complaint
23:20:06 <DuB`> http://i.imgur.com/k4E8gby.jpg
23:20:22 <Camail> someone sohuld complain about every pose
23:20:31 <Camail> so that they try harder on all of them and make them all great
23:20:47 <carcinisation> i'm sure they will now
23:20:56 <Camail> what are the gonna do about widow
23:20:56 <DoT`> i think very few care that they changed it, its just the fact they took post and used that as the reason
23:21:02 <Camail> just rmeove her from the game
23:21:24 <Camail> as a fan of streetfighter, this is hilarious
23:21:29 <DuB`> Too shmexy spider lady.
23:21:49 <DuB`> Yeah... meanwhile laura and mika.
23:21:53 <Camail> my game has literal panty shots, overwatch is for babies
23:22:03 <Camail> mika is w/e, laura is the worst
23:22:15 <DoT`> bastion over the shoulder pose please
23:22:19 <Camail> laura has nothing going for her in 2 out of 3 costumes
23:22:29 <Camail> just tits
23:22:43 <Camail> the underboob on her alt costume looks awful, too
23:23:02 <Camail> the way they modeled the breast to meet the rib cage looks fucking weird
23:23:25 <Camail> like she had double implants and the skin is about to burst
23:23:27 <Bio> boobies
23:24:03 <Camail> laura's premium judo costume sohuld be her main costume, and they should never get more lewd than that
23:24:17 <Camail> or at least give us one normals costume option
23:26:34 <Camail> but ok overwatch kiddies, if you can't handle seeing a butt, i understand
23:26:42 <DuB`> Oh, OW ranked play.
23:26:43 <DuB`> Kewl.
23:27:02 <Camail> pray to god you dont let your kids on google images with safe search off
23:27:53 <DuB`> Per-character ingame settings / reticles / sens / etc. :O
23:27:57 <DuB`> PogChamp
23:28:08 <Camail> tfw dub will be better at an fps than me cuz i wont be playing OW
23:28:19 <Camail> who am i kidding, that'll never happen
23:28:23 <DuB`> Tsk tsk.
23:28:25 <DuB`> Hey.
23:28:26 <DuB`> Hahahah.
23:29:01 <Bio> rekt
23:29:48 -!- Mag_ [~Mag@107.92-221-99.customer.lyse.net] has joined #tlponies
23:35:42 <carcinisation> night all
23:36:25 <DoT`> gnight reif <3
23:41:01 <DuB`> http://us.battle.net/forums/en/overwatch/topic/20742886413
23:41:04 <DuB`> Full notes.
23:47:54 <Camail> where is cris
23:47:57 <Camail> we need to lvl him up
23:47:58 <Camail> pls
23:48:03 <Camail> dub go study
23:48:06 <Camail> lots of work to do
23:48:10 <Camail> finals to crush
23:48:13 <Camail> or to be crushed by
23:48:17 <Camail> if thats your fetish
23:48:18 <DuB`> RARRR CRUSH.
23:48:54 <Camail> DoT`  do you wanna try faceit? might be fun
23:49:03 <Camail> its effectively unranked for plebs
23:52:37 <Camail> ugh my internet is so shit right now, nvm
23:54:56 <DuB`> ROFL
23:55:07 <DuB`> New OW ranked matchmaking is horribly broken.
23:55:13 <DuB`> 6v1 matches, etc.
23:57:07 <DuB`> 49 second ranked match by surefour just now.
23:58:38 -!- Frigo [~Frigo@catv-80-99-5-67.catv.broadband.hu] has joined #tlponies
