00:00:00 <Cane> We know so much more about modding now than when NMM was made. So many better practices for organizing everything.
00:00:12 <Phearlock> Yeah, this is potentially great
00:00:25 <Phearlock> Hoping for greatness \o/
00:03:25 <DuB`> Cane this summoner's tower + city is fantastic. :D
00:03:28 <DuB`> Weeee~
00:03:37 <Cane> Thank you! <3
00:04:03 <DuB`> Bob Ross bit and the pylon were great.
00:20:50 <ZK> oh theres baseball. go canada i guess
00:21:28 <Crisium> oh no
00:21:36 <Crisium> go team murica
00:23:54 <ZK> AND SUBBAN SCORES
00:24:02 <ZK> why couldnt he do that last year
00:26:11 <Crisium> PK Thunder
00:32:54 <Dot`> how is that luna anymore? https://magnalunaarts.tumblr.com/post/151801592543
00:33:18 <Dot`> http://alasou.deviantart.com/art/Horn-Problem-640074773
00:34:11 <Phearlock> lol cute pone
00:34:38 <Phearlock> horny pegasus
00:34:44 <Phearlock> (Alicorn)
00:43:11 <Dot`> bio
00:43:24 <Bio> dot
00:47:15 <Dot`> <3
00:56:30 <Bio> <3
00:56:37 <Bio> I'm getting chicken noodle soup
01:00:04 <Dot`> good
01:01:54 <Dot`> i sleep
01:02:04 <Dot`> gnight ponies <3
01:06:04 <Crisium> gb
01:07:48 <Bio> nnnnnnnnnnn
01:09:13 <DuB`> nnnnnnnnnnnnnn
01:14:49 <DuB`> Oooooooooooooooh!
01:15:10 <DuB`> They're gonna change mercy's voice line with the witch skin to the "my servants never die" line. :D
01:17:22 <Bio> =3
01:26:44 <ZK> i like this game between hawks and preds
01:26:46 <ZK> go preds
01:34:49 <Bio> def
01:34:56 <Bio> hope hawks miss the playoffs
01:35:14 <Bio> cuz fuk those guys ={
01:35:16 <Bio> =P
01:35:22 <ZK> i thought you liked beating them in playoffs
01:35:38 <Bio> yeh, b ut that series gave me so much stress
01:35:51 <ZK> yreaaaaaaaaa
01:37:39 <Crisium> blues vs pens finals
01:37:48 <Crisium> sorry habs, you can make conference finals tho
01:39:48 <Bio> i'm down for that crisi so long as we can win it =D
01:40:37 <ZK> na, habs winning it this year
01:40:45 <ZK> oh wow, 3rd goal preds on powerplay
01:40:50 <ZK> josi is in my pool =D
01:50:59 <Bio> hawks took a lot of penalties vs blues as well
01:51:15 <ZK> i like hawks losin
01:51:25 <Bio> me too
02:02:31 -!- Wikt_ [~Wikt@213.108.153.51] has joined #tlponies
02:02:31 -!- mode/#tlponies [+o Wikt_] by Q
02:11:04 -!- Wikt|dc_ [~Wikt@213.108.153.51] has joined #tlponies
02:11:04 -!- mode/#tlponies [+o Wikt|dc_] by Q
03:05:07 -!- Wikt [~Wikt@213.108.153.51] has joined #tlponies
03:05:07 -!- mode/#tlponies [+o Wikt] by Q
03:26:50 -!- Camail [~Camail@45.40.93.200] has joined #tlponies
03:26:50 -!- mode/#tlponies [+v Camail] by Q
03:27:04 <Camail> another reason i think skram is secretly donald trump 
03:27:04 <Camail> https://pbs.twimg.com/media/CuteCutUEAEiVmR.jpg:large
03:33:37 <Bio> hanzo mains
03:33:40 <Bio> feelsHanzoman
03:48:09 <Camail> Hanzo: Not Even Once
04:29:40 <Camail> DuB`  r u here and r u rdy to duoQ
04:40:03 <Camail> dub is not here
04:40:04 <Camail> wtf
04:40:09 <Camail> he's never afk
04:45:27 <Bio> whut a jerk
05:21:53 -!- DoT|Phone [~Dot@90.207.46.233] has joined #tlponies
05:36:58 -!- Cane [~Cane@CaneCraft.users.quakenet.org] has joined #tlponies
05:36:58 -!- mode/#tlponies [+o Cane] by Q
05:59:18 -!- Dot_ [~Dott@90.207.46.233] has joined #tlponies
06:41:04 <Cane> Dot_, http://i.imgur.com/QuymsMg.jpg
06:56:19 -!- Golly [~Golly@1.92-221-121.customer.lyse.net] has joined #tlponies
07:12:31 <Cane> http://i.imgur.com/L8Ht9Br.png too spooky pls don't click
07:26:34 <Rawr|Fone> Beep beep
07:26:49 <Rawr|Fone> 2 spooky cane
07:42:33 -!- Rawr|Phone [~AndChat25@host-95-195-150-17.mobileonline.telia.com] has joined #tlponies
07:44:59 -!- Golly [~Golly@1.92-221-121.customer.lyse.net] has joined #tlponies
08:07:16 -!- Runbunny [~Runbunny@62.61.130.232.generic-hostname.arrownet.dk] has joined #tlponies
08:10:36 <Runbunny> Hai.
08:12:30 <CockRoach|42> hi bunny
08:27:06 <Rawr|Phone> Anders.
09:04:07 <Dot_> Morning all <3
09:04:45 <Dot_> hahaha cane
09:05:21 <Dot`> Rawr rawr rawr
09:07:33 <Runbunny> Dot rawr.
09:07:39 <Dot`> <3
09:07:50 <Runbunny> It's saturday Henrik.. what are you doing?
09:08:33 <Dot`> probably drunk
09:09:08 <Runbunny> Such a drunk.
09:09:43 <Dot`> its very sad
09:23:00 <Runbunny> He was such a good kid.
09:25:03 -!- tredc [webchat@90-230-30-217-no56.tbcn.telia.com] has joined #tlponies
09:25:20 <Rawr|Phone> I am refereeing at a game for our division 3 team
09:25:33 <Rawr|Phone> Dot dot dot
09:26:11 <Dot`> can you do that while drunk?
09:32:37 -!- skram [~skram@ip-217-146-106-77.eidsiva.net] has joined #tlponies
09:32:37 -!- mode/#tlponies [+v skram] by Q
09:33:25 * skram slaps Dot` around a bit with a large trout
09:35:32 <Dot`> oi
09:35:38 <skram> HELLO FRIEND
09:35:44 <skram> DO YOU KNOW WHAT I FOUND ON THE GROUND THIS MORNING?
09:36:49 <Dot`> Your hopes and dreams?
09:37:10 <skram> SNOW
09:37:16 <Dot`> AMG
09:37:19 <Dot`> pls sned
09:43:19 <Rawr|Phone> Of course I can dot
09:50:52 <Dot`> skram, my snow still hasnt arrived
09:50:56 <Dot`> have you not sent it yet
09:58:13 <Dot`> https://as.reddit.com/r/dwarffortress/comments/36dzxs/quick_can_i_kill_a_wereelephant/
09:58:27 <Dot`> haha that first comment chain
10:03:08 <Rawr|Phone> Dot dot dot
10:04:18 <Dot`> Rawr rawr rawr
10:04:39 <Rawr|Phone> <3
10:04:54 <Dot`> <3
10:16:00 -!- Rawr|Fone [~AndChat25@84-217-62-32.customers.ownit.se] has joined #tlponies
10:28:27 <skram> it needs time to grow Dot`
10:29:00 <Dot`> ok
10:31:47 <Runbunny> Jonas.
10:31:52 <skram> Anders.
10:54:14 <Runbunny> gotta go
10:54:18 <Runbunny> food awaits!
10:55:00 <Rawr|Fone> Pls
11:09:12 <Dot`> rawr
11:09:54 <Rawr|Fone> Dot
11:20:46 -!- Phearlock [~Phearlock@cm-84.211.141.30.getinternet.no] has joined #tlponies
11:20:46 -!- mode/#tlponies [+v Phearlock] by Q
11:25:31 <Dot`> phear pon <3
11:48:00 -!- ZK [ZK@modemcable114.242-81-70.mc.videotron.ca] has joined #tlponies
11:48:00 -!- mode/#tlponies [+v ZK] by Q
11:50:37 <Dot`> .roll d20 to boop zk
11:50:43 <Dot`> swoots?
11:50:45 <Dot`> ty
12:24:24 <Dot`> pon pon
12:38:14 <Dot`> https://www.twitch.tv/totalbiscuit
12:38:27 <Dot`> MANA
12:39:01 <Golly> ya, he just won against nerchio again
12:39:38 <Dot`> \o/
12:41:55 <Golly> looking bad now tho :p
12:42:20 <Dot`> yes :/
12:43:34 <Dot`> :(
12:43:43 <Dot`> i never get to see mana do well
13:10:09 <Dot`> skram, i dont like 3 phase stuff
13:10:19 <Dot`> there is all this phase vs line stuff
13:56:14 <CockRoach|42> .choose gym, lazy
13:57:16 -!- Yolteotl [webchat@243.77.126.78.rev.sfr.net] has joined #tlponies
13:57:34 <Yolteotl> pon
13:57:38 <Yolteotl> https://www.twitch.tv/totalbiscuit
13:57:38 <Dot`> yp;t
13:57:40 <Dot`> inno!
13:57:42 <Yolteotl> dot <3
13:57:45 <Yolteotl> ByuN!
13:57:47 <Dot`> so late
13:57:49 <CockRoach|42> .when
13:57:50 <Dot`> <3
13:58:00 <Dot`> swoots is borked
13:58:06 <Yolteotl> I started watching some games before this one
14:01:03 -!- tredc [webchat@90-230-30-217-no56.tbcn.telia.com] has joined #tlponies
14:22:05 <Golly> snuuuuute
14:31:11 <Golly> welp
14:31:32 <Dot`> snute pls
15:28:49 <Phearlock> Hey guys
15:28:52 <Phearlock> you know what time it is?
15:30:02 <Phearlock> (it's pony time)
15:30:15 <Dot`> oh woops
15:30:17 <Dot`> link
15:30:34 <Dot`> Stream
15:30:36 <Phearlock> http://bronyshow.com/
15:30:55 <tredc> pony
15:31:02 <Phearlock> Wonderbolt pons
15:31:08 <Dot`> ooo
15:31:11 <Dot`> its that pony
15:31:38 <Phearlock> Lol
15:31:42 <Dot`> PONY
15:31:45 <Dot`> TTWI PON
15:31:53 <Phearlock> Twi pon AND dash pon
15:32:00 <Phearlock> Where's bio when you need him?
15:32:16 <Dot`> .tell Bio pls
15:34:39 <Phearlock> The guy on the right
15:34:51 <Phearlock> looks pretty chill
15:34:54 <Dot`> ponies recognised
15:35:08 <Phearlock> Bestponies
15:35:09 <Phearlock> cute
15:36:03 <Dot`> excited twi
15:36:06 <Phearlock> =D
15:36:37 <Dot`> haha
15:36:53 <Phearlock> lol airhorn
15:37:17 <Phearlock> That title is going to be a fanfiction title
15:38:10 <Dot`> that rd pic
15:38:11 <Dot`> haha
15:38:32 <Phearlock> HAHA yes
15:38:35 <Phearlock> Rekt
15:40:07 <Dot`> ooo boosting 
15:44:36 <Phearlock> Angelwings also looks cute
15:44:42 <Phearlock> nice background pon
15:47:47 <Dot`> haha
15:48:31 <Phearlock> Trying to ignore books around twi
15:49:34 <Dot`> http://i.imgur.com/5PuVSSF.jpg
15:50:02 <Dot`> twi face
15:50:13 <Phearlock> LOL
15:50:15 <Dot`> HAHA
15:51:15 <Phearlock> Hey, they were just helping
15:51:17 <Dot`> how far he get though?
15:53:05 <Dot`> phear, if we have learnt anythign from all these seasons, its that ponies are mostly jerks
15:53:39 <Phearlock> That's like watching a police show and saying the most people are drunks and criminals
15:53:56 <Phearlock> The pons are like literally the friendship police with the map
15:54:59 <Dot`> haha
15:55:50 <Phearlock> No, princess of flying is dashie
15:56:38 <Phearlock> Twidash making the (friend)shipping happen
15:56:47 <Dot`> lol
15:58:34 <Phearlock> These guys are the most obvious shipping material since Lyra & bonbon
15:58:52 <Dot`> this pon
15:58:53 <Dot`> haha
15:58:58 <Phearlock> hahaha
15:59:14 <Phearlock> Gotta have the top gun reference
16:00:02 <Phearlock> Twidash/10
16:00:03 <Dot`> ponies
16:00:05 <Phearlock> Great ep
16:00:12 <Dot`> was nice
16:00:31 <tredc> yes it was good
16:05:35 -!- Runbunny [~Runbunny@62.61.130.232.generic-hostname.arrownet.dk] has joined #tlponies
16:09:11 <Dot`> runbun
16:09:15 <Dot`> you find food?
16:11:23 <Dot`> NEEEB
16:11:27 <Dot`> https://www.twitch.tv/totalbiscuit
16:11:34 <Dot`> swoots worked that time?
16:11:58 <Runbunny> Hai
16:12:08 <Runbunny> There was actually no food.
16:12:17 <Runbunny> only cake.
16:12:20 <Dot`> oh dear
16:12:33 <Dot`> cake is not pizza, but its ok
16:18:02 <CockRoach|42> https://www.youtube.com/watch?v=zVTUEtDrAKw
16:22:08 <Runbunny> Dot`, http://i.imgur.com/NkxS5BP.mp4
16:22:15 <Runbunny> Look at this cat.
16:22:41 <Dot`> its rather fluffy
16:23:00 <Rawr|Fone> 🐴🐴🐴
16:24:04 <Runbunny> Hahaha CockRoach|42 :D
16:28:52 <Dot`> neeb pls
16:29:20 <Dot`> lol
16:32:39 <Dot`> STORMS
16:35:45 <Dot`> hahaha
16:36:54 <Dot`> GG
17:03:34 <Dot`> damn, nice pen just ran out
17:27:00 <Dot`> Runbunny,  http://imgur.com/gallery/pWHko
17:29:03 <Bio> aaaaaaaaaaaaaaaaaaaaaa
17:29:07 <Bio> halp
17:29:24 <Bio> supply with pone directly to my eyespheres
17:29:33 <Dot`> bio <3
17:29:48 <Dot`> http://sonofaskywalker.deviantart.com/art/Excited-Twilight-gif-S06E22-638335887
17:30:18 <Dot`> https://derpibooru.org/1269954?scope=scpe91db014f01ca90a805473dec50c521ffda1a3e1b
17:30:28 <Bio> mm
17:30:29 <Bio> purple
17:30:43 <Bio> its my favorite Dot`
17:31:25 <Dot`> its a good favourite
17:32:56 -!- Wikt_ [~Wikt@213.108.153.51] has joined #tlponies
17:32:56 -!- mode/#tlponies [+o Wikt_] by Q
17:36:22 <Phearlock> http://www.dailymotion.com/video/x4xlmn5_my-little-pony-friendship-is-magic-624-top-bolt_animals Bio I think you'll like the ep
17:37:13 <Dot`> maybe
17:41:15 <Dot`> https://magnalunaarts.tumblr.com/post/151816426083
17:41:21 <Dot`> luna pls
17:41:34 <Dot`> http://alasou.deviantart.com/art/Falltershy-640254360
17:41:45 <Dot`> http://www.deviantart.com/art/Here-Comes-the-Sun-640255552
17:59:44 -!- Rawr|Phone [~AndChat25@host-95-195-150-17.mobileonline.telia.com] has joined #tlponies
18:00:22 <Dot`> rawr rawr
18:01:25 <Bio> yo
18:01:33 <Bio> vapor something or other is super adorbs
18:14:37 <Bio> ugh horses are so laggy
18:14:39 <Bio> pls 
18:14:57 <Dot`> pon?
18:15:55 <Dot`> i hate fourier series bio
18:16:49 <Bio> they are a thing
18:23:10 -!- tredc [webchat@90-230-30-217-no56.tbcn.telia.com] has joined #tlponies
18:23:23 <Bio> what a horse 
18:23:34 <Bio> cuteship/10
18:23:40 <Phearlock> Yesss
18:25:07 <Bio> vapor trail has no right being that adorable
18:25:11 <Bio> but she is
18:26:23 -!- Camail [~Camail@45.40.93.200] has joined #tlponies
18:26:23 -!- mode/#tlponies [+v Camail] by Q
18:26:45 <Dot`> no
18:27:02 <Camail> maybe?
18:27:04 <Camail> y so negative
18:27:08 <Camail> gotta live life, maaaaaaaaan
18:27:17 <Dot`> no
18:27:42 <Camail> wow
18:36:01 <skram> Phearlock
18:36:03 <skram> julebrus
18:36:05 <skram> that is all
18:36:38 <Phearlock> Julebrus is alright
18:36:59 <skram> its also in stores now so marry christmas
18:37:54 <Phearlock> thank you skram and god jul.
18:41:06 <Golly> you dingle bells
18:41:55 <Phearlock> <3 you too
18:42:14 <Golly> https://www.twitch.tv/t90official 
18:43:43 <Dot`> one true esport?
18:44:50 <Golly> what other esport do you know of that lets you kite a pack of wolves into some poor villagers
18:46:17 <Dot`> glorious
18:49:09 <Dot`> sad villiger
18:49:32 <Dot`> sheep rustling!
18:49:57 <Bio> ESPORTS
18:51:52 <Camail> cant wait for the next international
18:52:01 <Camail> it makes more sense for AoE, really
18:52:16 <Camail> clearly they need to replace dota
18:55:39 <Dot`> i like the tiny trees
19:01:12 <Golly> kamikaze ships
19:16:55 <Camail> dot pls
19:18:52 <DoT|Phone> wat
19:21:43 <Camail> wow all of a sudden you go phone
19:21:54 <DoT|Phone> supper
19:22:18 <Camail> eating before midnight, good job
19:45:35 <Rawr|Phone> Gonna go see a movie, be back later 
19:51:39 <Camail> oh hey the html5 player lets you see the resolution and fps instead of generic quality options
19:52:03 <Camail> now hopefully they stay this way
19:58:55 <Dot`> its cold
20:00:36 <Dot`> https://derpibooru.org/1273545?scope=scpec05194c393192a5aa886dd8905f1390620b32139
20:01:02 <Phearlock> Adorable
20:01:25 <CockRoach|42> .ponyv + s06e24 http://www.dailymotion.com/video/x4xlmn5
20:01:38 <CockRoach|42> wat?
20:01:54 <Dot`> swoots pls
20:02:54 <CockRoach|42> .ponyv
20:08:42 <Camail> thats weird
20:08:58 <Camail> .ponyv + s99e99 Test
20:09:11 <Camail> i have never changed anything ever
20:09:20 <Camail> .ponyV + s99e99 Test
20:09:26 <Camail> fucking
20:09:27 <Camail> why
20:09:29 <Camail> why you do this
20:09:42 <CockRoach|42> :[
20:09:49 <Dot`> .ponyv s5e10
20:10:00 <Dot`> .ponyv s05e10
20:10:16 <CockRoach|42> .ponyv s06e10
20:10:19 <Camail> .ponyv s01e01
20:10:22 <Dot`> either im bad or swoots might just need a restart
20:10:34 <CockRoach|42> do swoots have that episode?
20:10:59 <Dot`> she had that reset or something didnt she?
20:11:06 <Dot`> where she lost the old saved stuff
20:11:56 <Camail> yea when the first server shut down
20:12:19 <Camail> i dont get why the + is not working
20:12:50 <CockRoach|42> it works last week :)
20:13:38 <Dot`> Phearlock, https://derpibooru.org/1273871
20:14:11 <Phearlock> what a silly pony
20:15:04 <Dot`> Bio https://derpibooru.org/1273804
20:15:29 <Camail> .ponyv +
20:17:25 <Camail> .ponyv + s99e99 Test
20:17:56 <Yolteotl> dot, I just had a huge "YOU SHALL NOT PASS" moment on Sc2 
20:19:25 <Yolteotl> https://gfycat.com/VapidScratchyHart
20:20:24 <Dot`> wow, the meatgrinder
20:20:33 <Yolteotl> xD
20:20:43 <Yolteotl> that was "wow, whats happening?"
20:21:20 <Camail> .ponyv + s99e99 Test
20:21:39 <Camail> hmmmmmmmmmmmmmmmmmmmm
20:21:45 <Camail> ever closer
20:21:57 <Camail> its obviously not my code it msut be some 3rd party thing
20:21:58 <Dot`> odd
20:22:04 <Camail> if its ponycountdown I'mma be so mad
20:22:14 <Dot`> yea, your code hasnt changed and it stopped working
20:22:18 <Dot`> must be third party
20:22:27 <Dot`> skram, Runbunny  http://imgur.com/gallery/6cbIj
20:23:24 <Camail> if ponycountdown stopped completely that might explain it
20:24:03 <Camail> I use their episode list to generate episode objects and then put those in a database, then when adding a video it finds an episode and adds the link
20:24:04 <Dot`> that stopped working yesterday
20:24:10 <Camail> if it doesnt find the episode then it reurns that
20:24:19 <Camail> so ponycountdown might just be a dead website now
20:24:27 <Camail> or it might just be down
20:24:54 <Camail> .ponyv s06e23
20:25:13 <Camail> yea it just doesn't have a row for any more episodes yet
20:25:15 <Dot`> i think it got a bit messed up when the ep aired early
20:25:29 <Camail> the table has a lot more info that I never ended up using
20:25:48 <CockRoach|42> why would ponycountdown related to that problem?
20:26:20 <Camail> the way i coded it was supposed to open up options for more pony tools
20:26:30 <Camail> the ponyv command doesnt make table entries
20:26:36 <Camail> it hooks onto an already existing entry
20:26:41 <CockRoach|42> ah
20:26:54 <Camail> and if that row doesnt exist, it assumes the episode doesnt exist
20:27:16 <CockRoach|42> that's silly :(
20:27:28 <Camail> ideally i dont want to let any commands add rows outside the one i amde for it
20:27:46 <Camail> object oriented programming, yo
20:28:06 <CockRoach|42> error handling pls
20:28:09 <CockRoach|42> :)
20:28:26 <Camail> it handled the error, but this bot also doesnt have any built in error handling
20:29:05 <Camail> I'd have to make an error log myself if i wanted anything other than  what sweetie returns in the chat
20:30:01 <Camail> which is the biggest downside of this bot, and always has been
20:34:20 <Camail> well either way, we'll wait a few days to see if the site is just messed up or dead
20:34:30 <CockRoach|42> yeah
20:34:31 <Camail> if this was an unusual episode time then its probably just confused
20:34:50 <Camail> also went into the commetns on the site and to see if there was an update...
20:34:58 <Camail> found this gem "I hope there will be an episode about the trouble bronies have."
20:35:08 * Camail runs even further away
20:35:13 <CockRoach|42> haha
20:35:29 <Dot`> lol
20:35:42 <CockRoach|42> the trouble of bots not working properly
20:35:47 <CockRoach|42> #TheRealStruggle
20:37:32 <Phearlock> The only struggle is the lack of bestprincess eps
20:38:10 <CockRoach|42> dashie is not a princess, yet
20:38:24 <Phearlock> <.<
20:38:53 <Camail> if you told me they all turned into princesses by now I would believe you
20:39:03 <CockRoach|42> :D
20:39:13 <Phearlock> only in fanfiction camail
20:39:36 <CockRoach|42> do they usually contain someone's alicorn OC?
20:39:50 <Phearlock> uh, depends
20:40:12 <Phearlock> Most I have read do not, but I tend to shy away from that sort of thing =)
20:40:20 <CockRoach|42> good pon
20:47:09 <Runbunny> Cats! like 20 mins later.
20:49:13 <Phearlock> http://derpibooru.org/1273622 not really spoiler
21:03:05 <CockRoach|42> haha
21:07:15 <Camail> https://www.twitch.tv/faceittv
21:07:18 <Camail> damn
21:08:34 -!- sweetiebot [~skybot@209.141.41.184] has joined #tlponies
21:08:47 <Camail> https://www.twitch.tv/faceittv
21:09:15 <Camail> bleh
21:10:50 <Camail> https://www.twitch.tv/faceittv
21:10:53 <Camail> yay
21:10:54 <Camail> I winn
21:16:06 <Dot`> woohoo!
21:19:59 <CockRoach|42> http://i.imgur.com/uSOp5od.mp4
21:21:38 <Phearlock> awww <3
21:21:39 <Phearlock> cute cat
21:30:33 <CockRoach|42> https://www.youtube.com/watch?v=sbLbT5lTr8Q&feature=youtu.be
21:35:06 -!- DuB` [DuB@66-219-213-203.dynamic.ip.veracitynetworks.com] has joined #tlponies
21:35:07 <DuB`> PONS
21:37:20 <CockRoach|42> dub!
21:37:27 <DuB`> CR!
21:37:29 <Phearlock> heya dubbers
21:37:59 <Dot`> DAB
21:38:06 <CockRoach|42> still no hors comic
21:38:08 <DuB`> PHEER
21:38:08 <DuB`> DAT
21:38:09 <CockRoach|42> i am dissapoint
21:38:27 <Phearlock> Wow CR he isn't even done saying hello
21:38:39 <CockRoach|42> he's been faster before
21:38:46 <CockRoach|42> i demand apm
21:38:59 <DuB`> Also if I gave you today's it'd be terribly out of context because I haven't been around.
21:39:00 <DuB`> !!!
21:39:08 <CockRoach|42> :|
21:39:57 <DuB`> I believe this is the last one I got: http://www.gocomics.com/phoebe-and-her-unicorn/2016/10/03
21:40:10 <DuB`> Now everyone can catch up the two weeks from there! :D
21:40:42 <DuB`> The "did someone find the amount of wood on this tree insufficient line" is friggin' gold.
21:40:44 <DuB`> Love it~
21:40:58 <DuB`> " line*
21:41:00 <CockRoach|42> :D-
21:41:40 <Phearlock> lol
21:44:09 <DuB`> "I wasn't ready!"  "Once I have a spell queued up, it is a bit like trying to hold in a sneeze."
21:44:10 <DuB`> Hahahah
21:44:38 <CockRoach|42> you're scary
21:44:42 <CockRoach|42> i just got to that page :O
21:45:25 <CockRoach|42> thanks for hors DuB` <3
21:45:29 <DuB`> <3
21:56:23 * Dot` hugs Dub
21:56:30 <DuB`> <3 <3 ,3
21:56:30 <Dot`> you know you missed pony today?
21:56:41 <DuB`> Had a group case study to work on. :T
21:56:53 <DuB`> Was pon delicious?
22:00:05 <Runbunny> Dot`
22:00:20 <Runbunny> Look Dot` http://imgur.com/gallery/ovQya
22:00:22 <Dot`> runbun
22:00:38 -!- Rawr|Fone [~AndChat25@host-95-195-150-17.mobileonline.telia.com] has joined #tlponies
22:00:39 <Dot`> not enough mercy
22:01:54 <DuB`> My desktop wallpapers are a rotation of mercy/mei art right now. :P
22:01:54 <Runbunny> O:
22:02:10 <Runbunny> How can you even say such a thing Dot?
22:06:01 <Camail> overwatch stack in a ~30 minutes?
22:06:08 <Camail> we should try the brawl again
22:09:47 <Camail> https://www.twitch.tv/capcomfighters
22:20:54 <Phearlock> Pon was great dub
22:22:27 * skram slaps DuB` around a bit with a large trout
22:22:34 <DuB`> OH HI
22:22:45 <skram> hello friend
22:31:18 <Rawr|Fone> Beep beep
22:31:37 <Dot`> RAWR
22:31:51 <Rawr|Fone> Dot
22:31:56 <Rawr|Fone> DOT
22:31:58 <Rawr|Fone> DOT
22:33:30 <Dot`> <3
22:33:31 <Dot`> <3
22:37:14 <Camail> yo
22:37:24 <Camail> so
22:37:31 <Camail> stack  y/n
22:41:24 <Bio> I did a nap
22:41:28 <Bio> hello frins
22:42:31 <DuB`> I could short-stack!
22:42:37 <DuB`> Gotta do some things later though.
22:43:21 -!- tredc [webchat@90-230-30-217-no56.tbcn.telia.com] has joined #tlponies
22:46:30 <Camail> man wikipedia is a pain in the ass when it comes to how the list episodes
22:46:39 <Camail> or at least the people who maintain mlp episodes
22:47:13 <Camail> it makes sense but the reason i used ponycountdown instead of wikipedia is cuz it was so much simpler
22:48:05 <Camail> aywho
22:48:21 <Camail> dot` bio skram yo
22:48:30 <Camail> dub should we duoq until inferior ppl respond
22:48:37 <skram> the fuck u want
22:48:46 <DuB`> Clamskram
22:48:52 <DuB`> Plis~
22:49:11 <Camail> skram so mean
22:49:26 <Dot`> i busy with other ppl
22:49:31 <Dot`> that arnt playing overwatch
22:49:31 <Camail> just because ur donald trump doesnt make you mean to everyone
22:49:52 <DuB`> Dot they sound dull. :T
22:49:58 <DuB`> Nowatch!?
22:50:56 <Camail> mei ruins the game for dot
22:55:24 <Bio> rip
22:56:17 <skram> i am already playing cam
22:56:19 <skram> leave me alone
23:03:00 <skram> ill join you once i break this streak
23:20:41 <CockRoach|42> [shipping, kinda] https://cdn.discordapp.com/attachments/219772430086963201/235816354723266563/comic_funny_shit_my_fanfics.jpg
23:21:08 <CockRoach|42> https://cdn.discordapp.com/attachments/219772430086963201/235817767238893568/comic_shit_5.png
23:22:20 <Bio> sweet mother of celestia fluttershy
23:33:25 <CockRoach|42> http://thehorsewife.tumblr.com/post/151856823810
23:35:36 -!- Rawr|Phone [~AndChat25@84-217-62-32.customers.ownit.se] has joined #tlponies
23:38:40 <Bio> asdf
23:38:44 <Bio> i should go get foodz
23:38:49 <Bio> but i'm le tired
23:38:55 <Bio> how dis happen after nap
23:39:02 <CockRoach|42> http://66.media.tumblr.com/88edbfcf22a9fb4971589af885431989/tumblr_oclgf2vipX1sshj5wo1_1280.png
23:41:05 <Dot`> Bio pls
23:41:12 <CockRoach|42> http://alumx.deviantart.com/art/Lyra-is-a-cat-623561426
23:41:13 <Dot`> you need to eat, or you might die
23:43:16 <Bio> lul lyra
23:43:26 <Bio> need more lyra, she is gud horse
23:43:28 <Bio> alright, i go
23:43:30 <Bio> bb soon
23:44:30 <CockRoach|42> i like this flutters http://65.media.tumblr.com/3bd38fd6d0275c607b24d5a4d1bf34de/tumblr_oesnd1QFI91surjp9o1_1280.png
23:47:57 <Dot`> Flutter pon
23:48:14 <FlutterAi> Dot pon
23:50:17 <CockRoach|42> http://poniesponiesevrywhere.tumblr.com/post/151854051748/iguanamouth-jedilunawinchester
23:50:33 <CockRoach|42> https://67.media.tumblr.com/dd5a41a03690182a22fac3ff7ae54d4e/tumblr_n34gmxVrZm1t0kabgo1_1280.png
23:57:02 <Dot`> Hey flutters
23:57:08 <Dot`> you saw pony today?
23:57:14 <FlutterAi> not yet
23:57:18 <FlutterAi> still re-downloading TESO
23:57:30 <FlutterAi> I've spent over 50 hours downloading this game now
23:57:34 <FlutterAi> fuck. my. life.
23:57:37 <CockRoach|42> http://www.dailymotion.com/video/x4xlmn5
23:57:49 <CockRoach|42> because dot is most likely too lazy to find it
23:58:02 * FlutterAi wants to bash his head into a brick wall repeatedly at this point
23:58:12 <Dot`> i am known to be lazy
23:58:18 <CockRoach|42> yep
23:58:27 <FlutterAi> I have the EqD page for the episode post open
23:58:38 <FlutterAi> I just don't think I'll be able to stream it in decent quality until this finishes
23:58:41 <FlutterAi> or I pause it :P
23:58:48 <FlutterAi> but I WANT IT DONE ASAP, REALLY :'(
23:59:18 <FlutterAi> is today's episode a flutter episode Dot`? :o
23:59:33 <Dot`> no :(
23:59:38 <Dot`> but it is a good ep
23:59:58 <FlutterAi> they have been :P
