00:17:42 <Dot> cane
00:19:41 <Cane> Dot
00:20:02 <Dot> Zero asked me if/when your doing your yearly christmas piano playing stream
00:21:34 <Dot> CockRoach|42 http://imgur.com/gallery/G1FXKEv
00:23:21 <Cane> Hahah aww. I some times want to stream something but I'm never in the mood and I never know what. Pretty certain I won't do one.
00:23:57 <CockRoach|42> Dot: <3
00:35:47 <Dot>  IEM  starts in 25m
00:35:57 <Dot> Zest vs Leenock
00:36:50 <Dot> i should play more Dva
00:37:30 <Crisium> dva good
00:38:25 <Dot> Runbunny will have to teach me
00:38:52 <Runbunny> point and click adventure game.
00:39:31 <Runbunny> mouse 2 for eating things, mouse 1 for eating bad people.
00:40:17 <Runbunny> Game first begins once the infernal armor that holds you back has been removed.
00:43:59 <DuB`> Just got the pharah skin! :D
00:44:21 <Crisium> which one?
00:44:52 <Dot> cris pls
00:44:56 <Dot> there are new skins
00:45:10 <Crisium> oh summer games came out thats right
00:45:14 <Crisium> ill play tomorrow
00:45:42 <Crisium> winter*
00:45:43 <Crisium> lol
00:45:43 <Dot> what
00:45:45 <Dot> lol
00:45:48 <Crisium> we're not in australia
00:46:02 <Dot> and its christmas
00:46:09 <Dot> in au too
00:46:23 <Crisium> they dont have christmas in july? weak
00:47:32 <Crisium> do you have to play arcade to get them?
00:47:38 <Crisium> or is that just best way to get boxes
00:47:38 <Dot> no
00:47:41 <Crisium> im not clear on that
00:47:44 <Dot> just normal boxes
00:47:52 <Crisium> whats the advantage of arcade mode?
00:48:13 <Dot> dub
00:48:29 <DuB`> dot
00:49:54 <Dot> awnser the question
00:50:08 <Crisium> teach me senpai
00:50:38 <DuB`> In arcade mode you can do 1v1, 3v3, no hero limits, and the snowball mei brawl.
00:50:39 <DuB`> ?
00:51:01 <Crisium> i heard you can get lootboxes faster
00:51:03 <Crisium> lies?
00:51:06 <Crisium> disinformation?
00:51:15 <Dot> MORE LOOT?!?!
00:51:58 <DuB`> You can get free lootboxes for every 3 wins in arcarde mode, up to 3.
00:53:08 <Dot> http://imgur.com/gallery/gAQMcmY
01:07:48 <Dot> WHAT
01:07:52 <Dot> https://www.twitch.tv/esl_sc2
01:07:57 <Dot> tastless?!
01:17:45 -!- BioPhone [~androirc@166.175.191.231] has joined #tlponies
01:18:07 <BioPhone> WHERE ALL THE PASTEL HORSES AT
01:18:16 <Crisium> wot
01:18:31 <BioPhone> we done son
01:18:36 <BioPhone> Semester ovah
01:18:47 <Crisium> nice
01:19:05 <BioPhone> Even got a really cool and impressive on my project
01:19:19 <Dot> BIIIIOOOO
01:19:37 <Dot> https://www.twitch.tv/esl_sc2
01:19:38 <Crisium> your professor wrote "Cool!" and "Impressive!" on your project?
01:19:43 <Dot> look at this stastless bio
01:20:19 <Dot> http://tsurime.deviantart.com/art/majesty-360861426
01:20:44 <BioPhone> Nah, I presented it to the class and he said it out loud
01:21:02 <Dot> what you do bio
01:21:28 <Crisium> bio "this is my presentation on starcrafts" profession "MOOOOOOOOOOOONNNNNSTERR KILLL KILLL KILLL LLL"
01:21:44 <BioPhone> Password lock with optical encoder
01:21:55 <Dot> nice
01:22:09 <Dot> too complex for me!
01:22:15 <Dot> smart pon
01:22:19 <Crisium> i like my fingerprint scanner just fine
01:22:33 <BioPhone> It's not too bad. The code was only like 200 lines
01:22:51 <Runbunny> Dot, http://i.imgur.com/UNzEahV.png
01:23:01 <Dot> this isnt a Dva guide
01:23:03 <BioPhone> Just tricky bits of logic and interrupts
01:23:44 <BioPhone> Anyways,  car time. Bbl
01:24:52 <DuB`> wp ana <3
01:24:55 <DuB`> Whoops.
01:25:01 <Dot> dub pls
01:25:07 <DuB`> Not that.
01:25:07 <DuB`> http://i.imgur.com/IcaLmJV.jpg
01:25:08 <DuB`> This.
01:25:10 <DuB`> I guess.
01:51:07 <Crisium> http://www.teamliquid.net/forum/brood-war/517277-asl-round-of-16-groups
01:51:18 <Crisium> Rain vs Flash should be epic
01:53:18 <Crisium> if it happens
01:53:27 <Crisium> not round robin unfortunately
01:53:41 <Crisium> i thought it was
01:53:51 <Dot> aw
01:55:03 <Crisium> luckily stork got the group of life
01:55:05 <Crisium> so he stands a chance
01:55:26 <Crisium> group D is group of Death for sure
01:57:02 <Crisium> bisu vs zerg on christmas
01:57:04 <Crisium> what a present
02:09:22 <Dot> https://www.twitch.tv/esl_sc2
02:13:46 <Dot> nasl sound guy
02:15:22 <Camail> people who think sym is broken are annoying
02:15:31 <Crisium> lol they exist?
02:15:34 <Camail> idc if you think it just stop saying it after every game
02:15:43 <Camail> well she just got buffed
02:15:52 <Camail> so yea there are a ton of people who do, they're just dumb
02:15:58 <Crisium> oh the changes are live, nice
02:16:07 <Crisium> i think the moving barrier looks sweet
02:16:09 <Crisium> how much hp it have?
02:16:19 <Dot> nice fight by stats
02:19:41 <Dot> tastosis <3
02:22:25 <Dot> gg
02:23:05 <Camail> the more i see of sym the more i dislike her design
02:23:22 <Camail> static defense and non-static defense
02:30:33 -!- BioPhone [~androirc@166.175.191.141] has joined #tlponies
02:30:54 <BioPhone> Horses
02:32:28 <Dot> bio <3
02:35:56 <BioPhone> Hi dot
02:36:08 <BioPhone> Will u plej with me tomorrow
02:37:03 <Dot> probably <3
02:40:38 <Camail> gay
02:47:03 <Bio> ur geh
02:47:46 <Bio> did the symmettra buff go live?
03:00:27 <Camail> everything did
03:00:32 <Camail> holiday season shit too
03:05:54 <carcinisation> night all
03:11:39 <BioPhone> Ah
03:23:23 -!- BioPon [~androirc@108-72-8-181.lightspeed.stlsmo.sbcglobal.net] has joined #tlponies
03:34:46 <Camail> fuck offenseive sym
03:40:12 -!- BioPhone [~androirc@108-72-8-181.lightspeed.stlsmo.sbcglobal.net] has joined #tlponies
03:40:21 <BioPhone> Horse
04:03:25 -!- ZK [~ZealotKil@modemcable114.242-81-70.mc.videotron.ca] has joined #tlponies
04:03:25 -!- mode/#tlponies [+v ZK] by Q
04:37:01 -!- Bio [~Bio@108-72-8-181.lightspeed.stlsmo.sbcglobal.net] has joined #tlponies
04:37:21 <Bio> ?
04:43:15 * ZK slaps Bio around a bit with a large trout
04:47:28 <Bio> pls
04:59:03 -!- ZK [~ZealotKil@modemcable114.242-81-70.mc.videotron.ca] has joined #tlponies
04:59:03 -!- mode/#tlponies [+v ZK] by Q
04:59:12 * ZK slaps Bio around a bit with a large trout
05:39:34 <Phearlock> http://captainpudgemuffin.deviantart.com/art/Twi-Love-10k-Watchers-651119107 bio
06:24:05 <Rawr|Phone> Beep beep
06:40:39 -!- DoT|Phone [~Dot@2.220.170.114] has joined #tlponies
06:41:27 <Rawr|Phone> 🐴
06:48:07 -!- Rawr|Fone [~AndChat25@host-95-195-142-119.mobileonline.telia.com] has joined #tlponies
06:59:38 -!- skram [~skram@ip-58-146-106-77.eidsiva.net] has joined #tlponies
07:05:53 <Rawr|Fone> Jonas
07:05:56 <Rawr|Fone> Pla
07:06:01 <Rawr|Fone> Pls
07:06:23 <skram> GOD MORGON HENRIK
07:06:55 <Rawr|Fone> GOD MORGON SKRAMMENMANNEN
07:25:24 <CockRoach|42> calm down hors
07:31:53 <Rawr|Fone> Nvr
07:53:38 <CockRoach|42> :|
07:53:50 <CockRoach|42> .tell Dot rawr is rude!
08:21:55 <Rawr|Fone> Waow
08:24:13 -!- Camail [~Camail@45.40.93.200] has joined #tlponies
08:24:13 -!- mode/#tlponies [+v Camail] by Q
08:24:37 <Rawr|Fone> Cam go to bed
08:24:42 <Camail> no u
08:26:51 -!- Oatsmaster [~Oatsmaste@bb42-60-77-6.singnet.com.sg] has joined #tlponies
08:29:41 <Rawr|Fone> Rude
08:36:58 <Dot> mornig pons
08:39:08 <Rawr|Fone> Dot Dot Dot
08:39:15 <Dot> Rawr Rawr Rawr
08:39:16 <Dot> <3
08:39:44 <Rawr|Fone> <3
08:40:18 <Dot> http://imgur.com/gallery/Ktg0B
08:41:17 <Camail> cute pup
08:41:38 <Dot> why you up cam
08:41:48 <Dot> .tell runbunny http://imgur.com/gallery/bkAYX
08:41:49 <Camail> because i can
08:41:52 <Camail> its glorious
08:41:55 <Dot> what a rebel you are
08:44:05 <Rawr|Fone> He is trying to be like motbob
08:51:41 -!- Golly [~Golly@1.92-221-121.customer.lyse.net] has joined #tlponies
08:56:45 <Dot> rawr, gl for presentation
08:56:57 <Rawr|Fone> Already did it
08:57:03 <Dot> so early
08:57:05 <Rawr|Fone> We were the first group
08:57:07 <Dot> you win?
08:57:10 <Dot> you gm yet?
08:57:12 <Rawr|Fone> Yes
08:58:10 <Dot> well done
09:00:15 <CockRoach|42> rawr is pretty good pone
09:07:15 <Dot> its true
09:08:34 <Dot> blarg i need more sleep
09:08:46 <CockRoach|42> yes
09:09:02 <Rawr|Fone> Maybe go to bed earlier
09:09:42 <CockRoach|42> woah woah woah!
09:10:08 <Dot> rawr i need you to calm down
09:10:34 <Dot> i was in bed by 1, its not my fault i lie awake for hours unable to sleep
09:12:24 <CockRoach|42> http://www.mimoto.com.au/products/808-T-lab-polepole-animal-Giraffe/
09:12:40 <Rawr|Fone> I'd say it kind of is?
09:16:47 <Camail> it is a little bit your fault
09:17:27 <Camail> if i ever lay in bed for hours its either because i have a huge thing happening the next day and I'm nervous, or I'm on my phone
09:31:41 <Rawr|Fone> 🐴🐴🐴
09:32:00 <Dot> im always nervous
09:32:15 <Dot> i live in a constant state of anxiety
09:39:45 <Dot> .tell skram <3
09:40:24 <Rawr|Fone> Well don't
09:44:08 -!- DoT|Phone1 [~Dot@85.255.233.2] has joined #tlponies
09:56:44 <DoT|Phone1> pon pon
09:59:31 <Rawr|Fone> Pon
10:00:01 <DoT|Phone1> what you do now Rawr that you did your presentation
10:00:16 <Rawr|Fone> Listen to the other groups
10:00:42 <Rawr|Fone> Don't tell anyone but I'm not really paying attention
10:01:04 <DoT|Phone1> rude
10:01:10 <Rawr|Fone> No
10:03:48 <DoT|Phone1> please
10:05:04 <CockRoach|42> pls pon
10:26:20 <Rawr|Fone> Cr|pls
10:27:01 <DoT|Phone1> when ping pong Rawr
10:27:30 <Rawr|Fone> No more competions this year
10:27:54 <DoT|Phone1> D:
10:28:21 <CockRoach|42> are you the very best, Rawr|Fone?
10:28:32 <Rawr|Fone> I hope so
10:46:08 <DoT|Phone1> but Rawr. You must still practice
10:46:36 <Rawr|Fone> Yes, but not 2 hours a day
10:46:57 <DoT|Phone1> right
10:47:03 <DoT|Phone1> 4 hours a day
10:51:51 <Rawr|Fone> 6
10:52:34 <CockRoach|42> all day!
10:58:13 <DoT|Phone1> he does need some free time to talk to us
11:20:26 <Rawr|Fone> I barely have any free time as it is
11:41:07 -!- Bio [~Bio@108-72-8-181.lightspeed.stlsmo.sbcglobal.net] has joined #tlponies
11:41:37 <Bio> hi
11:41:38 <Bio> horse
11:41:40 <Bio> hello
11:46:28 <DoT|Phone1> buuio
11:46:57 <DoT|Phone1> hest
11:49:08 <DoT|Phone1> du er en hest
11:49:19 <Bio> suka
11:53:14 <Rawr|Fone> Wow dot, skram would be proud
12:13:17 -!- tredc [webchat@90-230-30-217-no56.tbcn.telia.com] has joined #tlponies
12:24:14 <DoT|Phone1> ty Rawr
12:24:40 <DoT|Phone1> <3
12:24:49 <Rawr|Fone> <3
12:53:33 -!- Rawr|Fone [~AndChat25@host-95-195-142-119.mobileonline.telia.com] has joined #tlponies
13:08:09 <Dot> home
13:14:15 * Bio licks Dot
13:14:21 <Dot> BIO!
13:14:24 * Dot hugs Bio
13:15:21 <Bio> hi dort
13:15:51 <Dot> hows you
13:16:27 <Bio> i gud
13:17:04 <Bio> woke up early to say bye to my brother
13:17:10 <Bio> didn't get back to bed
13:17:21 <Dot> well a nce logn day then
13:17:28 <Dot> where BioBro gone?
13:17:46 <Bio> back to his home
13:18:15 <Dot> but christmas!
13:21:13 <Bio> he's got his own family now
13:21:22 <Bio> plus work
13:21:37 <Dot> all family must gather
13:21:40 <Dot> pls
13:21:49 <Dot> And how is oreo?
13:22:05 <Bio> he gud
13:22:07 <Bio> slep
13:23:02 <Dot> lazy
13:23:58 <Bio> yus
13:24:07 <Bio> he is sleppy carpetshark
13:38:08 -!- ZK [~ZealotKil@modemcable114.242-81-70.mc.videotron.ca] has joined #tlponies
13:38:08 -!- mode/#tlponies [+v ZK] by Q
13:38:15 <ZK> .roll d20 to boop Dot
13:38:23 <ZK> ohs
13:38:24 <Dot> .roll d20 to boop zk
13:38:34 <Dot> hope your test went better
13:38:41 <ZK> better than what?
13:38:46 <Dot> that roll
13:39:01 <Bio> http://i.imgur.com/nq57pvz.gifv
13:39:27 <ZK> oh yea, i hope so too
13:39:36 <ZK> i need that exam to graduate
13:39:44 <ZK> bio, thats cute
13:49:01 <ZK> what have you been up to Dot?
13:49:05 <ZK> and bio
13:53:12 <Bio> asdf
13:55:41 <ZK> those are letters
13:57:21 <Dot> Bio pls
13:57:36 <Dot> zk, wednesday so i was at job centre for volunteer stuff
13:59:56 <ZK> oh yea, whatd you do?
14:01:43 <Dot> not much, helped one person apply for work and had a guy i see weekly to try teach him how to PC
14:01:55 <Dot> both reeked of smoke
14:03:20 <Bio> https://gfycat.com/CreepyPersonalHarrier
14:03:54 <ZK> helped a person apply for work? You want competition? :o
14:04:29 <Bio> https://gfycat.com/FavoriteTiredHadrosaurus
14:06:57 <ZK> uthermal just beat lambo with drop medivacs no strim :o
14:07:02 <ZK> stim*
14:07:28 <Dot> uthermal is pretty dominant atm
14:12:07 <Dot> where is skram
14:15:15 <ZK> hes eating a banada
14:15:19 <ZK> bandana
14:15:23 <ZK> banana
14:15:47 <Dot> skram should not ea bandanas
14:15:57 <ZK> you should tell him when hes here
14:16:10 <Dot> i will
14:17:42 <ZK> uthermal really likes the cyclone
14:23:39 -!- Golly [~Golly@1.92-221-121.customer.lyse.net] has joined #tlponies
14:27:03 <ZK> .roll d20 to boop Golly
14:27:48 <Golly> lazy boops
14:27:54 <ZK> such is boops
14:29:48 <Golly> Ive been shopping
14:30:09 <Golly> ended up with presents for people i dont normally buy anything for
14:30:12 <Dot> christmas shopping?
14:30:17 <Dot> lol
14:43:23 -!- BioPon [~androirc@108-72-8-181.lightspeed.stlsmo.sbcglobal.net] has joined #tlponies
14:43:24 -!- BioPhone [~androirc@108-72-8-181.lightspeed.stlsmo.sbcglobal.net] has joined #tlponies
14:54:25 <Bio> why is phone do dis
14:55:23 <ZK> Dot fix it
15:01:01 <Dot> i try
15:01:39 <Bio> well done dot
15:06:54 -!- reification [~reificati@cpc76294-cosh16-2-0-cust297.6-1.cable.virginm.net] has joined #tlponies
15:06:54 -!- mode/#tlponies [+v reification] by Q
15:07:11 <reification> hello tlp
15:07:49 <reification> https://media.giphy.com/media/l2JhGDisf6UgEgY4o/giphy.gif
15:08:57 <Bio> ja haloj mr rief
15:09:25 <ZK> .roll d20 to boop reification
15:09:40 <reification> .roll d20 to boop zk
15:09:50 <reification> together it makes 20…
15:10:55 <ZK> but oi, it only hurts me
15:12:57 <Dot> Hey reif
15:13:36 <reification> hello biopon, dotties
15:33:46 <reification> https://twitter.com/TheOnion/status/809047314849497089
15:40:37 <Rawr|Fone> Reef reef
15:43:43 <reification> roar roar
15:46:58 <ZK> .roll d20 to roar rawr
15:48:44 <Dot> what you up to zk
15:49:00 <ZK> writing a report on a project I did on sentimental analysis
15:49:55 <Dot> is it a fanfic?
15:49:58 <ZK> na
15:50:03 <ZK> ill get back to those eventually
15:50:20 <Dot> right your report in the style of a fanfic
15:50:25 <ZK> actually, my next writing project is probably a roleplayin campaign 
15:50:31 <ZK> maybe i can fanfic it
15:51:18 <ZK> trying to decide what setting/ruleset i'd like to experiment with
15:54:07 <Dot> it needs a trusty donkey
15:54:31 <ZK> sure
15:54:41 <ZK> or a flying trout companion
15:54:45 <Dot> haha 
15:54:46 <ZK> i think that's gonna be the base
15:54:51 <Dot> what a familier that would make
15:55:13 <ZK> trout has a healing spel
15:55:21 <Dot> does it have wings or more jsust kind of swim in the air?
15:55:24 <ZK> it needs to be in touch proximity
15:55:28 <ZK> swim in air
15:55:40 <ZK> the action of healign is by SLAPPING ppl
15:56:02 <Dot> it makes perfect sense
15:56:09 <ZK> yes.
15:56:19 <ZK> it actually works in the universe ive been looking at lately
16:01:03 -!- Dot` [~quassel@2.220.170.114] has joined #tlponies
16:01:11 * ZK slaps Dot` around a bit with a large trout
16:05:15 -!- carcinisation [webchat@cpc76294-cosh16-2-0-cust297.6-1.cable.virginm.net] has joined #tlponies
16:06:03 * ZK slaps carcinisation around a bit with a large trout
16:07:26 <Dot`> oi
16:07:29 -!- DoT|Phone [~Dot@85.255.235.96] has joined #tlponies
16:12:55 <ZK> i like scarlett's stream cause she's almsot always talking with someone else next to her
16:13:27 <ZK> oh also her birthday apparently
16:14:08 <ZK> and she doesn't know what the macarena is
16:15:59 <Golly> oh sweet child
16:25:22 <Dot`> Mana stream
16:25:32 <ZK> but scarlett birthday!
16:25:44 <Dot`> and mana birthday
16:26:39 <Dot`> he is 23 today
16:26:46 <ZK> mana and scarlett same age :o
16:35:41 <Rawr|Fone> Pon
16:40:16 <ZK> u wish
16:41:34 <Rawr|Fone> No u
17:02:54 -!- Runbunny [~Runbunny@91.100.28.11.generic-hostname.arrownet.dk] has joined #tlponies
17:03:09 * ZK slaps Runbunny around a bit with a large trout
17:03:18 <Runbunny> Hai.
17:07:20 <Dot`> Hey runbun
17:11:52 <carcinisation> hello runbun
17:15:09 <ZK> do you eat cabbage?
17:16:59 <Bio> neigh
17:19:33 <ZK> do you wish you did?
17:21:17 <ZK> watching mana play makes protoss seem so boring :/ Stay in base till you have decent army, move out
17:21:35 <ZK> i mis huge timing attacks
17:30:13 <Dot`> rawr http://imgur.com/gallery/szIBA
17:30:39 -!- DuB` [DuB@66-219-213-203.dynamic.ip.veracitynetworks.com] has joined #tlponies
17:30:58 <DuB`> YAHHHHHHHHHHH
17:31:03 * Bio slaps DuB` around a bit with a large trout
17:31:05 * Bio slaps DuB` around a bit with a large trout
17:31:06 -!- Oatsmaster [~Oatsmaste@bb42-60-77-6.singnet.com.sg] has joined #tlponies
17:31:07 * Bio slaps DuB` around a bit with a large trout
17:31:12 <DuB`> pls stap
17:31:18 <Bio> OH BABY A TRIPLE
17:31:36 <DuB`> >:T
17:31:44 <DuB`> So!
17:31:45 <DuB`> Bio
17:32:03 <DuB`> Last night at 7pm the take-home portion of my last final opened up.
17:32:07 <DuB`> Due tomorrow at midnight.
17:32:22 <Dot`> DUUUUB
17:32:35 <DuB`> It was probably the single hardest individual assignment I have ever done in my life.
17:32:35 <Bio> RIP
17:32:35 <Bio> ded
17:32:39 <DuB`> But it was excel macros 'n stuff, which I love.
17:32:40 * Dot` hugs Dub
17:32:42 <DuB`> DOT
17:32:45 <DuB`> So
17:32:49 <Runbunny> Dot I ended the life of a rat today.
17:33:00 <Runbunny> Lethal injection straight in the heart.
17:33:03 <DuB`> I was like charging through it, and finished the entire thing by midnight.
17:33:07 <DuB`> In five hours!
17:33:23 <DuB`> I think I'm the first to finish in the class, they hadn't even made the submission page available yet.
17:33:48 <DuB`> DOT I FEEL SO ACCOMPLISHED
17:33:50 <DuB`> I REKKED IT
17:33:51 <Dot`> runbun :(
17:34:02 <Dot`> well dubs, tomorow we OW 
17:34:06 <DuB`> Yah.
17:34:29 <DuB`> Today I study production cycle accounting information systems, or something.
17:34:35 <DuB`> And... maybe some OW. ;D
17:38:03 <Dot`> pony pls
17:38:07 <Dot`> 1 more exam
17:43:43 -!- DoT|Phone1 [~Dot@2.220.170.114] has joined #tlponies
17:49:52 <Bio> gango
17:49:55 <Bio> in current year
17:49:57 <Bio> vs pharah
17:50:10 <Bio> makes me cry
17:50:53 <DuB`> Wot
17:51:48 <DoT|Phone1> dub dub
17:51:53 <DuB`> dot dot
17:51:56 <DuB`> phone phone
17:52:05 <Bio> spams need healing in the other team's spawn
18:00:43 -!- tredc [webchat@90-230-30-217-no56.tbcn.telia.com] has joined #tlponies
18:07:53 <Bio> bai ranked points
18:07:57 <Bio> miss you
18:08:21 <DoT|Phone1> can't miss what you don't have
18:10:49 <DoT|Phone1> rawr https://imgur.com/gallery/Ys8vJ
18:16:33 <Bio> lol
18:16:39 <carcinisation> made back lots of lost points, now giving them away again...
18:16:40 <Bio> get in the next game with the same fucking troll
18:20:05 <Bio> welp, time to take a break
18:20:09 <Bio> fun session of ow
18:27:12 <carcinisation> so many terrible syms
18:27:59 <carcinisation> why would you need to have a basic understanding of character abilities to pick a hero... :/
18:28:13 <carcinisation> in comp
18:41:32 <DuB`> GAH
18:41:37 <DuB`> 0 STUDY PASSION
18:41:39 <DuB`> CANNOT
18:41:41 <DuB`> SO DONE
18:49:14 <DoT|Phone1> dub. giv Skram
18:49:31 * DuB` gives DoT|Phone1 a skram.
18:49:48 <DuB`> .tell skram DoT now has ownership of you.
18:50:21 <DuB`> Oh, it's noon.
18:50:26 <DuB`> I should probably have breakfast.
18:50:40 <DuB`> Also I think I skipped dinner last night, was too focused.
18:50:42 <DuB`> Hm
18:52:13 <DoT|Phone1> please don't die
18:53:35 <Rawr|Fone> Dub skärpning
18:54:28 <DuB`> Rawr du er en hest
18:54:35 <DuB`> Jeg elsker hester
18:55:03 <Rawr|Fone> Jag älskar dig med lilla häst
18:55:11 <DuB`> Hestekjøtt er deilig
18:56:06 <DuB`> I just learned deilig!
18:56:12 <DuB`> I need more adjectives. :T
18:56:15 <DuB`> MUCH STUDY.
19:00:24 <Runbunny> DuB`, "Skikkelig"
19:00:26 <Runbunny> Enjoy!
19:08:48 <Dot`> Dub and his study breaks to study
19:09:03 <DuB`> ;D
19:09:28 <Dot`> such a nerd
19:09:38 -!- carcinisation [webchat@cpc76294-cosh16-2-0-cust297.6-1.cable.virginm.net] has joined #tlponies
19:16:49 <Rawr|Fone> I got a new tattoo today
19:17:09 <Rawr|Fone> Maximum nerd
19:17:28 <CockRoach|42> is it finally a pony?
19:20:31 <Dot`> i hope so
19:20:52 <Dot`> pastel colours and all
19:34:35 -!- Camail [~Camail@45.40.93.200] has joined #tlponies
19:34:35 -!- mode/#tlponies [+v Camail] by Q
19:35:00 <ZK> hi camail
19:35:14 <Camail> noooo
19:35:20 <ZK> well, yea
19:37:44 <Camail> no
19:40:30 <Cane> Pretty sure yeah.
19:41:02 <Bio> mmhmm
19:42:46 -!- skram [~skram@ip-58-146-106-77.eidsiva.net] has joined #tlponies
19:43:08 <DuB`> Cam! Skrma!
19:43:13 <skram> HEJ HEJ
19:43:32 <skram> what do you mean DuB`
19:43:39 <DuB`> Dot wanted you!
19:43:47 <Dot`> cam
19:43:52 <Dot`> SKRAM
19:43:57 <Dot`> hej you
19:44:05 <skram> hej frend
19:44:06 <Dot`> http://probablyfakeblonde.deviantart.com/art/Memories-312227566
19:44:08 <Dot`> bio
19:44:14 <Dot`> i missed you skram
19:44:24 <Camail> me
19:44:28 <Camail> also bye, for now
19:44:35 <skram> ...ok
19:44:41 <skram> what u up to pons
19:44:41 <Bio> rip
19:45:23 <Bio> i played 3 games of ow, lost cuz of trol gangos, got sad, went to the store, and got some chicken. now i'm back
19:45:31 <DuB`> Pretending to study for last final.
19:45:43 <skram> friggin gangos
19:47:50 <Bio> I know rite?
19:49:12 <DuB`> Gonga is best!
19:49:21 <DuB`> Though zarya is my most played now.
19:50:07 <skram> thats ok
19:50:10 <skram> zarya is adorable
19:50:11 <Runbunny> It seemed like it was just yesterday that I understood memes.
19:52:21 <DuB`> Didya?
20:01:43 <Bio> one must live memes
20:01:47 <Bio> to understand memes
20:05:50 <Rawr|Fone> You are far behind anders
20:14:58 -!- Camail [~Camail@45.40.93.200] has joined #tlponies
20:14:58 -!- mode/#tlponies [+v Camail] by Q
20:15:09 <DuB`> Dunno why it kept putting our 6stack up against diamonds yesterday.
20:15:16 <DuB`> They first hour of games were rooough.
20:16:05 <skram> because we are RAELLLY good dub
20:16:16 <DuB`> o i c 
20:18:23 <Dot`> DUB
20:18:25 <Dot`> study pls
20:18:33 <Dot`> so we can plej toorow and you can be happy
20:19:36 <DuB`> MEH
20:19:38 <DuB`> BLAH
20:19:57 <skram> ...or not??
20:20:03 <DuB`> I used up all my concentration and caring yesterday. :P
20:20:42 <skram> FUCK IT DuB`
20:20:49 <skram> FFFFFFFFFFFFFFFFFFFFUUUCK IT
20:20:56 <DuB`> lul
20:21:36 <DuB`> ULU
20:23:40 <Rawr|Fone> Skram
20:23:43 <Rawr|Fone> Clam
20:25:25 <skram> DuB`: https://www.youtube.com/watch?v=JOKn33-q4Ao
20:25:27 <skram> Henrik
20:25:38 <Rawr|Fone> Jonas
20:25:40 <skram> I am an adult and I can be as un-clam as I want
20:25:51 <Rawr|Fone> That is probably untrue
20:26:11 <DuB`> Likely.
20:26:20 <skram> Think whatchu want
20:27:12 <Rawr|Fone> .tell cockroach|42 no
20:27:16 <DuB`> Even if I think... YOU'RE AN EVEN BIGGER WEEB THAN RUNBUN??
20:27:36 <Rawr|Fone> Probably at least half true
20:27:40 <skram> Sure
20:27:43 <skram> Ill just unfriend you
20:27:46 <skram> FOREVER.
20:27:47 <Runbunny> You're all a bunch of baka gaijins.
20:28:13 <skram> the fuck is a gaijin
20:31:45 <DuB`> Us!
20:32:06 <Rawr|Fone> You?
20:32:24 <CockRoach|42> .tell Rawr|Fone rude :(
20:32:32 -!- Phearlock [~Phearlock@cm-84.211.141.30.getinternet.no] has joined #tlponies
20:32:32 -!- mode/#tlponies [+v Phearlock] by Q
20:39:09 <Rawr|Fone> Cr|pls
20:41:39 <ZK> ur face plz
20:44:59 <ZK> roll the truth
20:49:51 <Camail> i am here
20:50:02 <Camail> ban anime
20:50:06 <Camail> ban all anime
20:50:35 <DuB`> B A N I M E
20:50:42 <ZK> na
20:51:08 <ZK> i found a:tla in 1080p, it's not too bad
20:51:29 <Dot`> IEM in 4 hours
20:51:33 <Dot`> such bad time
20:51:59 <ZK> i like it
20:52:15 <ZK> jaedong strimmin starcraft so much
20:52:20 <skram> i broke a string because i was playing as unclammy as i could Rawr|Fone
20:52:23 <skram> i dun giv a fuq
20:52:59 <Rawr|Fone> Maybe you should though
20:53:06 <skram> nuh
20:54:37 <Rawr|Fone> Yuh
20:57:06 <ZK> do you want to build a snowman
21:00:03 <Camail> time to get christmas skins
21:10:09 <Bio> R E M O V E A N I M E
21:13:08 <ZK> .roll d20 to remove anime 5ever
21:13:54 <Bio> clsoe enough
21:20:05 -!- HoMM [~HoMM@HoMM.users.quakenet.org] has joined #tlponies
21:21:29 -!- Rawr|Phone [~AndChat25@84-217-62-32.customers.ownit.se] has joined #tlponies
21:21:46 <Bio> is there a staq going
21:22:03 <ZK> nu
21:22:07 <ZK> or maybe
21:22:14 <Bio> mayahps
21:23:20 <skram> DuB` I have a thing for you https://www.youtube.com/watch?v=kzSJBhPFTcY
21:24:38 <Dot`> rawr rawr
21:24:41 <Dot`> <3
21:24:47 <Bio> dot
21:24:49 <Bio> com plej
21:24:50 <Bio> pls
21:25:02 <Rawr|Phone> Dot dot dot
21:25:11 <Dot`> is there a pon stack?
21:25:21 <Bio> u and i
21:25:25 <Dot`> cam, dub Runbunny, carcinisation
21:25:33 <DuB`> It is a nice thing, skram.
21:25:42 <DuB`> I like your things!
21:26:15 <skram> This is very nice for winter night driving
21:27:34 <Dot`> skram
21:28:22 <skram> jau
21:28:30 <Dot`> 1) thing is nice
21:28:33 <Dot`> 2)stack
21:28:35 <Bio> thing is gud
21:29:57 <skram> AAAAAAAAAH I GOT ZARYA EMOTE
21:30:01 <skram> im done4ever
21:30:16 <Bio> whutanerd
21:31:53 <Dot`> camail 
21:33:40 <Camail> me
21:34:04 <carcinisation> staque?
21:34:18 <Bio> yeh
21:34:21 <Bio> 4 a little while
21:34:23 <Bio> lets topple
21:37:18 <Dot`> RUNBUNNY
21:39:11 <Runbunny> Dot.
21:39:19 <ZK> A WHOLE NEW WORLDDDDDDD
21:39:19 <DuB`> RUNBUNNY
21:39:59 <Runbunny> I need to sleep!
21:40:00 <Dot`> join OW
21:40:04 <Dot`> we need a 6th
21:40:11 <Runbunny> I was going to watch some streams and then go sleep :/
21:40:24 <skram> JUST SAY YES OR NO FUCK
21:40:39 <Runbunny> I guess I can play 3 games then!
21:42:35 <ZK> skram has really gotten assertive
21:43:45 <DuB`> CRIMMAS 11 DAYS
21:44:17 <ZK> gosh
21:44:20 <ZK> so close
21:45:08 <DuB`> ZK what are you getting me? ;D ;D ;D
21:45:16 <ZK> a ducky?
21:45:19 <DuB`> Oh boi!
21:46:00 <DuB`> This one? https://s-media-cache-ak0.pinimg.com/originals/52/73/41/527341b5ed65ec0d6401ee8a0164a116.jpg
21:46:33 <ZK> na, itd be made of rubber
21:47:19 <DuB`> Drat.
21:49:36 <ZK> are you complaining about a gift im getting you? :o
21:55:41 <DuB`> Nawwww.
21:56:00 <DuB`> I would have been happy with just your friendship, the duck is just a bonus.
21:56:04 <DuB`> Keheheh
22:06:58 <ZK> thats a good answer
22:07:00 <ZK> good dubbles
22:26:07 <DuB`> Look over from my book and see my brother is playing bastion... tsk tsk.
22:26:17 <DuB`> Hanzo earlier, too!
22:27:29 <Phearlock> Bastion is a great game
22:27:34 <Phearlock> =)
22:27:49 <DuB`> Not thaaaaaat.
22:40:28 <ZK> it is agreat game though
22:40:30 <ZK> i should finish it
22:50:48 <Dot`> DUB
22:50:53 <Dot`> you done studies yet?
22:52:59 <DuB`> Tomorrroooooow.
23:17:54 <ZK> i wish i was done
23:17:58 <ZK> my studying it really going bad
23:33:39 <Dot`> .roll d20 to boop skram
23:33:43 <Dot`> DUB
23:33:53 <DuB`> DOT
23:34:01 <DuB`> .roll d20 to study
23:34:04 <DuB`> Sounds about right.
23:34:31 <Bio> Stack was pretty good
23:34:41 <Dot`> the middle part was rocky
23:35:02 <Dot`> http://rodrigues404.deviantart.com/art/Small-thanks-651245006
23:37:00 <Dot`> dub dub, last day of study!
23:37:04 <Dot`> its always hardest
23:42:27 <Bio> stack was wobbly, but held firm
23:46:37 <DuB`> Stack yesterday STARTED toppled but then eventually righted itself.
23:46:39 * Bio slaps Dot` around a bit with a large trout
23:46:50 <Bio> dub
23:46:54 <Bio> stop shoving dot in the way
23:47:03 * Bio slaps DuB` around a bit with a large trout
23:47:04 <DuB`> !?
23:58:02 <DuB`> Dot` have I ever shoved you!?
23:58:22 <Bio> jsut now!
23:59:12 <DuB`> ??
