00:32:40 <Dot_> i must sleep :/
00:32:52 <Dot_> have to be up in like 6 hours
00:33:11 * Dot_ hugs Bio
01:03:58 -!- Biopone [~Bioandroi@166.175.189.116] has joined #tlponies
01:04:41 -!- biohorde [~Bioandroi@166.175.189.116] has joined #tlponies
01:04:50 <biohorde> Hola
01:14:01 <Camail> https://www.youtube.com/watch?v=q9Msztahe4Q
01:45:48 <BioSleep> hi
01:54:52 -!- Biopone [~Bioandroi@108-72-8-181.lightspeed.stlsmo.sbcglobal.net] has joined #tlponies
01:57:43 -!- skram [~skram@ip-217-146-106-77.eidsiva.net] has joined #tlponies
02:00:21 <Bio> asdf
02:08:38 <Bio> aww
02:08:41 <Bio> poor dot horse
02:08:48 <Bio> had 2 sleep
05:35:49 <Bio> nnnnnnnnnnnnnnnnnnnnnnnnnnnnnn
05:40:25 -!- DoT|Phone [~Dot@2.124.196.73] has joined #tlponies
06:21:40 <Rawr|Fone> 🐴🐴🐴
06:27:04 <CockRoach|42> .roll d20 to boop Rawr|Fone
07:15:50 -!- Micen|Droid [~AndChat20@66.87.100.54] has joined #tlponies
07:17:09 -!- AndChat-209684 [~AndChat20@h219.4.191.173.dynamic.ip.windstream.net] has joined #tlponies
07:31:43 <Micen> http://imgaz.pixiv.net/img_group/7554/2884324/930b49b461056bb38962b4c648566e14.jpg
07:45:10 <CockRoach|42> forbidden
07:48:46 <Micen> but its best horse
07:50:58 <Micen> How about this one CR?
07:50:58 <Micen> http://imgaz.pixiv.net/img_group/7554/2884323/176017707e124126ed8d5e3c58133a69.jpg
07:58:10 <CockRoach|42> i dont think pixiv allows hotlinking
08:01:19 <Micen> http://imgur.com/a/Q2Blq
08:15:30 -!- Runbunny [~Runbunny@62.61.130.232.generic-hostname.arrownet.dk] has joined #tlponies
08:16:18 <Runbunny> Hai.
08:17:08 <Dot-sleeps> woops, overslept
08:18:37 <Runbunny> Me too Dot
08:18:44 <Runbunny> lucky I don't have to do anything today :D
08:19:29 <Dot-sleeps> i need to leave the house in 1 minute
08:29:02 -!- DoT|Phone [~Dot@185.69.145.87] has joined #tlponies
08:29:16 <DoT|Phone> Well I made the bus
08:29:38 <Micen> success
08:29:39 <DoT|Phone> What a nice early morning run :/
08:29:42 -!- skram [~skram@ip-217-146-106-77.eidsiva.net] has joined #tlponies
08:29:48 <Micen> .roll d20 to boop dot
08:29:51 <DoT|Phone> Jonas
08:30:05 <DoT|Phone> .roll d20 to boop Micen
08:30:19 <DoT|Phone> sorry Micen. a bit out of breath
08:30:26 <Micen> shame. 
08:30:28 <CockRoach|42> :)
08:31:04 <DoT|Phone> I also managed to not slip on all the dead leaves
08:31:06 <AndChat-209684> Anyway time to watch some movie and sketch 
08:31:08 <DoT|Phone> so there's that
08:31:31 <DoT|Phone> this andchat guy.
08:32:14 <skram> morning lads
08:34:23 <DoT|Phone> You are watching walley Micen?
08:34:29 <Micen|robomovie> No
08:34:34 <Micen|robomovie> Big hero 6
08:34:43 <DoT|Phone> it's a robo movie
08:34:48 <Micen|robomovie> Maybe after this
08:34:59 <DoT|Phone> that's still a good movie
08:35:14 <Micen|robomovie> It is. 
08:36:03 <DoT|Phone> Reif flies back today! hype
08:36:45 -!- Rawr|Phone [~AndChat25@host-95-195-221-97.mobileonline.telia.com] has joined #tlponies
08:36:58 <DoT|Phone> Rawr Rawr Rawr
08:37:03 <DoT|Phone> <3
08:38:12 <DoT|Phone> aww
08:38:28 -!- Rawr|Fone [~AndChat25@84-217-62-32.customers.ownit.se] has joined #tlponies
08:39:12 <Runbunny> Jonas, er det du?
08:39:31 <skram> Anders, her er jeg!
08:39:41 -!- Rawr|Phone [~AndChat25@host-95-195-221-97.mobileonline.telia.com] has joined #tlponies
08:39:59 <Runbunny> Fantastisk!
08:40:11 <skram> ;) ;) ;)
08:40:13 <Runbunny> Have you gone pro in Overwatch yet?
08:40:26 <skram> i tried
08:40:32 <DoT|Phone> best Lucio eu?
08:41:03 <skram> overbuff tells me im top 3000 :p
08:41:29 <Runbunny> :D
08:41:35 <Runbunny> Fine job!
08:42:22 <skram> takk anders
08:42:40 <skram> sure wish i had some FRIENDZ to play with though
08:43:02 <DoT|Phone> wouldn't that be nice
08:43:32 <DoT|Phone> I'm sure you could invite them to join you
08:50:01 -!- DoT|Phone1 [~Dot@85.255.236.18] has joined #tlponies
08:52:45 <DoT|Phone1> pon pon
09:00:41 -!- Micen|Droid [~AndChat20@66.87.18.8] has joined #tlponies
09:01:23 -!- Micen|Droid_ [~AndChat20@h219.4.191.173.dynamic.ip.windstream.net] has joined #tlponies
09:01:51 <Rawr|Phone> Beep beep
09:04:35 <Runbunny> I can't play with you Skram.
09:04:45 <skram> why not anders
09:05:10 <Runbunny> You're too high ranked for me.
09:05:20 <skram> no??
09:07:45 -!- Micen|Droid [~AndChat20@66-87-3-23.pools.spcsdns.net] has joined #tlponies
09:08:44 <Runbunny> I'm have like 53 points
09:08:59 <skram> did you do placements so far this season at all
09:09:14 <Runbunny> no, well I did one that I lost.
09:10:00 <DoT|Phone1> angel please
09:10:54 <skram> season ends in a month
09:10:58 <Runbunny> well it could hardly be my fault. 
09:12:02 <DoT|Phone1> Skram. we can play next season then
09:12:02 <Runbunny> I was support till side change then I went mcree and hit gold damage, then another side change where I played support as well  and I was still silver on damage.
09:14:00 -!- Micen|Droid_ [~AndChat20@h219.4.191.173.dynamic.ip.windstream.net] has joined #tlponies
09:16:34 <DoT|Phone1> runbun. I hear the ds3 doc is short
09:16:44 <DoT|Phone1> dlc
09:19:30 <Runbunny> Hmm.. yeah I think I have been to all areas... but the bosses are killing me
09:21:05 <DoT|Phone1> they tough cookies?
09:23:26 <Runbunny> More like... Kill a though boss then she instantly return with her father.
09:32:30 <DoT|Phone1> sounds like an excuse
09:34:24 <motbob> http://www.funnyjunk.com/Chest+ahead/funny-pictures/5846174#68c18e_5845730
09:34:33 <skram> i got two purple and a legendary in the same lootbox dot
09:34:40 <skram> and i had all of it already
09:34:41 <skram> :|
09:35:09 <DoT|Phone1> ouch
09:58:16 <Rawr|Phone> Pls jonas
09:58:59 <DoT|Phone1> Rawr. You are late
10:01:12 -!- Biopone [~Bioandroi@166.175.189.140] has joined #tlponies
10:01:28 <Runbunny> Oh noes Rawr, look at the time
10:01:39 <Runbunny> It's about twelve o'clock.
10:04:58 <Rawr|Phone> Oh no
10:05:13 <Rawr|Phone> I was here four hours ago dot
10:07:54 <DoT|Phone1> but you ignored me
10:18:53 <DoT|Phone1> I didn't even get to bring lunch today I was so late
10:22:52 <skram> unacceptable
10:32:18 <DoT|Phone1> I'm hungry Skram
10:32:23 <DoT|Phone1> I may starve
10:35:23 -!- Biopone [~Bioandroi@166.175.189.140] has joined #tlponies
10:38:25 <DoT|Phone1> bio
10:54:17 -!- Biopone [~Bioandroi@166.175.189.140] has joined #tlponies
11:03:37 <DoT|Phone1> never bio
11:03:41 <DoT|Phone1> Rawr Rawr
11:07:31 -!- Golly [~Golly@1.92-221-121.customer.lyse.net] has joined #tlponies
11:13:42 <DoT|Phone1> hi golly
11:14:46 <Golly> mornin
11:15:13 <Rawr|Phone> Dot Dot
11:24:30 <DoT|Phone1> <3
11:28:20 <Rawr|Phone> <3
11:28:36 -!- tredc [webchat@90-230-30-217-no56.tbcn.telia.com] has joined #tlponies
11:33:29 <DoT|Phone1> hi tredc
11:33:43 <tredc> hi DoT`
11:44:47 <DoT|Phone1> what's up all
11:46:18 <skram> im looking at cats dot
11:46:21 <skram> on the internet
11:59:16 <DoT|Phone1> find any nice ones?
11:59:24 <skram> all of them
11:59:44 -!- Biopone [~Bioandroi@96-35-178-178.static.stls.mo.charter.com] has joined #tlponies
12:03:25 <DoT|Phone1> Skram. I don't know if I can trust you
12:04:23 <skram> why not
12:05:42 -!- Biopone [~Bioandroi@166.175.189.140] has joined #tlponies
12:06:55 <Rawr|Phone> Why not not
12:07:09 <skram> i dont feel like i have given you a reason to distrust me
12:08:09 <DoT|Phone1> You play hanzo
12:08:27 <skram> ironically
12:09:12 <DoT|Phone1> doesn't change the fact
12:09:52 <Biopone> Pls
12:09:55 <Biopone> Horses
12:10:23 <skram> i will not suffer insults from some gold league scrub
12:10:25 <DoT|Phone1> bio hest
12:10:37 <DoT|Phone1> gold? pffff
12:10:49 <DoT|Phone1> I like my dirt
12:12:50 <Bio> boop
12:13:24 <DoT|Phone1> in tired bio
12:18:21 <motbob> i'm worried that all the fruit flies in my house are going to merge into a single MegaFly
12:20:39 -!- reification [~reificati@193.43.158.229] has joined #tlponies
12:20:54 <reification> hello tlp
12:21:04 <reification> I am in airport
12:21:29 <reification> my flight is delayed D:
12:22:06 <DoT|Phone1> aww. pony please
12:22:14 <DoT|Phone1> get Reif <3
12:22:17 <DoT|Phone1> hey
12:22:34 <Micen|Droid_> .roll d20 booping Reif
12:22:49 <reification> there were pone plushies in the airport shops
12:23:11 <reification> .roll d20 for boop micen
12:23:20 <reification> equally bad boop
12:23:28 <Micen|Droid_> Equally bad! 
12:24:06 <reification> maybe sweetie is high...
12:24:40 <Micen|Droid_> 420 eyyyy
12:25:10 <CockRoach|42> .roll d20 to boop reification
12:25:18 <CockRoach|42> .roll d20 to crit confirm
12:25:23 <reification> （≧∇≦）
12:28:08 <DoT|Phone1> ponies please
12:29:16 <DoT|Phone1> I expect dnd reading to be done on the plane Reif
12:29:36 <reification> 😱
12:30:01 <reification> I have already read the PDF you sent dot
12:30:11 <DoT|Phone1> good progress
12:30:52 <reification> plus I finished a book and decided another was rubbish
12:31:25 <reification> I'm down to my last book here :o
12:31:49 <DoT|Phone1> oh dear
12:31:53 <DoT|Phone1> sounds srs
12:32:38 <reification> I do have some German puzzles to do as well
12:33:35 <reification> how have you been doing?
12:34:12 <reification> I did get some extra bonus hiking in cause Devin castle was partly closed...
12:34:20 <DoT|Phone1> I'm ok. tired today
12:34:28 <DoT|Phone1> aww
12:34:39 <DoT|Phone1> but you get a nice hike in?
12:34:51 <reification> you are tired too much. pls nerd
12:35:01 <reification> *nerf
12:35:09 <DoT|Phone1> haha
12:35:20 <DoT|Phone1> should get better now.
12:35:45 <reification> the hike had very good views
12:36:00 <reification> need to go check flying things now
12:36:03 <reification> laters
12:36:15 <DoT|Phone1> bye Reif. enjoy flight
12:37:20 <DoT|Phone1> Rawr snela
12:37:44 <Rawr|Phone> Dot snela
12:39:47 <DoT|Phone1> I didn't miss Reif
12:47:23 <Rawr|Phone> Good job dot
12:54:33 <DoT|Phone1> ty
13:21:15 <DoT|Phone1> .roll d20 to sleep
13:50:07 <DoT|Phone1> home time
13:50:17 <DoT|Phone1> beep beep
13:58:50 -!- ZK [ZK@modemcable114.242-81-70.mc.videotron.ca] has joined #tlponies
13:58:50 -!- mode/#tlponies [+v ZK] by Q
13:59:12 <DoT|Phone1> I got the bus. yay
13:59:23 <DoT|Phone1> .roll d20 to boop zk
13:59:47 <ZK> .roll d20 to boop DoT|Phone1
14:02:56 <DoT|Phone1> how's you
14:04:37 <ZK> hw
14:04:39 <ZK> and midterms
14:04:40 <ZK> not fun
14:08:48 <DoT|Phone1> ouch
14:08:52 <DoT|Phone1> over now?
14:19:36 <ZK> nope, still till monday
14:19:44 <ZK> then project release on the thursday after that
14:19:45 <ZK> soooooo
14:19:47 <ZK> not fun
14:25:31 -!- DoT|Phone [~Dot@85.255.233.41] has joined #tlponies
14:34:42 -!- Dot` [~Dott@2.124.196.73] has joined #tlponies
14:34:48 <Dot`> tire
14:34:49 <Dot`> d
14:48:36 -!- Dot` [~Dott@2.124.196.73] has joined #tlponies
15:00:45 <Dot`> rawr rawr
15:01:07 <Rawr|Phone> dot dot
15:01:39 <Dot`> <3
15:01:55 <Rawr|Phone> <3
15:06:52 <CockRoach|42> pon pon
15:21:02 <Rawr|Phone> Cr|hest
15:24:03 <Dot`> https://derpibooru.org/529549
15:36:12 -!- Camail [~Camail@45.40.93.200] has joined #tlponies
15:36:12 -!- mode/#tlponies [+v Camail] by Q
15:36:18 <Dot`> camial
15:38:42 <Camail> muh
15:45:22 <Rawr|Phone> .tell camail pls
15:45:34 -!- tredc [webchat@90-230-30-217-no56.tbcn.telia.com] has joined #tlponies
15:49:51 <Camail> no you pls
15:49:54 <Camail> wow
15:50:16 <Dot`> its who he is cam, he cant help it
15:51:04 <Camail> he can try
16:15:51 <Dot`> well rawr
16:45:32 <Rawr|Phone> No
16:49:42 <Dot`> well then
17:03:22 <Dot`> what is all up to?
17:04:24 -!- Rawr|Fone [~AndChat25@84-217-62-32.customers.ownit.se] has joined #tlponies
17:04:30 <Rawr|Fone> I am home
17:05:08 <Dot`> ping pon done?
17:09:07 <Rawr|Fone> Yes dot
17:09:38 <Rawr|Fone> I am trying to become an offensive player
17:10:06 <Dot`> good
17:13:57 <Micen|Droid_> But rawr. You already offend me. 
17:14:24 <Rawr|Fone> Too bad?
17:14:42 <Micen|Droid_> Making the joke about offensive and offend 
17:14:42 <Rawr|Fone> Good?
17:14:52 <Micen|Droid_> You are already there. 
17:25:39 <Dot`> https://www.reddit.com/r/starcraft/comments/59ibe3/wcs_global_final_starts_in_24_hours/
17:26:24 <Dot`> snute can get out of group A!
17:35:14 <Dot`> http://www.deviantart.com/art/56-Danger-Ahead-642262239
17:37:08 -!- Micen|Droid [~AndChat20@66-87-19-133.pools.spcsdns.net] has joined #tlponies
17:37:36 <ZK> oh yea definitely, his ZvP is his strongest, and im pretty sure stats hasnt seen much of it
17:37:54 <ZK> dark will finish first pretty certainly, but then i think snute can beat out stats and drogo
17:38:40 <ZK> then it's neeb with PvP, in which he is also pretty amazing. He can also beat True.
17:38:58 <Dot`> neeb got this
17:39:24 <ZK> i dunno how good showtime has been getting, but he has to practice all 3 matchups so i dont give him much of a chance.
17:39:42 <ZK> Then nerchio will probly make it out, but i dont want him to :/
17:52:58 <Camail> my brother's coworker brought in his dog to work again
17:53:05 <Camail> I am seething with jealousy 
17:54:45 <ZK> just kidnap it
18:09:18 <Runbunny> Isn't that envy you're seething with?
18:14:37 -!- DoT|Phone1 [~Dot@185.69.145.170] has joined #tlponies
18:16:14 -!- DoT|Phone2 [~Dot@85.255.235.128] has joined #tlponies
18:19:00 <Camail> based on my texts, jealousy is probably more applicable
18:19:09 <Camail> the resentment is palpable
18:23:25 <Dot`> My hands are so cold
18:23:37 <Runbunny> Put them down your pants.
18:23:44 <Bio> lewd
18:23:46 <Dot`> too cold D:
18:23:48 <ZK> jinro won his quarter finals when another player brought him some hand warmers
18:23:53 <ZK> be like jinro
18:23:59 <ZK> get friends that can bring you hand warmers
18:24:02 <ZK> then win at starcraft
18:24:06 <Dot`> zk, bring me hand warmers
18:24:40 <ZK> too far
18:24:46 <ZK> angel is closer
18:24:53 <Dot`> some friend you are
18:25:14 <ZK> jinro's friends were in same building
18:25:19 <ZK> we not even on same continent
18:26:18 <Dot`> that sounds liek an excuse
18:26:40 -!- DoT|Phone [~Dot@148.252.129.248] has joined #tlponies
18:26:48 <ZK> im full of excuses
18:40:22 <Camail> just started watching https://www.youtube.com/watch?v=1scGZDYsMAU
18:40:32 <Camail> 30 seconds in went "oh shit" and updated my vps
18:40:42 <Camail> and at the end they said "stop what you are doing and update ur shit"
18:40:55 <Camail> I feel like such a responsible adult
18:41:14 <Camail> but yea having a bug that lasts for 10 years that allows any user to access root
18:41:17 <Camail> thats a thing that happened
18:41:35 <Camail> that's a thing that happened to the largest open source os ever
18:42:03 <Camail> so if anyone here has a linux distribution, update pls
18:44:11 <ZK> oh good to know.
18:44:55 <Camail> ubuntu and debian have a fix, centOS does not
18:45:11 <Camail> sweetie will be down momentarily 
