00:01:07 <Rawr|Fone> Beep beep
00:03:51 <CockRoach|42> rawr pls b bus
00:04:36 <Rawr|Fone> No
00:04:41 <CockRoach|42> :(
00:08:36 <Bio> beep boop
00:39:06 <Rawr|Fone> 🐴🐴🐴
01:09:18 <Dot`> pony pony
01:23:38 <CockRoach|42> dot pon
01:25:53 <reification> night all
01:25:58 <CockRoach|42> night reif
01:26:04 <Dot`> gnight reif 
01:28:36 <Dot`> rawr http://imgur.com/gallery/QBcihHu
01:43:03 <Rawr|Fone> .tell dot` <3
01:49:01 <motbob> any programming people awake?
01:52:30 <Rawr|Fone> Depends
01:55:56 -!- Crisium [webchat@dhcp-pa-173-233-2-157.consolidated.net] has joined #tlponies
01:56:13 <Dot`> cris pon <3
01:56:37 <Crisium> pon
01:56:59 <Rawr|Fone> Crisium
01:57:16 <Crisium> roor
02:02:48 <Dot`> i sleep
02:04:08 -!- BioPhone [~Bioandroi@166.175.58.253] has joined #tlponies
02:05:11 <Crisium> gn dote
02:05:52 <BioPhone> The pon
02:05:55 <BioPhone> Hello
02:19:20 -!- Biopone [~Bioandroi@166.175.57.92] has joined #tlponies
02:50:12 <Crisium> http://left2fail.deviantart.com/art/Rarity-634989155
02:50:16 <Crisium> http://luminaura.deviantart.com/art/Flutterly-Rich-634984806
02:50:19 <Crisium> http://sugarwings-art.tumblr.com/post/150507597307/sugarwings-art-look-at-my-new-move-guys-the
02:54:35 <Crisium> not sure what is http://cutepencilcase.deviantart.com/art/Comission-Bees-are-my-Friends-635048016
03:09:53 <Bio> how do
03:11:16 <Crisium> ahoy
03:12:54 <Bio> neighpon
03:15:49 <Crisium> u watch new ep?
03:16:48 <Bio> i did
03:16:53 <Bio> there were horses!
03:16:59 <Bio> not enough purple tho
03:19:51 <Crisium> yeah little purp
03:24:09 <Bio> tho the yello one was prty cute today
03:27:41 <Bio> https://i.imgur.com/cs0nqMP.png
03:29:43 <Rawr|Fone> Pls
03:33:51 <Bio> u pls
03:37:34 <Crisium> https://derpiboo.ru/1251639
03:38:03 <Crisium> i like this girl pony https://derpiboo.ru/1251572
03:38:34 <Crisium> she is my new pony waifu
03:39:43 <Crisium> https://derpiboo.ru/1251358
03:40:01 <Crisium> https://derpiboo.ru/1251451
03:40:08 <Crisium> https://derpiboo.ru/1251450
03:51:54 <Bio> stretchy pon
03:52:39 <Crisium> kawaii
04:25:08 -!- motbob_ [~motbob@x-131-212-248-103.uofm-secure.wireless.umn.edu] has joined #tlponies
05:19:39 -!- Biopone [~Bioandroi@166.175.57.100] has joined #tlponies
05:27:38 -!- Biopone [~Bioandroi@166.175.57.100] has joined #tlponies
05:28:56 -!- DoT|Phone [~Dot@90.207.46.233] has joined #tlponies
05:31:00 -!- Biopone [~Bioandroi@166.175.57.100] has joined #tlponies
06:46:10 <motbob> https://www.youtube.com/watch?v=zvnOGc5vJ6E
07:41:53 -!- Micen|Droid_ [~AndChat20@66.87.19.135] has joined #tlponies
07:43:43 -!- AndChat-209684 [~AndChat20@h45.60.190.173.dynamic.ip.windstream.net] has joined #tlponies
08:10:46 <Rawr|Fone> 🐴🐴🐴
08:11:03 <CockRoach|42> pon pon
08:23:15 <Yolteotl> hi pones :)
08:23:58 <motbob> did you just assume my species???
08:27:17 -!- skram [~skram@ip-217-146-106-77.eidsiva.net] has joined #tlponies
08:27:17 -!- mode/#tlponies [+v skram] by Q
08:29:15 <Yolteotl> of course
09:09:15 -!- Camail [~Camail@45.40.93.200] has joined #tlponies
09:09:15 -!- mode/#tlponies [+v Camail] by Q
09:09:24 <Camail> our lord and savior the french devil
09:09:33 <Camail> fucking craziest 1v3 ever
09:09:42 <Camail> fuck all yall cs is the best
09:48:14 -!- Dot` [~DoT@90.207.46.233] has joined #tlponies
09:48:24 <Dot`> Morning
09:56:14 <CockRoach|42> morning dots
10:14:30 -!- reification [~reificati@cpc76294-cosh16-2-0-cust297.6-1.cable.virginm.net] has joined #tlponies
10:14:30 -!- mode/#tlponies [+v reification] by Q
10:14:53 <reification> g’morning tlp
10:14:59 <Dot`> hey reif
10:16:01 <reification> hey dotties
10:18:28 <CockRoach|42> morning reif
10:18:37 <Micen_> good mornign
10:18:43 <reification> hi cr|42, micen
10:18:54 <CockRoach|42> http://66.media.tumblr.com/b6f2a4f0e23be0120ab14229bd904b6e/tumblr_odoii8foVm1vdiwc5o2_r1_540.gif
10:18:55 <Dot`> hi micen
10:19:08 <Dot`> haha
10:19:10 <CockRoach|42> http://ligerstorm.deviantart.com/art/Tired-Ponk-634994262
10:19:38 <Dot`> http://www.deviantart.com/art/Cookie-Scout-Fillies-635067313
10:24:58 -!- Rawr|Fone [~AndChat25@host-95-195-134-139.mobileonline.telia.com] has joined #tlponies
10:27:48 <Dot`> Rawr rawr rawr
10:28:13 <Dot`> <3
10:28:31 <Rawr|Fone> Dot dot dot
10:28:32 <Rawr|Fone> <3
10:39:03 -!- tredc [webchat@90-230-30-217-no56.tbcn.telia.com] has joined #tlponies
10:53:22 <reification> https://pbs.twimg.com/media/Csl9TGWXEAEJRjK.jpg
10:56:22 <Dot`> lol
10:56:28 <Dot`> micen, hows art
11:14:01 <Yolteotl> hi dot :)
11:16:19 <Dot`> yolt!
11:20:00 -!- Rawr|Fone [~AndChat25@c-4daddb54.020-164-6d6c6d4.cust.bredbandsbolaget.se] has joined #tlponies
11:24:47 <Dot`> whats up yolt
11:26:37 -!- Golly [~Golly@1.92-221-121.customer.lyse.net] has joined #tlponies
11:34:47 <Dot`> new chrome
11:35:00 <Dot`> it just feels slightly odd
11:36:06 <CockRoach|42> someone else mentioned that
11:37:24 <Dot`> all the edges are just a bit more defined/straight
11:37:48 <Dot`> its not really a big change, just kinda sits there on the edge
11:48:07 <Dot`> http://imgur.com/gallery/KGVDC
11:59:16 -!- Rawr|Phone [~AndChat25@host-95-195-134-139.mobileonline.telia.com] has joined #tlponies
12:38:03 -!- DoT|Phone1 [~Dot@90.207.46.233] has joined #tlponies
12:39:23 <Dot`> pon pon
12:47:15 -!- DoT|Phone [~Dot@90.207.46.233] has joined #tlponies
12:50:28 -!- DoT|Phone1 [~Dot@90.207.46.233] has joined #tlponies
12:55:45 -!- Yolteotl [webchat@243.77.126.78.rev.sfr.net] has joined #tlponies
12:55:50 <Yolteotl> I'm tired dot D:
12:56:00 <Yolteotl> and baking chocolate croissant
12:56:00 <Yolteotl> life is hard
12:57:16 <Dot`> poor pon
12:57:27 <Dot`> yolt, what you do with your other 970?
12:58:17 <Yolteotl> I sold it
12:58:21 <Yolteotl> why ? :$
12:59:16 <Dot`> if you hadnt someone i know is looking to upgrade so might have wanted to buy it
12:59:32 <Yolteotl> ok <3
12:59:37 <Dot`> <3
13:00:18 <Yolteotl> my homemate had the same fan issue, now he changed to 1070, but he bought some chinese fans and is waiting them to replace them
13:00:25 <Yolteotl> *the broken ones
13:00:52 <Yolteotl> if it works, I could buy you those custom fans for your card <3
13:04:27 <Dot`> if it works , maybe soon i will work and then can buy them
13:05:21 <Rawr|Phone> Did you get linkedin dot
13:08:58 <Dot`> not yet rawr
13:09:00 <Dot`> have you?
13:09:08 <Rawr|Phone> Yes
13:09:36 <Rawr|Phone> Although I'm just a student so I haven't done much with it
13:32:16 <Rawr|Phone> 🐴🐴🐴
13:33:06 <reification> hors
13:33:55 <Rawr|Phone> Pon
13:34:18 <reification> hon
13:34:45 <Dot`> hest
13:35:24 <reification> snel(a)
14:05:44 <Yolteotl> don't be silly dot
14:05:52 <Yolteotl> you don't need to work if I do
14:10:18 <Dot`> haha
14:23:15 <Dot`> whats up all
15:13:21 <Dot`> rawr rawr
15:52:02 -!- DoT|Phone [~Dot@90.207.46.233] has joined #tlponies
15:53:11 <Dot`> pony
16:06:18 -!- DoT|Phone [~Dot@90.207.46.233] has joined #tlponies
16:10:14 -!- DoT|Phone1 [~Dot@85.255.237.19] has joined #tlponies
16:11:57 -!- DoT|Phone [~Dot@90.207.46.233] has joined #tlponies
16:13:13 -!- DoT|Phone2 [~Dot@90.207.46.233] has joined #tlponies
16:18:13 <Dot`> blarg
16:20:30 -!- Golly [~Golly@1.92-221-121.customer.lyse.net] has joined #tlponies
16:21:44 <Bio> neigh
16:21:52 <Dot`> bio <3
16:47:43 <Dot`> hows it going bio
16:58:35 <Bio> okei
16:58:40 <Bio> i slept a lot today
16:59:14 <Dot`> sleep is nice
17:11:37 -!- tredc [webchat@90-230-30-217-no56.tbcn.telia.com] has joined #tlponies
17:27:49 <Dot`> bio bio
17:27:51 <Dot`> pon pon
17:28:02 <Dot`> what you up to
17:31:21 -!- Biopone [~Bioandroi@108-72-8-181.lightspeed.stlsmo.sbcglobal.net] has joined #tlponies
17:34:54 <Dot`> biop
17:48:53 <CockRoach|42> boop
17:49:02 <Dot`> hey cr
17:49:54 <Biopone> Biophon
17:50:03 <Biopone> Time 4 workkkkkkl
17:50:13 <Biopone> :-(
17:51:05 <Dot`> aww
17:51:07 <Dot`> later pon
18:02:08 -!- Biopone [~Bioandroi@96-35-178-178.static.stls.mo.charter.com] has joined #tlponies
18:13:25 -!- Biopone [~Bioandroi@166.175.57.97] has joined #tlponies
18:26:00 -!- DoT|Phone [~Dot@90.207.46.233] has joined #tlponies
18:32:25 -!- Biopone [~Bioandroi@166.175.57.97] has joined #tlponies
18:42:12 -!- Micen_ [~micen@h45.60.190.173.dynamic.ip.windstream.net] has joined #tlponies
18:43:52 <DoT|Phone> bio
18:48:49 <DoT|Phone> please
18:54:23 <Dot`> http://imgur.com/gallery/7UYYR
18:54:42 <reification> hold em manager finally credited me my $100 :D
18:54:51 <Dot`> woohoo
18:54:59 <Dot`> reif, you are up here next weekend right?
18:55:13 <reification> yes dot
18:55:25 <Dot`> ok, i now just need to actuallly come up with things to do
18:55:29 <reification> i drive up to wolverhampton tomorrow
18:55:46 <reification> i have been preparing something for you today :)
18:57:12 <reification> i almost failed, they literally turned off the lights on me at sainsbury’s while i was getting what i needed
18:57:28 <reification> sunday trading laws
18:58:42 <DoT|Phone> haha
19:05:21 <reification> we can play overwatch in special local multiplayer mode by splitting the controls - movement, mouse aim, fire, abilities and ult
19:06:42 <DoT|Phone> I'm sure by working together we can more than double out skill
19:08:51 -!- skram [~skram@ip-217-146-106-77.eidsiva.net] has joined #tlponies
19:08:51 -!- mode/#tlponies [+v skram] by Q
19:09:27 <skram> boys.
19:12:41 <DoT|Phone> Skram. please. I miss you
19:12:55 <skram> whats up dot
19:12:58 <skram> why you a phone
19:13:12 <DoT|Phone> because I am not not phone
19:13:20 <skram> thanks for clearing that up
19:13:25 <DoT|Phone> yes
19:13:33 <DoT|Phone> How's you
19:13:46 <skram> my things hurt
19:13:50 <skram> other than that i am fine
19:14:16 <DoT|Phone> what did you do
19:14:37 <skram> i have been building a house
19:14:46 <DoT|Phone> sounds fun
19:15:06 <skram> Eh
19:15:32 <skram> Actually its some kind of new fangled patent so its basically minecraft
19:15:58 <skram> its just blocks on top of each other, so you dont have to bother with framing or anything. pretty kool.
19:17:08 <DoT|Phone> you helping someone or is it work
19:17:20 <skram> just helping my uncle
19:17:30 <skram> im not a carpenter
19:18:33 -!- Runbunny [~Runbunny@62.61.130.232.generic-hostname.arrownet.dk] has joined #tlponies
19:18:40 <DoT|Phone> rooon
19:18:58 <DoT|Phone> Skram. it sounds fun
19:19:47 <skram> ur werd tho
19:19:50 <Runbunny> Hai.
19:19:55 <skram> Anders.
19:20:21 <DoT|Phone> yes Skrammen
19:20:29 <Runbunny> Jonas.
19:22:49 <DoT|Phone> what you up to angel
19:23:42 <Runbunny> I just got home from a 12 hour shift. 
19:23:50 <Runbunny> Dinner is in the microwave oven.
19:24:03 <Runbunny> What about you Dot? You phoning about?
19:27:58 <DoT|Phone> having supper. not up to much
19:28:44 <Runbunny> You're allowed to phone at the table?
19:33:39 <DoT|Phone> Skram has not said otherwise
19:33:47 <reification> my rucksack was really heavy, turns out there’s a mah jong set at the bottom :O
19:33:49 <skram> dot, i am not your mothere
19:33:55 <reification> it’s rather good quality
19:34:17 <reification> i’d bring it up to play dot but we don’t have enough ppl
19:34:26 <skram> someone is planting evidence on you reif
19:34:31 <DoT|Phone> Reif stealing things without knowing
19:35:12 <reification> no i was given it years ago in china, i just forgot about it >.>
19:36:21 <Runbunny> Skram you're kinda Dot's mother...
19:37:00 <Runbunny> With all the kinky Ana X Pharah roleplaying you have been doing.
19:37:20 <skram> how do you know about that
19:37:22 <skram> i mean
19:37:30 <skram> i dont know what you are talking about
19:39:33 -!- Camail [~Camail@45.40.93.200] has joined #tlponies
19:39:33 -!- mode/#tlponies [+v Camail] by Q
19:40:00 <Dot`> cam
19:40:03 <reification> hi cam
19:41:30 <Dot`> http://asksunshineandmoonbeams.tumblr.com/post/150587637645
19:42:49 <Camail> hihi
19:43:19 <Camail> I'mma go shower and then we stack, or i swear to super jesus i will damn you to mega hell
19:53:28 <Dot`> sounds bad
20:01:23 -!- DoT|Phone1 [~Dot@90.207.46.233] has joined #tlponies
20:03:55 -!- DoT|Phone2 [~Dot@90.207.46.233] has joined #tlponies
20:34:53 <Bio> i beeeeeeeeeeeeeeeeeeeeeeeeeeeeeek
20:34:59 <Dot`> <3
20:35:08 <Bio> haloo horse fans
20:36:05 -!- Camail [~Camail@45.40.93.200] has joined #tlponies
20:36:05 -!- mode/#tlponies [+v Camail] by Q
20:37:06 <Rawr|Phone> 🐴🐴🐴
20:38:25 <Camail> soooo
20:39:19 <Bio> cramial
20:40:48 <Camail> Bio  Dot` reification  Runbunny  not skram 
20:40:53 <Camail> lesgo?
20:41:22 <reification> i will stack but not just yet. i need to pack some more stuff
20:43:55 <Dot`> ill play for like an hour or so
20:45:34 <Dot`> eu or na?
20:45:37 <Dot`> skram
20:46:26 <Camail> we can do eu
20:48:11 <Camail> anyone else?
20:48:28 <Camail> other than skram
20:48:43 <reification> 10 mins i there
20:54:38 <Runbunny> Sorry I am about to go sleep
20:58:20 -!- carcinisation [webchat@cpc76294-cosh16-2-0-cust297.6-1.cable.virginm.net] has joined #tlponies
21:05:11 <Dot`> :(
21:08:53 <Runbunny> http://i.imgur.com/G4Owvsj.png
21:11:02 -!- Rawr|Fone [~AndChat25@84-217-62-32.customers.ownit.se] has joined #tlponies
21:11:35 <Rawr|Fone> I'm home
21:15:09 <Bio> welcome home rawrpone
21:15:27 <Rawr|Fone> Thank you mr bio
21:15:56 <Dot`> hello rawr
21:16:21 <Rawr|Fone> Hallo dot
21:32:09 -!- tredc [webchat@90-230-30-217-no56.tbcn.telia.com] has joined #tlponies
21:32:14 <Dot`> how you rawr
21:32:27 <Rawr|Fone> Great
21:32:35 <Rawr|Fone> How are you dot
21:35:48 <Dot`> im doig ok
21:37:31 <Rawr|Fone> Good
21:37:42 <Rawr|Fone> I'm glad
21:47:50 <Dot`> good
21:58:31 -!- Micen_ [~micen@h45.60.190.173.dynamic.ip.windstream.net] has joined #tlponies
21:58:44 <Dot`> hey micen
21:58:56 <Micen_> Hallo Dot
21:59:17 <Micen_> How are things?
21:59:45 <Dot`> its ok, hows your art?
22:02:16 <Micen_> slow, couldn't get any kind of pose I liked
22:02:34 <Micen_> it was all feeling very flat and stiff. 
22:22:20 <Dot`> :/
22:27:16 <Dot`> https://www.twitch.tv/gamesdonequick
22:27:20 <Dot`> thats a thing?
22:27:29 <Dot`> swoots not giving details now?
22:27:39 <Dot`> The GDQ HOTFIX - NecroDancer World Cup Finals
22:36:59 <Dot`> http://alice4444dm.deviantart.com/art/The-Moon-is-Rising-635027376
22:37:03 <Dot`> cane
22:42:59 <Bio> Hors
22:44:27 <Dot`> bio hest
22:56:50 <Camail> bio pls
22:56:52 <Camail> y u hate us
22:57:11 <Dot`> http://rubyw32.deviantart.com/art/Sunburst-608826734
23:00:27 <Bio> rip
23:08:08 <Dot`> why you do this bio
23:09:15 <Bio> idk
23:09:19 <Bio> T_T
23:10:05 -!- skram [~skram@ip-217-146-106-77.eidsiva.net] has joined #tlponies
23:10:06 -!- mode/#tlponies [+v skram] by Q
23:22:06 <Dot`> skram <3
23:34:40 <Camail> skram palying vs people who give zarya energy is the beeeest
23:34:52 <Camail> dot you missed the fastest game we ever played
23:35:05 <Camail> it took like 50 seconds
23:45:51 <Bio> lel more ddos attacks
23:59:12 <Camail> on what
23:59:41 <Camail> oh
