00:00:15 <Dot_> reif!
00:00:17 <reification> night all
00:00:18 <Dot_> where you been
00:00:33 <reification> outside
00:00:54 <Dot_> scary
00:16:26 <Bio> pon
00:24:07 <Dot_> Bio Bio
00:24:08 <Dot_> hows you
00:29:08 <Bio> hoooooooooooooors
00:32:47 <Dot_> bio
00:37:27 <Dot_> how was holiday
00:45:24 <Bio> was good
00:45:26 <Bio> relaxed
00:47:03 <Bio> played a bit of rocket league, did a magic draft, played some pool. did some trivia. raced some go-karts, hung out on the beach.
00:48:00 <Dot_> nice
00:48:12 <Dot_> lacks dnd  though
00:51:12 <Bio> sure does
01:20:50 -!- skram [~skram@ip-217-146-106-77.eidsiva.net] has joined #tlponies
01:20:50 -!- mode/#tlponies [+v skram] by Q
01:22:25 <Dot_> jonas
01:22:29 <Dot_> gnight
01:22:58 <skram> dot
01:23:00 <skram> please dont go
01:23:48 <Bio> ^^^^^^^^^^
03:51:31 -!- Wikt_ [~Wikt@213.108.153.51] has joined #tlponies
03:51:31 -!- mode/#tlponies [+o Wikt_] by Q
04:31:09 <Camail> .tell phearlock enderal was nice, interesting story, interesting ending, worth the time if you still enjoy it after hour 20, I put 87 hours in and did most things
04:41:36 -!- Rawr|Fone [~AndChat25@host-95-199-8-112.mobileonline.telia.com] has joined #tlponies
04:44:07 -!- FlutterAi [~FlutterAi@adsl-98-93-40-109.owb.bellsouth.net] has joined #tlponies
04:48:18 <Camail> .tell bio infernew leaks are out, ct spawn skybox was lowered...RIP my banana smokes T_T
05:41:03 <Rawr|Fone> 🐴🐴🐴
05:41:10 <Rawr|Fone> Beep beep
05:53:53 -!- DoT|Phone [~Dot@90.207.46.233] has joined #tlponies
08:13:24 <Rawr|Fone> 🐴🐴🐴
08:26:05 <CockRoach|42> eeh
08:35:47 -!- tredc [webchat@90-230-30-217-no56.tbcn.telia.com] has joined #tlponies
08:58:37 <Rawr|Fone> Cr
08:59:02 <CockRoach|42> rawr <3
08:59:14 <Rawr|Fone> <3
09:25:07 -!- Golly [~Golly@1.92-221-121.customer.lyse.net] has joined #tlponies
09:41:44 -!- Dot` [~Dott@90.207.46.233] has joined #tlponies
09:41:49 <Dot`> Morngn all <3
09:47:20 <Rawr|Fone> Dot dot dot
09:47:28 <Dot`> RAwr rawr rawr 
09:47:29 <Dot`> <3
09:47:30 <Dot`> hows you pon
09:47:39 <Rawr|Fone> <
09:47:40 <Rawr|Fone> 3
09:47:46 <Rawr|Fone> Gooood
09:47:51 <Rawr|Fone> How are you
09:49:33 <Dot`> im ok, waking up
09:49:38 <Dot`> you learning today?
09:58:18 <Rawr|Fone> Yes
09:58:22 <Rawr|Fone> Lots of stuff
09:58:27 <Dot`> woohoo
09:58:35 <Dot`> ?smartpon
09:58:38 <Dot`> D:
09:58:56 <Dot`> .r Smartpon Dub`, Skram, Rawr
09:59:27 <Rawr|Fone> League games start next tuesday
09:59:31 <Rawr|Fone> Very excited
09:59:37 <Dot`> \o/
10:24:05 <Rawr|Fone> Dot dot
10:24:46 <Dot`> rawr awr
10:24:55 <Rawr|Fone> What u up to
10:26:53 <Dot`> talking to ppl, waking up
10:33:44 <Rawr|Fone> You should wake up earlier so I can talk to you when I wake up
10:37:01 <Dot`> im sorry, i try
10:59:20 -!- motbob [~motbob@x-131-212-249-149.uofm-secure.wireless.umn.edu] has joined #tlponies
11:01:54 -!- Golly [~Golly@1.92-221-121.customer.lyse.net] has joined #tlponies
11:27:21 <CockRoach|42> .tell phearlock http://zogzor.deviantart.com/art/Mine-638007720
11:58:48 <Dot`> cr pon
11:59:04 <CockRoach|42> dot hors
12:01:44 <Dot`> hows you?
12:01:47 <Dot`> you get sleep?
12:15:35 <Dot`> http://www.deviantart.com/art/40-Rated-639400985
12:27:11 <CockRoach|42> i'm tired, and i got some sleep
12:27:19 <CockRoach|42> close to four hours
12:27:48 -!- Rawr|Fone [~AndChat25@host-95-199-8-112.mobileonline.telia.com] has joined #tlponies
12:33:15 <Dot`> thats not much :/
12:38:35 <Dot`> http://alasou.deviantart.com/art/Fluffiest-bird-639347133
12:45:24 <Rawr|Fone> 🐴🐴🐴
12:45:30 <Dot`> rawr
12:45:36 <Dot`>  
12:46:06 <Rawr|Fone> Dot
12:46:07 <Rawr|Fone>  
12:47:26 <Dot`> oi, you started this
12:47:46 <Rawr|Fone> No you did
12:47:47 <Rawr|Fone>  
12:47:47 <Rawr|Fone>  
12:51:31 <Dot`> snela
12:51:53 <Rawr|Fone> 😤
12:55:14 -!- Runbunny [~Runbunny@62.61.130.232.generic-hostname.arrownet.dk] has joined #tlponies
12:56:33 <Runbunny> hai.
12:57:42 <Dot`> angel
12:57:49 <Dot`> rawr is being difficult
12:59:09 <Rawr|Fone> No
13:06:55 -!- Bio [~Bio@108-72-8-181.lightspeed.stlsmo.sbcglobal.net] has joined #tlponies
13:07:04 <Bio> Horse
13:07:27 <Bio> RIP BANANA SMOKE
13:07:50 <Runbunny> oh how so?
13:07:56 <Dot`> BIO
13:07:59 <Dot`> hest
13:08:08 <Bio> I guess on the new inferno they lowered the skyboxes
13:08:14 <Runbunny> hengst.
13:08:22 <Bio> can't do CT to banana smokes
13:10:56 <Runbunny> Don't worry Bio... We don't even care about counter strike anymore.
13:13:46 <Rawr|Fone> 45 more minutes of school 😢🔫
13:13:55 <Dot`> \o/
13:15:57 <Dot`> then table tennis rawr?
13:16:03 <Dot`> ping pong*
13:16:16 <Rawr|Fone> Yes table tennis
13:16:44 -!- tredc [webchat@90-230-30-217-no56.tbcn.telia.com] has joined #tlponies
13:16:55 <Bio> RIP
13:17:41 <Dot`> BioRIP
13:21:25 <Dot`> Runbunny,  http://imgur.com/gallery/x2veiZd
13:21:39 <Runbunny> Pingis please.
13:25:45 <Bio> flufbun
13:26:27 <Dot`> http://imgur.com/gallery/u9JAV
13:47:18 <Dot`> pon pon
13:47:40 <Rawr|Fone> Dot dot
13:49:29 <Dot`> http://xkcd.com/1744/
13:50:55 <Runbunny> Nice Dot.
13:55:11 <Dot`> your nice too angel
14:00:06 -!- skram [~skram@ip-217-146-106-77.eidsiva.net] has joined #tlponies
14:00:06 -!- mode/#tlponies [+v skram] by Q
14:00:10 <Dot`> jonas
14:01:05 <skram> bjørn
14:01:10 <Dot`> hows you
14:01:41 <skram> im tired again
14:01:53 <Dot`> well you where up late
14:02:08 <skram> no i was up early
14:02:12 <skram> there is a difference
14:02:35 <Dot`> with the same result
14:03:15 <skram> i went to bed early and then got up early and then went to work as opposed to going to bed late and waking up late
14:03:17 <skram> or something
14:04:28 <Dot`> i must go to town quick, back in 10 minutes
14:04:40 <skram> put your helmet on
14:07:29 <Runbunny> Jonas.
14:09:39 -!- Phearlock [~Phearlock@cm-84.211.141.30.getinternet.no] has joined #tlponies
14:09:39 -!- mode/#tlponies [+v Phearlock] by Q
14:09:50 <skram> Anders.
14:10:00 <Phearlock> hello ponpons <3
14:11:07 <skram> hai ferlok
14:16:26 <CockRoach|42> hej Phearlock
14:21:45 <Dot`> thing accomplished
14:21:55 <Dot`> hej ferlok
14:26:12 <Rawr|Fone> Good job dot
14:48:34 -!- Rawr|Phone [~AndChat25@84-217-62-32.customers.ownit.se] has joined #tlponies
14:53:13 -!- reification [~reificati@cpc76294-cosh16-2-0-cust297.6-1.cable.virginm.net] has joined #tlponies
14:53:13 -!- mode/#tlponies [+v reification] by Q
14:53:25 <reification> afternoon tlpons
14:53:29 <Dot`> reif!
14:55:52 <Rawr|Phone> Reef reef!
15:01:17 -!- Rawr|Fone [~AndChat25@host-95-199-8-112.mobileonline.telia.com] has joined #tlponies
15:20:58 <Rawr|Fone> Beep beep
15:21:04 <Rawr|Fone> It's almost time to play
15:22:02 <Dot`> do us proud rawr
15:22:44 <Rawr|Fone> 😇😇😇
15:38:16 <Runbunny> Are you excited Rawr?
15:38:28 <CockRoach|42> pls be GM rawr!
15:38:31 <Runbunny> Are you going to show everybody how fun pingis can be?
15:39:34 <reification> hello dotties, roar roar
15:39:56 <reification> gl with ponging pings
16:01:59 <Dot`> Bio
16:02:01 <Dot`> http://bobdude0.tumblr.com/post/151660837955/sleepy-sweetie-is-contentedly-sleepythis-one-is-a
16:11:19 <Dot`> https://magnalunaarts.tumblr.com/post/151657252723
16:50:35 <Cane> Hi folks. <3
16:50:39 -!- mode/#tlponies [+vvvvvv Bio Dot` DoT|Phone FlutterAi Golly motbob] by Cane
16:50:39 -!- mode/#tlponies [+vvv Rawr|Fone Runbunny tredc] by Cane
16:52:33 <Dot`> Hey cane<3
16:57:46 <Dot`> Runbunny, 
16:57:57 <Runbunny> Dot.
16:59:39 <Dot`> whats up
17:00:08 <Runbunny> Not a lot. Tomorrow I am going to meet with a professor about a possible masters project I can write.
17:00:31 <Dot`> ooo
17:00:36 <Dot`> cat girls soo
17:00:38 <Dot`> n
17:01:29 <Runbunny> well first I have to rid the world of human bourne MRSA.
17:04:32 -!- Camail [~Camail@45.40.93.200] has joined #tlponies
17:04:32 -!- mode/#tlponies [+v Camail] by Q
17:04:55 <Dot`> cam
17:12:08 <Runbunny> Camail.
17:13:28 <Camail> me
17:15:29 <Phearlock> Hi camail, and yeah I'm not quite done with enderal yet, but I'm pretty far along
17:15:36 <Phearlock> still having fun with it
17:15:47 -!- Westy543 [Westy543@c-73-189-129-4.hsd1.ca.comcast.net] has joined #tlponies
17:15:48 -!- mode/#tlponies [+v Westy543] by Q
17:17:34 <Camail> the last few missions got boring but i was burnt out by then
17:17:58 <Camail> "go to A1 A2 and A3 and do B1 B2 B3"
17:26:05 <Dot`> rawr http://imgur.com/gallery/m79Lnp2
17:39:57 -!- Rawr|Phone [~AndChat25@84-217-62-32.customers.ownit.se] has joined #tlponies
17:41:02 -!- skram [~skram@ip-217-146-106-77.eidsiva.net] has joined #tlponies
17:41:02 -!- mode/#tlponies [+v skram] by Q
17:41:18 <Dot`> jonas hedge
17:41:33 <skram> hedge urself friend
17:41:44 <Rawr|Phone> I am home
17:41:52 <Rawr|Phone> Jonas bby don't be upset
17:42:05 <skram> im not henrik
17:42:16 <Runbunny> Are you sure?
17:42:24 <Runbunny> Like we can upset you.
17:42:43 <skram> you do every day anders
17:44:11 <Runbunny> My work here is done.
17:57:17 <Camail> so much anger
17:59:02 <Camail> oh, new OW skins?
17:59:55 <Dot`> oh?
18:00:00 <Dot`> halloween?
18:00:04 <Camail> these ones seem to be buyable
18:00:06 <Camail> ya
18:00:21 -!- Micen|Droid [~AndChat20@h154.151.140.67.dynamic.ip.windstream.net] has joined #tlponies
18:00:29 <Dot`> MERCY
18:00:39 <Micen|Droid> No. Micen. 
18:01:36 -!- Golly [~Golly@1.92-221-121.customer.lyse.net] has joined #tlponies
18:02:21 <Micen|Droid> Good afternoon! 
18:02:31 <Dot`> hello micen
18:02:42 <Micen|Droid> Or evening or time of day that's appropriate. 
18:07:51 -!- Wikt [~Wikt@213.108.153.51] has joined #tlponies
18:07:51 -!- mode/#tlponies [+o Wikt] by Q
18:17:41 <Dot`> skram
18:31:18 -!- Rawr|Fone [~AndChat25@host-95-199-8-112.mobileonline.telia.com] has joined #tlponies
18:33:56 -!- Rawr|Phone [~AndChat25@84-217-62-32.customers.ownit.se] has joined #tlponies
18:39:18 <Camail> oh shit, i think the brawl is coop
18:39:32 <Camail> dot did u download the patch yet
18:39:37 <Camail> in antici
18:40:33 <Dot`> ?
18:40:41 <Dot`> oh for overwatch
18:40:44 <Dot`> i should
18:40:48 <Camail> pation
18:42:24 <Camail> wow i feel like that reference was warranted
18:42:43 <Camail> yet no admiration from the audience
18:42:49 <Camail> philistines
18:43:07 <Dot`> these things happen cam
18:46:17 <Camail> skram pls
18:49:08 <Camail> its 4 people
18:49:15 <Camail> so its easier to get a stack
19:02:24 <Camail> oh shit tokido won SEAM? thats nice
19:12:24 <Dot`> yay thing
19:22:17 <Camail> Dot`  reification  Runbunny  skram  Bio  calling all salt lords
19:24:21 <Camail> oh right, this new brawl is another TF2 thing
19:24:48 <Dot`> what you want camamail
19:24:55 <Camail> what u think i want
19:25:01 <Dot`> a hug
19:25:06 <Dot`> you seem to need it
19:25:50 <Runbunny> But dark souls?
19:26:11 <Camail> but loot boxes
19:26:12 <Camail> new skins
19:27:10 <Runbunny> I can play maybe one or 2 games then I have to make myself some food.
19:27:20 <Dot`> im off to eat supper soon
19:27:57 <Camail> everyone go eat
19:29:41 <reification> so stack in a bit?
19:30:16 <Camail> yes
19:30:21 <Camail> so everyone start the patch
19:30:23 <Camail> its fairly big
19:30:26 <Camail> over a gb
19:30:41 -!- BioPhone [~Bioandroi@client73-173.wifi.siue.edu] has joined #tlponies
19:30:48 <BioPhone> Yo pon
19:31:11 <DoT|Phone> bio pon
19:31:14 <Camail> bio
19:31:22 <Camail> pls
19:31:25 <Camail> y phone
19:31:28 <DoT|Phone> snela
19:32:54 -!- carcinisation [webchat@cpc76294-cosh16-2-0-cust297.6-1.cable.virginm.net] has joined #tlponies
19:38:26 <BioPhone> Giff diretied
19:40:31 <BioPhone> Dot
19:40:51 <BioPhone> Kewl new mann vs machine in oberwadje
19:44:05 <Camail> god damn son
19:44:09 <reification> .tell DuB` better news about high altitude living https://twitter.com/Mangan150/status/785863009092661249
19:44:12 <Camail> everything costs 3x as much
19:44:16 <Camail> dat 3k mercy skin tho
19:44:26 <Camail> as long as its buyable at all idc
19:45:26 -!- Rawr|Pone [~AndChat25@84-217-62-32.customers.ownit.se] has joined #tlponies
19:47:29 <BioPhone> Indeed. Handled way better
19:51:25 -!- tredc [webchat@90-230-30-217-no56.tbcn.telia.com] has joined #tlponies
19:53:03 <BioPhone> But now I won't get a month of bitching about muh loot boxes
20:01:24 -!- DuB` [DuB@66-219-213-203.dynamic.ip.veracitynetworks.com] has joined #tlponies
20:01:26 <DuB`> HEY HEY HEY
20:01:32 <DuB`> SOMEONE HALLOWEENWATCH WITH ME.
20:01:51 <Camail> we are trying
20:01:53 <Camail> but the euros
20:01:55 <Camail> are fucking lazy
20:01:56 <Camail> and hungry
20:02:19 <Camail> lets play on NA until they decide to be useful
20:02:26 <Camail> also u should DL the patch
20:02:27 <DuB`> WWOOOOOO
20:02:43 <DuB`> Done~
20:03:02 <Camail> dicrown
20:03:09 <Camail> disdrucd
20:03:20 <Camail> dascrawd
20:03:24 <BioPhone> Doscrowd
20:03:41 <Camail> dub join discord u fuk
20:03:49 <BioPhone> Spookwatch 2spook4me
20:03:53 <DuB`> ;D
20:04:01 <DuB`> Seeeeeeeec quickfood
20:04:02 <Camail> bio u are on battle.net but no overwatch
20:04:05 <Camail> is it because you ahte dub
20:04:07 <Camail> I understand
20:04:10 <Camail> I hate dub too
20:04:25 <DuB`> Understandable.
20:05:22 <DoT|Phone> dub
20:05:28 <DuB`> dot
20:05:29 <DoT|Phone> AAAAAH
20:05:29 <DuB`> DOT!
20:05:32 <Camail> DUB PLEASE
20:05:32 <DuB`> AAAAAAAAAAHHH
20:05:39 <Camail> YOU COME IN HERE WITH ALL CAPS AND YELLING
20:05:41 <DoT|Phone> MERCY
20:05:47 <Camail> NOW UR NOT EVEN LOGGED INTO EITHE PICE OF SOFTWARE
20:06:16 <Camail> so rude
20:12:08 <Phearlock> http://omny87.tumblr.com/post/151668547527/twilights-tongue-slip-this-joke-lovingly-ripped hihi
20:12:15 <Phearlock> silly twi <3
20:12:30 <Phearlock> bio ^
20:13:13 <DoT|Phone> cute
20:14:32 <DuB`> MEI'S NEW HIGHLIGHT IS SO KEWT
20:14:33 <DuB`> HAHAHAH
20:14:41 <DuB`> Gotta git mercywitch first~
20:15:17 <BioPhone> Mom pls
20:15:50 <BioPhone> Camail is because I leave my computer on
20:15:55 <BioPhone> Is rip
20:16:05 <DuB`> Nobody else plej? D:
20:16:09 <DuB`> skram skram skram >:T
20:16:24 <Dot`> SKRAMMEN
20:16:26 <Dot`> snela
20:16:36 <Dot`> im there to play in like 2 minutes dubs
20:17:25 <DuB`> Yey.
20:17:39 <Yolteotl>  dot
20:17:40 <Yolteotl> https://www.youtube.com/watch?v=WrxBdTrz--8
20:18:31 <Dot`> us eu dub
20:18:33 <Dot`> YOLT
20:18:37 <DuB`> NA
20:23:00 <Camail> reification  you
20:23:02 <DuB`> reification
20:23:02 <DuB`> reification
20:23:03 <Camail> NA time
20:23:03 <DuB`> reification
20:23:09 <reification> 1min
20:23:12 <skram> DuB` are you procrastinating again
20:23:17 <DuB`> NO.
20:23:19 <Dot`> SKRAM
20:23:24 <DuB`> I got a ton of work done EARLY. >:D
20:23:35 <skram> waiw
20:23:45 <DuB`> Need +1 for zomnics~
20:24:32 -!- carcinisation [webchat@cpc76294-cosh16-2-0-cust297.6-1.cable.virginm.net] has joined #tlponies
20:34:26 -!- Runbunny [~Runbunny@62.61.130.232.generic-hostname.arrownet.dk] has joined #tlponies
20:35:27 <Runbunny> So my thingy crashed while I was cooking
20:38:48 <Rawr|Pone> Poor thingy
20:38:58 <Runbunny> indeed.
20:40:06 <Runbunny> I should have been there for it, but alas. My attention was focus on this thing I have where if I don't eat, I starve to death.
20:56:05 <Runbunny> Dot`, http://i.imgur.com/H2uLTH1.mp4
20:56:17 <Dot`> :D
20:56:22 <Dot`> runbun, you seen new mercy?
20:59:37 <Runbunny> No
20:59:41 <Runbunny> Are we playing now?
20:59:49 <Runbunny> I have like 1 hour to kill.
21:02:52 <Runbunny> well there she is.
21:22:52 <BioPhone> Doggles
21:37:14 <Dot`> BIO
21:37:17 <Dot`> you pon
21:39:41 <BioPhone> Me pon
21:41:03 <Micen|Droid> U sure? 
21:43:36 <BioPhone> Me. Pon.
21:57:04 -!- BioPhone [~Bioandroi@client73-173.wifi.siue.edu] has joined #tlponies
22:12:45 <Dot`> bio, we did things
22:22:32 -!- ZK [ZK@modemcable114.242-81-70.mc.videotron.ca] has joined #tlponies
22:22:32 -!- mode/#tlponies [+v ZK] by Q
22:22:40 <Dot`> .roll d20 to boop zk
22:22:55 <ZK> .roll d20 to boop Dot`
22:22:57 <ZK> this week sucksssssss
22:24:19 <Dot`> really?
22:24:29 <Dot`> have this https://www.youtube.com/watch?v=WrxBdTrz--8
22:34:24 <CockRoach|42> http://65.media.tumblr.com/bd6fa19998e6e747b37c4273dc0626f8/tumblr_oeglzextxG1r7jepho1_1280.png
22:37:31 <CockRoach|42> http://anirichie-art.deviantart.com/art/COM-C-M-Larping-Crusaders-COMIC-529552842
22:38:58 <CockRoach|42> http://anirichie-art.deviantart.com/art/COM-Ogres-And-Oubliettes-COMIC-639370494
22:41:06 <CockRoach|42> .tell Phearlock https://derpicdn.net/img/view/2016/10/9/1268611__safe_fluttershy_rarity_monochrome_shipping_lesbian_rain_flarity_artist-colon-bantha_bird+house.png
22:42:38 <Dot`> haha
22:57:17 <Dot`> pon pon
23:00:39 <Dot`> zk, you see that?
23:04:06 <ZK> oh nice video
23:11:32 <Dot`> Star citizen always looks fancy
23:11:52 <Dot`> just skipping through this
23:11:53 <Dot`> https://www.youtube.com/watch?v=pdCFTF8j7yI
23:12:04 <Phearlock> Will it ever be a cohesive game though? xD
23:12:10 <Dot`> who knows!
23:12:16 <Phearlock> CR dat is cute
23:12:20 <Dot`> liike, all this ground stuff
23:12:31 <Dot`> i did not expect it
23:13:15 -!- BioPhone [~Bioandroi@client73-173.wifi.siue.edu] has joined #tlponies
23:14:01 -!- Biopone [~Bioandroi@client73-173.wifi.siue.edu] has joined #tlponies
23:15:40 <Dot`> it went from, space ships -> you can walk around in ship -> and walk around space station
23:16:13 <Dot`> then randomly it was, -> FPS combat -> procedualy generated worlds and dub buggies
23:16:20 <Dot`> dune*
23:17:25 <DuB`> Typo ping. 
23:17:26 <DuB`> pls
23:17:32 <Dot`> but duuub
23:17:33 <Dot`> <3
23:26:59 <DuB`> Star Cit does look pretty hype.
23:27:16 <Dot`> just 74 more years till it comes out
23:27:51 <DuB`> Heheh
23:49:17 <Dot`> dub dub
23:49:21 <Dot`> you get the mercy skin?
23:50:10 <Runbunny> Sleeeeeeeep
23:50:16 <Dot`> gnight runbun
23:52:33 <Dot`> skram
