00:13:17 -!- DoubleRainbow [webchat@DoubleRainbow.users.quakenet.org] has joined #tlponies
00:24:39 <Dott> pon pon
00:32:50 -!- Cam_class [webchat@143.43.8.151] has joined #tlponies
00:33:00 <Cam_class> dub is a dumb
00:33:09 <DuB`> Oke.
00:34:56 <Dott> pls
00:40:21 <Bio> pls
00:41:20 * Dott hugs bio
00:41:57 <Cam_class> dont do that
00:42:00 <Cam_class> he has mega-aids
00:42:17 <Dott> i will take a shower
00:42:29 <Cam_class> that would'nt even help normal aids
00:42:36 <Cam_class> you're severely underestimating aids
00:42:44 <Cam_class> which is what the gay community did
00:42:47 <Cam_class> and look what happened
00:42:55 <Dott> http://news.bbc.co.uk/1/hi/world/africa/4879822.stm
00:43:04 <Dott> please, our president knows best
00:43:16 <Cam_class> you are the least african person from africa
00:45:42 <Dott> ty
00:46:26 <Cam_class> racist
00:46:56 <skram> if you're from africa why are you white
00:47:09 <Cam_class> if you're scandinavian why are you a coward
00:47:19 <Dott> im racist skram
00:47:59 <skram> im not sure that makes sense
00:48:00 <Dott> blakc scant be racist, and africans are racist, therefore there must be white south africans
00:48:22 <Cam_class> no that jsut means that no black people live ina frica
00:49:38 <Cam_class> I feel liek this conversation took a turn for the worse because of you dot
00:49:41 <Cam_class> and i dont appreciate it
00:51:26 <Dott> comes from being Great British
00:52:58 <Cam_class> i dont know what to do with you, somtimes
00:53:23 <Dott> and sometimes you try kill me
00:57:24 <Cam_class> besides the point
01:04:27 -!- Dott` [~Dott@0546fdaf.skybroadband.com] has joined #tlponies
01:14:06 <DuB`> Playing Rein for a bad team is THE worst. O_o
01:14:23 <DuB`> I then switch to 76 to carry them and actually make progress.
01:14:37 <DuB`> But they don't notice that the progress coincides with my switch and kills
01:14:43 <DuB`> And so get mad at me for not being Rein.
01:14:44 <DuB`> rip
01:14:48 <skram> hahah
01:14:56 <skram> when are we going pro dub
01:15:08 <DuB`> As soon as DOT FINALLY JOINS US.
01:15:09 <DuB`> Dott`
01:15:10 <DuB`> Dott`
01:15:31 <Bio> RIP
01:20:24 <DuB`> Doesn't even acknowledge his ruining of our dreams...
01:20:41 <skram> rude
01:26:42 <Cam_class> dub pls
01:26:46 <Cam_class> such a mm hero
01:26:51 <DuB`> y r u class?
01:27:01 <Cam_class> because i am
01:27:07 <DuB`> :O
01:27:31 <skram> DuB` are you taking a break
01:27:40 <DuB`> Yah.
01:27:56 <skram> oki
01:29:41 <DuB`> I get maf when I queue alone, gonna relax now. :P
01:30:29 <skram> did you get teamed with the double symmetra people again
01:31:21 <DuB`> Nah.
01:31:44 <DuB`> Just a bunch of 76's and mccrees who don't realize that then can point their guns at enemies AND fire them.
01:32:05 <skram> hax
01:32:31 <Bio> look at dub tryharding over here
01:33:05 <skram> thats what people who are bad at games say bio
01:33:23 <Bio> I am bad at videogames though
01:33:43 <skram> plei more mei
01:39:09 <Cam_class> dub salt makes me feel better for yelling at him in csgo
01:39:32 <Cam_class> and/or crying at him
01:40:26 <DuB`> Why!
01:47:05 <Bio> GIT GUD?
01:47:08 <Bio> or some such
01:49:10 <DuB`> What a friend.
01:50:02 -!- Rawr|Phone [~Rawr@81-233-7-47-no34.tbcn.telia.com] has joined #tlponies
01:51:32 <Cam_class> DuB`:  because it makes you look less like an innocent bunny
01:51:42 <Cam_class> and reveals your true fucboi status
01:52:03 <Cam_class> and its easier to yell at a fucboi than a bunny
01:53:09 <DuB`> Heheh
