00:01:09 <Phearlock> https://derpiboo.ru/1100210 cutes
00:01:59 <DuB`> That is prettypurple.
00:02:47 <DoT`> d'aaww
00:09:50 <Rawr|Fone> 🐴🐴🐴
00:21:50 <Rawr|Fone> Dot
00:23:02 <CockRoach|42> awww
00:27:52 <DoT`> Rawr
00:28:16 <DoT`> <3
00:28:24 <Rawr|Fone> Are you going to be up at 11am tomorrow?
00:28:49 <Rawr|Fone> Wait, 10am for you
00:28:51 <Rawr|Fone> 10
00:28:54 <DoT`> i hope so D:
00:29:32 <DoT`> im normaly up by 9/9:30ish
00:29:48 <CockRoach|42> rawr pls
00:29:58 <Rawr|Fone> Pls u
00:30:06 <CockRoach|42> <3
00:30:14 <Rawr|Fone> <3
00:30:30 <Rawr|Fone> Can you ping me really loudly dot
00:30:37 <Rawr|Fone> At 10
00:31:08 <DoT`> i will try! and cr can
00:31:17 <CockRoach|42> i will be on a train by then
00:32:26 <Rawr|Fone> Waow cr
00:32:46 -!- Bio [~Bio@108-72-8-48.lightspeed.stlsmo.sbcglobal.net] has joined #tlponies
00:33:07 <Rawr|Fone> You are a good pon dot <3
00:33:07 <CockRoach|42> http://scootiebloom.deviantart.com/art/Cozy-griffon-515985796
00:35:20 <Phearlock> Awww
00:35:54 <DoT`> adorable
00:36:19 -!- Crisium [webchat@dhcp-pa-67-20-245-248.consolidated.net] has joined #tlponies
00:39:47 <DoT`> a cris pon!
00:39:58 <Crisium> hai
00:41:02 <Crisium> http://bobdude0.tumblr.com/post/139584755479/giggly-filly
00:42:17 <DoT`> <3
00:42:30 <Crisium> http://slb94.deviantart.com/art/And-Then-There-s-This-Filly-571008704
00:42:53 <DoT`> haha
00:45:08 <Phearlock> =D
00:47:50 <Crisium> http://kawaiipony2.deviantart.com/art/Pinkie-Pie-349-593633941
00:47:55 <Crisium> http://wingedwolf94.deviantart.com/art/Rainbow-Dash-School-Girl-Outfit-Commission-539545157
00:48:00 <Crisium> http://rosycanvas.deviantart.com/art/Futtershy-533570761
00:48:04 <Crisium> http://kawaiipony2.deviantart.com/art/Luna-352-593635309
00:48:18 <Camail> dot pls
00:50:52 <Crisium> http://jdan-s.deviantart.com/art/Minuette-Colgate-Cat-Ponidox-593362510
00:55:33 <DoT`> camamail
00:56:46 <Camail> plllllsssss
00:58:07 <DoT`> snela
01:06:30 <Crisium> http://paragonaj.deviantart.com/art/Twilight-Head-Bang-540371897
01:07:24 <Crisium> http://neoncel.deviantart.com/art/Colgate-s-dental-health-poster-593158147
01:09:58 <Crisium> http://pulsefirekitten.deviantart.com/art/Slumber-Party-unfinished-552455902
01:10:44 -!- BioPhone [~Bioandroi@108-72-8-48.lightspeed.stlsmo.sbcglobal.net] has joined #tlponies
01:12:32 <Crisium> http://sunbusting.deviantart.com/art/A-Challenger-Approaches-593025088
01:15:13 <Crisium> http://adlynh.deviantart.com/art/Countess-Coloratura-592901934
01:17:39 <DoT`> ah cam, now i understand, i had dark souls minimised
01:18:10 <Camail> oh
01:18:13 <Camail> I was just saying pls
01:18:32 <DoT`> i thought you wanted me to cs more and ds less
01:18:35 <DoT`> ?saura
01:18:40 <Camail> nah just pls
01:18:45 <Camail> sometimes i just pls
01:18:49 <DoT`> .tell Saurabhinator http://imgur.com/gallery/dkXjF
01:23:28 <DoT`> http://imgur.com/gallery/Qrqhi
01:23:30 <DoT`> some new ones
01:26:39 <motbob> http://i.imgur.com/BInU1lp.jpg
01:27:19 <DuB`> Clever.
01:27:49 <Bio> I want u to cs doot
01:27:50 <Bio> T_T
01:28:26 <Crisium> http://magnaluna.deviantart.com/art/Smileeee-592782316
01:28:35 <DoT`> :)
01:39:12 <DuB`> :D
01:41:58 -!- Micen [~Micen@h134.235.136.40.static.ip.windstream.net] has joined #tlponies
01:42:49 <Crisium> http://vincentjiang0v0.deviantart.com/art/Princess-Luna-and-cake-549790868
01:43:50 <Micen> aww
01:44:27 -!- reification [~reificati@cpc76294-cosh16-2-0-cust297.6-1.cable.virginm.net] has joined #tlponies
01:44:27 -!- mode/#tlponies [+v reification] by Q
01:52:40 <Micen> whatbhave you horses been up to?
01:56:37 <DoT`> micen!
01:56:43 <Phearlock> looking at cute pics. Some From the Depths ship stuff.
01:56:57 * Micen is bored
01:56:59 <DoT`> watching some west marches, lying in bed
01:57:19 <Micen> I did hook my computer back up finally/ 
01:57:32 <Micen> .roll d20 art time
02:07:29 <Micen> Boo, I cant find the cable to charge my tablet
02:10:41 <DoT`> but art D:
02:11:14 <Micen> i got a spare that was laying around
02:14:00 <Crisium> http://9de-light6.deviantart.com/art/Pure-magic-558605388
02:14:55 <Micen> dang thats glowy
02:15:28 <Phearlock> Magic is radioactive
02:15:53 <Micen> https://www.youtube.com/watch?v=ktvTqknDobU  ?
02:15:59 <Crisium> http://captainpudgemuffin.deviantart.com/art/Concerning-Pegasi-592379395
02:18:04 -!- DoT|Phone [~Dot@0546f392.skybroadband.com] has joined #tlponies
02:18:49 <Crisium> http://onegutsypony.deviantart.com/art/Perfect-Disguise-ED-ATG-2015-Day-5-556347098
02:20:55 -!- DoT|Phone1 [~Dot@0546f392.skybroadband.com] has joined #tlponies
02:21:22 <Crisium> http://cassetteset.deviantart.com/art/Pensive-472993969
02:22:04 -!- DoT|Phone [~Dot@0546f392.skybroadband.com] has joined #tlponies
02:26:37 <Crisium> http://aymint.tumblr.com/post/139792425683/huh
02:30:13 <Micen> This is annoying. 
02:30:16 <Micen> I cant do art
02:31:01 <Micen> my mouse keeps getting caught in the drawing area of clip studio. So i cant interact with brushes or anything
02:31:02 <Crisium> just do this http://imgur.com/gallery/dkXjF
02:31:27 <Micen> and no. That isnt art. 
02:31:41 <Micen> that is terrifing. they ruined perfectly good drawings with those shapes
02:34:15 <Micen> hmm there we go
02:44:08 -!- Caumen [~Caumen@109.59.239.163.mobile.3.dk] has joined #tlponies
02:50:16 <Micen> art is hard
02:51:51 <Caumen> Yes micen
02:52:01 <Micen> got a sketch dopne
02:52:13 <Caumen> pls show :>
02:52:42 <Micen> well not done done.
02:53:03 <Micen> like i got one horse in position, and the outlines done for some background
02:53:17 <Micen> now i need to place a second flappy horse to go in with it
02:53:19 <Caumen> But what horsie
02:53:32 <Caumen> flappy horsies
02:53:37 <Micen> Moon dancer, and flappy is going to be twi
02:53:49 -!- FlutterAi_ [~FlutterAi@adsl-98-93-42-250.owb.bellsouth.net] has joined #tlponies
02:53:50 <Caumen> Oh
02:54:08 <Micen> doing a drawing prompt
02:54:09 <Micen> Ponies Working Together / Two Heads are Better than One
02:54:25 <Micen> going with some simple studying.
03:10:54 -!- ZK [ZK@modemcable021.52-59-74.mc.videotron.ca] has joined #tlponies
03:10:54 -!- mode/#tlponies [+v ZK] by Q
03:10:58 <Crisium> pon
03:11:30 <ZK> hi crisi
03:12:13 <ZK> i turn of age tomorrow
03:12:16 <ZK> i feel old
03:12:42 <Micen|Droid> How old ZK? 
03:12:46 <ZK> 23
03:13:02 <Micen|Droid> 23 isnt so old
03:13:18 <Micen|Droid> Its how old I will remain until October
03:13:18 <ZK> when i first joined TLP i was 18
03:14:02 <Micen|Droid> 17 when I started watching ponies. 
03:14:19 <Crisium> u young
03:14:47 <Crisium> when i turned 23 there weren't even ponies
03:15:06 <Crisium> though they started a couple months later
03:16:27 <Micen|Droid> Cris old horse. 
03:16:37 * Micen|Droid pats cris-pon
03:18:35 <DuB`> ZK Cris so old.
03:18:47 <ZK> hi dubbles
03:18:50 <Micen|Droid> How old u dub? 
03:19:03 <DuB`> 21
03:19:15 <Micen|Droid> Wow. Much youth. 
03:20:24 <DuB`> WEE.
03:20:30 <Crisium> yay im old
03:20:36 <Crisium> time to tell you about the good ol days
03:20:46 <Crisium> um
03:20:51 <Crisium> 90s nick was good tv
03:21:05 <Crisium> ya'll missed it
03:21:13 <Micen|Droid> I didnt. 
03:21:35 <Crisium> you watched the original run of pete and pete?
03:21:39 <Micen|Droid> Yes
03:21:58 <Micen|Droid> Though I always was more fond of Clarissa Explains it All
03:23:00 <Crisium> what year you born in?
03:23:06 <Micen|Droid> 1992
03:23:28 <Crisium> i guess a 1-4 year old could have watched it technically :P
03:23:55 <Crisium> tho nick did show 90s shows on repeats well into the late 90s
03:24:02 <Micen|Droid> That and the vhs recordings of Snick
03:24:07 <Crisium> but 93-98 was the peak i think
03:24:40 <Crisium> rockos modern life also 93-96 like pete and pete
03:24:43 <Crisium> such good years
03:24:50 -!- Phant [webchat@cpe-104-175-76-38.socal.res.rr.com] has joined #tlponies
03:24:58 <Phant> OVerwatch beta again
03:24:59 <Phant> woo
03:25:36 <Micen|Droid> Crisium: Are you Afraid of the Dark
03:25:41 <Crisium> of course
03:25:47 <Micen|Droid> There was a show. 
03:25:56 <Crisium> yes i know lol
03:25:59 <Crisium> ah, yes 93-98 was the peak for sure
03:26:10 <Micen|Droid> Cant argue that
03:26:11 <Crisium> cause in 99 rocket power started and that was the beginning of the decline
03:26:18 <Crisium> it was not bad
03:26:22 <Crisium> but it was below par
03:26:49 <Micen|Droid> Did you know the movie Snow Day was originally a Pete and Pete movie script they retooled? 
03:27:05 <Crisium> i did not
03:27:16 <Crisium> pete and pete still holds up because its so sureal
03:27:25 <Crisium> i watched it about 6 years ago and still enjoyed it
03:27:40 <Crisium> nostalgia helps, but i think anyone can appreciate it
03:30:41 <Micen|Droid> I need to watch it again soon 
03:30:48 <Micen|Droid> That and Kenan and Kel
03:37:07 <DuB`> PHANT WHY.
03:37:12 <DuB`> T_T_T_T_T__T_T_T_T
03:37:18 <Phant> My luck with betas is insane.
03:38:07 <DuB`>  aerbaoiu OIU AFOIUVN Baq948 hnoai4urbntg qo348iugq oaiusf
03:38:10 <DuB`> i rwuegoahuib rweganuibnl rwefgaiubhl3rT2 GO89UH23UG7W3uibG
03:38:31 -!- Micen_ [~Micen@h134.235.136.40.static.ip.windstream.net] has joined #tlponies
03:40:49 <Bio> I expect nothing
03:40:54 <Bio> and still I am disapoint
03:41:00 <ZK> the blues?
03:41:03 <Micen> Woah, blizz is giving away free LotV if you link twitch to battle net
03:41:05 <Bio> nein
03:41:08 <Micen> for someone
03:41:09 <Micen> like me
03:41:11 <Bio> onlywaj
03:41:13 <Micen> if i am lucky
03:41:14 <Bio> blues won
03:41:16 <ZK> thats good, you shouldnt have the blues
03:41:49 * Camail drinks dubs tears
03:42:16 <ZK> so why disapoint bio?
03:42:40 <Bio> <Bio> onlywaj
03:43:09 <DuB`> Camail you cannot possibly contain them all.
03:49:12 <Camail> delicious
03:49:34 <ZK> pancakes or dub tears?
03:50:45 <Bio> om nom
03:54:53 <Phant> ?saltlist
04:06:24 <BioSleep> nnnnnnnnnnnnnnnnnnn
04:36:04 -!- Micen|Droid_ [~AndChat20@66.87.3.8] has joined #tlponies
04:37:20 -!- Micen|Droid [~AndChat20@h134.235.136.40.static.ip.windstream.net] has joined #tlponies
07:01:24 -!- Micen|Droid_ [~AndChat20@66.87.103.238] has joined #tlponies
07:58:17 -!- FlutterAi [~FlutterAi@adsl-98-93-42-250.owb.bellsouth.net] has joined #tlponies
08:07:27 -!- DoT` [~Dot@0546f392.skybroadband.com] has joined #tlponies
08:30:14 -!- Frigo [~Frigo@catv-80-99-5-67.catv.broadband.hu] has joined #tlponies
08:43:06 -!- DoT` [~Dot@0546f392.skybroadband.com] has joined #tlponies
08:54:50 -!- Saurabhinator [webchat@58.174.177.17] has joined #tlponies
08:55:09 <Saurabhinator> ey
08:55:21 <Micen> Hi Saura
09:05:34 -!- DoT` [~Dot@0546f392.skybroadband.com] has joined #tlponies
09:30:17 -!- reification [~reificati@cpc76294-cosh16-2-0-cust297.6-1.cable.virginm.net] has joined #tlponies
09:30:17 -!- mode/#tlponies [+v reification] by Q
09:33:57 -!- DoT|Phone [~Dot@0546f392.skybroadband.com] has joined #tlponies
09:34:21 <DoT|Phone> morning ponies
09:42:35 <reification> dotties <3
09:46:13 <DoT|Phone> hey Reif!
09:48:46 <DoT|Phone> Rawr Rawr Rawr
09:52:57 <DoT`> Rawr|Fone
09:57:45 -!- tredc [webchat@90-224-53-116-no56.tbcn.telia.com] has joined #tlponies
09:58:16 <DoT|Phone> RAWR http://i.imgur.com/20YDHlT.gifv
09:58:34 <DoT|Phone> hi tredx
09:58:46 <tredc> hi DoT`
10:01:17 <DoT`> Rawr|Fone Rawr, roar ping
10:02:47 <DoT`> http://www.twitch.tv/gsl
10:23:54 <Phearlock> morning ponpons
10:25:07 <DoT`> hey phear <3
10:28:52 <DoT`> Saurabhinator, 
10:29:12 <Saurabhinator> ye
10:30:28 <DoT`> hows you
10:33:09 <DoT`> http://captainpudgemuffin.deviantart.com/art/Fair-Game-526339670
10:34:17 <Rawr|Fone> I'm awake
10:34:21 <Rawr|Fone> Ty dot
10:34:36 <DoT`> late rawr D:
10:34:45 <Rawr|Fone> Yes
10:34:54 <Rawr|Fone> Better late than never
10:35:03 <Rawr|Fone> I am not a morning person
10:35:21 <DoT`> i even posted corgi 
10:36:17 <Rawr|Fone> :3
10:36:40 <DoT`> .tell micen https://www.reddit.com/r/mylittlepony/comments/48k3jt/this_picture_was_tagged_twilight_sparkle_but_i/
10:37:34 <Phearlock> silly artist lol
10:41:52 <Saurabhinator> DoT`: ive been rly busy lately
10:41:59 <Saurabhinator> but im always busy
10:45:53 <DoT`> busy pon
10:47:07 <DoT`> you get the link?
10:49:37 <DoT`> its snowing!
10:49:58 -!- DoT|Phone1 [~Dot@0546f392.skybroadband.com] has joined #tlponies
10:51:23 <DoT`> IEM starts in 10 minutes!
10:54:17 <Saurabhinator> yeah i got it
10:54:29 <Saurabhinator> i siwtched fomr gymming 3 times a week to 5 times a week
10:54:30 <reification> http://gfycat.com/PinkJitteryBlacknorwegianelkhound
10:54:46 <Saurabhinator> do so much more exercise than I used to
10:54:53 <Saurabhinator> but its making me feel goos
10:54:57 <reification> :O you have to allow for recovery saura
10:54:58 <Saurabhinator> so I wanna keep doing it
10:55:22 <Saurabhinator> yeah i give each part of my body 2-3 days recovery
10:55:24 <DoT`> "its time for dank memes to die" - artosis
10:55:38 <DoT`> saura going to become bult byceps
10:55:38 <reification> going full meme
10:55:51 <Saurabhinator> i do an Upper - Lower - Core - Upper -Lower -Rest - Rest
10:55:58 <Saurabhinator> for my week
10:56:03 <Phearlock> We can either have dry memes or dank memes
10:56:10 <Phearlock> I prefer dank ones
10:56:41 -!- BioSleep [~Bio@108-72-8-48.lightspeed.stlsmo.sbcglobal.net] has joined #tlponies
10:57:05 <reification> sounds good saura
11:07:11 <Saurabhinator> reification: my program is Candito's LP
11:07:11 <Phearlock> .tell Bio Hug that shit https://derpiboo.ru/772229
11:07:36 <DoT`> http://www.twitch.tv/esl_sc2
11:11:02 <Phearlock> Imma watch doto
11:13:38 -!- Yolteotl [webchat@243.77.126.78.rev.sfr.net] has joined #tlponies
11:13:47 <Yolteotl> pones<3
11:13:50 <Yolteotl> gogo TY!
11:16:46 <Phearlock> Hi Yolt
11:20:51 <Yolteotl> hi phear :)
11:20:54 <Yolteotl> so much starcraft today
11:20:57 <Yolteotl> and no dot here
11:21:02 <Yolteotl> http://www.twitch.tv/gsl
11:21:05 <DoT`> YOLT
11:21:07 <Yolteotl> http://www.twitch.tv/esl_sc2
11:21:09 <DoT`> SO MUCH
11:21:24 <Yolteotl> I think I won't watch IEM til friday
11:21:30 <Yolteotl> or I won't work at all
11:21:31 <Yolteotl> D:
11:24:23 <Rawr|Fone> Beep beep
11:25:04 <reification> but it’s france vs france yolo
11:25:20 <Yolteotl> dot, I'm paid more this year ! like +300€ on the year
11:25:37 <Yolteotl> but with new taxes and stuff, I'll earn slightly less than before D:
11:26:27 <reification> france.txt
11:26:47 <Yolteotl> france best country :p
11:28:39 <DoT`> lol
11:44:24 <DoT`> no runbun to ask dark souls questions to D:
11:49:18 <Yolteotl> I played bloodborne
11:49:39 <Yolteotl> you remember?
11:49:41 <Yolteotl> "MORT"
11:50:21 <DoT`> MORT
11:50:58 <reification> pokerstars has esports betting o.O
11:52:05 <reification> i don’t have any unused freebets remaining tho
11:53:03 -!- Rawr|Phone [~Rawr@host-95-195-149-64.mobileonline.telia.com] has joined #tlponies
11:56:12 <DoT`> rawr late pon
11:56:18 <DoT`> what where you late for
12:04:21 <DoT`> drogo failing
12:06:47 -!- Rawr|Fone [~Rawr@81-235-224-116-no230.tbcn.telia.com] has joined #tlponies
12:09:50 <Rawr|Fone> I'm not late for anything dot
12:09:59 <Rawr|Fone> But I want to fix my sleep schedule
12:10:05 <Rawr|Fone> And go up earlier
12:10:08 <DoT`> oh dear
12:10:13 <DoT`> this is tricky thing to do
12:11:22 <Rawr|Fone> Very
12:11:25 <Yolteotl> you should go to bed later 
12:11:31 <Yolteotl> like 5 hours later a day
12:11:43 <Yolteotl> and wake up your normal hour next day
12:11:56 <DoT`> rawr just dont sleep tonight then stay awakre for the day
12:12:06 <Yolteotl> then you'll be SOOOO tired you'll sleep/wake up earlier the next next day :D
12:12:29 <Rawr|Fone> The problem with that yolt, is that I won't get up
12:12:35 <Yolteotl> put alarms!
12:12:38 <Yolteotl> LOT OF THEM
12:12:41 <DoT`> they dont help yolt
12:12:47 <DoT`> you have a job that forces you to get up
12:12:52 <DoT`> so easy then
12:13:01 <Yolteotl> and one you can't touch without leaving your bed.
12:13:21 <DoT`> pff, i just go back to bed or ignore it\
12:13:40 <Yolteotl> you so lazy
12:13:44 <Yolteotl> you could be italian
12:14:24 <DoT`> rude, and form a french person!
12:14:36 <Yolteotl> :D
12:14:46 <Yolteotl> at least
12:14:51 <Yolteotl> i'm not italian
12:15:51 <DoT`> the nuke
12:15:54 <DoT`> gg
12:16:41 <Rawr|Fone> There is a big difference here yolt
12:16:47 <Rawr|Fone> You have to get up
12:16:56 <Rawr|Fone> I don't
12:17:14 <reification> drogone
12:17:19 <DoT`> so ded
12:18:51 <Yolteotl> I'll give you 1€ each year
12:18:58 <Yolteotl> if you wake up earlier
12:19:07 <Yolteotl> it's a job right?
12:20:13 <DoT`> everyday please yolt
12:20:19 <Rawr|Fone> Every hour
12:20:43 <Yolteotl> I still have to buy a gaming chair dot
12:20:52 <Yolteotl> I'm not that rich :P
12:22:30 <DoT`> https://derpibooru.org/968174
12:26:19 <Yolteotl> i have to go
12:26:21 <Yolteotl> D:
12:26:28 <Yolteotl> i'll try to watch some games at work
12:26:54 -!- Rawr|Phone [~Rawr@host-95-195-149-64.mobileonline.telia.com] has joined #tlponies
12:42:43 -!- CellRoach [~CR@CockRoach|42.users.quakenet.org] has joined #tlponies
12:42:43 -!- mode/#tlponies [+v CellRoach] by Q
12:43:39 <CellRoach> Rawr, you should've woken up 2h and 45 mins ago
12:46:27 <Rawr|Phone> Ty
12:46:46 <Rawr|Phone> Du är en ängel herrn
12:48:40 <CellRoach> <3
12:48:50 <Rawr|Phone> <3
12:48:55 <CellRoach> I bet dot didnt remember
12:50:16 <DoT`> RUDE
12:51:31 <CellRoach> But most likely true (:
12:53:11 <Rawr|Phone> He did, actually
12:53:20 <Rawr|Phone> But I was too tired to answer
12:53:28 <CellRoach> Haha
12:53:30 <Rawr|Phone> And got up 30 minutes later
12:53:56 <DoT`> i even sent  acorgi pic
12:54:55 <Rawr|Phone> Gif even
12:57:20 <DoT`> http://www.twitch.tv/esl_sc2
12:57:22 <DoT`> BUNNY
12:58:32 <DoT`> yolt
13:00:44 -!- ZK [ZK@modemcable021.52-59-74.mc.videotron.ca] has joined #tlponies
13:00:44 -!- mode/#tlponies [+v ZK] by Q
13:00:52 <CellRoach> Sedkay!
13:01:08 <ZK> hi cr
13:01:44 <DoT`> .roll d20 to boop zk
13:01:52 <reification> .roll d20 boop zk
13:01:53 <DoT`> http://www.twitch.tv/esl_sc2
13:01:58 <DoT`> http://www.twitch.tv/gsl
13:01:59 <ZK> .roll d20 to boop DoT`
13:02:02 <ZK> .roll d20 to boop reification
13:02:16 <DoT`> bunny D:
13:02:23 <DoT`> 4 gated, lol
13:02:26 <ZK> I got Avatar Last Airbender as bday gift :o Always wanted that one as DVD :D
13:02:38 <DoT`> the series right?
13:02:39 <CellRoach> Pls boop responible
13:02:49 <CellRoach> Responsible too
13:02:50 <DoT`> as there is no movie
13:03:16 <CellRoach> Happy birthday, zk!
13:03:21 <ZK> movie wouldnt have made it to dvd
13:03:22 <ZK> ty CR
13:03:27 <ZK> I like fishing for that
13:04:01 <DoT`> pfff i booped him that counts as happy birthday
13:04:34 <DoT`> https://www.youtube.com/watch?v=bFzZUWQ1fQc
13:05:50 <reification> enjoy your birthday zk
13:05:55 <ZK> meh school
13:05:58 <ZK> and assignments
13:06:40 <CellRoach> Fuk da skool!
13:07:19 <CellRoach> Time to pony
13:09:45 <DoT`> lol has
13:09:53 <DoT`> such cheesiness
13:10:01 <reification> could’ve got good odds on has
13:16:46 <Rawr|Phone> 2cool4school
13:20:38 <DoT`> .is rawr drunk
13:20:43 <DoT`> so early
13:20:55 <Rawr|Phone> .is that lies and slander
13:20:59 <Rawr|Phone> D:
13:22:06 <DoT`> poor bunny
13:23:26 <DoT`> .tell runbunny http://imgur.com/gallery/zxuRd
13:25:55 -!- Rawr|Fone [~Rawr@81-233-7-47-no34.tbcn.telia.com] has joined #tlponies
13:30:03 <DoT`> gg bunny!
13:34:46 <DoT`> later pons, back in an hour or so i suppose
13:40:16 -!- skram [~skram@ip-92-146-106-77.eidsiva.net] has joined #tlponies
13:40:16 -!- mode/#tlponies [+v skram] by Q
13:45:03 <Rawr|Fone> Skram
13:48:01 <reification> nice picnic timing esl D:
13:57:45 <skram> morning tlp
13:57:56 <reification> rip bunny D:
13:58:17 <reification> hello skram
13:58:26 <reification> .roll d20 for lift
13:58:40 <Rawr|Fone> Half
14:03:46 -!- Frigo [~Frigo@catv-80-99-5-67.catv.broadband.hu] has joined #tlponies
14:31:08 -!- Lynda [~Lynda@Lynda.users.quakenet.org] has joined #tlponies
14:31:08 -!- mode/#tlponies [+v Lynda] by Q
14:31:08 <Lynda> hi
14:31:47 <Rawr|Fone> Hallo lynda
14:31:50 <Lynda> https://www.youtube.com/watch?v=wJUXLqNHCaI
14:33:22 <Lynda> also TIL something as extremely obscure as Rubidium iodide salt is used as an anti-cataract med; desperate diseases, desperate cures
14:33:22 <Lynda>  I guess
14:53:57 -!- DuB` [DuB@66-219-213-203.dynamic.ip.veracitynetworks.com] has joined #tlponies
14:54:11 <DuB`> Ohayou~
14:55:21 <skram> HALLO DUB
14:55:23 <DuB`> http://assets.amuniversal.com/1dfc7420bbca0133417a005056a9545d
14:55:35 <DuB`> If any of you got OW beta.
14:55:39 <DuB`> Please don't tell me.
14:56:09 <skram> there was another wave?
14:56:37 <DuB`> Mhm.
14:58:27 <skram> did blizzard not get my note
14:58:34 <skram> i said i wanted ow
15:01:43 <Rawr|Fone> Try sending another one
15:11:04 -!- DoT|Phone [~Dot@0546f392.skybroadband.com] has joined #tlponies
15:12:05 <DoT`> PONIES
15:12:19 <DoT`> <3 <3
15:16:24 <DoT`> DUB
15:16:26 <DoT`> Its huk
15:16:38 <DuB`> It's class time!
15:16:43 <DoT`> no
15:17:05 <DoT`> http://imgur.com/gallery/Vay3e6J
15:17:06 <DoT`> rawr
15:21:36 <DoT`> gg huk!
15:24:37 <Cane> I'm playing through Shovel Knight again. I freaking love this game so much.
15:24:41 <Cane> I should stream this.
15:25:23 <DoT`> i agree
15:26:32 <Rawr|Fone> Dot
15:30:44 <DoT`> did huk just trash talk tlo D:  
15:30:46 <DoT`> RUUUDE
15:30:50 <reification> shots fired
15:36:28 -!- Golly [~Golly@1.92-221-121.customer.lyse.net] has joined #tlponies
15:36:39 <DoT`> ive missed redeye
16:09:13 <DoT`> pon pno pon
16:11:43 -!- FlutterAi_ [~FlutterAi@adsl-98-93-42-250.owb.bellsouth.net] has joined #tlponies
16:16:11 -!- DoT|Phone [~Dot@0546f392.skybroadband.com] has joined #tlponies
16:26:26 <Rawr|Fone> 🐴🐴🐴
16:26:54 <DoT`> my dark souls experience is mainly
16:27:08 <DoT`> get to grey wall before boss fight and have no health vials
16:27:21 <DoT`> go get vials then die repeatedly on way back to boss
16:27:44 <DoT`> gettig thier the first time is no issue
16:34:24 -!- DoT|Phone1 [~Dot@0546f392.skybroadband.com] has joined #tlponies
16:35:19 <Rawr|Fone> Dot snela
16:46:28 -!- Rarity [znc@Heartmender.users.quakenet.org] has joined #tlponies
16:49:54 -!- DoT|Phone [~Dot@90.218.72.141] has joined #tlponies
16:50:52 -!- DoT` [~Dot@90.218.72.141] has joined #tlponies
16:50:54 <DoT`> silly intenret
16:51:00 -!- Twi [znc@ns501493.ip-142-4-215.net] has joined #tlponies
16:51:09 -!- Twi [znc@Twi.users.quakenet.org] has joined #tlponies
16:53:08 <reification> gg showtime
17:18:01 -!- Frigo1 [~Frigo@catv-80-99-5-67.catv.broadband.hu] has joined #tlponies
17:18:23 <DoT`> so many immortals
17:22:13 <DoT`> and lost DL
17:30:03 -!- DoT` [~Dot@90.218.72.141] has joined #tlponies
17:37:51 * skram pinches DoT`s cheeks
17:38:00 <skram> HELLO FELLOW HUMAN
17:42:47 -!- DuB` [~DuB@128.187.116.19] has joined #tlponies
17:43:42 <Rawr|Fone> I am gonna get either lotv or sf5
17:43:52 <Rawr|Fone> Dunno which I want more
17:44:05 <DuB`> Get oberwaj.
17:44:10 <DuB`> And then gib it to me.
17:44:28 <Rawr|Fone> Worst game
17:44:48 <DoT`> Hedge jonas
17:44:52 <DoT`> Daaab
17:45:21 <DuB`> Daaat
17:45:35 <DuB`> Phant got OW. >:T
17:45:39 <skram> im not a hedge ok?
17:45:43 <DuB`> I don't think he can be my friend anymore.
17:45:59 <DoT`> ?saltlist
17:46:13 <DoT`> phant has contacts
17:46:42 <DuB`> Powersalt Ponies.
17:46:55 <DuB`> AKA the pinglist.
17:52:59 <skram> this shanghai drama is delicious
17:53:02 <skram> DELICIOUS
17:53:33 <DuB`> What now?
18:03:22 * DoT` hugs Dub
18:03:30 <DoT`> you didnt suspect that!
18:03:33 <DuB`> !
18:03:37 <DuB`> Heehee.
18:03:51 <DuB`> .choose subway pizza
18:03:55 <DuB`> Hmmmm.
18:04:53 <Micen> I might have a job again!
18:05:42 <Micen> also good morning ponies
18:07:15 <DuB`> G'morning and grats! :)
18:07:57 <DoT`> hello micen
18:08:00 <DoT`> what work?
18:08:20 <DoT`> and how did art go?
18:08:37 <Rawr|Fone> It's kind of sad skram
18:09:35 <Micen> I got part of a sketch done for art, might work on it for a bit. 
18:10:14 <Micen> and renting these at the local mall
18:10:15 <Micen> http://www.animalriders.com/
18:11:15 <DoT`> that poor elephant D:
18:12:16 <Micen> I will rent animitronic elephants if I get paid for it. Who needs animal rights.
18:12:18 <Micen> ppft. 
18:13:48 -!- Runbunny [~Runbunny@62.61.130.232.generic-hostname.arrownet.dk] has joined #tlponies
18:14:52 <Runbunny> Hai.
18:15:27 <DoT`> ANGEL
18:15:34 <Runbunny> Dot
18:15:41 <Runbunny> What is your status?
18:16:05 <DoT|Phone> killed sewer Dragon mouth thing
18:16:14 <Runbunny> gaping dragon.
18:16:18 <Runbunny> nice.
18:16:19 <DoT|Phone> yea
18:16:24 <Runbunny> So it's blighttown for you?
18:17:04 <DoT|Phone> I haven't had amazing trouble. except for camera angles
18:17:12 <DoT|Phone> I have the spider shield
18:18:09 <DoT|Phone> I got to the white mist and had no vials left so went back to the fire
18:18:26 <DoT|Phone> now keep getting stupid deaths trying to get back
18:18:36 <Micen> playing Dark Souls?
18:18:40 <Runbunny> Yeah
18:18:43 <Runbunny> No spoilers
18:18:47 <Micen> I know
18:18:48 <Runbunny> Dot is in for a treat.
18:18:50 <Runbunny> :3
18:19:00 <DoT|Phone> you mean sadness
18:19:14 <Runbunny> I can't wait till he'll stream Sen's fortress attempts :D
18:19:43 <Micen> 4 kings might be good as well.
18:20:00 <Runbunny> That's ways out though
18:20:31 <Micen> True, true.
18:21:58 <DoT|Phone> well you can try watch later I suppose
18:23:28 <Rawr|Fone> I bought lotv dot
18:23:36 <DoT|Phone> but it's just me dying in stupid ways as I argue with controls
18:23:51 <DoT|Phone> woohoo Rawr
18:24:16 <Rawr|Fone> Gonna try it out
18:24:30 <Rawr|Fone> It's been a while since I played starcraft
18:25:02 <DoT|Phone> spam
18:26:00 <Rawr|Fone> I will
18:26:06 <DoT|Phone> And angel. when this things leap on you must you just wait it out
18:29:11 <Runbunny> The guys?
18:30:53 <DoT|Phone> the things in blight town
18:30:57 <DoT|Phone> the hug you
18:32:15 -!- Yolteotl [webchat@243.77.126.78.rev.sfr.net] has joined #tlponies
18:33:52 <DoT|Phone> yooolt
18:33:59 <reification> yolo!
18:34:06 <Yolteotl> hi pones
18:34:06 <Yolteotl> :D
18:34:10 <Yolteotl> my work day is over
18:34:26 <DoT|Phone> yay
18:35:27 <Yolteotl> dot
18:35:33 <Yolteotl> should I buy a gaming chair?
18:35:37 <Yolteotl> I can't decide
18:35:37 <Yolteotl> D:
18:40:09 <Runbunny> Dot the trick is to not get hit.
18:41:10 <DoT|Phone> easy
18:41:54 <Yolteotl> dot learning dark soul ?
18:42:22 -!- Golly [~Golly@1.92-221-121.customer.lyse.net] has joined #tlponies
18:44:57 <DoT|Phone> Skram http://i.imgur.com/oI8MXyG.gifv
18:48:55 -!- FlutterAi [~FlutterAi@adsl-98-93-42-250.owb.bellsouth.net] has joined #tlponies
18:51:14 -!- tredc [webchat@90-224-53-116-no56.tbcn.telia.com] has joined #tlponies
18:56:34 <DuB`> Waow dot.
19:01:58 <DoT|Phone> dab
19:02:07 <DoT|Phone> wat
19:03:09 <DuB`> Quite walrus.
19:10:46 <Micen> Yolt, yes. Buy gaming chair
19:12:34 <Rawr|Fone> I won my first game dot
19:13:36 <DoT|Phone> So good Rawr
19:13:52 <Yolteotl> http://www.needforseat.de/eu_english/shop/pro-gaming--office/index.php
19:14:01 <Yolteotl> micen, there are too much choices
19:14:03 <Yolteotl> *choice
19:14:13 <Yolteotl> i'm not good at picking
19:14:16 -!- DuB`zZz [DuBoff@66-219-213-203.dynamic.ip.veracitynetworks.com] has joined #tlponies
19:14:24 <DoT|Phone> pick the most expensive
19:15:52 <Yolteotl> they all cost the same
19:16:09 -!- Mag_ [~Mag@107.92-221-99.customer.lyse.net] has joined #tlponies
19:22:08 <reification> there’s €50 spread between cheapest and pro yolo
19:22:44 <reification> not going straight for the team liquid one :O
19:23:03 <DoT|Phone> heathen Yolt
19:24:34 <Yolteotl> D:
19:25:08 <DoT|Phone> get one as close to Luna colours
19:25:52 <Yolteotl> http://www.needforseat.de/eu_english/shop/pro-gaming--office/maxnomic-dominator-blue.php
19:25:55 <Yolteotl> this one?
19:26:11 <DoT|Phone> that's bright.
19:26:24 <reification> depends on room colour yolo
19:27:21 <DoT|Phone> I would probably just end up picking black
19:30:05 <DoT|Phone> Rawr http://i.imgur.com/6o6Cbh0.gifv
19:31:02 <Rawr|Fone> Woof woof
19:31:05 <DoT|Phone> http://i.imgur.com/JqpmJeW.gifv
19:31:22 <Yolteotl> room is white :p
19:32:20 <DoT|Phone> Celestia colours. good job Yolt
19:41:16 <reification> good house decoration scheme dotties. every room a different pony
19:45:25 <DoT|Phone> the pinkie pie room will be sore on the eyes
19:45:28 <DoT|Phone> So bright
19:48:13 <Yolteotl> I cooked some pasta with tuna
19:48:28 <Yolteotl> very good <3
19:48:34 <DoT|Phone> with Luna
19:48:49 <Yolteotl> don't be silly
19:48:50 <Yolteotl> silly
20:03:38 <Rawr|Fone> I am better than gold league players it seems
20:03:43 <DoT|Phone> yay
20:14:42 <DoT`> rawr raw rrwar
20:14:59 <Rawr|Fone> Dot do tdot
20:15:01 <DoT`> <3
20:15:52 <Rawr|Fone> <3
20:16:14 <Rawr|Fone> I have three placement matches left dot
20:16:26 <Rawr|Fone> Probably won't play more today though
20:16:49 <DoT`> its a start
20:17:01 <DoT`> im back to silly game of deaths
20:17:36 <Rawr|Fone> D:
20:17:58 <Yolteotl> DotT dOT Dot
20:18:00 <Yolteotl> MORT
20:18:20 <DoT`> so MORT
20:24:51 -!- BioPhone [~Bioandroi@client45-244.wifi.siue.edu] has joined #tlponies
20:25:18 <BioPhone> Hee hoo hoo hee hee hoo hee hee hoo
20:26:22 <Rawr|Fone> There is a pon
20:27:04 <DoT`> Bayuuu
20:27:47 <DoT`> fuuuuuuuuuuuuu
20:27:58 <Rawr|Fone> I played against a terran who didn't use a single mule
20:28:03 <DoT`> i aslt tabbed to type here and apparently there are now flying things in the game
20:28:17 <DoT`> open back up to see im poisend
20:28:27 <DoT`> with 1 tick lef ttill dead
20:28:36 <Runbunny> yeah those guys suck
20:28:56 <Runbunny> Can't really go afk in dark souls. unless in firelink or something.
20:33:15 -!- Biopone [~Bioandroi@166.175.184.75] has joined #tlponies
20:37:54 <DoT`> lol i fell into the water, but i found a bonfire down here
20:38:39 -!- Frigo [~Frigo@catv-80-99-5-67.catv.broadband.hu] has joined #tlponies
20:40:32 -!- Biopone [~Bioandroi@client45-244.wifi.siue.edu] has joined #tlponies
20:46:19 <DoT`> the lift >.>
20:46:55 <DoT`> gg snute
20:53:52 <Runbunny> Which way are you going now Dot?
20:55:50 <DoT`> i dont even know!
20:56:03 <DoT`> i fell down and now have gone up a dangerous lift
20:57:41 <DoT`> found the valley of drakes
20:58:47 <Runbunny> Did you find the key?
20:58:54 <DoT`> yes
20:58:59 <DoT`> and the new londo rubes
20:59:02 <DoT`> runes
20:59:12 <DoT`> i dont tihnk i shoud be going this way
20:59:19 <Runbunny> you found the shortcut. Nicely done Dot.
20:59:24 <DoT`> LOL
20:59:27 <DoT`> i have such skills
21:00:12 <Runbunny> You should go human in the bottom of blighttown and have fun with Man-eater Mildred.
21:01:38 -!- Camail [~Camail@38.69.8.163] has joined #tlponies
21:01:38 -!- mode/#tlponies [+v Camail] by Q
21:02:29 <DoT`> i found goldie
21:02:36 <DoT`> and a way back to firelink shrine
21:02:40 <DoT`> i feel better now
21:02:48 <DoT`> camaamil!
21:04:54 <DoT`> back to blighttown i suppose
21:05:40 -!- DoT|Phone [~Dot@90.218.72.141] has joined #tlponies
21:05:53 <Runbunny> Yeah.
21:09:38 <Yolteotl> https://youtu.be/8BeelCXxL9s
21:09:43 <Yolteotl> it's happening!!
21:09:51 <Yolteotl> $75.000 Psyonix Championship announced 
21:10:23 <reification> !!
21:10:28 <Yolteotl> :D
21:10:49 <Yolteotl> I really want to see some huge championship
21:13:28 <Yolteotl> "Twitch will handle broadcasts and manage league operations."
21:13:59 <Yolteotl> Some esports franchises have signed top performing Rocket League sides, including SK Gaming, Noble Esports, and Flipsid3 Tactics
21:15:20 -!- Camail_ [~Camail@38.69.8.163] has joined #tlponies
21:15:21 -!- mode/#tlponies [+v Camail_] by Q
21:15:32 -!- Micen_ [~Micen@h134.235.136.40.static.ip.windstream.net] has joined #tlponies
21:15:52 -!- Biopone [~Bioandroi@166.175.185.167] has joined #tlponies
21:17:16 -!- Camail__ [~Camail@38.69.8.163] has joined #tlponies
21:17:32 -!- Micen__ [~Micen@h134.235.136.40.static.ip.windstream.net] has joined #tlponies
21:24:45 <DoT`> Runbunny, STUPID DEAD ENDS IN BLIGHT TOWN
21:24:47 <DoT`> caps
21:25:03 <Yolteotl> MORT
21:25:09 <DoT`> wonderd over a dodgy root killed stuff but nothing really there
21:30:11 <DoT`> kalegod vs Neeb!
21:30:14 <DoT`> DuB`zZz, !!!
21:33:03 <Runbunny> Get to the bottom Dot.
21:33:43 <DoT`> ewwwww leeches
21:33:49 <DoT`> i hate this water
21:35:12 <Yolteotl> http://www.gamepressure.com/e.asp?ID=563
21:35:17 <Yolteotl> Good job Ubisoft
21:36:27 <DoT`> Runbunny, i assume plank shield is the mos amaze thing ever
21:36:43 -!- FlutterAi_ [~FlutterAi@adsl-98-93-42-250.owb.bellsouth.net] has joined #tlponies
21:38:33 <Runbunny> yeah pretty OP
21:41:42 <Micen__> grass crest for life. 
21:42:11 <DoT`> i cant find this thing you wanted me to fight angel lol
21:43:22 <Runbunny> Nah you're kinda going to the wrong end of bottom.
21:43:28 <Camail__> jump
21:43:31 <Camail__> down
21:43:35 <Runbunny> you must ring the second bell Dot.
21:44:00 <DoT`> the only place i havnt been now is where the large guys holding rocks are
21:46:51 <DoT`> if i knew where it was angel!
21:51:05 <DoT`> nope nope nope
21:51:16 <DoT`> i dont want to go near the definat spider den
21:51:23 <Micen__> thats where you need to go
21:53:14 <Runbunny> Are you not the chosen undead Dot?
21:53:14 <Runbunny> Aren't you the guy who rings the bells?
21:53:37 <DoT`> not anymore!
21:54:00 <DoT`> i have 1 mm of health and no vials! time to kill this thing
21:55:13 <DoT`> i think it went well
21:59:05 <DoT`> i was invaded! and won 
22:01:31 <Runbunny> man-eater Mildred?
22:02:02 <DoT`> i think so
22:03:38 <Runbunny> That's an npc invasion, but nicely done dot.
22:03:50 <Runbunny> surely you'll be a master in no time.
22:04:18 <DoT`> its something!
22:04:20 <DoT`> :P
22:05:18 <DoT`> always getting poisend by water
22:06:47 <DoT`> i lost 7 humanity
22:06:59 <DoT`> because controls are bad
22:07:59 <Runbunny> You can buy moss that remove poison back at that vendor... Luckily for you, you have a shortcut to get there.
22:09:39 -!- DuB`off [DuBoff@66-219-213-203.dynamic.ip.veracitynetworks.com] has joined #tlponies
22:11:43 -!- DoT|Phone [~Dot@90.218.72.141] has joined #tlponies
22:20:32 <Micen__> Dot, you playing with Mouse and Keyboard or Controller?
22:20:45 <DoT`>  i finaly changed out an item of woderer gear , i now have a red skirt
22:20:51 <DoT`> m/k
22:21:30 <Micen__> thers your issue with the controller. It is so much better with a controller
22:21:47 <DoT`> new record! survived like 20 seconds then got caught in legs while attacking
22:21:58 <DoT`> well thats a great help micen
22:22:05 <DoT`> i dont have one
22:22:15 <DoT`> and suck with controllers anyway
22:22:29 <DoT`> ive maybe used 1 for 20 minutes in my life
22:22:35 <Micen__> ahh. 
22:24:37 <Micen__> Dot, did you run things like DSfix? 
22:24:45 <Micen__> or put it in there. 
22:25:14 <Micen__> http://www.nexusmods.com/darksouls/mods/top/?
22:25:26 <Micen__> DSfix, and mouse fix should help you out a bunch if you are having troubles.
22:26:04 <DoT`> i spent about an hour sorting out the mods for m/k
22:26:28 <DoT`> otherwise i wouldnt have got further tthan 10 mnutes
22:27:09 <DoT`> as without it the mouse doesnt stay on the 1 screen >.>
22:27:23 <DoT`> click minimize all day
22:28:15 -!- ZK [ZK@modemcable021.52-59-74.mc.videotron.ca] has joined #tlponies
22:28:15 -!- mode/#tlponies [+v ZK] by Q
22:28:29 <ZK> Watching TLA on dvd, I finally supported the series :D
22:29:35 <Micen__> ahh okay, just wanted to make sure. 
22:29:49 <Micen__> and TLA zk?
22:29:56 <ZK> the last airbender
22:30:00 <Micen__> ahh
22:30:04 <Micen__> i blanked
22:30:13 <Micen__> I finally finished that not too long ago
22:30:13 <ZK> i should buy korra eventually
22:30:17 <Micen__> i need to watch Korra
22:30:18 <Runbunny> Don't bother with mouse controls and play on keyboard only O:
22:30:21 <ZK> iyd htrsy idny iy?
22:30:25 <ZK> its great isnt it?*
22:30:50 <Micen__> It was, but the ending felt very kids show. 
22:31:04 <ZK> I thought it was so great
22:31:18 <ZK> Good ending != kids show
22:31:35 <ZK> unless you just mean the kiss, or you mean the way the evil was defeated?
22:31:45 <ZK> Cause the lead-up and final fight were all so damn great
22:32:02 <Micen__> I mean the Azula part is what I am talking about
22:32:19 <skram> i just feel sad for azula
22:32:21 <skram> shes like 14
22:32:48 <ZK> I loved that Zuko coming into his own to defeat Azule himself, but then Katara having a say in it
22:33:10 <ZK> Zuko not defeating her on his own was good
22:33:18 <DoT`> bleeehhhhhh
22:33:24 <DoT`> fight is hard
22:34:09 <Micen__> based on the way the characters develped Zuko would have killed her, espically after hurting Katara. OR Katra would have been like "I dont have a choice, she is too crazy. time to do some crazy bloodbending stuff." 
22:34:45 -!- Frigo [~Frigo@catv-80-99-5-67.catv.broadband.hu] has joined #tlponies
22:38:39 <ZK> The whole premise of the show is killing won't be done , especially with how Aang doesnt kill the fire lord, would have taken a lot out of the message if the daughter doesnt survive
22:40:56 -!- Micen [~Micen@h43.92.19.98.dynamic.ip.windstream.net] has joined #tlponies
22:45:24 <DoT`> NEEB
22:45:33 <DoT`> protoss!!
22:45:38 <ZK> yep neeb
22:46:25 <DoT`> gg
22:46:34 <DoT`> poor kalegod though
22:54:06 <ZK> Yay HuK!
22:54:18 <ZK> oh huk vs mana...
22:54:19 <ZK> go huk
22:56:08 <DoT`> mana!
22:57:01 <ZK> :o
22:57:04 <ZK> But HuK!
22:57:23 <ZK> .tell dub` HuK or Mana? I say HuK, DoT` says Mana!
22:58:26 <Rawr|Fone> 🐴🐴🐴
23:01:13 <DoT`> i know huk, but he trash talked TLO today
23:02:44 <motbob> rechat died
23:02:50 <motbob> so my bot that uses rechat died
23:02:55 <motbob> thanks twitch
23:04:05 <motbob> now I have to figure out how Twitch saves and displays chat
23:04:34 <ZK> link DoT`?
23:06:15 <DoT`> it was in his winner interrview
23:06:46 <DoT`> it was nothign bad really, just normal huk saying other players are bad
23:12:36 -!- BioPhone [~Bioandroi@client45-244.wifi.siue.edu] has joined #tlponies
23:12:43 <DoT`> BIO
23:13:00 <BioPhone> Hi pony
23:15:13 <BioPhone> That feel wen I won't spam aardvark in only watch
23:15:57 <ZK> so umm, i received A:TLA in DVD, but the version i pirated is better quality. Heh
23:16:21 <DoT`> haha
23:16:28 <DoT`> now you can watch it with no guilt!
23:16:40 <DoT`> because we watch pirate stuff feeling guilty obviosly
23:16:57 <skram> dvd quality is pretty poor :(
23:17:16 <skram> and kinda old too honestly :p
23:18:07 <ZK> got it, never buy DVDs again. But it felt so good to have the hard copy!
23:18:43 <skram> bluray zeke
23:18:55 <skram> or you could get the laserdisc version I guess
23:22:42 <motbob> you could burn mp4s to disk if your disc player plays mp4s
23:26:12 <ZK> i looked for the lsat airbender blu ray
23:26:17 <ZK> i did not like what came of it
23:26:45 <skram> ?
23:26:48 <ZK> some sort of movie
23:26:54 <skram> oh lol
23:27:15 <DoT`> do you need counseling zk?
23:27:18 <skram> i havent seen it
23:27:23 <ZK> dont
23:27:24 <skram> but apparantly its the worst thing ever made
23:27:26 <ZK> i watched it
23:27:29 <ZK> still go to therapy
23:27:30 <motbob> korra has nice blu rays out
23:50:46 -!- DoT|Phone [~Dot@90.218.72.141] has joined #tlponies
23:52:17 -!- FlutterAi [~FlutterAi@adsl-98-93-42-250.owb.bellsouth.net] has joined #tlponies
23:54:01 -!- Biopone [~Bioandroi@166.175.186.228] has joined #tlponies
