00:04:30 -!- Runbunny has quit [Signed off]
00:06:09 -!- BioClass has quit [Ping timeout]
01:21:12 -!- Golly has quit [EOF from client]
01:25:28 -!- reification has quit [Signed off]
01:51:48 -!- motbob has quit [Signed off]
02:58:04 -!- FlutterAi has quit [Ping timeout]
03:37:52 -!- DuB`zZz has quit [Read error: Connection reset by peer]
03:44:31 -!- DoT|Phone has quit [Ping timeout]
03:47:58 -!- Golly has quit [Ping timeout]
04:00:00 -!- Wikt|dc_ has quit [Read error: Connection reset by peer]
05:22:53 -!- DoT` has quit [Read error: Connection reset by peer]
06:11:49 -!- Camail has quit [Signed off]
06:54:45 -!- Camail has quit [Signed off]
07:00:14 -!- Rawr|Phone has quit [EOF from client]
07:08:11 -!- Phearlock has quit [Ping timeout]
08:32:25 -!- Micen has quit [Ping timeout]
09:48:36 -!- Wikt has quit [Read error: Connection reset by peer]
09:48:36 -!- DoT|Phone has quit [Read error: Connection reset by peer]
10:03:13 -!- DoT|Phone has quit [Read error: Connection reset by peer]
10:07:04 -!- DoT|Phone has quit [Ping timeout]
10:25:49 -!- Golly has quit [Ping timeout]
10:36:25 -!- DoT|Phone1 has quit [Read error: Connection reset by peer]
10:42:29 -!- DoT|Phone2 has quit [Ping timeout]
12:19:23 -!- Saurabhinator has quit [Signed off]
12:43:25 -!- Runbunny has quit [Read error: Connection reset by peer]
12:45:59 -!- DoT|Phone1 has quit [Ping timeout]
13:20:32 -!- DoT|Phone has quit [Ping timeout]
13:21:48 -!- Emily has quit [Signed off]
13:48:28 -!- DoT|Phone has quit [Read error: Connection reset by peer]
14:12:28 -!- DoT|Phone1 has quit [Ping timeout]
14:49:12 -!- Frigo has quit [Read error: Connection reset by peer]
15:53:01 -!- DoT|Phone has quit [Ping timeout]
17:29:04 -!- DoT|Phone has quit [Ping timeout]
19:02:05 -!- BioPhone has quit [Read error: Connection reset by peer]
19:05:04 -!- Biopone has quit [Ping timeout]
20:48:28 -!- DoT|Phone has quit [Read error: Connection reset by peer]
21:12:28 -!- DoT|Phone1 has quit [Ping timeout]
21:23:21 -!- reification has quit [Signed off]
21:25:11 -!- Bio-Comm has quit [Ping timeout]
21:26:27 -!- Biopone has quit [Read error: Connection reset by peer]
21:45:37 -!- DoT|Phone has quit [Ping timeout]
21:52:05 -!- Biopone has quit [Ping timeout]
21:52:59 -!- BioPhone has quit [EOF from client]
21:54:58 -!- Mag_ has quit [Ping timeout]
22:23:51 -!- Frigo has quit [Read error: Connection reset by peer]
22:33:44 -!- Mag_ has quit [Ping timeout]
22:51:39 -!- DoT|Phone has quit [Ping timeout]
22:57:09 -!- BioPhone has quit [EOF from client]
23:22:41 -!- Runbunny has quit [Signed off]
23:33:48 -!- tredc has quit [Signed off]
23:51:53 -!- Biopone has quit [Signed off]
23:51:55 -!- BioPhone has quit [Read error: Connection reset by peer]
23:53:47 -!- Biopone has quit [Signed off]
