00:07:43 -!- FlutterAi has quit [Ping timeout]
00:08:28 -!- DoT|Phone has quit [Read error: Connection reset by peer]
00:25:04 -!- Wikt|dc_ has quit [Ping timeout]
00:32:41 -!- tredc has quit [Signed off]
01:19:32 -!- Micen has quit [Ping timeout]
02:15:40 -!- Micen_ has quit [Ping timeout]
02:29:47 -!- Micen__ has quit [Ping timeout]
02:49:33 -!- Golly has quit [Ping timeout]
03:00:32 -!- Micen_ has quit [Ping timeout]
03:03:52 -!- DuB` has quit [Signed off]
03:22:30 -!- Emily has quit [Ping timeout]
03:30:29 -!- FlutterAi_ has quit [Read error: Connection reset by peer]
04:05:57 -!- skram has quit [Ping timeout]
05:13:47 -!- Camail has quit [Signed off]
06:33:36 -!- Camail has quit [Signed off]
07:05:53 -!- Rawr|Fone has quit [Ping timeout]
07:20:28 -!- Rawr|Phone has quit [EOF from client]
07:27:39 -!- ZK has quit [Ping timeout]
07:51:52 -!- motbob has quit [Read error: Connection reset by peer]
08:24:35 -!- Wikt_ has quit [Ping timeout]
10:06:57 -!- Cane has quit [Ping timeout]
10:18:53 -!- DoT|Phone has quit [Ping timeout]
10:32:20 -!- DoT|Phone1 has quit [Ping timeout]
11:37:57 -!- DoT|Phone has quit [Read error: Connection reset by peer]
11:37:57 -!- DoT|Phone1 has quit [Read error: Connection reset by peer]
14:21:59 -!- Rawr|Fone has quit [Ping timeout]
14:40:55 -!- Runbunny has quit [Signed off]
15:11:44 -!- Rawr|Fone has quit [EOF from client]
15:15:11 -!- tredc has quit [Ping timeout]
17:17:43 -!- ZK has quit [Ping timeout]
17:23:56 -!- Rawr|Fone has quit [EOF from client]
17:30:00 -!- Cane has quit [Signed off]
18:10:01 -!- Rawr|Fone has quit [Ping timeout]
18:34:40 -!- Cane has quit [Ping timeout]
18:36:44 -!- motbob has quit [Ping timeout]
19:49:36 -!- skram has quit [Ping timeout]
20:30:41 -!- tredc has quit [Ping timeout]
21:37:00 -!- Micen_ has quit [Ping timeout]
22:55:01 -!- Runbunny has quit [Signed off]
