00:26:05 -!- Golly has quit [Ping timeout]
00:58:45 -!- DoT|Phone has quit [Ping timeout]
01:28:20 -!- skram has quit [Ping timeout]
01:41:56 -!- Phearlock has quit [Ping timeout]
04:06:00 -!- Camail has quit [Signed off]
06:31:26 -!- Camail has quit [Signed off]
06:52:24 -!- AndroUser2 has quit [Ping timeout]
06:58:39 -!- AndroUser2 has quit [Ping timeout]
07:45:46 -!- ZK has quit [Ping timeout]
10:31:06 -!- Rawr|Fone has quit [Ping timeout]
11:57:39 -!- DoT|Phone has quit [Ping timeout]
13:54:17 -!- skram has quit [Ping timeout]
14:34:16 -!- tredc has quit [Ping timeout]
14:47:02 -!- Bio has quit [Ping timeout]
14:49:45 -!- Wikt has quit [Read error: Connection reset by peer]
15:26:09 -!- Westy543 has quit [Ping timeout]
16:40:10 -!- Rawr|Phone has quit [Ping timeout]
17:10:46 -!- Micen|Droid has quit [Read error: Connection reset by peer]
17:12:42 -!- ZK has quit [Ping timeout]
18:38:12 -!- Dot` has quit [Ping timeout]
19:31:47 -!- tredc has quit [Ping timeout]
20:53:57 -!- Runbunny has quit [Signed off]
20:57:31 -!- Rawr|Fone has quit [Ping timeout]
21:04:25 -!- Yolteotl has quit [Ping timeout]
21:29:16 -!- ShotgunPrincess has quit [Ping timeout]
