00:13:43 -!- Frigo has quit [Read error: Connection reset by peer]
00:45:28 -!- reification has quit [Signed off]
01:56:40 -!- Frigo has quit [Read error: Connection reset by peer]
02:01:42 -!- FlutterAi_ has quit [Ping timeout]
02:04:41 -!- skram has quit [Ping timeout]
02:14:37 -!- Crisium has quit [Signed off]
02:24:34 -!- Yoltphone has quit [Read error: Connection reset by peer]
02:25:54 -!- Runbunny has quit [Signed off]
02:27:53 -!- DuB` has quit [Signed off]
03:49:29 -!- DoT|Phone has quit [Ping timeout]
03:50:45 -!- Golly has quit [Ping timeout]
04:27:06 -!- Yoltphone has quit [Read error: Connection reset by peer]
06:23:58 -!- Camail has quit [Signed off]
09:38:47 -!- Yoltphone has quit [Ping timeout]
10:06:31 -!- Rawr|Fone has quit [Ping timeout]
11:10:43 -!- Yoltphone has quit [Signed off]
11:12:38 -!- Yoltphone has quit [Signed off]
11:13:41 -!- Yoltphone has quit [Signed off]
11:27:58 -!- Rawr|Phone has quit [Ping timeout]
11:28:20 -!- Saurabhinator has quit [Signed off]
11:32:57 -!- FlutterAi has quit [Ping timeout]
11:36:27 -!- Frigo has quit [Read error: Connection reset by peer]
11:38:17 -!- Mag_ has quit [Ping timeout]
12:17:09 -!- tredc has quit [Signed off]
12:30:33 -!- DoT|Phone has quit [Read error: Connection reset by peer]
12:33:56 -!- Rawr|Fone has quit [Ping timeout]
12:39:33 -!- DoT|Phone1 has quit [Ping timeout]
12:47:05 -!- Yoltphone has quit [Ping timeout]
12:47:51 -!- Yoltphone has quit [Signed off]
13:14:30 -!- Rawr|Phone has quit [Ping timeout]
13:18:30 -!- reification has quit [Signed off]
13:49:00 -!- Lynda has quit [Signed off]
13:49:17 -!- Yoltphone has quit [Ping timeout]
14:17:14 -!- Yoltphone has quit [Ping timeout]
14:54:55 -!- Golly has quit [Ping timeout]
15:35:31 -!- DuT` has quit [Read error: Connection reset by peer]
16:00:07 -!- Micen|Droid has quit [Ping timeout]
16:25:18 -!- DoT` has quit [Read error: Connection reset by peer]
17:17:01 -!- Yoltphone has quit [EOF from client]
17:31:31 -!- Yoltphone has quit [Ping timeout]
17:54:16 -!- Frigo has quit [Read error: Connection reset by peer]
18:09:54 -!- Yoltphone has quit [Signed off]
18:11:31 -!- Yoltphone has quit [Signed off]
18:34:58 -!- Yoltphone has quit [Ping timeout]
19:13:16 -!- Mag_ has quit [Read error: Operation timed out]
19:13:52 -!- DuB`class has quit [Ping timeout]
19:15:42 -!- Micen|Droid_ has quit [Ping timeout]
19:59:46 -!- Yoltphone has quit [EOF from client]
20:16:27 -!- Phearlaptop has quit [Signed off]
20:20:29 -!- Cane has quit [Ping timeout]
21:03:21 -!- Raelcun has quit [Registered]
21:03:24 -!- Yoltphone has quit [Ping timeout]
21:05:05 -!- Raelcun_ has quit [Ping timeout]
21:05:11 -!- Yolteotl has quit [Ping timeout]
21:16:32 -!- Yoltphone has quit [Signed off]
21:20:06 -!- Yoltphone has quit [Signed off]
21:20:55 -!- Yoltphone has quit [Signed off]
21:22:19 -!- Yoltphone has quit [Signed off]
21:25:40 -!- Yoltphone has quit [Signed off]
21:27:02 -!- Yoltphone has quit [Signed off]
21:29:08 -!- Yoltphone has quit [Signed off]
22:01:52 -!- BioPhone has quit [EOF from client]
22:28:10 -!- carcinisation has quit [Signed off]
22:57:16 -!- BioPhone has quit [Read error: Connection reset by peer]
23:03:23 -!- Biopone has quit [Ping timeout]
23:03:56 -!- biophon has quit [Ping timeout]
23:45:54 -!- Wikt has quit [Read error: Connection reset by peer]
23:46:02 -!- Biopone has quit [Signed off]
23:56:58 -!- tredc has quit [Signed off]
