00:28:31 -!- Micen_ has quit [Read error: Connection reset by peer]
00:53:22 -!- DoT|Phone has quit [Read error: Connection reset by peer]
02:14:28 -!- Frigo has quit [Read error: Connection reset by peer]
02:30:31 -!- BioPhone has quit [EOF from client]
02:47:47 -!- Holmir has quit [Signed off]
02:56:08 -!- FlutterAi has quit [Ping timeout]
02:58:33 -!- carcinisation has quit [Signed off]
03:25:30 -!- DuB`zZz has quit [Signed off]
03:29:09 -!- Dot_ has quit [Read error: Connection reset by peer]
03:30:01 -!- DoT|Phone has quit [Read error: Connection reset by peer]
04:26:18 -!- Golly has quit [Ping timeout]
04:53:37 -!- Camail has quit [Ping timeout]
06:18:05 -!- Phant has quit [Ping timeout]
07:35:01 -!- Camail has quit [Signed off]
07:51:08 -!- Phearlaptop has quit [Ping timeout]
08:27:59 -!- skram has quit [Ping timeout]
08:57:12 -!- ZK has quit [Ping timeout]
09:04:25 -!- Micen has quit [Ping timeout]
09:05:08 -!- DoT|Phone1 has quit [Read error: Connection reset by peer]
10:11:38 -!- DoT|Phone has quit [Read error: Connection reset by peer]
12:42:12 -!- Saurabhinator has quit [Signed off]
13:55:53 -!- motbob has quit [Ping timeout]
14:17:37 -!- DoT|Phone1 has quit [Ping timeout]
14:51:26 -!- Frigo has quit [Read error: Connection reset by peer]
15:35:03 -!- ZK has quit [Ping timeout]
16:25:10 -!- Micen_ has quit [Ping timeout]
16:44:07 -!- BioPhone has quit [Ping timeout]
16:45:43 -!- Biopone has quit [Ping timeout]
17:28:38 -!- Micen|Droid has quit [Ping timeout]
17:28:45 -!- Frigo has quit [Read error: Connection reset by peer]
17:43:22 -!- BipPony has quit [EOF from client]
17:47:37 -!- Phearlock has quit [Read error: Connection reset by peer]
18:50:51 -!- BioPhone has quit [Read error: Connection reset by peer]
18:54:11 -!- Biopone has quit [Read error: Connection reset by peer]
20:43:09 -!- Micen|Droid_ has quit [Ping timeout]
21:06:11 -!- Emily has quit [Read error: Connection reset by peer]
21:56:25 -!- DoT|Phone has quit [Read error: Connection reset by peer]
21:58:13 -!- DoT|Phone1 has quit [Read error: Connection reset by peer]
22:40:09 -!- tredc has quit [Signed off]
22:49:18 -!- Emily has quit [Signed off]
22:59:37 -!- Biopone has quit [Signed off]
23:13:28 -!- Zounds has quit [Read error: EOF from client]
23:37:38 -!- Rawr|Phone has quit [Ping timeout]
23:44:33 -!- skram has quit [Ping timeout]
