00:12:12 -!- carcinisation has quit [Signed off]
00:23:03 -!- Wikt_ has quit [Signed off]
00:27:25 -!- Phearlock has quit [Ping timeout]
00:41:43 -!- Biopone has quit [EOF from client]
00:46:32 -!- skram has quit [Ping timeout]
00:51:18 -!- Biopone has quit [Signed off]
01:01:16 -!- Frigo has quit [Signed off]
02:19:51 -!- Yolteotl has quit [Ping timeout]
02:51:08 -!- ShotgunPrincess has quit [Ping timeout]
02:59:14 -!- ZK has quit [Ping timeout]
03:00:26 -!- FlutterAi_ has quit [Ping timeout]
03:19:43 -!- DuB` has quit [Signed off]
04:03:22 -!- DoT` has quit [Read error: Connection reset by peer]
04:12:15 -!- Holmirc has quit [Signed off]
04:47:58 -!- Wikt has quit [Read error: Connection reset by peer]
05:37:19 -!- Frigo has quit [Read error: Connection reset by peer]
05:45:18 -!- Bio has quit [Ping timeout]
06:32:16 -!- Golly has quit [Ping timeout]
06:39:19 -!- Camail has quit [Signed off]
08:54:35 -!- FlutterAi has quit [Read error: Connection reset by peer]
09:28:32 -!- Crisium has quit [Signed off]
09:30:30 -!- motbob_ has quit [Ping timeout]
09:50:58 -!- Westy543 has quit [Ping timeout]
10:00:56 -!- Camail has quit [Signed off]
10:23:12 -!- Mag_ has quit [EOF from client]
11:53:43 -!- Mag_ has quit [EOF from client]
12:23:39 -!- Frigo has quit [Read error: Connection reset by peer]
12:28:06 -!- Saura has quit [Signed off]
13:15:40 -!- Rawr|Phone has quit [Ping timeout]
14:43:47 -!- tredc has quit [Ping timeout]
14:48:22 -!- Phearlock has quit [Ping timeout]
15:09:36 -!- skram has quit [Ping timeout]
15:10:53 -!- Phearlaptop has quit [Ping timeout]
16:46:47 -!- FlutterAi has quit [Ping timeout]
18:53:29 -!- Rawr|Fone has quit [Ping timeout]
19:56:22 -!- DoubleRainbow has quit [Ping timeout]
19:58:28 -!- BioPhone has quit [Ping timeout]
20:52:46 -!- Biopone has quit [EOF from client]
21:44:03 -!- Biopone has quit [EOF from client]
21:45:05 -!- DoubleRainbow has quit [Ping timeout]
22:01:02 -!- tredc has quit [Signed off]
22:02:54 -!- ZK has quit [Ping timeout]
22:42:54 -!- Biopone has quit [EOF from client]
23:05:38 -!- Golly has quit [Ping timeout]
23:27:37 -!- Crisium has quit [Ping timeout]
