01:36:05 -!- DuB` has quit [Ping timeout]
01:39:59 -!- Rawr|Fone has quit [Ping timeout]
01:48:44 -!- Micen|Droid has quit [Ping timeout]
01:58:34 -!- FlutterAi has quit [Ping timeout]
03:03:57 -!- Wikt|dc_ has quit [Ping timeout]
03:12:03 -!- Wikt has quit [Read error: Connection reset by peer]
03:15:33 -!- DoT|Phone has quit [Ping timeout]
03:50:01 -!- Crisium has quit [Signed off]
03:51:45 -!- Golly has quit [EOF from client]
04:02:11 -!- Frigo has quit [Read error: Connection reset by peer]
04:42:13 -!- skram has quit [Ping timeout]
04:48:13 -!- Oatsmaster has quit [EOF from client]
05:02:28 -!- icecream has quit [EOF from client]
05:22:26 -!- icecream has quit [Ping timeout]
05:30:00 -!- Golly has quit [Ping timeout]
06:29:34 -!- DuB`zZz has quit [Read error: Connection reset by peer]
06:47:04 -!- FlutterAi_ has quit [Ping timeout]
06:58:21 -!- Phant has quit [Signed off]
07:08:20 -!- Camail has quit [Signed off]
08:31:11 -!- ZK has quit [Ping timeout]
08:38:12 -!- Yoltphone has quit [Ping timeout]
09:44:21 -!- Yoltphone has quit [Ping timeout]
11:14:19 -!- icecream has quit [EOF from client]
11:37:09 -!- Yoltphone has quit [Read error: Connection reset by peer]
11:43:44 -!- Rawr|Phone has quit [Read error: Connection reset by peer]
11:46:13 -!- icecream has quit [Ping timeout]
11:48:19 -!- icecream has quit [Registered]
11:51:59 -!- Yoltphone has quit [Read error: Connection reset by peer]
11:56:57 -!- Yoltphone has quit [Ping timeout]
12:02:22 -!- Yoltphone has quit [Read error: Connection reset by peer]
12:03:19 -!- icecream has quit [Ping timeout]
12:03:19 -!- Yoltphone has quit [Read error: Connection reset by peer]
12:10:38 -!- Yoltphone has quit [Ping timeout]
12:17:56 -!- icecream has quit [Ping timeout]
14:13:46 -!- skram has quit [Signed off]
14:15:50 -!- Yoltphone has quit [Ping timeout]
14:36:40 -!- reification has quit [Signed off]
14:59:54 -!- Mag_ has quit [EOF from client]
15:09:52 -!- Yoltphone has quit [EOF from client]
15:43:54 -!- Mag_ has quit [Ping timeout]
16:06:10 -!- Yoltphone has quit [EOF from client]
16:06:26 -!- Rawr|Fone has quit [Ping timeout]
16:17:31 -!- Frigo has quit [Read error: Connection reset by peer]
17:12:39 -!- DuB` has quit [Read error: Connection reset by peer]
17:58:32 -!- tredc has quit [Ping timeout]
19:15:51 -!- Camail has quit [Read error: Connection reset by peer]
19:35:06 -!- jdrahos has quit [*.net *.split]
19:35:06 -!- CockRoach|42 has quit [*.net *.split]
19:35:06 -!- Twi has quit [*.net *.split]
19:35:06 -!- Emily has quit [*.net *.split]
19:54:24 -!- Golly has quit [Ping timeout]
20:56:59 -!- DoT|Phone has quit [Ping timeout]
21:01:50 -!- DoT|Phone1 has quit [Ping timeout]
21:28:56 -!- Mag_ has quit [Ping timeout]
21:46:19 -!- Rawr|Phone has quit [Read error: Connection reset by peer]
23:18:05 -!- Runbunny has quit [Signed off]
23:25:52 -!- Phant has quit [Read error: Connection reset by peer]
23:30:46 -!- Frigo has quit [Read error: Connection reset by peer]
