00:13:54 -!- skram has quit [Ping timeout]
01:12:26 -!- carcinisation has quit [Signed off]
01:23:54 -!- Micen_ has quit [Ping timeout]
01:34:27 -!- Rawr|Fone has quit [EOF from client]
02:41:17 -!- DuB` has quit [Read error: Connection reset by peer]
03:46:43 -!- FlutterAi has quit [Ping timeout]
05:06:34 -!- Raelcun has quit [Ping timeout]
05:28:46 -!- Gollie has quit [Ping timeout]
06:25:17 -!- Camail has quit [Signed off]
06:52:21 -!- Raelcun_ has quit [Ping timeout]
07:14:52 -!- FlutterAi_ has quit [Ping timeout]
08:13:34 -!- ZK has quit [Ping timeout]
09:59:10 -!- Yolteotl has quit [Ping timeout]
10:42:56 -!- Wikt|dc_ has quit [Read error: Connection reset by peer]
11:41:00 -!- Micen__ has quit [Ping timeout]
12:16:47 -!- Rawr|Phone has quit [Ping timeout]
12:18:28 -!- DoT` has quit [Read error: Connection reset by peer]
12:30:09 -!- DoT|Phone has quit [Ping timeout]
12:41:26 -!- Phearlaptop has quit [Ping timeout]
13:00:55 -!- Saurabhinator has quit [Signed off]
13:12:52 -!- Emily has quit [EOF from client]
13:52:15 -!- FlutterAi has quit [Ping timeout]
14:45:58 -!- DoT|Phone has quit [Read error: Connection reset by peer]
17:07:14 -!- Camail has quit [Ping timeout]
17:13:27 -!- Cam_phone has quit [Ping timeout]
18:39:32 -!- DuB` has quit [Ping timeout]
19:18:39 -!- Rawr|Fone has quit [Ping timeout]
19:21:07 -!- Lynda has quit [Signed off]
22:07:56 -!- Camail has quit [Read error: Connection reset by peer]
22:07:56 -!- DoT` has quit [Read error: Connection reset by peer]
22:17:32 -!- tredc has quit [Signed off]
22:38:52 -!- Rarity has quit [EOF from client]
22:48:11 -!- carcinisation has quit [Read error: Connection reset by peer]
22:59:28 -!- Rawr|Phone has quit [Ping timeout]
23:40:55 -!- Runbunny has quit [Signed off]
23:54:54 -!- Bio has quit [Ping timeout]
