00:24:20 -!- Raelcun has quit [Signed off]
00:40:21 -!- Runbunny has quit [Signed off]
01:05:30 -!- Camail has quit [Signed off]
01:28:36 -!- Golly has quit [Ping timeout]
02:08:56 -!- DoT|Phone1 has quit [Ping timeout]
02:54:29 -!- Dott has quit [Ping timeout]
02:54:56 -!- DuB` has quit [Read error: Connection reset by peer]
04:07:07 -!- Camail has quit [Signed off]
05:00:49 -!- skram has quit [Ping timeout]
07:06:00 -!- Raelcun has quit [Ping timeout]
07:13:22 -!- Phearlock has quit [Ping timeout]
07:45:36 -!- FlutterAi has quit [Ping timeout]
08:18:18 -!- Wikt has quit [Read error: Connection reset by peer]
09:29:16 -!- Rawr|Fone has quit [Ping timeout]
10:07:48 -!- Yolteotl has quit [Ping timeout]
11:30:14 -!- DoT` has quit [Ping timeout]
11:34:23 -!- DoT|Phone has quit [Ping timeout]
12:04:25 -!- Rawr|Phone has quit [Ping timeout]
12:32:33 -!- DoT|Phone1 has quit [Read error: Connection reset by peer]
13:51:20 -!- DoT|Phone has quit [Read error: Connection reset by peer]
14:06:22 -!- DoT|Phone1 has quit [Ping timeout]
14:46:24 -!- FlutterAi has quit [Ping timeout]
16:12:33 -!- Golly has quit [Ping timeout]
16:53:31 -!- Oatsmaster has quit [Read error: EOF from client]
20:42:33 -!- Cane has quit [Signed off]
21:04:19 -!- Camail has quit [Signed off]
22:23:57 -!- Zounds has quit [Signed off]
23:00:30 -!- Runbunny has quit [Signed off]
23:12:12 -!- tredc has quit [Signed off]
23:15:56 -!- DoT`-sleeps has quit [Ping timeout]
23:49:23 -!- Rawr|Fone has quit [Read error: Connection reset by peer]
23:55:19 -!- Rawr|Phone has quit [Ping timeout]
