00:05:40 -!- skram has quit [Ping timeout]
00:30:56 -!- reification has quit [Signed off]
01:13:25 -!- DoT|Phone has quit [Ping timeout]
02:01:39 -!- Camail has quit [Signed off]
02:08:25 -!- Crisium has quit [Signed off]
03:26:33 -!- FlutterAi_ has quit [Ping timeout]
04:48:53 -!- FlutterAi has quit [Ping timeout]
05:04:25 -!- Dot` has quit [Read error: Connection reset by peer]
06:33:01 -!- Rawr|Phone has quit [Ping timeout]
06:46:51 -!- FlutterAi_ has quit [Ping timeout]
06:51:41 -!- Rawr|Fone has quit [Signed off]
07:03:52 -!- Rawr|Fone has quit [Read error: Connection reset by peer]
07:04:18 -!- Rawr|Phone has quit [Read error: Connection reset by peer]
07:51:59 -!- DoT|Phone has quit [Read error: Connection reset by peer]
07:52:00 -!- DoT|Phone1 has quit [Read error: Connection reset by peer]
08:59:31 -!- DoT|Phone has quit [Read error: Connection reset by peer]
10:26:48 -!- DoT|Phone has quit [Ping timeout]
10:35:13 -!- DoT|Phone1 has quit [Read error: Connection reset by peer]
10:41:12 -!- DoT|Phone has quit [Ping timeout]
10:43:33 -!- DoT|Phone1 has quit [Read error: Connection reset by peer]
10:58:23 -!- Micen|Droid has quit [Ping timeout]
11:01:12 -!- Micen|Droid_ has quit [Ping timeout]
11:07:36 -!- Phearlock has quit [Ping timeout]
11:12:11 -!- AndroUser2 has quit [EOF from client]
11:53:00 -!- AndroUser2 has quit [EOF from client]
11:57:55 -!- AndroUser2 has quit [Read error: Connection reset by peer]
13:49:40 -!- AndroUser2 has quit [Ping timeout]
13:49:50 -!- Micen has quit [Ping timeout]
13:55:49 -!- AndroUser2 has quit [Ping timeout]
13:57:45 -!- tredc has quit [Ping timeout]
14:47:38 -!- Rawr|Fone has quit [Ping timeout]
17:51:14 -!- reification has quit [*.net *.split]
18:18:36 -!- DoT|Phone has quit [Read error: Connection reset by peer]
18:19:56 -!- DoT|Phone1 has quit [Read error: Connection reset by peer]
18:19:57 -!- DoT|Phone has quit [Read error: Connection reset by peer]
20:02:35 -!- Camail has quit [Signed off]
20:08:23 -!- tredc has quit [Ping timeout]
20:10:11 -!- Rawr|Phone has quit [Read error: Connection reset by peer]
20:15:25 -!- Rawr|Fone has quit [Ping timeout]
20:22:59 -!- BioPhone has quit [Ping timeout]
20:26:32 -!- Biopone has quit [Read error: Connection reset by peer]
20:47:20 -!- Bio has quit [Ping timeout]
21:13:22 -!- BioUni has quit [Read error: Connection reset by peer]
21:13:22 -!- Biopone has quit [EOF from client]
22:24:49 -!- DoT|Phone1 has quit [Ping timeout]
22:50:02 -!- reification has quit [Signed off]
23:10:00 -!- ZK has quit [Ping timeout]
23:24:51 -!- Bio has quit [Signed off]
23:54:52 -!- tredc has quit [Signed off]
