01:23:02 -!- Runbunny has quit [Signed off]
01:23:50 -!- BioPhone has quit [Signed off]
02:32:43 -!- Crisium has quit [Signed off]
02:50:05 -!- Bio has quit [Signed off]
03:15:36 -!- carcinisation has quit [Signed off]
03:23:25 -!- BioPhone has quit [Read error: Connection reset by peer]
03:39:03 -!- BioPon has quit [EOF from client]
04:02:05 -!- DoT|Phone1 has quit [Ping timeout]
04:32:22 -!- DuB` has quit [Ping timeout]
04:51:24 -!- ZK has quit [Signed off]
05:03:18 -!- BioPhone has quit [EOF from client]
05:32:36 -!- Camail has quit [Signed off]
05:53:17 -!- Golly has quit [Ping timeout]
06:53:27 -!- Rawr|Phone has quit [Ping timeout]
08:01:09 -!- skram has quit [Ping timeout]
09:09:00 -!- Bio has quit [Signed off]
09:20:49 -!- Camail has quit [Read error: Connection reset by peer]
09:45:11 -!- DoT|Phone has quit [Ping timeout]
10:07:55 -!- ZK has quit [Ping timeout]
10:52:27 -!- Phearlock has quit [Signed off]
12:00:42 -!- Golly has quit [Ping timeout]
12:52:53 -!- Rawr|Fone has quit [Ping timeout]
13:29:18 -!- Oatsmaster has quit [EOF from client]
14:55:34 -!- BioPon has quit [Signed off]
14:55:34 -!- BioPhone has quit [Signed off]
16:06:05 -!- Dot has quit [Ping timeout]
16:08:14 -!- reification has quit [Ping timeout]
16:13:06 -!- DoT|Phone1 has quit [Ping timeout]
16:23:18 -!- tredc has quit [Ping timeout]
17:37:13 -!- Oatsmaster has quit [Ping timeout]
17:46:44 -!- DoT|Phone has quit [Ping timeout]
18:34:12 -!- carcinisation has quit [Ping timeout]
19:44:30 -!- Camail has quit [Signed off]
21:24:30 -!- Rawr|Fone has quit [Ping timeout]
22:10:43 -!- tredc has quit [Ping timeout]
23:23:56 -!- Runbunny has quit [Signed off]
