00:51:45 -!- tredc has quit [Signed off]
00:53:12 -!- BioPhone has quit [Read error: Connection reset by peer]
00:56:30 -!- Biopone has quit [Read error: Connection reset by peer]
01:11:39 -!- Biopone has quit [Ping timeout]
01:28:21 -!- Frigo has quit [Read error: Connection reset by peer]
01:49:17 -!- Biopone has quit [Read error: Connection reset by peer]
01:56:09 -!- FlutterAi has quit [Ping timeout]
01:56:22 -!- Crisium has quit [Signed off]
01:57:00 -!- Frigo1 has quit [Read error: Connection reset by peer]
02:04:55 -!- DuB` has quit [Signed off]
02:47:47 -!- DoT` has quit [Read error: Connection reset by peer]
03:35:07 -!- Dot_ has quit [Read error: Connection reset by peer]
05:10:14 -!- Camail has quit [Signed off]
05:21:00 -!- Phearlock has quit [Ping timeout]
05:40:21 -!- DoT` has quit [Read error: Connection reset by peer]
07:05:47 -!- Frigo has quit [Read error: Connection reset by peer]
07:06:47 -!- skram has quit [Ping timeout]
07:35:18 -!- Dot_ has quit [Read error: Connection reset by peer]
08:04:36 -!- DoT` has quit [Ping timeout]
09:35:13 -!- motbob has quit [Ping timeout]
10:26:50 -!- FlutterAi_ has quit [Ping timeout]
11:48:08 -!- Wikt has quit [Read error: Connection reset by peer]
12:16:24 -!- Rawr|Phone has quit [Ping timeout]
12:20:52 -!- Mag_ has quit [EOF from client]
12:58:20 -!- Mag_ has quit [EOF from client]
13:04:28 -!- Saurabhinator has quit [Signed off]
15:22:07 -!- reification has quit [Signed off]
15:56:53 -!- carcinisation has quit [Ping timeout]
16:05:44 -!- FlutterAi has quit [Ping timeout]
16:16:59 -!- Biopone has quit [Read error: Connection reset by peer]
16:26:14 -!- BioPhone has quit [EOF from client]
17:14:21 -!- Golly has quit [EOF from client]
18:01:45 -!- DuB has quit [Read error: Connection reset by peer]
18:04:35 -!- Rawr|Fone has quit [Ping timeout]
19:30:44 -!- BioPhone has quit [EOF from client]
20:25:16 -!- BioPhone has quit [Read error: Connection reset by peer]
20:31:08 -!- Biopone has quit [Ping timeout]
23:29:29 -!- Mag_ has quit [EOF from client]
23:38:27 -!- carcinisation has quit [Read error: Connection reset by peer]
23:56:12 -!- Frigo has quit [Read error: Connection reset by peer]
