00:14:26 -!- Bio has quit [Signed off]
00:57:49 -!- Kittybunny has quit [Signed off]
01:27:41 -!- BioPhone has quit [Signed off]
01:44:05 -!- reification has quit [Signed off]
01:50:28 -!- reification has quit [Ping timeout]
02:20:56 -!- DoT|Phone has quit [Read error: Connection reset by peer]
02:22:04 -!- DoT|Phone1 has quit [Read error: Connection reset by peer]
02:23:14 -!- DoT|Phone has quit [EOF from client]
02:57:43 -!- Frigo has quit [Read error: Connection reset by peer]
02:59:11 -!- FlutterAi has quit [Ping timeout]
03:38:40 -!- Micen_ has quit [Signed off]
03:51:03 -!- DuB`off has quit [Read error: Connection reset by peer]
04:06:21 -!- Caumen has quit [Signed off]
04:30:52 -!- skram has quit [Ping timeout]
04:37:07 -!- Micen|Droid has quit [Read error: Connection reset by peer]
04:37:08 -!- Micen|Droid_ has quit [Read error: Connection reset by peer]
04:54:34 -!- Camail has quit [Signed off]
04:58:40 -!- Crisium has quit [Ping timeout]
05:57:46 -!- Phant has quit [Signed off]
07:04:02 -!- Micen|Droid has quit [Ping timeout]
07:07:24 -!- Micen|Droid_ has quit [Ping timeout]
07:30:35 -!- DoT` has quit [Ping timeout]
08:03:13 -!- FlutterAi_ has quit [Ping timeout]
08:29:49 -!- ZK has quit [Signed off]
08:42:45 -!- DoT` has quit [Read error: Connection reset by peer]
09:05:15 -!- DoT` has quit [Read error: Connection reset by peer]
09:10:34 -!- Frigo has quit [Read error: Connection reset by peer]
10:49:58 -!- DoT|Phone has quit [Read error: Connection reset by peer]
10:54:51 -!- BioSleep has quit [Ping timeout]
11:43:10 -!- Saurabhinator has quit [Ping timeout]
11:56:47 -!- Rawr|Fone has quit [Ping timeout]
12:11:55 -!- Rawr|Phone has quit [Ping timeout]
12:32:38 -!- Rawr|Fone has quit [Ping timeout]
13:13:19 -!- CellRoach has quit [Ping timeout]
13:30:44 -!- Rawr|Phone has quit [Ping timeout]
13:44:00 -!- DoT|Phone1 has quit [Ping timeout]
14:50:27 -!- Yolteotl has quit [Ping timeout]
15:06:07 -!- Lynda has quit [Signed off]
15:32:46 -!- tredc has quit [Ping timeout]
15:35:50 -!- Golly has quit [Read error: Operation timed out]
16:15:32 -!- DoT|Phone has quit [Ping timeout]
16:16:44 -!- FlutterAi has quit [Ping timeout]
16:34:14 -!- DoT|Phone has quit [Read error: Connection reset by peer]
16:43:30 -!- DoT|Phone1 has quit [Read error: Connection reset by peer]
16:44:17 -!- Twi has quit [Ping timeout]
16:45:10 -!- Rarity has quit [EOF from client]
16:46:55 -!- DoT` has quit [Read error: Connection reset by peer]
16:51:09 -!- Twi has quit [Registered]
17:18:01 -!- Frigo has quit [Read error: Connection reset by peer]
17:29:34 -!- DoT` has quit [Read error: Connection reset by peer]
18:36:52 -!- ZK has quit [Read error: Operation timed out]
18:42:07 -!- Golly has quit [Ping timeout]
18:50:29 -!- FlutterAi_ has quit [Ping timeout]
19:10:42 -!- Raelcun has quit [Read error: Connection reset by peer]
19:15:13 -!- DuB`off has quit [Ping timeout]
19:15:17 -!- Mag_ has quit [EOF from client]
19:46:09 -!- DuB` has quit [Read error: Connection reset by peer]
20:37:58 -!- Frigo1 has quit [Read error: Connection reset by peer]
20:38:23 -!- BioPhone has quit [Ping timeout]
20:38:38 -!- Biopone has quit [Ping timeout]
20:39:43 -!- DoT|Phone has quit [Ping timeout]
21:14:39 -!- DoT|Phone has quit [Ping timeout]
21:14:39 -!- Biopone has quit [Read error: Connection reset by peer]
21:18:54 -!- Camail has quit [Ping timeout]
21:19:24 -!- Micen has quit [Ping timeout]
21:21:24 -!- Camail_ has quit [Ping timeout]
21:21:32 -!- Micen_ has quit [Ping timeout]
21:23:11 -!- Biopone has quit [Ping timeout]
21:41:47 -!- FlutterAi has quit [Ping timeout]
22:03:24 -!- Camail__ has quit [Read error: Connection reset by peer]
22:08:45 -!- DuB`zZz has quit [Ping timeout]
22:20:43 -!- DoT|Phone has quit [Ping timeout]
22:34:15 -!- Frigo has quit [Read error: Connection reset by peer]
22:44:27 -!- Micen__ has quit [Ping timeout]
23:20:24 -!- tredc has quit [Signed off]
23:56:06 -!- BioPhone has quit [Ping timeout]
23:56:19 -!- FlutterAi_ has quit [Ping timeout]
23:59:46 -!- DoT|Phone has quit [Ping timeout]
