00:02:53 -!- Runbunny has quit [Signed off]
00:39:14 -!- carcinisation has quit [Read error: Connection reset by peer]
01:36:23 -!- Holmir has quit [Signed off]
01:47:29 -!- Golly has quit [Ping timeout]
03:01:37 -!- DoT|Phone has quit [Ping timeout]
03:42:40 -!- Camail has quit [Signed off]
04:10:56 -!- BioPhone has quit [Read error: EOF from client]
04:45:56 -!- Camail has quit [Signed off]
07:54:04 -!- FlutterAi has quit [Ping timeout]
07:54:04 -!- Phearlock has quit [Ping timeout]
10:38:46 -!- DoT|Phone has quit [Ping timeout]
10:42:22 -!- DoT|Phone1 has quit [Read error: Connection reset by peer]
11:03:34 -!- DoT|Phone has quit [Ping timeout]
11:18:44 -!- Saura has quit [Ping timeout]
12:00:33 -!- Rawr|Phone has quit [Ping timeout]
13:21:59 -!- Saurabhinator has quit [Signed off]
14:28:21 -!- Golly has quit [Ping timeout]
14:49:55 -!- FlutterAi has quit [Ping timeout]
15:19:37 -!- reification has quit [Signed off]
16:23:28 -!- carcinisation has quit [Ping timeout]
16:31:06 -!- Rawr|Fone has quit [Ping timeout]
17:50:31 -!- Lynda has quit [Signed off]
18:27:05 -!- DuB` has quit [Read error: Connection reset by peer]
18:49:01 -!- motbob has quit [Ping timeout]
20:39:56 -!- Zounds has quit [Signed off]
20:53:58 -!- DoT|Phone1 has quit [Ping timeout]
21:19:46 -!- DoT|Phone has quit [EOF from client]
21:37:58 -!- Camail has quit [Read error: Connection reset by peer]
22:19:48 -!- tredc has quit [Signed off]
23:15:59 -!- Runbunny has quit [Signed off]
23:45:01 -!- Camail has quit [Signed off]
23:58:57 -!- carcinisation has quit [Read error: Connection reset by peer]
