01:18:04 -!- Runbunny has quit [Signed off]
02:53:31 -!- Crisium has quit [Signed off]
03:10:17 -!- skram has quit [Read error: Connection reset by peer]
03:25:51 -!- DuB`work has quit [Signed off]
04:39:00 -!- Micen has quit [Ping timeout]
04:53:56 -!- Golly has quit [Ping timeout]
05:57:21 -!- Emi has quit [Ping timeout]
06:03:36 -!- HoMM has quit [Registered]
07:13:33 -!- BioSleep has quit [Ping timeout]
07:54:55 -!- Camail has quit [Signed off]
08:25:39 -!- DuB` has quit [Read error: Connection reset by peer]
08:35:26 -!- skrma has quit [Ping timeout]
08:39:47 -!- Emi has quit [Ping timeout]
08:42:59 -!- HoMM has quit [EOF from client]
09:23:52 -!- skram has quit [Ping timeout]
10:02:44 -!- Dot` has quit [Ping timeout]
10:16:12 -!- DoT|Phone has quit [Ping timeout]
10:38:28 -!- Dot has quit [Ping timeout]
11:10:54 -!- DoT|Phone has quit [Read error: Connection reset by peer]
11:17:01 -!- DoT|Phone1 has quit [Ping timeout]
11:21:42 -!- DoT|Phone has quit [Ping timeout]
11:28:07 -!- DoT|Phone1 has quit [Read error: Connection reset by peer]
11:32:37 -!- DoT|Phone has quit [Read error: Connection reset by peer]
11:35:12 -!- Runbunny has quit [Signed off]
12:00:04 -!- DoT|Phone has quit [Read error: Connection reset by peer]
12:06:20 -!- DoT|Phone1 has quit [Read error: Connection reset by peer]
12:10:51 -!- DoT|Phone has quit [Read error: Connection reset by peer]
12:20:20 -!- DoT|Phone1 has quit [Ping timeout]
12:37:20 -!- DoT|Phone has quit [Read error: Connection reset by peer]
12:45:38 -!- DoT|Phone1 has quit [Read error: Connection reset by peer]
13:03:37 -!- Bio has quit [Read error: Connection reset by peer]
13:07:08 -!- motbob has quit [Signed off]
13:10:28 -!- Rawr|Fone has quit [Signed off]
13:12:30 -!- DoT|Phone has quit [Read error: Connection reset by peer]
13:32:44 -!- DoT|Phone1 has quit [Read error: Connection reset by peer]
14:42:29 -!- DoT|Phone has quit [Ping timeout]
14:48:18 -!- Dot` has quit [Ping timeout]
15:04:27 -!- DoT|Phone has quit [Ping timeout]
15:13:27 -!- DoT|Phone1 has quit [Ping timeout]
15:19:16 -!- Micen_ has quit [Ping timeout]
15:26:14 -!- tredc has quit [Ping timeout]
15:28:13 -!- DoT|Phone has quit [Read error: Connection reset by peer]
16:07:31 -!- DoT|Phone1 has quit [Read error: Connection reset by peer]
16:46:26 -!- Rawr|Phone has quit [EOF from client]
16:48:44 -!- Rawr|Fone has quit [Ping timeout]
17:57:09 -!- Emi has quit [Ping timeout]
19:16:09 -!- Rawr|Fone has quit [Ping timeout]
19:57:19 -!- Camail has quit [Read error: Connection reset by peer]
20:10:22 -!- Rawr|Fone has quit [Signed off]
20:50:20 -!- DoT|Phone has quit [Ping timeout]
21:02:04 -!- Golly has quit [Ping timeout]
21:52:27 -!- Yolteotl has quit [Signed off]
22:00:54 -!- tredc has quit [Ping timeout]
22:50:03 -!- reification has quit [Ping timeout]
23:14:35 -!- Micen has quit [Ping timeout]
23:25:49 -!- Runbunny has quit [Signed off]
