00:04:44 -!- Mag_ has quit [Ping timeout]
01:04:44 -!- Yolteotl has quit [Ping timeout]
01:30:31 -!- Mag_ has quit [EOF from client]
01:43:09 -!- skram has quit [Ping timeout]
01:57:12 -!- DuB_phone has quit [Signed off]
02:32:44 -!- BioPhone has quit [EOF from client]
03:30:09 -!- BioPhone has quit [EOF from client]
03:42:27 -!- Westy543 has quit [Ping timeout]
03:53:06 -!- ZK has quit [Signed off]
04:52:39 -!- Phant has quit [Signed off]
04:58:34 -!- Rawr|Fone has quit [EOF from client]
05:18:59 -!- BioPhone has quit [EOF from client]
06:00:54 -!- Camail has quit [Ping timeout]
06:18:19 -!- FlutterAi has quit [Ping timeout]
06:18:39 -!- Twi has quit [*.net *.split]
06:22:58 -!- Twi has quit [Registered]
07:04:53 -!- DoubleRainbow has quit [Signed off]
08:09:05 -!- Mag has quit [EOF from client]
08:37:25 -!- Phearlock has quit [Ping timeout]
09:39:18 -!- Runbunny has quit [Signed off]
11:42:29 -!- DoT|Phone has quit [Ping timeout]
13:21:41 -!- BioPhone has quit [Ping timeout]
14:01:01 -!- Saurabhinator has quit [Signed off]
14:15:07 -!- Biopone has quit [Ping timeout]
15:08:05 -!- Biopone has quit [Ping timeout]
17:08:58 -!- Zounds has quit [Ping timeout]
17:13:08 -!- DuB_phone has quit [Signed off]
17:22:13 -!- DuB_phone has quit [Signed off]
19:54:24 -!- Biopone has quit [EOF from client]
20:04:59 -!- DoT` has quit [Ping timeout]
20:10:00 -!- FlutterAi has quit [Ping timeout]
20:33:28 -!- Camail has quit [Read error: Connection reset by peer]
20:39:25 -!- Dot` has quit [Ping timeout]
20:56:02 -!- Lynda has quit [Signed off]
21:05:00 -!- Zounds has quit [Signed off]
21:32:05 -!- DoT` has quit [Ping timeout]
21:42:53 -!- Biopone has quit [Ping timeout]
22:02:36 -!- Biopone has quit [Ping timeout]
22:07:08 -!- DoT` has quit [Ping timeout]
22:13:12 -!- BioPhone has quit [EOF from client]
22:23:27 -!- BioPhone has quit [EOF from client]
23:00:13 -!- BioPhone has quit [Ping timeout]
23:11:14 -!- DoT|Phone has quit [Read error: Connection reset by peer]
23:13:48 -!- DoT|Phone has quit [Read error: Connection reset by peer]
23:14:04 -!- DoT|Phone1 has quit [Ping timeout]
23:43:02 -!- Biopone has quit [EOF from client]
23:54:04 -!- reification has quit [Signed off]
23:54:27 -!- Runbunny has quit [Signed off]
