00:22:22 -!- tredc has quit [Signed off]
00:29:05 -!- Dot` has quit [EOF from client]
00:56:49 -!- carcinisation has quit [Signed off]
02:18:20 -!- Micen|StillDed has quit [Ping timeout]
02:43:31 -!- motbob has quit [Signed off]
05:02:44 -!- skram has quit [Ping timeout]
06:08:40 -!- ZK has quit [Ping timeout]
06:18:50 -!- DoT|Phone1 has quit [Ping timeout]
06:54:19 -!- DuB_phone has quit [Signed off]
07:25:25 -!- Camail has quit [Signed off]
09:35:35 -!- DoT|Phone has quit [Read error: Connection reset by peer]
09:46:24 -!- Dot` has quit [Ping timeout]
12:07:14 -!- Golly has quit [Ping timeout]
12:22:41 -!- Dot has quit [Read error: Connection reset by peer]
12:34:40 -!- Dot` has quit [Ping timeout]
12:51:02 -!- Dot` has quit [Ping timeout]
13:08:47 -!- DoT|Phone has quit [Ping timeout]
13:12:06 -!- DoT|Phone has quit [Read error: Connection reset by peer]
13:23:33 -!- Rawr|Fone has quit [Ping timeout]
13:52:12 -!- Dot` has quit [Read error: Connection reset by peer]
15:21:10 -!- Dot` has quit [Read error: Connection reset by peer]
15:28:01 -!- Dot has quit [Ping timeout]
16:44:38 -!- Gollypone has quit [Ping timeout]
17:16:08 -!- skram has quit [Ping timeout]
18:23:24 -!- Dot` has quit [Read error: Connection reset by peer]
18:41:27 -!- DuB_phone has quit [Read error: Connection reset by peer]
18:59:54 -!- Dot has quit [Ping timeout]
19:48:40 -!- Rawr|Phone has quit [Ping timeout]
21:22:35 -!- Dot` has quit [Ping timeout]
21:50:29 -!- DuB_phone has quit [Signed off]
23:16:35 -!- Zounds has quit [Signed off]
23:21:15 -!- skram has quit [Ping timeout]
23:31:08 -!- tredc has quit [Ping timeout]
23:31:18 -!- Micen_ has quit [Signed off]
