00:01:17 -!- Biopone has quit [Ping timeout]
00:01:18 -!- BioPhone has quit [Ping timeout]
00:57:25 -!- Camail has quit [Signed off]
00:59:12 -!- DuB` has quit [Signed off]
01:00:05 -!- carcinisation has quit [Signed off]
01:34:30 -!- Holmirc has quit [Signed off]
01:57:20 -!- FlutterAi has quit [Ping timeout]
02:53:04 -!- BioPhone has quit [Ping timeout]
02:55:14 -!- skram has quit [Ping timeout]
02:56:02 -!- Biopone has quit [Ping timeout]
03:06:40 -!- Biopone has quit [Ping timeout]
03:08:25 -!- Yoltphone has quit [Ping timeout]
03:10:14 -!- Camail has quit [Signed off]
03:11:49 -!- Biopone has quit [Ping timeout]
03:19:57 -!- Biopone has quit [Ping timeout]
03:29:25 -!- DuB` has quit [Signed off]
04:38:51 -!- Crisium has quit [Signed off]
04:41:38 -!- Golly has quit [Ping timeout]
06:46:09 -!- Camail has quit [Signed off]
06:47:53 -!- DuB`zZz has quit [Signed off]
08:32:48 -!- Frigo has quit [Read error: Connection reset by peer]
09:31:41 -!- FlutterAi_ has quit [Ping timeout]
10:18:21 -!- DoT`-afk has quit [Read error: Connection reset by peer]
11:35:47 -!- Rawr|Phone has quit [Signed off]
12:28:11 -!- Oatsmaster has quit [Read error: EOF from client]
12:29:09 -!- Saurabhinator has quit [Signed off]
13:06:33 -!- CockRoach|42 has quit [EOF from client]
13:07:31 -!- skram has quit [*.net *.split]
13:07:31 -!- Micen_ has quit [*.net *.split]
13:07:31 -!- DoT` has quit [*.net *.split]
13:07:31 -!- Golly has quit [*.net *.split]
13:07:31 -!- reification has quit [*.net *.split]
13:07:31 -!- tredc has quit [*.net *.split]
13:07:31 -!- Yolteotl has quit [*.net *.split]
13:07:31 -!- Q has quit [*.net *.split]
13:07:31 -!- Phearlock has quit [*.net *.split]
13:07:31 -!- Wikt has quit [*.net *.split]
14:23:01 -!- DoT` has quit [Read error: Connection reset by peer]
14:25:00 -!- reification has quit [Ping timeout]
14:32:49 -!- reification has quit [Signed off]
14:53:32 -!- Rawr|Phone has quit [Read error: Connection reset by peer]
15:01:16 -!- Rawr|Phone has quit [Read error: Connection reset by peer]
15:09:21 -!- carcinisation has quit [Ping timeout]
15:36:04 -!- Frigo has quit [Read error: Connection reset by peer]
16:33:01 -!- Oatsmaster has quit [Ping timeout]
16:39:01 -!- DoT` has quit [Ping timeout]
16:39:58 -!- Frigo has quit [Signed off]
16:40:30 -!- Phant_ has quit [Ping timeout]
18:16:43 -!- Golly has quit [EOF from client]
19:22:43 -!- Raelcun_ has quit [Read error: Connection reset by peer]
19:42:00 -!- Holmir has quit [Signed off]
20:19:09 -!- Micen_ has quit [*.net *.split]
20:19:09 -!- motbob has quit [*.net *.split]
20:19:09 -!- GGMethos has quit [*.net *.split]
20:49:18 -!- Frek has quit [Ping timeout]
20:56:37 -!- Golly has quit [EOF from client]
21:00:28 -!- Micen_ has quit [*.net *.split]
21:00:28 -!- motbob has quit [*.net *.split]
21:00:28 -!- GGMethos has quit [*.net *.split]
22:03:31 -!- Micen_ has quit [*.net *.split]
22:42:41 -!- carcinisation has quit [Signed off]
22:52:09 -!- Rawr|Fone has quit [Ping timeout]
