00:07:00 -!- Phearlock has quit [Ping timeout]
00:19:49 -!- carcinisation has quit [Signed off]
00:46:33 -!- skram has quit [Read error: Connection reset by peer]
01:11:10 -!- skrma has quit [Ping timeout]
01:41:34 -!- skram has quit [Ping timeout]
01:46:50 -!- tredc has quit [Signed off]
02:20:53 -!- Halvgud has quit [Signed off]
02:40:33 -!- DuB_phone has quit [Read error: Connection reset by peer]
04:20:07 -!- Phearlock_ has quit [Ping timeout]
05:04:49 -!- Phearlock__ has quit [Read error: Connection reset by peer]
06:43:07 -!- Dot` has quit [EOF from client]
07:32:42 -!- DuB` has quit [Signed off]
07:46:42 -!- Golly has quit [Ping timeout]
08:54:27 -!- FlutterAi has quit [Ping timeout]
09:22:00 -!- Camail has quit [Signed off]
10:49:09 -!- Bio has quit [Ping timeout]
11:58:29 -!- Micen|Droid has quit [Ping timeout]
12:13:50 -!- Micen|Droid_ has quit [Read error: Connection reset by peer]
13:38:41 -!- skram has quit [Ping timeout]
13:59:48 -!- Golly has quit [Ping timeout]
15:13:32 -!- motbob has quit [Ping timeout]
15:27:13 -!- tredc has quit [Ping timeout]
15:51:14 -!- Micen|Droid has quit [EOF from client]
16:05:14 -!- Micen has quit [Ping timeout]
16:15:20 -!- Rawr|Fone has quit [Ping timeout]
16:52:27 -!- FlutterAi_ has quit [Ping timeout]
18:12:54 -!- motbob has quit [Ping timeout]
18:44:19 -!- ZK has quit [Ping timeout]
19:10:45 -!- Rawr|Phone has quit [Ping timeout]
19:24:50 -!- motbob has quit [Ping timeout]
20:23:56 -!- motbob has quit [Ping timeout]
20:47:36 -!- reification has quit [Ping timeout]
21:45:21 -!- tredc has quit [Ping timeout]
22:38:20 -!- Yolteotl has quit [Ping timeout]
23:14:13 -!- motbob has quit [Ping timeout]
23:27:27 -!- Frigo has quit [Read error: Connection reset by peer]
23:38:04 -!- Micen has quit [Ping timeout]
23:48:09 -!- GGMethos has quit [Ping timeout]
23:52:02 -!- Micen has quit [Ping timeout]
23:59:56 -!- DuB` has quit [Ping timeout]
