00:40:34 -!- Runbunny has quit [Signed off]
01:16:15 -!- BioSC has quit [Signed off]
02:00:48 -!- FlutterAi has quit [Ping timeout]
02:57:01 -!- FlutterAi_ has quit [Ping timeout]
03:06:58 -!- reification has quit [Signed off]
03:20:16 -!- Frigo has quit [Read error: Connection reset by peer]
03:39:27 -!- Micen has quit [Ping timeout]
03:52:13 -!- DoT` has quit [Signed off]
03:52:34 -!- DuB`zZz has quit [Read error: Connection reset by peer]
04:33:23 -!- Camail has quit [Signed off]
06:24:29 -!- Phant has quit [Signed off]
07:07:16 -!- DoT|Phone1 has quit [Read error: Connection reset by peer]
07:42:00 -!- Frigo has quit [Read error: Connection reset by peer]
09:56:22 -!- Mag_ has quit [Read error: Connection reset by peer]
13:17:31 -!- Rawr|Phone has quit [Ping timeout]
13:30:48 -!- Micen_ has quit [Ping timeout]
13:42:01 -!- Rawr|Fone has quit [Ping timeout]
15:21:15 -!- Micen has quit [Read error: Operation timed out]
15:21:36 -!- Mag_ has quit [Ping timeout]
15:22:03 -!- DoT` has quit [Ping timeout]
15:23:59 -!- Emily has quit [Ping timeout]
16:15:01 -!- Rawr|Phone has quit [Ping timeout]
17:08:26 -!- DoubleRainbow has quit [Signed off]
17:10:56 -!- Micen has quit [Ping timeout]
18:00:04 -!- BioPhone has quit [Ping timeout]
18:25:02 -!- Rawr|Fone has quit [Ping timeout]
18:36:16 -!- FlutterAi has quit [Ping timeout]
19:24:01 -!- Micen_ has quit [Ping timeout]
19:24:49 -!- Micen has quit [Ping timeout]
19:56:28 -!- reification has quit [Signed off]
21:09:16 -!- Emily has quit [Read error: Connection reset by peer]
21:32:37 -!- DoT|Phone has quit [Read error: Connection reset by peer]
21:43:31 -!- FlutterAi_ has quit [Ping timeout]
22:12:04 -!- Emily has quit [Read error: Operation timed out]
22:12:37 -!- Biopone has quit [Ping timeout]
22:13:50 -!- Micen has quit [Ping timeout]
22:21:58 -!- Biopone has quit [EOF from client]
22:33:33 -!- Emily has quit [Signed off]
22:44:34 -!- Lynda has quit [Signed off]
23:05:52 -!- Frigo has quit [Read error: Connection reset by peer]
23:47:21 -!- tredc has quit [Signed off]
