00:01:03 -!- Runbunny has quit [Signed off]
00:11:23 -!- Crisium has quit [Ping timeout]
00:12:10 -!- Holmir has quit [Signed off]
00:15:22 -!- DoT` has quit [Signed off]
00:37:06 -!- Micen|Droid has quit [Read error: Connection reset by peer]
00:40:25 -!- Micen|Droid_ has quit [Ping timeout]
01:37:49 -!- Crisium has quit [Signed off]
02:01:03 -!- FlutterAi has quit [Ping timeout]
03:43:51 -!- skram has quit [Signed off]
03:50:46 -!- Phearlock has quit [Ping timeout]
04:13:35 -!- DuB` has quit [Read error: Connection reset by peer]
04:27:52 -!- Camail has quit [Signed off]
04:44:28 -!- DoT`-sleeps has quit [Read error: Connection reset by peer]
07:05:49 -!- kuromeko_ has quit [Ping timeout]
07:08:16 -!- Phearlock has quit [Ping timeout]
08:29:22 -!- DoT|Phone1 has quit [Read error: Connection reset by peer]
08:32:56 -!- ZK has quit [Ping timeout]
09:46:23 -!- Micen_ has quit [Signed off]
10:14:24 -!- kuromeko has quit [Ping timeout]
12:33:32 -!- Rawr|Phone has quit [Ping timeout]
13:08:53 -!- Phearlock has quit [Ping timeout]
13:49:10 -!- Rawr|Fone has quit [Ping timeout]
13:49:35 -!- kuromeko has quit [Read error: Connection reset by peer]
13:58:29 -!- motbob has quit [Ping timeout]
14:10:01 -!- DoT|Phone has quit [Ping timeout]
15:21:47 -!- kuromeko has quit [Ping timeout]
15:37:35 -!- Micen|Droid_ has quit [Read error: Connection reset by peer]
15:37:42 -!- Micen|Droid has quit [Ping timeout]
16:18:44 -!- Golly has quit [EOF from client]
18:19:22 -!- DoT|Phone has quit [Read error: Connection reset by peer]
18:24:48 -!- FlutterAi_ has quit [Ping timeout]
18:54:26 -!- Crisium has quit [Ping timeout]
19:25:22 -!- reification has quit [Signed off]
19:41:24 -!- Yolteotl has quit [Signed off]
20:47:51 -!- DoT|Phone has quit [Ping timeout]
21:52:19 -!- kuromeko has quit [Read error: Connection reset by peer]
21:56:43 -!- carcinisation has quit [Read error: Connection reset by peer]
22:13:33 -!- Mag_ has quit [Read error: Operation timed out]
22:32:16 -!- Crisium has quit [Ping timeout]
23:23:41 -!- tredc has quit [Signed off]
23:25:51 -!- Rawr|Phone has quit [Read error: Connection reset by peer]
23:41:39 -!- Crisium has quit [Ping timeout]
