00:13:34 -!- carcinisation has quit [Ping timeout]
00:15:30 -!- Runbunny has quit [Signed off]
01:12:22 -!- reification has quit [Signed off]
01:14:09 -!- ZK has quit [Ping timeout]
01:24:21 -!- motbob has quit [Ping timeout]
01:53:49 -!- motbob has quit [Ping timeout]
02:14:23 -!- Micen has quit [Ping timeout]
02:34:46 -!- Crisium has quit [Ping timeout]
03:03:46 -!- skram has quit [Ping timeout]
04:02:23 -!- Camail has quit [Signed off]
04:19:46 -!- CockRoach|42 has quit [EOF from client]
06:24:51 -!- Golly has quit [Ping timeout]
06:44:59 -!- Camail has quit [Signed off]
09:39:25 -!- ZK has quit [Ping timeout]
11:53:42 -!- Rawr|Fone has quit [Ping timeout]
14:09:50 -!- tredc has quit [Ping timeout]
14:13:04 -!- Golly has quit [Read error: Connection reset by peer]
14:18:34 -!- Bio has quit [Ping timeout]
14:48:21 -!- motbob has quit [Signed off]
16:37:11 -!- reification has quit [Ping timeout]
18:49:33 -!- tredc has quit [Ping timeout]
20:13:40 -!- skram has quit [Read error: Connection reset by peer]
22:01:29 -!- Rawr|Phone has quit [Ping timeout]
22:52:41 -!- Runbunny has quit [Signed off]
23:21:31 -!- motbob has quit [Ping timeout]
23:35:44 -!- carcinisation has quit [Ping timeout]
23:49:44 -!- tredc has quit [Ping timeout]
