00:09:17 -!- DoT|Phone1 has quit [Read error: Connection reset by peer]
00:26:13 -!- DoT|Phone2 has quit [Read error: Connection reset by peer]
00:38:19 -!- Micen|Droid has quit [Ping timeout]
00:47:13 -!- DoT|Phone has quit [Ping timeout]
01:31:09 -!- Golly has quit [Ping timeout]
01:37:18 -!- Micen|Droid_ has quit [Read error: Connection reset by peer]
01:39:25 -!- Crisium has quit [Signed off]
02:09:10 -!- Phearlock has quit [Signed off]
02:14:45 -!- Micen has quit [Ping timeout]
02:21:26 -!- Dot`-sleeps has quit [Ping timeout]
02:30:26 -!- Dot` has quit [Ping timeout]
03:57:43 -!- Camail has quit [Signed off]
04:06:53 -!- motbob has quit [Ping timeout]
04:41:39 -!- FlutterAi has quit [Read error: Connection reset by peer]
05:51:22 -!- Dot_ has quit [Read error: Connection reset by peer]
06:39:30 -!- Rawr|Phone has quit [Ping timeout]
06:56:45 -!- Rawr|Fone has quit [Read error: Connection reset by peer]
07:27:43 -!- Wikt|dc_ has quit [Read error: Connection reset by peer]
08:06:19 -!- Micen|Droid has quit [Read error: Connection reset by peer]
08:06:19 -!- Micen|Droid_ has quit [Read error: Connection reset by peer]
08:44:30 -!- Micen|Droid_ has quit [Read error: Connection reset by peer]
08:44:53 -!- Micen|Droid has quit [Read error: Connection reset by peer]
08:57:53 -!- Micen|droid has quit [EOF from client]
09:35:48 -!- motbob has quit [Ping timeout]
10:40:30 -!- motbob has quit [Ping timeout]
10:55:35 -!- Micen|Droid has quit [Ping timeout]
11:16:02 -!- Micen|Droid_ has quit [Read error: Connection reset by peer]
11:53:50 -!- BioSleep has quit [Read error: Operation timed out]
12:26:46 -!- Dot` has quit [Ping timeout]
13:01:16 -!- Dot_ has quit [Ping timeout]
13:11:19 -!- skram has quit [Ping timeout]
13:24:18 -!- Golly has quit [Ping timeout]
13:54:45 -!- Dot` has quit [Ping timeout]
15:44:34 -!- skram has quit [Ping timeout]
16:04:50 -!- tredc has quit [Ping timeout]
19:08:57 -!- Dot` has quit [Ping timeout]
19:22:57 -!- Dot_ has quit [Ping timeout]
19:34:11 -!- Phearlock has quit [Ping timeout]
20:02:20 -!- Rawr|Phone has quit [Signed off]
21:11:44 -!- Micen|Droid has quit [Read error: Connection reset by peer]
21:32:30 -!- Phearlock has quit [Ping timeout]
21:38:32 -!- tredc has quit [Ping timeout]
