00:01:06 -!- BioPhone has quit [Ping timeout]
00:36:31 -!- FlutterAi_ has quit [Ping timeout]
00:39:20 -!- Biopone has quit [EOF from client]
00:50:08 -!- Biopone has quit [Ping timeout]
01:00:04 -!- Emily has quit [Signed off]
01:11:49 -!- DoT|Phone has quit [Ping timeout]
01:14:15 -!- reification has quit [Signed off]
01:47:30 -!- Frigo has quit [Read error: Connection reset by peer]
02:09:05 -!- Holmir has quit [Signed off]
02:14:26 -!- DoT|Phone has quit [Read error: Connection reset by peer]
02:21:37 -!- DoT|Phone has quit [Read error: Connection reset by peer]
02:22:42 -!- DoT|Phone1 has quit [Read error: Connection reset by peer]
02:45:14 -!- Golly has quit [Ping timeout]
02:57:03 -!- FlutterAi has quit [Ping timeout]
03:08:21 -!- Biopone has quit [Read error: Connection reset by peer]
03:21:49 -!- DoT` has quit [Read error: Connection reset by peer]
04:05:41 -!- Golly has quit [Signed off]
04:07:20 -!- Biopone has quit [Signed off]
04:08:50 -!- DuB`zZz has quit [Read error: Connection reset by peer]
04:10:25 -!- Mag_ has quit [Ping timeout]
05:03:49 -!- Micen has quit [Ping timeout]
05:56:55 -!- skram has quit [Ping timeout]
06:17:01 -!- Mag_ has quit [EOF from client]
06:56:55 -!- Rawr|Phone has quit [EOF from client]
08:00:27 -!- Mag_ has quit [EOF from client]
08:29:56 -!- ZK has quit [Signed off]
08:42:13 -!- Crisium has quit [Signed off]
09:40:53 -!- Camail has quit [Signed off]
10:02:48 -!- Micen_ has quit [Ping timeout]
10:14:58 -!- DoT|Phone has quit [Read error: Connection reset by peer]
10:30:20 -!- Saurabhinator has quit [Ping timeout]
12:08:17 -!- Saurabhinator has quit [Signed off]
12:18:53 -!- Frigo has quit [Ping timeout]
12:47:51 -!- DoT|Phone1 has quit [Read error: Connection reset by peer]
13:20:00 -!- DoT|Phone has quit [Ping timeout]
14:25:36 -!- Mag_ has quit [EOF from client]
14:43:32 -!- Emily has quit [Registered]
14:44:01 -!- Holmir has quit [Signed off]
16:00:36 -!- FlutterAi_ has quit [*.net *.split]
16:00:36 -!- Rawr|Phone has quit [*.net *.split]
16:00:36 -!- Micen has quit [*.net *.split]
16:19:38 -!- Frigo has quit [Read error: Connection reset by peer]
16:50:13 -!- Mag_ has quit [EOF from client]
17:24:48 -!- Micen_ has quit [Ping timeout]
19:00:22 -!- DoT|Phone has quit [Read error: Connection reset by peer]
19:06:36 -!- DoT|Phone has quit [Read error: Connection reset by peer]
19:20:42 -!- Rawr|Phone has quit [Read error: Connection reset by peer]
20:02:52 -!- Rawr|Fone has quit [Ping timeout]
21:09:05 -!- Emily has quit [Read error: Connection reset by peer]
21:17:08 -!- Camail has quit [Signed off]
22:00:02 -!- Rawr|Phone has quit [Read error: Connection reset by peer]
22:06:46 -!- DoT|Phone has quit [Read error: Connection reset by peer]
22:09:31 -!- Micen|Droid has quit [Ping timeout]
22:46:44 -!- tredc has quit [Signed off]
23:14:16 -!- Emily has quit [Signed off]
23:42:32 -!- Golly has quit [Ping timeout]
