00:08:13 -!- Biopone has quit [Ping timeout]
00:34:54 -!- Kittybunny has quit [Signed off]
00:40:10 -!- Frigo has quit [Read error: Connection reset by peer]
00:44:42 -!- Biopone has quit [Signed off]
00:47:37 -!- Golly has quit [Ping timeout]
02:33:41 -!- Rawr|Phone has quit [EOF from client]
03:21:08 -!- skram has quit [Ping timeout]
03:31:07 -!- DoT|Phone has quit [Ping timeout]
04:26:43 -!- DuB`zZz has quit [Read error: Connection reset by peer]
04:54:49 -!- Camail has quit [Signed off]
05:17:16 -!- Frigo has quit [Read error: Connection reset by peer]
05:39:10 -!- Q has quit [*.net *.split]
07:04:52 -!- FlutterAi has quit [Ping timeout]
08:37:37 -!- DoT|Phone has quit [Ping timeout]
09:36:30 -!- ZK has quit [*.net *.split]
09:36:30 -!- GGMethos has quit [*.net *.split]
09:36:30 -!- motbob has quit [*.net *.split]
09:36:30 -!- Phearlock has quit [*.net *.split]
09:36:30 -!- Emily has quit [*.net *.split]
09:39:07 -!- Emily has quit [Ping timeout]
10:27:42 -!- ZK has quit [Ping timeout]
10:59:23 -!- Yolteotl has quit [Ping timeout]
11:40:00 -!- Runbunny has quit [Ping timeout]
12:17:53 -!- Rawr|Phone has quit [Ping timeout]
12:18:50 -!- Saurabhinator has quit [Signed off]
16:29:54 -!- Emily has quit [Ping timeout]
17:39:33 -!- Micen|Droid has quit [Ping timeout]
17:51:54 -!- reification has quit [Signed off]
17:55:11 -!- Rawr|Fone has quit [Ping timeout]
18:16:50 -!- Yoltphone has quit [Ping timeout]
20:14:14 -!- Frigo has quit [Read error: Connection reset by peer]
22:45:48 -!- tredc has quit [Signed off]
22:56:16 -!- carcinisation has quit [Read error: Connection reset by peer]
23:27:02 -!- Runbunny has quit [Signed off]
23:56:19 -!- DoubleRainbow has quit [Signed off]
