00:00:57 -!- Runbunny has quit [Signed off]
00:47:42 -!- DoT|Phone has quit [Read error: Connection reset by peer]
01:17:51 -!- DoT|Phone has quit [Ping timeout]
02:45:19 -!- motbob has quit [Ping timeout]
03:02:02 -!- motbob has quit [Ping timeout]
03:05:11 -!- carcinisation has quit [Ping timeout]
03:26:04 -!- Crisium has quit [Ping timeout]
03:27:02 -!- Micen has quit [Signed off]
03:53:32 -!- skram has quit [Ping timeout]
05:15:17 -!- Golly has quit [Ping timeout]
08:27:43 -!- Camail has quit [Read error: Connection reset by peer]
13:16:21 -!- DoT|Phone has quit [Ping timeout]
13:16:50 -!- Rawr|Phone has quit [Ping timeout]
15:11:44 -!- reification has quit [Signed off]
16:47:02 -!- skram has quit [Ping timeout]
17:04:30 -!- DoT|Phone has quit [Ping timeout]
17:13:35 -!- DoT|Phone1 has quit [Ping timeout]
19:41:28 -!- Runbunny has quit [Signed off]
20:16:59 -!- tredc has quit [Ping timeout]
20:33:11 -!- Zounds has quit [EOF from client]
21:33:51 -!- Rawr|Phone has quit [EOF from client]
21:36:18 -!- Rawr|Fone has quit [Ping timeout]
22:44:25 -!- ShotgunPrincess has quit [Ping timeout]
22:48:21 -!- Westy543 has quit [Ping timeout]
23:33:12 -!- Rawr|Fone has quit [*.net *.split]
23:33:12 -!- Dot` has quit [*.net *.split]
23:33:12 -!- Q has quit [*.net *.split]
23:33:12 -!- Emily_ has quit [*.net *.split]
23:33:12 -!- ZK has quit [*.net *.split]
23:33:12 -!- Twi has quit [*.net *.split]
23:33:12 -!- Golly has quit [*.net *.split]
23:33:12 -!- motbob_ has quit [*.net *.split]
23:33:12 -!- tredc has quit [*.net *.split]
23:33:12 -!- Phearlock_ has quit [*.net *.split]
23:33:12 -!- DoT|Phone has quit [*.net *.split]
23:33:12 -!- ShotgunPrincess has quit [*.net *.split]
23:33:12 -!- Rarity has quit [*.net *.split]
23:33:12 -!- CockRoach|42 has quit [*.net *.split]
23:33:12 -!- BioWork has quit [*.net *.split]
23:33:12 -!- GGMethos has quit [*.net *.split]
23:33:12 -!- Cane has quit [*.net *.split]
23:37:59 -!- Camail has quit [Ping timeout]
