01:23:22 -!- Micen_ has quit [Ping timeout]
01:55:22 -!- Golly has quit [Ping timeout]
01:59:54 -!- DoT|Phone1 has quit [Ping timeout]
03:24:01 -!- FlutterAi_ has quit [Read error: Connection reset by peer]
03:48:57 -!- Rawr|Fone has quit [*.net *.split]
03:48:57 -!- skram has quit [*.net *.split]
03:48:57 -!- FlutterAi has quit [*.net *.split]
03:48:57 -!- Dot` has quit [*.net *.split]
03:48:57 -!- Emily has quit [*.net *.split]
03:48:57 -!- Q has quit [*.net *.split]
03:48:57 -!- Micen|Kindle has quit [*.net *.split]
03:48:57 -!- Cane has quit [*.net *.split]
03:48:57 -!- motbob has quit [*.net *.split]
03:48:57 -!- Wikt_ has quit [*.net *.split]
03:48:57 -!- GGMethos has quit [*.net *.split]
03:48:57 -!- CockRoach|42 has quit [*.net *.split]
03:48:57 -!- Bio has quit [*.net *.split]
03:48:57 -!- Phearlock_ has quit [*.net *.split]
03:48:57 -!- Westy543 has quit [*.net *.split]
03:48:57 -!- Camail has quit [*.net *.split]
03:48:57 -!- Micen|Droid has quit [*.net *.split]
03:48:57 -!- Twi has quit [*.net *.split]
03:48:57 -!- Rarity has quit [*.net *.split]
03:53:17 -!- skram has quit [Ping timeout]
03:59:05 -!- Dot` has quit [Read error: Connection reset by peer]
04:18:29 -!- Camail has quit [Signed off]
04:57:49 -!- Twi has quit [*.net *.split]
04:57:49 -!- Rarity has quit [*.net *.split]
05:08:03 -!- Rawr|Fone has quit [*.net *.split]
05:08:03 -!- FlutterAi has quit [*.net *.split]
05:08:03 -!- Emily has quit [*.net *.split]
05:08:03 -!- Q has quit [*.net *.split]
05:08:03 -!- Micen|Kindle has quit [*.net *.split]
05:08:03 -!- Cane has quit [*.net *.split]
05:08:03 -!- motbob has quit [*.net *.split]
05:08:03 -!- Wikt_ has quit [*.net *.split]
05:08:03 -!- GGMethos has quit [*.net *.split]
05:08:03 -!- CockRoach|42 has quit [*.net *.split]
05:08:03 -!- Bio has quit [*.net *.split]
05:08:03 -!- Phearlock_ has quit [*.net *.split]
05:08:03 -!- Westy543 has quit [*.net *.split]
05:08:03 -!- Micen|Droid has quit [*.net *.split]
06:32:05 -!- Rawr|Fone has quit [Ping timeout]
07:14:37 -!- Rawr|Phone has quit [Ping timeout]
07:16:38 -!- Rawr|Fone has quit [Read error: Connection reset by peer]
07:26:24 -!- FlutterAi has quit [*.net *.split]
07:26:24 -!- Rawr|Pone has quit [*.net *.split]
07:26:24 -!- Emily has quit [*.net *.split]
07:26:24 -!- Q has quit [*.net *.split]
07:26:24 -!- Micen|Kindle has quit [*.net *.split]
07:26:24 -!- Cane has quit [*.net *.split]
07:26:24 -!- motbob has quit [*.net *.split]
07:26:24 -!- Wikt_ has quit [*.net *.split]
07:26:24 -!- GGMethos has quit [*.net *.split]
07:26:24 -!- CockRoach|42 has quit [*.net *.split]
07:26:24 -!- Bio has quit [*.net *.split]
07:26:24 -!- Phearlock_ has quit [*.net *.split]
07:26:24 -!- DoT|Phone has quit [*.net *.split]
07:26:24 -!- Westy543 has quit [*.net *.split]
07:26:24 -!- Golly has quit [*.net *.split]
07:26:24 -!- Micen|Droid has quit [*.net *.split]
07:36:54 -!- Twi has quit [*.net *.split]
07:36:54 -!- Rarity has quit [*.net *.split]
09:47:36 -!- Golly has quit [EOF from client]
10:59:54 -!- Micen|Droid has quit [Ping timeout]
11:11:31 -!- Micen|Droid_ has quit [Ping timeout]
11:28:20 -!- Micen|Droid has quit [Read error: Connection reset by peer]
11:28:20 -!- Micen|Droid_ has quit [Read error: Connection reset by peer]
11:34:56 -!- Micen|Droid has quit [Ping timeout]
11:57:59 -!- DoT|Phone has quit [Read error: Connection reset by peer]
12:13:53 -!- Micen has quit [Ping timeout]
12:20:11 -!- tredc has quit [Ping timeout]
12:41:47 -!- DoT|Phone1 has quit [Read error: Connection reset by peer]
12:47:53 -!- Micen_ has quit [Ping timeout]
13:03:04 -!- DoT|Phone2 has quit [Read error: Connection reset by peer]
14:06:48 -!- Dot` has quit [Ping timeout]
14:38:54 -!- Phearlock_ has quit [Ping timeout]
16:26:13 -!- motbob has quit [Read error: Connection reset by peer]
17:15:14 -!- DoT|Phone has quit [Ping timeout]
18:05:08 -!- tredc has quit [Ping timeout]
18:18:24 -!- motbob has quit [Ping timeout]
18:44:24 -!- Rawr|Fone has quit [Ping timeout]
21:19:15 -!- Micen_ has quit [Ping timeout]
22:13:20 -!- Camail has quit [Signed off]
22:23:25 -!- motbob has quit [Read error: Operation timed out]
22:34:34 -!- Runbunny has quit [Signed off]
23:35:36 -!- CockRoach|42 has quit [Ping timeout]
23:58:14 -!- tredc has quit [Signed off]
