00:25:05 -!- Frigo has quit [Read error: Connection reset by peer]
01:08:20 -!- BioPhone has quit [EOF from client]
01:14:20 -!- BioPhone has quit [Signed off]
01:43:04 -!- carcinisation has quit [Read error: Connection reset by peer]
01:48:31 -!- Micen has quit [Ping timeout]
02:57:31 -!- FlutterAi has quit [Ping timeout]
03:03:06 -!- DoT|Phone has quit [Ping timeout]
03:10:27 -!- Golly has quit [Ping timeout]
03:28:38 -!- DuB` has quit [Signed off]
04:01:27 -!- DoubleRainbow has quit [Signed off]
04:26:36 -!- Camail has quit [Signed off]
04:31:56 -!- Micen_ has quit [Read error: Connection reset by peer]
04:54:39 -!- Holmir has quit [Signed off]
05:48:10 -!- Rawr|Fone has quit [Read error: Connection reset by peer]
05:49:12 -!- Phant has quit [Signed off]
06:22:26 -!- skram has quit [Ping timeout]
07:50:00 -!- Camail has quit [Signed off]
07:56:21 -!- Rawr|Phone has quit [Read error: Connection reset by peer]
08:16:58 -!- Crisium has quit [Signed off]
09:09:36 -!- Saurabhinator has quit [Ping timeout]
09:22:41 -!- Wikt_ has quit [Read error: Connection reset by peer]
09:34:59 -!- FlutterAi_ has quit [Read error: Connection reset by peer]
12:10:09 -!- Saurabhinator has quit [Signed off]
12:20:10 -!- Runbunny has quit [Signed off]
13:10:23 -!- DoT|Phone1 has quit [Ping timeout]
13:22:46 -!- DoT|Phone has quit [Ping timeout]
15:14:40 -!- DoT` has quit [Ping timeout]
15:31:49 -!- DoubleRainbow has quit [Signed off]
16:00:07 -!- Emily has quit [EOF from client]
16:02:04 -!- Golly has quit [Ping timeout]
16:06:20 -!- Emily has quit [Signed off]
17:57:19 -!- Micen_ has quit [Read error: Connection reset by peer]
19:10:18 -!- skram has quit [Read error: Connection reset by peer]
19:12:06 -!- Yolteotl has quit [Ping timeout]
20:29:10 -!- Biopone has quit [Read error: Connection reset by peer]
20:29:11 -!- BioPhone has quit [Read error: Connection reset by peer]
20:31:34 -!- Biopone has quit [Read error: Connection reset by peer]
20:49:26 -!- Biopone has quit [EOF from client]
21:22:03 -!- Wikt|dc_ has quit [Read error: Connection reset by peer]
21:22:06 -!- Biopone has quit [Read error: Connection reset by peer]
21:42:55 -!- Zounds has quit [EOF from client]
21:50:43 -!- Biopone has quit [Read error: Connection reset by peer]
22:53:38 -!- tredc has quit [Signed off]
23:33:29 -!- Biopone has quit [EOF from client]
23:39:56 -!- FlutterAi has quit [Ping timeout]
23:50:32 -!- Biopone has quit [EOF from client]
23:50:35 -!- Emily has quit [Signed off]
23:51:11 -!- skram has quit [Read error: Connection reset by peer]
