00:00:23 -!- Biopone has quit [Ping timeout]
00:10:08 -!- Emily has quit [Signed off]
00:29:29 -!- DoT|Phone has quit [Ping timeout]
00:49:51 -!- Yolteotl has quit [Ping timeout]
01:08:09 -!- Biopone has quit [EOF from client]
01:27:54 -!- FlutterAi_ has quit [Ping timeout]
01:34:10 -!- Biopone has quit [EOF from client]
01:44:38 -!- Biopone has quit [Signed off]
02:17:09 -!- Golly has quit [Ping timeout]
02:58:32 -!- FlutterAi has quit [Ping timeout]
03:08:51 -!- skram has quit [Signed off]
03:39:42 -!- DuB`zZz has quit [Signed off]
03:50:48 -!- Micen_ has quit [Read error: Connection reset by peer]
03:57:02 -!- Wikt has quit [Read error: Connection reset by peer]
04:05:26 -!- DoT` has quit [Read error: Connection reset by peer]
04:51:04 -!- DoT|Phone1 has quit [Read error: Connection reset by peer]
06:27:49 -!- Raelcun has quit [Ping timeout]
06:47:59 -!- camail has quit [Signed off]
08:38:35 -!- Micen has quit [Signed off]
08:56:17 -!- Camail has quit [Signed off]
09:00:04 -!- DoT|Phone has quit [Ping timeout]
09:13:19 -!- Crisium has quit [Signed off]
09:16:29 -!- Wikt_ has quit [Read error: Connection reset by peer]
12:07:15 -!- DoT|Phone has quit [Read error: Connection reset by peer]
12:11:48 -!- Saurabhinator has quit [Signed off]
12:44:57 -!- Emily has quit [Ping timeout]
13:15:32 -!- Rawr|Phone has quit [Ping timeout]
13:36:29 -!- Emily has quit [Read error: Connection reset by peer]
15:15:29 -!- DoT|Phone1 has quit [Read error: Connection reset by peer]
15:29:01 -!- Golly has quit [Ping timeout]
15:37:39 -!- Rawr|Fone has quit [Read error: Connection reset by peer]
15:43:21 -!- Rawr|Phone has quit [Ping timeout]
16:12:50 -!- DoT|Phone has quit [Read error: Connection reset by peer]
17:38:56 -!- Mag_ has quit [Read error: Connection reset by peer]
17:51:11 -!- Frigo has quit [Ping timeout]
18:48:20 -!- Rawr|Fone has quit [Ping timeout]
18:59:54 -!- Runbunny has quit [Read error: Connection reset by peer]
19:27:22 -!- skram has quit [Ping timeout]
20:55:02 -!- DoT|Phone1 has quit [Read error: Connection reset by peer]
21:00:06 -!- DoT|Phone has quit [Ping timeout]
21:21:52 -!- reification has quit [Signed off]
21:36:32 -!- Emily has quit [Read error: Connection reset by peer]
22:42:41 -!- Golly has quit [Signed off]
23:03:12 -!- tredc has quit [Signed off]
