00:41:26 -!- Micen has quit [Ping timeout]
00:45:19 -!- tredc has quit [Signed off]
01:16:36 -!- Micen_ has quit [Ping timeout]
01:29:00 -!- skram has quit [Ping timeout]
01:49:30 -!- motbob has quit [Signed off]
01:51:55 -!- DoT|Phone has quit [Ping timeout]
02:28:33 -!- Runbunny has quit [Signed off]
02:42:46 -!- Micen_ has quit [Ping timeout]
03:32:21 -!- Cane has quit [Read error: Connection reset by peer]
04:12:29 -!- Emi_ has quit [Ping timeout]
04:15:21 -!- DuB_phone has quit [Signed off]
04:19:35 -!- DuB_phone has quit [Read error: Connection reset by peer]
04:30:08 -!- Phearlock has quit [Ping timeout]
06:16:45 -!- ZK has quit [Ping timeout]
06:45:50 -!- Crisium has quit [Signed off]
07:24:19 -!- Rawr|Phone has quit [Ping timeout]
08:00:59 -!- Rawr|Fone has quit [Ping timeout]
09:10:19 -!- Camail has quit [Signed off]
11:03:07 -!- DuB` has quit [Read error: Connection reset by peer]
11:04:55 -!- DoT|Phone has quit [Read error: Connection reset by peer]
11:20:29 -!- DoT|Phone1 has quit [Read error: Connection reset by peer]
12:22:29 -!- Phearlock has quit [Ping timeout]
12:32:20 -!- Micen has quit [Ping timeout]
13:56:16 -!- skram has quit [Ping timeout]
14:16:57 -!- Dot` has quit [Ping timeout]
14:21:16 -!- DoT_ has quit [Ping timeout]
14:37:16 -!- DoT|Phone has quit [Ping timeout]
15:03:16 -!- tredc has quit [Ping timeout]
15:46:34 -!- Rawr|Phone has quit [Signed off]
15:49:57 -!- Rawr|Fone has quit [Read error: Connection reset by peer]
16:15:27 -!- Dot` has quit [Ping timeout]
16:30:59 -!- Rawr|Phone has quit [Ping timeout]
16:36:23 -!- Dot` has quit [Ping timeout]
16:37:33 -!- skram has quit [Ping timeout]
16:39:53 -!- DoT_ has quit [Ping timeout]
16:42:24 -!- Phearlock has quit [Read error: Connection reset by peer]
16:44:17 -!- Dot` has quit [Ping timeout]
16:44:28 -!- DoT__ has quit [Ping timeout]
16:50:03 -!- DoT_ has quit [Ping timeout]
16:59:46 -!- Dot` has quit [Ping timeout]
17:02:51 -!- DoT_ has quit [Ping timeout]
17:39:34 -!- DoT|Phone has quit [Read error: Connection reset by peer]
17:42:05 -!- DoT|Phone1 has quit [Read error: Connection reset by peer]
18:24:44 -!- Rawr|Fone has quit [Read error: Connection reset by peer]
18:55:31 -!- skram has quit [Ping timeout]
19:00:34 -!- Camail has quit [Signed off]
19:07:29 -!- Golly has quit [EOF from client]
19:34:46 -!- DuB_phone has quit [Signed off]
19:46:09 -!- Rawr|Phone has quit [Read error: Connection reset by peer]
19:56:32 -!- tredc has quit [Ping timeout]
20:20:37 -!- Rawr|Fone has quit [Read error: Connection reset by peer]
20:34:24 -!- Rawr|Phone has quit [Ping timeout]
21:12:23 -!- Zounds has quit [Signed off]
21:22:37 -!- DoT|Phone has quit [Read error: Connection reset by peer]
21:39:00 -!- DoT|Phone1 has quit [Ping timeout]
23:45:26 -!- motbob has quit [Signed off]
