00:32:42 -!- carcinisation has quit [Ping timeout]
00:53:57 -!- Runbunny has quit [Signed off]
01:02:17 -!- tredc has quit [Signed off]
02:51:13 -!- skram has quit [Ping timeout]
03:13:12 -!- Golly has quit [Ping timeout]
05:17:35 -!- DuB` has quit [Signed off]
05:22:30 -!- Phearlock has quit [Signed off]
05:49:17 -!- Cane has quit [Ping timeout]
05:50:37 -!- Cane has quit [Registered]
06:39:53 -!- Camail has quit [Signed off]
07:30:50 -!- Micen_ has quit [Ping timeout]
08:07:14 -!- Rawr|Fone has quit [Ping timeout]
08:15:13 -!- ZK has quit [Ping timeout]
08:18:34 -!- Westy543 has quit [Ping timeout]
09:04:01 -!- Rawr|Phone has quit [Signed off]
09:58:10 -!- Gollie has quit [Ping timeout]
12:00:17 -!- Micen|Droid has quit [Ping timeout]
12:13:09 -!- Micen|Droid_ has quit [Ping timeout]
12:13:36 -!- tredc has quit [Ping timeout]
12:30:48 -!- motbob has quit [Ping timeout]
12:53:39 -!- Micen|Droid has quit [Ping timeout]
12:55:10 -!- Micen|Droid_ has quit [Ping timeout]
12:56:51 -!- AndChat-209684 has quit [Ping timeout]
13:12:07 -!- Micen_ has quit [Ping timeout]
14:38:31 -!- Runbunny has quit [Signed off]
15:02:56 -!- Frigo has quit [Signed off]
15:26:18 -!- motbob has quit [Ping timeout]
15:39:15 -!- Rawr|Fone has quit [Ping timeout]
16:42:31 -!- Rawr|Phone has quit [EOF from client]
17:33:06 -!- tredc has quit [Ping timeout]
20:09:30 -!- Rawr|Fone has quit [Ping timeout]
22:08:43 -!- Camail has quit [Read error: Connection reset by peer]
22:55:10 -!- ZK has quit [Ping timeout]
23:16:08 -!- Westy543 has quit [Ping timeout]
23:58:42 -!- tredc has quit [Ping timeout]
