00:07:08 -!- Yoltphone has quit [Ping timeout]
00:18:53 -!- DoT|Phone has quit [Ping timeout]
00:49:33 -!- reification has quit [Signed off]
01:38:41 -!- Runbunny has quit [Signed off]
01:41:54 -!- reification has quit [Signed off]
02:20:31 -!- skram has quit [Ping timeout]
03:03:40 -!- FlutterAi has quit [Ping timeout]
03:09:03 -!- Frigo has quit [Read error: Connection reset by peer]
03:56:49 -!- Rawr|Fone has quit [Ping timeout]
04:04:57 -!- Wikt has quit [Read error: Connection reset by peer]
04:06:04 -!- DoT|Phone has quit [Ping timeout]
04:07:14 -!- DoT|Phone1 has quit [Read error: Connection reset by peer]
04:08:37 -!- DoT|Phone has quit [Read error: Connection reset by peer]
04:40:10 -!- FlutterAi_ has quit [Ping timeout]
05:46:38 -!- Micen_ has quit [Signed off]
07:03:39 -!- Frigo1 has quit [Read error: Connection reset by peer]
08:01:38 -!- DuB` has quit [Read error: Connection reset by peer]
08:05:02 -!- Wikt has quit [Ping timeout]
08:27:18 -!- Wikt_ has quit [Read error: Connection reset by peer]
08:45:18 -!- Micen has quit [Ping timeout]
09:19:04 -!- Mag_ has quit [EOF from client]
09:57:08 -!- Phearlock has quit [Signed off]
09:59:49 -!- Yolteotl has quit [Ping timeout]
10:02:23 -!- Frigo has quit [Read error: Connection reset by peer]
10:04:50 -!- Crisium has quit [Signed off]
10:09:01 -!- Yoltphone has quit [Ping timeout]
10:13:48 -!- Yoltphone has quit [Read error: Connection reset by peer]
11:14:40 -!- DoT|Phone has quit [Read error: Connection reset by peer]
11:20:40 -!- DoT|Phone1 has quit [Ping timeout]
11:24:49 -!- reification has quit [Signed off]
11:40:06 -!- Micen has quit [Ping timeout]
11:57:51 -!- DoT|Phone has quit [Read error: Connection reset by peer]
12:00:51 -!- DoT|Phone1 has quit [Ping timeout]
12:31:41 -!- Saurabhinator has quit [Signed off]
12:34:08 -!- Yolteotl has quit [Ping timeout]
12:37:06 -!- DoT|Phone has quit [Ping timeout]
13:38:55 -!- Yoltphone has quit [EOF from client]
13:38:59 -!- Camail has quit [Signed off]
13:51:56 -!- FlutterAi has quit [Ping timeout]
13:55:30 -!- Mag_ has quit [Ping timeout]
14:43:37 -!- Oatsmaster has quit [Read error: EOF from client]
17:02:48 -!- Yoltphone has quit [EOF from client]
17:35:03 -!- DoT` has quit [Read error: Connection reset by peer]
20:19:25 -!- Camail has quit [Signed off]
20:54:55 -!- Wikt has quit [Signed off]
21:36:14 -!- reification has quit [Signed off]
21:38:30 -!- Yoltphone has quit [Ping timeout]
22:25:47 -!- carcinisation has quit [Signed off]
22:31:28 -!- FlutterAi has quit [Ping timeout]
22:34:47 -!- Frigo has quit [Read error: Connection reset by peer]
22:43:52 -!- Camail has quit [Signed off]
22:51:56 -!- DoT|Phone has quit [Read error: Connection reset by peer]
22:54:56 -!- DoT|Phone1 has quit [Ping timeout]
23:17:53 -!- Crisium has quit [Ping timeout]
23:45:07 -!- tredc has quit [Signed off]
