00:03:35 -!- Phearlock has quit [Read error: Connection reset by peer]
00:53:58 -!- skram has quit [Ping timeout]
01:23:32 -!- tredc has quit [Signed off]
01:41:42 -!- carcinisation has quit [Signed off]
02:32:26 -!- Caumen has quit [Ping timeout]
02:46:19 -!- skram has quit [Ping timeout]
03:58:24 -!- Phearlock has quit [Ping timeout]
04:02:18 -!- Crisium has quit [Signed off]
05:23:25 -!- Camail has quit [Signed off]
05:55:19 -!- DuB` has quit [Read error: Connection reset by peer]
06:32:31 -!- Golly has quit [Ping timeout]
06:47:07 -!- HoMM has quit [Ping timeout]
08:02:05 -!- skram has quit [Ping timeout]
08:43:51 -!- motbob has quit [Ping timeout]
09:07:47 -!- Caumen_ has quit [Signed off]
10:10:30 -!- motbob has quit [Ping timeout]
10:48:54 -!- Oatsmaster has quit [EOF from client]
12:51:15 -!- reify has quit [Read error: Connection reset by peer]
14:43:01 -!- tredc has quit [Ping timeout]
14:47:41 -!- Golly has quit [Ping timeout]
15:11:42 -!- Oatsmaster has quit [EOF from client]
15:42:00 -!- DoT|Phone has quit [Ping timeout]
16:53:14 -!- Rawr|Phone has quit [Read error: Connection reset by peer]
16:56:55 -!- Rawr|Fone has quit [Ping timeout]
18:27:46 -!- HoMM has quit [Signed off]
19:14:27 -!- Camail has quit [Read error: Connection reset by peer]
19:19:27 -!- Oatsmaster has quit [Ping timeout]
19:54:36 -!- Camail has quit [Read error: Connection reset by peer]
21:12:38 -!- skram has quit [Ping timeout]
22:15:29 -!- Rawr|Pone has quit [Signed off]
22:21:43 -!- Rawr|Fone has quit [Ping timeout]
23:25:08 -!- tredc has quit [Ping timeout]
