01:31:48 -!- Golly has quit [Ping timeout]
01:48:29 -!- skram has quit [Ping timeout]
01:48:31 -!- Biopone has quit [EOF from client]
01:55:59 -!- Biopone has quit [EOF from client]
02:07:56 -!- Mag_ has quit [Ping timeout]
02:20:16 -!- Biopone has quit [EOF from client]
02:21:57 -!- DoubleRainbow has quit [Signed off]
02:37:33 -!- Camail has quit [Signed off]
02:41:45 -!- DuB`zZz has quit [Read error: Connection reset by peer]
02:41:51 -!- Camail has quit [Signed off]
03:20:42 -!- Phant has quit [Ping timeout]
03:22:29 -!- Raelcun has quit [Ping timeout]
04:50:04 -!- Camail has quit [Signed off]
05:27:53 -!- Biopone has quit [EOF from client]
06:11:51 -!- Biopone has quit [EOF from client]
06:56:37 -!- Camail has quit [Signed off]
07:00:19 -!- FlutterAi has quit [Ping timeout]
07:39:44 -!- Biopone has quit [EOF from client]
08:27:19 -!- ZK has quit [Ping timeout]
08:51:49 -!- Phearlock has quit [Ping timeout]
10:12:22 -!- Rawr|Fone has quit [Ping timeout]
13:17:43 -!- Rawr|Phone has quit [Ping timeout]
13:17:54 -!- Phearlock has quit [Ping timeout]
14:49:29 -!- FlutterAi has quit [Ping timeout]
15:09:36 -!- Saurabhinator has quit [Signed off]
15:40:12 -!- zk_ has quit [Signed off]
15:58:24 -!- Biopone has quit [EOF from client]
16:09:51 -!- Biopone has quit [EOF from client]
16:11:24 -!- Oatsmaster has quit [EOF from client]
16:11:56 -!- PengWin has quit [Ping timeout]
16:12:45 -!- Zounds has quit [Ping timeout]
17:11:42 -!- Biopone has quit [EOF from client]
17:42:15 -!- reification has quit [Signed off]
18:19:13 -!- zk_work has quit [Signed off]
19:45:28 -!- DoubleRainbow has quit [Signed off]
19:56:22 -!- DoT|Phone has quit [Ping timeout]
20:46:10 -!- DuB` has quit [Ping timeout]
20:51:21 -!- BioPhone has quit [EOF from client]
21:26:57 -!- Rawr|Phone has quit [Ping timeout]
21:48:55 -!- Lynda has quit [Signed off]
21:57:46 -!- DoT|Phone1 has quit [EOF from client]
22:34:28 -!- BioPhone has quit [Ping timeout]
23:16:25 -!- Rawr|Fone has quit [Read error: Connection reset by peer]
23:52:57 -!- tredc has quit [Signed off]
