00:11:17 -!- AndroUser2 has quit [Ping timeout]
00:18:00 -!- AndroUser2 has quit [Ping timeout]
01:00:24 -!- AndroUser2 has quit [Ping timeout]
01:00:32 -!- skram has quit [Ping timeout]
01:31:48 -!- AndroUser2 has quit [Ping timeout]
02:02:56 -!- AndroUser2 has quit [EOF from client]
02:37:21 -!- Dott` has quit [Ping timeout]
03:11:19 -!- Golly has quit [Ping timeout]
04:17:54 -!- Dott has quit [Ping timeout]
04:24:52 -!- Crisium has quit [Signed off]
06:49:06 -!- DuB` has quit [Read error: Connection reset by peer]
07:29:35 -!- Phearlock has quit [Ping timeout]
07:35:43 -!- Camail has quit [Signed off]
08:09:51 -!- Dott` has quit [Ping timeout]
08:19:43 -!- Rawr|Fone has quit [EOF from client]
09:33:19 -!- CockRoach|42 has quit [Ping timeout]
11:18:05 -!- Phearlock has quit [Ping timeout]
11:42:03 -!- FlutterAi_ has quit [Ping timeout]
12:34:50 -!- carcinisation has quit [Read error: Connection reset by peer]
12:58:14 -!- Rawr|Phone has quit [Ping timeout]
13:00:08 -!- Rawr|Fone has quit [Ping timeout]
14:03:18 -!- Saurabhinator has quit [Signed off]
14:25:26 -!- Phearlock has quit [Ping timeout]
14:40:55 -!- AndroUser2 has quit [Ping timeout]
15:34:28 -!- Rawr|Phone has quit [Ping timeout]
15:45:05 -!- AndroUser2 has quit [EOF from client]
15:51:17 -!- AndroUser2 has quit [Ping timeout]
16:15:39 -!- AndroUser2 has quit [Ping timeout]
16:27:42 -!- carcinisation has quit [Read error: Connection reset by peer]
16:49:56 -!- Dott has quit [Ping timeout]
16:58:19 -!- AndroUser2 has quit [Ping timeout]
17:09:34 -!- Phearlaptop has quit [Ping timeout]
18:51:32 -!- reification has quit [Signed off]
19:49:21 -!- Zounds has quit [Signed off]
20:13:33 -!- Raelcun_ has quit [Ping timeout]
21:07:56 -!- ZK has quit [Ping timeout]
21:29:13 -!- Phant has quit [Ping timeout]
22:45:03 -!- FlutterAi has quit [Ping timeout]
22:45:16 -!- DoT|Phone has quit [Ping timeout]
22:52:00 -!- DoT|Phone has quit [Read error: Connection reset by peer]
22:55:00 -!- DoT|Phone1 has quit [Ping timeout]
22:55:36 -!- carcinisation has quit [Read error: Connection reset by peer]
22:55:58 -!- DoT|Phone has quit [EOF from client]
23:11:04 -!- Raelcun has quit [Read error: Connection reset by peer]
23:26:21 -!- tredc has quit [Signed off]
23:51:23 -!- Runbunny has quit [Signed off]
