00:19:45 -!- Runbunny has quit [Signed off]
00:31:47 -!- DuB` has quit [Read error: Connection reset by peer]
01:18:20 -!- Bio has quit [Signed off]
01:24:29 -!- Phearlock has quit [Read error: Connection reset by peer]
02:07:46 -!- BioPhone has quit [EOF from client]
02:57:27 -!- FlutterAi has quit [Ping timeout]
03:14:24 -!- Yoltphone has quit [EOF from client]
03:48:11 -!- Frigo has quit [Ping timeout]
05:05:19 -!- FlutterAi_ has quit [Ping timeout]
06:06:32 -!- FlutterAi has quit [Ping timeout]
06:13:26 -!- BioPhone has quit [EOF from client]
06:15:04 -!- Rawr|Fone has quit [EOF from client]
06:27:33 -!- Golly has quit [Ping timeout]
06:30:40 -!- skram has quit [Ping timeout]
06:56:26 -!- BioPhone has quit [EOF from client]
07:09:55 -!- DuB`zZz has quit [Signed off]
07:23:03 -!- BioPhone has quit [EOF from client]
07:40:10 -!- Yolteotl has quit [Ping timeout]
07:42:16 -!- Yoltphone has quit [Ping timeout]
07:47:18 -!- BioPhone has quit [EOF from client]
08:01:44 -!- BioPhone has quit [EOF from client]
08:18:01 -!- Emily has quit [Read error: Connection reset by peer]
08:32:11 -!- DoT|Phone has quit [Read error: Connection reset by peer]
09:11:29 -!- FlutterAi_ has quit [Ping timeout]
09:12:45 -!- DoT|Phone1 has quit [Read error: Connection reset by peer]
09:37:24 -!- Yoltphone has quit [Ping timeout]
09:37:34 -!- zkay has quit [Ping timeout]
09:55:53 -!- DoT` has quit [Read error: Connection reset by peer]
09:59:02 -!- DoT|Phone has quit [Read error: Connection reset by peer]
10:05:01 -!- DoT|Phone1 has quit [Ping timeout]
10:10:14 -!- Micen_ has quit [Ping timeout]
11:29:44 -!- Yoltphone has quit [EOF from client]
12:07:01 -!- Yoltphone has quit [EOF from client]
12:13:15 -!- Yoltphone has quit [Ping timeout]
13:16:23 -!- Saura has quit [Signed off]
13:28:00 -!- Micen has quit [Ping timeout]
13:29:59 -!- Micen|Droid has quit [Ping timeout]
13:50:07 -!- Micen|Droid_ has quit [Read error: Connection reset by peer]
14:05:51 -!- BioPhone has quit [EOF from client]
14:16:06 -!- BioPhone has quit [EOF from client]
15:01:35 -!- ZK has quit [Ping timeout]
15:16:40 -!- BioPhone has quit [EOF from client]
15:26:58 -!- Phearlock has quit [Ping timeout]
15:32:32 -!- BioPhone has quit [EOF from client]
15:51:32 -!- BioPhone has quit [Ping timeout]
15:58:08 -!- skram has quit [Read error: Connection reset by peer]
16:07:55 -!- Phearlaptop has quit [Ping timeout]
16:18:08 -!- Emily has quit [Read error: Connection reset by peer]
16:28:50 -!- BioPhone has quit [Ping timeout]
16:37:57 -!- skram has quit [Read error: Connection reset by peer]
16:47:33 -!- Phearlaptop has quit [Signed off]
16:58:57 -!- Cane has quit [Signed off]
17:12:55 -!- Cane has quit [Signed off]
17:30:02 -!- ZK has quit [Ping timeout]
17:53:12 -!- Cane has quit [Signed off]
18:08:37 -!- Yoltphone has quit [Ping timeout]
18:09:10 -!- Mag_ has quit [EOF from client]
18:38:53 -!- Wikt has quit [Read error: Connection reset by peer]
18:53:39 -!- carcinisation has quit [Signed off]
20:01:03 -!- Holmir has quit [Signed off]
20:16:35 -!- Micen|Droid has quit [Read error: Connection reset by peer]
20:16:35 -!- Micen|Droid_ has quit [Read error: Connection reset by peer]
20:33:24 -!- DoT|Phone has quit [Ping timeout]
21:26:17 -!- Phearlock has quit [Read error: Connection reset by peer]
22:36:30 -!- Emily_ has quit [Read error: Operation timed out]
22:37:52 -!- Emily has quit [Ping timeout]
23:00:34 -!- zkay has quit [Ping timeout]
23:18:42 -!- reification has quit [Signed off]
23:25:14 -!- Yolteotl has quit [Ping timeout]
23:26:00 -!- Yoltphone has quit [EOF from client]
23:28:50 -!- tredc has quit [Signed off]
23:38:06 -!- ZK has quit [Ping timeout]
