00:00:45 -!- Emily has quit [Ping timeout]
00:59:09 -!- BioPhone has quit [Ping timeout]
00:59:47 -!- carcinisation has quit [Signed off]
01:07:29 -!- Crisium has quit [Ping timeout]
01:11:10 -!- BioPhone has quit [Ping timeout]
01:24:42 -!- Frigo has quit [Read error: Connection reset by peer]
01:32:56 -!- BioPhone has quit [Ping timeout]
01:48:55 -!- BioPhone has quit [Ping timeout]
02:02:02 -!- BioPhone has quit [Read error: Connection reset by peer]
02:21:56 -!- BioPhone has quit [EOF from client]
02:32:13 -!- Biopone has quit [EOF from client]
02:38:36 -!- Biopone has quit [Ping timeout]
02:56:18 -!- FlutterAi has quit [Ping timeout]
03:44:55 -!- DoT|Phone has quit [Ping timeout]
04:16:22 -!- Oatsmaster has quit [EOF from client]
04:32:27 -!- DoT` has quit [Read error: Connection reset by peer]
04:47:34 -!- Rawr|Fone has quit [Ping timeout]
05:29:30 -!- Emily has quit [Read error: Connection reset by peer]
05:35:38 -!- BioPhone has quit [Ping timeout]
05:49:54 -!- skram has quit [Ping timeout]
06:09:22 -!- Biopone has quit [EOF from client]
06:36:08 -!- Biopone has quit [EOF from client]
07:16:27 -!- Rawr|Phone has quit [Read error: Connection reset by peer]
07:57:05 -!- Rawr|Fone has quit [Read error: Connection reset by peer]
08:01:27 -!- Golly has quit [Ping timeout]
08:04:49 -!- motbob has quit [Ping timeout]
08:05:13 -!- Crisium has quit [Signed off]
08:06:24 -!- Emily has quit [Ping timeout]
08:19:21 -!- DuB` has quit [Signed off]
09:12:26 -!- Camail has quit [Signed off]
10:04:21 -!- skram has quit [Ping timeout]
10:46:53 -!- zkay has quit [Ping timeout]
11:03:07 -!- Phearlock has quit [Ping timeout]
11:45:06 -!- DoT|Phone has quit [Ping timeout]
11:58:55 -!- Saurabhinator has quit [Signed off]
12:24:18 -!- DoT|Phone has quit [Ping timeout]
12:58:38 -!- DoT|Phone has quit [Ping timeout]
14:15:33 -!- DoT|Phone has quit [Ping timeout]
15:43:08 -!- Camail has quit [Signed off]
15:50:45 -!- Oatsmaster has quit [EOF from client]
16:14:14 -!- Frigo has quit [Read error: Connection reset by peer]
16:26:12 -!- Rawr|Phone has quit [Read error: Connection reset by peer]
16:41:22 -!- Phearlock has quit [Ping timeout]
17:00:04 -!- Golly has quit [EOF from client]
17:04:08 -!- BioSC has quit [Ping timeout]
18:09:59 -!- reification has quit [Signed off]
19:17:24 -!- Frigo has quit [Read error: Connection reset by peer]
19:23:36 -!- Biopone has quit [EOF from client]
19:58:49 -!- Emily_ has quit [Registered]
20:03:54 -!- Emily has quit [Ping timeout]
20:39:25 -!- Biopone has quit [EOF from client]
21:17:26 -!- Frigo has quit [Read error: Connection reset by peer]
21:43:32 -!- Emily has quit [Read error: Connection reset by peer]
21:53:37 -!- Emily has quit [Ping timeout]
22:12:52 -!- ZK has quit [Ping timeout]
23:34:46 -!- tredc has quit [Signed off]
23:43:03 -!- Emily has quit [Ping timeout]
