00:07:46 -!- Wikt_ has quit [Read error: Connection reset by peer]
00:12:49 -!- Micen has quit [Ping timeout]
02:24:18 -!- skram has quit [Ping timeout]
02:53:35 -!- Bio has quit [Ping timeout]
03:12:00 -!- DoT|Phone1 has quit [Ping timeout]
04:46:59 -!- Bio has quit [Ping timeout]
04:50:45 -!- Gollie has quit [Ping timeout]
05:16:47 -!- FlutterAi has quit [Ping timeout]
06:14:03 -!- ShotgunPrincess has quit [Read error: Connection reset by peer]
06:14:29 -!- Oatsmaster has quit [EOF from client]
06:53:51 -!- Camail has quit [Signed off]
07:32:19 -!- FlutterAi has quit [Ping timeout]
08:11:43 -!- Micen_ has quit [Ping timeout]
08:17:27 -!- DoT` has quit [Read error: Connection reset by peer]
08:46:44 -!- Micen has quit [Ping timeout]
09:17:21 -!- ZK has quit [Ping timeout]
09:26:17 -!- Micen has quit [Ping timeout]
09:30:49 -!- Rawr|Fone has quit [Ping timeout]
09:46:04 -!- DoT|Phone has quit [Read error: Connection reset by peer]
09:48:02 -!- DoT|Phone1 has quit [Read error: Connection reset by peer]
09:49:11 -!- DoT|Phone has quit [Read error: Connection reset by peer]
09:49:22 -!- DoT|Phone1 has quit [EOF from client]
10:13:49 -!- Micen_ has quit [Ping timeout]
10:14:43 -!- Micen|Droid has quit [Ping timeout]
10:19:50 -!- Micen|Droid_ has quit [Ping timeout]
10:22:16 -!- Oatsmaster has quit [Ping timeout]
11:02:28 -!- Micen|Droid has quit [Read error: Connection reset by peer]
11:05:50 -!- Micen|Droid_ has quit [Ping timeout]
11:34:52 -!- tredc has quit [Ping timeout]
11:36:00 -!- DoT|Phone has quit [Ping timeout]
11:47:38 -!- Rawr|Phone has quit [Ping timeout]
11:50:56 -!- DoT` has quit [Read error: Connection reset by peer]
13:07:21 -!- Saurabhinator has quit [Signed off]
13:25:54 -!- Rawr|Fone has quit [Ping timeout]
13:30:20 -!- Gollie has quit [EOF from client]
13:57:01 -!- Cane has quit [Signed off]
14:06:01 -!- Gollie has quit [EOF from client]
14:20:58 -!- Phearlaptop has quit [Ping timeout]
17:16:30 -!- BioPhone has quit [EOF from client]
18:07:07 -!- Rawr|Phone has quit [Ping timeout]
18:53:16 -!- BioPhone has quit [EOF from client]
18:56:08 -!- BioPhone has quit [EOF from client]
18:59:31 -!- BioPhone has quit [EOF from client]
19:08:50 -!- BioPhone has quit [Read error: Connection reset by peer]
19:28:09 -!- Yolteotl has quit [Ping timeout]
20:01:26 -!- BioPhone has quit [Read error: Connection reset by peer]
20:04:45 -!- Biopone has quit [Read error: Connection reset by peer]
20:36:20 -!- DoT|Phone1 has quit [Read error: Connection reset by peer]
20:37:01 -!- DoT|Phone has quit [Read error: Connection reset by peer]
21:07:46 -!- AndChat-209684 has quit [Ping timeout]
21:54:04 -!- tredc has quit [Signed off]
22:14:50 -!- Gollie has quit [Read error: Connection reset by peer]
22:22:11 -!- Gollie has quit [Read error: Connection reset by peer]
22:34:25 -!- Runbunny has quit [Signed off]
22:36:29 -!- reification has quit [Signed off]
23:47:21 -!- Biopone has quit [EOF from client]
23:50:14 -!- BioPhone has quit [Ping timeout]
