00:31:54 -!- DoT|Phone has quit [Ping timeout]
00:31:54 -!- Frigo has quit [Read error: Connection reset by peer]
00:40:54 -!- Mag_ has quit [EOF from client]
01:10:34 -!- DoT|Phone has quit [Read error: Connection reset by peer]
01:19:23 -!- Golly has quit [Read error: Operation timed out]
01:35:29 -!- Yolteotl has quit [Ping timeout]
01:37:25 -!- skram has quit [Ping timeout]
01:40:43 -!- DoT|Phone1 has quit [Ping timeout]
02:14:37 -!- DoT|Phone has quit [Ping timeout]
02:21:18 -!- Crisium has quit [Signed off]
02:25:40 -!- Oatsmaster has quit [Read error: EOF from client]
02:44:15 -!- Runbunny has quit [Signed off]
03:03:07 -!- DoT` has quit [Read error: Connection reset by peer]
03:04:58 -!- FlutterAi has quit [Ping timeout]
03:05:22 -!- DoT|Phone has quit [Ping timeout]
04:19:04 -!- Phearlaptop has quit [Ping timeout]
04:44:02 -!- Camail has quit [Signed off]
05:16:47 -!- Saurabhinator has quit [Signed off]
06:12:03 -!- Camail has quit [Signed off]
06:49:21 -!- Phant has quit [Signed off]
07:00:38 -!- Rawr|Phone has quit [EOF from client]
08:42:47 -!- Saurabhinator has quit [Signed off]
08:45:35 -!- DuB` has quit [Read error: Connection reset by peer]
09:14:02 -!- Oatsmaster has quit [EOF from client]
09:41:13 -!- Wikt has quit [Read error: Connection reset by peer]
09:41:37 -!- Golly has quit [Read error: Operation timed out]
09:59:48 -!- Pearlock has quit [Ping timeout]
10:16:11 -!- Golly has quit [Read error: Operation timed out]
10:38:26 -!- Runbunny has quit [Signed off]
11:04:57 -!- Phearlaptop has quit [Ping timeout]
11:47:24 -!- Yolteotl has quit [Ping timeout]
13:22:30 -!- Mag_ has quit [EOF from client]
15:32:37 -!- Rawr|Phone has quit [Read error: Connection reset by peer]
15:40:04 -!- Rawr|Fone has quit [Ping timeout]
16:22:09 -!- DoT|Phone has quit [Ping timeout]
17:24:34 -!- Lynda has quit [Signed off]
19:23:28 -!- reification has quit [Signed off]
19:36:15 -!- DoT|Phone1 has quit [Read error: Connection reset by peer]
19:45:59 -!- FlutterAi_ has quit [Ping timeout]
20:06:36 -!- Rawr|Phone has quit [Ping timeout]
20:20:12 -!- Frigo has quit [Read error: Connection reset by peer]
20:51:27 -!- Micen|Droid has quit [Read error: Connection reset by peer]
21:13:41 -!- FlutterAi has quit [Ping timeout]
21:28:49 -!- Pearlock has quit [Ping timeout]
21:57:52 -!- Mag_ has quit [EOF from client]
22:07:27 -!- Micen|Droid has quit [Read error: Connection reset by peer]
22:07:28 -!- Micen|Droid_ has quit [Read error: Connection reset by peer]
22:27:18 -!- Rawr|Fone has quit [Ping timeout]
23:06:01 -!- Golly has quit [Read error: Operation timed out]
23:07:21 -!- Runbunny has quit [Read error: Connection reset by peer]
23:09:16 -!- AndChat-209684 has quit [Ping timeout]
23:20:43 -!- Frigo has quit [Read error: Connection reset by peer]
23:31:11 -!- tredc has quit [Signed off]
23:43:20 -!- Mag_ has quit [EOF from client]
23:55:12 -!- DoubleRainbow has quit [Signed off]
23:58:11 -!- Golly has quit [Ping timeout]
