00:08:55 -!- Crisium has quit [Ping timeout]
00:08:55 -!- Wikt has quit [Read error: Connection reset by peer]
00:08:55 -!- ZK has quit [Signed off]
01:53:02 -!- FlutterAi_ has quit [Ping timeout]
02:26:51 -!- Golly has quit [Ping timeout]
02:46:22 -!- DuB` has quit [Read error: Connection reset by peer]
02:59:20 -!- Frigo has quit [Read error: Connection reset by peer]
03:37:13 -!- skram has quit [Ping timeout]
05:11:46 -!- Phant has quit [Signed off]
05:26:08 -!- Camail has quit [Signed off]
08:24:44 -!- Westy543 has quit [Read error: Connection reset by peer]
09:36:17 -!- motbob has quit [Ping timeout]
09:36:44 -!- Emily_zzz has quit [EOF from client]
10:12:05 -!- Wikt_ has quit [Read error: Connection reset by peer]
11:32:47 -!- Wikt|dc_ has quit [Read error: Connection reset by peer]
12:11:50 -!- Frigo has quit [Read error: Connection reset by peer]
14:32:48 -!- tredc has quit [Ping timeout]
15:02:16 -!- carcinisation has quit [Ping timeout]
15:22:23 -!- Rawr|Fone has quit [Ping timeout]
17:28:02 -!- Rawr|Phone has quit [Ping timeout]
18:04:24 -!- DoT|Phone has quit [Read error: Connection reset by peer]
18:22:00 -!- DoT|Phone has quit [Read error: Connection reset by peer]
18:24:28 -!- DoT|Phone1 has quit [Read error: Connection reset by peer]
19:25:05 -!- drahos_ has quit [Signed off]
19:28:49 -!- Frigo has quit [Read error: Connection reset by peer]
19:33:45 -!- DuB`skool has quit [Ping timeout]
20:40:47 -!- FlutterAi has quit [Ping timeout]
21:08:14 -!- Frigo has quit [Read error: Connection reset by peer]
22:40:35 -!- tredc has quit [Signed off]
22:52:12 -!- Frigo has quit [Read error: Connection reset by peer]
