00:44:45 -!- DoT` has quit [Ping timeout]
02:03:56 -!- ShotgunPrincess has quit [Ping timeout]
02:55:53 -!- Q has quit [*.net *.split]
02:57:01 -!- FlutterAi has quit [Ping timeout]
03:30:06 -!- DuB` has quit [Read error: Connection reset by peer]
04:16:06 -!- Golly has quit [Ping timeout]
04:30:57 -!- Q has quit [*.net *.split]
05:39:23 -!- Frigo has quit [Read error: Connection reset by peer]
06:32:25 -!- skram has quit [Ping timeout]
07:12:21 -!- Camail has quit [Signed off]
07:35:55 -!- Yolteotl has quit [Ping timeout]
08:44:12 -!- Camail has quit [Signed off]
09:44:33 -!- FlutterAi_ has quit [Ping timeout]
10:06:32 -!- Micen has quit [Read error: Operation timed out]
10:56:38 -!- motbob has quit [Signed off]
13:15:41 -!- Rawr|Phone has quit [Ping timeout]
14:11:09 -!- Lynda has quit [Read error: Connection reset by peer]
14:45:57 -!- Micen has quit [Ping timeout]
14:49:38 -!- Micen_ has quit [Ping timeout]
14:51:03 -!- Emily has quit [EOF from client]
14:55:40 -!- Yolteotl has quit [Ping timeout]
15:14:33 -!- Emily has quit [Ping timeout]
15:16:09 -!- reification has quit [Signed off]
15:35:52 -!- Emily has quit [Ping timeout]
15:47:43 -!- Rawr|Fone has quit [Read error: Connection reset by peer]
15:52:18 -!- Rawr|Phone has quit [Ping timeout]
16:12:09 -!- Lynda has quit [Read error: Connection reset by peer]
16:25:07 -!- Emily has quit [EOF from client]
16:36:47 -!- Emily has quit [Ping timeout]
16:38:00 -!- Phearlock has quit [Ping timeout]
16:39:06 -!- Rawr|Fone has quit [Ping timeout]
16:47:58 -!- Emily_ has quit [Ping timeout]
16:59:52 -!- carcinisation has quit [Read error: Connection reset by peer]
17:30:28 -!- Phearlock has quit [Ping timeout]
17:43:09 -!- Lynda has quit [Read error: Connection reset by peer]
18:18:18 -!- Micen has quit [Ping timeout]
18:21:42 -!- Rawr|Phone has quit [Ping timeout]
19:43:22 -!- Micen_ has quit [Ping timeout]
20:00:09 -!- Lynda has quit [Read error: Connection reset by peer]
21:31:09 -!- Lynda has quit [Read error: Connection reset by peer]
21:55:48 -!- Lynda has quit [Signed off]
23:16:19 -!- tredc has quit [Signed off]
23:16:21 -!- Golly has quit [EOF from client]
23:29:44 -!- reification has quit [Signed off]
