00:01:27 -!- Biopone has quit [Ping timeout]
00:30:13 -!- Runbunny has quit [Signed off]
00:41:16 -!- Frigo has quit [Read error: Connection reset by peer]
00:45:23 -!- DoT|Phone has quit [Read error: Connection reset by peer]
00:46:00 -!- Biohorse has quit [Ping timeout]
00:46:46 -!- ZK has quit [Signed off]
00:59:51 -!- carcinisation has quit [Read error: Connection reset by peer]
01:27:34 -!- Frigo has quit [Read error: Connection reset by peer]
02:02:02 -!- Biopone has quit [EOF from client]
02:23:55 -!- Biopone has quit [EOF from client]
02:49:55 -!- Phearlock has quit [Signed off]
03:00:19 -!- FlutterAi has quit [Ping timeout]
03:16:48 -!- Wikt has quit [Read error: Connection reset by peer]
04:07:42 -!- DuB` has quit [Read error: Connection reset by peer]
05:22:07 -!- Camail has quit [Signed off]
05:32:05 -!- skram has quit [Ping timeout]
06:13:48 -!- Camail has quit [Signed off]
06:34:04 -!- Golly has quit [Ping timeout]
06:37:16 -!- DoT`-sleeps has quit [Read error: Connection reset by peer]
06:44:22 -!- Biopone has quit [EOF from client]
06:54:55 -!- Biopone has quit [EOF from client]
07:02:07 -!- Biopone has quit [EOF from client]
08:07:34 -!- motbob has quit [Signed off]
08:10:56 -!- Crisium has quit [Signed off]
10:33:54 -!- Saurabhinator has quit [Ping timeout]
10:38:19 -!- Mag_ has quit [EOF from client]
12:00:17 -!- Saurabhinator has quit [Signed off]
13:19:22 -!- Rawr|Fone has quit [Ping timeout]
14:46:41 -!- Holmir has quit [Signed off]
14:50:43 -!- reification has quit [Signed off]
15:08:56 -!- Emily has quit [Signed off]
15:19:21 -!- FlutterAi_ has quit [Ping timeout]
15:55:18 -!- Twi has quit [Ping timeout]
15:58:46 -!- Rarity has quit [EOF from client]
15:58:58 -!- Twi has quit [Registered]
16:00:24 -!- Rarity has quit [Registered]
16:02:10 -!- Frigo has quit [Read error: Connection reset by peer]
18:34:25 -!- Yolteotl has quit [Signed off]
19:02:36 -!- tredc has quit [Ping timeout]
19:02:56 -!- Yolteotl has quit [Ping timeout]
19:13:21 -!- Rawr|Phone has quit [Ping timeout]
20:10:27 -!- Runbunny has quit [Signed off]
20:42:46 -!- Frigo has quit [Read error: Connection reset by peer]
23:08:04 -!- tredc has quit [Signed off]
23:13:42 -!- Yolteotl has quit [Ping timeout]
23:18:42 -!- Emily has quit [Signed off]
23:56:37 -!- carcinisation has quit [Read error: Connection reset by peer]
