00:02:41 -!- Camail has quit [Signed off]
00:59:23 -!- DoT|Phone has quit [Ping timeout]
01:05:52 -!- carcinisation has quit [Signed off]
01:21:05 -!- Frigo has quit [Read error: Connection reset by peer]
01:29:26 -!- Mag_ has quit [EOF from client]
01:37:44 -!- DoT|Phone has quit [Ping timeout]
01:40:08 -!- Runbunny has quit [Signed off]
01:57:57 -!- FlutterAi_ has quit [Ping timeout]
02:15:29 -!- Holmir has quit [Signed off]
02:16:00 -!- Crisium_ has quit [Ping timeout]
02:21:57 -!- Micen_ has quit [Ping timeout]
02:31:53 -!- DuB`bye has quit [Signed off]
02:43:52 -!- DoT|Phone has quit [Ping timeout]
04:28:28 -!- BioPhone has quit [EOF from client]
05:40:12 -!- skram has quit [Ping timeout]
06:52:25 -!- Mag_ has quit [Read error: Operation timed out]
07:48:37 -!- Yoltphone has quit [Ping timeout]
08:10:39 -!- DoT|Phone has quit [Ping timeout]
09:35:08 -!- motbob has quit [Ping timeout]
10:28:54 -!- Camail has quit [Signed off]
10:48:05 -!- Yoltphone has quit [Signed off]
10:57:32 -!- Micen has quit [Ping timeout]
11:59:30 -!- Saurabhinator has quit [Signed off]
12:23:40 -!- reification has quit [Signed off]
12:27:10 -!- Rawr|Fone has quit [Ping timeout]
12:47:58 -!- Yoltphone has quit [EOF from client]
12:50:05 -!- carcinisation has quit [Read error: Connection reset by peer]
12:56:58 -!- Yoltphone has quit [Ping timeout]
14:21:04 -!- Frigo has quit [Read error: Connection reset by peer]
14:37:02 -!- Golly has quit [Ping timeout]
15:00:23 -!- DoT|Phone has quit [Read error: Connection reset by peer]
15:52:23 -!- carcinisation has quit [Read error: Connection reset by peer]
16:34:30 -!- FlutterAi has quit [Ping timeout]
17:13:11 -!- DoT|Phone1 has quit [EOF from client]
17:24:08 -!- BioPhone has quit [Ping timeout]
17:41:42 -!- Yoltphone has quit [Signed off]
18:26:36 -!- Rawr|Phone has quit [Ping timeout]
19:03:30 -!- Biopone has quit [EOF from client]
19:29:52 -!- Micen_ has quit [Read error: Connection reset by peer]
19:47:19 -!- Biopone has quit [Ping timeout]
19:55:20 -!- Biopone has quit [Read error: Connection reset by peer]
20:06:45 -!- Biopone has quit [Read error: Connection reset by peer]
20:12:05 -!- Mag_ has quit [EOF from client]
20:31:41 -!- Biopone has quit [Read error: Connection reset by peer]
20:45:11 -!- Biopone has quit [Ping timeout]
20:54:12 -!- Biopone has quit [Ping timeout]
20:57:26 -!- Biopone has quit [Signed off]
21:30:44 -!- Micen|Droid has quit [Ping timeout]
21:56:00 -!- Crisium has quit [Ping timeout]
22:34:16 -!- Micen|Droid has quit [Ping timeout]
22:45:52 -!- carcinisation has quit [Read error: Connection reset by peer]
22:46:22 -!- Crisium has quit [Ping timeout]
22:50:43 -!- Micen|Droid_ has quit [Read error: Connection reset by peer]
23:35:50 -!- tredc has quit [Signed off]
