00:18:47 -!- FlutterAi has quit [Read error: Connection reset by peer]
00:24:41 -!- Runbunny has quit [Signed off]
00:26:21 -!- tredc has quit [Signed off]
01:26:16 -!- Micen has quit [Ping timeout]
01:27:30 -!- Whitewing has quit [Ping timeout]
01:47:14 -!- Whitewing has quit [Ping timeout]
01:49:40 -!- Micen|Droid_ has quit [Ping timeout]
01:59:56 -!- Micen|Droid has quit [Read error: Connection reset by peer]
02:00:28 -!- DoT|Phone has quit [Ping timeout]
02:06:19 -!- Micen|Droid_ has quit [Read error: Connection reset by peer]
02:22:38 -!- Dot` has quit [Signed off]
03:00:30 -!- Crisium has quit [Signed off]
03:04:39 -!- Golly has quit [EOF from client]
03:10:51 -!- Golly has quit [Ping timeout]
03:16:09 -!- Bio has quit [Read error: Connection reset by peer]
03:32:07 -!- FlutterAi has quit [Ping timeout]
04:04:33 -!- Camail has quit [Signed off]
04:08:07 -!- motbob has quit [Ping timeout]
05:10:20 -!- Micen has quit [Ping timeout]
05:37:11 -!- AndChat-209684 has quit [Ping timeout]
05:37:59 -!- Phearlock has quit [Ping timeout]
05:41:51 -!- Micen|Droid has quit [Read error: Connection reset by peer]
06:59:19 -!- BioSleep has quit [Ping timeout]
07:02:03 -!- skram has quit [Signed off]
07:29:17 -!- Whitewing has quit [Ping timeout]
07:47:39 -!- Micen|Droid_ has quit [Ping timeout]
07:55:12 -!- Micen|Droid has quit [Read error: Connection reset by peer]
08:02:27 -!- Bio has quit [Ping timeout]
08:16:41 -!- Micen|Droid_ has quit [Read error: Connection reset by peer]
08:18:15 -!- DoT|Phone has quit [Ping timeout]
08:18:39 -!- DoT|Phone1 has quit [Read error: Connection reset by peer]
08:19:36 -!- Micen|Droid has quit [Ping timeout]
08:20:46 -!- Dot` has quit [Signed off]
08:25:26 -!- ZK has quit [Ping timeout]
08:29:23 -!- AndChat-209684 has quit [Ping timeout]
08:33:36 -!- Micen|Droid has quit [Ping timeout]
08:36:05 -!- DoT|Phone has quit [Ping timeout]
08:37:01 -!- DoT|Phone1 has quit [Ping timeout]
09:37:44 -!- Micen|Droid_ has quit [Ping timeout]
09:40:31 -!- Micen has quit [Ping timeout]
09:50:35 -!- BioSleep has quit [Ping timeout]
09:54:04 -!- Phearlock has quit [Signed off]
10:26:01 -!- Micen|Droid has quit [Read error: Connection reset by peer]
10:28:38 -!- Bio has quit [Ping timeout]
10:31:05 -!- Rawr|Phone has quit [Ping timeout]
10:55:56 -!- motbob has quit [Ping timeout]
11:46:24 -!- BioSleep has quit [Read error: Operation timed out]
11:50:13 -!- Cane has quit [Ping timeout]
12:29:52 -!- Micen|Droid_ has quit [Ping timeout]
12:31:12 -!- Micen|Droid has quit [Read error: Connection reset by peer]
13:27:45 -!- Golly has quit [Ping timeout]
14:43:38 -!- tredc has quit [Ping timeout]
15:03:54 -!- DoT|Phone has quit [Read error: Connection reset by peer]
15:09:54 -!- DoT|Phone1 has quit [Ping timeout]
16:21:53 -!- skram has quit [Ping timeout]
19:40:33 -!- Rawr|Fone has quit [Ping timeout]
19:57:03 -!- Micen|Droid_ has quit [Ping timeout]
19:58:52 -!- Dot` has quit [Ping timeout]
20:01:36 -!- tredc has quit [Ping timeout]
21:04:02 -!- Yolteotl has quit [Ping timeout]
21:34:21 -!- reification has quit [Signed off]
21:43:23 -!- Micen|Droid has quit [Ping timeout]
23:08:08 -!- Micen has quit [Signed off]
23:30:19 -!- GGMethos has quit [Read error: Operation timed out]
23:31:24 -!- Camail has quit [Ping timeout]
23:31:53 -!- Dot` has quit [Ping timeout]
23:33:49 -!- Micen|Droid_ has quit [Read error: Connection reset by peer]
23:46:55 -!- tredc has quit [Signed off]
