00:35:46 -!- tredc has quit [Signed off]
00:43:45 -!- Dot` has quit [Ping timeout]
02:00:49 -!- Crisium has quit [Signed off]
02:27:24 -!- Dott has quit [Ping timeout]
03:08:14 -!- Micen has quit [Read error: Connection reset by peer]
03:17:24 -!- Micen has quit [Ping timeout]
03:26:52 -!- Camail has quit [Signed off]
04:04:26 -!- Micen_ has quit [Ping timeout]
04:16:08 -!- skram has quit [Ping timeout]
04:20:25 -!- Golly has quit [Ping timeout]
04:25:34 -!- BioPhone has quit [EOF from client]
04:33:06 -!- Camail has quit [Signed off]
04:40:47 -!- BioPhone has quit [EOF from client]
05:01:49 -!- DoT|Phone has quit [Ping timeout]
05:45:27 -!- Phearlock has quit [Signed off]
07:21:27 -!- Yolteotl has quit [Ping timeout]
07:47:44 -!- FlutterAi has quit [Read error: Connection reset by peer]
08:07:33 -!- ZK has quit [Ping timeout]
08:48:33 -!- BioPhone has quit [Ping timeout]
09:20:27 -!- Dot` has quit [Read error: Connection reset by peer]
09:26:40 -!- DoT|Phone has quit [Ping timeout]
09:47:39 -!- BioPhone has quit [Ping timeout]
09:51:43 -!- FlutterAi has quit [Ping timeout]
09:56:14 -!- motbob has quit [Read error: Connection reset by peer]
11:21:37 -!- DoT|Phone has quit [Ping timeout]
11:29:39 -!- DoT|Phone has quit [Read error: Connection reset by peer]
11:48:28 -!- BioPhone has quit [Ping timeout]
12:01:36 -!- Biopone has quit [Ping timeout]
13:39:51 -!- DoT|Phone has quit [Read error: Connection reset by peer]
13:51:33 -!- FlutterAi has quit [Ping timeout]
14:35:41 -!- DoT|Phone1 has quit [Read error: Connection reset by peer]
14:43:15 -!- tredc has quit [Ping timeout]
14:45:40 -!- Golly has quit [Ping timeout]
14:54:58 -!- Dot` has quit [Ping timeout]
15:08:59 -!- Biopone has quit [Ping timeout]
15:38:30 -!- Micen_ has quit [Ping timeout]
16:36:32 -!- Biopone has quit [EOF from client]
16:45:52 -!- Runbunny has quit [Signed off]
16:52:28 -!- Biopone has quit [EOF from client]
17:29:23 -!- Oatsmaster has quit [EOF from client]
17:30:26 -!- Rawr|Fone has quit [Ping timeout]
17:53:00 -!- Rawr|Phone has quit [Read error: Connection reset by peer]
17:55:53 -!- Rawr|Pone has quit [Signed off]
18:32:09 -!- Biopone has quit [EOF from client]
19:21:05 -!- GGMethos has quit [Ping timeout]
19:48:55 -!- reification has quit [Signed off]
19:55:28 -!- tredc has quit [Ping timeout]
20:33:03 -!- Rawr|Fone has quit [Ping timeout]
20:50:48 -!- Rawr|Fone has quit [Ping timeout]
21:10:01 -!- Biopone has quit [EOF from client]
21:42:13 -!- Rawr|Fone has quit [Ping timeout]
22:35:20 -!- Rawr|Fone has quit [Ping timeout]
23:01:01 -!- carcinisation has quit [Signed off]
23:11:26 -!- Rawr|Fone has quit [Ping timeout]
23:18:08 -!- reification has quit [Signed off]
23:26:19 -!- Rawr|Fone has quit [Ping timeout]
23:34:47 -!- tredc has quit [Signed off]
23:48:19 -!- Rawr|Fone has quit [Ping timeout]
