00:30:07 -!- DoT|Phone has quit [Ping timeout]
00:30:07 -!- DoT|Phone1 has quit [Ping timeout]
00:30:07 -!- Runbunny has quit [Signed off]
00:35:04 -!- tredc has quit [Ping timeout]
00:41:46 -!- DoT|Phone has quit [Read error: Connection reset by peer]
00:48:45 -!- DoT|Phone has quit [Read error: Connection reset by peer]
00:49:27 -!- DoT|Phone1 has quit [Ping timeout]
00:57:48 -!- DoT|Phone2 has quit [Ping timeout]
00:59:45 -!- DoT|Phone has quit [EOF from client]
01:30:07 -!- Golly has quit [EOF from client]
03:27:49 -!- Crisium has quit [Ping timeout]
03:39:28 -!- motbob_ has quit [Ping timeout]
03:59:18 -!- ZK has quit [Signed off]
04:15:26 -!- skram has quit [Ping timeout]
04:54:44 -!- Phearlock has quit [Ping timeout]
05:26:05 -!- Camail has quit [Signed off]
05:42:06 -!- Golly has quit [Ping timeout]
06:18:02 -!- Rawr|Fone has quit [Ping timeout]
09:54:05 -!- Phearlock has quit [Signed off]
10:27:36 -!- ZK has quit [Ping timeout]
13:07:26 -!- DoT|Phone has quit [Read error: Connection reset by peer]
13:07:39 -!- DoT|Phone1 has quit [EOF from client]
14:24:26 -!- tredc has quit [Ping timeout]
15:41:27 -!- motbob has quit [Ping timeout]
18:11:07 -!- tredc has quit [Ping timeout]
20:00:55 -!- Golly has quit [EOF from client]
21:31:11 -!- reification has quit [Ping timeout]
22:15:49 -!- Phearlock has quit [Ping timeout]
22:31:47 -!- Phearlock has quit [Read error: Connection reset by peer]
22:32:10 -!- tredc has quit [Ping timeout]
23:29:43 -!- Crisium has quit [Signed off]
23:49:18 -!- Zounds has quit [EOF from client]
