01:18:39 -!- Runbunny has quit [Signed off]
01:31:14 -!- tredc has quit [Signed off]
02:17:37 -!- DoT|Phone has quit [Ping timeout]
03:06:09 -!- Camail has quit [Read error: Connection reset by peer]
03:32:04 -!- Golly has quit [Ping timeout]
04:02:32 -!- Phearlock has quit [Ping timeout]
06:31:25 -!- Camail has quit [Signed off]
07:03:13 -!- skram has quit [Ping timeout]
08:21:47 -!- DuB` has quit [Signed off]
09:04:25 -!- Camail has quit [Read error: Connection reset by peer]
09:27:04 -!- ZK has quit [Ping timeout]
09:35:07 -!- Bio has quit [Ping timeout]
09:50:50 -!- Bio has quit [Read error: Operation timed out]
10:43:31 -!- DoT|Phone has quit [Read error: Connection reset by peer]
11:07:30 -!- Bio has quit [Ping timeout]
11:12:56 -!- BioSleep has quit [Ping timeout]
11:38:05 -!- Bio has quit [Ping timeout]
12:06:17 -!- BioSleep has quit [Read error: Connection reset by peer]
13:00:14 -!- Emi has quit [EOF from client]
13:11:07 -!- Emi_ has quit [EOF from client]
13:11:53 -!- HoMM has quit [Ping timeout]
13:16:31 -!- DoT|Phone2 has quit [Ping timeout]
13:16:34 -!- Emi_ has quit [EOF from client]
13:24:06 -!- Emi_ has quit [EOF from client]
13:34:51 -!- HoMM has quit [Ping timeout]
13:40:10 -!- Emi_ has quit [Ping timeout]
13:43:52 -!- HoMM has quit [EOF from client]
13:47:38 -!- HoMM has quit [EOF from client]
13:56:24 -!- Golly has quit [Read error: Operation timed out]
13:57:40 -!- HoMM has quit [Ping timeout]
14:01:07 -!- Emi_ has quit [Ping timeout]
14:11:11 -!- tredc has quit [Ping timeout]
14:35:06 -!- DoT|Phone has quit [Ping timeout]
14:48:49 -!- Oatsmaster has quit [EOF from client]
14:48:53 -!- Golly has quit [Ping timeout]
17:09:33 -!- Runbunny has quit [Signed off]
18:36:35 -!- tredc has quit [Ping timeout]
18:56:19 -!- Phearlock has quit [Ping timeout]
19:38:36 -!- Bio has quit [Signed off]
21:19:51 -!- Camail has quit [Read error: Connection reset by peer]
21:33:43 -!- Camail has quit [Signed off]
