00:03:55 <carcinization> night all
00:07:19 -!- BioPone [~androirc@97.70.165.146] has joined #tlponies
00:12:23 -!- Bio [~BioPon@97.70.165.146] has joined #tlponies
00:22:17 -!- Bio [~BioPon@97.70.165.146] has joined #tlponies
00:30:14 -!- DuB` [~DuB@66-219-235-226.dynamic.ip.veracitynetworks.com] has joined #tlponies
00:30:19 <DuB`> Weekend freedom!
00:30:44 <Bio> dub
00:30:45 <Bio> pls
00:30:48 <Bio> its thorsday
00:31:03 <DuB`> Ya
00:31:04 <DuB`> Weekend
00:31:54 <skram> (((doubt)))
00:32:22 <Bio> i've tried literally every fucking "fix" for apex
00:32:28 <Bio> ITS STILL SHIT
00:32:46 <Bio> fuck your game EA
00:32:52 <Runbunny> In what way is it being shit?
00:33:01 <Runbunny> Tell me of your troubles.
00:33:06 <skram> like all the ways runbun
00:33:26 <Runbunny> Are you being intentionally vague?
00:34:49 <Bio> about 3 mins after I load into the game
00:34:57 <Bio> it says I can't communicate with the server
00:35:07 <Bio> and says fuck you go to EA's shit website
00:35:30 <Bio> doesn't matter if I'm in game, or in training, or in the lobby looking at skins
00:36:52 <Runbunny> That sounds weird as shit.
00:37:11 <Bio> I think rumor has it that its an Nvidia GPU Issue
00:37:20 <Bio> skrm do you have a not nvidia
00:37:54 <Runbunny> You'd think that the GPU isn't resposible for communicating with the server though.
00:38:05 <skram> I do have an nvidia
00:38:10 <Bio> indie dev company i guess
00:38:22 <Bio> who the hell knows
01:09:36 -!- BioPone [~androirc@97.70.165.146] has joined #tlponies
01:17:23 <Camail> if you updated drivers recently, try reverting them
01:24:37 -!- BioPone [~androirc@97.70.165.146] has joined #tlponies
01:56:27 -!- tredc [webchat@cloak-pzl0u36u.bredband.comhem.se] has joined #tlponies
02:18:21 -!- BioPone [~androirc@mobile-166-177-56-53.mycingular.net] has joined #tlponies
03:00:45 <Camail> DuB`  critrole
03:00:51 <Camail> also its your fault TL lost
03:00:59 <Camail> you didn't give them enough energy
03:03:54 <DuB`> I'm a week behind, just been VODing
03:04:06 <DuB`> ALso yes, I couldn't even watch TL D:
03:07:01 <Camail> DUB they have a twitch extension now
03:07:05 <Camail> its really cool!
03:07:18 <Camail> more reason to watch live!
03:11:05 <Camail> wow, normal latency on twitch is down to 6 seconds
03:12:08 <Camail> they've really done well with their growth, now that they dont rely on league tournaments they can cater to normal streaming
03:17:06 <DuB`> Who has a twitch extension
03:17:07 <DuB`> For wat
03:20:31 <Camail> CR
03:20:44 <Camail> because they cut ties with GS they no longer have to do alpha stuff
03:20:53 <Camail> so they set up the bells and whistles for the main stream
03:21:14 <Camail> dnd beyond has a twitch extension
03:21:26 <Camail> you can see every characters char sheet, current hp, lots of stuff
03:21:54 <DuB`> Ah, very nice
03:23:35 <Bio> the downfall of GnS begins
03:25:47 -!- BioPone [~androirc@mobile-166-177-56-53.mycingular.net] has joined #tlponies
04:50:45 <Camail> 50k viewer atm, that's growth
04:50:55 <Camail> maybe switching to their own channel actually did something
04:51:04 <Camail> lots of people didnt want to follow gns because of the other shows
04:51:36 <Camail> last time i paid attention it was in the 40k range
04:53:06 <Camail> my colonists' dog son just tanked some megaspiders
04:53:11 <Camail> i've never been so proud
05:56:12 -!- Cane_ [~Cane@CaneCraft.users.quakenet.org] has joined #tlponies
05:56:12 -!- mode/#tlponies [+o Cane_] by Q
06:48:54 -!- Golly [Golly@cm-84.212.249.112.getinternet.no] has joined #tlponies
07:13:52 <DoT|Phone> Morning
08:06:24 -!- DoT|Phone1 [~Dot@85.255.235.25] has joined #tlponies
08:55:11 -!- BioSC [~BioPon@97.70.165.146] has joined #tlponies
09:26:26 <Rawr|Fone> DoT DoT DoT
09:41:00 -!- Runbunny [~Runbunny@91.100.28.10.generic-hostname.arrownet.dk] has joined #tlponies
09:45:05 <DoT|Phone1> Rawr Rawr Rawr
09:45:09 <DoT|Phone1> hey Runbun
09:45:10 <Runbunny> DoT|Phone1, https://i.imgur.com/Sv5oilP.mp4
09:45:14 <Runbunny> Look at this
09:45:29 <Rawr|Fone> 💖💖💖
09:45:57 <DoT|Phone1> 💖💖💖
09:46:05 <DoT|Phone1> It's a bun
10:05:58 -!- reification [~reificati@cpc76294-cosh16-2-0-cust297.6-1.cable.virginm.net] has joined #tlponies
10:05:58 -!- mode/#tlponies [+v reification] by Q
10:06:27 <reification> hello tlp
10:06:34 <reification> .tell zounds https://twitter.com/380kmh/status/1101196122826174465
10:32:41 <reification> https://twitter.com/CharelsCD/status/1100989230883397633
10:32:50 <DoT|Phone1> hey Reif
10:36:30 -!- reification [~reificati@cpc76294-cosh16-2-0-cust297.6-1.cable.virginm.net] has joined #tlponies
10:36:30 -!- mode/#tlponies [+v reification] by Q
10:40:56 <Runbunny> Reif!
10:41:12 <reification> runbun!
10:45:59 <reification> https://twitter.com/shaunwalker7/status/1101135168516042753
10:49:57 -!- carcinization [~reificati@cpc76294-cosh16-2-0-cust297.6-1.cable.virginm.net] has joined #tlponies
10:49:57 -!- mode/#tlponies [+v carcinization] by Q
11:01:06 -!- tredc [~tredc@c83-254-129-166.bredband.comhem.se] has joined #tlponies
12:28:02 -!- Rawr|Fone [~AndChat52@84-217-62-32.customers.ownit.se] has joined #tlponies
13:35:47 -!- BioPhone [~androirc@12.33.239.117] has joined #tlponies
13:50:56 <DoT|Phone1> pon pon
13:54:14 <BioPhone> Pone
14:03:27 -!- skram [~skram@82.147.53.54] has joined #tlponies
14:15:08 <DoT|Phone1> Jonas
14:16:13 <skram> Bjørn
14:23:42 -!- BioPhone [~androirc@12.33.239.117] has joined #tlponies
14:24:51 -!- Zounds [webchat@cloak-07ouvien.14-2.cable.virginm.net] has joined #tlponies
14:25:11 <Zounds> hey
14:25:14 <DoT|Phone1> and a Zounds
14:25:43 <Zounds> o/
14:25:53 <skram> zounds pal
14:25:58 <Zounds> hey skram
14:28:27 <Zounds> carcinization: new pokégirl is showing the world the glories of my country
14:28:51 <skram> pokemon happens in scotland now?
14:29:03 <Zounds> Based on the UK
14:29:47 <Zounds> Starting town is very scottish and the girl wears a bunnet
14:30:16 <BioPhone> What a cute
14:30:48 <skram> late 2019
14:37:07 <Zounds> Cute lassie depicted in fanart with a heavy accent. I'll enjoy it for sure
14:37:15 <Zounds> Even though I'll probably never play the game :P
14:45:44 <Zounds> It's oor time
14:45:50 <Zounds> tae shine
14:47:40 <Runbunny> Zounds!
14:51:27 <Zounds> bun that runs
14:54:40 <Runbunny> That new pokemon girl has already been lewded to hell and back.
14:57:25 <Zounds> They'll have been sitting with their styluses before the reveal was even mad
14:57:28 <Zounds> made*
15:00:36 <DoT|Phone1> everyone else has already gone home from my team
15:02:21 <Runbunny> Dot!
15:02:29 <Runbunny> That means you're in charge.
15:02:37 <Runbunny> Literally the boss.
15:02:41 <DoT|Phone1> I'm not ready to be in charge!
15:14:01 <Runbunny> It's a leap of faith.
15:18:07 <skram> i believes in u
15:25:36 <DoT|Phone1> I left work
15:27:36 <Runbunny> Who is in charge then?
15:28:21 <DoT|Phone1> anarchy
15:29:43 <Zounds> Runbunny: you fancy a roulette or 2
15:30:17 <Runbunny> Yes.
15:30:33 <Zounds> oki doki
15:30:37 <Runbunny> 1 minute
15:30:39 <DoT|Phone1> gl
15:31:17 <Runbunny> Don't need luck.
15:31:22 <Runbunny> Have zounds instead.
15:31:48 <DoT|Phone1> good plan
15:32:07 <Zounds> The adventures of nekomimi and midget will continue
15:37:47 <DoT|Phone1> It's Friday! that means 2 important things. pizza and dndoggos!
15:50:11 -!- BioPhone [~androirc@12.33.239.117] has joined #tlponies
15:50:41 <BioPhone> I fuckin want some pizza
15:50:55 <skram> i fuckin got some pizza
15:50:56 <BioPhone> Pls
15:51:00 <BioPhone> Gief
15:51:20 <skram> present face
15:52:13 <BioPhone> Pls bröther I require pïžżæ
15:52:53 <skram> sorry brøther but you may have
15:52:54 <skram> NO OATS
15:55:03 <BioPhone> 😭 pls 🅱️röther, I åm stärvë. Brøther pls, ï rəquïrę pîzzæ
15:55:48 <skram> hit or miss
15:55:55 <skram> she took the fuckin pizza
15:56:07 <skram> now im starvin dont have no will to live ya
15:56:58 <BioPhone> Litty fam
15:57:17 <BioPhone> Big Mood tm
15:59:10 <BioPhone> Time to skrrt and hit the dab straight into the coffin
15:59:27 <skram> :((
16:00:12 -!- DoT|Phone [~Dot@53.48.198.146.dyn.plus.net] has joined #tlponies
16:01:09 <BioPhone> I think I may hit the rando tonight
16:01:16 <BioPhone> Feels like the thing to do
16:04:56 <BioPhone> Also wanna see about getting an elgato
16:05:10 <BioPhone> Stream some switch gæms
16:05:18 <carcinization> https://twitter.com/tasmosunt/status/1100664127779938304
16:06:30 <BioPhone> That's a good low effort meme
16:06:52 <BioPhone> Just need some way to control the flow. Some sort of switch or something
16:07:28 <skram> whats an elgato bio
16:07:35 <carcinization> lol twitter https://twitter.com/bronzeagemantis/status/1101148851073880064
16:07:45 <skram> wait
16:07:48 <skram> bio are you getting A CAT??
16:07:55 <carcinization> thing for stream console games skram
16:08:02 -!- Dot [~quassel@53.48.198.146.dyn.plus.net] has joined #tlponies
16:08:13 <skram> aww
16:09:20 <BioPhone> I suppose I could get a cat
16:10:05 <BioPhone> I have the power
16:12:33 <skram> what about a horse
16:13:46 <Runbunny> Small one maybe, to creep Skram out.
16:13:56 <skram> yeah i'd be super creeped
16:16:02 <BioPhone> I will name him Tim and he shall be my frinds
16:17:48 <Zounds> pets are fun till you have to go somewhere
16:17:59 <Zounds> then you must find somewhere for them to stay meanwhile D:
16:18:43 <Zounds> I've been battling with myself wether to get a creature of my own recently but I think it's too much hassle in my case
16:22:21 <skram> what about a camel
16:22:29 <skram> they can do like 60 days without water or whatever
16:22:32 <BioPhone> My ferret has been a good boy. Left him for a week and hes still good. Wouldn't want much longer than that tho
16:23:21 <skram> how old is your ferret bio
16:23:43 <BioPhone> 5 ish
16:25:53 <Runbunny> Bio consider getting a pet for your ferret.
16:26:03 <Runbunny> I suggest getting a skram.
16:26:16 <Runbunny> To creep him out
16:26:17 <skram> i wouldnt
16:26:24 <skram> they're terribly difficult to keep
16:31:10 <Dot> very expensive
16:32:37 <BioPhone> But think of the enrichment to your life
16:34:17 <Dot> do i have pizza now and get hungry again later or wait till actual food time
16:34:38 <skram> have pizza now
16:34:40 <skram> and later
16:34:51 <Dot> i only have 1
16:34:59 <skram> MAKE ANOTHER
16:35:04 <Dot> i dont have the stuff
16:35:17 <skram> its pizza etiquette 101, dot
16:35:37 <skram> always make 25% more pizza then required for post-pizza pizza
16:35:38 <Dot> but poor etiquette 101 overides it
16:46:28 -!- BioPone [~androirc@mobile-107-92-123-98.mycingular.net] has joined #tlponies
16:47:11 -!- Zounds_ [webchat@cloak-wmbqgxv5.14-2.cable.virginm.net] has joined #tlponies
16:51:28 <BioPone> Asdf
16:56:06 <skram> UGH
16:56:17 <skram> time for fuckin' work again
16:57:17 <Dot> gl skram <3
17:29:25 <Dot> CockRoach|42!
17:29:29 <Dot> CR!
17:29:31 <Dot> https://www.reddit.com/r/DnD/comments/aw6g2h/art_dungeons_and_doggos_91_poultry_in_motion/
17:42:58 <carcinization> rawr dot https://i.imgur.com/k1ivELq.jpg
17:47:15 <Runbunny> Dot, https://i.imgur.com/3IAax5w.mp4
17:49:12 <Dot> me!
17:54:38 <Runbunny> It's you!
17:56:35 <Dot> reif, zounds https://imgur.com/gallery/T6Q3PJm
18:02:43 -!- Camail [~Camail@45.40.84.145] has joined #tlponies
18:02:43 -!- mode/#tlponies [+v Camail] by Q
18:02:54 <Dot> its him
18:02:57 <Dot> shhhh
18:04:14 <Camail> no
18:08:32 <Camail> RIP the aussie dreams
18:11:54 -!- DuB` [~DuB@66-219-235-226.dynamic.ip.veracitynetworks.com] has joined #tlponies
18:12:15 <DuB`> Hallo
18:12:24 <Runbunny> Hai Dub.
18:12:35 <Runbunny> Hai Camail.
18:13:03 <Camail> hullo
18:13:07 <Dot> Dub!
18:13:19 <Dot> my pizza is all eaten :(
18:13:26 <Runbunny> oh noes.
18:13:36 <Runbunny> What about post-pizza pizza then?
18:16:31 <Dot> runbun https://imgur.com/gallery/n9Hktph
18:16:49 <Dot> oh, there was a link to one wit sound https://www.reddit.com/r/WTF/comments/aw0ot8/guy_casually_pets_his_super_pissed_off_caracal/
18:16:55 <Dot> thats an angry kitty
18:18:16 <Runbunny> What the hell?
18:18:21 <Runbunny> How is he not dead?
18:18:38 <Camail> reading the comments, that's just how these cats are
18:18:40 <Camail> all the time
18:21:02 <Runbunny> So it's not actually mad. It just appear so?
18:22:23 <Camail> guess so
18:22:35 <Camail> if it was mad it would be swatting and biting him
18:22:43 <Camail> or running away
18:23:20 <Camail> animals universally leave annoying situations that they dont like
18:23:36 <Camail> that's hot smaller birds can even have a territory
18:23:39 <Camail> how*
18:23:55 <carcinization> yeah the medium size cats can appear a lot angrier than they are based on domestic cats
18:26:56 -!- Rawr|Fone [~AndChat52@84-217-62-32.customers.ownit.se] has joined #tlponies
18:27:18 <Rawr|Fone> My phone downloaded a new update and everything looks weird
18:27:25 <Dot> oh dear
18:27:46 <Dot> do i look weird rawr?
18:28:36 <Rawr|Fone> You look as wonderful as ever dot
18:29:05 <Runbunny> Lucky.
18:42:31 -!- BioPhone [~androirc@12.33.239.117] has joined #tlponies
18:42:41 <BioPhone> Almost home time
18:42:50 <Dot> rawr, you excited for new pokemon?
18:49:00 <Rawr|Fone> Yes
18:49:11 <Dot> great
18:49:47 <Runbunny> Rawr is a renowned pokemon player?
18:52:18 <Rawr|Fone> I haven't played much of the recent ones but I do love pokemon
18:53:03 <Rawr|Fone> Are you getting a switch for these games dot
18:54:20 <Dot> they are pretty expensive rawr
18:54:45 <Rawr|Fone> But you have a job now dot
18:54:57 <Dot> and expenses
19:00:49 <Rawr|Fone> But how am I going to get a gengar if you can't trade with me 
19:01:03 <Dot> ill see what i can do rawr
19:03:15 <BioPhone> I want a pikachu irl
19:03:19 <BioPhone> Pls sir
19:03:27 <Dot> buy a rat
19:03:29 <Dot> they are great pets
19:03:44 <BioPhone> Oreo is kinda a rat
19:03:57 <BioPhone> But I want a cute little pikachu
19:04:04 <Camail> and with that, sweetie's life goes on for another year
19:04:17 <Dot> thansk cam
19:04:36 <Dot> very usefull little bot
19:04:43 <Camail> .tell Dot you smell
19:04:55 <Dot> .butt cammmail
19:06:31 <BioPhone> Good Bot.
19:06:57 <BioPhone> .butt Bio
19:07:09 <BioPhone> I'll take it
19:07:21 <BioPhone> Losing weight removes butt mass
19:14:33 <reification> .tell skram https://twitter.com/visakanv/status/1100031820085641217
19:14:58 <reification> bio https://pbs.twimg.com/media/D0YcNAxWwAEoM8A.jpg
19:15:10 <reification> camail https://twitter.com/dvsilverwing/status/1099909915630583808
19:15:30 <reification> runbunny https://twitter.com/niconandayo/status/1101320537807163392
19:15:37 <reification> also https://pbs.twimg.com/media/D0VoU4fWoAAse1w.jpg
19:17:10 <reification> dub` https://twitter.com/niconandayo/status/1101326480129302529
19:21:22 <DuB`> Good twotters
19:28:53 -!- skrm [webchat@pioj.eid3.887x.ip] has joined #tlponies
19:29:26 <Dot> skrm
19:30:44 <skrm> dot
19:31:47 <DuB`> I like skrms
19:34:39 <Zounds> skrms are off brand skrams
19:39:44 <skrm> much cheaper though
19:41:01 <Dot> much harder workers
19:46:08 <BioPhone> Good memebot
19:47:24 <BioPhone> 6 dollayrdoos for a salmon, not bad
20:06:14 -!- BioPhone [~androirc@12.33.239.117] has joined #tlponies
20:08:30 -!- Golly [Golly@cm-84.212.249.112.getinternet.no] has joined #tlponies
20:10:38 -!- carcinization [~reificati@cpc76294-cosh16-2-0-cust297.6-1.cable.virginm.net] has joined #tlponies
20:10:38 -!- mode/#tlponies [+v carcinization] by Q
20:20:23 <skrm> BioPhone are you eating fish on a friday
20:21:17 <BioPhone> No just pining after a salmon vending machine
20:21:24 <BioPhone> I did gave some pizza
20:21:28 <BioPhone> Have
20:22:30 <skrm> what did this alleged pizza contain, mr bio
20:23:53 <BioPhone> Cheese mostly
20:24:04 <BioPhone> It was free work pizza, so I didn't complain
20:24:55 <skrm> very good
20:25:00 <skrm> BioPhone https://www.youtube.com/watch?v=5W9iuwsnYKM
20:26:18 <skrm> oh jeez theres an entire feature film https://www.youtube.com/watch?v=9YTwQuijti8
20:27:11 <Dot> not enough LOOPS
20:27:29 <BioPhone> I will have to watch once I'm free of this workly bond
20:27:35 <Dot> OATS DENIED
20:31:00 -!- reimeuk [~reificati@cpc76294-cosh16-2-0-cust297.6-1.cable.virginm.net] has joined #tlponies
20:31:00 -!- mode/#tlponies [+v reimeuk] by Q
20:49:35 <skrm> Dot
20:50:03 <Dot> skrm
20:50:56 <skrm> very good
20:51:24 <Dot> you too
20:51:51 <Dot> im watchign sc2, its good game still
20:51:51 <Dot> https://www.twitch.tv/esl_sc2
20:52:11 <Zounds> feels good man
20:52:33 <Zounds> kill a difficult boss in ffxiv one time and its rare mount drops
20:52:35 <Zounds> and win the mount!
20:52:41 <Zounds> those pixels are mine
20:52:45 <Dot> gg
20:59:24 <skrm> let me see your fancy new horse
20:59:36 <Zounds> will get a screenshot
21:00:34 -!- Rawr|Phone [~AndChat52@m83-185-94-208.cust.tele2.se] has joined #tlponies
21:01:24 <Zounds> skrm: https://i.imgur.com/BK5hNW1.png
21:01:58 <skrm> nice doggo
21:02:03 <Runbunny> Dog.
21:02:10 <Zounds> yes it can fly
21:02:30 <Runbunny> As dogs do.
21:02:48 <Runbunny> https://www.youtube.com/watch?v=D-UmfqFjpl0
21:02:48 <Dot> DAAG
21:04:55 <Zounds> It has the boss music playing when I ride it
21:05:15 <Zounds> I don't normally enable mount music but it's pretty epic for running between gathering nodes or something
21:05:35 <skrm> mount music?
21:05:57 <skrm> is there one that plays eye of the tiger
21:06:27 <Zounds> There's a tiger that might but I'm never gonna be arsed to get that one
21:06:42 <skrm> are you a casual
21:07:05 <Zounds> I suppose
21:07:18 <Zounds> It's one of these do an easy thing 384738478374837482734873 times kind of rewards
21:07:50 <skrm> ah
21:07:59 <skrm> the daily quest approach
21:08:02 <skrm> the worst fuckin thing
21:09:13 -!- reification [~reificati@cpc76294-cosh16-2-0-cust297.6-1.cable.virginm.net] has joined #tlponies
21:09:13 -!- mode/#tlponies [+v reification] by Q
21:09:30 <Zounds> Yeah, not even daily in this case though so if you really want it there's no respite
21:09:47 <Zounds> It's based on Hunts which are sort of mini bosses that appear within the world
21:09:56 <Zounds> A ranks spawning randomly and S ranks that need some effort to spawn
21:10:14 <Zounds> So you gotta dedicate a lot of time to spawning and killing these things which can be quite tough
21:10:21 <Zounds> A lot of people do it and have fun with it but it's not for me
21:17:25 <BioPhone> Time to do the leave
21:18:22 <Runbunny> reification, https://i.imgur.com/HYZRKbp.png
21:18:38 -!- BioPone [~androirc@mobile-107-92-122-234.mycingular.net] has joined #tlponies
21:22:50 <reification> what a smug aura
21:31:04 <Runbunny> Wouldn't want that now would we.
21:45:23 <Camail> https://www.twitch.tv/day9tv
21:45:49 <Golly> gud gaem
21:46:44 <Golly> made me feel like a kid again, very few things have that power for me these days
21:47:48 <Runbunny> The joy of exploration?
21:49:06 -!- Crisium [~Crisium@c-73-174-151-51.hsd1.pa.comcast.net] has joined #tlponies
21:50:15 <Golly> something like that
21:51:36 <Zounds> hey Crisium 
21:51:56 <Crisium> howdy
21:52:32 <Dot> hey Crisium
21:52:39 <skrm> darn tootin
21:52:51 <Crisium> skram is that what you think we say over here
21:52:58 <Crisium> cause yer darn tootin
21:54:21 <skrm> aaw shucks
21:55:32 <Golly> day9 about to have his mind blown
21:56:18 <Golly> aaand hes of on a tangent
21:56:32 <Golly> yep its him alright
21:57:16 <Runbunny> :D
22:02:27 <Camail> so he goes on tangents to avoid motion sickness
22:02:32 <Camail> but also yea, its day9
22:02:37 <Camail> but this game he has a reason
22:03:15 <Golly> ah yea i remember him mentioning that
22:15:13 <Camail> Runbunny god eater is pretty neat, it's very multiplayer dependent 
22:15:28 -!- BioPone [~androirc@97.70.165.146] has joined #tlponies
22:15:38 <Camail> you always yourself and 3 ai, if playing solo
22:15:49 <BioSC> hey
22:15:50 <BioSC> its me
22:15:54 <Bio> the bio guy
22:16:02 <Camail> but why
22:16:26 <Bio> yes
22:16:59 <Camail> also, when you part break the monsters fall over, so damage is kinda cascading after the first break
22:17:04 <Camail> bio boi, pls
22:17:14 <Runbunny> oh.
22:21:27 <Bio> i wonder if apex will allow me to be a legend
22:22:58 <Camail> unlikely
22:23:04 <Crisium> i believe in you Bio
22:27:04 <Bio> neat, i got a copy of the hollow knight for switch with my plushie knight
22:27:59 <Bio> also lol no apex is a shit
22:36:39 <Crisium> no u
22:39:41 <Dot> skrm, hows work
22:39:50 <skrm> boring
22:47:15 <Dot> Zounds https://imgur.com/gallery/aC7WLXt
23:24:34 <Runbunny> Good ol' Day9
23:32:46 <Bio> sassy lass is my new fave poketrainer
23:38:07 <DuB`> Will day9 EVER leave the photic zone?
23:38:18 <DuB`> ... maybe.
23:52:21 <Golly> LOL
23:54:45 <Dot> a master of exploration
23:55:22 <reification> night all
23:55:30 <Golly> avoids predator, swimes face first into stationary posionplant
23:55:32 <Dot> gnight reif <3
