00:00:14 <Crisium> happy UK new years Dot`
00:03:46 <BioPhone> HOW IS THE FUTURE
00:06:03 <Cane> Full of cake, guys, you need to get over here!
00:26:41 -!- Golly [Golly@cm-84.212.249.112.getinternet.no] has joined #tlponies
00:28:32 <BioPhone> On my way
00:36:51 -!- skram [~skram@82.147.53.220] has joined #tlponies
00:38:25 <skram> happy new year, dear friends
00:38:32 <BioPhone> Skarmen!
00:38:34 <DuB`> <3
00:44:50 <Cane> Godt nytt år, skram! <3
00:47:06 <skram> Godt nyttår <3
00:50:15 <BioPhone> Skrma I watched this movie the other night
00:50:23 <BioPhone> The Last King
00:50:37 <BioPhone> They were speaking silly the whole time
00:50:47 <BioPhone> And skiing
00:51:24 <skram> sounds wonderful
00:51:51 <BioPhone> I think it was about Norway actually
00:52:13 <BioPhone> The babby did have a silly name
00:52:17 <skram> oh yeah
00:52:24 <skram> haakon haakonsson
00:52:31 <skram> rightful heir of the throne
00:52:52 <BioPhone> Håkon Håkonsson
00:53:32 <BioPhone> And that wildling from GoT saved him
00:54:06 <skram> did you learn anything though
00:54:10 <skram> about the birkebeiners
00:56:01 <BioPhone> Yeh, dont fuk with them
00:56:11 <BioPhone> They can shoot you from skiis
00:56:46 <BioPhone> And if you betray them they fuk u up
00:58:06 <skram> hell yeh
01:04:21 <BioPhone> #fuk the bagles
01:04:25 <BioPhone> Baglers
01:04:36 <BioPhone> The men who make bagles
01:04:50 <skram> yeh thats where they come from
01:09:16 <BioPhone> They come from the usurpers to the throne? Man
01:09:39 <skram> only traitors eat bagles
01:13:43 <BioPhone> I see
01:13:58 <BioPhone> Much like an American eating English Muffins
01:15:12 <BioPhone> Skarm
01:15:26 <BioPhone> I'm looking forward to 2019 maymays
01:15:36 <BioPhone> Have you seen any dank ones yet
01:21:44 <skram> its a bit early yet
01:21:54 <DuB`> skram has future memes!
01:21:56 <skram> but im excited
01:22:05 <skram> well im in the future DuB`
01:22:17 <DuB`> ya ya
01:23:58 <skram> where's Dot`
01:39:03 <Rawr|Phone> Happy new year!!!
01:44:39 <skram> happy new year henrik bud!
01:45:09 <Rawr|Phone> Happy nwe year my jonas bro
01:52:41 <Dot`> i am here
01:52:48 <Dot`> Happy New Year you horses
01:53:37 <skram> you too buddy
01:53:42 <skram> did you do a firework
01:53:59 <Dot`> watched the london one on tv
01:55:55 <Dot`> and you skam?
01:56:00 <skram> heck yeh
01:56:43 <Dot`> you still have all 10 fingers?
01:57:07 <skram> think so
02:08:27 <BioPhone> Merry future dot
02:08:38 <BioPhone> I will be computer tomorrow night
02:09:19 <Dot`> good bio
02:21:08 <skram> time 4 the bed
02:21:09 <skram> good night
02:21:17 <Dot`> gnight skram
02:21:22 <Dot`> i should go soon too
02:36:36 -!- Camail_Phone [~camailpho@4.sub-174-221-129.myvzw.com] has joined #tlponies
02:36:42 <Dot`> well well well
02:36:51 <Camail_Phone> You again
02:37:24 <Camail_Phone> I caught your phone disease
02:37:36 <Dot`> very contagious
02:37:52 <Camail_Phone> I just wanna monhun
02:37:55 <Camail_Phone> Sooooo bad
02:38:49 <Camail_Phone> Have you done any dividing today dot
02:39:48 <Dot`> Dub and I did
02:40:04 <Dot`> got to lvl 15 in underground and did a few Resistance attempts
02:40:25 <Dot`> getting picked on by axe weilders
02:40:31 <Camail_Phone> Thats quite a bit of math
02:42:27 <Camail_Phone> Bbl
02:48:03 -!- Camail_Phone [~camailpho@4.sub-174-221-129.myvzw.com] has joined #tlponies
02:50:05 <Camail_Phone> Gonna be phone for 2 more hourssss
02:50:26 <Dot`> See a doctor
02:50:45 <Camail_Phone> Nah it wont do any lasting damage
02:50:59 <Camail_Phone> Did you get any good loot
02:51:11 <Dot`> i didnt
02:51:31 <Camail_Phone> Bah
02:51:41 <Dot`> dub found out classifides exist and got one piece he liked i think
02:51:42 <Camail_Phone> Blame dub
02:52:00 <Camail_Phone> I told him last year he just forgot
02:52:06 <Dot`> yea, i thought so
02:52:27 <Camail_Phone> I need to look at the sets , i only have a few of those
02:52:49 <Dot`> do i need full 6 all classifieds to get the bonus
02:52:59 <Dot`> or 6 of the set and at least 1 classified
02:53:04 <Camail_Phone> Tanking is fun, if the 6 set is fun i will do it
02:53:11 <Camail_Phone> You need all 6 classified
02:53:18 <Dot`> ....
02:53:19 <Dot`> dam
02:53:45 <Dot`> thats a lot of grinding
02:54:08 <Camail_Phone> Yup
02:54:36 <Camail_Phone> Until then getting  two sets is fine
02:55:02 <Camail_Phone> 4/2 split
02:55:32 <Camail_Phone> Also the higher difficulty stuff probably ly drops better stuff?
02:56:15 <Dot`> i did a 30 second google search and apparently resistances are the fastest way to get loot ppl think
02:56:35 <Dot`> but surely high level underground must be better?
02:56:43 <Camail_Phone> Like, we can all get decent normal sets and good weapons, and be good to go
02:56:47 <Dot`> becuase every Resistance you have to start from lvl 1
02:56:57 <Camail_Phone> Resistance gets harder each wave right
02:57:01 <Dot`> yea
02:57:13 <Camail_Phone> It doesnt take long to get to your dps gate
02:57:15 <Dot`> but startign lvl is always the same, you cant change that
02:57:43 <Camail_Phone> I’ll look it up when i get home
02:57:56 <Camail_Phone> But resistances are the latest content
02:58:05 <Camail_Phone> So it makes sense they give the best stuff
02:58:13 <Dot`> ah, didn know that
02:58:47 <Dot`> They would do that to help try get people to buy it
02:59:01 <Camail_Phone> But mostly for the existing playerbase
02:59:09 <Camail_Phone> Mmo’s do that a lot
03:00:01 <Camail_Phone> I just wanna do fun stuff with set and weapon stuff
03:00:14 <Camail_Phone> Full classified is like, the endest game
03:01:27 <Camail_Phone> Also i might switch my buff out for the dmg one, feels like doing more damage is always the answer
03:02:27 <Camail_Phone> Especially with my smg
03:02:31 <Dot`> they cant kill you if they are ded
03:02:40 <Camail_Phone> Thats the hope
03:05:59 <Dot`> well i blame dub
03:06:07 <Dot`> gnight
03:06:22 <Camail_Phone> Nn
03:06:23 <Dot`> and Happy New Year Cam
03:06:29 <Dot`> you Butt
03:06:32 <Camail_Phone> Happy new year to you
03:06:35 <Camail_Phone> Baby
03:06:40 * Camail_Phone  winks
03:06:52 * Camail_Phone  finger guns
03:49:24 <BioPhone> Neigh
04:19:08 -!- BioPone [~androirc@108-72-8-181.lightspeed.stlsmo.sbcglobal.net] has joined #tlponies
04:38:23 -!- BioPone [~androirc@108-72-8-181.lightspeed.stlsmo.sbcglobal.net] has joined #tlponies
04:38:54 <Micen> Hello ponies
04:47:58 <Crisium> ahoy!
04:48:05 <Crisium> Micen
04:48:40 <Micen> hello!
04:48:57 <Micen> is is almost the time for the thing with dropping and the bottle popping
04:49:04 <Crisium> yup
04:57:35 -!- Camail [~Camail@45.40.84.145] has joined #tlponies
04:57:35 -!- mode/#tlponies [+v Camail] by Q
04:59:14 -!- CrisPone [uid127042@id-127042.hathersage.irccloud.com] has joined #tlponies
05:00:56 <CrisPone> Happy 2019
05:05:06 <Micen> Happy 2019
05:05:24 <Micen> im so classy
05:05:50 <Micen> Drinking cheap rose champagne out of a stella artois chalice. 
05:11:34 <Rawr|Phone> 🐴🐴🐴
05:29:35 <Micen> anyone want to ow stack?
05:40:32 <DuB`> I can in 10 min, Micen!
05:40:51 <DuB`> Will finish this race in cargame :D
05:46:42 <Micen> ok
05:53:18 <Micen> in discord when you ready DuB`
06:00:12 <Camail> gg, 2018
06:00:17 <Camail> you were middling
06:02:33 <BioPone> Yus, is now current year ++
06:07:35 <DuB`> Still clinging to 2018 :P
06:10:00 <Camail> dub pls
06:10:02 <Camail> get with the times
06:14:12 -!- Dot [~quassel@2.218.216.166] has joined #tlponies
06:14:34 -!- Crisium [~Crisium@c-73-174-151-51.hsd1.pa.comcast.net] has joined #tlponies
06:15:49 <Crisium> TrashKnight#11623
06:17:45 -!- Dot`_ [~quassel@2.218.216.166] has joined #tlponies
07:35:47 <Micen>  Good stack. 
07:40:42 <Crisium> ay
07:40:44 <Crisium> gn
08:08:36 -!- Dot [~quassel@2.218.216.166] has joined #tlponies
09:09:58 -!- reification [~reificati@cpc76294-cosh16-2-0-cust297.6-1.cable.virginm.net] has joined #tlponies
09:09:58 -!- mode/#tlponies [+v reification] by Q
09:10:27 <reification> happy new year tlpons
09:13:21 <reification> .tell runbunny https://www.youtube.com/watch?v=oZ8L1iVB8KU
09:13:29 <reification> dot ^
09:24:07 <Dot> Mornign all
09:37:03 <reification> hello dotties <3
09:37:10 <Dot> <3
10:18:27 -!- carcinization [~reificati@cpc76294-cosh16-2-0-cust297.6-1.cable.virginm.net] has joined #tlponies
10:18:27 -!- mode/#tlponies [+v carcinization] by Q
10:26:03 -!- Golly [Golly@cm-84.212.249.112.getinternet.no] has joined #tlponies
10:56:49 -!- Zounds [webchat@cloak-wmbqgxv5.14-2.cable.virginm.net] has joined #tlponies
10:58:27 <Dot> Hey Zounds
10:58:38 <Zounds> hullo Dot 
11:15:01 <Dot> how are you doing zounds?
11:39:25 <Zounds> quite good Dot 
11:39:36 <Zounds> got some roast beef to eat in the near future
11:41:01 <Zounds> and yorkshire puddings
12:04:11 <carcinization> good plan
12:39:21 <Zounds> http://i.4cdn.org/v/1546307331915.webm I heard you like video games bro
13:17:30 <Dot> hows it going all
13:23:24 <Cane> Hiya Dot, hi everyone. <3
13:25:25 <Dot> Hey cane <3
13:25:32 <Dot> hows your new year go?
13:35:41 <Cane> Pretty good so far.
13:35:45 <Cane> I still have leftover cake.
13:36:02 <Dot> Huzzah
14:42:30 -!- Runbunny [~Runbunny@91.100.28.10.generic-hostname.arrownet.dk] has joined #tlponies
14:45:33 <Dot> Runbun!
14:49:49 <Runbunny> Hai Dot friend.
14:52:37 <Runbunny> I didn't die!
14:53:18 <Dot> gj!
14:57:11 <Runbunny> Yes.
14:57:22 <Runbunny> Did you get to eat some lovely food? Pet a dog?
14:57:27 <reify> keep that streak going bun
14:57:56 <Dot> i have not got to pet any dogs in weeks :(
14:59:04 <Runbunny> Oh noes.
14:59:34 <Runbunny> You should camp out in a park somewhere. Surely people would demand that you pet their dog.
14:59:56 <Runbunny> Hai Reif. Yeah, I am going for my own personal best in that regard.
15:01:59 -!- BioPhone [~androirc@mobile-166-175-191-70.mycingular.net] has joined #tlponies
15:02:09 <Dot> and now a Bio
15:02:24 <BioPhone> Yus
15:02:48 <BioPhone> I will soon be car
15:03:17 <BioPhone> Then bio proper
15:03:43 <Rawr|Phone> It's 2019!
15:03:51 <Runbunny> Hai Bio
15:03:54 <Runbunny> Hai Rawr.
15:04:46 <Rawr|Phone> Hallo Anders.
15:06:18 <Cane> It's all 2019 up in here now.
15:06:24 -!- mode/#tlponies [+vvvvv BioPhone Dot Rawr|Phone Runbunny Zounds] by Cane
15:06:32 -!- Cane changed the topic of #tlponies to: Happy new year! <3
15:09:44 <Zounds> Still using IRC in 2019 feels pretty good
15:09:46 <Runbunny> Happy new years Cane.
15:10:13 <Cane> You too Runbunny. <3 I hope the year brings you success and happiness.
15:10:17 <Runbunny> How else are we going to find duels in Q3 Zounds?
15:11:44 <Zounds> It really is the superior option
15:19:20 <Micen> good morning
15:22:02 <Zounds> muh Micen 
15:29:49 <Dot> .tell CockRoach|42 https://imgur.com/gallery/OhfvkQ8
15:31:07 <Micen> How is 2019 treating everyone so far?
15:35:04 <Micen> I have money to spend on steam and dont know what to get!
15:35:14 <Zounds> It's bad
15:35:17 <Zounds> I just stubbed my toe
15:35:20 <Zounds> years a write off
15:36:50 <Micen> did you raise your left leg right as midnight hit zounds?
15:37:55 <Micen> if not, then you didnt start off on the right foot
15:40:23 <Zounds> shit maybe D:
16:03:16 <Dot> https://grey-again.tumblr.com/image/181606305763
16:09:12 <Zounds> back a bit later pons
16:24:56 -!- skram [~skram@82.147.53.220] has joined #tlponies
16:28:41 <skram> hi
16:32:06 <Runbunny> Hai Jonas.
16:32:20 <Runbunny> Happy new year my friend.
16:32:41 <skram> Anders. Takk det samme, gamle venn.
16:52:59 <Rawr|Phone> Jonas my dear friend
17:02:40 -!- ZK [webchat@cloak-4u8urxn8.135-179-173.mc.videotron.ca] has joined #tlponies
17:02:46 <ZK> Happy new years folks!
17:04:26 <Runbunny> Hai ZK. Happy new year!
17:21:57 <reification> happy new year zk
17:37:35 <ZK> happy new year pones :D
17:54:29 <Dot> i here
17:54:32 <Dot> Hey skram, zk
17:55:31 <ZK> whats you up to this year dot?
17:56:11 <Dot> not much so far, back to work thursday
18:00:14 <Dot> you?
18:14:34 <Dot> https://www.deviantart.com/heddopen/art/New-Year-779194299
18:21:52 <Dot> skram, hows the holiday
18:28:31 -!- Camail [~Camail@45.40.84.145] has joined #tlponies
18:28:31 -!- mode/#tlponies [+v Camail] by Q
18:32:22 <Camail> dot pls
18:32:28 <Dot> yes
18:36:43 -!- DuB` [DuB@65-130-50-48.slkc.qwest.net] has joined #tlponies
18:36:51 <Dot> AND Dub
18:36:51 <DuB`> :D
18:37:49 <Camail> well
18:38:04 <Camail> hey wanna divide in a lil bit?
18:38:05 <Dot> i have supper then we divise?
18:38:18 <Camail> perfect
18:38:22 <Camail> i also require food
18:38:29 <DuB`> Math >:T
18:38:36 <Camail> dub, you eat too
18:38:44 <DuB`> We're having turnovers in a bit
18:38:46 <Camail> EMBRACE MATH
18:38:48 <DuB`> mm mmm
18:38:57 <DuB`> I haven't done math since HIGH SCHOOL.
18:39:01 <DuB`> 2012!
18:39:26 <Dot> you do it EVERY DAY
18:39:34 <DuB`> ???
18:39:35 <Dot> your studies are based on it
18:39:43 <DuB`> Tax is law not math!
18:39:47 <Dot> dub stop being willfully ignorant
18:40:52 <DuB`> + and - on whole numbers is barely math. :P
18:41:17 <Runbunny> O:
18:42:11 <Dot> its litrally basic maths
18:43:29 <DuB`> I'm just saying division is TOO MUCH.
18:43:33 <DuB`> Cannot handle
18:44:22 <Dot> [18:38:55] <DuB`> I haven't done math since HIGH SCHOOL.
18:44:26 <Dot> when will the lies end dub
18:44:36 <DuB`> Little math doesn't count!
18:46:12 <ZK> dub the mathemagician
18:46:17 <ZK> makes math not math
18:46:28 <ZK> i'm in canada for 3 weeks dot
18:46:33 <Dot> nice!
18:46:39 <Dot> stocking up that maple syrup
18:46:59 <DuB`> :D
18:47:06 <ZK> i have no luggage going back home :(
18:47:10 <ZK> only a backpack allowed
18:47:36 <DuB`> A backpack fuuuuuull o' maple syrup!
18:49:47 <ZK> no more than 1L of liquids :(((
18:50:00 <ZK> cheap airlines hate canadians
18:50:05 <Dot> you just need super thick syrup
18:50:59 <ZK> but taffy sucks!
19:10:21 -!- DoT|Phone [~Dot@2.218.216.166] has joined #tlponies
19:32:57 <Camail> k Dot  DuB` pewpewpew
19:35:01 <Camail> Dot  pls
19:38:59 <skram> calm down love
19:39:20 <Camail> skram no
19:40:15 <skram> oh ok then
20:02:53 <DoT|Phone> I will be there in 10 minutes cam
21:01:28 -!- Zounds [webchat@cloak-07ouvien.14-2.cable.virginm.net] has joined #tlponies
21:01:44 <Zounds> horsebutts
21:05:42 <skram> zounds old pal
21:07:37 <Zounds> skram my good compeer
21:12:46 <skram> im looking at the MRE guy on youtube and i kinda want some freeze dried chicken stew now honestly
21:39:47 <Dot> Zounds!
21:39:49 <Dot> hello you horse
21:43:32 <Zounds> muh dot
22:14:51 -!- Golly [Golly@cm-84.212.249.112.getinternet.no] has joined #tlponies
22:37:34 <Dot> skram
22:55:10 <skram> Dot
22:55:30 <Dot> <3
22:55:34 <Dot> how are you doing
22:56:47 <skram> pretty good bud
22:57:10 <skram> its really windy and hellishy slippery outside, though i wouldnt get home at all earlier
22:57:16 <skram> thought
22:57:19 <skram> how you bean
22:57:31 <Dot> you must not leave the house skram
22:58:04 <Dot> im ok, pretty tired
22:58:13 <Dot> back to work on thursday
22:58:19 <Dot> could do with another week
22:58:40 <skram> vacations are always too short
23:01:26 <DuB`> Got my DZ stuff out dot, but then some guy showed up afterwards with an smg that applied bleed on every hit and just perma-CCed me
23:01:38 <DuB`> Tried fighting him twice and did 0 damage both times...
23:01:55 <Dot> oh dear
23:02:03 <Dot> thats very rude
23:10:04 <Dot> was it a good thing though dub?
23:10:06 <Camail> thats the predator set dub
23:10:14 <Camail> its pretty good
23:10:35 <Camail> end game pvp is garbage
23:10:45 <Camail> early and mid game were really fun
23:15:58 <DuB`> He killed me free during bleed CC, then my signature skill insta-revived me
23:16:02 <DuB`> ... and then he did the same thing
23:16:11 <DuB`> And then my heal station revived me
23:16:15 <DuB`> ... and then he did the same thing.
23:16:27 <DuB`> And I did 0 damage.
23:16:45 <DuB`> Terribly silly.
23:18:26 <Camail> thats what happens when you play a dead=ish game thats years old
23:18:33 <DuB`> Haha
23:18:34 <Camail> this gut could've started when we did
23:18:40 <Camail> guy*
23:44:54 -!- Rawr|Fone [~AndChat52@84-217-62-32.customers.ownit.se] has joined #tlponies
