00:19:25 -!- BioPone [~androirc@mobile-107-92-120-171.mycingular.net] has joined #tlponies
00:38:43 -!- DuB` [~DuB@66-219-235-226.dynamic.ip.veracitynetworks.com] has joined #tlponies
00:39:31 <reimeuk> dub is here at last!
00:40:32 <Runbunny> Finally!
00:40:38 <Runbunny> Also I am going to sleep.
00:40:55 <DuB`> !!
00:45:07 <DuB`> I think I'll do a stellaris
00:45:08 <DuB`> wee
00:45:20 <reimeuk> LUL https://twitter.com/jordanbpeterson/status/1107405088690225152
00:46:42 <reimeuk> https://twitter.com/earthvisuals/status/1107429105606279173
01:04:59 <Camail> oh also it turns out corrupted items dont sell for orbs of augmentation, any item with a full 6 modifiers does
01:05:12 <Camail> its just that corrupted items have 6 modifiers
01:11:23 -!- Raelcun [~Raelcun@Raelcun.users.quakenet.org] has joined #tlponies
01:11:23 -!- mode/#tlponies [+v Raelcun] by Q
01:58:01 -!- Westy543 [Westy543@c-73-93-93-161.hsd1.ca.comcast.net] has joined #tlponies
01:58:05 -!- mode/#tlponies [+v Westy543] by Q
04:56:02 -!- Rawr|Fone [~AndChat52@84-217-62-32.customers.ownit.se] has joined #tlponies
05:55:22 -!- Golly [Golly@cm-84.212.249.112.getinternet.no] has joined #tlponies
06:52:45 -!- ShotgunPrincess [Westy543@c-73-93-93-161.hsd1.ca.comcast.net] has joined #tlponies
06:52:49 -!- mode/#tlponies [+v ShotgunPrincess] by Q
07:00:46 <DoT|Phone1> morning all
07:06:05 <Camail> night
08:01:17 -!- DoT|Phone [~Dot@148.252.128.235] has joined #tlponies
08:07:22 <DoT|Phone> Rawr Rawr Rawr
08:11:02 <Rawr|Fone> DoT DoT DoT
08:14:10 <DoT|Phone> 💖💖💖
08:14:23 <DoT|Phone> how is you today Rawr
08:17:24 <CockRoach|42> morning horses
08:19:44 <Rawr|Fone> 💖💖💖
08:19:53 <Rawr|Fone> Gooood dot
08:19:59 <Rawr|Fone> How are you?
08:20:03 <Rawr|Fone> Hai cr
08:21:06 <DoT|Phone> I'm good Rawr.
08:21:19 <DoT|Phone> hey cr
08:25:46 <CockRoach|42> <3
08:27:55 <DoT|Phone> <3
09:49:19 -!- reification [~reificati@cpc76294-cosh16-2-0-cust297.6-1.cable.virginm.net] has joined #tlponies
09:49:19 -!- mode/#tlponies [+v reification] by Q
09:49:48 <reification> morning tlpons
09:50:22 <reification> rawr dot https://twitter.com/kaorkto/status/1107255382609547264
09:50:43 <reification> .tell skram https://twitter.com/NatureAttracts/status/1107454833856929792
09:52:19 <reification> .tell dub` https://twitter.com/niconandayo/status/1107361041892163584
09:56:26 <reification> india cannot into space https://www.bbc.co.uk/news/blogs-news-from-elsewhere-23455128
09:57:06 -!- Runbunny [~Runbunny@91.100.28.10.generic-hostname.arrownet.dk] has joined #tlponies
09:57:27 <reification> hello bun
09:57:39 <Runbunny> Hai
10:22:04 -!- carcinization [~reificati@cpc76294-cosh16-2-0-cust297.6-1.cable.virginm.net] has joined #tlponies
10:22:04 -!- mode/#tlponies [+v carcinization] by Q
10:24:39 <DoT|Phone> hey Runbun
10:35:16 <Runbunny> Dot dot.
10:35:36 <Runbunny> I tuned into Hob last night and he ripped like 2 minutes later.
10:42:56 <DoT|Phone> why you do this Runbun
10:43:15 <DoT|Phone> Was it the run early on that was 3 games in?
10:44:19 -!- reification [~reificati@cpc76294-cosh16-2-0-cust297.6-1.cable.virginm.net] has joined #tlponies
10:44:19 -!- mode/#tlponies [+v reification] by Q
10:46:20 -!- reimeuk [~reificati@cpc76294-cosh16-2-0-cust297.6-1.cable.virginm.net] has joined #tlponies
10:46:20 -!- mode/#tlponies [+v reimeuk] by Q
10:49:29 -!- carcinization [~reificati@cpc76294-cosh16-2-0-cust297.6-1.cable.virginm.net] has joined #tlponies
10:49:29 -!- mode/#tlponies [+v carcinization] by Q
11:05:20 -!- tredc [~tredc@c83-254-129-166.bredband.comhem.se] has joined #tlponies
11:28:17 -!- Westy543 [Westy543@c-73-93-93-161.hsd1.ca.comcast.net] has joined #tlponies
11:28:21 -!- mode/#tlponies [+v Westy543] by Q
11:31:40 -!- Zounds [webchat@cloak-wmbqgxv5.14-2.cable.virginm.net] has joined #tlponies
11:31:47 <Zounds> horsies
11:32:07 <Zounds> muh sugarspheres
11:36:20 <carcinization> zounders
11:40:19 <DoT|Phone> hey Zounds
11:46:19 <Zounds> o/
12:32:15 <carcinization> .tell dub` https://twitter.com/emmypilkington/status/1107741694416642048
12:32:37 -!- skram [~skram@82.147.53.149] has joined #tlponies
12:33:44 <DoT|Phone> Skram!
12:33:54 <skram> Dot!
12:35:40 <Rawr|Fone> Jonas!
12:35:48 <skram> Henrik!
12:36:12 <Rawr|Fone> Hur står det till min kära vän
12:37:04 <skram> riktig så bra, gamle ørn
12:37:10 <skram> how is the henrique
12:39:06 -!- BioPhone [~androirc@12.33.239.117] has joined #tlponies
12:39:30 <DoT|Phone> going to try get dubs character made today Skram
12:39:46 <skram> neat!
12:39:54 <skram> make him do a barbarian
12:40:37 <DoT|Phone> but they are the worst
12:40:53 <skram> ?!
12:40:56 <skram> how DARE you
12:41:13 <Zounds> dub doesn't strike me as the barbarian type
12:41:17 <Zounds> lads a delicate boy
12:41:26 <BioPhone> Hey
12:41:30 <BioPhone> Morn
12:41:33 <skram> thats the funny bit, zounds
12:41:39 <skram> heio bio
12:41:45 <DoT|Phone> bio
12:41:54 <DoT|Phone> I'm going to guess fighter
12:42:19 <skram> make him be a cleric
12:42:30 <skram> only mormon in all of faerun
12:43:03 <DoT|Phone> we have a druid who heals. so your ok for that. but maybe he would like fighty cleric
12:43:16 <DoT|Phone> clerics ARE the best and most versatile
12:43:27 <skram> yeah clerics are great
12:43:39 <skram> especially if you get toll of the dead
12:43:54 <DoT|Phone> finger guns, pew pew
12:44:07 <skram> hellz yeah
12:45:16 <DoT|Phone> you better hope he picks something fighty because lone front line monk will not go well
12:45:27 <skram> thats probably true
12:46:18 <DoT|Phone> monks are hit and run and get into the back lines kind of fighters. at low levels at least
12:46:46 <skram> im a tank monk
12:46:55 <skram> give me full plate p l s
12:47:01 <DoT|Phone> k
12:48:26 <BioPhone> I could play front lines sorc
12:48:34 <BioPhone> Tank for all of 2 attacks
12:48:49 <BioPhone> Maybe
12:49:19 <skram> nice
12:56:28 <DoT|Phone> there are a lot of options. ranger with animal, paladin, fighter, cleric, moon druid, hexblade warlock
12:56:44 <DoT|Phone> off the top of my head
13:00:06 <DoT|Phone> but maybe he wants to play a wizard. then he plays a wizard.
13:00:44 <BioPhone> Who knows!
13:01:03 <DoT|Phone> !
13:06:13 <skram> no wizards allowed
13:07:41 <DoT|Phone> no dwarves either. your actually an oversized halfling
13:08:20 <skram> unacceptable
13:10:51 <BioPhone> More maymays in disc
13:11:16 <skram> i dont like maymays
13:11:56 <DoT|Phone> also I am more than capable of rolling 2 1's in a row
13:12:27 <skram> you've used up all your bad luck in bio's campaign
13:12:30 <skram> now its all 20s
13:14:11 <Runbunny> Zounds, https://i.imgur.com/SalJ4cu.jpg
13:15:50 <BioPhone> Ma'am this is a wendy's
13:16:18 <skram> did you know that dobby has a 10 inch peen
13:20:48 <BioPhone> Master has given dobby a glock *t-posing dobby with bass boosted Harry Potter theme playing in background*
13:22:13 <BioPhone> https://images.app.goo.gl/GgVTdjRK65k537XZ6
13:22:27 <BioPhone> This cursed image was the 8th horcrux
13:23:08 <skram> what level is this
13:25:40 <Zounds> D:
13:25:49 <BioPhone> Mega wizard
13:35:44 -!- BioPhone [~androirc@12.33.239.117] has joined #tlponies
13:39:47 <BioPhone> So powerful it kill phone
13:42:03 <Runbunny> Wild.
14:06:57 <BioPhone> Neigh
14:35:50 -!- BioPhone [~androirc@12.33.239.117] has joined #tlponies
14:38:51 -!- BioPhone [~androirc@12.33.239.117] has joined #tlponies
15:02:38 <carcinization> runbunny bio https://twitter.com/itanimeirl/status/1107823574583132160
15:04:03 -!- BioPhone [~androirc@12.33.239.117] has joined #tlponies
15:04:17 <BioPhone> Pon
15:14:14 <carcinization> i like this account runbun https://twitter.com/incorrect2hu/status/1107812809339867136
15:14:20 <carcinization> https://twitter.com/incorrect2hu/status/1107843010102857728
15:15:39 <carcinization> https://twitter.com/incorrect2hu/status/1107442846431272960
15:17:57 <carcinization> https://twitter.com/incorrect2hu/status/1107405107065511948
15:22:56 <carcinization> https://twitter.com/incorrect2hu/status/1106733176112607233
15:23:03 <carcinization> https://twitter.com/incorrect2hu/status/1107873209909600256
15:34:29 -!- Westy543 [Westy543@c-73-93-93-161.hsd1.ca.comcast.net] has joined #tlponies
15:34:33 -!- mode/#tlponies [+v Westy543] by Q
15:48:14 <Runbunny> That twitter is great.
15:53:19 <Rawr|Fone> You are great runbun
15:57:28 <carcinization> i think it's my favourite of its kind since https://twitter.com/MLPSeason0
16:02:40 -!- Camail [~Camail@45.40.84.145] has joined #tlponies
16:02:40 -!- mode/#tlponies [+v Camail] by Q
16:23:23 -!- Westy543 [Westy543@c-73-93-93-161.hsd1.ca.comcast.net] has joined #tlponies
16:23:24 -!- mode/#tlponies [+v Westy543] by Q
16:35:05 -!- BioPhone [~androirc@12.33.239.117] has joined #tlponies
16:37:21 <Camail> Runbunny  why do they do this... -60% is so much
16:39:24 <CockRoach|42> .tell Rawr|Fone https://i.imgur.com/A3HKPp2.mp4
16:43:39 <Rawr|Fone> <3
16:43:46 <Runbunny> Camail, it's not too bad. You can find stuff with like 45 fire res 45 cold res and a health roll on the same item.
16:44:30 <Camail> bah, yea i just need a lot of better stuff
16:45:09 <Camail> need to replace basically everything
16:45:43 <Camail> but for now, gonna take a break
16:59:02 <Zounds> how's the souls going Runbunny 
16:59:15 <Zounds> doing anything fancy? or just going through it
17:11:39 <Runbunny> I just using daggers.
17:11:48 <Runbunny> It's kinda shitty to be honest :/
17:12:02 <Runbunny> Need to be sneaky for Sekiro ;) ;)
17:17:17 -!- DoT|Phone1 [~Dot@109.115.159.143.dyn.plus.net] has joined #tlponies
17:19:35 -!- Rawr|Phone [~AndChat52@m83-185-92-180.cust.tele2.se] has joined #tlponies
17:20:18 -!- Dot [~quassel@109.115.159.143.dyn.plus.net] has joined #tlponies
17:21:21 <reification> tanoshii https://twitter.com/NeruNox/status/1108033514509946881
17:36:30 <BioPhone> Asdfghjkl
17:38:04 <Zounds> daggers are only good in dark souls 2
17:38:50 <Zounds> they're alright in 3 though the weapon art can be okay in some places
17:39:05 <Zounds> in 1 they're pretty much for backstabs only
17:39:56 <Dot> rawr https://imgur.com/gallery/L2vOWom
17:40:06 <Zounds> poison infused dagger in ds2 is brutal since poison is so much stronger in 2 than 1 or 3
17:40:37 <Dot> Zounds https://i.imgur.com/mNeZqJr.jpg
17:44:19 <Zounds> my wife is strong
17:45:18 <Dot> Bio, is this the next level? https://i.imgur.com/YDrzcs7.jpg
17:54:05 <Camail> that's good
17:54:17 <Camail> i dont understand why people keep making more memes
17:54:22 <Camail> we already found the good one
18:00:26 -!- BioPhone [~androirc@12.33.239.117] has joined #tlponies
18:04:14 <reification> cr|42 dot https://twitter.com/380kmh/status/1108029970872455168
18:19:43 <CockRoach|42> <3
18:27:25 <BioPhone> Flat danger noodle
18:27:34 <BioPhone> Danger lasagna noodle?
18:33:20 <reification> zounds https://pbs.twimg.com/media/D19PLBBWkAE3aqY.jpg:large
18:34:07 <reification> bobby tables pt94 https://pbs.twimg.com/media/D19O2eZXgAAy0zp.png
18:34:22 <reification> was prob rawr ^
18:34:49 <Zounds> why does 3d even try reif
18:35:58 <reification> nowadays patreon probably
18:36:02 <reification> https://pbs.twimg.com/media/D19QXxaWwAAyuWz.jpg:large
18:36:52 <BioPhone> Galaxy brain gud meme
18:37:29 <reification> it combines well with other memes
18:59:15 <reification> runbun https://blog.jlist.com/featured/catgirls-should-only-have-two-ears/
19:12:02 -!- skram [~skram@82.147.53.149] has joined #tlponies
19:12:10 <BioPhone> Purge with fire imo
19:12:39 <skram> whos getting purged
19:13:17 <Camail> you
19:14:23 <skram> its finally happening
19:14:29 <Camail> hmm, people are angry at patreon and i dont understand
19:14:35 <Camail> i think it's because change is scary
19:16:18 <Camail> breaking news: business that is hemorrhaging money needs to make more money
19:16:37 <Camail> and everyone is grandfathered into their old contracts anyway!
19:17:17 <skram> whats changed though
19:17:22 <skram> patreon takes a bigger cut?
19:22:27 <Camail> form 5% to 8% for their standard service
19:22:39 <Camail> with a 5% option with fewer functions, and a 12% premiuim tier
19:23:45 <reification> prob because there's no good reason for them not to be hugely profitable already
19:24:21 <reification> they just took a bunch of investor money and got the problems that came with it
19:26:46 <Camail> can you explain what they're wasting their money on
19:26:57 <reification> they are hugely overstaffed
19:27:26 <Camail> like, the dev staff?
19:27:26 <reification> which is very expensive given location
19:28:06 <Dot> skram
19:29:08 <Camail> i've never been convinced by the "if everything stays small they can be more fiscally flexible" kinda perspective
19:30:05 <Camail> unless the overstaffing is in superfluous areas
19:31:02 <Camail> but if it's more people working on features and big data analysis and stuff, cool.
19:31:35 <reification> sadly i can't find the info i saw before
19:32:11 <Camail> do you remember general bits of it
19:32:22 <reification> they are running a payment processor and very basic site. it should be wildly profitable at the current rates
19:32:52 <Camail> thats...thats not all they need
19:32:56 <reification> iirc processing $500m this year
19:33:19 <Camail> if they literally never want to change or grow at all, then maybe thats all you need
19:33:22 <reification> a few hundred employees
19:33:35 <reification> they have been growing wildly with just that
19:33:50 <Camail> business, marketing, R&D?
19:34:57 <reification> true there are other costs 
19:35:06 <Camail> i don't think its right to simplify their business strategy to just tech maintenance
19:35:16 <reification> but they are in a huge network advantage situation
19:35:33 <reification> it would be like microsoft losing money on windows
19:36:12 <reification> maybe they will come up with some amazing new thing and i will eat my words
19:37:10 <Camail> even if they don't, they are offering an option for people who want none of the new features
19:37:33 <Camail> if you just want a payment processing hub, you can still get that for 5%
19:38:02 <Camail> and even for the next few weeks you can get all the normal features for 5%
19:38:17 <reification> tbf i quit using them over the last fee raise they tried then abandoned after botching it
19:40:39 <Camail> businesses in america are encouraged to always be growing, it's an all consuming culture
19:41:08 <Camail> i don't believe it should be that way tho, i don't personally like it
19:41:32 <Camail> nor does that count as an excuse for any potential bullshit they do
19:42:04 <Camail> but in this particular case, it really seems like they are trying to be as consumer friendly as possible while also being told to increase their cut
19:42:54 <reification> growth is fine, the difference is organic growth vs taking outside money 
19:44:37 <Camail> It gets a bit too complicated for my current level of understanding
19:45:19 <Camail> because if you dislike investors for destabilizing a business, then there are a lot of factors that determine if that's actually what is happening
19:45:53 <Camail> and i don't have a grasp on whether or not patreon, or any business, would be fine without investors
19:46:45 <Camail> I know that an influx of money can cause rampant scope problems, but increasing your scope is not inherently bad or destabilizing. I just don't know where the line is.
19:51:28 <skram> Dot
19:54:45 <reification> correction they expect $1bn payments this year
19:55:10 <Dot> skram
19:55:31 <reification> wait no i was right the first time i think
19:55:44 <skram> what are you doing dot
19:56:17 <Dot> i just had supper, how about you skram?
19:56:46 <skram> .tell zounds https://i.imgur.com/mNeZqJr.jpg
19:56:58 <skram> just thinkin bout butts
19:57:20 <reification> my dinner was split in two parts as someone forgot to turn on the top oven with the chips in 
19:57:23 <reification> D:
19:58:05 <skram> the audacity
20:01:40 <Camail> is capital punishment in order?
20:01:55 <Camail> or shall skram fetch the whips
20:03:44 <Zounds> I ate too much porridge this morning and have been full all day
20:04:16 <Zounds> My attempts to fix the oat and water ratios just meant I ended up with too much
20:04:42 <Zounds> for I misplaced my scale and was simply eyeballing it
20:08:13 -!- Phearlock [webchat@cloak-li6hn6bb.208.146.128.getinternet.no] has joined #tlponies
20:08:18 <Phearlock> evening ponypons
20:09:02 <skram> ferlok
20:09:04 <skram> where you been lad
20:09:53 <Phearlock> ugh, busy workweek, kinda been feeling down in my spare time so not been talking to people much in my spare time.
20:10:25 <Phearlock> I'm doing alright now
20:10:33 <reification> you should be decadent and use milk zounds
20:10:53 <reification> hi phear
20:11:08 <Zounds> hey phear
20:11:11 <Zounds> mr money bags reif
20:12:15 <Zounds> but really I prefer it with water, maybe a splash of milk over it if it's a bit thick
20:13:24 <reification> i may have had apricot compote and spelt muesli on mine this morning zounds :p
20:16:53 <Zounds> my auld granny would call you light in the loafers for that
20:17:37 <Zounds> back in a little bit ponners
20:17:52 -!- Rawr|Fone [~AndChat52@84-217-62-32.customers.ownit.se] has joined #tlponies
20:18:43 -!- Crisium [~Crisium@c-73-174-151-51.hsd1.pa.comcast.net] has joined #tlponies
20:20:56 <Dot> skram, look at the size of this lad https://imgur.com/gallery/eX2pFF1
20:24:36 <Rawr|Fone> Hors hors
20:24:48 -!- BioPhone [~androirc@12.33.239.117] has joined #tlponies
20:24:48 <Crisium> new OW patch and hero today horses
20:25:03 <Crisium> all the OW players are dead i see
20:25:06 <Crisium> except Skram i guess
20:30:38 -!- BioPhone [~androirc@12.33.239.117] has joined #tlponies
20:31:06 <skram> ive not played in a while cris
20:31:10 <skram> maybe i should
20:31:22 <skram> oh lawd he comin dot
20:31:41 <BioPhone> Chonkers
20:32:55 <Phearlock> He's not comin onto the counter anymore though
20:33:22 <skram> maybe chonker is too chonky
20:37:37 -!- DuB` [~DuB@66-219-235-226.dynamic.ip.veracitynetworks.com] has joined #tlponies
20:37:42 <DuB`> https://streamable.com/y30ci
20:37:45 <DuB`> So many thing!
20:37:50 <skram> BioPhone i finally found the name of this stupid song https://www.youtube.com/watch?v=g2x2dEerjQo
20:38:05 <skram> this is actually a fuckin jam tho
20:38:17 <skram> hai DuB`
20:38:20 -!- CrisPone [uid127042@id-127042.hathersage.irccloud.com] has joined #tlponies
20:38:51 <Crisium> hi DuB`
20:38:57 <Crisium> new overwatch hero and patch if anyone wants to join me...
20:39:10 <skram> moira buff??
20:39:21 <CrisPone> Uh kinda? 
20:39:39 <CrisPone> She heals over time for 4 seconds instead of 3
20:39:54 <skram> hmm
20:40:11 <BioPhone> Supa hot fiya skrammen
20:43:26 <Dot> Dub
20:45:07 <BioPhone> Thinking
20:45:17 <BioPhone> 🤔🤔🤔
20:46:24 -!- BioPone [~androirc@mobile-107-92-120-93.mycingular.net] has joined #tlponies
20:53:01 <reification> stationary horse lady no longer so stationary :O
20:55:25 <DuB`> Yeah!
20:55:39 <skram> spare me the mobile horse robit
20:59:57 <skram> asdf
21:08:16 <Bio> hej
21:08:19 <Bio> i am home
21:08:28 -!- BioPone [~androirc@97.70.165.146] has joined #tlponies
21:09:57 <reification> wb bio
21:21:42 <Dot> any thoughts on dnd character dub?
21:22:44 <DuB`> Not ready D:
21:25:32 <Dot> ?
21:25:41 <Dot> your not ready to think about it?
21:26:25 <DuB`> Just haven't decided on anything
21:27:36 <Dot> i can tell you currenlty we have a monk, a duid(dream circle), a sorceror and a rogue
21:35:05 <Crisium> got 12k damage prevented as Baptise
21:37:10 <reification> ... https://twitter.com/AnimeDogofDay/status/1105838343772913665
21:48:05 <Bio> neigh
22:38:16 -!- Rawr|Fone [~AndChat52@84-217-62-32.customers.ownit.se] has joined #tlponies
22:55:22 <Dot> pon
23:03:02 <Dot> .tell zounds https://www.reddit.com/r/mylittlepony/comments/b31v6d/scorangel_bunny/
23:13:36 <Dot> Bio https://www.deviantart.com/hierozaki/art/T46-790276519
23:15:37 -!- skrm [webchat@pioj.eid3.887x.ip] has joined #tlponies
23:17:16 <Dot> skrm
23:17:21 <Dot> less work pls
23:20:17 <Runbunny> Dot dot.
23:21:29 <Rawr|Fone> Jonas you work too much
23:23:19 <Dot> runbun
23:28:36 <Runbunny> Made him dc :/
23:29:05 <skrm> how rude
23:31:11 <DoT|Phone1> indeed
23:40:22 <Bio> I like this
23:40:55 <skrm> what is this
23:43:50 <Bio> the hors dot linked me just before you came back
23:46:50 <Phearlock> rofl dot that's excellent
