00:04:52 <Crisium> hmmm i may apex again
00:05:17 <Crisium> if any muricans or insomniac euros up for it
00:10:42 <reification> nope i shall sleep
00:16:06 <Runbunny> Sleep.
00:39:18 <Crisium> whoo won another apex game
01:26:38 <Crisium> woo another win
01:27:32 <DuB`> :D
01:29:28 <Crisium> this last one i was carried lol, i just rezzed and healed for the most part
03:05:56 <Crisium> jehong with so much ana
03:06:21 <DuB`> Good to see
03:08:42 <Camail> dub how was the test
03:08:45 <Camail> did you win
03:12:52 <DuB`> ya ya
03:20:02 <Camail> nice
07:29:24 <DoT|Phone1> Morning all
07:30:32 <DuB`> Dot <3
07:31:47 <DoT|Phone1> Dub <3
07:33:34 <DoT|Phone1> how's it going dub
07:41:25 <DuB`> V gud
07:41:32 <DuB`> OW 6stack latenite
07:41:44 <DoT|Phone1> Nice
07:50:27 -!- Golly [Golly@cm-84.212.249.112.getinternet.no] has joined #tlponies
08:09:40 <Rawr|Fone> DoT DoT DoT
08:10:15 <DoT|Phone1> Rawr Rawr Rawr
08:10:18 <DoT|Phone1> 💖💖💖
08:10:23 <Rawr|Fone> 💖💖💖
08:13:50 -!- DoT|Phone [~Dot@85.255.234.28] has joined #tlponies
08:20:59 <DoT|Phone> how's it going Rawr
08:21:45 <Rawr|Fone> Good so far, about to go to the gym
08:21:53 <Rawr|Fone> How are you today dot
08:22:26 <DoT|Phone> good so far too. walking to work
08:22:51 <Rawr|Fone> Are you on your phone while walking D:
08:32:05 -!- DoT|Phone1 [~Dot@185.69.145.218] has joined #tlponies
08:47:03 <DoT|Phone1> I was Rawr
08:48:40 <Rawr|Fone> 😱
08:53:50 <DoT|Phone1> I was on a back path, no cars
09:04:03 <Rawr|Fone> I hope you had a helmet at least
09:05:01 <DoT|Phone1> I need a haircut. I have enough hair to cushion atm
09:06:13 <DuB`> :D
09:09:47 -!- Rawr|Phone [~AndChat52@m83-185-93-123.cust.tele2.se] has joined #tlponies
09:17:26 <DoT|Phone1> no school Monday dub?
09:20:51 <DuB`> Nope
09:20:54 <DuB`> Hollyday
09:22:08 <DuB`> I dun even know which one lul
09:22:28 <DuB`> Oh Presidents Day
09:37:49 -!- DoT|Phone [~Dot@148.252.129.45] has joined #tlponies
09:38:02 <DoT|Phone> phone pls
09:48:03 -!- Runbunny [~Runbunny@91.100.28.10.generic-hostname.arrownet.dk] has joined #tlponies
09:54:14 -!- reification [~reificati@cpc76294-cosh16-2-0-cust297.6-1.cable.virginm.net] has joined #tlponies
09:54:14 -!- mode/#tlponies [+v reification] by Q
10:04:35 <DoT|Phone> hey Reif, Runbun
10:07:16 <Runbunny> Hey.
10:12:34 <DoT|Phone> is it going better Runbun?
10:28:16 -!- carcinization [~reificati@cpc76294-cosh16-2-0-cust297.6-1.cable.virginm.net] has joined #tlponies
10:28:17 -!- mode/#tlponies [+v carcinization] by Q
10:35:10 <carcinization> hello dotties, bun
10:40:15 <CockRoach|42> hors hors
10:40:34 <carcinization> hello cr|42
10:40:36 <DoT|Phone> cr
10:55:38 -!- skram [~skram@82.147.53.54] has joined #tlponies
10:55:53 -!- Rawr|Fone [~AndChat52@84-217-62-32.customers.ownit.se] has joined #tlponies
10:56:16 <DoT|Phone> Skram!
10:57:04 <skram> Dot!
10:58:29 <DoT|Phone> how are you today
10:59:18 <skram> not so bad i think
10:59:23 <skram> how a boat you mr doot
10:59:34 <DoT|Phone> I'm ok.
11:00:34 <Rawr|Fone> Jonas min alldeles underbara gulleplutt
11:01:50 <skram> Åh Henrik, min aller kjæreste hestemann
11:02:09 <Rawr|Fone> ❤❤❤
11:02:13 <skram> <3<3<3
11:02:20 <skram> did you make sandwiches this morning dot
11:03:11 <DoT|Phone> I did
11:04:57 <Rawr|Fone> Good pon
11:26:05 <DoT|Phone> I do try Rawr
11:27:15 <Rawr|Fone> I can see that
11:27:22 <Rawr|Fone> I am very proud of you dot
11:28:02 <DoT|Phone> thanks Rawr 💖
11:31:02 <Rawr|Fone> 💖💖
11:43:51 <Runbunny> DoT|Phone, Rawr|Fone https://i.imgur.com/pHkCs9k.mp4
11:44:01 <Runbunny> the phone boys.
11:47:35 <Runbunny> .tell reification https://i.imgur.com/zwSB2mJ.jpg
12:06:14 <Rawr|Fone> Anders.
12:27:08 <carcinization> :O
12:31:49 -!- tredc [~tredc@c83-254-129-166.bredband.comhem.se] has joined #tlponies
14:37:41 -!- skrm [webchat@unv2.iieq.zttm.ip] has joined #tlponies
14:43:55 <DoT|Phone> skrm
15:19:08 <skrm> dot
15:24:18 <DoT|Phone> all the correct things on fire?
15:25:25 -!- Crisium [~Crisium@c-73-174-151-51.hsd1.pa.comcast.net] has joined #tlponies
15:26:55 <DoT|Phone> hey cris
15:27:01 <DoT|Phone> odd time for you
15:29:42 <Crisium> i have the day off work
15:30:31 <DoT|Phone> Nice
15:30:45 <DoT|Phone> is it America day?
15:30:50 <DoT|Phone> gun day?
15:31:01 <DoT|Phone> burger day?
15:31:39 <Crisium> Presidents Day
15:32:18 <Crisium> it used to be "Washington's Birthday" but they decided to have it be for every past president
15:32:23 <Crisium> except Nixon
15:42:08 <DoT|Phone> Hmm. I was surprisingly close
16:10:01 <Runbunny> There's a burger day?
16:10:07 <Runbunny> I could use a burger day :/
16:10:59 <Crisium> of course
16:10:59 <Crisium> http://money.com/money/5398422/national-cheeseburger-day-deals-2018-free-food/
16:11:11 <Crisium> September 18th
16:11:38 <reification> https://en.wikipedia.org/wiki/Historical_rankings_of_presidents_of_the_United_States
16:11:48 <reification> nixon not as low as i expected
16:12:12 <reification> time to find out who James Buchanan was and what he did wrong
16:12:21 <Crisium> allowed the civil war to happen
16:12:58 -!- skrm [webchat@pioj.eid3.887x.ip] has joined #tlponies
16:13:17 <reification> yes i see
16:13:19 <skrm> why you hatin on nixon cris
16:13:21 <DoT|Phone> the skrm again
16:13:38 <Crisium> im not hatin on nixon, but because he resigned he isnt eligible for presidential celebration
16:13:45 <Crisium> he didnt get a state funeral for example
16:14:23 <skrm> how rude
16:14:33 <skrm> all he did was put up some microphones
16:15:01 <Crisium> whats funny is that he won that election with the biggest landslide ever so he had no reason to cheat
16:16:18 <reification> cheating is often poorly judged tho e.g. 322
16:18:27 <skrm> wasnt there a csgo team that did the same
16:18:36 <reification> TIL wiki 322 links to https://en.wikipedia.org/wiki/Skull_and_Bones
16:18:58 -!- DoT|Phone1 [~Dot@85.255.237.178] has joined #tlponies
16:19:34 <Runbunny> There was skram.
16:23:14 <DoT|Phone1> cheating in a large esport event sounds like it will be easily caught
16:28:24 <reification> .tell zounds "In the women's football tournament, Japan intentionally played to a draw with South Africa in Cardiff so that it could finish second in its group and not have to travel to Glasgow"
16:30:06 <DoT|Phone1> they where already in Cardiff... I didn't think it could get worse
16:32:18 <Golly> 322 was lucky he did it first, at least he still has a career
16:42:52 -!- carcinization [~reificati@cpc76294-cosh16-2-0-cust297.6-1.cable.virginm.net] has joined #tlponies
16:42:53 -!- mode/#tlponies [+v carcinization] by Q
16:51:16 -!- Rawr|Phone [~AndChat52@m83-185-91-217.cust.tele2.se] has joined #tlponies
17:00:15 <Crisium> apex win in my second game today, woo
17:10:15 -!- DoT|Phone [~Dot@85.255.236.186] has joined #tlponies
17:17:27 -!- DoT|Phone1 [~Dot@148.252.129.37] has joined #tlponies
17:23:49 -!- DoT|Phone [~Dot@53.48.198.146.dyn.plus.net] has joined #tlponies
17:31:45 -!- Dot [~quassel@53.48.198.146.dyn.plus.net] has joined #tlponies
17:33:34 <Dot> skrm, how swork
17:39:50 <carcinization> dot rawr https://twitter.com/TwoLitersOfLuck/status/1097108416152195072
17:40:28 <Dot> lol
17:43:30 <Runbunny> What a dog.
17:53:52 <skrm> bit boring Dot
17:55:40 <Dot> set things on fire again
18:02:52 <skrm> dot no
18:04:44 <Dot> well i cant help then
18:04:54 -!- Camail [~Camail@45.40.84.145] has joined #tlponies
18:04:54 -!- mode/#tlponies [+v Camail] by Q
18:09:52 <Runbunny> Camail.
18:11:07 <Camail> runbun
18:13:16 <skrm> Camail.
18:13:24 <Camail> skrambun
18:17:37 <skrm> v disrespectful
18:18:46 <Runbunny> O:
18:18:56 <Runbunny> It's a compliment no?
18:24:24 <Camail> maybe
18:42:41 <DoT|Phone> I blame cam
18:42:48 <Camail> dotbun
18:43:15 <DoT|Phone> how's president day cam
18:43:25 <Camail> meh
18:48:26 -!- Zounds [webchat@cloak-wmbqgxv5.14-2.cable.virginm.net] has joined #tlponies
18:48:32 <Zounds> muh plotlords
18:49:55 -!- reification [~reificati@cpc76294-cosh16-2-0-cust297.6-1.cable.virginm.net] has joined #tlponies
18:49:56 -!- mode/#tlponies [+v reification] by Q
18:50:21 <Zounds> hey reif
18:50:36 <reification> hello zounds
18:52:44 <Zounds> reif come play FFXIV with me
18:53:24 <reification> i don't even have it zounds...
18:53:40 <Zounds> likely story
19:00:31 <Dot> hi zounds
19:00:54 <Zounds> hullo dot
19:03:31 -!- DuB` [~DuB@66-219-235-226.dynamic.ip.veracitynetworks.com] has joined #tlponies
19:03:35 <DuB`> wew
19:03:41 <Dot> its the dub
19:09:41 <DuB`> Sometimes I spend 20 minutes clicking random on xkcd
19:09:52 <DuB`> This is still one of my all-time favorites: https://xkcd.com/1531/
19:09:52 <Dot> its good stuff
19:24:42 -!- Rawr|Fone [~AndChat52@84-217-62-32.customers.ownit.se] has joined #tlponies
19:25:10 <Dot> skram, i want one https://imgur.com/gallery/BtVQ7qQ
19:25:57 <Runbunny> this one DuB` https://xkcd.com/722/
19:26:49 <Dot> haha
19:27:38 <Dot> https://xkcd.com/705/
19:36:05 <Dot> rawr runbun https://imgur.com/gallery/yt0lOEf
19:42:40 <Rawr|Fone> Dot Dot
19:42:58 <Dot> Rawr Rawr
19:45:42 <Rawr|Fone> What are you up to tonight dot
19:45:59 <Dot> i had supper and now im relaxing
19:47:12 <Rawr|Fone> Sounds nice
19:49:49 <Dot> how about you rawr?
19:50:20 <Rawr|Fone> I just got home from table tennis so I am going to shower and eat and then go to bed probably
19:58:24 <Dot> sound sgreat
20:04:32 <Zounds> does it?
20:04:35 <Zounds> sounds pretty regular to me
20:05:05 <Dot> its rawr though, so its great
20:06:37 <skrm> this is brilliant dot
20:07:58 <skrm> http://www.markstoddart.com/hippo_coffee_table.html
20:09:14 <skrm> oh dang https://www.1stdibs.com/furniture/tables/coffee-tables-cocktail-tables/hippo-table-mark-stoddart/id-f_2022602/
20:09:27 <Dot> oh dang
20:09:51 <Camail> Dot 
20:10:00 <Camail> hollow knight sequel
20:10:03 <Camail> fyi
20:10:08 <Dot> i heard
20:10:11 <Dot> more sad bugs
20:10:17 <Camail> get hype for hornet
20:10:21 <Dot> one day i will have the mental stability to dare finish the first
20:10:47 <skrm> ??
20:11:02 <Dot> i can feel the sadness coming skram
20:11:04 <Dot> its building
20:12:43 <skrm> is hollow knight a sad game
20:13:13 <Zounds> quiet and a bit lonely
20:13:20 <Zounds> not that sad
20:17:29 <Camail> well
20:17:32 <Camail> its pretty sad
20:17:39 <Camail> mining bug is a sad
20:17:54 <Camail> every character you meet is pretty sad
20:17:57 <Dot> i feel there is a very deep sadness there, in the world built and the exploration if it
20:18:00 <Dot> but its so good
20:18:23 <Camail> there is a TON of personal strife
20:26:14 <Runbunny> And then there is Zote.
20:28:56 <Zounds> lots of sadness when thought about for more than 2 seconds
20:28:59 <Zounds> you're right
20:29:19 <DuB`> Sounds awful :P
20:29:41 <Camail> Zote is a fuckhead and i hate him
20:29:56 <Camail> 2nd most hated character, pre-dlc
20:30:00 <Camail> most hated post-dlc
20:35:10 <Runbunny> Haha.
20:35:26 <Runbunny> Did he steal your waifu?
20:36:16 <Camail> no it's a bit more complicated than that
20:36:32 <Camail> my hatred for him is constant
20:36:50 <Camail> my hatred for the other character was at an all time high, then lessened as they had a change of heart
20:53:26 <skrm> hmm
20:58:44 <Camail> skram have oyu ever played it
20:58:57 <skrm> no
21:02:36 <Camail> is good
21:03:08 <Camail> also quite cheap
21:07:20 <Dot> do it skram
21:08:07 <Camail> dot what part did you stop at?
21:10:12 <Dot> hmm, i was trying to gather soul stuff before going to the 3 places
21:11:12 <Runbunny> Do it Dot.
21:11:17 <Camail> oh right, that's fairly early
21:11:25 <Camail> but the game isn't terribly linear
21:11:51 <Camail> i should say that the sleepers aren't as intimidating as you'd think
21:13:08 <Runbunny> Dude.
21:13:32 <Runbunny> I was afraid.
21:14:12 <Dot> well i went to one once, in my first playthrough, thats where  got to
21:14:20 <Dot> then didnt game anything for a while
21:14:34 <Dot> so when i went back to play i couldnt really recall the story
21:15:13 <Dot> but i tihnk ive explored everywhere thats around before the sleepers
21:20:07 <Runbunny> Best hop to it Dot.
21:31:18 -!- Rawr|Fone [~AndChat52@84-217-62-32.customers.ownit.se] has joined #tlponies
21:34:56 <Zounds> ah lads I need to go to inverness tomorrow
21:35:03 <Zounds> somebody spare me from this torment D:
21:35:12 <Dot> gl!
21:38:18 <Zounds> hope nessie doesn't eat me
21:40:43 <Camail> she will
21:41:11 <Camail> but it's gonna be in the sexual way, and it's gonna be super awkward
21:44:51 <Zounds> can a female eat a male sexually
21:44:58 <Zounds> unless you're talking about vore or something
21:47:03 <Camail> dont let nessie vore you
21:50:21 <Zounds> I'll tr
21:50:23 <Zounds> try
21:50:34 <Zounds> I'll be a safe distance from the loch so it should be alright
21:58:26 <Dot> oh right, new Crit role
21:58:34 <Camail> i'm gonna have to beat the HK dlc3 before hk2 comes out
21:58:41 <Dot> did we find out why they where off?
21:58:58 <Camail> ummmm, no idea
22:08:54 <Camail> also possible its just a vacation
22:09:12 <Camail> matt works kinda insanely hard, that boy needs a break
22:10:19 <Camail> do we wanna apex
22:10:51 <Crisium> im apexing now if you wanna join
22:11:02 <Dot> i must go sleep
22:11:45 <Camail> ya DuB` pewpew?
22:12:07 <Zounds> gl bros
22:14:00 -!- Rawr|Fone [~AndChat52@84-217-62-32.customers.ownit.se] has joined #tlponies
22:17:46 <Camail> Runbunny play?
22:18:55 <Zounds> you should go as 2 with a wild card random
22:19:02 <Runbunny> Nah.
22:19:03 <Zounds> could be interesting plus a ready made scapegoat
22:19:16 <Camail> randos are randos
22:19:30 <Camail> 3 is always the most enjoyable
22:20:04 <Zounds> Runbunny come join me in FFXIV when the new expac hits
22:20:14 <Zounds> reif wasn't for it but we don't need him
22:20:35 <Camail> dub is ded
22:20:41 <Runbunny> Yes.
22:20:55 <Runbunny> To Zounds
22:21:04 <Runbunny> I surely hope that Dub isn't dead.
22:21:11 <Zounds> that would be sad
22:21:15 <Runbunny> Who is going to look at birb memes then?
22:21:34 <Runbunny> "Nice bird"
22:21:47 <DuB`> Wha
22:21:48 <Camail> i can make sweetie say it
22:21:51 <DuB`> O sorry, no
22:22:03 <Camail> we can replace dub with automated responses
22:22:06 <DuB`> Have plans with irl friends to play some ow or apex in a minute
22:22:22 <Zounds> After so many years dab are we not irl friends
22:22:29 <DuB`> Haha
22:22:35 <Dot> it hurts
22:22:37 <DuB`> Gotta meet irl at least once, I'd think! :P
22:22:48 <Zounds> well hopefully someday
22:25:03 <Zounds> Runbunny: I will share my tank privilege with you when we play
22:25:11 <Zounds> you will never have to queue again
22:25:20 <Runbunny> O:
22:25:46 <Runbunny> It might be like a week or something. 
22:26:01 <Runbunny> I had some troubles with the bank and currently I don't have a credit card.
22:26:18 <Zounds> Ah wasn't even thinking so soon but whenever is good :)
22:26:31 <Zounds> Hope you can sort the bank stuff out...always a worry
22:28:07 <Runbunny> I got it sorted today I think, however they need to send me a new card, which takes a week.
22:28:10 <DoT|Phone> Runbun probably bought too much lewd stuff shoo the bank revoked his spending privilege
22:28:47 <Runbunny> Yeah probably.
22:29:26 <Zounds> https://i.imgur.com/OuK0BI1.png
22:29:53 <Zounds> imagine that was a thing that could happen
22:53:14 -!- Bio [~BioPon@97.70.165.146] has joined #tlponies
23:28:42 -!- skram [~skram@82.147.53.54] has joined #tlponies
23:37:34 <Zounds> night ponners
