00:02:41 -!- BioPone [~androirc@mobile-107-92-120-37.mycingular.net] has joined #tlponies
00:05:49 -!- BioPone [~androirc@mobile-107-92-120-37.mycingular.net] has joined #tlponies
00:10:17 <Camail> yessss
00:10:23 <Camail> the squeal 
00:12:25 <Phearlock> eeeel hugs
00:20:47 <Camail> i forgot how big this area was
00:20:54 <Camail> always felt small to me
00:21:16 <Camail> but at a point, your memory just turns into a series of connected nodes of interest
00:23:11 <carcinization> night all
00:24:24 <Camail> nn
00:45:30 -!- BioPone [~androirc@mobile-107-92-120-37.mycingular.net] has joined #tlponies
01:18:56 <Dot> pon
01:20:02 <Dot> phear https://www.deviantart.com/yakovlev-vad/art/Usurper-788753915
01:20:13 <Dot> https://www.deviantart.com/lunaritass/art/Overslept-788741870
01:38:23 <DuB`> Dot!
01:38:28 <Dot> Dub?
01:38:39 <DuB`> It took like 40 minutes of flat our running but I finallyi reached the north end of the map, I think
01:38:51 <DuB`> Went through like 7 crazy biomes I hadn't seen yet
01:39:00 <DuB`> ... map is way bigger than I thought
01:39:04 <DuB`> And a miniboss fight!
01:39:19 <Dot> oh?
01:39:28 <Dot> there must be more weapons then
01:39:41 <Dot> that just the zap stick
01:39:47 <Dot> than*
01:39:57 <DuB`> I brought it down with zap, but went through like 40hp of healing :P
01:40:08 <Dot> hahaha
01:40:43 <DuB`> 2 more drop pods -- 1 rotor lock and 1 reinf steel plate lock
01:49:31 <DuB`> Nvm not the edge
01:49:32 <DuB`> jeeeez
01:52:54 <Dot> adventure horse
01:54:27 -!- DoT|Phone [~Dot@2.216.60.86] has joined #tlponies
01:54:35 <DuB`> Gud game
01:56:53 <DuB`> Got to a vast snowy cliffy desert and died to poison everywhere
01:56:54 <DuB`> oops
01:57:03 <DuB`> My body is like 5km from spawn haha
02:03:23 -!- BioPone [~androirc@97.70.165.146] has joined #tlponies
02:39:53 -!- Rawr|Fone [~AndChat52@84-217-62-32.customers.ownit.se] has joined #tlponies
02:41:03 <skram> its dangerous business, going out your door, dub.
02:44:54 <DuB`> But so much to see!
02:45:13 <DuB`> Next time I'll make it there and back again
02:45:59 <Camail> https://www.twitch.tv/day9tv
02:46:02 <Camail> prime time freak outs
02:49:51 <DuB`> rofl
02:50:48 <Phearlock> What a guy
03:33:20 <DuB`> .tell skram These are lovely, v relaxe https://www.youtube.com/channel/UCF8HpP-lEx8W9OlMSOW6kGA
03:36:47 <skram> dub i shouldve been in bed hours ago
03:38:10 <skram> now im looking at a 2 hour long video of some guy shoveling snow and a dog
03:39:00 <Camail> didnt you spend last night angrily shoveling snow
03:39:05 <Camail> why do you want to relive this
03:39:17 <DuB`> Go slepp
03:39:20 <DuB`> Watch tomoro :P
03:44:42 <Camail> dub would you want to try path of exile if we could start a group
03:44:51 <Camail> thinking of doing some research but i wanna gauge tlp interest
03:45:06 <DuB`> I did some with my brother last season
03:45:32 <DuB`> I always fall out of interest after playing like 10-15 hours, dunno why
03:45:40 <Camail> hmmm
03:46:05 <DuB`> Something about your entire build needing to be only a single skill and using literally only that for your entire playthrough...
03:46:33 <Camail> yea that sounds kinda garbo, which is why i want to look at a few builds and find a fun one
03:46:54 <Camail> though i do play condemn crus
03:46:59 <Camail> so like...thats basically the same
03:47:36 <Camail> d3 kinda has th same problem, thinking about it
03:47:49 <Camail> the skill progression through leveling is much more varied, tho
04:11:36 -!- Rawr|Fone [~AndChat52@84-217-62-32.customers.ownit.se] has joined #tlponies
04:35:13 -!- DoT|Phone1 [~Dot@2.216.60.86] has joined #tlponies
04:37:00 -!- DoT|Phone [~Dot@85.255.237.98] has joined #tlponies
04:38:04 -!- DoT|Phone2 [~Dot@2.216.60.86] has joined #tlponies
04:39:13 -!- DoT|Phone [~Dot@2.216.60.86] has joined #tlponies
04:51:37 -!- Rawr|Fone [~AndChat52@84-217-62-32.customers.ownit.se] has joined #tlponies
05:05:54 -!- DoT|Phone1 [~Dot@85.255.237.64] has joined #tlponies
05:08:34 -!- DoT|Phone2 [~Dot@2.216.60.86] has joined #tlponies
05:09:11 -!- DoT|Phone1 [~Dot@85.255.237.64] has joined #tlponies
05:09:33 -!- DoT|Phone [~Dot@2.216.60.86] has joined #tlponies
05:10:22 -!- DoT|Phone1 [~Dot@85.255.237.64] has joined #tlponies
05:13:06 -!- DoT|Phone3 [~Dot@2.216.60.86] has joined #tlponies
05:13:33 -!- DoT|Phone1 [~Dot@85.255.237.64] has joined #tlponies
05:21:13 <Camail> ded
05:27:25 -!- DoT|Phone2 [~Dot@85.255.237.64] has joined #tlponies
05:28:49 -!- DoT|Phone1 [~Dot@2.216.60.86] has joined #tlponies
05:29:43 -!- DoT|Phone2 [~Dot@85.255.237.64] has joined #tlponies
05:32:16 -!- DoT|Phone3 [~Dot@2.216.60.86] has joined #tlponies
05:48:06 -!- Rawr|Fone [~AndChat52@84-217-62-32.customers.ownit.se] has joined #tlponies
06:03:25 -!- DoT|Phone [~Dot@85.255.237.49] has joined #tlponies
06:07:18 -!- Golly [Golly@cm-84.212.249.112.getinternet.no] has joined #tlponies
06:25:22 -!- DoT|Phone1 [~Dot@2.216.60.86] has joined #tlponies
07:20:55 -!- DoT|Phone [~Dot@85.255.237.32] has joined #tlponies
07:21:38 -!- DoT|Phone1 [~Dot@2.216.60.86] has joined #tlponies
07:30:35 <Rawr|Fone> DoT snela
07:31:08 <Rawr|Fone> Dub go to bed
08:01:13 -!- DoT|Phone [~Dot@2.216.60.86] has joined #tlponies
08:07:03 -!- DoT|Phone [~Dot@2.216.60.86] has joined #tlponies
08:07:13 -!- Rawr|Phone [~AndChat52@m83-185-89-223.cust.tele2.se] has joined #tlponies
09:07:05 -!- Dot [~quassel@2.216.60.86] has joined #tlponies
09:07:11 <Dot> mornign all
09:13:18 <Dot> dub
09:13:25 <Dot> you ever reach the end of the map?
09:28:02 <Dot> .tell dub` https://imgur.com/gallery/XwqYRGx
09:53:49 -!- Runbunny [~Runbunny@91.100.28.10.generic-hostname.arrownet.dk] has joined #tlponies
10:11:49 -!- reification [~reificati@cpc76294-cosh16-2-0-cust297.6-1.cable.virginm.net] has joined #tlponies
10:11:49 -!- mode/#tlponies [+v reification] by Q
10:12:08 <Dot> RUNBUN
10:12:19 <Dot> hey reif <3
10:15:08 <reification> hi dotties <3
10:20:19 <Runbunny> Hai
10:35:11 <reification> .tell dub` https://twitter.com/BoomNotThe/status/1104318006853656576
10:35:16 <reification> hello bun
10:36:40 -!- tredc [~tredc@c83-254-129-166.bredband.comhem.se] has joined #tlponies
10:44:43 <CockRoach|42> morning horses
10:45:08 <reification> morn cr|42
11:01:45 <reification> cr https://twitter.com/SHIRIMOTO/status/1104209042128363521
11:02:33 -!- Dot` [~quassel@2.216.60.86] has joined #tlponies
11:22:29 -!- carcinization [~reificati@cpc76294-cosh16-2-0-cust297.6-1.cable.virginm.net] has joined #tlponies
11:22:29 -!- mode/#tlponies [+v carcinization] by Q
11:22:55 <CockRoach|42> reification: :D
11:37:36 -!- Dot [~quassel@2.216.60.86] has joined #tlponies
11:53:11 -!- Dot` [~quassel@2.216.60.86] has joined #tlponies
11:55:26 -!- Dot`_ [~quassel@2.216.60.86] has joined #tlponies
12:03:17 -!- Dot [~quassel@2.216.60.86] has joined #tlponies
12:09:32 -!- Dot` [~quassel@2.216.60.86] has joined #tlponies
12:16:45 <Dot`> i return
12:16:51 <Dot`> haircut complete
12:17:04 <carcinization> wb dotties
12:35:14 <carcinization> .tell skram https://twitter.com/CatDirr/status/1103403231378620417
12:36:13 -!- reimeuk [~reificati@cpc76294-cosh16-2-0-cust297.6-1.cable.virginm.net] has joined #tlponies
12:36:13 -!- mode/#tlponies [+v reimeuk] by Q
12:36:19 <reimeuk> .tell dub` https://twitter.com/nemo_0w0/status/1102197279379734528
14:27:19 -!- Crisium [~Crisium@c-73-174-151-51.hsd1.pa.comcast.net] has joined #tlponies
14:29:24 <Dot`> Crisium!
14:29:36 <Crisium> howdy
15:15:59 <Bio> i scrolled up
15:16:00 <Bio> hi
15:20:12 <Runbunny> Hai.
15:42:08 -!- Rawr|Fone [~AndChat52@84-217-62-32.customers.ownit.se] has joined #tlponies
16:24:14 -!- Crisium|2 [~Crisium@185.92.26.63] has joined #tlponies
16:26:41 <Dot`> Rawr Rawr
16:27:00 <Rawr|Fone> Dot Dot
16:27:04 <Rawr|Fone> 💖💖💖
16:36:46 <Dot`> <3 <3 <3
16:37:14 -!- Crisium [~Crisium@c-73-174-151-51.hsd1.pa.comcast.net] has joined #tlponies
16:48:03 <Bio> morning
16:48:06 <Bio> afternoon
16:48:12 <Bio> evening
16:48:22 <Bio> how do
16:52:34 <Bio> https://www.youtube.com/watch?v=diyFMXQjxMk
16:55:23 <Crisium> morno
17:41:43 <Crisium> 21k squad https://cdn.discordapp.com/attachments/463777222428196877/553995784430026783/4.png
17:55:54 <reimeuk> all the murder
18:00:22 <Dot`> pon
18:00:42 <Dot`> hows all
18:02:32 <Crisium> back to back champs boys
18:02:33 <Crisium> https://cdn.discordapp.com/attachments/463777222428196877/554001049195642888/5.png
18:02:37 <Crisium> woo
18:02:53 <Dot`> too good at game
18:03:23 <Crisium> Crisium is the highest level unicorn
18:10:41 -!- skram [~skram@82.147.53.154] has joined #tlponies
18:10:46 <Dot`> skram!
18:10:56 <skram> dot!
18:11:06 <skram> hey wanna know what im doing today
18:11:17 <Dot`> playing satisfactory?
18:11:33 <skram> not yet but soon im certain
18:11:42 <skram> i am making pudding
18:11:47 <skram> its surprisingly exciting
18:11:57 <Crisium> give me your pudding
18:12:51 <skram> im sure you could have some if you asked nicely
18:13:02 <Crisium> i want it
18:13:48 -!- DuB` [~DuB@66-219-235-226.dynamic.ip.veracitynetworks.com] has joined #tlponies
18:14:13 <skram> well now you'll just to make your own
18:14:23 <skram> dub of dubs
18:14:26 <Dot`> dub
18:14:49 <skram> do we have to say his name three times to summon him
18:15:56 <Dot`> look dub https://imgur.com/gallery/hlo1u2k
18:16:13 <skram> what a weird bird
18:17:42 <DuB`> :D
18:18:43 <Bio> get money ya ya
18:18:47 <Bio> get money ya ya
18:19:45 <CockRoach|42> https://www.deviantart.com/yakovlev-vad/art/Usurper-788753915
18:20:10 <skram> d'you want sicko mode bio
18:20:19 <skram> or mo bamba
18:21:01 <Dot`> https://www.deviantart.com/weird--fish/art/Zecora-653417780
18:22:23 <skram> DuB` did you see my snapchat
18:22:41 <Bio> HOW BOUT SICKOBAMBA
18:22:48 <DuB`> I don have snapchat
18:22:57 <DuB`> Haven't been able to get on account since new phone
18:23:00 <DuB`> I told you this!
18:23:55 <skram> no??
18:24:24 <DuB`> I definitely mentioned it at some point and you said "oh that's why you never respond to me" !
18:24:47 <skram> hmm that does sound like something i'd say
18:25:05 <skram> how am i supposed to send you all the super interesting things now though??
18:26:57 <DuB`> Discord or somefin I dunno!
18:26:58 -!- Zounds [webchat@cloak-wmbqgxv5.14-2.cable.virginm.net] has joined #tlponies
18:27:04 <DuB`> I have that on mobile and it's ez
18:27:06 <Zounds> muh ponlings
18:27:18 <skram> zounds ya old menace
18:27:21 <CockRoach|42> m'zounds
18:27:47 <Zounds> o/
18:27:53 <skram> how was the rugby thing
18:28:12 <CockRoach|42> did you survive the rugby thing?
18:28:27 <Zounds> was no bother really
18:29:50 <Zounds> heard a lot more spoken welsh than I expected
18:30:03 <Zounds> must be some crossover between welsh die hards and rugby fans
18:30:13 <skram> what does spoken welsh sound like
18:30:26 <Zounds> like gaelic but floatier
18:30:30 <Zounds> if that makes any sense at all
18:30:42 <skram> no
18:30:50 <Zounds> Lots of y sounds
18:31:18 <Zounds> I've honestly not heard it spoken aloud much in my life overall
18:31:40 <skram> https://www.youtube.com/watch?v=mCjLWzRUZik
18:31:57 <skram> somehow a bit similar to icelandic
18:32:42 <skram> only spoken though, written it makes no sense at all and is probably a made up language
18:33:16 <CockRoach|42> i doubt they actually exists
18:33:54 <Zounds> red dragons, daffodils and leeks
18:34:00 <Zounds> that's wales
18:34:16 <skram> corgis too
18:34:37 <Zounds> true
18:39:13 <DuB`> Twitch pokemon stream for saturday morning cartoons on demand
18:39:14 <DuB`> Perfect
19:11:50 -!- DoT|Phone [~Dot@2.216.60.86] has joined #tlponies
19:17:11 <reimeuk> https://twitter.com/NinjaEconomics/status/1074103468745322496
19:30:41 -!- Dot [~quassel@2.216.60.86] has joined #tlponies
19:42:37 -!- Rawr|Fone [~AndChat52@84-217-62-32.customers.ownit.se] has joined #tlponies
19:52:42 -!- Phearlock [webchat@cloak-li6hn6bb.208.146.128.getinternet.no] has joined #tlponies
19:52:47 <Phearlock> evening ponypons
19:53:10 <skram> ferlok my dear
19:54:15 <Phearlock> Pretty tiring day, but back in the cozy chair now
19:55:30 <Dot> phear <3
19:57:06 <Bio> neigh lad
19:57:58 -!- Rawr|Phone [~AndChat52@m83-185-83-186.cust.tele2.se] has joined #tlponies
20:03:44 -!- DoT|Phone1 [~Dot@2.216.60.86] has joined #tlponies
20:15:33 <Rawr|Phone> Beep boop
20:15:55 <Dot> Rawr Rawr
20:16:02 <Rawr|Phone> Dot Dot
20:16:05 <Dot> how was your saturday rawr?
20:16:10 <Dot> did you pong pong?
20:16:19 <Rawr|Phone> We did play table tennis
20:16:24 <Rawr|Phone> It went horriblr
20:16:27 <Rawr|Phone> Horrible
20:16:41 <Dot> D:
20:16:48 <Dot> what happened?
20:17:03 <Rawr|Phone> Dunno
20:17:08 <Rawr|Phone> Can't win em all
20:17:14 <Dot> aww <3
20:17:22 <Dot> your the best to me rawr
20:17:34 <Rawr|Phone> <3
20:17:50 -!- DoT|Phone [~Dot@85.255.237.99] has joined #tlponies
20:21:15 <Rawr|Phone> How have you been today dot
20:21:40 <Dot> ive been ok rawr, wanted to go for a walk, but its been raning all day
20:22:02 <Rawr|Phone> Bring an umbrella
20:22:07 <skram> bjørn i told you te wear an umbrella!
20:22:28 <Dot> sounds like you want me to be struck by lightning
20:25:09 <skram> how else are ya gonna get superpowers
20:25:24 <Dot> a PLC incident
20:30:00 <Dot> https://imgur.com/gallery/QaM6Gt5
20:37:24 <Runbunny> Can't you do both to increase the likelyhood?
20:40:05 <Dot> rawr https://imgur.com/gallery/o7rDupf
20:50:04 <Dot> Zounds rawr, https://imgur.com/gallery/sah9RKk
20:59:00 -!- Zounds [webchat@cloak-wmbqgxv5.14-2.cable.virginm.net] has joined #tlponies
21:05:22 <Runbunny> Dot, https://clips.twitch.tv/NurturingSilkyRedpandaItsBoshyTime
21:06:03 <Dot> oh what, he died there
21:06:09 <Dot> after getting down to 1 guy
21:18:43 <Runbunny> Yeah, big choke.
22:02:34 <Bio> fukit
22:02:38 <Bio> pizza time
22:02:46 <Bio> tm
22:04:20 -!- Golly [Golly@cm-84.212.249.112.getinternet.no] has joined #tlponies
22:22:45 <Bio> https://i.imgur.com/NuGKz3L.jpg
22:22:48 <Bio> skram ^
22:27:00 <Bio> eh, maybe pizza time tomorrow
22:27:08 <Bio> not that hangry
22:27:25 <Phearlock> I ate a pizza
22:27:27 <DuB`> Am starving
22:27:27 <Phearlock> smol pizza
22:27:35 <Phearlock> but pizza nontheless
22:27:58 <Bio> smol and large
22:28:02 <Bio> pizza is gud
22:28:13 <Bio> any shootbangers in chat
22:28:22 <Bio> I need to bamboozle
22:35:44 <Bio> (apex)
22:43:05 <skram> mr Dot i regret to inform you that operation pudding has been unsucsessful
22:43:14 <Phearlock> oh no D=
22:43:16 <Dot> NOOOOOO
22:43:37 <skram> diagnosis: too many EGG
22:44:54 <Dot> i have faith you will perceiver jonas 
22:45:09 <skram> one day
22:45:43 <Bio> skram take your sorrow away with some fun filled apex bamboozle
22:46:09 <skram> im gonna eat pizza and mope instead i think
22:46:21 <Bio> T_T
22:46:43 <Dot> brood instead skram
22:48:07 <Bio> fine, i'll go bamboozle myself!
22:53:26 <Bio> https://i.redd.it/mr7136jqs4l21.png
22:58:48 -!- carcinization [~reificati@cpc76294-cosh16-2-0-cust297.6-1.cable.virginm.net] has joined #tlponies
22:58:48 -!- mode/#tlponies [+v carcinization] by Q
23:12:09 <Bio> https://i.redd.it/ld4v05l620l21.jpg
23:12:17 <Bio> I shotgunned some fools
23:12:20 <Bio> then died
23:12:35 <Bio> so have a long boy
23:18:43 <carcinization> magnificent
23:33:52 <Dot> RAWR
23:33:54 <Dot> https://imgur.com/gallery/Dl0Pebb
23:33:57 <Dot> runbun look
23:36:50 <Dot> and runbun, he died to spider again :/
23:44:11 <Rawr|Phone> DOT
23:44:46 <Dot> you see the puppy rawr???
23:44:53 <Dot> isnt it the best?
23:45:33 <Rawr|Phone> Yes
23:45:40 <Rawr|Phone> Dogs are great
23:45:42 <Rawr|Phone> Like you
23:45:53 <Dot> oh you <3
23:47:41 <Runbunny> I saw it Dot :/
23:47:48 <Runbunny> Hob is getting his own head.
23:53:40 <Dot> skram
23:54:12 <Dot> this is one of those things you like for some reason https://youtu.be/jRLfGwQ7Nsw
23:55:04 <skram> this is incredible, dot
23:55:26 <skram> you just cant appreciate good cooking skills
23:58:48 <CockRoach|42> https://derpicdn.net/img/view/2019/3/9/1981235.png
