02:35:44 -!- Rawr|Fone [~AndChat52@84-217-62-32.customers.ownit.se] has joined #tlponies
05:42:34 -!- Golly [Golly@cm-84.212.249.112.getinternet.no] has joined #tlponies
07:22:52 <Dot> Mornign pons <3
07:33:33 <DuB`> Dot!
07:33:40 <DuB`> Dnd sooon
07:34:57 <Dot> SOON
07:43:51 <Dot> can i get a pronnunciation guide for birb name dub?
07:44:49 <DuB`> Keh che ree ech 
07:44:55 <DuB`> QRRRRRRROOOOOOOOOQIC
07:50:13 <Dot> ive got that down
08:03:06 <Dot> Dub https://imgur.com/gallery/GYJrNzf
08:08:04 <DuB`> amg
08:08:07 <DuB`> That is the best
08:20:58 <DuB`> zzz
08:21:11 <Dot> gnight dubs <3
08:22:19 <Dot> CockRoach https://imgur.com/gallery/R0UIMQv
08:41:46 <CockRoach|42> such a silly noodle
09:31:15 -!- DoT|Phone [~Dot@79.77.172.39] has joined #tlponies
09:38:27 <CockRoach|42> Dot: https://imgur.com/gallery/phKvHWs
09:44:03 -!- tredc [~tredc@c83-254-129-166.bredband.comhem.se] has joined #tlponies
09:54:59 -!- reification [~reificati@cpc76294-cosh16-2-0-cust297.6-1.cable.virginm.net] has joined #tlponies
09:54:59 -!- mode/#tlponies [+v reification] by Q
09:56:21 -!- DoT|Phone [~Dot@85.255.235.192] has joined #tlponies
10:01:30 -!- DoT|Phone1 [~Dot@85.255.235.192] has joined #tlponies
10:33:59 -!- DoT|Phone [~Dot@79.77.172.39] has joined #tlponies
10:45:10 -!- DoT|Phone1 [~Dot@85.255.235.187] has joined #tlponies
10:52:38 -!- DoT|Phone [~Dot@90.212.76.86] has joined #tlponies
10:55:35 <Dot> phone pls
10:55:47 <Dot> cute snek cr
11:20:38 <Rawr|Fone> Dot Dot
11:21:21 <Dot> Rawr Rawr
11:21:22 <Dot> <3
11:21:33 <Rawr|Fone> 💖💖
11:29:01 <Dot> .tell Dub` https://imgur.com/gallery/AQ2Wm1z
11:38:52 <Dot> hike time, back later horses <3
11:40:36 -!- DoT|Phone1 [~Dot@85.255.235.197] has joined #tlponies
11:51:28 -!- DoT|Phone [~Dot@85.255.235.197] has joined #tlponies
12:00:19 -!- DoT|Phone [~Dot@85.255.233.202] has joined #tlponies
12:00:28 -!- DoT|Phone [~Dot@85.255.233.202] has joined #tlponies
12:02:50 -!- DoT|Phone1 [~Dot@85.255.233.202] has joined #tlponies
12:03:15 -!- skram [~skram@82.147.53.102] has joined #tlponies
12:17:09 -!- DoT|Phone [~Dot@185.69.145.152] has joined #tlponies
12:27:53 -!- DoT|Phone [~Dot@85.255.236.246] has joined #tlponies
12:43:26 -!- DoT|Phone1 [~Dot@85.255.236.246] has joined #tlponies
12:53:50 -!- DoT|Phone [~Dot@85.255.234.0] has joined #tlponies
12:56:16 -!- DoT|Phone1 [~Dot@85.255.234.0] has joined #tlponies
12:58:51 -!- DoT|Phone [~Dot@85.255.234.0] has joined #tlponies
13:14:49 -!- DoT|Phone [~Dot@85.255.236.246] has joined #tlponies
13:16:56 -!- DoT|Phone1 [~Dot@85.255.236.246] has joined #tlponies
13:17:40 <Rawr|Fone> Skram look at this dotphone
13:18:00 <skram> rather silly, dont you think?
13:19:28 <Rawr|Fone> Very
13:37:37 <reification> speaking of silly https://twitter.com/untoinfinity/status/1110756691556081664
13:49:49 <reification> https://www.manchestereveningnews.co.uk/news/uk-news/englands-oldest-man-says-secret-16045185
13:51:47 <skram> how is moral virtue measured
13:52:07 <skram> koalas are straight up evil
13:52:11 <skram> i dont trust this study reif
13:53:53 <reification> it says mean evaluations from novice participants skram. clearly they are not as well informed on the evil of koalas as you!
13:54:19 <skram> koalas give you herpes, reif!
13:55:08 <reification> that's not very nice
13:55:24 <skram> hence the evilness
15:21:55 -!- Crisium [~Crisium@c-73-174-151-51.hsd1.pa.comcast.net] has joined #tlponies
15:30:25 <Crisium> pons
15:31:11 <Crisium> https://twitter.com/DannyDutch/status/1111729239898972160
15:42:56 <skram> howdy pardner
15:43:37 <reification> i bak
15:43:41 <reification> that's neat cris
15:47:05 <Bio> morn
15:47:16 <skram> mornin pal
15:48:18 <Bio> hope i didn't get too silly last night
15:49:18 <skram> its all good bud
15:51:21 <Crisium> uh oh what did Bio do this time
15:51:24 <reification> hello bio
15:51:36 <Bio> what don't i do
16:11:11 <Dot> i thought i told my phone to log off
16:11:26 <Dot> hello pons
16:17:53 <Bio> morn
16:19:17 <Dot> skram https://imgur.com/gallery/zU71dJD
16:21:32 <Dot> https://imgur.com/gallery/1Y2xwRA
16:23:48 <Dot> skram https://imgur.com/gallery/gYOXSFv
16:25:07 <skram> das good
16:25:30 <Dot> https://i.imgur.com/w4FbYNn.png
16:26:11 <skram> did you take the jiggly squibbler
16:26:22 <Dot> barbarians
16:26:33 <Dot> not respecting a crows jiggly squibbler
16:29:22 <Dot> .tell runbunny https://imgur.com/gallery/7ZDlOss
16:29:52 <CockRoach|42> https://imgur.com/gallery/3LgTYxl
16:32:12 -!- Crisium [~Crisium@c-73-174-151-51.hsd1.pa.comcast.net] has joined #tlponies
16:33:58 <Dot> cris horse <3
16:35:24 <Crisium> lord dot
17:31:53 <Bio> dnds in 1.5h?
17:34:06 <Dot> 2.5
17:34:15 <Dot> our clocks change tomroow
17:34:18 <Bio> oh
17:34:20 <Bio> rip
17:34:23 <Bio> well thats fine
17:34:26 <Dot> i was going to senf a reminder at 2 hours to go
17:43:36 <CockRoach|42> https://imgur.com/gallery/tH2TFGE
17:47:54 -!- Dot [~quassel@90.212.76.86] has joined #tlponies
17:50:08 <skram> dot pal
17:50:14 <Dot> skram feidn
17:50:41 <Dot> i continue with or without the drunk dorf
17:50:47 <Dot> he is just passed out on the floor
17:53:41 <skram> perfect
17:53:52 -!- DuB` [~DuB@66-219-235-226.dynamic.ip.veracitynetworks.com] has joined #tlponies
17:54:35 <skram> dub pal
17:56:25 <Dot> dubbles
17:56:29 -!- Zounds [webchat@cloak-wmbqgxv5.14-2.cable.virginm.net] has joined #tlponies
17:56:35 <Zounds> hi
17:56:40 <Dot> zoonds <3
17:57:55 <DuB`> hi hi
18:14:46 <Zounds> how you pons doing
18:22:03 <DuB`> Sleeeepy
18:25:13 <Dot> so am I
18:30:50 <Zounds> lazy pons
18:31:15 <Zounds> I managed to break the zip on my work uniform jacket
18:31:25 <Zounds> sad times
18:31:27 <skram> gaff that bitch
18:31:48 <Dot> duck it!
19:27:02 -!- Rawr|Fone [~AndChat52@84-217-62-32.customers.ownit.se] has joined #tlponies
19:34:46 <reification> dot america appears to competing with us for political silliness again (replies) https://twitter.com/BetoORourke/status/1112041472075988994
19:44:38 <skram> Dot: https://petapixel.com/2019/03/20/this-beer-was-developed-to-process-kodak-super-8-film/?fbclid=IwAR1Yd_AcKYZiL_ZVzC3f5Djr-wRLgfF0oYNhtfbVeJ9KUqd6juhdoaPID80
19:59:19 -!- Runbunny [~Runbunny@91.100.28.10.generic-hostname.arrownet.dk] has joined #tlponies
19:59:39 <Runbunny> Hello.
19:59:51 <Zounds> Runbunny friend
20:00:11 <Runbunny> Zounds friend.
20:00:17 <skram> Anders.
20:00:23 <skram> Archnemesis.
20:00:51 <Zounds> skram my good compeer
20:01:29 <Runbunny> I am not your archnemesis Jonas.
20:02:10 <Runbunny> We both know that for a fact.
20:02:12 <skram> aye zounds pal
20:02:24 <skram> mortal enemies, runbun
20:02:44 <skram> just like in your animes
20:02:50 <Rawr|Fone> Sounds like what an archnemesis would say anders
20:03:01 <Runbunny> I'm not going to have sex with you Jonas.
20:03:06 <skram> o h
20:03:49 <Rawr|Fone> Rude
20:03:52 <Runbunny> oh right it's saturday. That means the upstairs wrestling match will commence shortly.
20:04:02 <skram> so early
20:05:01 <Runbunny> They always talk in loud voices and wrestle on saturdays.
20:05:46 <Runbunny> Anyhoo why do you seem me as your enemy Jonas?
20:07:59 <skram> every adventurer needs a nemesis, anders
20:08:38 <Runbunny> I have always felt like Scandinavia would band together against the world if needed.
20:09:08 <skram> is denmark frodo
20:12:18 <Runbunny> I don't think so. Hairy feet are present though.
20:13:12 <Zounds> you guys hairy at all
20:13:15 <Zounds> i'm very much not so
20:13:41 <skram> yeh a bit
20:13:44 <skram> mostly in the face
20:14:00 <Runbunny> also on the top.
20:16:22 <Runbunny> Dot.
21:07:46 <skram> Runbunny i found my new favorite animu https://imgur.com/gallery/tcHpKdr
21:34:35 <Rawr|Fone> This is quite silly jonas
21:40:05 <Runbunny> TCG anime is kinda dumb.
21:40:37 <Runbunny> It reminds me of this for some reason skram https://www.youtube.com/watch?v=LHY8NKj3RKs
21:41:19 <skram> at least uno is more wholesome than all that weird stuff you're into runbun
21:41:31 <skram> like handholding and raccoons that think they are people
21:42:38 -!- carcinization [~reificati@cpc76294-cosh16-2-0-cust297.6-1.cable.virginm.net] has joined #tlponies
21:42:38 -!- mode/#tlponies [+v carcinization] by Q
21:42:43 <carcinization> uno is a ruined commercial version of an excellent card game
21:45:26 <carcinization> and anyone who wouldn't hold hands with racoon girl is a fool
21:45:43 <Bio> anyone who would is a DEGENERATE
21:51:45 <carcinization> bio https://i.imgur.com/CrJLmuf.jpg
21:55:12 <skram> spicy
21:55:46 <carcinization> memes are the only language he understands
21:56:00 <Bio> THIS IS FANTASTIC
21:56:11 <Bio> you're wrong
21:56:13 <Bio> but this
21:56:14 <Bio> is nice
22:02:49 <Zounds> nn guys
