00:53:25 <Camail> DuB`  new d3 season started
00:53:40 <Camail> i dunno if i want to play it
00:53:58 <Camail> if i do, i gotta stop playing pretty much everything else or my thumb will die
01:02:35 <Runbunny> what do you press with your thumb?
01:04:11 <Camail> i use it instead of lmb
01:04:46 <Camail> because holding down lmb aggravates my rsi more than anything else
01:25:03 <carcinization> g'night all https://twitter.com/williamhanson/status/1087106064858972160
01:25:15 <DuB`> G'night reif!
02:11:26 <Cane> https://www.twitch.tv/dotastarladder_en is live with today's games.
02:11:29 <Cane> ggs all, was fun. <3
02:11:38 <Bio> bzzap
02:11:56 <Bio> skrm
02:12:10 <Bio> u okay to plej dndeez nuts this weekend
02:23:23 <skram> yeah buddy
02:28:18 <Bio> noice
02:28:26 <Bio> lets smash some dargons
02:29:49 <Phearlock> 0w0
02:30:15 <Bio> a white, frosty boi
02:42:24 <skram> https://www.youtube.com/watch?v=7mBqm8uO4Cg phearlock_irl
02:43:36 <Bio> what is this level of degeneracy
02:44:19 <skram> maximum
02:52:40 <Camail> disgusting
03:57:27 <Bio> Cane
03:57:35 <Bio> Matt Colville is on Dlvl 38
03:57:52 <Bio> seems like a p gud run
03:58:38 <Cane> Ooh nice.
04:03:49 -!- Rawr|Fone [~AndChat52@84-217-62-32.customers.ownit.se] has joined #tlponies
04:25:28 <Bio> time 4 slep
04:25:30 <Bio> nn
06:26:24 -!- DuB` [~DuB@66-219-235-226.dynamic.ip.veracitynetworks.com] has joined #tlponies
06:30:54 -!- Westy543 [Westy543@c-73-93-93-161.hsd1.ca.comcast.net] has joined #tlponies
06:30:58 -!- mode/#tlponies [+v Westy543] by Q
06:51:21 -!- Rawr|Fone [~AndChat52@84-217-62-32.customers.ownit.se] has joined #tlponies
07:34:46 <DoT|Phone> morning pons
07:42:52 <CockRoach|42> morning hors
08:04:28 -!- DoT|Phone1 [~Dot@50.115.159.143.dyn.plus.net] has joined #tlponies
08:10:46 -!- DoT|Phone [~Dot@85.255.237.134] has joined #tlponies
08:19:14 <DoT|Phone> how you doing today cr
08:22:36 <CockRoach|42> tired, slept really crappy last night
08:22:49 <DoT|Phone> aww :(
08:44:55 -!- DoT|Phone1 [~Dot@185.69.145.208] has joined #tlponies
09:08:47 <DoT|Phone1> Rawr Rawr Rawr
09:46:51 -!- Rawr|Fone [~AndChat52@84-217-62-32.customers.ownit.se] has joined #tlponies
11:28:15 -!- Westy543 [Westy543@c-73-93-93-161.hsd1.ca.comcast.net] has joined #tlponies
11:28:19 -!- mode/#tlponies [+v Westy543] by Q
11:31:37 -!- tredc [~tredc@c83-254-129-166.bredband.comhem.se] has joined #tlponies
11:39:09 <DoT|Phone1> pon
11:50:05 -!- Runbunny [~Runbunny@91.100.28.10.generic-hostname.arrownet.dk] has joined #tlponies
11:50:13 <DoT|Phone1> Runbun
11:50:26 <Runbunny> .tell skram In light of recent memes https://cdn.discordapp.com/attachments/522915470555480084/537006281777479691/image0.png
11:50:31 <Runbunny> Hai Dot.
12:15:58 <Rawr|Fone> Anders nej
12:16:56 <Rawr|Fone> Dot Dot Dot
12:17:42 <DoT|Phone1> 💖💖💖
12:18:19 <Rawr|Fone> 💖💖💖
12:18:41 <CockRoach|42> Runbunny: that is quite rude!
12:19:56 <DoT|Phone1> this is very confusing
12:33:51 <Runbunny> How is it rude?
12:33:58 <Runbunny> It's Bamse.
12:44:07 <DoT|Phone1> how's the ankle today Runbun?
13:09:59 <Runbunny> It's hurt a bit when I move it around otherwise it's fine.
13:11:34 <DoT|Phone1> guess you have to just sit there
13:24:49 -!- Golly [Golly@cm-84.212.249.112.getinternet.no] has joined #tlponies
13:42:46 <Runbunny> .tell reification https://i.imgur.com/xRwVmis.jpg
13:52:09 -!- Rawr|Phone [~AndChat52@m83-185-84-245.cust.tele2.se] has joined #tlponies
13:58:07 <Runbunny> Rawr|Phone, DoT|Phone1 https://i.imgur.com/YhsYlBa.mp4
14:05:36 <Rawr|Phone> What an amazing dog
14:40:59 <Runbunny> one more Rawr|Phone DoT|Phone1 https://i.imgur.com/kOJ2dT3.mp4
14:54:56 -!- BioPhone [~androirc@12.33.239.117] has joined #tlponies
14:55:50 <BioPhone> Morning
15:06:17 <Rawr|Phone> Good afternoon bayo
15:09:38 -!- Rawr|Fone [~AndChat52@84-217-62-32.customers.ownit.se] has joined #tlponies
15:13:19 -!- skram [~skram@82.147.53.40] has joined #tlponies
15:14:30 <Rawr|Fone> Jonas!
15:26:15 <skram> Henrik!
15:26:42 <Rawr|Fone> My dearest skrammypants, how are you doing today
15:27:47 -!- BioPhone [~androirc@12.33.239.117] has joined #tlponies
15:28:24 <skram> very slow today, henrik
15:28:28 <skram> how is your face
15:40:26 <BioPhone> I hope your face isn't slow
15:43:58 <skram> it is pretty slow, honestly
15:49:34 <DoT|Phone1> Skram
15:49:45 <skram> Yes dear?
15:50:33 <DoT|Phone1> <3
15:50:35 <DoT|Phone1> I'm tired
15:50:40 <skram> <3
15:50:45 <skram> same
15:50:49 <DoT|Phone1> and need to go to the shops on the way home
15:50:58 <skram> get me some cheese please
15:51:51 <DoT|Phone1> I have a block
15:52:10 <skram> hmm
16:29:54 -!- DoT|Phone [~Dot@85.255.237.224] has joined #tlponies
16:32:50 -!- Micen [~Micen@198.14.230.73] has joined #tlponies
16:38:41 -!- Dubtop [~DuB@128.187.116.2] has joined #tlponies
16:38:45 <Dubtop> Yaho
16:40:51 <skram> dub me lad
16:41:37 <Dubtop> skram ma boi
16:42:06 <Dubtop> I get to do the sit-on-campus-for-3-hours-until-next-class thing
16:42:07 <Dubtop> Every
16:42:10 <Dubtop> Day!
16:42:14 <skram> woooo!
16:47:02 <Dubtop> lol
16:47:07 <Dubtop> My poor old 2012 laptop
16:47:26 <Dubtop> Sounds like a jet engine starting up inside when I run anything heavier than an irc client
16:50:07 <skram> maybe you need a new slaptop
16:50:52 <Dubtop> Eventually
16:51:13 <Dubtop> Maybe when I go off to my real big boy job!
16:53:03 <skram> Yeah!
17:01:44 <DoT|Phone> you get to dota 3 hours a day dub
17:06:59 <Dubtop> That's a lotta bots
17:12:50 -!- Zounds [webchat@cloak-07ouvien.14-2.cable.virginm.net] has joined #tlponies
17:12:55 <skram> DoT|Phone: https://i.imgur.com/N1lsuuC.jpg
17:12:57 <Zounds> hello
17:12:59 <skram> zounds pal
17:16:09 <skram> .tell crisium https://imgur.com/gallery/bVh1Pso
17:16:23 <Dubtop> Oops
17:16:33 <Dubtop> Campus wifi struggling a bit with this 11-hour-long dota vod :P
17:27:16 -!- DoT|Phone1 [~Dot@50.115.159.143.dyn.plus.net] has joined #tlponies
17:29:47 -!- Rawr|Phone [~AndChat52@m83-185-89-23.cust.tele2.se] has joined #tlponies
17:42:07 -!- Dot [~quassel@50.115.159.143.dyn.plus.net] has joined #tlponies
17:45:11 <Dot> im home
17:48:05 <Dubtop> Dot!
17:48:40 <Dot> Dub!
17:49:36 <Zounds> おかえり
17:49:52 <Dot> weeb zounds
17:50:19 <Zounds> Too much FFXIV probably
18:22:44 <Zounds> how goes the dota career Dot 
18:23:07 <Zounds> any heroes you enjoy in particular?
18:35:52 <Dot> im really bad zounds
18:36:03 <Dot> i like treant, skram doesnt like that i like treant
18:41:25 <Zounds> treant you say
18:41:34 <Zounds> not sure I ever played a full match as treant
18:56:21 -!- BioPhone [~androirc@12.33.239.117] has joined #tlponies
19:01:09 -!- reification [~reificati@cpc76294-cosh16-2-0-cust297.6-1.cable.virginm.net] has joined #tlponies
19:01:09 -!- mode/#tlponies [+v reification] by Q
19:01:15 -!- mode/#tlponies [+vvvvvv BioPhone Dot DoT|Phone1 Dubtop Golly Micen] by Cane
19:01:15 -!- mode/#tlponies [+vvvvvv Phearlock Rawr|Phone Runbunny skram tredc Zounds] by Cane
19:02:53 <CockRoach|42> Cane: <3
19:03:14 <Dot> Hey cane <3
19:03:34 <Cane> Hiya. <3
19:03:36 <Cane> How're you doing CR?
19:11:27 <Dubtop> whew
19:11:34 <Dubtop> Got a nice lil nap, now to class
19:16:02 <BioPhone> Neigh
19:20:27 <Dot> nej
19:26:13 -!- Camail [~Camail@45.40.84.145] has joined #tlponies
19:26:13 -!- mode/#tlponies [+v Camail] by Q
19:26:59 <Dot> cam
19:27:33 <Camail> dot
19:36:20 -!- BioPhone [~androirc@12.33.239.117] has joined #tlponies
19:48:46 <Dot> skram, cane, i can dota a bit
19:54:20 -!- Rawr|Fone [~AndChat52@84-217-62-32.customers.ownit.se] has joined #tlponies
20:09:15 <Cane> Dot, I'll Dota.
20:09:15 -!- BioPhone [~androirc@12.33.239.117] has left #tlponies
20:09:29 -!- BioPhone [~androirc@12.33.239.117] has joined #tlponies
20:09:33 <BioPhone> Nej
20:10:09 <Cane> Need to start laundry first though.
20:18:23 <BioPhone> Clean ur cloths
20:18:52 <Rawr|Fone> I can play some dota tonight maybe
20:27:45 <Dot> ping when ready cane
20:27:51 <Cane> Dot, ping.
20:27:56 <Dot> oh
20:28:29 <Dot> anyone else?
20:28:36 <Dot> rawr?
20:29:04 <Rawr|Fone> Sooonish
20:29:06 <Rawr|Fone> Not now
20:29:10 <Dot> ok
20:29:22 <Rawr|Fone> I need to shower and make food
20:29:30 <Dot> gl
20:29:56 <Dot> reif, runbun, zounds phear?
20:30:49 <Cane> skram, Phearlock, Runbunny, Dota vs bots?
20:39:41 <Zounds> bots are alright fun but it's not the same
20:40:06 <Zounds> dota just isn't dota without a russian BM pausing the game if you miss an ability
20:55:26 -!- BioPhone [~androirc@12.33.239.117] has joined #tlponies
21:03:00 -!- BioPhone [~androirc@12.33.239.117] has joined #tlponies
21:08:15 -!- BioPhone [~androirc@12.33.239.117] has joined #tlponies
21:14:07 -!- DuB` [~DuB@66-219-235-226.dynamic.ip.veracitynetworks.com] has joined #tlponies
21:14:10 <DuB`> wew!
21:15:15 <Dot> DUB
21:15:25 <DuB`> DOT
21:15:59 <Dot> you going to join dota dub?
21:17:28 <DuB`> One or two, sure
21:25:05 <reification> prob no dotes this even
21:25:46 <reification> that's a vintage meme runbun
22:08:21 -!- BioPone [~androirc@mobile-107-92-123-160.mycingular.net] has joined #tlponies
22:12:42 <Rawr|Fone> Ping me when this game is done cane, dot
22:16:08 <Dot> WILL DO RAWR
22:16:30 <Rawr|Fone> OKAY DOT THANK YOU VERY MUCH
22:16:49 <Dot> RAWR
22:16:52 <Dot> WE READY
22:17:02 <Rawr|Fone> Great
22:17:06 <Cane> MAYBE YOU SHOULD LOG IN THEN RAWR
22:17:41 -!- Crisium [~Crisium@c-73-174-151-51.hsd1.pa.comcast.net] has joined #tlponies
22:42:21 -!- BioSlep [~BioPon@97.70.181.149] has joined #tlponies
22:57:42 <Dot> rawr rawr
22:57:43 <Dot> <3
22:57:56 <Rawr|Fone> Dot dot
22:57:59 <Rawr|Fone> <3
22:58:07 <Rawr|Fone> What a great tree you are dot
22:58:09 <Bio> how are mine tiny pones
22:58:22 <Dot> this is a lie rawr
22:58:27 <Dot> but i appreciate it
22:59:14 <Dot> sad times bio, skram has abandoned us
22:59:25 <Cane> skram, reification, Phearlock, join me and Rawr for Dota vs bots?
22:59:32 <Bio> oh dear
22:59:33 <Cane> Anyone else.
22:59:37 <Cane> Bio pls.
22:59:45 -!- mode/#tlponies [+vvvv Bio Crisium DuB` Rawr|Fone] by Cane
22:59:50 <Bio> i am currently shoveling food into mine face
22:59:57 <Cane> Good food?
23:00:16 <Bio> pizza
23:00:22 <Bio> thin crust
23:00:29 <Cane> Mmm.
23:00:32 <Bio> mmm
23:00:39 <Cane> Want to play a single game of Dota before Rawr has to go?
23:00:50 <Bio> shore
23:18:31 -!- carcinization [~reificati@cpc76294-cosh16-2-0-cust297.6-1.cable.virginm.net] has joined #tlponies
23:18:31 -!- mode/#tlponies [+v carcinization] by Q
23:20:08 <Dot> cane, skram https://external-preview.redd.it/mp4/gekWD71xvCFpY6sYCiTE31jOfFWLVZgSXWes9gSZ46k-source.mp4?s=c9ad895168f5807a5069b988a0009e5b261a3530
23:20:36 <skram> AAAAAAAAA
23:21:23 <carcinization> what a nice friendly game of tag
23:35:15 <DoT|Phone1> Did you win Rawr?
23:36:09 <Cane> We crashed.
23:37:22 <Rawr|Fone> I had like 400 cs at 30 minutes and it crashed 😵😵
23:40:40 <DoT|Phone1> Rawr crashed the game by being too good
