00:01:49 <DuB`> https://imgur.com/gallery/YNBchRF
00:01:57 <skram> Dot
00:02:03 <Bio> dndeez nuts complete
00:02:13 <Dot> skram?
00:02:36 <skram> woo
00:03:03 <DuB`> I need to go explore new OW map
00:09:30 <skram> you alright dot?
00:22:48 <reification> did everyone die?
00:22:57 <Bio> not even a one
00:23:45 -!- BioPhone [~androirc@97.70.165.146] has joined #tlponies
00:24:54 <BioPhone> Neigh
00:40:21 <DuB`> I wanna play more visaaage
00:40:55 <Bio> asdf
00:41:07 <Bio> dongles nd duengles
00:44:59 -!- carcinization [~reificati@cpc76294-cosh16-2-0-cust297.6-1.cable.virginm.net] has joined #tlponies
00:45:00 -!- mode/#tlponies [+v carcinization] by Q
00:58:56 -!- BioPhone [~androirc@97.70.165.146] has joined #tlponies
01:05:50 -!- reification [~reificati@cpc76294-cosh16-2-0-cust297.6-1.cable.virginm.net] has joined #tlponies
01:05:51 -!- mode/#tlponies [+v reification] by Q
01:56:40 -!- BioPhone [~androirc@97.70.165.146] has joined #tlponies
01:58:06 <Dot> skram, runbun https://imgur.com/gallery/jsERZkj
02:05:19 -!- BioPhone [~androirc@97.70.165.146] has joined #tlponies
02:06:31 <skram> perfection
02:09:38 <Crisium> for you: https://cdn.discordapp.com/attachments/468850840011276288/541439770123829248/ih0bv4po77e21.png
02:10:23 <skram> fuk
02:22:32 <Camail> sigh, beat act 3 with silent
02:22:38 <Camail> spear and shield boys fucked me good, tho
02:22:51 <Camail> did get quite enough efficient block cards
02:24:57 <Camail> didn't*
02:28:47 -!- BioPhone [~androirc@97.70.165.146] has joined #tlponies
02:47:09 -!- BioPhone [~androirc@97.70.165.146] has joined #tlponies
03:21:10 -!- DoT|Phone [~Dot@50.115.159.143.dyn.plus.net] has joined #tlponies
05:30:26 -!- Rawr|Phone [~AndChat52@84-217-62-32.customers.ownit.se] has joined #tlponies
09:05:05 <Dot> morning
09:12:18 <Camail> hi
09:12:33 <Camail> sleep is soon
09:14:23 <Dot> have you tried not sleeping?
09:16:09 <Camail> yea that usually doesnt last for long
09:16:25 <Camail> in fact, all my mhw dailies are done so it's time to sleep
09:16:43 <Camail> .tell runbunny you get the affinity booster by doing the third fleet quests
09:16:47 <Camail> nnnnnnnnnnnn
11:18:05 -!- tredc [~tredc@c83-254-129-166.bredband.comhem.se] has joined #tlponies
11:21:45 <Dot> rawr
11:28:33 -!- Runbunny [~Runbunny@91.100.28.10.generic-hostname.arrownet.dk] has joined #tlponies
11:28:41 <Dot> angel
11:35:10 -!- motbob [~motbob@185.21.216.197] has joined #tlponies
11:35:10 -!- mode/#tlponies [+v motbob] by *.quakenet.org
11:40:35 <CockRoach|42> .roll d20 to pony
11:49:01 <Rawr|Phone> DoT`
11:50:09 <Dot> <3
11:58:41 <Rawr|Phone> 💖💖💖
12:22:46 <Runbunny> Hai.
12:31:41 -!- Cane [~Cane@CaneCraft.users.quakenet.org] has joined #tlponies
12:31:41 -!- mode/#tlponies [+o Cane] by Q
12:33:16 <Dot> hi cane
12:33:23 <Cane> Hello. <3
12:40:39 <Runbunny> Dot, https://i.imgur.com/wz5kFfv.mp4
12:41:35 <Dot> aww
12:44:06 <Runbunny> Dot, https://i.imgur.com/wGU5B78.mp4
12:44:17 <Runbunny> Rawr|Phone, please take a look at it as well.
12:44:49 <Rawr|Phone> That is amazing runbun
12:45:13 <Dot> tap tap tap
13:03:54 <Cane> Omg adorable <3
13:11:17 -!- DoT|Phone [~Dot@185.69.144.99] has joined #tlponies
13:28:04 -!- DoT|Phone1 [~Dot@50.115.159.143.dyn.plus.net] has joined #tlponies
13:32:41 <Dot> im back
13:32:44 <Dot> i had lost my wallet
13:32:56 <Dot> that was not a fun 45 minutes
13:33:47 <Dot> apparently i left it at the co-op store on wednesday when i bought bread
14:11:21 <Cane> Welcome back,.
14:11:24 <Cane> Glad you found it.
14:11:29 <Cane> Everything still in it?
14:12:20 <Cane> .tell skram https://i.redd.it/q0yl7oauhce21.jpg
14:16:19 -!- Golly [Golly@cm-84.212.249.112.getinternet.no] has joined #tlponies
14:17:18 -!- Rawr|Fone [~AndChat52@84-217-62-32.customers.ownit.se] has joined #tlponies
14:18:12 -!- reification [~reificati@cpc76294-cosh16-2-0-cust297.6-1.cable.virginm.net] has joined #tlponies
14:18:12 -!- mode/#tlponies [+v reification] by Q
14:23:41 <Dot> yea cane, there wanst any money in it anyway :P
14:23:49 <Dot> about 2 pounds and 50 p in coins
14:33:46 <Dot> .tell skram https://imgur.com/gallery/CoCI2bu
14:33:48 <Dot> look runbun
15:04:04 <Runbunny> wait
15:04:07 <Runbunny> I am a runbun
15:06:06 <Runbunny> Snow cat.
15:07:41 -!- carcinization [~reificati@cpc76294-cosh16-2-0-cust297.6-1.cable.virginm.net] has joined #tlponies
15:07:41 -!- mode/#tlponies [+v carcinization] by Q
15:21:20 <Bio> neigh
15:21:25 <Bio> i woke
15:23:35 <Bio> time to go run errand
15:34:43 -!- BioPhone [~androirc@mobile-166-170-26-85.mycingular.net] has joined #tlponies
15:34:55 -!- BioPone [~androirc@mobile-166-170-26-85.mycingular.net] has joined #tlponies
15:54:12 -!- reimeuk [~reificati@cpc76294-cosh16-2-0-cust297.6-1.cable.virginm.net] has joined #tlponies
15:54:12 -!- mode/#tlponies [+v reimeuk] by Q
16:15:43 -!- Crisium [~Crisium@c-73-174-151-51.hsd1.pa.comcast.net] has joined #tlponies
16:22:27 <Dot> hey Crisium
16:22:35 <Crisium> howdy
16:22:45 <Bio> poen
16:24:53 -!- skram [~skram@82.147.53.237] has joined #tlponies
16:25:52 <skram> Weh.
16:26:04 <Bio> my horse
16:27:36 <Dot> hi skram
16:29:07 <skram> hello boys
16:32:38 <Bio> lad
16:37:51 <Dot> skram https://imgur.com/gallery/fPACAu7
16:37:55 <Dot> stabby tabby
16:39:11 <skram> the best kind of cat
16:43:37 -!- Zounds [webchat@cloak-wmbqgxv5.14-2.cable.virginm.net] has joined #tlponies
16:43:49 <Zounds> hullo
16:44:09 <skram> ay zounds
16:44:16 <Zounds> o/
16:47:01 <Dot> Zounds <#
17:05:33 <reimeuk> hi zounders
17:15:40 <Zounds> lads
17:24:58 -!- Phearlock [webchat@cloak-e3kb14bi.208.146.128.getinternet.no] has joined #tlponies
17:31:39 <Dot> what you up to skram
17:42:59 <skram> doing me a turbo
17:43:57 <Dot> your not even onlie for me to watch
17:44:18 <Dot> rawr, you get Wargroove? is it good?
17:50:48 <Bio> do you need something to watch dot
17:51:05 <Dot> i am watcing skram carry
17:51:15 <Bio> fun
17:51:15 <skram> this time he's gonna feed
17:51:20 <Bio> time to watch too
17:51:24 <skram> ah fuk
17:51:26 <Bio> hope he does well =)
17:51:35 <reimeuk> i believe in skram
17:51:57 <Bio> man, elgatos are fukin expensive bois
17:52:02 <Dot> well he isnt pudge, so should be ok
17:52:35 <Bio> frelsari will do best
17:53:46 <reimeuk> is that a 5core enemy team i see
17:54:42 <Rawr|Fone> Not yet dot
17:56:17 <Bio> i did some errands today bois, and man, today was not a great day for human interaction
17:56:25 <Bio> my brain was just not activated today
17:56:38 <Bio> a great day to stay inside and speak to the computer
18:09:04 <Zounds> we're humans too bayo
18:09:28 <Zounds> except for swoots
18:14:51 <Dot> skram, runbun https://imgur.com/gallery/QgyrAmj
18:15:36 <Bio> reel human beans
18:17:46 <reimeuk> enemy wraith king going aghs :O
18:18:09 <Bio> skarmen pls
18:18:15 <Dot> stream rip
18:18:45 <skram> never again
18:19:14 -!- Micen [~Micen@h241.2.17.98.dynamic.ip.windstream.net] has joined #tlponies
18:19:40 <Micen> hello
18:19:53 <Dot> skram https://i.imgur.com/fEjFw7i.jpg
18:19:54 <Phearlock> Hi
18:20:06 <Phearlock> dot no, bad
18:20:07 <Phearlock> <3
18:20:12 <Dot> <3
18:20:14 <reimeuk> hi micen
18:20:20 <Micen> Yes dot, bad.
18:20:27 <reimeuk> perfect dot
18:23:55 <Micen> whats everyone up to?
18:24:56 <Bio> phear
18:25:09 <Bio> i forgot about the xcom creator's game phoenix point
18:25:18 <Bio> apparenly you can early access it 
18:25:23 <Bio> >thinking
18:25:56 <Phearlock> I've seen some vids, looks neat but not finished enough for me to want to play it yet.
18:26:13 <Phearlock> If it's good I'm totally getting it when it's released
18:27:02 <Bio> pretty much the same here
18:27:18 <Bio> the evolving enemies look neato
18:27:27 <Bio> >C R A B P E O P L E<
18:27:32 <Phearlock> indeed
18:32:14 <Cane> <https://www.twitch.tv/vgbootcamp> went live with finals day of Melee, Ultimate, Rivals, etc.
18:35:35 <Phearlock> Starting off classy with some money matching on stream
18:35:38 <Phearlock> rofl
18:37:21 -!- Camail [~Camail@45.40.84.145] has joined #tlponies
18:37:22 -!- mode/#tlponies [+v Camail] by Q
18:48:57 <Dot> rawr https://imgur.com/gallery/6lyINdf
18:49:01 <Dot> its very important
18:53:32 <Rawr|Fone> What a dog
18:55:00 <Phearlock> Hahaha I Don't know rivals of aether at all but that was a fun set
18:55:26 <Cane> Hah I know right.
18:55:58 <Cane> It's been around for a while now. Never played it though.
19:05:14 <Camail> pls
19:17:16 <Micen> this game looks fun.
19:17:39 <Phearlock> These have been some hype sets
19:18:04 -!- DuB` [~DuB@66-219-235-226.dynamic.ip.veracitynetworks.com] has joined #tlponies
19:18:11 <DuB`> Yaho
19:18:16 <Micen> the casters are great and informing me to whats going on. 
19:18:18 <Phearlock> Dubbers
19:22:27 -!- reification [~reificati@cpc76294-cosh16-2-0-cust297.6-1.cable.virginm.net] has joined #tlponies
19:22:27 -!- mode/#tlponies [+v reification] by Q
19:24:30 <Golly> re:2 is a sassy game
19:24:58 <Golly> i kept dying at one point, and the game kept asking me to put on aim assist
19:26:01 <Phearlock> lol rude game
19:26:49 <Golly> insult to injury man, saying i need to play on babby mode as im dying over and over
19:28:25 <Bio> taxes filed
19:28:36 <Bio> getting some monies back from poppa trump too
19:30:03 <Golly> how many hrs did that take?
19:30:14 <Bio> not that many
19:30:19 <Bio> maybe like 1
19:31:48 <Golly> probably worse if youre self employed n stuff
19:31:58 <Bio> prolly
19:32:13 <Bio> all my income is like from one spot
19:32:33 <Bio> at least from 2018
19:34:18 <Bio> and neat, it was accepted already
19:34:59 <Dot> hey dub
19:35:37 <DuB`> <3
19:36:41 <DuB`> Yeah Bio taxes are easy when your not a high-net-worth individual with all sorts of ownership interests and stuff :P
19:36:55 <Bio> yup
19:36:56 <DuB`> The one blessed perk of being poor...
19:37:01 <Bio> heres your w2
19:37:06 <DuB`> Or at least not rich
19:37:08 <DuB`> Haha
19:37:09 <Bio> type the numbers into the boxes
19:37:14 <Bio> tada
19:37:23 <Bio> have some government bux
19:37:35 <Micen> insert numbers, get taxmonies?
19:37:46 <Bio> p much!
19:37:58 <Bio> just dont lie, or daddy trump will come to ur house and fire u
19:38:26 <Camail> well i doubt he has the strength to ring my doorbell, so i'm good
19:43:21 <DuB`> Oh no
19:43:27 <DuB`> I have a 150-word essay due tomoro night
19:43:31 <DuB`> Whatever will I do
19:44:03 <Dot> the essay
19:44:10 <DuB`> o
19:45:05 <DuB`> Dot
19:45:08 <DuB`> Visage? :P
19:45:15 <Dot> you want to dota?
19:45:45 <DuB`> If folks doto I doto
19:45:51 <Dot> ?dota
19:46:02 <DuB`> Whoa
19:46:04 <Runbunny> I can dota a bit.
19:46:07 <Cane> I'm game.
19:46:09 <Micen> sure
19:47:02 <DuB`> We need one of those for OW :P
19:47:07 <DuB`> Effective
19:47:15 <Phearlock> I have time for dota tongiht as well
19:47:24 <Micen> ?salt
19:47:35 <Micen> ?saltlist
19:47:45 <Micen> there it is!
19:47:55 <DuB`> Aha
19:48:01 <Dot> i knew we had one somewhere
19:48:03 <Dot> haha
19:48:10 <Cane> Wait, what's the saltlist? I don't remember that lol
19:48:15 <DuB`> It doesn't even have Cris on it!
19:48:20 <reification> i here
19:48:22 <Micen> it was people who got OW beta keys back when
19:48:29 <Cane> AHA right!
19:49:55 <Runbunny> Did I have a beta key?
19:50:06 <Runbunny> I think I only bought it on release.
19:51:58 <Micen> maybe it was those that didnrt
19:52:01 <reification> it's ppl who didn't bun
19:52:05 <reification> hence the salt
19:55:12 <Camail> it was the people who didnt have thme and wanted them
19:55:20 <Camail> i dont think many people in here got them
19:55:23 <Camail> or anyone
19:56:39 <Runbunny> oh
19:56:40 <Camail> i wonder if salty as a term would even exist in mainstream without twitch emotes
19:57:10 <Camail> it's lost some of the nuance, which is a shame
19:57:47 <Micen> salt predates twitch, doesnt it? originated on /v/ i think 
20:19:12 <Camail> i'm not talking about the origin ( which isn't 4chan)
20:19:27 <Camail> talking about its mainstream breakthrough
20:37:27 <Dot> skram
20:54:23 <Zounds> I first heard salty from salty bets
20:55:34 <Zounds> well except from salty seamen but I think that's a bit different
20:57:17 <Zounds> that's more like experienced than angry/irritated
21:13:01 <Camail> salty at this point just means mad because of a failure
21:13:37 <Camail> but the BEST version of salty is the fgc version, which is the act of shitting on the skills of the person who just beat you
21:14:22 <Camail> its the definition of going down with the ship, willing to call yourself trash just so you can call the other person trash
21:14:29 <Dot> sad cus bad
21:17:21 <Dot> i thought new crit role came out sunday, must be monday 8pm then
21:17:35 <Camail> yea its mondays
21:20:38 <Dot> skram https://imgur.com/gallery/33FQ1RM
21:22:08 <Bio> nej
21:22:29 <Dot> dub https://imgur.com/gallery/PUSS2LS
21:22:40 <skram> this is a weird cat but i love it anyway
21:22:59 <skram> also cane that porsche
21:23:00 <skram> hnng
21:24:02 <Cane> <3
21:26:35 <skram> theres almost enough dudes for a proper tlp inhouse
21:39:57 <Dot> BIO
21:40:10 <Cane> Bio, we have enough for 5v5 if you show
21:41:09 <Bio> great, god the pings
21:41:22 <Cane> Bio Bio Bio Bio Bio Bio
21:41:46 <Bio> pls stop
21:43:22 <Bio> ?biostream
21:43:28 <Bio> come watch 10 nerds get salty
21:43:39 <Bio> dota 2 inhaus
22:09:36 -!- Rawr|Fone [~AndChat52@84-217-62-32.customers.ownit.se] has joined #tlponies
22:10:00 <CockRoach|42> https://imgur.com/gallery/Yq6PxON
22:14:16 <CockRoach|42> https://imgur.com/gallery/oTgzn0E
22:17:17 <Bio> https://i.imgur.com/F197e09.jpg
22:27:39 <Camail> oh right
22:35:36 <CockRoach|42> .tell Dot https://imgur.com/gallery/b7du7A7
22:43:07 <CockRoach|42> https://imgur.com/gallery/8AxVJu0
22:52:42 <Dot> daaww cr
23:05:16 <reification> skram https://twitter.com/SuperCoolOhYES/status/1091875557011148800
23:06:43 <Dot> skram https://i.imgur.com/AaKzTMl.jpg
23:21:38 <Micen> https://www.reddit.com/r/Overwatch/comments/ameb41/my_thoughts_on_the_new_reaper_update_put_into/
23:28:17 <Dot> I post horse https://www.deviantart.com/alina-sherl/art/Real-yak-690447917
23:41:35 <Dot> skram, runbun https://imgur.com/gallery/gdSS5jy
