06:30:07 -!- sweetiebot [~skybot@209.141.41.184] has joined #tlponies
06:30:21 <Camail> .tell casodijawo test
06:30:25 <Camail> .tell runbunny damn, i was one wave away from beating HoG, there was one guy that just absolutely destroyed me like 5 times at the end
06:30:40 <Camail> cool, will delete some dumb logs
07:31:01 <DoT|Phone> morning horses
08:08:30 -!- reification [~reificati@cpc76294-cosh16-2-0-cust297.6-1.cable.virginm.net] has joined #tlponies
08:08:30 -!- mode/#tlponies [+v reification] by Q
08:10:34 -!- DoT|Phone1 [~Dot@85.255.236.207] has joined #tlponies
08:17:46 <Rawr|Fone> DoT DoT DoT
08:20:40 <reification> ...
08:21:38 <DoT|Phone1> Rawr Rawr Rawr
08:21:49 <DoT|Phone1> reef reef reef
08:22:02 <DoT|Phone1> 💖💖💖
08:22:17 <reification> hello dotties
08:27:15 <Rawr|Fone> 💖💖💖
08:27:20 <Rawr|Fone> Reef reef!
08:27:26 <Rawr|Fone> Good morning pons
08:28:28 <reification> morning rawr
08:31:23 -!- tredc [~tredc@c83-254-129-166.bredband.comhem.se] has joined #tlponies
08:47:17 -!- Golly [Golly@cm-84.212.249.112.getinternet.no] has joined #tlponies
08:48:04 <DoT|Phone1> how's all today
08:51:30 <reification> tired. i stayed up late for big poker tournament and it ended sadly
08:52:13 <DoT|Phone1> aww
08:53:16 <reification> if i wanted to miss 96% chances i would play xcom :p
09:04:25 <CockRoach|42> https://www.deviantart.com/assasinmonkey/art/Underwater-Shiny-789944824
09:27:22 -!- Runbunny [~Runbunny@91.100.28.10.generic-hostname.arrownet.dk] has joined #tlponies
09:27:51 <reification> hello runbun
09:28:04 <Runbunny> Hai Reif.
09:28:21 <DoT|Phone1> Angel
09:29:24 <Runbunny> Hai Dot.
09:30:25 <Runbunny> .tell Camail Was it Mull_Gubben?
09:34:08 <DoT|Phone1> how's your Monday Runbun?
09:34:48 <Runbunny> I am unsure. I just got out of bed.
09:37:14 -!- Rawr|Phone [~AndChat52@m83-185-90-30.cust.tele2.se] has joined #tlponies
09:45:57 <DoT|Phone1> do some push ups to wake up then Runbun
09:54:39 <Runbunny> That is actually a great suggestion.
10:45:08 <Rawr|Phone> DoT DoT
10:45:50 <DoT|Phone1> Rawr Rawr
10:45:59 <DoT|Phone1> what's up horse
10:46:18 <Rawr|Phone> Why do you like push ups so much dot
10:58:02 <DoT|Phone1> it's Runbun who likes them Rawr
10:59:54 <Rawr|Phone> 🤨🤨🤨
11:04:21 <Rawr|Phone> Anders what is your opinion on push ups
11:10:55 -!- Rawr|Fone [~AndChat52@84-217-62-32.customers.ownit.se] has joined #tlponies
11:36:27 <Rawr|Fone> 🐴🐴🐴
11:36:47 <Rawr|Fone> Seems like he doesn't have an opinion dot
11:46:57 <DoT|Phone1> probably to busy doing push ups
11:48:10 <Rawr|Fone> Maybe
12:11:45 -!- BioPone [~androirc@12.33.239.117] has joined #tlponies
12:18:53 <BioPone> Neigh
12:19:03 <DoT|Phone1> hedge
12:36:43 -!- BioPone [~androirc@12.33.239.117] has joined #tlponies
12:38:18 <Runbunny> Rawr|Fone, I think they're quite nice.
12:38:46 <Runbunny> And as a guy once said "To be the best you gotta pump the chest"
12:39:24 <Rawr|Fone> 🤦‍♂️🤦‍♂️🤦‍♂️
12:58:22 <BioPone> Wise words
12:58:51 -!- ShotgunPrincess [Westy543@c-73-93-93-161.hsd1.ca.comcast.net] has joined #tlponies
12:58:57 -!- mode/#tlponies [+v ShotgunPrincess] by Q
12:58:58 <Runbunny> Indeed.
13:46:01 -!- BioPone [~androirc@12.33.239.117] has joined #tlponies
13:50:09 -!- Zounds [webchat@cloak-wmbqgxv5.14-2.cable.virginm.net] has joined #tlponies
13:50:17 <Zounds> hey
13:57:10 <DoT|Phone1> hey Zounds
13:57:23 <Zounds> o/
14:13:11 -!- skram [~skram@82.147.53.175] has joined #tlponies
14:16:14 <DoT|Phone1> Jonas
14:16:30 <skram> Ah
14:16:37 <skram> The gentlest of all the bears
14:16:39 <skram> hello dot
14:17:12 <DoT|Phone1> oh you
14:25:46 <Zounds> skrm
14:25:50 <Zounds> hullo
14:25:57 <skram> zounds pal
14:45:05 <DoT|Phone1> how's it going Skram, Zounds
14:51:16 <Zounds> alright
15:02:03 <reification> runbun https://www.jlist.com/pap278
15:16:56 <reification> .tell dub` https://twitter.com/TurbanMinor/status/1113352919301218304
15:29:03 -!- carcinization [~reificati@cpc76294-cosh16-2-0-cust297.6-1.cable.virginm.net] has joined #tlponies
15:29:03 -!- mode/#tlponies [+v carcinization] by Q
15:31:16 <BioPone> Skrmen
15:31:18 <BioPone> Hai
15:34:08 -!- DuBtop [~DuB@128.187.116.29] has joined #tlponies
15:34:15 <DuBtop> wha
15:44:33 <BioPone> Pone
15:44:43 <BioPone> Dubpls
15:54:31 <DoT|Phone1> daaab
15:54:59 <DuBtop> !
16:11:50 <reification> a dub has appeared to startle the pons
16:12:11 <DuBtop> Easily spooked
16:12:28 <DoT|Phone1> Skram left he was so startled
16:14:24 <BioPone> Y is dub like this dot
16:14:56 <DoT|Phone1> he is what he be
16:15:23 <BioPone> I guess sometimes it do be like that
16:17:03 <DuBtop> I do be do
16:19:17 <DoT|Phone1> I have to brave the shop for bead and coffee. :(
16:20:14 <BioPone> Good luck horse
16:20:32 <BioPone> These things are dangerous, but needed
16:27:44 <DuBtop> Get some ice cream too
16:27:45 <DuBtop> Mmmm
16:32:02 -!- DoT|Phone [~Dot@109.115.159.143.dyn.plus.net] has joined #tlponies
16:33:03 <DoT|Phone> I'm home
16:33:07 <DoT|Phone> that was stressful
16:33:41 <DoT|Phone> bought a £5 jar of coffee because I wasn't sure if there was a minimum card spend
16:33:49 <DoT|Phone> so much coffee
16:51:41 -!- Dot [~quassel@109.115.159.143.dyn.plus.net] has joined #tlponies
16:52:41 -!- Dot` [~quassel@109.115.159.143.dyn.plus.net] has joined #tlponies
17:04:24 <Zounds> how long will that last you
17:06:43 <Dot> i fair while i hope
17:12:31 <BioPone> How many much coffee is dat
17:12:40 <BioPone> Is it beans or grounds
17:12:50 <Dot> instant coffee
17:13:45 <BioPone> Dot pls brew
17:13:54 <Dot> im no rich horse
17:17:30 <Zounds> more of a tea man myself
17:23:55 <Runbunny> A true english man.
17:30:23 -!- BioPone [~androirc@12.33.239.117] has joined #tlponies
17:33:18 <Zounds> quite
17:36:32 -!- skram [~skram@82.147.53.175] has joined #tlponies
17:37:29 <Dot> skram is back!
17:40:46 <reification> \o/
17:41:09 <skram> hey pals
17:41:13 <skram> had to do a lil nap
17:41:24 <reification> it's happens
17:56:24 <BioPone> Can you take a nap for me?
17:57:42 <skram> Ill take a nap with you
17:57:44 <skram> ;) ;)
18:06:56 <BioPone> Oh bby
18:12:43 <BioPone> What you doing in like 3h my lad?
18:13:13 <skram> sleeping probably :c
18:14:19 <BioPone> Pls
18:30:01 -!- BioPone [~androirc@12.33.239.117] has joined #tlponies
18:33:52 <reification> pub quiz team is down a man, apparently new baby is more important.. smh
18:33:59 <reification> laters all
18:39:49 <Dot> silly ppl
18:42:05 <Dot> skram https://i.imgur.com/Gq9cwPM.jpg
18:53:36 <Zounds> where's muh crisium
18:53:48 <Zounds> I always forget his timezone
18:57:35 -!- Rawr|Fone [~AndChat52@84-217-62-32.customers.ownit.se] has joined #tlponies
19:00:35 <Rawr|Fone> 🐴🐴🐴
19:02:52 <Zounds> thought i smelled something foul
19:03:08 <Zounds> turns out its a rawr
19:03:16 <Rawr|Fone> D:
19:03:43 <Rawr|Fone> I was just about to go shower actually
19:03:51 <Rawr|Fone> Just came home from table tennis
19:10:23 -!- BioPone [~androirc@12.33.239.117] has joined #tlponies
19:11:33 -!- Camail [~Camail@45.40.84.145] has joined #tlponies
19:11:33 -!- mode/#tlponies [+v Camail] by Q
19:11:41 <Rawr|Fone> Camail
19:11:42 <Zounds> ur not cris
19:11:43 <Zounds> go away
19:11:49 <Rawr|Fone> You came back this time as well
19:11:57 <Camail> wow
19:12:03 <Camail> its a win streak
19:12:07 <Camail> 2 for 2
19:28:59 <Rawr|Fone>  
19:51:54 -!- DuBtop [~DuB@128.187.116.29] has joined #tlponies
19:53:25 <Zounds> dab
19:56:20 <DuBtop> zands
20:02:03 <skram> zub
20:02:04 <skram> dounds
20:18:15 <Camail> Runbunny a lot of people who run winter orb aren't using a flask of staunching, do you know how?
20:18:23 <Camail> are they just powering through it?
20:18:38 <Camail> if i could ignore bleed that'd be great
20:20:01 <Runbunny> I think there's a few ways to get immune to bleeding.
20:20:26 <Runbunny> Check the pantheon, it might help as well.
20:20:35 <Camail> yea, i am looking at the wiki and i really dont think they have those
20:20:44 <Camail> one was a trickster, the other an elementalist
20:22:38 <Camail> oh, it can be a corrupted jewel implicit 
20:33:18 <Camail> yea i think that's the big difference
20:35:29 <Camail> gonna buy one of those
20:36:20 <Dot> 