00:03:38 <skrm> BioPone is kingdom hearts even real
00:11:20 <BioPone> It isnt
00:11:24 <BioPone> It's a mess
00:36:23 -!- DoT|Phone [~Dot@50.115.159.143.dyn.plus.net] has joined #tlponies
01:06:13 -!- carcinization [~reificati@cpc76294-cosh16-2-0-cust297.6-1.cable.virginm.net] has joined #tlponies
01:06:13 -!- mode/#tlponies [+v carcinization] by Q
01:11:22 -!- reimeuk [~reificati@cpc76294-cosh16-2-0-cust297.6-1.cable.virginm.net] has joined #tlponies
01:11:22 -!- mode/#tlponies [+v reimeuk] by Q
01:26:47 <reimeuk> night all
01:35:53 -!- reification [~reificati@cpc76294-cosh16-2-0-cust297.6-1.cable.virginm.net] has joined #tlponies
01:35:53 -!- mode/#tlponies [+v reification] by Q
01:38:53 -!- carcinization [~reificati@cpc76294-cosh16-2-0-cust297.6-1.cable.virginm.net] has joined #tlponies
01:38:53 -!- mode/#tlponies [+v carcinization] by Q
01:39:22 <Camail> .tell runbunny i've become jaded when doing KT, what was a fun brainless run is now full of small disappointments when other people do dumb stuff
01:56:10 -!- Rawr|Fone [~AndChat52@84-217-62-32.customers.ownit.se] has joined #tlponies
02:56:33 <Bio> hej
02:56:35 <Bio> good night lads
02:56:41 <Biosleep> nn
03:11:43 -!- Camail [~Camail@45.40.84.145] has joined #tlponies
03:11:43 -!- mode/#tlponies [+v Camail] by Q
04:57:06 -!- Rawr|Fone [~AndChat52@84-217-62-32.customers.ownit.se] has joined #tlponies
06:01:06 -!- BioSC [~BioPon@97.70.165.146] has joined #tlponies
07:04:13 -!- Golly [Golly@cm-84.212.249.112.getinternet.no] has joined #tlponies
07:28:46 <DoT|Phone> Morning
07:39:19 -!- skram [~skram@82.147.53.237] has joined #tlponies
07:54:36 <DoT|Phone> Skram
07:56:19 <DoT|Phone> <3
07:59:32 <skram> good morning pal <3
08:02:31 -!- DoT|Phone1 [~Dot@85.255.236.174] has joined #tlponies
08:03:08 -!- DoT|Phone [~Dot@85.255.236.174] has joined #tlponies
08:09:11 <skram> how you doing DoT
08:09:37 <DoT|Phone> it's a bit chilly
08:09:50 <DoT|Phone> on my way to work
08:09:58 <DoT|Phone> and you Skram?
08:11:01 <skram> sleepy af
08:11:18 <DoT|Phone> good was work
08:11:48 <DoT|Phone> how
08:11:55 <skram> good apparently
08:11:57 <DoT|Phone> phone please
08:11:57 <skram> :P
08:12:15 <DoT|Phone> haha
08:13:32 <DoT|Phone> well glad to hear it
08:13:57 <skram> pretty normal, heads a bit hurty
08:14:33 <DoT|Phone> aww
08:14:41 <DoT|Phone> drink water
08:15:21 <skram> i do!
08:15:28 <skram> didnt have any meds left though
08:15:53 <DoT|Phone> :(
08:28:36 -!- Rawr|Fone [~AndChat52@84-217-62-32.customers.ownit.se] has joined #tlponies
08:37:16 <DoT|Phone> Rawr Rawr Rawr
09:48:05 <DoT|Phone> never Rawr
10:03:53 -!- Rawr|Phone [~AndChat52@m83-185-91-76.cust.tele2.se] has joined #tlponies
10:04:06 -!- Rawr|Fone [~AndChat52@84-217-62-32.customers.ownit.se] has joined #tlponies
10:07:22 <Rawr|Fone> Dot Dot Dot
10:27:37 <DoT|Phone> 💖💖💖
10:28:22 <Rawr|Fone> 💖💖💖
10:37:26 <DoT|Phone> How's you today Rawr
10:47:05 <Rawr|Fone> Great dot!
10:47:11 <Rawr|Fone> How are you?
10:51:12 <DoT|Phone> I'm good, no headache today
11:02:56 -!- Rawr|Phone [~AndChat52@m83-185-91-76.cust.tele2.se] has joined #tlponies
11:24:58 -!- tredc [~tredc@c83-254-129-166.bredband.comhem.se] has joined #tlponies
11:56:13 -!- Runbunny [~Runbunny@91.100.28.10.generic-hostname.arrownet.dk] has joined #tlponies
11:58:35 <DoT|Phone> Runbun
12:04:20 <Runbunny> Dot.
12:04:25 <Runbunny> I must leave.
12:09:25 <DoT|Phone> rude
12:56:31 <CockRoach|42> hors hors
12:57:36 <DoT|Phone> cr hest
13:20:56 -!- BioPhone [~androirc@12.33.239.117] has joined #tlponies
13:21:00 <BioPhone> Morn
13:37:44 <DoT|Phone> bio
13:42:27 -!- BioPhone [~androirc@12.33.239.117] has joined #tlponies
13:42:43 <BioPhone> Dot
14:33:16 -!- Bio [~BioPon@97.70.165.146] has joined #tlponies
14:45:40 <Cane> Liquid vs Secret today, hell yeah.
15:46:49 -!- DoT|Phone1 [~Dot@85.255.237.242] has joined #tlponies
15:51:16 <BioPhone> Liquid Secret
15:51:23 <BioPhone> Go liquid ez
15:59:40 <DoT|Phone1> ugh. why can't ppl write proper documentation
16:13:06 <BioPhone> The struggle, I know this one dot
16:22:01 -!- skram [~skram@82.147.53.59] has joined #tlponies
16:23:21 -!- Dubtop [~DuB@128.187.116.30] has joined #tlponies
16:24:22 <Rawr|Phone> Jonas and dub
16:24:34 <Rawr|Phone> Two of my favorite horses
16:24:43 <Rawr|Phone> What a great day
16:27:41 <skram> My very favorite Henrik
16:28:12 <Rawr|Phone> How is your wonderful face doing today skrammypants
16:28:50 <skram> Its just waking up, but it feels fine
16:28:57 <skram> How you bean pal
16:31:50 -!- BioPhone [~androirc@12.33.239.117] has joined #tlponies
16:33:00 <Rawr|Phone> Wonderful
16:35:34 <Dubtop> woohoo
16:37:10 <DoT|Phone1> Skram, dub
16:38:06 <skram> dot, dub
16:43:08 <Dubtop> skram, dot
16:44:09 <DoT|Phone1> How's the head today Skram?
16:54:45 -!- reification [~reificati@cpc76294-cosh16-2-0-cust297.6-1.cable.virginm.net] has joined #tlponies
16:54:45 -!- mode/#tlponies [+v reification] by Q
17:01:52 <skram> it is still attached to my body
17:10:31 -!- DoT|Phone [~Dot@50.115.159.143.dyn.plus.net] has joined #tlponies
17:19:57 <BioPhone> How about ur faec
17:20:03 -!- Dot [~quassel@50.115.159.143.dyn.plus.net] has joined #tlponies
17:20:21 <BioPhone> Oh u answered that already
17:20:27 <BioPhone> Never mind 😁
17:25:48 <BioPhone> I hope every horse is having a perfectly alright day
17:26:11 <BioPhone> Imma strim rando tonite with my new controller!
17:29:51 <Dubtop> fanshee
17:30:33 <BioPhone> Poor old xbox controller is not as gud anymore
17:37:00 <Dot> .tell runbunny https://imgur.com/gallery/Ym9orUc
17:41:24 -!- carcinization [~reificati@cpc76294-cosh16-2-0-cust297.6-1.cable.virginm.net] has joined #tlponies
17:41:24 -!- mode/#tlponies [+v carcinization] by Q
17:44:54 -!- Zounds [webchat@cloak-07ouvien.14-2.cable.virginm.net] has joined #tlponies
17:44:58 <Zounds> hullo
17:45:05 <CockRoach|42> henlo Zounds 
17:45:16 <Dot> zoonds
17:45:17 <Zounds> cr dood
17:52:18 -!- BioPhone [~androirc@12.33.239.117] has joined #tlponies
18:10:57 <Dot> cane
18:11:03 <Dot> Liquid next!
18:20:28 <Dot> Dub
18:20:32 <Dot> you ready?
18:22:43 <Cane> https://www.twitch.tv/dreamleague Team Liquid vs Team Secret! Let's goooo.
18:22:55 <carcinization> that makes it sound like dub is playing in the game dot
18:23:09 <Dot> he may be
18:23:41 <Cane> I just tested out Bloodseeker. Dude's fun when your team snowballs a team fight.
18:24:16 <Dot> ri pliquid, they picked a 2 headed hero
18:24:38 <Cane> It's cool, they'll pick Ogre Magi and be up to 2 extra heads, that'll cancel it out.
18:24:43 <carcinization> he goes so fast cane
18:25:32 <Cane> Zooooom.
18:25:43 <Cane> How to win against Bloodseeker: Be healthy.
18:27:49 <Dot> HORSES
18:27:55 <carcinization> horse strat :O
18:28:05 <Dot> so many legs
18:28:20 <Cane> Team legs vs team heads.
18:28:23 <carcinization> oh no luna ban
18:29:22 <Dot> ruined
18:29:24 <carcinization> lifestealer infest lets everyone have multiple heads!
18:29:39 <skram> whoa
18:29:48 <skram> is this gonna be a puppey chen game
18:29:53 <skram> what a blast from the fuckin' past
18:30:33 <carcinization> wait isn't naix supposed to be garbage tier now?
18:32:08 <Cane> Not any more. 7.21 reverted the boot changes, and he got +15 movement speed.
18:32:10 <Cane> Dude's insane now.
18:32:19 <Cane> +5*
18:32:20 <Cane> not 15
18:32:23 <Cane> 15 was Bloodseeker.
18:32:45 <Cane> Wait no, it is +15, I was right.
18:32:55 <Cane> I should stop second guessing myself and just realize I'm awesome.
18:32:57 <Cane> And he got +2 armor.
18:33:05 <Cane> So yeah, big buff.
18:33:13 <Cane> Uh oh, Ursa.
18:33:17 <Cane> And now I'm worried.
18:33:20 <Cane> Ursa is huge now.
18:33:28 <Dot> Bears are great
18:34:32 <reification> ursa stomps tide?
18:34:45 <skram> ursa stomps anyone that has to get in melee range
18:34:47 <skram> :P
18:34:50 <Cane> ^ Basically.
18:35:12 <Cane> Ursa also got +15 movement speed in 7.21
18:35:32 <Cane> He basically just runs down your supports and you can't escape.
18:35:54 <skram> you can deal with ursa with laser
18:36:27 <skram> so basically team liquid needs to control engagements, but if they do they should be able to win
18:36:45 <skram> between laser, ravage, and ice path
18:37:12 <Cane> Liquid can definitely do it, but Secret has been looking really good lately.
18:37:14 <Cane> Should be a good game.
18:37:28 <skram> counter attack with ursa/pa is pretty devestating
18:38:59 <Cane> Omg OD.
18:41:28 <Cane> And there's Ursa.
18:41:37 <Dot> roar roar roar
18:42:05 <Rawr|Phone> Dot snela
18:42:18 <Dot> :P
18:43:57 <Dot> well then
18:43:59 <Cane> Liquid getting rekt.
18:44:06 <Cane> Getting nippy in here.
18:44:09 <skram> lil bit
18:48:30 <Cane> Heh that's Ursa.
18:48:33 <Cane> Free Rosh.
18:54:03 <Dot> A KILL
18:58:13 <Cane> Yeah, the second they got Ursa I got worried.
18:58:17 <Cane> New Ursa is terrifying.
18:58:22 <Cane> Has like a 60% win rate across all ranks atm.
19:03:11 <Cane> This went from nippy to kind some time ago, and I fear we'll have langur soon.
19:11:51 <Cane> I'm calling the next game a win for Liquid. Somehow.
19:12:12 <Dot> optimism, i like it
19:13:06 <Dot> and at this point,. liquid loses and we are all sad or they win and you tell us you called it
19:13:07 <Dot> :P
19:14:57 <skram> Dot https://www.youtube.com/watch?v=jzhxtdHNAyM
19:18:47 <skram> apparently theres comics now??
19:19:57 <BioPhone> Meet the heroes WHEN?
19:20:36 <skram> It took valve about 10 years for 9 people, how long is it gonna take for >100 heroes?
19:24:27 <Dot> tiny!
19:25:44 <skram> y u no ban chen
19:26:16 <skram> puppey chen is like one of the winningest signature hero
19:27:14 <Dot> wow, very lore
19:27:17 <Dot> such story
19:28:06 -!- Runbunny [~Runbunny@91.100.28.10.generic-hostname.arrownet.dk] has joined #tlponies
19:28:11 <Dot> hes back!
19:28:16 <Runbunny> Hai.
19:28:42 <Runbunny> Zounds, There's a bunny race in the next FFXIV expansion ?!?!?
19:28:51 <Runbunny> I have to reroll again?
19:30:46 <skram> Dot https://www.youtube.com/watch?v=v34LxvHXH-w
19:37:11 <Cane> Liquid Visage = I'm interested.
19:37:25 <Cane> Tough start though.
19:38:30 <Zounds> yrs Runbunny 
19:38:32 <Zounds> looks good
19:38:39 <Zounds> im sticking to potato though
19:38:49 <Zounds> delicious potato :3
19:38:51 <Zounds> :(
19:39:14 <Runbunny> Tough choices.
19:39:41 -!- Camail [~Camail@45.40.84.145] has joined #tlponies
19:39:41 -!- mode/#tlponies [+v Camail] by Q
19:39:52 <skram> this offensive trilane is pretty bad
19:39:56 <BioPhone> Potatoes is good
19:41:53 <Dot> rip birb
19:42:38 <BioPhone> Birb nuuu
19:43:24 <skram> this observer is bad
19:44:49 <skram> >_>
19:44:51 <skram> <_<
19:45:26 <Dot> lol
19:47:19 <Dot> liquid why
19:52:01 <Zounds> they're the best BioPhone 
19:56:44 <Cane> Liquid getting wwrreeeeccked today.
19:57:30 <Dot> :(
19:59:26 <Golly> https://twitter.com/mediavandal/status/1092583389993947136
20:06:31 <Dot> skram https://imgur.com/gallery/tAH0LLS
20:10:22 <Zounds> i guess you could fantasia Runbunny 
20:10:28 <Zounds> you do get one for free during the MSQ at some point
20:22:55 <BioPhone> Imma have some sweet potato tonight
20:22:56 <BioPhone> Mm
20:24:56 <Runbunny> Yeah I have one in my bags.
20:24:59 <Runbunny> But it's like
20:25:11 <Runbunny> Cat girl / Bunny girl?
20:25:15 <Runbunny> How am I to choose?
20:25:15 <Dot> 1 potatota?
20:26:58 <Zounds> Just go roegadyn
20:28:08 <Zounds> I almost went roe when I was making my guy
20:28:17 <Zounds> I like big boys and smol ones
20:31:30 <Runbunny> Could go Dwagon as well.
20:31:33 <Runbunny> Hmm.
20:31:34 <Runbunny> HMMM:
20:31:44 <Runbunny> This is hard for me Dot.
20:34:55 <Dot> would you betray your long love of cat girls for a rabbit runbun?
20:40:27 <skram> dot why is this steam train not steaming
20:41:14 <Runbunny> I mean...
20:41:26 <Runbunny> A bunny is good too.
20:41:31 <Dot> ...
20:49:08 -!- Rawr|Fone [~AndChat52@84-217-62-32.customers.ownit.se] has joined #tlponies
20:49:35 <Zounds> its true
20:49:47 <Zounds> though theres not that much bun to them really
20:50:00 <Zounds> ears mostly
20:51:16 <reification> well i don't think they'll be adding judy hopps zounds
21:00:16 <Zounds> they did have dog guys
21:00:21 <Zounds> but they were npc only
21:00:25 <Zounds> and looked kinda ass
21:03:34 -!- carcinization [~reificati@cpc76294-cosh16-2-0-cust297.6-1.cable.virginm.net] has joined #tlponies
21:03:34 -!- mode/#tlponies [+v carcinization] by Q
21:09:05 <Camail> dot pls
21:09:13 <Dot> wat
21:09:17 <Camail> plsss
21:10:06 <Camail> bunny girls are the new hotness
21:10:18 <Camail> and by new hotness i mean the old hotness that everyone desperately wants
21:10:38 <Dot> i thought it was racoon girls now?
21:10:44 <Camail> proof that FFTA is the best final fantasy game
21:10:53 <Camail> racoon girls are for plebians
21:11:00 <Camail> simple folk
21:11:01 <Runbunny> O:
21:11:05 <Runbunny> How dare you ?!?
21:11:13 <Camail> put her in the trash
21:11:25 <Runbunny> Put you in the trash.
21:11:35 <Zounds> I've always liked bunny girls
21:11:40 <Zounds> in almost all forms
21:11:40 <Camail> put YOU in the other trash
21:11:47 <Runbunny> You probably like Myne, Camail.
21:11:58 <Runbunny> You're probably one of those.
21:11:58 <Camail> viera's are fantastic snipers
21:12:27 <Camail> i dont know who that is
21:12:48 <Camail> google is telling me about akame ga kill, but that show sucked so it couldn't be
21:14:21 <Zounds> I never played FFTA but FFXIV kind of made me want to now
21:14:33 <Zounds> the alliance raids were based upon it this expansion
21:16:33 <Camail> the only people who dont like it are the people who thought it would be a sequel to FFT
21:17:08 <Cane> Bointy is pretty fun. He feels so, so much stronger than Riki.
21:17:19 <Zounds> oh it's a different game I thought it was just a weird abbreviation of FF Tactics
21:17:27 <Zounds> Well I'd be happy to try either
21:17:30 <Camail> totally different
21:17:37 <Camail> its a GBA game
21:17:37 <Runbunny> This piece of trash Camail https://sakaro44.files.wordpress.com/2016/08/mono2.jpg?w=840&h=1144
21:17:43 <Runbunny> Literally the worst.
21:17:49 <Camail> better than ur trash, probably
21:19:01 <Camail> te racoon girl doesn't even look like a racoon in any way
21:19:25 <Runbunny> https://mjashwood.files.wordpress.com/2019/01/the-rising-of-the-shield-hero-ep.-2-fi.png?w=625
21:19:27 <Runbunny> Sure does!
21:19:36 <Camail> red panda, at best
21:19:48 <Camail> which is part of the same family so why not just say that
21:20:17 -!- reification [~reificati@cpc76294-cosh16-2-0-cust297.6-1.cable.virginm.net] has joined #tlponies
21:20:17 -!- mode/#tlponies [+v reification] by Q
21:20:23 <Camail> whoever came up with the name clearly doesn't understand what a genus is
21:21:01 <Runbunny> She is too precious. 
21:28:10 -!- BioPhone [~androirc@mobile-166-170-26-112.mycingular.net] has joined #tlponies
21:29:15 <Runbunny> .tell skram https://i.imgur.com/Adl37TL.jpg
21:40:14 -!- carcinization [~reificati@cpc76294-cosh16-2-0-cust297.6-1.cable.virginm.net] has joined #tlponies
21:40:14 -!- mode/#tlponies [+v carcinization] by Q
21:45:02 -!- BioPone [~androirc@97.70.165.146] has joined #tlponies
22:01:31 <Dot> horse
22:06:07 <Rawr|Fone> Horse
22:11:49 -!- DuB` [~DuB@66-219-235-226.dynamic.ip.veracitynetworks.com] has joined #tlponies
22:11:51 <DuB`> wew
22:13:29 <Dot> late dub
22:15:52 <DuB`> I was productive!
22:16:06 <DuB`> Did classes, homework, laundry, haircut, and emails!
22:16:18 -!- reification [~reificati@cpc76294-cosh16-2-0-cust297.6-1.cable.virginm.net] has joined #tlponies
22:16:18 -!- mode/#tlponies [+v reification] by Q
22:16:31 <Runbunny> Dub.
22:16:39 <DuB`> Runbunny.
22:17:19 <Dot> i played some dorf fort and ate some ice cream
22:18:48 <DuB`> Your day sounds far mor cozy
22:18:51 <DuB`> :D
22:19:00 <Dot> well i had to work for 8 hours of it
22:19:06 <DuB`> ya
22:19:09 <Dot> and over an hour of walking to get there and back
22:20:09 <Dot> we should dota again soon
22:22:31 <DuB`> Yeah!
22:22:47 <DuB`> I still need to try visage kaya + aether lens + octarine for maximum q-w-q-w-q-w
22:31:34 <Zounds> night ponners
22:31:40 <DuB`> Seeya zonds
22:31:51 <reification> he leave too fast D:
22:37:54 <DoT|Phone> Scottish
22:39:10 -!- Rawr|Fone [~AndChat52@84-217-62-32.customers.ownit.se] has joined #tlponies
22:49:12 -!- Crisium [~Crisium@c-73-174-151-51.hsd1.pa.comcast.net] has joined #tlponies
22:51:28 -!- skrm [webchat@unv2.iieq.zttm.ip] has joined #tlponies
22:52:11 -!- BioPhone [~androirc@mobile-166-170-26-82.mycingular.net] has joined #tlponies
22:52:17 <BioPhone> Neigh?
22:52:31 -!- BioPone [~androirc@mobile-166-170-26-82.mycingular.net] has joined #tlponies
22:54:14 <Crisium> neigh
22:54:24 <BioPhone> Oh ho
22:54:43 -!- BioPone [~androirc@mobile-166-170-26-82.mycingular.net] has left #tlponies
22:54:55 <BioPhone> Phone pls
22:56:06 <skrm> i am cornholio
22:56:41 <Camail> go away
22:56:57 <Camail> filthy europeans
22:57:00 <Camail> we need a cleansing
22:57:10 <Camail> DuB`  go get the cleansing equipment
22:57:19 <Camail> or at least figure out what we need to properly get the stains out
22:57:47 <DuB`> I like skrm :(
22:58:11 <Camail> why, tho
22:58:39 <skrm> oh im so offended
22:58:40 <DuB`> He probly put a spell on me, I dunno.
22:58:53 <skrm> better go get my feelings checked
22:59:17 <Micen> skrm is good horse 
22:59:25 <Camail> glue horse*
23:00:02 <Runbunny> Can we do a purge so that we can kill eachother as well?
23:00:26 <Camail> who do you want to kill, roon
23:01:01 <Camail> gonna kill zounds in his sleep?
23:03:20 <Micen> top 5 anime betrayal? 
23:04:24 <DoT|Phone> Yea Runbun, who you want to kill?
23:05:34 <DoT|Phone> or is it more of just a general need
23:05:53 <DoT|Phone> for blood
23:06:53 <Runbunny> I could use some blood :/
23:08:40 <skrm> you have like 5 liters inside you
23:08:43 <skrm> dont be greedy
23:09:40 <BioPhone> Ice storm tonite bois
23:10:30 <Runbunny> Jonas :/
23:10:34 <Runbunny> Anyhoo I go sleep.
23:11:12 <Micen> dont you put that evil on the USA bio. 
23:11:51 <BioPhone> Its happening breh
23:12:43 <Micen> boo. 
23:15:34 <Camail> so auto chess looks fun
23:15:45 <Camail> but downloading dota is too much work
23:20:04 <BioPhone> There's something about it cam
23:20:33 <DuB`> A whole button click or two!
23:20:40 <Camail> its a deck building game, really
23:21:22 <Camail> DuB` i'm accounting for the future scenario of being 2 less clicks away from actually playing dota
23:21:34 <Camail> which is just too much of a risk for both body and mind
23:22:03 <DuB`> Heheh
