00:02:40 <Bio> support is actually hard to play well
00:03:06 <Bio> need lots of map awareness
00:03:34 <Bio> when to tp and support, know how to be off map, what items to get and when, how to be useful with near nothing, ect
00:21:47 <Cane> ggs <3
00:21:51 -!- mode/#tlponies [+vv Bio Crisium] by Cane
00:21:58 <Bio> geegee
00:36:25 -!- BioPhone [~androirc@mobile-107-92-121-158.mycingular.net] has joined #tlponies
00:45:35 -!- BioPone [~androirc@97.70.181.149] has joined #tlponies
01:03:41 <Rawr|Fone> I shouldn't stay up so late
01:44:41 <Runbunny> I second Rawr's statement.
02:25:45 -!- sweetiebot [~skybot@209.141.41.184] has joined #tlponies
02:25:59 <Bio> sweetiebort
02:39:13 <DuB`> swertabert
02:39:41 <DuB`> I hate getting home from campus when it's already dark T_T
02:39:54 <Camail> but its winter
02:40:00 <Camail> its almost always dark
02:40:06 <DuB`> 7pmmmmmmmmm
02:42:26 <skram> its been dark since 3 here dub
02:45:15 <DuB`> Fine I will change my statement if you're all gonna COMPLAIN
02:45:26 <DuB`> I really hate getting home from campus as late as 7pm
02:46:42 <skram> i think you're the onme complaining actually
02:50:55 <Camail> ^
02:51:17 <Bio> ungrateful!
02:51:20 <Bio> xD
02:51:25 <Bio> is sleep time?
02:51:27 <Bio> sleep time
02:51:39 <Camail> nn
02:51:51 <skram> no
02:55:50 <Camail> we could codenames
03:09:43 <skram> probably not cam :(
03:12:02 <Camail> rip
03:46:34 -!- Rawr|Fone [~AndChat52@84-217-62-32.customers.ownit.se] has joined #tlponies
04:42:27 -!- Rawr|Fone [~AndChat52@84-217-62-32.customers.ownit.se] has joined #tlponies
05:19:02 -!- Westy543 [Westy543@c-73-93-93-161.hsd1.ca.comcast.net] has joined #tlponies
05:19:02 -!- mode/#tlponies [+v Westy543] by Q
05:40:57 -!- Yolteotl [webchat@cloak-my25pnpw.oc.oc.cox.net] has joined #tlponies
05:42:17 <Yolteotl> Hi pones
06:24:52 <CockRoach|42> hi yolt!
07:20:44 <DoT|Phone> morning all
07:57:25 -!- DoT|Phone1 [~Dot@50.115.159.143.dyn.plus.net] has joined #tlponies
08:04:36 -!- DoT|Phone [~Dot@85.255.237.180] has joined #tlponies
08:04:54 <DoT|Phone> Very unhappy phone
08:10:48 <DoT|Phone> dub
08:15:57 <DoT|Phone> Rawr, dub is being rude again
08:23:35 -!- Rawr|Fone [~AndChat52@84-217-62-32.customers.ownit.se] has joined #tlponies
08:27:03 <CockRoach|42> dot pls
08:27:08 <CockRoach|42> such a rowdy hors
08:30:59 <DoT|Phone> nooo
08:31:14 <DoT|Phone> it's dibs fault
09:32:02 -!- Rawr|Fone [~AndChat52@84-217-62-32.customers.ownit.se] has joined #tlponies
09:32:08 <Rawr|Fone> What a rudehors
09:34:47 -!- Runbunny [~Runbunny@91.100.28.10.generic-hostname.arrownet.dk] has joined #tlponies
10:23:45 <DoT|Phone> exactly
10:23:49 <DoT|Phone> hey Runbun
10:26:59 <Runbunny> Hai.
10:57:27 -!- Golly [Golly@cm-84.212.249.112.getinternet.no] has joined #tlponies
11:31:11 -!- reification [~reificati@cpc76294-cosh16-2-0-cust297.6-1.cable.virginm.net] has joined #tlponies
11:31:11 -!- mode/#tlponies [+v reification] by Q
11:31:18 <reification> hello tlpons
11:35:51 <DoT|Phone> hey Reif
11:35:58 -!- carcinization [~reificati@cpc76294-cosh16-2-0-cust297.6-1.cable.virginm.net] has joined #tlponies
11:35:58 -!- mode/#tlponies [+v carcinization] by Q
11:47:36 <DoT|Phone> hello again Reif
11:48:10 <carcinization> hi dotties
11:48:42 <carcinization> i hope my internet is not going to be doing the thing again
12:06:25 -!- tredc [~tredc@c83-254-129-166.bredband.comhem.se] has joined #tlponies
12:15:22 <Runbunny> Make it do the other thing Reif.
12:50:23 <DoT|Phone> hmm no Skram yet
12:57:05 -!- skram [~skram@82.147.53.101] has joined #tlponies
13:00:48 -!- Rawr|Phone [~AndChat52@m83-185-92-74.cust.tele2.se] has joined #tlponies
13:00:59 <DoT|Phone> Skram!
13:01:09 <DoT|Phone> no work?
13:01:11 <reification> speak of the skram and he shall appear
13:05:11 <skram> Not today!
13:05:18 <skram> Gonna work all weekend long though
13:16:56 -!- carcinization [~reificati@cpc76294-cosh16-2-0-cust297.6-1.cable.virginm.net] has joined #tlponies
13:16:56 -!- mode/#tlponies [+v carcinization] by Q
13:19:40 <DoT|Phone> aww
13:19:47 -!- BioPone [~androirc@mobile-107-92-121-196.mycingular.net] has joined #tlponies
13:19:53 <DoT|Phone> how can we game if you work?
13:21:25 <carcinization> skram needs his money to buy lego
13:34:29 <Runbunny> Jonas it's snowing here.
13:34:57 <skram> heck yeah bud
13:35:21 <skram> Anders im going to amager in autum probably
13:35:33 -!- BioPone [~androirc@12.33.239.117] has joined #tlponies
13:36:05 <Runbunny> I live in Amager O:
13:36:10 <Runbunny> Home invasion?
13:36:31 <skram> Yes, thats why im going there, so I can peep in your window while you sleep
13:37:02 <skram> Nah its a work thing, Vølund built a big old power plant there somewhere and we're gonna look at it
13:37:34 <Runbunny> I think I know where that is.
13:37:46 <Runbunny> It was rebuilt or something like that no?
13:37:58 <skram> no idea
13:38:07 <skram> but theres a ski slope on top of it
13:39:42 <Runbunny> It is the one I was thinking about.
13:39:49 <Runbunny> I have never been there though
13:41:19 <skram> its fancy af
13:54:02 <DoT|Phone> a ski slope on top a power plant?
13:56:18 <Runbunny> It's more like a hill.
14:05:41 <DoT|Phone> a power plant UNDER a hill?
14:05:58 <DoT|Phone> is Denmark preparing for nuclear war?
14:12:59 -!- BioPone [~androirc@12.33.239.117] has joined #tlponies
14:20:19 -!- BioPone [~androirc@12.33.239.117] has joined #tlponies
14:22:14 <Runbunny> If you can get nuclear power by processing trash then probably yeah.
14:25:34 -!- BioPone [~androirc@12.33.239.117] has joined #tlponies
14:26:12 <Rawr|Phone> There is so much snow
14:35:20 <Runbunny> I think it let up here.
14:45:02 -!- BioPone [~androirc@12.33.239.117] has joined #tlponies
15:04:35 <DoT|Phone> what you up to on your day off Skram
15:07:39 <skram> im playing xcom and then im gonna go over to my parents and get FREE dinner
15:09:45 <Runbunny> !!!
15:09:54 <Runbunny> I really need to exploit that more.
15:21:50 <DoT|Phone> please don't be too late Skram
15:22:05 <DoT|Phone> then we have less gaming time
15:25:01 <skram> ill be home by 8
15:25:03 -!- Rawr|Fone [~AndChat52@84-217-62-32.customers.ownit.se] has joined #tlponies
15:25:11 <DoT|Phone> ty
15:25:36 <DoT|Phone> tell your parents I say hi and your a good boy
15:26:48 <Runbunny> Tell your parents that Dot is a good boy as well.
15:39:19 <Cane> Need food.
15:47:49 <DoT|Phone> get food
16:35:48 <DoT|Phone> I go home now
16:45:46 <Golly> https://www.vgtv.no/live/169683/direkte-geparden-kimani-venter-unger-i-dyreparken-i-kristiansand this damn cheetah needs to hurry up and give birth already
16:51:19 <Golly> https://www.youtube.com/watch?v=NbUt7Apl_Z0
16:51:30 <Golly> theres a hors
16:52:06 <DoT|Phone> next movie yet
16:52:31 <DoT|Phone> I unless it's the horse that dies this time
16:52:47 <DoT|Phone> best movie*
16:53:42 <Golly> I bet Halle Berry dies, shes short of horse like
17:12:50 -!- Dot [~quassel@50.115.159.143.dyn.plus.net] has joined #tlponies
17:19:28 -!- DuB` [~DuB@66-219-235-226.dynamic.ip.veracitynetworks.com] has joined #tlponies
17:19:41 <Dot> Dub dub
17:19:48 <DuB`> Dot dot
17:20:14 <DuB`> Graduation applications approved!
17:20:27 <Dot> even more confusing
17:20:31 <Dot> you havnt passed yet
17:21:17 <DuB`> Assuming I don't get Ds in any classes I'm currently in, I will have done everything I need to
17:21:21 <DuB`> Not confusing!
17:22:02 <Dot> good job
17:29:12 -!- Rawr|Phone [~AndChat52@m83-185-88-32.cust.tele2.se] has joined #tlponies
17:29:38 <DuB`> Rawr good job too
17:30:44 -!- Camail [~Camail@45.40.84.145] has joined #tlponies
17:30:44 -!- mode/#tlponies [+v Camail] by Q
17:58:00 <DuB`> My mouse scroll wheel is being weird :T
17:58:32 <DuB`> If I scroll too fast in either direction it starts making it go the OTHER direction!
17:59:01 -!- BioPhone [~androirc@12.33.239.117] has joined #tlponies
17:59:46 <Dot> very weird
17:59:55 <Dot> dub, cane, i eat soon then we play?
18:01:09 <Cane> I'm game.
18:06:02 <DuB`> Oke!
18:06:08 <DuB`> I'm finally NOT on campus!
18:07:59 -!- Cane [~Cane@CaneCraft.users.quakenet.org] has joined #tlponies
18:07:59 -!- mode/#tlponies [+o Cane] by Q
18:08:05 -!- mode/#tlponies [+vvvvvv BioPhone Dot DoT|Phone DuB` Golly Rawr|Phone] by Cane
18:08:07 -!- mode/#tlponies [+vvvv Runbunny sweetiebot tredc Yolteotl] by Cane
18:15:38 <BioPhone> Neigh!
18:19:41 -!- Zounds [webchat@cloak-07ouvien.14-2.cable.virginm.net] has joined #tlponies
18:20:13 <Zounds> hey
18:20:20 <Dot> zoonds
18:20:50 <DuB`> heyheyhey
18:26:56 <Dot> ok, i ready
18:30:05 <Cane> Rawr|Phone, play tonight?
18:33:06 <Cane> Ok starting game, join us for Dota bot games if you all want. <3
18:39:41 <Camail> DuB`  what brand
18:41:36 <Zounds> skynet is gonna be real mad if you keep beating it at dota
18:47:46 <Runbunny> It's alright.
18:48:09 <Runbunny> I, for one, welcome our new robotic overlords.
18:57:30 <Camail> as long as they benefit me
19:10:21 <Camail> Runbunny  lets hunt
19:10:37 <Runbunny> ok ok.
19:20:02 <BioPhone> Asdf
19:21:02 <Rawr|Phone> No time tonight cane
19:21:09 <Rawr|Phone> Still at table tennis
19:22:02 <Cane> Good luck. <3
19:23:34 <Dot> win pls rawr
19:23:58 <DuB`> Camail logi g403
19:26:37 <Camail> hmm, if it was razer i would have more to say
19:26:45 <Camail> they are notorious for failing mouse wheels
19:26:50 <Camail> runbun brt
19:32:33 <Runbunny> I was falling asleep. Need to go to the kiosk real quick.
19:34:04 <Camail> whats "the kiosk"
19:35:08 <Runbunny> Local tradesman kinda.
19:36:02 <Runbunny> It's small store, has a bit of everything but mostly like, drinks, tobacco and candy.
19:43:07 <Zounds> Is Kiosk a general name for that type of shop or the name of that particular store
19:45:21 <Runbunny> A general name.
19:45:35 <Runbunny> it exist in english as well?
19:50:14 <Zounds> We call things kiosks but they're usually small booths rather than shops in their own right
19:50:57 -!- DoT|Phone1 [~Dot@85.255.233.239] has joined #tlponies
19:51:12 <Zounds> Corner shops might be the thing we call them
19:51:29 <Zounds> which are sorta like what the burgers call convenience stores
20:00:46 <BioPhone> A burger sounds fantastic
20:06:52 -!- Rawr|Fone [~AndChat52@84-217-62-32.customers.ownit.se] has joined #tlponies
20:08:03 -!- skram [~skram@82.147.53.101] has joined #tlponies
20:09:36 <Rawr|Fone> Jonas my dear
20:09:52 <skram> Henrik my good fren
20:10:09 <Rawr|Fone> How is your day going
20:10:16 <Rawr|Fone> Is it as wonderful as your face
20:10:33 <skram> Ah its a bit better than that, Henrik
20:10:37 <skram> how you bean
20:11:02 <Rawr|Fone> I just got home, got lots of stuff to dooooo
20:11:25 <skram> i LOVE stuff
20:11:52 <Rawr|Fone> Me too, just as much as I love you
20:12:13 <skram> <3
20:12:24 <skram> you old charmer
20:12:26 <Rawr|Fone> ❤❤
20:14:28 <Dot> skram
20:14:31 <Dot> just in time
20:17:07 -!- Rawr|Phone [~AndChat52@84-217-62-32.customers.ownit.se] has joined #tlponies
20:33:58 <BioPhone> It's a skram skrilla
20:48:55 -!- Phearlock [webchat@cloak-li6hn6bb.208.146.128.getinternet.no] has joined #tlponies
20:49:01 <Phearlock> Evening ponypons
20:52:17 <Runbunny> Hai Phearlock.
20:57:50 -!- BioPhone [~androirc@12.33.239.117] has joined #tlponies
21:06:13 <Dot> still room in one for stack
21:06:13 <Cane> Room for one more in Dota vs bots.
21:07:11 <Phearlock> sure I can come play some
21:15:18 -!- BioPhone [~androirc@12.33.239.117] has joined #tlponies
21:43:42 <Dot> phear https://derpicdn.net/img/2019/1/12/1932986/large.png
21:44:06 <Phearlock> graceful
22:51:34 -!- Crisium [~Crisium@c-73-174-151-51.hsd1.pa.comcast.net] has joined #tlponies
23:03:35 <Dot> skram https://imgur.com/gallery/zDuk4zn
23:05:10 <Camail> dot go to sleep
23:05:12 <Camail> i am the sandman
23:05:16 <Camail> taking all the euros to bed
23:05:28 <Dot> nooo
23:05:51 <Camail> your phone is already here
23:06:01 <Camail> waiting for you to be in bed
23:06:10 <Dot> it haunts me
23:06:41 <Camail> eternally
23:06:44 <Dot> so when you going to play dota cam, its basicly like that other game we played, i forget its name
23:07:29 <Camail> 1. mobas kill my mouse hand 2. i still dont trust myself to be chill
23:07:46 <Dot> haha
23:07:59 <Camail> in cs i can be chill because i know what i'm doing and dont expect anyone else to
23:10:38 <Camail> oh and 3. i hate the lane phase
23:11:06 <Camail> i always was incredibly bored with killing creeps, but that's just me
23:18:36 -!- BioPhone [~androirc@mobile-166-176-250-47.mycingular.net] has joined #tlponies
23:24:56 <Dot> laning phase really seems to be much quicker now at least
23:33:21 <BioPhone> Bot meta
23:36:47 <carcinization> .tell runbunny https://twitter.com/bunnyarchive/status/1085739186613903361
23:37:07 <Dot> hows the hunting going cam?
23:46:56 <BioPhone> How are my cute pons
23:48:26 <Dot> sleepy
23:49:19 <BioPhone> So slep
23:51:22 <BioPhone> And others?
23:51:47 <CockRoach|42> DoT|Phone1: who made the hors pic you posted earlier?
23:52:59 <DoT|Phone1> grey
23:53:26 <DoT|Phone1> his tumblr got rip a second time
23:53:35 <CockRoach|42> pls :|
23:53:41 <CockRoach|42> did he do the lewd?
23:53:49 <DoT|Phone1> nope
23:54:20 <DoT|Phone1> now he only posts on derpibooru
23:55:21 <DoT|Phone1> Skram I think the games went a bit better today
23:55:53 <DoT|Phone1> maybe one day we even go against real ppl
23:56:27 <CockRoach|42> https://twitter.com/Killbawx/status/1086014460450484226 is this thems fightin herds?
23:56:42 -!- DoT|Phone [~Dot@50.115.159.143.dyn.plus.net] has joined #tlponies
23:58:16 <CockRoach|42> .tell Phearlock https://derpicdn.net/img/view/2019/1/1/1924201.png
