00:56:29 <Dot> skrm, dota isnt the same with no fighty boys offlane
00:57:19 <skrm> punchy bois
00:58:18 <Phearlock> Yeah I've just randomed fun sneaky hero after fun sneaky hero today
01:02:05 <Dot> i didnt get to play tree today
01:02:22 <Dot> Runbunny
01:16:45 <reification> poor deprived dotties
01:16:58 <reification> g'night all
01:22:08 <Dot> gnight reiff <3
01:29:30 <Bio> niegh
01:32:33 <Runbunny> me?
01:33:07 <Cane> GGs everyone, fun Dotas. <3
01:33:11 -!- mode/#tlponies [+vv Rawr|Fone tredc] by Cane
01:33:26 <Bio> day of dotes
01:35:19 <Rawr|Fone> Playing against bots is too easy now
01:37:31 <Runbunny> Phearlock, I have watching Beagle play Mechwarrior online recently. I have no idea what is going on but it looks fun.
01:41:11 <Runbunny> also Dot did you see how the hob run ripped last night?
01:41:38 <DoT|Phone> cane, one day we should get a full stack and play against ppl
01:41:56 <DoT|Phone> Haha that's why I pinged you Runbun, I had just watched it
01:43:28 <Runbunny> I didn't watch the end. 
01:43:42 <Runbunny> He was still going strong in dark soul 1.
01:44:10 <Dot> https://clips.twitch.tv/SpikySmoggyBibimbapNotLikeThis
01:44:20 <Dot> there is the end
01:54:07 <Camail> RIP
01:54:24 <DoT|Phone> guess not
01:57:13 <Runbunny> He just fucked up :/
02:00:00 -!- Cane [~Cane@CaneCraft.users.quakenet.org] has joined #tlponies
02:00:00 -!- mode/#tlponies [+o Cane] by Q
02:53:14 <Phearlock> Yeah I think Mechwarrior online is pretty fun still Runbunny, not too hard to get into. Gonna sleep now though
02:53:47 <Phearlock> Also can be hard to find a group-queue game outside of US primetime
03:23:29 <Cane> https://www.twitch.tv/dotastarladder_en if people want Dota to watch.
03:23:31 <Cane> Go Liquid. <
03:23:33 <Cane> <32
03:23:34 <Cane> <3
03:23:35 <Cane> *
03:23:37 <Cane> I'm not drunk.
03:42:33 <skrm> very convincing, cane
06:46:18 -!- skram [~skram@82.147.53.101] has joined #tlponies
07:34:15 <DuB`> Cane, that game!
07:34:56 <Cane> DuB`, these games have been insane.
07:34:59 <Cane> Liquid is just godly.
07:39:07 <DuB`> I didn't realise it was on, only just caught the last one
07:47:07 <DuB`> Cane what stage is this?
07:47:09 <DuB`> Of the tourney
07:51:06 <Cane> You MISSED IT?
07:51:10 <Cane> Go back and watch the fucking VOD later.
07:51:18 <Cane> The actual best Dota game I've seen happened.
07:51:29 <Cane> Small pool I'll grant you
07:51:32 <Cane> But still, fantastic.
07:51:47 <Cane> All the Liquid games have been great.
08:08:25 <DuB`> Scary veno mwahaha
08:29:42 <DuB`> CANE
08:29:43 <DuB`> AAAAAAAAAAA
08:30:23 <Cane> I freaking love this game. <3
08:30:28 <Cane> Liquid for life.
08:38:23 <Cane> I'm actually really nervous and tense and I'm just WATCHING this game.
08:38:28 <Cane> Double Rapier.
08:39:45 <DuB`> LOL
08:39:57 <DuB`> Gimme gimme
08:40:19 <DuB`> 50k nw lololol
08:40:20 <Cane> Daaaamn.
08:40:21 <Cane> gg
08:40:28 <DuB`> nw lead(
08:40:30 <DuB`> *
08:40:53 <Cane> That was great. =)
09:14:37 <DoT|Phone> Morning all
09:15:35 <DuB`> Dot <3
09:26:40 <DoT|Phone> dub <3
09:36:16 <Dot> what you up to dubs
09:36:26 <CockRoach|42> morning horses
09:36:47 <Dot> cr <3
09:39:40 <CockRoach|42> <3
10:02:35 <Dot> .tell skram https://imgur.com/gallery/sxNM6Zc
10:04:57 <DuB`> WHOOPS 3am
10:05:00 <DuB`> No more dotowatch
10:05:13 <Dot> .tell skam https://imgur.com/gallery/UL5mula
10:07:26 <Dot> .tell dub` https://imgur.com/gallery/bTrTDrV
10:38:38 -!- Runbunny [~Runbunny@91.100.28.10.generic-hostname.arrownet.dk] has joined #tlponies
10:38:43 <Dot> runbun
10:48:26 <Runbunny> Hai.
10:56:19 -!- tredc [~tredc@c83-254-129-166.bredband.comhem.se] has joined #tlponies
11:05:51 -!- Golly [Golly@cm-84.212.249.112.getinternet.no] has joined #tlponies
11:07:50 <Dot> .tell skram https://imgur.com/gallery/gMHgu8H
11:07:53 <Dot> look runbn
11:22:22 <Runbunny> What a cute cat.
11:23:03 <CockRoach|42> very handsome kitty
11:28:08 -!- Westy543 [Westy543@c-73-93-93-161.hsd1.ca.comcast.net] has joined #tlponies
11:28:12 -!- mode/#tlponies [+v Westy543] by Q
12:55:11 <Dot> Runbunny https://imgur.com/gallery/B1dJynH
12:56:51 <Runbunny> Dot is it in such a hurry, because it wants to go to the otter side ?!?!?!
12:57:13 <Dot> it otter know
12:59:34 <Runbunny> Luckily no one with admin powers are around.
12:59:41 <Runbunny> We are in for a banning.
13:07:28 <Dot> otterly worth it
13:10:29 <Rawr|Fone> Please
13:22:27 <Dot> rawr rawr
13:22:41 <Rawr|Fone> Dot dot
13:22:54 <Dot> <3
13:22:58 <Rawr|Fone> <3
13:23:01 <Dot> hows you today 
13:28:08 <Rawr|Fone> Goooood
13:28:22 <Rawr|Fone> I am getting up later and later though
13:28:33 <Rawr|Fone> I need to fix my schedule
13:30:54 <Rawr|Fone> How is your day going dot my dear
13:32:50 <Dot> cold rawr! but relaxing otherwise
13:33:48 <Rawr|Fone> Maybe you played too much tusk
13:37:54 <Dot> maybe not enough
13:38:02 <Dot> you dont hear about cold walruses
13:42:46 -!- reification [~reificati@cpc76294-cosh16-2-0-cust297.6-1.cable.virginm.net] has joined #tlponies
13:42:46 -!- mode/#tlponies [+v reification] by Q
13:43:20 <Dot> reef
13:44:24 <Runbunny> Hai Reif.
13:44:32 <Runbunny> Henrik.
13:47:01 <reification> hello dot, runbun
13:50:32 <Rawr|Fone> Anders.
14:15:17 <Bio> nei
14:15:22 <Bio> mornenhorsens
14:15:33 <Dot> the BioHest
14:30:37 <Runbunny> Dot, Rawr|Fone https://i.imgur.com/sL77rhW.mp4
14:30:51 <Dot> drop bear
14:32:32 <Dot> .tell Dub` https://imgur.com/gallery/wLXShwS
14:32:37 -!- Rawr|Phone [~AndChat52@m83-185-93-21.cust.tele2.se] has joined #tlponies
15:09:00 <Bio> how is mein horsens today
15:09:09 <Bio> there is still snow everywhere outside
15:09:15 <Bio> i shall stay in the doors
15:14:43 <Rawr|Phone> Good plan
15:17:53 -!- Rawr|Fone [~AndChat52@84-217-62-32.customers.ownit.se] has joined #tlponies
15:36:43 -!- Zounds [webchat@cloak-07ouvien.14-2.cable.virginm.net] has joined #tlponies
15:36:52 <Zounds> hey
15:39:24 <Rawr|Fone> Good afternoon zooonds
16:47:29 <Cane> Afternoon everyone. <3
16:47:37 <Bio> yo
16:49:12 <Runbunny> Hai.
16:55:17 <Dot> Hey Zounds. Cane <3
16:56:11 -!- Crisium [~Crisium@c-73-174-151-51.hsd1.pa.comcast.net] has joined #tlponies
16:56:53 <Dot> cris horse
16:56:57 <Crisium> hi
17:11:53 <Cane> Crisium. <3
17:12:11 <Crisium> Commander Cane
17:27:51 <Zounds> muh Crisium 
17:34:42 <Bio> muh horsens
17:38:41 <Zounds> o/
17:50:30 -!- Camail [~Camail@45.40.84.145] has joined #tlponies
17:50:30 -!- mode/#tlponies [+v Camail] by Q
17:57:31 <Dot> cam
17:57:35 <Camail> dot
18:34:45 -!- Golly [Golly@cm-84.212.249.112.getinternet.no] has joined #tlponies
18:37:11 -!- skrm [webchat@pioj.eid3.887x.ip] has joined #tlponies
18:44:24 <Dot> skrm
18:44:29 <Dot> i would like you to work less
18:48:30 <skrm> same
18:51:53 <Camail> maybe work more
18:56:53 <skrm> love you too bud
19:01:47 <Camail> more work = more money = more happiness
19:10:12 -!- DuB` [~DuB@66-219-235-226.dynamic.ip.veracitynetworks.com] has joined #tlponies
19:12:01 <Dot> dubs
19:12:05 <DuB`> dots
19:12:28 <DuB`> Oh good some birb .tells
19:32:01 <Rawr|Fone> 🐴🐴🐴
20:02:17 -!- Westy543 [Westy543@c-73-93-93-161.hsd1.ca.comcast.net] has joined #tlponies
20:02:21 -!- mode/#tlponies [+v Westy543] by Q
20:11:27 <Dot> what you up to dub
20:17:55 <DuB`> Watching dotovods
20:18:00 <DuB`> Missed a bunch yesterday
20:18:42 <Dot> i saw an intresint liquid game on rerun this morning
20:23:02 <Cane> Liquid vs The Pango was a great series... and what a fantastic ending.
21:05:00 <Camail> Runbunny wanna hunttttt
21:05:44 <Runbunny> I'm CS right now.
21:06:19 <Camail> kk
21:07:50 <Zounds> he's hunting the most dangerous prey
21:09:03 <skrm> russians
21:09:13 <Camail> skraaaaaaam pls
21:09:42 <skrm> what
21:10:57 <Dot> skrm, https://i.imgur.com/7MpLqAO.jpg
21:12:14 <skrm> sad days ahead
21:18:15 <Dot> is next week your week off skram?
21:20:41 <Bio> a
21:20:41 <Bio> s
21:20:42 <Bio> d
21:20:42 <Bio> f
21:26:11 <skrm> nope dot
21:27:01 <Dot> aww
21:27:15 <Bio> bois
21:27:21 <Bio> 1.5h till chicken chili
21:27:23 <Bio> fuk yeh
21:28:01 <skrm> unending labour's the calling of I, dot
21:28:20 <skrm> i had some MRE chili con carne earlier bio
21:28:28 <Bio> Nice!
21:28:30 <skrm> ...It wasnt terrible actually
21:28:34 <Dot> are they easy to cook?
21:28:49 <Bio> couple mins in the FRH
21:28:51 <Bio> ezpz
21:28:51 <skrm> yes you put water on it
21:28:58 <Dot> are they cheap?
21:29:18 <skrm> not really :p
21:29:24 <Dot> pointless then
21:30:13 <skrm> pretty unhealthy too
21:30:18 <Dot> what
21:30:23 <Dot> what is the point!
21:30:33 <skrm> its SO EASY
21:30:43 <Bio> they also store 5ever
21:30:44 <Dot> so are the microwave things
21:30:52 <Dot> they are cheap AS WELL
21:34:30 <skrm> Dot: https://mremountain.com/products/norwegian-arctic-field-ration?variant=6812036104226
21:35:04 <Dot> but how can they not be good for you
21:35:13 <Dot> is that not that whole point
21:35:33 <skrm> so many carbs dot
21:41:10 <Zounds> They work you too hard if you have to resort to MRE skrm
21:41:25 <Zounds> Next thing you'll be drinking your meals out of a bottle and all will be lost
21:53:22 <Crisium> MREs!
22:01:14 <Camail> a lightbulb just popped as i was doing a wh40k wiki dive
22:01:19 <Camail> clearly this is a sign
22:01:24 <Camail> to not be such a nerd
22:01:32 <Dot> Purge the unclean
22:01:33 <Camail> adn therefor, to shame other's for their nerdery
22:08:56 <Dot> I finished the new Punisher season, was nice, not as good as the first
22:08:57 <Crisium> whats the alternative to being a nerd
22:09:06 <Dot> he was violant
22:09:30 <Crisium> violence is ok if ur punching bad guy
22:15:25 <skrm> punisher is the bad guy
22:15:35 <skrm> sort of maybe
22:15:56 <Crisium> i thought he was more anti-hero
22:16:03 <Crisium> note that I know about nothing of him
22:29:42 <Dot> you not watched the first season?
22:47:09 <reification> runbun bio https://twitter.com/Headpats/status/1086028299191627776
22:47:41 <Bio> maymay
23:10:03 <Dot> ponpon
23:20:55 <skrm> how dare u
23:22:59 <Dot> skrm im going to have to sleep soon :(
23:26:29 <Bio> sadness
23:30:26 <skrm> hey dot
23:30:32 <skrm> did you consider not doign that
23:31:02 <Dot> i have to work
23:31:11 <Dot> like you do ALL weekend
23:32:16 <skrm> dot https://www.youtube.com/watch?v=MiHIOejRX9M
23:33:54 <Dot> this went very Charlie the unicorn fast
23:33:55 <Dot> haha
23:43:23 -!- Rawr|Phone [~AndChat52@m83-185-83-23.cust.tele2.se] has joined #tlponies
23:47:08 <DoT|Phone> it's so cold
23:48:27 <skrm> put your blanket on DoT|Phone 
23:49:06 <DoT|Phone> I have 2!
23:51:29 <skrm> get 3
23:54:34 <DoT|Phone> I don't own 3
23:58:17 <Runbunny> O:
23:59:02 <reification> buy 3 then you'll have 5!
