03:24:03 :dreamhack.se.quakenet.org 001 sweetiebot :Welcome to the QuakeNet IRC Network, sweetiebot
03:24:03 :dreamhack.se.quakenet.org 002 sweetiebot :Your host is dreamhack.se.quakenet.org, running version u2.10.12.10+snircd(1.3.4a)
03:24:03 :dreamhack.se.quakenet.org 003 sweetiebot :This server was created Fri Jun 22 2012 at 20:47:31 CEST
03:24:03 :dreamhack.se.quakenet.org 004 sweetiebot dreamhack.se.quakenet.org u2.10.12.10+snircd(1.3.4a) dioswkgxRXInP biklmnopstvrDcCNuMT bklov
03:24:03 :dreamhack.se.quakenet.org 005 sweetiebot WHOX WALLCHOPS WALLVOICES USERIP CPRIVMSG CNOTICE SILENCE=15 MODES=6 MAXCHANNELS=50 MAXBANS=45 NICKLEN=15 :are supported by this server
03:24:03 :dreamhack.se.quakenet.org 005 sweetiebot MAXNICKLEN=15 TOPICLEN=250 AWAYLEN=160 KICKLEN=250 CHANNELLEN=200 MAXCHANNELLEN=200 CHANTYPES=#& PREFIX=(ov)@+ STATUSMSG=@+ CHANMODES=b,k,l,imnpstrDducCNMT CASEMAPPING=rfc1459 NETWORK=QuakeNet :are supported by this server
03:24:03 :dreamhack.se.quakenet.org 251 sweetiebot :There are 16 users and 13707 invisible on 29 servers
03:24:03 :dreamhack.se.quakenet.org 252 sweetiebot 55 :operator(s) online
03:24:03 :dreamhack.se.quakenet.org 254 sweetiebot 12355 :channels formed
03:24:03 :dreamhack.se.quakenet.org 255 sweetiebot :I have 1901 clients and 1 servers
03:24:03 :dreamhack.se.quakenet.org 375 sweetiebot :- dreamhack.se.quakenet.org Message of the Day - 
03:24:03 :dreamhack.se.quakenet.org 372 sweetiebot :- 2015-3-16 3:08
03:24:03 :dreamhack.se.quakenet.org 372 sweetiebot :-    _____                             _______              __    
03:24:03 :dreamhack.se.quakenet.org 372 sweetiebot :-   |     \.----.-----.---.-.--------.|   |   |.---.-.----.|  |--.
03:24:03 :dreamhack.se.quakenet.org 372 sweetiebot :-   |  --  |   _|  -__|  _  |        ||       ||  _  |  __||    < 
03:24:03 :dreamhack.se.quakenet.org 372 sweetiebot :-   |_____/|__| |_____|___._|__|__|__||___|___||___._|____||__|__|
03:24:03 :dreamhack.se.quakenet.org 372 sweetiebot :-                 DREAMHACK . SE . QUAKENET . ORG
03:24:03 :dreamhack.se.quakenet.org 372 sweetiebot :- 
03:24:03 :dreamhack.se.quakenet.org 372 sweetiebot :-   You're now connected to a server hosted by DreamHack with
03:24:03 :dreamhack.se.quakenet.org 372 sweetiebot :-   sponsored bandwidth by TeliaSonera (AS3301) 
03:24:03 :dreamhack.se.quakenet.org 372 sweetiebot :-   located in Stockholm, Sweden. 
03:24:03 :dreamhack.se.quakenet.org 372 sweetiebot :- 
03:24:03 :dreamhack.se.quakenet.org 372 sweetiebot :-                         = DISCLAIMER =
03:24:03 :dreamhack.se.quakenet.org 372 sweetiebot :- 
03:24:04 :dreamhack.se.quakenet.org 372 sweetiebot :-   IRC is a free media, the operators of this network take no
03:24:04 :dreamhack.se.quakenet.org 372 sweetiebot :-   responsibility whatsoever for opinions expressed or actions
03:24:04 :dreamhack.se.quakenet.org 372 sweetiebot :-   taken by users.
03:24:04 :dreamhack.se.quakenet.org 372 sweetiebot :-   
03:24:04 :dreamhack.se.quakenet.org 372 sweetiebot :-   By connecting to this server you give us the right to
03:24:04 :dreamhack.se.quakenet.org 372 sweetiebot :-   probe your machine for open proxies/wingates.
03:24:04 :dreamhack.se.quakenet.org 372 sweetiebot :- 
03:24:04 :dreamhack.se.quakenet.org 372 sweetiebot :-   This network may NOT be used for:
03:24:04 :dreamhack.se.quakenet.org 372 sweetiebot :- 
03:24:04 :dreamhack.se.quakenet.org 372 sweetiebot :-   * Flooding (including flood/clonebots).
03:24:04 :dreamhack.se.quakenet.org 372 sweetiebot :-   * Distribution of copyrighted material (eg, warez, mp3,
03:24:04 :dreamhack.se.quakenet.org 372 sweetiebot :-     movies) or pornography.
03:24:04 :dreamhack.se.quakenet.org 372 sweetiebot :-   * Channels dedicated to cheats designed to cause unfair
03:24:04 :dreamhack.se.quakenet.org 372 sweetiebot :-     advantage in multiplayer games.
03:24:04 :dreamhack.se.quakenet.org 372 sweetiebot :-   * Clones. Please contact info@quakenet.org if you require
03:24:04 :dreamhack.se.quakenet.org 372 sweetiebot :-     more than five clients (LAN parties, bots, etc).
03:24:04 :dreamhack.se.quakenet.org 372 sweetiebot :-   * Attempts to takeover existing channels or network services.
03:24:04 :dreamhack.se.quakenet.org 372 sweetiebot :-   * Racism and/or Nazism.
03:24:04 :dreamhack.se.quakenet.org 372 sweetiebot :-   * Spamming and/or advertising.
03:24:04 :dreamhack.se.quakenet.org 372 sweetiebot :-   * Hacking (including Virus/Trojan distribution).
03:24:04 :dreamhack.se.quakenet.org 372 sweetiebot :- 
03:24:04 :dreamhack.se.quakenet.org 372 sweetiebot :-   Continued use of this server indicates acceptance of these
03:24:04 :dreamhack.se.quakenet.org 372 sweetiebot :-   conditions.
03:24:04 :dreamhack.se.quakenet.org 372 sweetiebot :- 
03:24:04 :dreamhack.se.quakenet.org 372 sweetiebot :-                         = STAFF = 
03:24:04 :dreamhack.se.quakenet.org 372 sweetiebot :- 
03:24:04 :dreamhack.se.quakenet.org 372 sweetiebot :-   Admin -->     suom1              <suom1@dreamhack.se>
03:24:04 :dreamhack.se.quakenet.org 372 sweetiebot :-                 jmh                <jmh@netsplit.fi>
03:24:04 :dreamhack.se.quakenet.org 372 sweetiebot :- 
03:24:04 :dreamhack.se.quakenet.org 372 sweetiebot :-   Oper  -->     shroud, qip, sel, sorcerer
03:24:04 :dreamhack.se.quakenet.org 372 sweetiebot :- 
03:24:04 :dreamhack.se.quakenet.org 372 sweetiebot :-                         = INFORMATION =
03:24:04 :dreamhack.se.quakenet.org 372 sweetiebot :- 
03:24:04 :dreamhack.se.quakenet.org 372 sweetiebot :-   Quakenet web page                       http://www.quakenet.org
03:24:04 :dreamhack.se.quakenet.org 372 sweetiebot :-   Quakenet help page                  http://www.quakenet.org/faq
03:24:04 :dreamhack.se.quakenet.org 372 sweetiebot :-   Quakenet servers                      http://staff.quakenet.org
03:24:04 :dreamhack.se.quakenet.org 372 sweetiebot :- 
03:24:04 :dreamhack.se.quakenet.org 372 sweetiebot :-   Network Channel                                           #feds
03:24:04 :dreamhack.se.quakenet.org 372 sweetiebot :-   Help Channel                                              #help
03:24:04 :dreamhack.se.quakenet.org 372 sweetiebot :-   
03:24:04 :dreamhack.se.quakenet.org 372 sweetiebot :-   You can contact the staff on <irc@dreamhack.se>
03:24:04 :dreamhack.se.quakenet.org 372 sweetiebot :- 
03:24:04 :dreamhack.se.quakenet.org 372 sweetiebot :-   This network has channel services. Consult the webpage above
03:24:04 :dreamhack.se.quakenet.org 372 sweetiebot :-   to find information on how to use and obtain these services.
03:24:04 :dreamhack.se.quakenet.org 376 sweetiebot :End of /MOTD command.
03:24:04 :dreamhack.se.quakenet.org 221 sweetiebot +i
03:24:04 :dreamhack.se.quakenet.org 332 sweetiebot #tlponies :Happy new year! <3
03:24:04 :dreamhack.se.quakenet.org 333 sweetiebot #tlponies Q 1549062451
03:24:04 :dreamhack.se.quakenet.org 353 sweetiebot @ #tlponies :sweetiebot DoT|Phone Rawr|Fone @Q skram Phearlock +Camail Crisium DuB` Dot Micen +motbob @Cane Bio +Twi +Rarity +Emily +Methos +CockRoach|42
03:24:04 :dreamhack.se.quakenet.org 366 sweetiebot #tlponies :End of /NAMES list.
03:24:05 :dreamhack.se.quakenet.org 353 sweetiebot = #camtestinggg :@sweetiebot
03:24:05 :dreamhack.se.quakenet.org 366 sweetiebot #camtestinggg :End of /NAMES list.
