21:13:17 :port80a.se.quakenet.org 001 sweetiebot :Welcome to the QuakeNet IRC Network, sweetiebot
21:13:17 :port80a.se.quakenet.org 002 sweetiebot :Your host is port80a.se.quakenet.org, running version u2.10.12.10+snircd(1.3.4a)
21:13:17 :port80a.se.quakenet.org 003 sweetiebot :This server was created Wed Apr 23 2014 at 01:59:22 CEST
21:13:17 :port80a.se.quakenet.org 004 sweetiebot port80a.se.quakenet.org u2.10.12.10+snircd(1.3.4a) dioswkgxRXInP biklmnopstvrDcCNuMT bklov
21:13:17 :port80a.se.quakenet.org 005 sweetiebot WHOX WALLCHOPS WALLVOICES USERIP CPRIVMSG CNOTICE SILENCE=15 MODES=6 MAXCHANNELS=50 MAXBANS=45 NICKLEN=15 :are supported by this server
21:13:17 :port80a.se.quakenet.org 005 sweetiebot MAXNICKLEN=15 TOPICLEN=250 AWAYLEN=160 KICKLEN=250 CHANNELLEN=200 MAXCHANNELLEN=200 CHANTYPES=#& PREFIX=(ov)@+ STATUSMSG=@+ CHANMODES=b,k,l,imnpstrDducCNMT CASEMAPPING=rfc1459 NETWORK=QuakeNet :are supported by this server
21:13:17 :port80a.se.quakenet.org 251 sweetiebot :There are 21 users and 14289 invisible on 28 servers
21:13:17 :port80a.se.quakenet.org 252 sweetiebot 57 :operator(s) online
21:13:17 :port80a.se.quakenet.org 253 sweetiebot 5 :unknown connection(s)
21:13:17 :port80a.se.quakenet.org 254 sweetiebot 12403 :channels formed
21:13:17 :port80a.se.quakenet.org 255 sweetiebot :I have 1978 clients and 1 servers
21:13:17 :port80a.se.quakenet.org 375 sweetiebot :- port80a.se.quakenet.org Message of the Day - 
21:13:17 :port80a.se.quakenet.org 372 sweetiebot :- 2017-5-10 7:39
21:13:17 :port80a.se.quakenet.org 372 sweetiebot :- .........................................................................
21:13:17 :port80a.se.quakenet.org 372 sweetiebot :- ...                                                                   ...
21:13:17 :port80a.se.quakenet.org 372 sweetiebot :- ...           You are connected to the QuakeNet IRC Network           ...
21:13:17 :port80a.se.quakenet.org 372 sweetiebot :- ...                     via port80a.se.quakenet.org.                  ...
21:13:17 :port80a.se.quakenet.org 372 sweetiebot :- ...                                                                   ...
21:13:17 :port80a.se.quakenet.org 372 sweetiebot :- ...                     port80a.se.quakenet.org                       ...
21:13:17 :port80a.se.quakenet.org 372 sweetiebot :- ...                                                                   ...
21:13:17 :port80a.se.quakenet.org 372 sweetiebot :- ...        i t ' s         g o o d         t o         b 0 r k        ...
21:13:17 :port80a.se.quakenet.org 372 sweetiebot :- ...                                                                   ...
21:13:17 :port80a.se.quakenet.org 372 sweetiebot :- ...       For information about this server's host please visit       ...
21:13:17 :port80a.se.quakenet.org 372 sweetiebot :- ...                        the website below:                         ...
21:13:17 :port80a.se.quakenet.org 372 sweetiebot :- ...                      http://www.ip-only.se/                       ...
21:13:17 :port80a.se.quakenet.org 372 sweetiebot :- ...                                                                   ...
21:13:17 :port80a.se.quakenet.org 372 sweetiebot :- ...          For information about this network please visit          ...
21:13:17 :port80a.se.quakenet.org 372 sweetiebot :- ...                        the website below:                         ...
21:13:17 :port80a.se.quakenet.org 372 sweetiebot :- ...                     http://www.quakenet.org/                      ...
21:13:17 :port80a.se.quakenet.org 372 sweetiebot :- ...                                                                   ...
21:13:17 :port80a.se.quakenet.org 372 sweetiebot :- ...   This server accepts IPv6 connections on the following ports:    ...
21:13:17 :port80a.se.quakenet.org 372 sweetiebot :- ...                        6667, 6668 & 6669                          ...
21:13:17 :port80a.se.quakenet.org 372 sweetiebot :- ...                                                                   ...
21:13:17 :port80a.se.quakenet.org 372 sweetiebot :- ...  By connecting to this network you give us permission to probe    ...
21:13:17 :port80a.se.quakenet.org 372 sweetiebot :- ... your machine for open proxies/wingates. You also agree to adhere  ...
21:13:17 :port80a.se.quakenet.org 372 sweetiebot :- ...                      by the following rules:                      ...
21:13:17 :port80a.se.quakenet.org 372 sweetiebot :- ...                                                                   ...
21:13:17 :port80a.se.quakenet.org 372 sweetiebot :- ...      o No flooding (including flood/clonebots).                   ...
21:13:17 :port80a.se.quakenet.org 372 sweetiebot :- ...      o No distribution of copyrighted material or pornography.    ...
21:13:17 :port80a.se.quakenet.org 372 sweetiebot :- ...      o No multiplayer gaming cheat channels.                      ...
21:13:17 :port80a.se.quakenet.org 372 sweetiebot :- ...      o No clones. http://www.quakenet.org/faq/faq.php?c=128       ...
21:13:17 :port80a.se.quakenet.org 372 sweetiebot :- ...      o No channel takeovers.                                      ...
21:13:17 :port80a.se.quakenet.org 372 sweetiebot :- ...      o No attempts to disrupt network services.                   ...
21:13:17 :port80a.se.quakenet.org 372 sweetiebot :- ...      o No racism and/or Nazism.                                   ...
21:13:17 :port80a.se.quakenet.org 372 sweetiebot :- ...      o No spamming and/or advertising.                            ...
21:13:17 :port80a.se.quakenet.org 372 sweetiebot :- ...      o No hacking (including Virus/Trojan distribution).          ...
21:13:17 :port80a.se.quakenet.org 372 sweetiebot :- ...      o No actions we, the operators, regard as abuse.             ...
21:13:17 :port80a.se.quakenet.org 372 sweetiebot :- ...                                                                   ...
21:13:17 :port80a.se.quakenet.org 372 sweetiebot :- ...           For more details of the network's terms of service      ...
21:13:17 :port80a.se.quakenet.org 372 sweetiebot :- ...                  please visit the website below:                  ...
21:13:17 :port80a.se.quakenet.org 372 sweetiebot :- ...                   http://www.quakenet.org/rules/                  ...
21:13:17 :port80a.se.quakenet.org 372 sweetiebot :- ...                                                                   ...
21:13:17 :port80a.se.quakenet.org 372 sweetiebot :- ...       Violation of the network's rules will result in kills       ...
21:13:17 :port80a.se.quakenet.org 372 sweetiebot :- ...              and possible network-wide access bans.               ...
21:13:17 :port80a.se.quakenet.org 372 sweetiebot :- ...                                                                   ...
21:13:17 :port80a.se.quakenet.org 372 sweetiebot :- ...      o Server Admins:                                             ...
21:13:17 :port80a.se.quakenet.org 372 sweetiebot :- ...                     _nalle              stevoo                    ...
21:13:17 :port80a.se.quakenet.org 372 sweetiebot :- ...             (E-mail: append @quakenet.org to above.)              ... 
21:13:17 :port80a.se.quakenet.org 372 sweetiebot :- ...                                                                   ...
21:13:17 :port80a.se.quakenet.org 372 sweetiebot :- ...      Many common problems are explained on the website below:     ...
21:13:17 :port80a.se.quakenet.org 372 sweetiebot :- ...                    http://www.quakenet.org/faq/                   ...
21:13:17 :port80a.se.quakenet.org 372 sweetiebot :- ...     If you have a general enquiry not answered by this website    ...
21:13:17 :port80a.se.quakenet.org 372 sweetiebot :- ...     please visit #help. If you *require* an IRC operator please   ...
21:13:17 :port80a.se.quakenet.org 372 sweetiebot :- ...      visit #help.                                                 ...
21:13:17 :port80a.se.quakenet.org 372 sweetiebot :- ...                                                                   ...
21:13:17 :port80a.se.quakenet.org 372 sweetiebot :- ...   The use of this server & network is a privilege, not a right.   ...
21:13:17 :port80a.se.quakenet.org 372 sweetiebot :- ...      The network operators may deny network access to anyone,     ...
21:13:17 :port80a.se.quakenet.org 372 sweetiebot :- ...              for any reason, at their sole discretion.            ...
21:13:17 :port80a.se.quakenet.org 372 sweetiebot :- ...                                                                   ...
21:13:17 :port80a.se.quakenet.org 372 sweetiebot :- ... IRC is a free media, therefore the operators of this network take ...
21:13:17 :port80a.se.quakenet.org 372 sweetiebot :- ...    no responsibility whatsoever for the opinions expressed or     ...
21:13:17 :port80a.se.quakenet.org 372 sweetiebot :- ...   the actions taken by users. Absolutely no warranty is either    ...
21:13:17 :port80a.se.quakenet.org 372 sweetiebot :- ...                      expressed or implied.                        ...
21:13:17 :port80a.se.quakenet.org 372 sweetiebot :- ...                                                                   ...
21:13:17 :port80a.se.quakenet.org 372 sweetiebot :- .........................................................................
21:13:17 :port80a.se.quakenet.org 376 sweetiebot :End of /MOTD command.
21:13:17 :port80a.se.quakenet.org 221 sweetiebot +i
21:13:17 :port80a.se.quakenet.org 332 sweetiebot #tlponies :Happy new year! <3
21:13:17 :port80a.se.quakenet.org 333 sweetiebot #tlponies Q 1549062451
21:13:17 :port80a.se.quakenet.org 353 sweetiebot @ #tlponies :sweetiebot BioPone Crisium Rawr|Phone DuB` Golly +Camail Dot DoT|Phone1 +reification Zounds Runbunny tredc Twi +CockRoach|42 @Cane Bio icecream Methos Rarity motbob @Q +Emily
21:13:17 :port80a.se.quakenet.org 366 sweetiebot #tlponies :End of /NAMES list.
21:13:18 :port80a.se.quakenet.org 353 sweetiebot = #camtestinggg :@sweetiebot
21:13:18 :port80a.se.quakenet.org 366 sweetiebot #camtestinggg :End of /NAMES list.
21:18:39 :port80a.se.quakenet.org 001 sweetiebot :Welcome to the QuakeNet IRC Network, sweetiebot
21:18:39 :port80a.se.quakenet.org 002 sweetiebot :Your host is port80a.se.quakenet.org, running version u2.10.12.10+snircd(1.3.4a)
21:18:39 :port80a.se.quakenet.org 003 sweetiebot :This server was created Wed Apr 23 2014 at 01:59:22 CEST
21:18:39 :port80a.se.quakenet.org 004 sweetiebot port80a.se.quakenet.org u2.10.12.10+snircd(1.3.4a) dioswkgxRXInP biklmnopstvrDcCNuMT bklov
21:18:39 :port80a.se.quakenet.org 005 sweetiebot WHOX WALLCHOPS WALLVOICES USERIP CPRIVMSG CNOTICE SILENCE=15 MODES=6 MAXCHANNELS=50 MAXBANS=45 NICKLEN=15 :are supported by this server
21:18:39 :port80a.se.quakenet.org 005 sweetiebot MAXNICKLEN=15 TOPICLEN=250 AWAYLEN=160 KICKLEN=250 CHANNELLEN=200 MAXCHANNELLEN=200 CHANTYPES=#& PREFIX=(ov)@+ STATUSMSG=@+ CHANMODES=b,k,l,imnpstrDducCNMT CASEMAPPING=rfc1459 NETWORK=QuakeNet :are supported by this server
21:18:39 :port80a.se.quakenet.org 251 sweetiebot :There are 19 users and 14249 invisible on 28 servers
21:18:39 :port80a.se.quakenet.org 252 sweetiebot 57 :operator(s) online
21:18:39 :port80a.se.quakenet.org 253 sweetiebot 3 :unknown connection(s)
21:18:39 :port80a.se.quakenet.org 254 sweetiebot 12386 :channels formed
21:18:39 :port80a.se.quakenet.org 255 sweetiebot :I have 1972 clients and 1 servers
21:18:39 :port80a.se.quakenet.org 375 sweetiebot :- port80a.se.quakenet.org Message of the Day - 
21:18:39 :port80a.se.quakenet.org 372 sweetiebot :- 2017-5-10 7:39
21:18:39 :port80a.se.quakenet.org 372 sweetiebot :- .........................................................................
21:18:39 :port80a.se.quakenet.org 372 sweetiebot :- ...                                                                   ...
21:18:39 :port80a.se.quakenet.org 372 sweetiebot :- ...           You are connected to the QuakeNet IRC Network           ...
21:18:39 :port80a.se.quakenet.org 372 sweetiebot :- ...                     via port80a.se.quakenet.org.                  ...
21:18:39 :port80a.se.quakenet.org 372 sweetiebot :- ...                                                                   ...
21:18:39 :port80a.se.quakenet.org 372 sweetiebot :- ...                     port80a.se.quakenet.org                       ...
21:18:40 :port80a.se.quakenet.org 372 sweetiebot :- ...                                                                   ...
21:18:40 :port80a.se.quakenet.org 372 sweetiebot :- ...        i t ' s         g o o d         t o         b 0 r k        ...
21:18:40 :port80a.se.quakenet.org 372 sweetiebot :- ...                                                                   ...
21:18:40 :port80a.se.quakenet.org 372 sweetiebot :- ...       For information about this server's host please visit       ...
21:18:40 :port80a.se.quakenet.org 372 sweetiebot :- ...                        the website below:                         ...
21:18:40 :port80a.se.quakenet.org 372 sweetiebot :- ...                      http://www.ip-only.se/                       ...
21:18:40 :port80a.se.quakenet.org 372 sweetiebot :- ...                                                                   ...
21:18:40 :port80a.se.quakenet.org 372 sweetiebot :- ...          For information about this network please visit          ...
21:18:40 :port80a.se.quakenet.org 372 sweetiebot :- ...                        the website below:                         ...
21:18:40 :port80a.se.quakenet.org 372 sweetiebot :- ...                     http://www.quakenet.org/                      ...
21:18:40 :port80a.se.quakenet.org 372 sweetiebot :- ...                                                                   ...
21:18:40 :port80a.se.quakenet.org 372 sweetiebot :- ...   This server accepts IPv6 connections on the following ports:    ...
21:18:40 :port80a.se.quakenet.org 372 sweetiebot :- ...                        6667, 6668 & 6669                          ...
21:18:40 :port80a.se.quakenet.org 372 sweetiebot :- ...                                                                   ...
21:18:40 :port80a.se.quakenet.org 372 sweetiebot :- ...  By connecting to this network you give us permission to probe    ...
21:18:40 :port80a.se.quakenet.org 372 sweetiebot :- ... your machine for open proxies/wingates. You also agree to adhere  ...
21:18:40 :port80a.se.quakenet.org 372 sweetiebot :- ...                      by the following rules:                      ...
21:18:40 :port80a.se.quakenet.org 372 sweetiebot :- ...                                                                   ...
21:18:40 :port80a.se.quakenet.org 372 sweetiebot :- ...      o No flooding (including flood/clonebots).                   ...
21:18:40 :port80a.se.quakenet.org 372 sweetiebot :- ...      o No distribution of copyrighted material or pornography.    ...
21:18:40 :port80a.se.quakenet.org 372 sweetiebot :- ...      o No multiplayer gaming cheat channels.                      ...
21:18:40 :port80a.se.quakenet.org 372 sweetiebot :- ...      o No clones. http://www.quakenet.org/faq/faq.php?c=128       ...
21:18:40 :port80a.se.quakenet.org 372 sweetiebot :- ...      o No channel takeovers.                                      ...
21:18:40 :port80a.se.quakenet.org 372 sweetiebot :- ...      o No attempts to disrupt network services.                   ...
21:18:40 :port80a.se.quakenet.org 372 sweetiebot :- ...      o No racism and/or Nazism.                                   ...
21:18:40 :port80a.se.quakenet.org 372 sweetiebot :- ...      o No spamming and/or advertising.                            ...
21:18:40 :port80a.se.quakenet.org 372 sweetiebot :- ...      o No hacking (including Virus/Trojan distribution).          ...
21:18:40 :port80a.se.quakenet.org 372 sweetiebot :- ...      o No actions we, the operators, regard as abuse.             ...
21:18:40 :port80a.se.quakenet.org 372 sweetiebot :- ...                                                                   ...
21:18:40 :port80a.se.quakenet.org 372 sweetiebot :- ...           For more details of the network's terms of service      ...
21:18:40 :port80a.se.quakenet.org 372 sweetiebot :- ...                  please visit the website below:                  ...
21:18:40 :port80a.se.quakenet.org 372 sweetiebot :- ...                   http://www.quakenet.org/rules/                  ...
21:18:40 :port80a.se.quakenet.org 372 sweetiebot :- ...                                                                   ...
21:18:40 :port80a.se.quakenet.org 372 sweetiebot :- ...       Violation of the network's rules will result in kills       ...
21:18:40 :port80a.se.quakenet.org 372 sweetiebot :- ...              and possible network-wide access bans.               ...
21:18:40 :port80a.se.quakenet.org 372 sweetiebot :- ...                                                                   ...
21:18:40 :port80a.se.quakenet.org 372 sweetiebot :- ...      o Server Admins:                                             ...
21:18:40 :port80a.se.quakenet.org 372 sweetiebot :- ...                     _nalle              stevoo                    ...
21:18:40 :port80a.se.quakenet.org 372 sweetiebot :- ...             (E-mail: append @quakenet.org to above.)              ... 
21:18:40 :port80a.se.quakenet.org 372 sweetiebot :- ...                                                                   ...
21:18:40 :port80a.se.quakenet.org 372 sweetiebot :- ...      Many common problems are explained on the website below:     ...
21:18:40 :port80a.se.quakenet.org 372 sweetiebot :- ...                    http://www.quakenet.org/faq/                   ...
21:18:40 :port80a.se.quakenet.org 372 sweetiebot :- ...     If you have a general enquiry not answered by this website    ...
21:18:40 :port80a.se.quakenet.org 372 sweetiebot :- ...     please visit #help. If you *require* an IRC operator please   ...
21:18:40 :port80a.se.quakenet.org 372 sweetiebot :- ...      visit #help.                                                 ...
21:18:40 :port80a.se.quakenet.org 372 sweetiebot :- ...                                                                   ...
21:18:40 :port80a.se.quakenet.org 372 sweetiebot :- ...   The use of this server & network is a privilege, not a right.   ...
21:18:40 :port80a.se.quakenet.org 372 sweetiebot :- ...      The network operators may deny network access to anyone,     ...
21:18:40 :port80a.se.quakenet.org 372 sweetiebot :- ...              for any reason, at their sole discretion.            ...
21:18:40 :port80a.se.quakenet.org 372 sweetiebot :- ...                                                                   ...
21:18:40 :port80a.se.quakenet.org 372 sweetiebot :- ... IRC is a free media, therefore the operators of this network take ...
21:18:40 :port80a.se.quakenet.org 372 sweetiebot :- ...    no responsibility whatsoever for the opinions expressed or     ...
21:18:40 :port80a.se.quakenet.org 372 sweetiebot :- ...   the actions taken by users. Absolutely no warranty is either    ...
21:18:40 :port80a.se.quakenet.org 372 sweetiebot :- ...                      expressed or implied.                        ...
21:18:40 :port80a.se.quakenet.org 372 sweetiebot :- ...                                                                   ...
21:18:40 :port80a.se.quakenet.org 372 sweetiebot :- .........................................................................
21:18:40 :port80a.se.quakenet.org 376 sweetiebot :End of /MOTD command.
21:18:40 :port80a.se.quakenet.org 221 sweetiebot +i
21:18:40 :port80a.se.quakenet.org 332 sweetiebot #tlponies :Happy new year! <3
21:18:40 :port80a.se.quakenet.org 333 sweetiebot #tlponies Q 1549062451
21:18:40 :port80a.se.quakenet.org 353 sweetiebot @ #tlponies :sweetiebot BioPone Crisium Rawr|Phone DuB` Golly +Camail Dot DoT|Phone1 +reification Zounds Runbunny tredc Twi +CockRoach|42 @Cane Bio icecream Methos Rarity motbob @Q +Emily
21:18:40 :port80a.se.quakenet.org 366 sweetiebot #tlponies :End of /NAMES list.
21:18:41 :port80a.se.quakenet.org 353 sweetiebot = #camtestinggg :@sweetiebot
21:18:41 :port80a.se.quakenet.org 366 sweetiebot #camtestinggg :End of /NAMES list.
