00:47:03 -!- Golly has quit [Ping timeout]
00:51:30 -!- reimeuk has quit [Signed off]
01:01:08 -!- tredc has quit [Signed off]
01:14:19 -!- Rawr|Phone has quit [Ping timeout]
01:42:39 -!- Camail has quit [Signed off]
02:20:35 -!- Crisium has quit [Signed off]
02:42:00 -!- Runbunny has quit [Signed off]
02:51:36 -!- BioPhone has quit [Read error: Connection reset by peer]
06:00:01 -!- skrm has quit [Signed off]
06:45:18 -!- Rawr|Fone has quit [Ping timeout]
06:59:52 -!- Rawr|Phone has quit [Ping timeout]
07:05:17 -!- Camail has quit [Signed off]
07:20:18 -!- Rawr|Fone has quit [Ping timeout]
07:22:01 -!- Rawr|Phone has quit [Read error: Connection reset by peer]
08:12:53 -!- DoT|Phone1 has quit [Ping timeout]
08:31:21 -!- DoT|Phone has quit [Ping timeout]
08:39:28 -!- DoT|Phone1 has quit [Ping timeout]
08:46:20 -!- DoT|Phone has quit [Ping timeout]
09:46:44 -!- skram has quit [Ping timeout]
10:06:19 -!- DuB` has quit [Signed off]
10:16:32 -!- reification has quit [Ping timeout]
11:44:02 -!- reification has quit [Ping timeout]
14:34:02 -!- carcinization has quit [Ping timeout]
15:13:14 -!- DoT|Phone1 has quit [EOF from client]
15:21:02 -!- reimeuk has quit [Ping timeout]
15:24:32 -!- carcinization has quit [Ping timeout]
15:49:28 -!- DoT|Phone has quit [Read error: Connection reset by peer]
16:52:56 -!- Golly has quit [Ping timeout]
17:49:36 -!- BioPhone has quit [Ping timeout]
18:33:32 -!- Zounds has quit [Signed off]
18:52:34 -!- skram has quit [Ping timeout]
19:10:26 -!- BioPone has quit [Read error: Connection reset by peer]
20:00:30 -!- BioPone has quit [Read error: Connection reset by peer]
20:49:40 -!- BioPone has quit [Read error: Connection reset by peer]
21:19:22 -!- Dot has quit [Ping timeout]
21:28:17 -!- Rawr|Fone has quit [Ping timeout]
21:29:40 -!- BioPone has quit [Read error: Connection reset by peer]
21:37:35 -!- BioPone has quit [EOF from client]
22:24:11 -!- Zounds has quit [Signed off]
22:32:28 -!- BioPone has quit [Read error: Connection reset by peer]
22:48:17 -!- BioPone has quit [EOF from client]
22:55:05 -!- Runbunny has quit [Signed off]
23:11:03 -!- reification has quit [Signed off]
23:29:03 -!- BioPone has quit [Ping timeout]
