00:15:50 -!- Rawr|Phone has quit [Read error: Connection reset by peer]
00:31:13 -!- Kittybunny has quit [Signed off]
00:58:38 -!- Crisium has quit [Ping timeout]
01:24:55 -!- Rawr|Fone has quit [Ping timeout]
01:46:33 -!- Rawr|Fone has quit [Ping timeout]
01:47:56 -!- tredc has quit [Signed off]
02:47:26 -!- Rawr|Fone has quit [Ping timeout]
03:44:45 -!- reification has quit [Signed off]
04:08:30 -!- Rawr|Fone has quit [Ping timeout]
04:20:44 -!- Rawr|Fone has quit [Ping timeout]
04:38:15 -!- Micen has quit [Read error: Connection reset by peer]
04:57:05 -!- Camail has quit [Signed off]
04:57:50 -!- Rawr|Fone has quit [Ping timeout]
05:02:39 -!- skram has quit [Ping timeout]
05:03:25 -!- Crisium|2 has quit [Ping timeout]
05:42:55 -!- Rawr|Fone has quit [Ping timeout]
06:53:21 -!- Rawr|Fone has quit [Ping timeout]
07:36:34 -!- Crisium has quit [Signed off]
08:02:10 -!- DoT|Phone has quit [Ping timeout]
09:17:53 -!- DuB` has quit [Signed off]
09:45:53 -!- Westy543 has quit [Ping timeout]
11:00:52 -!- DoT|Phone1 has quit [Ping timeout]
12:40:13 -!- Rawr|Fone has quit [Read error: Connection reset by peer]
13:04:26 -!- reification has quit [Ping timeout]
14:01:44 -!- Rawr|Fone has quit [Read error: Connection reset by peer]
14:38:56 -!- carcinization has quit [Ping timeout]
15:30:42 -!- Golly has quit [EOF from client]
16:09:28 -!- DoT|Phone has quit [Ping timeout]
16:18:38 -!- BioPhone has quit [EOF from client]
16:28:25 -!- BioPhone has quit [EOF from client]
17:23:08 -!- Rawr|Fone has quit [Ping timeout]
17:33:03 -!- Golly has quit [Ping timeout]
18:07:34 -!- BioPhone has quit [EOF from client]
19:55:27 -!- BioPhone has quit [EOF from client]
21:33:44 -!- BioPhone has quit [Ping timeout]
21:48:57 -!- BioPone has quit [Read error: Connection reset by peer]
21:51:48 -!- Rawr|Fone has quit [Ping timeout]
22:19:07 -!- Camail has quit [Ping timeout]
23:00:35 -!- Dot has quit [EOF from client]
