00:58:54 -!- Rawr|Phone has quit [Read error: Connection reset by peer]
01:00:40 -!- Camail has quit [Signed off]
01:07:08 -!- Camail has quit [Signed off]
01:28:21 -!- DoT|Phone has quit [Ping timeout]
01:31:22 -!- tredc has quit [Signed off]
01:51:34 -!- reification has quit [Signed off]
02:55:07 -!- Bio has quit [Ping timeout]
03:16:04 -!- Rawr|Fone has quit [Ping timeout]
03:32:19 -!- Runbunny has quit [Signed off]
03:42:59 -!- Rawr|Fone has quit [Ping timeout]
04:12:19 -!- Pearclock has quit [Ping timeout]
04:55:50 -!- Rawr|Fone has quit [Ping timeout]
05:42:50 -!- skrm has quit [Signed off]
05:57:01 -!- Crisium has quit [Signed off]
08:29:12 -!- skram has quit [Ping timeout]
09:05:05 -!- Camail has quit [Signed off]
09:28:45 -!- DuB` has quit [Signed off]
18:49:01 -!- Rawr|Fone has quit [Ping timeout]
19:13:11 -!- Rawr|Fone has quit [Ping timeout]
20:33:21 -!- Rawr|Fone has quit [Ping timeout]
22:10:10 -!- tredc has quit [Read error: Connection reset by peer]
22:20:12 -!- Golly has quit [Ping timeout]
23:17:08 -!- Rawr|Fone has quit [Ping timeout]
