05:57:24 -!- skrm has quit [Signed off]
07:43:35 -!- Crisium has quit [Ping timeout]
08:03:34 -!- skram has quit [Ping timeout]
09:32:05 -!- Camail has quit [Read error: Connection reset by peer]
09:49:21 -!- DuB` has quit [Signed off]
10:06:45 -!- Rawr|Fone has quit [Ping timeout]
10:15:56 -!- CellRoach has quit [Signed off]
12:43:19 -!- Rawr|Phone has quit [Ping timeout]
15:05:51 -!- BioPhone has quit [Ping timeout]
15:26:46 -!- BioPone has quit [EOF from client]
17:41:00 -!- Rawr|Fone has quit [Ping timeout]
19:12:53 -!- BioPone has quit [EOF from client]
19:19:16 -!- reification has quit [Ping timeout]
19:39:49 -!- Golly has quit [Ping timeout]
21:48:37 -!- BioPone has quit [Signed off]
21:51:46 -!- reification has quit [Ping timeout]
22:15:32 -!- DuB` has quit [Signed off]
22:29:54 -!- Runbunny has quit [Signed off]
22:42:46 -!- carcinization has quit [Ping timeout]
22:45:42 -!- Rawr|Phone has quit [Read error: Connection reset by peer]
23:02:38 -!- Dot has quit [Read error: Connection reset by peer]
23:57:14 -!- reification has quit [Signed off]
