00:38:35 -!- Golly has quit [Ping timeout]
01:22:25 -!- Rawr|Fone has quit [Ping timeout]
01:41:46 -!- CrisPone has quit [Signed off]
01:45:04 -!- tredc has quit [Signed off]
01:46:48 -!- Rawr|Fone has quit [Ping timeout]
01:51:37 -!- Camail has quit [Read error: Connection reset by peer]
02:06:43 -!- skram has quit [Ping timeout]
03:15:52 -!- Runbunny has quit [Signed off]
03:49:35 -!- Rawr|Fone has quit [Ping timeout]
03:58:33 -!- Micen has quit [Read error: Connection reset by peer]
04:21:43 -!- Crisium has quit [Ping timeout]
04:39:25 -!- Rawr|Fone has quit [Ping timeout]
05:52:03 -!- DoT|Phone1 has quit [EOF from client]
06:38:14 -!- CrisPone has quit [Signed off]
07:43:44 -!- CockRoach|42 has quit [Ping timeout]
08:09:48 -!- DuB` has quit [Signed off]
08:52:53 -!- Camail has quit [Read error: Connection reset by peer]
13:48:54 -!- reification has quit [Ping timeout]
13:54:46 -!- Zoonds has quit [Signed off]
15:38:54 -!- reification has quit [Ping timeout]
17:01:30 -!- Camail has quit [Signed off]
18:15:50 -!- Rawr|Fone has quit [Ping timeout]
18:52:24 -!- carcinization has quit [Ping timeout]
20:26:54 -!- reimeuk has quit [Ping timeout]
20:31:24 -!- reification has quit [Ping timeout]
21:09:43 -!- Crisium has quit [Ping timeout]
21:14:24 -!- Rawr|Fone has quit [Ping timeout]
21:19:22 -!- Crisium|2 has quit [Ping timeout]
21:50:54 -!- carcinization has quit [Ping timeout]
22:10:54 -!- reification has quit [Ping timeout]
22:14:12 -!- Rawr|Phone has quit [Read error: Connection reset by peer]
22:15:16 -!- Golly has quit [Ping timeout]
22:59:04 -!- Zounds has quit [Signed off]
23:22:23 -!- Bio has quit [Signed off]
