00:43:54 -!- Rawr|Fone has quit [Ping timeout]
00:44:01 -!- reification has quit [Signed off]
01:09:52 -!- Rawr|Fone has quit [Ping timeout]
01:13:18 -!- Crisium has quit [Signed off]
01:37:55 -!- DuB` has quit [Signed off]
01:56:08 -!- Runbunny has quit [Signed off]
03:37:16 -!- Camail has quit [*.net *.split]
05:00:29 -!- skrm has quit [Ping timeout]
07:04:28 -!- Rawr|Fone has quit [Ping timeout]
07:18:22 -!- DoT|Phone1 has quit [Ping timeout]
07:28:15 -!- BioPhone has quit [EOF from client]
08:30:32 -!- DuB` has quit [Signed off]
08:39:52 -!- BioPhone has quit [EOF from client]
08:45:06 -!- Camail has quit [Signed off]
08:51:40 -!- BioPhone has quit [EOF from client]
09:00:47 -!- skram has quit [Ping timeout]
10:20:00 -!- DoT|Phone has quit [Ping timeout]
10:27:38 -!- DoT|Phone1 has quit [Ping timeout]
10:40:18 -!- DoT|Phone has quit [Ping timeout]
10:47:04 -!- DoT|Phone1 has quit [Ping timeout]
11:21:15 -!- DoT|Phone has quit [Ping timeout]
11:24:09 -!- Rawr|Fone has quit [Ping timeout]
11:29:34 -!- DoT|Phone1 has quit [Ping timeout]
11:39:27 -!- DoT|Phone has quit [Ping timeout]
11:51:28 -!- DoT|Phone1 has quit [Ping timeout]
11:53:28 -!- DoT|Phone has quit [Ping timeout]
12:12:40 -!- BioPhone has quit [Read error: Connection reset by peer]
12:46:19 -!- Golly has quit [Ping timeout]
12:47:46 -!- Rawr|Fone has quit [Ping timeout]
15:05:53 -!- Rawr|Fone has quit [Ping timeout]
15:31:32 -!- BioPone has quit [EOF from client]
15:53:42 -!- BioPone has quit [EOF from client]
15:53:44 -!- reification has quit [Ping timeout]
15:54:35 -!- DoT|Phone has quit [Read error: Connection reset by peer]
15:58:15 -!- Rawr|Phone has quit [Ping timeout]
16:00:59 -!- Rawr|Fone has quit [Ping timeout]
16:27:30 -!- BioPone has quit [EOF from client]
19:41:52 -!- BioPone has quit [EOF from client]
20:03:51 -!- skram has quit [Ping timeout]
20:16:03 -!- BioPhone has quit [EOF from client]
20:44:39 -!- BioPhone has quit [Ping timeout]
20:50:33 -!- Rawr|Fone has quit [Ping timeout]
20:55:09 -!- BioPone has quit [Read error: Connection reset by peer]
21:24:47 -!- Rawr|Phone has quit [Ping timeout]
21:26:48 -!- Zounds has quit [Signed off]
21:54:22 -!- Rarity has quit [Signed off]
21:54:22 -!- Twi has quit [Signed off]
21:59:37 -!- Dot has quit [EOF from client]
