00:35:17 -!- Crisium has quit [Ping timeout]
00:41:13 -!- Runbunny has quit [Signed off]
01:12:28 -!- Rawr|Phone has quit [Read error: Connection reset by peer]
01:12:33 -!- DoT|Phone has quit [Ping timeout]
01:42:05 -!- Golly has quit [Ping timeout]
01:54:17 -!- tredc has quit [Signed off]
04:08:12 -!- Rawr|Fone has quit [Ping timeout]
04:35:15 -!- Rawr|Fone has quit [Ping timeout]
04:41:32 -!- Crisium has quit [Signed off]
05:47:38 -!- skrm has quit [Signed off]
06:43:13 -!- Camail has quit [Signed off]
07:20:28 -!- DoT|Phone has quit [Read error: Connection reset by peer]
08:12:01 -!- skram has quit [Ping timeout]
08:53:58 -!- Rawr|Fone has quit [Ping timeout]
09:22:45 -!- DuB` has quit [Signed off]
13:36:36 -!- Rawr|Fone has quit [Ping timeout]
17:05:09 -!- Zounds has quit [Signed off]
17:08:04 -!- Bio has quit [Signed off]
19:05:08 -!- Rawr|Fone has quit [Ping timeout]
20:55:05 -!- Golly has quit [Ping timeout]
22:07:30 -!- Zounds has quit [Signed off]
23:59:30 -!- Dot has quit [Read error: Connection reset by peer]
