00:01:30 -!- Dot has quit [EOF from client]
00:28:58 -!- reification has quit [Signed off]
01:09:58 -!- Rawr|Fone has quit [Ping timeout]
01:21:48 -!- Runbunny has quit [Signed off]
01:43:14 -!- tredc has quit [Signed off]
03:12:19 -!- Crisium has quit [Signed off]
03:48:47 -!- Rawr|Fone has quit [Ping timeout]
05:21:58 -!- Rawr|Fone has quit [Ping timeout]
08:05:09 -!- DoT|Phone1 has quit [Ping timeout]
08:33:55 -!- skram has quit [Ping timeout]
08:51:49 -!- DuB` has quit [Signed off]
09:38:18 -!- Phearlock has quit [Ping timeout]
10:44:50 -!- Camail has quit [Read error: Connection reset by peer]
10:48:15 -!- Golly has quit [Ping timeout]
12:07:21 -!- Rawr|Fone has quit [Ping timeout]
13:00:24 -!- DoT|Phone has quit [Ping timeout]
13:05:47 -!- Rawr|Phone has quit [Read error: Connection reset by peer]
13:54:38 -!- reification has quit [Ping timeout]
15:45:22 -!- BioPhone has quit [EOF from client]
16:08:28 -!- Rawr|Fone has quit [Ping timeout]
16:49:20 -!- BioPhone has quit [EOF from client]
17:07:07 -!- reification has quit [Ping timeout]
17:17:59 -!- BioPhone has quit [EOF from client]
17:36:34 -!- BioPhone has quit [Ping timeout]
17:48:03 -!- BioPone has quit [Signed off]
17:51:56 -!- BioPone has quit [Read error: Connection reset by peer]
18:25:28 -!- DoT|Phone has quit [Ping timeout]
18:38:23 -!- BioPone has quit [EOF from client]
18:45:01 -!- BioPone has quit [EOF from client]
18:58:38 -!- reification has quit [Ping timeout]
19:10:07 -!- carcinization has quit [Ping timeout]
19:17:37 -!- reification has quit [Ping timeout]
19:20:22 -!- Crisium has quit [Ping timeout]
19:35:36 -!- Crisium|2 has quit [Ping timeout]
19:39:12 -!- Rawr|Phone has quit [Read error: Connection reset by peer]
19:42:30 -!- BioPone has quit [Read error: Connection reset by peer]
20:15:07 -!- carcinization has quit [Ping timeout]
20:24:28 -!- BioPhone has quit [EOF from client]
20:34:53 -!- BioPhone has quit [EOF from client]
20:51:03 -!- skram has quit [Ping timeout]
22:31:43 -!- BioPhone has quit [Ping timeout]
22:45:12 -!- BioPone has quit [Read error: Connection reset by peer]
23:13:52 -!- Zounds has quit [Signed off]
23:27:30 -!- BioPone has quit [Read error: Connection reset by peer]
23:28:48 -!- Runbunny has quit [Signed off]
