00:05:35 -!- BioPone has quit [EOF from client]
00:41:40 -!- BioPone has quit [EOF from client]
00:54:06 -!- carcinization has quit [Signed off]
00:59:53 -!- BioPone has quit [EOF from client]
01:42:25 -!- Runbunny has quit [Signed off]
01:53:06 -!- Dot has quit [EOF from client]
02:15:04 -!- BioPone has quit [Signed off]
02:28:48 -!- tredc has quit [Signed off]
02:34:37 -!- Crisium has quit [Signed off]
02:39:48 -!- Rawr|Fone has quit [Ping timeout]
04:10:05 -!- Rawr|Fone has quit [Ping timeout]
04:35:13 -!- DoT|Phone has quit [Read error: Connection reset by peer]
04:38:04 -!- DoT|Phone has quit [Read error: Connection reset by peer]
04:38:11 -!- DoT|Phone1 has quit [Read error: Connection reset by peer]
04:39:13 -!- DoT|Phone2 has quit [Read error: Connection reset by peer]
04:47:37 -!- Rawr|Fone has quit [Ping timeout]
05:08:34 -!- DoT|Phone1 has quit [Read error: Connection reset by peer]
05:09:13 -!- DoT|Phone has quit [Ping timeout]
05:09:33 -!- DoT|Phone1 has quit [Read error: Connection reset by peer]
05:13:06 -!- DoT|Phone1 has quit [Read error: Connection reset by peer]
05:13:53 -!- skram has quit [Ping timeout]
05:14:34 -!- DoT|Phone2 has quit [Ping timeout]
05:15:32 -!- DoT|Phone has quit [Ping timeout]
05:19:06 -!- DoT|Phone3 has quit [Ping timeout]
05:27:25 -!- DoT|Phone1 has quit [Read error: Connection reset by peer]
05:28:49 -!- DoT|Phone2 has quit [Read error: Connection reset by peer]
05:32:16 -!- DoT|Phone2 has quit [Read error: Connection reset by peer]
05:32:18 -!- DoT|Phone1 has quit [Read error: Connection reset by peer]
05:32:45 -!- Camail has quit [Signed off]
05:37:12 -!- Rawr|Fone has quit [Ping timeout]
05:48:48 -!- Phearlock has quit [Ping timeout]
06:09:11 -!- DoT|Phone3 has quit [Ping timeout]
06:25:23 -!- DoT|Phone has quit [Read error: Connection reset by peer]
07:21:27 -!- DoT|Phone1 has quit [Read error: Connection reset by peer]
07:21:38 -!- DoT|Phone has quit [Read error: Connection reset by peer]
07:57:46 -!- DoT|Phone1 has quit [Read error: Connection reset by peer]
08:04:13 -!- DoT|Phone has quit [Read error: Connection reset by peer]
08:09:42 -!- Rawr|Fone has quit [Ping timeout]
09:28:09 -!- DoT|Phone has quit [EOF from client]
10:32:19 -!- DuB` has quit [Signed off]
11:06:56 -!- Dot has quit [Ping timeout]
11:27:05 -!- reification has quit [Ping timeout]
11:41:33 -!- Dot` has quit [Ping timeout]
11:58:36 -!- Dot has quit [Ping timeout]
11:59:25 -!- Dot` has quit [Ping timeout]
12:08:17 -!- Dot`_ has quit [Ping timeout]
12:12:17 -!- Dot has quit [Ping timeout]
12:41:13 -!- carcinization has quit [Ping timeout]
15:42:02 -!- Rawr|Phone has quit [Read error: Connection reset by peer]
16:28:59 -!- Crisium has quit [Ping timeout]
16:42:34 -!- Crisium|2 has quit [Ping timeout]
18:30:22 -!- Golly has quit [Ping timeout]
19:20:11 -!- Rawr|Fone has quit [Ping timeout]
19:34:21 -!- Dot` has quit [Ping timeout]
20:01:53 -!- Rawr|Fone has quit [Ping timeout]
20:03:44 -!- DoT|Phone has quit [Read error: Connection reset by peer]
20:19:09 -!- DoT|Phone1 has quit [Read error: Connection reset by peer]
20:19:10 -!- DoT|Phone has quit [Read error: Connection reset by peer]
20:55:43 -!- Zounds has quit [Ping timeout]
23:03:35 -!- reimeuk has quit [Ping timeout]
