00:42:55 -!- reification has quit [Signed off]
01:46:02 -!- Runbunny has quit [Signed off]
01:50:54 -!- tredc has quit [Signed off]
02:03:27 -!- Crisium has quit [Signed off]
02:18:25 -!- Rawr|Fone has quit [Ping timeout]
04:14:05 -!- Rawr|Fone has quit [Ping timeout]
06:01:25 -!- Cane has quit [Read error: Connection reset by peer]
06:53:31 -!- Camail has quit [Signed off]
07:08:46 -!- Methos has quit [Ping timeout]
07:32:07 -!- Rawr|Fone has quit [Ping timeout]
07:35:24 -!- DuB` has quit [Signed off]
08:35:51 -!- DoT|Phone1 has quit [Ping timeout]
10:44:12 -!- Golly has quit [Signed off]
11:33:10 -!- Rawr|Fone has quit [Ping timeout]
12:24:04 -!- BioPone has quit [Read error: Connection reset by peer]
13:28:33 -!- BioPone has quit [EOF from client]
13:29:30 -!- Rawr|Phone has quit [Read error: Connection reset by peer]
13:56:47 -!- BioPone has quit [EOF from client]
14:37:46 -!- DoT|Phone has quit [Ping timeout]
16:39:04 -!- tredc has quit [EOF from client]
16:51:02 -!- Rawr|Fone has quit [Ping timeout]
17:17:57 -!- BioPone has quit [EOF from client]
17:26:02 -!- BioPone has quit [EOF from client]
17:32:33 -!- DoT|Phone has quit [Read error: Connection reset by peer]
18:06:44 -!- reification has quit [Ping timeout]
18:12:49 -!- DuBtop has quit [Signed off]
19:35:14 -!- Rawr|Phone has quit [Read error: Connection reset by peer]
19:38:38 -!- BioPone has quit [EOF from client]
20:35:15 -!- BioPhone has quit [EOF from client]
20:52:51 -!- Zounds has quit [Ping timeout]
21:54:10 -!- Dot has quit [Read error: Connection reset by peer]
22:12:09 -!- skram has quit [Ping timeout]
22:22:12 -!- BioPhone has quit [Ping timeout]
22:23:29 -!- Zounds has quit [Signed off]
22:39:47 -!- Golly has quit [Ping timeout]
22:39:47 -!- BioPone has quit [Read error: Connection reset by peer]
22:48:42 -!- BioPone has quit [EOF from client]
23:13:16 -!- skram has quit [Signed off]
23:16:02 -!- BioPone has quit [EOF from client]
