01:02:54 -!- tredc has quit [Signed off]
01:27:38 -!- reification has quit [Signed off]
02:01:15 -!- Runbunny has quit [Signed off]
02:47:26 -!- Micen_ has quit [Read error: Connection reset by peer]
02:53:04 -!- Crisium has quit [Signed off]
03:08:04 -!- skram has quit [Signed off]
06:19:38 -!- Rawr|Fone has quit [Ping timeout]
06:52:54 -!- Camail has quit [Signed off]
08:02:50 -!- DoT|Phone1 has quit [Ping timeout]
08:17:17 -!- DuB` has quit [Signed off]
12:52:32 -!- BioPhone has quit [Ping timeout]
13:11:19 -!- BioPone has quit [Ping timeout]
13:29:52 -!- BioPone has quit [EOF from client]
14:57:04 -!- Zounds has quit [Signed off]
15:27:35 -!- Rawr|Fone has quit [Ping timeout]
15:37:42 -!- BioPhone has quit [EOF from client]
16:09:38 -!- BioPhone has quit [EOF from client]
16:23:36 -!- BioPhone has quit [EOF from client]
16:50:24 -!- BioPhone has quit [Ping timeout]
16:57:09 -!- DoT|Phone has quit [Read error: Connection reset by peer]
17:11:05 -!- BioPone has quit [Read error: Connection reset by peer]
17:51:56 -!- DoT|Phone1 has quit [Ping timeout]
18:10:13 -!- reification has quit [Ping timeout]
18:15:43 -!- carcinization has quit [Ping timeout]
18:20:10 -!- Cane has quit [Read error: Connection reset by peer]
19:07:43 -!- reification has quit [Ping timeout]
20:12:45 -!- Golly has quit [Ping timeout]
20:13:43 -!- carcinization has quit [Ping timeout]
20:15:14 -!- reimeuk has quit [Ping timeout]
20:36:13 -!- reification has quit [Ping timeout]
20:48:51 -!- BioPhone has quit [EOF from client]
20:58:23 -!- BioPhone has quit [Read error: Connection reset by peer]
21:34:02 -!- BioPhone has quit [EOF from client]
21:48:34 -!- tredc has quit [Ping timeout]
22:01:44 -!- BioPhone has quit [Read error: Connection reset by peer]
22:21:07 -!- BioPone has quit [EOF from client]
22:41:30 -!- BioPone has quit [EOF from client]
22:51:59 -!- Dot has quit [Read error: Connection reset by peer]
23:49:07 -!- Rawr|Phone has quit [Ping timeout]
23:54:10 -!- DuB` has quit [Ping timeout]
