00:44:14 -!- reification has quit [Ping timeout]
00:58:54 -!- Runbunny has quit [Signed off]
01:37:15 -!- tredc has quit [Signed off]
02:54:37 -!- Crisium has quit [Signed off]
03:47:40 -!- Rawr|Fone has quit [Ping timeout]
04:03:29 -!- skram has quit [Ping timeout]
04:44:44 -!- Rawr|Fone has quit [Ping timeout]
05:17:15 -!- DoT|Phone1 has quit [EOF from client]
05:52:31 -!- Camail has quit [Signed off]
07:40:47 -!- DoT|Phone has quit [Ping timeout]
08:19:45 -!- DuB` has quit [Signed off]
08:54:54 -!- skram has quit [Ping timeout]
09:27:51 -!- Rawr|Fone has quit [Ping timeout]
11:08:38 -!- reification has quit [Ping timeout]
12:51:03 -!- BioPhone has quit [EOF from client]
13:02:08 -!- carcinization has quit [Ping timeout]
13:17:32 -!- BioPhone has quit [Read error: Connection reset by peer]
13:30:58 -!- BioPone has quit [EOF from client]
16:05:57 -!- DoT|Phone1 has quit [Read error: Connection reset by peer]
16:17:57 -!- DoT|Phone has quit [Ping timeout]
16:49:24 -!- DoT|Phone1 has quit [Read error: Connection reset by peer]
16:49:45 -!- DoT|Phone has quit [EOF from client]
17:16:28 -!- BioPone has quit [EOF from client]
17:16:33 -!- DoT|Phone has quit [Ping timeout]
17:41:13 -!- Rawr|Fone has quit [Ping timeout]
17:55:08 -!- reification has quit [Ping timeout]
18:59:57 -!- carcinization has quit [Read error: Connection reset by peer]
19:03:19 -!- BioPone has quit [Ping timeout]
19:19:48 -!- BioPone has quit [Read error: Connection reset by peer]
20:13:38 -!- carcinization has quit [Ping timeout]
20:16:37 -!- BioPone has quit [Read error: Connection reset by peer]
20:32:06 -!- BioPone has quit [Ping timeout]
21:08:09 -!- reification has quit [Ping timeout]
21:20:38 -!- carcinization has quit [Ping timeout]
21:36:28 -!- Zounds has quit [Signed off]
21:48:08 -!- reimeuk has quit [Ping timeout]
22:00:06 -!- Golly has quit [Ping timeout]
22:20:38 -!- reification has quit [Ping timeout]
23:10:50 -!- BioPone has quit [EOF from client]
23:25:08 -!- carcinization has quit [Ping timeout]
23:30:08 -!- reification has quit [Ping timeout]
23:42:09 -!- BioPone has quit [EOF from client]
23:54:06 -!- BioPone has quit [EOF from client]
