20:21:02 :underworld1.no.quakenet.org 001 sweetiebot :Welcome to the QuakeNet IRC Network, sweetiebot
20:21:02 :underworld1.no.quakenet.org 002 sweetiebot :Your host is underworld1.no.quakenet.org, running version u2.10.12.10+snircd(1.3.4a)
20:21:02 :underworld1.no.quakenet.org 003 sweetiebot :This server was created Sat Feb 7 2015 at 01:50:43 CET
20:21:02 :underworld1.no.quakenet.org 004 sweetiebot underworld1.no.quakenet.org u2.10.12.10+snircd(1.3.4a) dioswkgxRXInP biklmnopstvrDcCNuMT bklov
20:21:02 :underworld1.no.quakenet.org 005 sweetiebot WHOX WALLCHOPS WALLVOICES USERIP CPRIVMSG CNOTICE SILENCE=15 MODES=6 MAXCHANNELS=20 MAXBANS=45 NICKLEN=15 :are supported by this server
20:21:02 :underworld1.no.quakenet.org 005 sweetiebot MAXNICKLEN=15 TOPICLEN=250 AWAYLEN=160 KICKLEN=250 CHANNELLEN=200 MAXCHANNELLEN=200 CHANTYPES=#& PREFIX=(ov)@+ STATUSMSG=@+ CHANMODES=b,k,l,imnpstrDducCNMT CASEMAPPING=rfc1459 NETWORK=QuakeNet :are supported by this server
20:21:02 :underworld1.no.quakenet.org 251 sweetiebot :There are 17 users and 15201 invisible on 29 servers
20:21:02 :underworld1.no.quakenet.org 252 sweetiebot 58 :operator(s) online
20:21:02 :underworld1.no.quakenet.org 253 sweetiebot 1 :unknown connection(s)
20:21:02 :underworld1.no.quakenet.org 254 sweetiebot 12877 :channels formed
20:21:02 :underworld1.no.quakenet.org 255 sweetiebot :I have 1667 clients and 1 servers
20:21:02 :underworld1.no.quakenet.org 375 sweetiebot :- underworld1.no.quakenet.org Message of the Day - 
20:21:02 :underworld1.no.quakenet.org 372 sweetiebot :- 2014-12-11 12:37
20:21:02 :underworld1.no.quakenet.org 372 sweetiebot :- 
20:21:02 :underworld1.no.quakenet.org 372 sweetiebot :-            Welcome to the QuakeNet IRC Network!     __     __ 
20:21:02 :underworld1.no.quakenet.org 372 sweetiebot :- .--.--.-----.--|  |.-----.----.--.--.--.-----.----.|  |.--|  |
20:21:02 :underworld1.no.quakenet.org 372 sweetiebot :- |  |  |     |  _  ||  -__|   _|  |  |  |  _  |   _||  ||  _  |
20:21:02 :underworld1.no.quakenet.org 372 sweetiebot :- |_____|__|__|_____||_____|__| |________|_____|__|  |__||_____|
20:21:02 :underworld1.no.quakenet.org 372 sweetiebot :-     U N D E R W O R L D 1 . N O . Q U A K E N E T . O R G
20:21:02 :underworld1.no.quakenet.org 372 sweetiebot :- 
20:21:02 :underworld1.no.quakenet.org 372 sweetiebot :- This server is hosted by Underworld <www.underworld.no> in
20:21:02 :underworld1.no.quakenet.org 372 sweetiebot :- cooperation with Availo AS.
20:21:02 :underworld1.no.quakenet.org 372 sweetiebot :- 
20:21:02 :underworld1.no.quakenet.org 372 sweetiebot :-   [ Disclaimer ]
20:21:02 :underworld1.no.quakenet.org 372 sweetiebot :- 
20:21:02 :underworld1.no.quakenet.org 372 sweetiebot :- IRC is a free media, the operators of this network take no 
20:21:02 :underworld1.no.quakenet.org 372 sweetiebot :- responsibility whatsoever for opinions expressed or actions
20:21:02 :underworld1.no.quakenet.org 372 sweetiebot :- taken by users.
20:21:02 :underworld1.no.quakenet.org 372 sweetiebot :- 
20:21:02 :underworld1.no.quakenet.org 372 sweetiebot :- By connecting to this server you give us the right to
20:21:02 :underworld1.no.quakenet.org 372 sweetiebot :- probe your machine for open proxies/wingates.
20:21:02 :underworld1.no.quakenet.org 372 sweetiebot :- 
20:21:02 :underworld1.no.quakenet.org 372 sweetiebot :-   [ Staff ]
20:21:02 :underworld1.no.quakenet.org 372 sweetiebot :- 
20:21:02 :underworld1.no.quakenet.org 372 sweetiebot :- Administrator  ::  Hardy     <hardy(a)underworld.no>
20:21:02 :underworld1.no.quakenet.org 372 sweetiebot :- Operator       ::  akai       <akai(a)underworld.no>
20:21:02 :underworld1.no.quakenet.org 372 sweetiebot :- Operator       ::  Microbe <microbe(a)underworld.no>
20:21:02 :underworld1.no.quakenet.org 372 sweetiebot :- 
20:21:02 :underworld1.no.quakenet.org 372 sweetiebot :-   [ Rules ]                                       
20:21:02 :underworld1.no.quakenet.org 372 sweetiebot :- 
20:21:02 :underworld1.no.quakenet.org 372 sweetiebot :- This network may NOT be used for:
20:21:02 :underworld1.no.quakenet.org 372 sweetiebot :- 
20:21:02 :underworld1.no.quakenet.org 372 sweetiebot :- * Flooding (including flood/clonebots).
20:21:02 :underworld1.no.quakenet.org 372 sweetiebot :- * Distribution of copyrighted material (eg, warez, mp3, 
20:21:02 :underworld1.no.quakenet.org 372 sweetiebot :-   movies) or pornography.
20:21:02 :underworld1.no.quakenet.org 372 sweetiebot :- * Channels dedicated to cheats designed to cause unfair
20:21:02 :underworld1.no.quakenet.org 372 sweetiebot :-   advantage in multiplayer games.
20:21:02 :underworld1.no.quakenet.org 372 sweetiebot :- * Clones. Please contact info@quakenet.org if you require
20:21:02 :underworld1.no.quakenet.org 372 sweetiebot :-   more than five clients (LAN parties, bots, etc).
20:21:02 :underworld1.no.quakenet.org 372 sweetiebot :- * Attempts to takeover existing channels or network services.
20:21:02 :underworld1.no.quakenet.org 372 sweetiebot :- * Racism and/or Nazism.
20:21:02 :underworld1.no.quakenet.org 372 sweetiebot :- * Spamming and/or advertising.
20:21:02 :underworld1.no.quakenet.org 372 sweetiebot :- * Hacking (including Virus/Trojan distribution).
20:21:02 :underworld1.no.quakenet.org 372 sweetiebot :-  
20:21:02 :underworld1.no.quakenet.org 372 sweetiebot :- Continued use of this server indicates acceptance of these
20:21:02 :underworld1.no.quakenet.org 372 sweetiebot :- conditions.
20:21:02 :underworld1.no.quakenet.org 372 sweetiebot :- 
20:21:02 :underworld1.no.quakenet.org 372 sweetiebot :-   [ Information & Help ]
20:21:02 :underworld1.no.quakenet.org 372 sweetiebot :- 
20:21:02 :underworld1.no.quakenet.org 372 sweetiebot :- Quakenet web page     ::  http://www.quakenet.org
20:21:02 :underworld1.no.quakenet.org 372 sweetiebot :- Quakenet help page    ::  http://www.quakenet.org/faq
20:21:02 :underworld1.no.quakenet.org 372 sweetiebot :- Quakenet servers      ::  http://www.quakenet.org/servers
20:21:02 :underworld1.no.quakenet.org 372 sweetiebot :- 
20:21:02 :underworld1.no.quakenet.org 372 sweetiebot :- Network Channel       ::  #feds
20:21:02 :underworld1.no.quakenet.org 372 sweetiebot :- Help Channel          ::  #help
20:21:02 :underworld1.no.quakenet.org 372 sweetiebot :- Server Channel        ::  #underworld
20:21:02 :underworld1.no.quakenet.org 372 sweetiebot :- Norwegian Channel     ::  #Norge
20:21:02 :underworld1.no.quakenet.org 372 sweetiebot :- 
20:21:02 :underworld1.no.quakenet.org 372 sweetiebot :- You can contact the staff on <quakenet-staff(a)underworld.no>
20:21:02 :underworld1.no.quakenet.org 372 sweetiebot :- 
20:21:02 :underworld1.no.quakenet.org 372 sweetiebot :- This network has channel services. Consult the webpage above 
20:21:02 :underworld1.no.quakenet.org 372 sweetiebot :- to find information on how to use and obtain these services.
20:21:03 :underworld1.no.quakenet.org 372 sweetiebot :- 
20:21:03 :underworld1.no.quakenet.org 372 sweetiebot :-   [ Have a nice stay! ]
20:21:03 :underworld1.no.quakenet.org 372 sweetiebot :- 
20:21:03 :underworld1.no.quakenet.org 372 sweetiebot :- 
20:21:03 :underworld1.no.quakenet.org 376 sweetiebot :End of /MOTD command.
20:21:03 :underworld1.no.quakenet.org 221 sweetiebot +i
20:21:03 :underworld1.no.quakenet.org 332 sweetiebot #tlponies :Happy new year! <3
20:21:03 :underworld1.no.quakenet.org 333 sweetiebot #tlponies Q 1549062451
20:21:03 :underworld1.no.quakenet.org 353 sweetiebot @ #tlponies :sweetiebot Phearlock BioPone +reification Rawr|Fone DuB` Dot DoT|Phone1 +Camail Zounds tredc Golly @Cane Runbunny Micen Twi Rarity motbob +CockRoach|42 +Westy543 @Q +Emily +Methos
20:21:03 :underworld1.no.quakenet.org 366 sweetiebot #tlponies :End of /NAMES list.
20:21:03 :underworld1.no.quakenet.org 353 sweetiebot = #camtestinggg :@sweetiebot
20:21:03 :underworld1.no.quakenet.org 366 sweetiebot #camtestinggg :End of /NAMES list.
