04:24:49 :underworld2.no.quakenet.org 001 sweetiebot :Welcome to the QuakeNet IRC Network, sweetiebot
04:24:49 :underworld2.no.quakenet.org 002 sweetiebot :Your host is underworld2.no.quakenet.org, running version u2.10.12.10+snircd(1.3.4a)
04:24:49 :underworld2.no.quakenet.org 003 sweetiebot :This server was created Fri May 24 2013 at 22:12:24 CEST
04:24:49 :underworld2.no.quakenet.org 004 sweetiebot underworld2.no.quakenet.org u2.10.12.10+snircd(1.3.4a) dioswkgxRXInP biklmnopstvrDcCNuMT bklov
04:24:49 :underworld2.no.quakenet.org 005 sweetiebot WHOX WALLCHOPS WALLVOICES USERIP CPRIVMSG CNOTICE SILENCE=15 MODES=6 MAXCHANNELS=20 MAXBANS=45 NICKLEN=15 :are supported by this server
04:24:49 :underworld2.no.quakenet.org 005 sweetiebot MAXNICKLEN=15 TOPICLEN=250 AWAYLEN=160 KICKLEN=250 CHANNELLEN=200 MAXCHANNELLEN=200 CHANTYPES=#& PREFIX=(ov)@+ STATUSMSG=@+ CHANMODES=b,k,l,imnpstrDducCNMT CASEMAPPING=rfc1459 NETWORK=QuakeNet :are supported by this server
04:24:49 :underworld2.no.quakenet.org 251 sweetiebot :There are 16 users and 13218 invisible on 28 servers
04:24:49 :underworld2.no.quakenet.org 252 sweetiebot 57 :operator(s) online
04:24:49 :underworld2.no.quakenet.org 254 sweetiebot 11925 :channels formed
04:24:49 :underworld2.no.quakenet.org 255 sweetiebot :I have 294 clients and 1 servers
04:24:49 :underworld2.no.quakenet.org 375 sweetiebot :- underworld2.no.quakenet.org Message of the Day - 
04:24:49 :underworld2.no.quakenet.org 372 sweetiebot :- 2013-5-24 22:06
04:24:49 :underworld2.no.quakenet.org 372 sweetiebot :- 
04:24:49 :underworld2.no.quakenet.org 372 sweetiebot :-            Welcome to the QuakeNet IRC Network!     __     __ 
04:24:49 :underworld2.no.quakenet.org 372 sweetiebot :- .--.--.-----.--|  |.-----.----.--.--.--.-----.----.|  |.--|  |
04:24:49 :underworld2.no.quakenet.org 372 sweetiebot :- |  |  |     |  _  ||  -__|   _|  |  |  |  _  |   _||  ||  _  |
04:24:49 :underworld2.no.quakenet.org 372 sweetiebot :- |_____|__|__|_____||_____|__| |________|_____|__|  |__||_____|
04:24:49 :underworld2.no.quakenet.org 372 sweetiebot :-     U N D E R W O R L D . N O . Q U A K E N E T . O R G
04:24:49 :underworld2.no.quakenet.org 372 sweetiebot :- 
04:24:49 :underworld2.no.quakenet.org 372 sweetiebot :- This server is hosted by Underworld <www.underworld.no> in
04:24:49 :underworld2.no.quakenet.org 372 sweetiebot :- cooperation with UNINETT, The Norwegian research network.
04:24:49 :underworld2.no.quakenet.org 372 sweetiebot :- 
04:24:49 :underworld2.no.quakenet.org 372 sweetiebot :-   [ Disclaimer ]
04:24:49 :underworld2.no.quakenet.org 372 sweetiebot :- 
04:24:49 :underworld2.no.quakenet.org 372 sweetiebot :- IRC is a free media, the operators of this network take no 
04:24:49 :underworld2.no.quakenet.org 372 sweetiebot :- responsibility whatsoever for opinions expressed or actions
04:24:49 :underworld2.no.quakenet.org 372 sweetiebot :- taken by users.
04:24:49 :underworld2.no.quakenet.org 372 sweetiebot :- 
04:24:49 :underworld2.no.quakenet.org 372 sweetiebot :- By connecting to this server you give us the right to
04:24:49 :underworld2.no.quakenet.org 372 sweetiebot :- probe your machine for open proxies/wingates.
04:24:49 :underworld2.no.quakenet.org 372 sweetiebot :- 
04:24:49 :underworld2.no.quakenet.org 372 sweetiebot :-   [ Staff ]
04:24:49 :underworld2.no.quakenet.org 372 sweetiebot :- 
04:24:49 :underworld2.no.quakenet.org 372 sweetiebot :- Administrator  ::  Hardy     <hardy(a)underworld.no>
04:24:49 :underworld2.no.quakenet.org 372 sweetiebot :- Operator       ::  akai       <akai(a)underworld.no>
04:24:49 :underworld2.no.quakenet.org 372 sweetiebot :- Operator       ::  Microbe <microbe(a)underworld.no
04:24:49 :underworld2.no.quakenet.org 372 sweetiebot :- 
04:24:49 :underworld2.no.quakenet.org 372 sweetiebot :-   [ Rules ]                                       
04:24:49 :underworld2.no.quakenet.org 372 sweetiebot :- 
04:24:49 :underworld2.no.quakenet.org 372 sweetiebot :- This network may NOT be used for:
04:24:49 :underworld2.no.quakenet.org 372 sweetiebot :- 
04:24:49 :underworld2.no.quakenet.org 372 sweetiebot :- * Flooding (including flood/clonebots).
04:24:49 :underworld2.no.quakenet.org 372 sweetiebot :- * Distribution of copyrighted material (eg, warez, mp3, 
04:24:49 :underworld2.no.quakenet.org 372 sweetiebot :-   movies) or pornography.
04:24:49 :underworld2.no.quakenet.org 372 sweetiebot :- * Channels dedicated to cheats designed to cause unfair
04:24:49 :underworld2.no.quakenet.org 372 sweetiebot :-   advantage in multiplayer games.
04:24:49 :underworld2.no.quakenet.org 372 sweetiebot :- * Clones. Please contact info@quakenet.org if you require
04:24:49 :underworld2.no.quakenet.org 372 sweetiebot :-   more than five clients (LAN parties, bots, etc).
04:24:49 :underworld2.no.quakenet.org 372 sweetiebot :- * Attempts to takeover existing channels or network services.
04:24:49 :underworld2.no.quakenet.org 372 sweetiebot :- * Racism and/or Nazism.
04:24:49 :underworld2.no.quakenet.org 372 sweetiebot :- * Spamming and/or advertising.
04:24:49 :underworld2.no.quakenet.org 372 sweetiebot :- * Hacking (including Virus/Trojan distribution).
04:24:49 :underworld2.no.quakenet.org 372 sweetiebot :-  
04:24:49 :underworld2.no.quakenet.org 372 sweetiebot :- Continued use of this server indicates acceptance of these
04:24:49 :underworld2.no.quakenet.org 372 sweetiebot :- conditions.
04:24:49 :underworld2.no.quakenet.org 372 sweetiebot :- 
04:24:49 :underworld2.no.quakenet.org 372 sweetiebot :-   [ Information & Help ]
04:24:49 :underworld2.no.quakenet.org 372 sweetiebot :- 
04:24:49 :underworld2.no.quakenet.org 372 sweetiebot :- Quakenet web page     ::  http://www.quakenet.org
04:24:49 :underworld2.no.quakenet.org 372 sweetiebot :- Quakenet help page    ::  http://www.quakenet.org/faq
04:24:49 :underworld2.no.quakenet.org 372 sweetiebot :- Quakenet servers      ::  http://www.quakenet.org/Servers
04:24:49 :underworld2.no.quakenet.org 372 sweetiebot :- 
04:24:49 :underworld2.no.quakenet.org 372 sweetiebot :- Network Channel       ::  #feds
04:24:49 :underworld2.no.quakenet.org 372 sweetiebot :- Help Channel          ::  #help
04:24:49 :underworld2.no.quakenet.org 372 sweetiebot :- Server Channel        ::  #underworld
04:24:49 :underworld2.no.quakenet.org 372 sweetiebot :- Norwegian Channel     ::  #Norge
04:24:49 :underworld2.no.quakenet.org 372 sweetiebot :- 
04:24:49 :underworld2.no.quakenet.org 372 sweetiebot :- You can contact the staff on <quakenet-staff(a)underworld.no>
04:24:49 :underworld2.no.quakenet.org 372 sweetiebot :- 
04:24:49 :underworld2.no.quakenet.org 372 sweetiebot :- This network has channel services. Consult the webpage above 
04:24:49 :underworld2.no.quakenet.org 372 sweetiebot :- to find information on how to use and obtain these services.
04:24:49 :underworld2.no.quakenet.org 372 sweetiebot :- 
04:24:50 :underworld2.no.quakenet.org 372 sweetiebot :-   [ Have a nice stay! ]
04:24:50 :underworld2.no.quakenet.org 372 sweetiebot :- 
04:24:50 :underworld2.no.quakenet.org 376 sweetiebot :End of /MOTD command.
04:24:50 :underworld2.no.quakenet.org 221 sweetiebot +i
04:24:50 :underworld2.no.quakenet.org 353 sweetiebot @ #tlponies :sweetiebot +CockRoach|42 skrm DuB` +Camail DoT|Phone1 @Q @Cane +Emily motbob Methos icecream Bio
04:24:50 :underworld2.no.quakenet.org 366 sweetiebot #tlponies :End of /NAMES list.
04:24:50 :underworld2.no.quakenet.org 353 sweetiebot = #camtestinggg :@sweetiebot
04:24:50 :underworld2.no.quakenet.org 366 sweetiebot #camtestinggg :End of /NAMES list.
