00:56:08 * Bio hugs Dot` 
00:56:16 <Dot`> Hey pon
00:56:18 <Bio> i actually hate algorithms
00:56:24 <Bio> verymuch
00:57:29 <Dot`> haha, understandable
00:58:40 <Camail> i hate doing algorithm analysis, the algorithms themselves are fine they didnt hurt me
00:58:50 <Camail> but fuck all the math and stats, god i hate it it's so boring
00:59:02 <Camail> so yea, we we should ban them from the world
01:15:54 <DuB`> Ban ALL math
01:15:56 <DuB`> Even better.
01:17:08 <DuB`> OWL is pretty impressive
01:17:12 <Camail> no, normal math is good
01:17:30 <DuB`> Nuh uh
01:17:34 <DuB`> Math is the worst
01:17:34 <Camail> math in computer science is what sucks
01:18:07 <DuB`> Cam, all my professors for next semester are in a panic.
01:18:14 <Camail> no money?
01:18:27 <DuB`> LIterally every tax textboox is going to be obsolete the week before the semester starts.
01:18:33 <Camail> lul
01:18:48 <Camail> do they give people a chance to look at the new stuff tho
01:18:52 <Camail> that seems necessary
01:19:10 <Camail> but yea, shit sucks
01:19:14 <Camail> but there is a good flow chart
01:19:14 <DuB`> Ye, we've spent the entire last week in my research class just going over the current house/senate versions of the reform.
01:19:23 <DuB`> It's so scummy rofl
01:19:36 <Camail> just ask "did this law help people or hurt them" 
01:19:42 <Camail> and if it hurts people, that's the new law
01:20:39 <DuB`> Is the S in USA now the S of S/M?
01:20:51 <Camail> we live with the modern day Caliligula 
01:21:02 <DuB`> :T
01:21:03 <Camail> and i dont usually kink shame
01:21:19 <Camail> but this kind of financial domination is kinda ruining the mood
01:21:48 <DuB`> This and net neutrality at the same time has me pretty hopeless, sheesh
01:22:11 <DuB`> Gotta look at the positives... we got Ol' Musky doin' good
01:22:39 <DuB`> Cool stuff in science (just not environmental science) right now, etc.
01:22:58 <Camail> so anything the govt cant touch yet
01:24:27 <Camail> also the travel ban being in affect again
01:24:41 <Camail> thats a low key shit sandwich i didnt see a lot about
01:58:33 <skram> Dot`
01:58:42 <Dot`> Jonas!
01:58:48 <skram> good morning
02:01:10 <reification> g’night all
02:01:15 <skram> good night mr reif
02:02:57 <reification> .tell runbunny https://twitter.com/COLABKaliYuga/status/938823707979427841
02:04:40 -!- micen [~micen@h68.52.172.72.dynamic.ip.windstream.net] has joined #tlponies
02:07:28 <Dot`> gnight reif
02:07:32 <Dot`> what you up to mr skram
02:07:58 <skram> not much dot
02:08:00 <skram> what you do
02:10:00 <Dot`> plej
02:10:09 <Dot`> i should sleep soon
02:15:28 <skram> but i just woke up dot
02:15:33 <skram> what am i supposed to do
02:16:23 <Dot`> not sleep at silly times
02:16:31 <Dot`> roll on tables
02:19:18 <skram> http://www.handbookofheroes.com/archives/comic/mild-mannered-unicorn
02:27:58 <Bio> branch and bound algorithm complete
02:27:59 <Bio> FUCK
02:28:06 <Bio> ALL ASSIGNMENTS COMPLETE
02:28:09 <Bio> ASDF
02:28:12 <skram> is that not a good thing bio
02:28:19 <Bio> yes
02:28:21 <Bio> its just a pain
02:28:25 <Bio> i hate this class
02:28:29 <Bio> the teacher was awful
02:28:37 <Bio> I had no interest in high level cs
02:28:39 <Bio> asdf
02:28:49 <skram> and now you're done with it 4EVER
02:28:51 <Bio> i'm glad to be done with it
02:33:27 <Dot`> dedicate life to games and dnd
02:35:44 <Bio> well
02:35:55 <Bio> give me until thursday evening for that dotters
02:35:59 <Bio> still gotta pass exams
02:36:00 <Bio> =P
02:36:08 <Dot`> minor stuff
02:38:25 <Bio> time to find foods
02:38:36 <Dot`> gl
02:58:07 -!- Golly [~Golly@1.92-221-121.customer.lyse.net] has joined #tlponies
03:00:23 <BioPon> Poen
03:00:48 <BioPon> Found some garlic bread
03:04:10 <Dot`> add to pizza
03:06:25 <Camail> nap achieved
03:10:23 <BioPon> But cam, is 9
03:11:03 <Camail> it was worth it
03:11:14 <Camail> sleep made the headache go away
03:11:45 <Camail> no i watch critical role
03:11:50 <Camail> https://www.twitch.tv/geekandsundry
03:11:52 <Camail> murder time
03:11:59 <Camail> lvl 20 battle arena
03:17:43 <BioPon> Oh shit
03:17:50 <BioPon> Need to watch taht
03:17:57 <BioPon> Is everyone in
03:18:03 <Camail> sans Vex
03:18:07 <BioPon> Pike on skype?
03:18:11 <Camail> nope
03:18:18 <Camail> 5 in this one
03:19:14 <BioPon> Rip
03:19:26 <BioPon> Can't wait for the new campaign
03:20:26 <Camail> i dont think people understand how quickly they can kill keyleth if they try
03:21:03 <Camail> everyone is afraid of her spells, but god damn, scanlan can counterspell her to death if he really wants to
03:22:20 <BioPon> Yeh
03:22:37 <BioPon> I think her shapeshift is better
03:22:52 <BioPon> Free lives and such
04:04:52 <Camail> oh....well she can regain all hitpoints
04:04:55 <Camail> that changes things
04:05:07 <Camail> they really need to be killing her first, then
06:14:24 <Camail> https://www.youtube.com/watch?v=XcuFJXgU6cA&t=0s
06:14:28 <Camail> the fuck, kojima
06:14:58 <DuB`> Yeah that was...
06:15:01 <DuB`> something
06:22:30 <Camail> KEYLETH IS DOWN
06:22:31 <Camail> EZ
06:22:35 <Camail> i knew scanlan would do it
06:26:29 -!- Phearlock_ [~Phearlock@cm-84.215.228.107.getinternet.no] has joined #tlponies
06:26:29 -!- mode/#tlponies [+v Phearlock_] by Q
06:30:18 -!- Phearlock__ [~Phearlock@cm-84.215.228.107.getinternet.no] has joined #tlponies
06:35:57 -!- Phearlock [~Phearlock@cm-84.215.228.107.getinternet.no] has joined #tlponies
06:35:58 -!- mode/#tlponies [+v Phearlock] by Q
07:58:22 -!- Rawr|Phone [~AndChat52@m83-185-81-77.cust.tele2.se] has joined #tlponies
08:02:11 <Dot`> Mornign all
08:07:47 <Rawr|Phone> Dot dot dot
08:08:02 <Dot`> Rawr rawr rawr
08:08:04 <Dot`> <3
08:08:06 <Rawr|Phone> <3
08:08:07 <Dot`> we got snow
08:10:02 <Dot`> here rawr https://imgur.com/gallery/dd3mN
08:10:16 <Rawr|Phone> Sounds great dot
08:10:27 <Rawr|Phone> We haven't gotten any snow yet
08:10:45 <Dot`> .tell skram https://imgur.com/gallery/Q3WcV
08:20:46 -!- skram [~skram@109.203.11.251] has joined #tlponies
08:21:01 <Dot`> oh boy, skram!
08:22:59 <Dot`> Rawr, Dub is super rude
08:23:13 <Rawr|Phone> Yes
08:23:22 <Rawr|Phone> He is young dot
08:25:40 <Dot`> skram https://imgur.com/gallery/ip2LT
08:26:20 <skram> god morgon my frens
08:27:05 <Rawr|Phone> God morgon jonasfren
08:28:31 <skram> Henrik
08:28:32 <skram> gamle ørn
08:29:01 <Rawr|Phone> Min älskade jonas
08:29:05 <Rawr|Phone> Hur mår du
08:29:24 <skram> jättebra
08:29:27 <skram> i got paid
08:29:29 <skram> how a boat you
08:42:14 <Rawr|Phone> I am feeling great skram
08:42:17 <Rawr|Phone> At work
08:42:39 <Dot`> work horse
08:43:04 <skram> im gonna do a lil trip to town
08:43:07 <skram> ill see you boys later
08:43:21 <Dot`> later skram
08:56:52 <Rawr|Phone> Dot
08:56:59 <Rawr|Phone> Do you have work today
08:57:46 <Dot`> nope
09:13:36 <Rawr|Phone> Good
09:16:15 -!- Rawr|Fone [~AndChat52@89.255.242.40] has joined #tlponies
09:59:55 <skram> bJØRN
10:04:06 <Dot`> jONAS
10:09:05 <CockRoach|42> calm down horspons
10:09:09 <skram> im gonna go create CONFECTIONS
10:16:55 <Dot`> good luck
10:35:50 -!- Rawr|Phone [~AndChat52@m83-185-81-77.cust.tele2.se] has joined #tlponies
11:03:19 <Dot`> toast is good
11:41:58 -!- Golly [~Golly@1.92-221-121.customer.lyse.net] has joined #tlponies
11:55:04 -!- Rawr|Fone [~AndChat52@89.255.242.40] has joined #tlponies
12:07:37 <Dot`> rawr rawr
12:24:52 -!- Micen|Droid_ [~Micen@99-203-5-39.pools.spcsdns.net] has joined #tlponies
12:29:14 -!- Micen|Droid [~Micen@h68.52.172.72.dynamic.ip.windstream.net] has joined #tlponies
12:34:57 <Dot`> hey micen
12:46:14 <Rawr|Fone> Dot dot
12:48:03 <Dot`> <3
12:54:06 <skram> bjørn
12:55:02 <Dot`> wb
13:01:15 <skram> chocolate is very tricky to work with
13:05:05 <Dot`> doesn it not have the skills for the job ?
13:05:24 <skram> what
13:05:47 <Dot`> wat
13:06:23 <skram> i mean
13:06:29 <skram> its up to me and my arms are weak
13:06:51 <Dot`> pushups
13:10:28 <Dot`> rrawr cane https://imgur.com/gallery/rt7jZ
13:14:56 <skram> Neil Young released all his music for free at MASTER QUALITY (whatever that really means)
13:15:20 <skram> It sounds immense and its pulling like 50 mb/s in bandwidth
13:16:43 <Dot`> ...
13:27:20 -!- reification [~reificati@cpc76294-cosh16-2-0-cust297.6-1.cable.virginm.net] has joined #tlponies
13:27:20 -!- mode/#tlponies [+v reification] by Q
13:27:43 <reification> came 2nd in nikoli puzzle championship :(
13:28:01 <reification> .tell yolteotl https://twitter.com/TimmySaxophones/status/938836921966612480
13:31:07 <Dot`> hey reif!
13:31:09 <Dot`> snow!
13:31:50 <reification> you have the snow!?
13:32:56 <Dot`> yes!
13:33:05 <Dot`> and should get more over the next 2 days
13:33:10 <reification> weather map for the uk is looking very mixed now
13:33:15 <reification> lucky you dot
13:40:29 <skram> pls provide pictures
13:41:47 <skram> According to the spotfiy end of the year statistics thing i've listened to 54359 minutes of music to 1913 different songs, which means i've listened to each song 28 minutes on average
13:42:19 <skram> And on average 78 minutes to every artist
13:44:46 <skram> https://twitter.com/Skraemmern/status/939128457459531776
13:44:48 <skram> n e a t
13:47:18 <Dot`> such clickbait
13:48:58 <reification> bio https://twitter.com/dorseyshaw/status/938485896713789441
13:59:01 <skram> dot did you get photographic evidence of this so-called snowfall you claim to have
14:00:39 <skram> if not one might accuse you of making it up for upvotes
14:03:39 <Rawr|Fone> 🤔🤔🤔
14:08:40 <Dot`> it melted a bit now skram, but there wasnt much to start with
14:29:52 <Bio> gud
14:29:53 <Bio> morn
14:29:54 <Bio> pons
14:29:57 <Bio> henlo
14:37:01 <skram> GREETINGS MR BIO
14:37:16 <skram> is this your first day as a free man
14:37:20 <Bio> skarman
14:37:23 <Bio> not quite
14:37:26 <Bio> still must study
14:37:30 <Bio> 2 finals mon
14:37:32 <Bio> 1 thurs
14:37:39 <Bio> then thurs night
14:37:45 <Bio> i will be very very drunk
14:38:25 <Bio> my god, is there anything better than eggs and bacon and toast for breakfast?
14:38:30 <Bio> idk
14:38:34 <Bio> perhaps sausage
14:38:35 <skram> yes
14:38:48 <skram> eggs and bacon and toast AND beans in tomato sauce
14:39:06 <Bio> hmm
14:39:37 <Bio> I have not tried this, but first impression is not as good as sausage
14:40:21 <skram> well you can put sausage on it as well
14:40:27 <skram> isnt that what an english breakfast is
14:40:37 <Bio> mayhaps
14:40:57 <Bio> but as a red white and blue blooded MURRICAN, i am predisposed to not want anything ENGLISH
14:41:05 <Bio> obvs
14:42:12 <skram> you can make it a MURICAN SPECIAL by adding some .45 ACP cartridges
14:44:18 * Dot` hugs Bio
14:45:19 <Bio> of course!
14:45:23 <Bio> henlo dotters
14:46:30 <Dot`> how sthe Bio today
14:47:26 <Bio> gud
14:47:31 <Dot`> good
14:47:31 <Bio> gonna take today off from study
14:47:42 <Dot`> D:  brave
14:47:43 <Bio> then study for exam monday sat and sun
14:48:02 <Bio> no fear horse is me
14:49:00 <skram> finnish independence sale
14:49:06 <skram> i did not know that finland made video games
14:49:27 <Golly> werent the guys who mad max payne from finland
14:49:41 <skram> think so
14:49:54 <Golly> and death rally
14:50:19 <skram> ooooh and trine 2
14:50:39 <Dot`> i have not played any trines, but heard they where good co-op
14:51:18 <Dot`> skram wtf
14:51:36 <skram> now you have no excuse anymore
14:53:27 <skram> does skyrim have paid mods now
14:53:28 <skram> again
14:53:53 <Dot`> lol
14:54:20 <Golly> if you buy it on switch you get no mods and all the bugs
14:54:53 <Dot`> well that saves time
14:55:07 <Dot`> "mod it till it crashes" just becomes "crashes"
14:56:07 <skram> i wanna play skyrim again
14:56:13 <skram> should i bother with special edition
14:57:05 <Bio> https://pics.me.me/releasing-skyrim-over-and-over-again-to-get-more-money-23760536.png
14:58:44 <skram> .tell zounds https://i.imgur.com/tO5ZL1Y.jpg
14:59:52 <Bio> what is this abomination skrm
15:00:34 <skram> Scottish
15:00:35 <skram> i think
15:05:14 <Dot`> its snowing skram!
15:05:27 <skram> yeh boii!
15:10:46 <Dot`> rawr https://imgur.com/gallery/nBayk
15:10:56 <Dot`> is this you rawr?
15:16:26 <skram> as an expert in henriks
15:16:34 <skram> i can confirm that rawr is in fact a saint bernard
15:17:17 <skram> or maybe even 3 poodles in a trench coat
15:20:29 om)"
Q3.servers.filmsonthefly.com:80 78.47.11.130 - - [12/Jun/2012:01:23:08 +0930] "GET / HTTP/1.1" 200 649 "-" "Mozilla/4.0 (compatible; MSIE 6.0) WormlyBot; (+http://wormly.com)"
Q3.servers.filmsonthefly.com:80 78.47.11.130 - - [12/Jun/2012:01:24:08 +0930] "GET / HTTP/1.1" 200 649 "-" "Mozilla/4.0 (compatible; MSIE 6.0) WormlyBot; (+http://wormly.com)"
Q3.servers.filmsonthefly.com:80 78.47.11.130 - - [12/Jun/2012:01:25:07 +0930] "GET / HTTP/1.1" 200 649 "-" "Mozilla/4.0 (compatible; MSIE 6.0) WormlyBot; (+http://wormly.com)"
Q3.servers.filmsonthefly.com:80 78.47.11.130 - - [12/Jun/2012:01:26:07 +0930] "GET / HTTP/1.1" 200 649 "-" "Mozilla/4.0 (compatible; MSIE 6.0) WormlyBot; (+http://wormly.com)"
Q3.servers.filmsonthefly.com:80 184.72.226.23 - - [12/Jun/2012:01:26:50 +0930] "POST /monitor/agent.php HTTP/1.1" 200 1542 "-" "Wormly Server Monitoring ( http://www.wormly.com/ )"
Q3.servers.filmsonthefly.com:80 78.47.11.130 - - [12/Jun/2012:01:27:07 +0930] "GET / HTTP/1.1" 200 649 "-" "Mozilla/4.0 (compatible; MSIE 6.0) WormlyBot; (+http://wormly.com)"
Q3.servers.filmsonthefly.com:80 78.47.11.130 - - [12/Jun/2012:01:28:07 +0930] "GET / HTTP/1.1" 200 649 "-" "Mozilla/4.0 (compatible; MSIE 6.0) WormlyBot; (+http://wormly.com)"
Q3.servers.filmsonthefly.com:80 78.47.11.130 - - [12/Jun/2012:01:29:07 +0930] "GET / HTTP/1.1" 200 649 "-" "Mozilla/4.0 (compatible; MSIE 6.0) WormlyBot; (+http://wormly.com)"
Q3.servers.filmsonthefly.com:80 78.47.11.130 - - [12/Jun/2012:01:30:07 +0930] "GET / HTTP/1.1" 200 649 "-" "Mozilla/4.0 (compatible; MSIE 6.0) WormlyBot; (+http://wormly.com)"
Q3.servers.filmsonthefly.com:80 78.47.11.130 - - [12/Jun/2012:01:31:07 +0930] "GET / HTTP/1.1" 200 649 "-" "Mozilla/4.0 (compatible; MSIE 6.0) WormlyBot; (+http://wormly.com)"
Q3.servers.filmsonthefly.com:80 184.72.226.23 - - [12/Jun/2012:01:31:49 +0930] "POST /monitor/agent.php HTTP/1.1" 200 1538 "-" "Wormly Server Monitoring ( http://www.wormly.com/ )"
Q3.servers.filmsonthefly.com:80 78.47.11.130 - - [12/Jun/2012:01:32:07 +0930] "GET / HTTP/1.1" 200 649 "-" "Mozilla/4.0 (compatible; MSIE 6.0) WormlyBot; (+http://wormly.com)"
Q3.servers.filmsonthefly.com:80 78.47.11.130 - - [12/Jun/2012:01:33:07 +0930] "GET / HTTP/1.1" 200 649 "-" "Mozilla/4.0 (compatible; MSIE 6.0) WormlyBot; (+http://wormly.com)"
Q3.servers.filmsonthefly.com:80 78.47.11.130 - - [12/Jun/2012:01:34:07 +0930] "GET / HTTP/1.1" 200 649 "-" "Mozilla/4.0 (compatible; MSIE 6.0) WormlyBot; (+http://wormly.com)"
Q3.servers.filmsonthefly.com:80 78.47.11.130 - - [12/Jun/2012:01:35:06 +0930] "GET / HTTP/1.1" 200 649 "-" "Mozilla/4.0 (compatible; MSIE 6.0) WormlyBot; (+http://wormly.com)"
Q3.servers.filmsonthefly.com:80 78.47.11.130 - - [12/Jun/2012:01:36:06 +0930] "GET / HTTP/1.1" 200 649 "-" "Mozilla/4.0 (compatible; MSIE 6.0) WormlyBot; (+http://wormly.com)"
Q3.servers.filmsonthefly.com:80 184.72.226.23 - - [12/Jun/2012:01:36:49 +0930] "POST /monitor/agent.php HTTP/1.1" 200 1537 "-" "Wormly Server Monitoring ( http://www.wormly.com/ )"
Q3.servers.filmsonthefly.com:80 78.47.11.130 - - [12/Jun/2012:01:37:06 +0930] "GET / HTTP/1.1" 200 649 "-" "Mozilla/4.0 (compatible; MSIE 6.0) WormlyBot; (+http://wormly.com)"
Q3.servers.filmsonthefly.com:80 78.47.11.130 - - [12/Jun/2012:01:38:06 +0930] "GET / HTTP/1.1" 200 649 "-" "Mozilla/4.0 (compatible; MSIE 6.0) WormlyBot; (+http://wormly.com)"
Q3.servers.filmsonthefly.com:80 78.47.11.130 - - [12/Jun/2012:01:39:06 +0930] "GET / HTTP/1.1" 200 649 "-" "Mozilla/4.0 (compatible; MSIE 6.0) WormlyBot; (+http://wormly.com)"
Q3.servers.filmsonthefly.com:80 78.47.11.130 - - [12/Jun/2012:01:40:07 +0930] "GET / HTTP/1.1" 200 649 "-" "Mozilla/4.0 (compatible; MSIE 6.0) WormlyBot; (+http://wormly.com)"
Q3.servers.filmsonthefly.com:80 78.47.11.130 - - [12/Jun/2012:01:41:07 +0930] "GET / HTTP/1.1" 200 649 "-" "Mozilla/4.0 (compatible; MSIE 6.0) WormlyBot; (+http://wormly.com)"
Q3.servers.filmsonthefly.com:80 184.72.226.23 - - [12/Jun/2012:01:41:48 +0930] "POST /monitor/agent.php HTTP/1.1" 200 1540 "-" "Wormly Server Monitoring ( http://www.wormly.com/ )"
Q3.servers.filmsonthefl 5 artists DuB`
19:53:00 <DuB`> Wuh!
19:53:04 <DuB`> That olafur guy!
19:53:07 -!- tredc [~qwe@c83-251-161-94.bredband.comhem.se] has joined #tlponies
19:54:25 <skram> nope :p
19:54:42 <DuB`> I dunno mang
19:54:43 <skram> https://i.imgur.com/GjvjIlA.png
19:54:43 <DuB`> UHH
19:54:54 <DuB`> She nekkid
19:55:12 <skram> all the important bits are cropped out
19:55:34 <skram> lady gaga is in my top 5
19:55:42 <skram> which is very surprising honestly
19:55:46 <DuB`> Haha
19:57:14 <DuB`> My top artist and all 5 songs are REOL >_>
19:59:03 <skram> My top100 playlist is pretty moody honestly
19:59:10 <skram> apparently 2017 has been rough
19:59:10 <skram> :p
19:59:17 -!- tredc [~qwe@c83-251-161-94.bredband.comhem.se] has joined #tlponies
20:00:55 <DuB`> Hehe
20:04:11 <Zounds> If you can still get comfort from the music things aint so bad
20:05:29 <DuB`> I GOT
20:05:39 <DuB`> Some white chocolate hot cocoa stuff
20:05:40 <DuB`> IS SO GOOD
20:05:44 <DuB`> Mega-sweet mmmmmmm
20:05:50 <Dot`> Hey dubs
20:06:14 -!- tredc [~qwe@c83-251-161-94.bredband.comhem.se] has joined #tlponies
20:06:20 <DuB`> Dot!
20:08:58 <Dot`> what you up to dub
20:13:26 <DuB`> Trying to decide what to do with my friday!
20:13:35 <Dot`> ask swoots
20:16:01 <Dot`> i have to be up ealry tomorow D:
20:16:08 <DuB`> D:
20:28:19 -!- Phearlock [~Phearlock@cm-84.215.228.107.getinternet.no] has joined #tlponies
20:28:19 -!- mode/#tlponies [+v Phearlock] by Q
20:28:27 <Dot`> Phear <3
20:29:00 <Dot`> https://idrawraritwi.tumblr.com/post/168277152855/give-ur-horse-a-scarf
20:30:18 <Phearlock> hi ponpons
20:31:44 <CockRoach|42> hai phear
20:31:45 <Phearlock> D'aww
20:31:51 <Phearlock> snuggly pon scarf
20:33:11 -!- tredc [~qwe@c83-251-161-94.bredband.comhem.se] has joined #tlponies
20:47:32 <Bio> POEN
20:47:35 <Bio> henlo
20:47:39 <Bio> i did a nap
20:47:43 <Dot`> wb
20:47:43 <Bio> then did some vidya
20:53:12 <DuB`> DOT
20:53:15 <DuB`> scarfes
20:53:30 <Dot`> scarves!
20:54:06 <Rawr|Pone> Horses
20:56:30 <DuB`> .choose plej watch read 
20:56:32 <DuB`> oke
20:57:11 <Rawr|Pone> Dubnerd
20:59:30 <DuB`> well ya
20:59:45 -!- tredc [~qwe@c83-251-161-94.bredband.comhem.se] has joined #tlponies
21:01:18 <Dot`> Phearlock, Bio! https://imgur.com/a/BHkQU
21:03:55 <DuB`> EYEZ
21:05:58 -!- tredc [~qwe@c83-251-161-94.bredband.comhem.se] has joined #tlponies
21:06:24 <Dot`> skram
21:07:52 <Rawr|Pone> Dot
21:07:57 <Dot`> Rawr
21:08:03 <Rawr|Pone> <3
21:08:06 <Dot`> did you have a good week of work
21:08:12 <Rawr|Pone> Yes!
21:08:24 <Dot`> great
21:09:57 <Rawr|Fone> You are great dot
21:10:22 <Dot`> <3
21:10:23 <Dot`> as are you rawr
21:12:27 -!- tredc [~qwe@c83-251-161-94.bredband.comhem.se] has joined #tlponies
21:14:29 <Zounds> cute ponies dot
21:15:51 <CockRoach|42> .tell Rawr|Fone https://imgur.com/gallery/PWsxX
21:27:18 <Rawr|Fone> .tell cockroach|42 <3
21:32:01 -!- Rawr|Fone [~AndChat52@84-217-62-32.customers.ownit.se] has joined #tlponies
21:32:17 <DuB`> O ya, pubg desert
21:32:28 -!- tredc [~qwe@c83-251-161-94.bredband.comhem.se] has joined #tlponies
21:33:43 <DuB`> Turns out sightlines are pretty long when you take out all the trees :o
21:33:55 <Dot`> yea
21:34:02 <Dot`> i was watchign break a bit ealrier
21:34:04 <Dot`> nice new map
21:35:29 <DuB`> Plej tomorro? ;D
21:35:44 <Dot`> im waiting for it to be pushed to live
21:35:48 <Dot`> its really unstable atm
21:35:55 <Dot`> crashes like every 30 minutes
21:35:58 <DuB`> Ah
21:36:21 <DuB`> Desert too hot, overheats PC
21:36:37 <Dot`> makes sense
21:38:40 -!- tredc [~qwe@c83-251-161-94.bredband.comhem.se] has joined #tlponies
21:50:20 -!- Crisium [~Crisium@c-73-174-51-128.hsd1.pa.comcast.net] has joined #tlponies
21:50:44 -!- tredc [~qwe@c83-251-161-94.bredband.comhem.se] has joined #tlponies
21:51:05 <Bio> is vaulting a th ing yet
21:51:12 <DuB`> Ye
21:58:49 <Bio> gotta try that then
22:03:55 <Crisium> ni
22:04:15 -!- tredc [~qwe@c83-251-161-94.bredband.comhem.se] has joined #tlponies
22:04:40 <Dot`> crisium!
22:04:51 <Crisium> hello ni
22:05:35 <Crisium> when will DuB` play comp ow
22:07:29 <Bio> never
22:07:33 <Bio> dedgame
22:07:34 <Bio> rip
22:07:41 <Crisium> beo u r bad influence
22:07:49 <DuB`> O
22:07:52 <DuB`> Sumday
22:07:53 <DuB`> mebbe
22:08:01 <Crisium> 2day
22:08:06 <Crisium> is sumday
22:09:10 <CockRoach|42> https://imgur.com/gallery/K2ujm
22:11:13 -!- tredc [~qwe@c83-251-161-94.bredband.comhem.se] has joined #tlponies
22:12:44 <Bio> asdf
22:13:49 <Crisium> Bio that game is 1 million yaers oold
22:13:56 <Crisium> might as well play super mario bros 3
22:17:55 <Bio> GAME OF DA YEAR
22:18:02 <Bio> SUPAH MARIAH BROS 3
22:18:16 -!- tredc [~qwe@c83-251-161-94.bredband.comhem.se] has joined #tlponies
22:25:32 -!- tredc [~qwe@c83-251-161-94.bredband.comhem.se] has joined #tlponies
22:31:35 -!- tredc [~qwe@c83-251-161-94.bredband.comhem.se] has joined #tlponies
22:47:49 <reification> https://twitter.com/Plipster/status/939102071374188544
22:47:54 <reification> night all
22:53:40 <DuB`> nn reif!
22:54:28 <Dot`> gnight reif
22:58:20 -!- reification [~reificati@cpc76294-cosh16-2-0-cust297.6-1.cable.virginm.net] has left #tlponies
23:14:04 <Bio> NEJ
23:14:24 <Dot`> HEJ
23:21:24 <Crisium> hay
23:21:41 <DuB`> hei
23:21:50 <DuB`> Man, it doesn't feel like friday.
23:21:53 <DuB`> This week was too fast
23:22:01 <Crisium> dab why dont you join me in OW
23:22:52 <DuB`> Ranked is nofun
23:23:00 <Crisium> we can do qpee
23:23:32 <DuB`> oho
23:23:41 <DuB`> Gimme a sec to eat, then oke
23:23:48 <Crisium> eggcellent
23:23:53 <DuB`> Just for a bit, lots I want to do today :P
23:23:55 <Crisium> assuming you are eating eggs
23:23:56 <DuB`> Gotta finish oathbringer!
23:24:00 <Crisium> i ate eggs for dinner
23:24:04 -!- tredc [~qwe@c83-251-161-94.bredband.comhem.se] has joined #tlponies
23:24:05 <Crisium> and you have to like what i like
23:30:25 <Camail> inb4 dub plays OW for 5 hours
23:49:54 <Dot`> wow dub
