00:00:38 <Cane> Rael is here too.
00:00:42 <Cane> It's not too bad. Come join us. <3
00:01:25 -!- mode/#tlponies [+vvvvvv carcinisation Crisium DoT|Phone1 DuB` Golly motbob] by Cane
00:01:25 -!- mode/#tlponies [+vvvvv Rarity Rawr|Phone skram tredc Twi] by Cane
00:27:10 <Runbunny> Dot`, 
00:27:17 <Dot`> runbun
00:27:37 <Runbunny> I want this Mei skin for next christmas http://img9.bcyimg.com/drawer/66200/post/c0bde/430ac274bddb4df0af0e8883f0796c71.jpg/w650
00:27:56 <Dot`> i will do what i cane
00:27:58 <Dot`> can
00:28:17 <Runbunny> Thanks. you're the best.
00:28:22 <Dot`> np
00:36:21 -!- DoT|Phone [~Dot@90.196.173.100] has joined #tlponies
00:40:40 -!- DoT|Phone1 [~Dot@90.196.173.100] has joined #tlponies
00:43:36 <Dot`> pony pony
00:44:41 <Crisium> pon
00:50:40 <Dot`> hows you Crisium
00:57:41 <Runbunny> Dot`, http://i.imgur.com/46PziY8.png
00:57:54 <Dot`> gnight runbun
00:58:05 <Crisium> i am well
00:58:17 <Crisium> how goes the life of dot
00:58:46 <Crisium> https://gfycat.com/CalmFreshCockatoo
01:06:51 -!- DoT|Phone [~Dot@90.196.173.100] has joined #tlponies
01:07:16 <Dot`> haha
01:07:18 <Dot`> its good
02:20:03 <Dot`> Camail: hob actually started the bloodborne no hit run attempts
02:20:17 <Camail> is he making any progress
02:20:56 <Dot`> no idea, only just opened
02:21:29 <Dot`> looks like early days from the hit tracker
02:41:04 <Dot`> cam, he is getting wrecked, lol
02:41:13 <Camail> yea
02:41:19 <Camail> welcome to rng quick strikes
02:41:21 <Camail> and no shields
02:41:37 <Dot`> well he never used shields in any run
02:41:46 <Dot`> but yea, rng quick strikes suck
02:42:06 <Dot`> i think only one boss in ds3 had that instant charge
03:12:52 <Bio> hoers
03:12:57 <Bio> long day is long
03:21:38 <ZK> hi bio
03:21:46 <ZK> day over tho?
03:38:50 -!- motbob [~motbob@nat-portal-160-94-47-18.uofm.wireless.umn.edu] has joined #tlponies
03:49:43 <Bio> yeh
03:49:50 <Bio> almost slep time
04:32:27 <ZK> .tell Dot` Snute on stream "I hope to meet Nerchio in tournaments and beat him very often"
05:10:22 <DuB`> ROFL
05:10:29 <DuB`> Playing all random with brother.
05:10:38 <DuB`> We get 2symm, torb, pharahmercy on anubis defense.
05:10:46 <DuB`> ... everyone had 450+ hp.
06:46:36 -!- skram [~skram@ip-58-146-106-77.eidsiva.net] has joined #tlponies
06:50:00 -!- DoT|Phone [~Dot@90.196.173.100] has joined #tlponies
06:53:15 -!- DoT|Phone [~Dot@90.196.173.100] has joined #tlponies
07:00:07 -!- DoT|Phone [~Dot@90.196.173.100] has joined #tlponies
07:07:39 -!- DoT|Phone1 [~Dot@90.196.173.100] has joined #tlponies
07:20:18 -!- DoT|Phone [~Dot@90.196.173.100] has joined #tlponies
07:50:07 -!- DoT|Phone [~Dot@90.196.173.100] has joined #tlponies
07:52:43 -!- DoT|Phone2 [~Dot@90.196.173.100] has joined #tlponies
08:25:15 -!- Golly [~Golly@1.92-221-121.customer.lyse.net] has joined #tlponies
08:30:02 -!- Oatsmaster [~Oatsmaste@bb42-60-77-6.singnet.com.sg] has joined #tlponies
08:37:38 -!- DoT|Phone [~Dot@90.196.173.100] has joined #tlponies
09:51:49 -!- DoT_ [~quassel@90.196.173.100] has joined #tlponies
10:02:49 -!- DoT|Phone1 [~Dot@90.196.173.100] has joined #tlponies
10:07:25 -!- Runbunny [~Runbunny@91.100.28.10.generic-hostname.arrownet.dk] has joined #tlponies
10:07:30 <Runbunny> Hai.
10:09:50 <Phearlock> yo
10:10:26 <Runbunny> Phearlock!
10:10:51 <Runbunny> The sky is a complete grey, so it's a perfect for video games.
10:10:58 <Phearlock> nice
10:33:52 <DoT_> moning all
10:38:09 <Phearlock> morning!
10:44:27 <DoT_>  i dont want to get out of bed
10:46:26 <Rawr|Phone> Understandable
10:50:48 <DoT_> rawr rawr rawr
10:50:50 <DoT_> <3
10:50:59 <Rawr|Phone> Dot dot dot
10:51:02 <Rawr|Phone> <3
11:21:45 <Phearlock> Unconfirmed rumor there may be a Fallout New Vegas 2 in the works
11:22:30 <Phearlock> If this is true and some obsidian guys are involved I am going to be a happy guy.
11:25:02 <Phearlock> That said, they already are pretty confirmed to have been working on pillars 2 all this time so
11:25:09 <Phearlock> And hey pillars 2 is fucking hype
11:30:03 <skram> as much as i liked FNV i dont know if a sequel is a good idea?
11:30:50 <Phearlock> I dunno about a direct sequel
11:31:31 <Phearlock> But no fallout game has really been all that similar to the one before it (except 1 and 2)
11:31:47 <skram> yeah
11:31:55 <skram> and they all had seperate protagonists
11:39:05 -!- DoT|Phone [~Dot@90.196.173.100] has joined #tlponies
11:39:12 <DoT_> jobas <3
11:39:21 -!- DoT|Phone2 [~Dot@90.196.173.100] has joined #tlponies
11:40:27 <skram> bjørb <3
11:56:54 <DoT_> skram
11:57:01 <DoT_> its cold out of bed
11:58:00 <skram> get back into it bud
11:59:32 -!- reification [~reificati@cpc76294-cosh16-2-0-cust297.6-1.cable.virginm.net] has joined #tlponies
11:59:32 -!- mode/#tlponies [+v reification] by Q
11:59:43 -!- tredc [webchat@90-230-30-217-no56.tbcn.telia.com] has joined #tlponies
12:00:16 <reification> .tell DuB` i got an email with subject “Spaaaaaaaa” and i thought of you :p
12:00:26 <DoT_> havnt left it skram
12:00:29 <DoT_> hi reif
12:00:37 <reification> hi dotties
12:06:11 -!- DoT|Phone [~Dot@90.196.173.100] has joined #tlponies
12:09:47 -!- DoT|Phone1 [~Dot@90.196.173.100] has joined #tlponies
12:10:28 -!- DoT|Phone [~Dot@90.196.173.100] has joined #tlponies
12:13:08 -!- DoT|Phone1 [~Dot@90.196.173.100] has joined #tlponies
12:13:14 <DoT_> p;hone
12:13:52 <DoT_> fixed
12:20:02 <DoT_> how are all today?
12:27:33 <Rawr|Phone> Dot dot
12:27:44 <Rawr|Phone> Are you no longer in bed
12:27:50 <DoT_> i am out of bed
12:28:05 <Rawr|Phone> I'm not
12:28:45 <DoT_> i can tell you there isnt really anythign out of bed that isnt in bed
12:32:41 <Runbunny> O:
12:43:46 <reification> https://www.humblebundle.com/store/xcom-ufo-defense-free-game
12:44:12 <reification> there is coldness dot
12:45:58 <DoT_> free stuff!
12:46:07 <DoT_> yes reifm its cold
12:50:11 -!- ZK [~ZealotKil@modemcable114.242-81-70.mc.videotron.ca] has joined #tlponies
12:50:11 -!- mode/#tlponies [+v ZK] by Q
12:52:14 <DoT_> .roll d20 to boop zk
12:52:27 <ZK> .roll d20 to boop DoT_
12:55:22 <ZK> so umm, one of my acquaintances just died of cancer.
12:55:32 <ZK> so that sucks.
13:01:50 <DoT_> that it does
13:01:57 <DoT_> cancer is the litrall worst
13:03:40 <ZK> yea..
13:04:56 <ZK> she had been fighting leukemia for the past 7 years. Also really sad for her boyfriend which is whom I've known since high school.
13:05:35 <reification> :(
13:22:57 <reification> http://cdn.images.express.co.uk/img/dynamic/25/590x/secondary/hawks-plane-saudi-prince-flight-810157.jpg
13:29:44 -!- Oatsmaster [~Oatsmaste@bb42-60-77-6.singnet.com.sg] has joined #tlponies
13:34:24 -!- Zounds [~chatzilla@cpc108453-cowc8-2-0-cust8.14-2.cable.virginm.net] has joined #tlponies
13:34:25 -!- mode/#tlponies [+v Zounds] by Q
13:34:28 <Zounds> Ey pons
13:38:07 <DoT_> Zounds!
13:38:16 <Zounds> dottle
13:45:45 -!- Emily [~HoMM@91.156.84.122] has joined #tlponies
13:47:50 <reification> hello zounds
13:54:22 <Zounds> hey reif
13:54:49 <Zounds> how was the puzzling
13:57:00 <reification> https://twitter.com/Seanguy1234/status/826300499771195392
13:57:54 <reification> got off to a good start with new types especially
13:58:14 <reification> stuggled on pentonmino division a bit
13:58:38 <reification> esp when i forgot you’re only allowed one of each pentomino…
14:01:11 <Zounds> :/
14:01:23 <Zounds> An annoying mistake i'm sure
14:10:41 <reification> well at least i entered all my answers correctly
14:23:30 <reification> https://gfycat.com/VerifiableForthrightFerret
14:23:44 <DoT_> haha
14:23:51 <DoT_> devil at work
14:26:04 <DoT_> cane, when is OW today?
14:33:10 <reification> https://gfycat.com/MeaslyWhirlwindGuineafowl
14:38:37 <DoT_> https://gfycat.com/DimwittedWarmAbyssiniancat
14:39:46 <DoT_> Phearlock: http://dilarus.deviantart.com/art/Lonely-at-the-Top-660591820
15:14:31 <DoT_> http://imgur.com/gallery/Lj9PM1G
15:17:02 <Bio> asdf
15:18:05 <DoT_> AAAHHH
15:18:06 <DoT_> BIO
15:18:47 <DoT_> i missed you all day yesterday
15:18:50 <DoT_> it was aweful
15:19:07 <Bio> yeh
15:19:10 <Bio> long day
15:19:21 <Bio> off today, except for 2h tonight
15:19:39 <DoT_> we OW or board game just now then
15:20:02 <DoT_> bastion changes soon?! https://us.battle.net/forums/en/overwatch/topic/20752612877?page=17#post-325
15:20:09 <Bio> i'd be ok with board games
15:43:51 <Rawr|Phone> Dot 
15:44:20 <Rawr|Phone> Just now is not the correct thing to say
15:44:22 <DoT_> Rawr
15:44:35 <DoT_> oh... right
15:44:55 <Rawr|Phone> It sounds like you mean in 30 seconds 
15:44:57 <Bio> pls
15:45:02 <DoT_> NOT IN AFRICA
15:45:15 <DoT_> i try so hard not to say that but i sometimes forget :(
15:45:19 <Rawr|Phone> You are first world now though
15:45:40 <DoT_> but you all know by now surely what i mean when i say it
15:45:53 * Bio pats DoT_ on the head
15:46:01 <Bio> silly hors
15:47:25 <reification> dot
15:47:38 <DoT_> reif
15:47:55 <reification> i bought tts when it was on sale in humble store
15:48:02 <DoT_> \o/
15:48:18 <DoT_> right, we shall do that  in a bit then, what shall we play
15:48:29 <reification> i hope you’ve learned the rules to everything now
15:48:29 <DoT_> then later when cane shows we can OW maybe
15:48:56 -!- tredc [webchat@90-230-30-217-no56.tbcn.telia.com] has joined #tlponies
15:49:04 <reification> i shall ow comp for a bit, still need to install tts also
15:49:54 <DoT_> gl hf
15:50:01 <reification> .tell yolteotl your name is showing in portsmouth soon \o/ remind me on thursday to book tickets
15:55:35 -!- carcinisation [webchat@cpc76294-cosh16-2-0-cust297.6-1.cable.virginm.net] has joined #tlponies
15:59:09 <Rawr|Phone> 🐴🐴🐴
16:07:41 -!- Rawr|Fone [~AndChat25@host-95-195-222-125.mobileonline.telia.com] has joined #tlponies
16:11:48 <motbob> [ssbm] http://imgur.com/gallery/iOOE1
16:22:37 <carcinisation> promotions \o/
16:22:59 <carcinisation> now officially in the almost mediocre zone
16:24:16 <DoT_> \o/
16:24:19 <carcinisation> and it was a 3:2 victory on hanamura which was sweet
16:24:49 <carcinisation> my teammates were noticably better, even organised a dive comp :D
16:26:21 <DoT_> gj
16:42:16 <Bio> ice climbers!
16:44:32 <skram> There's a person in this pretend viking village name BJORG
16:44:49 <skram> ...Which is a girls name. Its a dude.
16:45:25 <DoT_> what you on about skram
16:48:18 <skram> pretend vikings dot
16:48:19 <skram> was that not clear
16:48:34 <DoT_> im a bit slow skram
16:51:09 <carcinisation> is probably a robot
16:52:58 <Bio> pretend vikings are the wors
16:52:59 <Bio> t
16:53:39 <skram> bio gets it
16:57:03 <motbob> http://i.imgur.com/d2fPgeR.jpg
16:57:28 <Bio> what a picture
16:57:38 <Bio> freaking trash pandas
16:57:45 <motbob> yes
16:58:00 <skram> its humerus because they're called wash bears in norwegian and it looks like he is trying to mop the walls with it
17:03:06 -!- Runbunny [~Runbunny@91.100.28.10.generic-hostname.arrownet.dk] has joined #tlponies
17:03:08 <Bio> gaem
17:03:12 <DoT_> RUNBUN
17:03:30 <Runbunny> Hai
17:03:40 <Runbunny> A friend of mine needed my assistance.
17:03:46 <Runbunny> so I had to go.
17:03:50 <Runbunny> I am back now.
17:04:10 <Runbunny> Phearlock, https://i.redditmedia.com/ds3Op-3zK9zSN9dNfvC7UUyKW66lIVo3MyiBR6oBsCI.jpg?w=396&s=7946b1b86a9c1cf09e54383b5066548b
17:06:10 <motbob> :)
17:09:38 <carcinisation> :(
17:11:58 <DoT_> bio, when you want to table top
17:12:26 <Bio> do we have peeps
17:12:43 <DoT_> idk
17:12:45 <DoT_> reif, skram
17:16:56 <skram> im making dinner and then going to bed soon dot
17:17:10 <carcinisation> dinner is fairly soon dot
17:23:01 <Bio> bed? so erly
17:23:15 <skram> im sleepy af
17:27:56 <Bio> no body wants to plej with us DoT_
17:28:00 <DoT_> :(
17:32:56 <carcinisation> i can only pley for 30 mins
17:49:31 <DoT_> i will go have food soon as well and see what we do after
17:59:08 <Cane> Om nom food.
17:59:38 <DoT_> Hey cane <3
18:05:50 <Zounds> Food is good
18:05:54 <Zounds> I've got a pizza on the way
18:07:08 <DoT_> pizza sounds nice
18:24:34 <Bio> mm
18:24:35 <Bio> yes
18:24:38 <Bio> does sound good
18:29:08 -!- DoT|Phone [~Dot@90.196.173.100] has joined #tlponies
18:46:24 <DoT_> im back
18:46:40 <DoT_> cane, is there OW?
18:46:59 <Cane> Not yet. I'm watching an OW VOD, if that counts.
18:47:09 <DoT_> it doesnt
18:56:51 -!- Micen|Droid [~AndChat20@66-87-18-108.pools.spcsdns.net] has joined #tlponies
18:57:03 <DoT_> hey mcen
18:57:10 <Micen|Droid>  Me deas
18:57:12 <Micen|Droid> Dead
18:57:38 <carcinisation> oh dear
18:57:40 <Micen|Droid> 11 hour work shift
18:57:45 <carcinisation> hello micen's ghost
18:57:59 <Micen|Droid> But I got that money
18:58:13 <Micen|Droid> Stilr have 2 hours but am on break
19:01:02 <DoT_> almost done, then monies
19:01:17 <Micen|Droid> Yep. Enough to overwatch.
19:01:42 <carcinisation> \o/
19:02:31 <DoT_> only a few more and we will have enough for custom games :P
19:02:36 <DoT_> where dub can imbaress us all
19:03:58 <Runbunny> Overwatch inhouses? O:
19:04:29 <DoT_> i tihnk we have like 9 people so far
19:05:04 <Runbunny> Team NA vs Team EU.
19:05:12 <Micen|Droid> Hahaha
19:05:25 <DoT_> can we get dub though?
19:06:16 <Micen|Droid> Na gonna lose
19:06:16 <Micen|Droid> No
19:06:39 <DoT_> cane + skram would counter dub maybe
19:06:39 <Micen|Droid> Not unless I am some prodigy god at the game. 
19:07:55 <skram> excuse u
19:07:59 <skram> dub never even got to masters
19:08:26 <DoT_> and dub is a gengu main
19:08:31 <DoT_> :P
19:08:51 <skram> and if he tries some gangu bullshit ill just hammer his FACE.
19:09:03 <Micen|Droid> Dot vs skram 1v1
19:09:09 <DoT_> like a desk slam but with a face?
19:09:17 <DoT_> micen please. i would lose
19:09:18 <DoT_> BAD
19:09:31 <skram> im ripped scrub
19:09:33 <skram> 1v1 me irl
19:09:42 <Micen|Droid> With that attitude you will never win
19:09:44 <DoT_> irl i could take skram though
19:09:58 <Micen|Droid> So short punches go over your head? 
19:11:38 <Zounds> I wouldn't mind trying my mccree vs the gengu
19:11:38 <DoT_> micen snela, i wont give away secrets
19:12:04 <DoT_> cane, when is vod done?
19:12:12 <Micen|Droid> Got to get back to it 
19:12:21 <Micen|Droid> Be back in an hour 45
19:12:22 <DoT_> later micen
19:12:24 <DoT_> gl
19:12:47 <Cane> We can play whenever man. :P
19:12:52 <Cane> VODs can be paused.
19:12:58 <DoT_> you said you where watching vid when i asked
19:13:04 <Cane> Yeah, almost done with this game.
19:13:10 <DoT_> so it sounded like you wanted to finish it
19:13:31 <DoT_> which was fine becuase i had to apply for jobs i wont get
19:14:57 <Runbunny> well
19:15:06 <Runbunny> you 100% won't get them if you don't apply.
19:17:43 <DoT_> but what i do get is more rejection :P
19:19:23 <DoT_> when you ready to game, Runbunny Zounds Bio reification
19:19:36 <Zounds> I can play whenever
19:19:44 <Runbunny> I'll probably be a while.
19:19:47 <skram> i got an hour if we go right now
19:20:32 * skram slaps DoT_ around a bit with a large trout
19:20:40 <DoT_> skram, we asked you hours ago and you said you where going to sleep
19:21:25 <carcinisation> i am ready now
19:52:01 -!- Golly [~Golly@1.92-221-121.customer.lyse.net] has joined #tlponies
20:08:08 -!- Golly [~Golly@1.92-221-121.customer.lyse.net] has joined #tlponies
20:19:25 -!- tredc [webchat@90-230-30-217-no56.tbcn.telia.com] has joined #tlponies
20:33:01 <DoT_> bio pls, OW stack
20:55:30 <CockRoach|42> pon pon
20:57:05 <DoT_> cr pon <3
20:57:47 <DoT_> RAWR
20:57:51 <DoT_> PLEASE
20:57:52 <DoT_> http://imgur.com/gallery/2MuvnaX
20:57:55 <DoT_> i need it
20:59:29 -!- DoT|Phone1 [~Dot@90.196.173.100] has joined #tlponies
21:00:40 <Micen|Droid> Hello
21:01:02 -!- Rawr|Phone [~AndChat25@84-217-62-32.customers.ownit.se] has joined #tlponies
21:02:59 <Bio> sry, not feeling quite up to ow today
21:03:25 <Bio> https://s-media-cache-ak0.pinimg.com/originals/0a/69/07/0a69072f2be281a9929e5140202b87e9.jpg
21:08:10 <Micen|Droid> Everything okay, Bio? 
21:09:21 <Bio> yeh
21:09:29 <Bio> just bleh on a tuuuuuesday
21:11:16 * DoT_ hugs Bio
21:11:57 <Micen|Droid> Ahh
21:12:28 <Micen|Droid> Oh yeah. Its Tuesday. 
21:13:17 <Rawr|Phone> That is quite a nice pupper dot
21:14:35 <Bio> can't be too down tho
21:14:40 <Bio> finished my taxes yesterday
21:14:49 <Bio> gonna get like almost 600 bucks in refunds
21:15:15 <Bio> probably gonna buy me a nice SSD then invest the rest of it
21:15:34 <Bio> little bit of economy boost, little bit of personal finance
21:15:37 <Bio> ez
21:17:30 <Micen|Droid> Maybe I should invest the money I made instead of Overwatching. 
21:17:49 <Micen|Droid> Investing sounds good. 
21:18:01 <Bio> overwatching is fun, but not profitable, yes
21:19:15 <Rawr|Phone> It could be
21:19:19 <Rawr|Phone> Git gud
21:19:25 <Bio> git reel gud
21:20:38 <Bio> fuuuuuck i dun wanna go to work tonight
21:20:47 <Bio> the classes I teach are shit
21:22:57 <Micen|Droid> I would rather teach than have to do another 11 hours in a factory.
21:22:57 <Micen|Droid> Ill trade u
21:24:27 <Bio> truf
21:24:36 <Bio> I'm just done with little kids I think
21:24:41 <Bio> shitheads get me sick
21:25:26 <Bio> so many times i get water spit at me (both on accident and deliberately)
21:25:45 <Micen|Droid> Make them write lines. 
21:26:06 <Micen|Droid> Lines are the worst for kids. 
21:27:30 <Bio> unfortunately, its swim lessons, so mostly I just have to tell em to stop
21:36:54 -!- Micen|Droid_ [~AndChat20@66-87-3-175.pools.spcsdns.net] has joined #tlponies
21:41:52 -!- Micen|Droid [~AndChat20@66-87-3-175.pools.spcsdns.net] has joined #tlponies
21:42:02 <Rawr|Phone> I played a match today
21:42:10 <Rawr|Phone> I played incredibly well
21:43:07 -!- ZK [~ZealotKil@modemcable114.242-81-70.mc.videotron.ca] has joined #tlponies
21:43:07 -!- mode/#tlponies [+v ZK] by Q
21:43:12 <Rawr|Phone> I met a woman who used to play in the highest division of the women's league
21:43:16 <Rawr|Phone> Won 3-0
21:43:20 <Rawr|Phone> Aww yiss
21:44:54 <CockRoach|42> are you gm, Rawr|Phone?
21:45:03 <Rawr|Phone> Probably
21:45:16 <CockRoach|42> so good pon
21:49:55 -!- Micen|Droid_ [~AndChat20@66-87-72-211.pools.spcsdns.net] has joined #tlponies
21:52:03 <CockRoach|42> Rawr|Phone: http://i.imgur.com/qQRgMAo.jpg
21:56:19 <ZK> oooh, tales of zestiria 15$ on humble bundle, that sounds good
21:58:28 -!- Bio [~Bio@108-72-8-181.lightspeed.stlsmo.sbcglobal.net] has joined #tlponies
21:59:30 <Rawr|Phone> .tell cockroach|42 <3
22:11:23 <CockRoach|42> <3
22:13:10 <Runbunny> I guess it's time to watch my japanese animes!
22:14:04 <Bio> M I S T A K E
22:15:07 <Runbunny> Also one perk of having a balcony is that you can leave your soda outside and pick it up without having to leave the room.
22:19:06 -!- DuB` [DuB@66-219-213-203.dynamic.ip.veracitynetworks.com] has joined #tlponies
22:19:10 <Runbunny> Hai Dub
22:19:15 <DuB`> ... everybody quit the stack just as I got home? T_T
22:19:18 <DuB`> pooooooooooo
22:19:23 <Runbunny> You made it just in time for everyone to stop playing.
22:19:29 <DuB`> fffffffffffff
22:19:37 <Runbunny> Come watch anime with me.
22:19:52 <Runbunny> or maybe not, I'll get banned on twitch again.
22:23:19 <Rawr|Phone> Dub dub dub
22:27:42 -!- Camail [~Camail@45.40.93.200] has joined #tlponies
22:27:42 -!- mode/#tlponies [+v Camail] by Q
22:28:40 <Rawr|Phone> Wow cam
22:28:57 <Camail> well
22:28:59 <Camail> deal with it
22:30:01 <Camail> DuB`  http://njpwworld.com/p/s_series_00413_2_10
22:31:11 <DoT_> dub
22:31:11 <DoT_> cam
22:31:17 <Camail> dot
22:32:09 <DuB`> Haha cam!
22:32:11 <DuB`> Hmmm
22:32:25 <Camail> its the match i talked about before
22:32:29 <Camail> it got a 6 out of 5
22:32:36 <DuB`> lel
22:33:32 <Camail> okada is referenced in tekken 7
22:33:38 <Camail> King does some of his moves
22:40:00 <Camail> oh ffs
22:40:04 <Camail> this is the english commentary >_>
22:40:30 <Camail> sigh
22:50:23 <Rawr|Phone> 🐴🐴🐴
22:53:25 <Runbunny>  
23:07:27 -!- Micen|Droid [~AndChat20@h65.255.88.75.dynamic.ip.windstream.net] has joined #tlponies
23:25:41 <DuB`> This is ridikalus, Cam.
23:25:44 <DuB`> 34:30, rofl
23:25:58 <Camail> its da bes
23:34:27 <DoT_> dub hest
23:36:00 <Runbunny> Dot?
23:36:06 <Runbunny> I thought you went to sleep O:
23:36:14 <DoT_> soon, just relaxing
23:40:19 <ZK> ou should go to bed
23:51:46 <DuB`> Gaijin was conquered, gg
23:58:17 -!- Micen|Droid_ [~AndChat20@h65.255.88.75.dynamic.ip.windstream.net] has joined #tlponies
