00:01:37 <Bio> dot
00:01:46 <Bio> shoots is going horribad
00:01:47 <Bio> T_T
00:01:53 <Bio> everythign is sadness today
00:02:22 <Crisium> oh no
00:04:50 <Dot`> oh dear :/
00:15:12 <Crisium> im sure blues will rise eventually
00:22:06 <Bio> We've literally died in the first 3 mins after landing every game
00:44:51 <reification> my blues won division :D
00:44:54 <reification> night all
00:45:56 <Dot`> gnight reif
00:56:12 <Crisium> http://madacon.deviantart.com/art/Magnaluna-679261216
00:56:24 <Crisium> theres now fanart of magnaluna
00:56:53 -!- Camail [~Camail@45.40.93.200] has joined #tlponies
00:56:53 -!- mode/#tlponies [+v Camail] by Q
00:59:41 <Crisium> Dot` http://joakaha.deviantart.com/art/MLP-FIM-Giraffe-679307631
01:03:59 <Dot`> :D
01:08:07 <Camail> no
01:08:35 <Crisium> on
01:16:39 -!- BioSleep [~Bio@108-72-8-181.lightspeed.stlsmo.sbcglobal.net] has joined #tlponies
01:17:23 <skram> non
01:17:31 <BioSleep> FEK
01:18:19 <skram> im goNNA NEED YOU TO CALM DOWN
01:18:36 <Crisium> what
01:19:04 <Bio> I CANT CALM
01:19:07 <Bio> BLUES GONE
01:19:08 <Bio> DED
01:19:10 <Bio> I AM RIP
01:19:11 <Bio> AJSDKLGASKGD
01:25:24 <Dot`> Bio http://amarynceus.deviantart.com/art/Daily-Doodle-368-679202779
01:27:30 <Phearlock> lovey dovey ponpon
02:21:20 <Bio> why the fuck
02:21:27 <Bio> does speetest say i'm getting 2k ping
02:21:34 <Bio> to a server like 10 miles away
02:21:43 <Bio> what the fuck is wrong
02:21:46 <skram> maybe you have 2k ping
02:29:11 -!- Bio [~Bio@108-72-8-181.lightspeed.stlsmo.sbcglobal.net] has joined #tlponies
02:29:27 <Bio> fucking internet
02:29:29 <Bio> please just work
02:29:42 <Bio> ping went down, now my Down is like 2.0
02:29:44 <Bio> mbps
02:31:55 <skram> good day for rain bio
02:32:43 <Bio> this is so fucking stupid
02:32:56 <Bio> its ok, I didn't want to do anything tonight
02:32:59 <Bio> fuck today
03:54:58 -!- ZK [~ZK@modemcable189.130-83-70.mc.videotron.ca] has joined #tlponies
04:40:27 -!- Camail [~Camail@45.40.93.200] has joined #tlponies
04:40:27 -!- mode/#tlponies [+v Camail] by Q
05:23:40 -!- Camail [~Camail@45.40.93.200] has joined #tlponies
05:23:40 -!- mode/#tlponies [+v Camail] by Q
05:23:54 <Camail> of COURSE as soon as i start using nyaa again it shuts down AGAIN
05:24:00 <Camail> i am mad
06:37:44 -!- Golly [~Golly@1.92-221-121.customer.lyse.net] has joined #tlponies
07:00:27 <CockRoach|42> .tell camail then i'll blame you for making nyaa shutting down :|
07:13:58 -!- Dot [~quassel@94.13.115.194] has joined #tlponies
08:00:25 <Micen> beep beep
08:14:52 <CockRoach|42> mlem mlem
09:52:41 <Rawr|Fone> Hors
10:15:03 <Dot> Mornign <3
10:29:37 <Rawr|Fone> Dot Dot Dot
10:30:58 -!- DoT|Phone [~Dot@85.255.233.194] has joined #tlponies
10:33:50 <DoT|Phone> pon pon
10:54:28 -!- DoT|Phone1 [~Dot@148.252.129.157] has joined #tlponies
11:09:06 -!- tredc [webchat@90-230-30-217-no56.tbcn.telia.com] has joined #tlponies
11:17:38 -!- DoT|Phone [~Dot@148.252.129.157] has joined #tlponies
11:22:04 -!- DoT|Phone1 [~Dot@85.255.233.180] has joined #tlponies
11:42:26 <DoT|Phone1> Rawr Rawr
11:48:49 <Rawr|Fone> Dot Dot
11:49:31 <Rawr|Fone> ❤❤
11:54:11 -!- DoT|Phone [~Dot@148.252.129.110] has joined #tlponies
12:09:13 <Rawr|Fone> Dot stahp
12:11:07 -!- Runbunny [~Runbunny@91.100.28.10.generic-hostname.arrownet.dk] has joined #tlponies
12:13:44 <Runbunny> Hai.
12:29:39 -!- DoT|Phone [~Dot@148.252.129.110] has joined #tlponies
13:42:09 -!- ZK [~ZK@modemcable189.130-83-70.mc.videotron.ca] has joined #tlponies
14:06:52 -!- skram [~skram@ip-65-146-106-77.eidsiva.net] has joined #tlponies
14:16:29 -!- Rawr|Phone [~AndChat25@host-95-199-18-186.mobileonline.telia.com] has joined #tlponies
14:37:05 -!- DoT|Phone [~Dot@85.255.234.87] has joined #tlponies
14:37:15 <DoT|Phone> ponies
14:37:17 <DoT|Phone> how's all
14:39:52 <DoT|Phone> Rawr please
14:44:05 <CockRoach|42> calm down pls
14:44:11 <CockRoach|42> be the best hors, dot
14:44:55 <BioSleep> woke af fam
15:00:39 <Rawr|Phone> You please dot
15:04:46 <skram> Dot is a big boy
15:04:49 <skram> he can please himself
15:04:58 <ZK> .roll d20 to boop Dot
15:11:04 -!- DoT|Phone1 [~Dot@85.255.234.87] has joined #tlponies
15:25:24 <Bio> morn
15:25:28 <Bio> dot
15:25:46 -!- DoT|Phone [~Dot@85.255.234.87] has joined #tlponies
15:52:56 -!- DoT|Phone1 [~Dot@85.255.233.233] has joined #tlponies
15:54:11 <Dot> I am home
15:54:14 <Dot> hello ponies
15:55:25 <Dot> Bio, Skram, rawr
15:56:31 <skram> HEY BJØRN
15:56:34 <skram> WHATCHU DO
15:57:07 <Dot> I AM HOME
15:57:12 <skram> YAY
15:57:16 <Dot> i was at volunteer work
15:57:28 -!- tredc [webchat@90-230-30-217-no56.tbcn.telia.com] has joined #tlponies
15:58:49 <Dot> what you up to skram
15:59:02 <skram> im looking at cats again Dot
15:59:29 <Dot> im happy for you
15:59:59 <skram> thanks buddy
16:03:45 <Dot> .tell Dub` http://imgur.com/gallery/Yubn4
16:04:27 <Dot> here skram, to help your search http://imgur.com/gallery/j7VSo3C
16:21:39 <Dot> you saw this one skram?  http://imgur.com/gallery/12eRN 
16:35:22 <Rawr|Phone> Dot dot
16:37:05 <Dot> Rawr rawr
16:37:05 <Dot> <3
16:37:13 <Rawr|Phone> <3
16:42:10 <skram> you have the best things dot
16:42:18 <Dot> ty jonas
17:01:54 * Bio hugs Dot
17:02:05 * Dot hugs Bio
17:08:12 -!- Rawr|Fone [~AndChat25@84-217-62-32.customers.ownit.se] has joined #tlponies
17:13:59 <Bio> what do
17:21:34 <Dot> plej
17:34:29 <Bio> mm
17:34:30 <Bio> yes
17:34:48 <Bio> whaht plej
17:38:04 <Dot> roll a dice
17:42:41 <Dot> create a dnd campaign to DM
17:55:28 <Bio> oh
17:55:31 <Bio> of course
18:01:26 <Bio> dot theres gobbos
18:01:27 <Bio> go kill em
18:01:54 <Dot> wiw, not even a chance to talk to them
18:03:56 -!- DuB` [DuB@66-219-212-114.dynamic.ip.veracitynetworks.com] has joined #tlponies
18:03:58 <DuB`> HENLO
18:04:12 <Dot> AH
18:04:17 <DuB`> AH
18:04:20 <Dot> DUB
18:04:30 <Dot> <3
18:05:24 <DuB`> DOT
18:05:24 <DuB`> <3
18:05:26 <DuB`> Whassup
18:06:20 <Dot> not much
18:06:23 <Dot> im pretty tired
18:06:36 <Dot> you?
18:07:36 <DuB`> Also sleppy.
18:07:38 <DuB`> May nap.
18:09:46 <skram> Isnt it about noon in dub county
18:10:18 <DuB`> Yeh.
18:12:01 <Dot> naps are for daytime skra,
18:12:07 <Dot> sleeps are for night
18:13:13 <skram> Fair enough
18:14:21 <DuB`> Oof
18:14:29 <DuB`> Need to laundry, shop, and exercise.
18:14:35 <DuB`> 2much
18:14:47 <skram> How about you cancel today and just dont do any of it
18:18:24 <DuB`> Could also do.
18:18:30 <DuB`> much2much
18:18:51 * Bio slaps DuB` around a bit with a large trout
18:19:48 <DuB`> y u slappo
18:24:27 <Bio> u too nerd
18:26:08 -!- Camail [~Camail@45.40.93.200] has joined #tlponies
18:26:08 -!- mode/#tlponies [+v Camail] by Q
18:31:03 <DuB`> I'm just tryna read my book and you just slappo me bio.
18:31:04 <DuB`> plz
18:31:16 <DuB`> roodest
18:39:36 <Camail> books?
18:39:38 <Camail> BOOKS!?
18:39:41 <Camail> NEEEEEEEEEEEEEEEEEEEEEEEEEERD
18:40:36 <Bio> see camail gets it
18:43:31 <DuB`> Bio hates purplepon for sure then!
18:45:24 -!- DoT|Phone [~Dot@94.13.115.194] has joined #tlponies
18:47:28 -!- Zounds [~chatzilla@cpc108453-cowc8-2-0-cust8.14-2.cable.virginm.net] has joined #tlponies
18:47:29 -!- mode/#tlponies [+v Zounds] by Q
18:47:30 <Zounds> hey
18:47:47 <DoT|Phone> Zounds!
18:57:01 <DoT|Phone> how's you
18:58:13 <skram> ay zounds
18:58:38 <Bio> dot
18:58:43 <Bio> want duo?
18:58:46 <Bio> or squad
19:02:09 <Zounds> o/
19:10:43 <Bio> rip
19:17:07 -!- Rawr|Phone [~AndChat25@host-95-199-18-186.mobileonline.telia.com] has joined #tlponies
19:18:47 -!- Rawr|Fone [~AndChat25@84-217-62-32.customers.ownit.se] has joined #tlponies
19:19:21 <DoT|Phone> bio. having supper
19:19:27 <DoT|Phone> Will after
19:26:21 <Bio> hokay
19:26:29 <Bio> i go get warmup game in or something
19:50:54 <skram> i go werk
19:50:55 <skram> bb
19:54:18 <DoT|Phone> later you
19:56:15 <DuB`> No explodey pls skram
19:56:16 <DuB`> glhf
20:03:31 <Bio> 4TH place
20:03:32 <Bio> not bad
20:05:34 <Bio> fek its hot in here
20:14:34 <DuB`> 70F 21C here, bio.
20:14:37 <DuB`> Comfy!
20:14:50 <Dot> bio
20:14:55 <Dot> i plej in 5 minutes
20:19:13 <Bio> I am bad at tererier
20:20:20 <Dot> Zounds http://katputze.deviantart.com/art/Dayum-679482500
20:22:37 -!- DoT|Phone2 [~Dot@94.13.115.194] has joined #tlponies
20:25:40 -!- DoT|Phone3 [~Dot@94.13.115.194] has joined #tlponies
20:28:19 <ZK> WOOOOOOOOO
20:28:20 <ZK> I GOT A C
20:28:22 <ZK> I GRADUATED
20:28:27 <ZK> IM DONE WITH UNIVERSITY
20:28:53 <DuB`> WOAH
20:29:02 <DuB`> WAOW
20:29:50 <ZK> I THOUGHT I WAS GETTING AN F, GOT A C
20:29:52 <Zounds> gz zk
20:29:53 <ZK> I GRADUATEDDDDDDDDDD
20:30:34 <DuB`> DONE FOREVER??
20:30:40 <ZK> YEEEEEEEEEP
20:33:04 <Rawr|Fone> Congratulations zk
20:42:26 -!- Phearlock [~Phearlock@cm-84.215.228.107.getinternet.no] has joined #tlponies
20:42:27 -!- mode/#tlponies [+v Phearlock] by Q
20:46:38 <Phearlock> Evening ponpons
20:47:20 <CockRoach|42> hei Phearlock
20:58:41 -!- Dot` [~quassel@94.13.115.194] has joined #tlponies
21:08:33 -!- DoT|Phone [~Dot@94.13.115.194] has joined #tlponies
21:09:26 -!- DoT|Phone1 [~Dot@94.13.115.194] has joined #tlponies
21:13:07 -!- DoT|Phone1 [~Dot@94.13.115.194] has joined #tlponies
21:17:52 <Dot`> internet pls
21:18:47 -!- DoT|Phone [~Dot@94.13.115.194] has joined #tlponies
21:18:55 <Bio> Dot` I'm on the phone
21:19:00 <Bio> pick a spot and I'll drop there
21:21:44 -!- DoT|Phone1 [~Dot@94.13.115.194] has joined #tlponies
21:22:04 -!- DoT|Phone [~Dot@94.13.115.194] has joined #tlponies
21:22:30 <CockRoach|42> DoT|Phone: pls
21:23:12 -!- DoT|Phone1 [~Dot@94.13.115.194] has joined #tlponies
21:25:36 -!- DoT|Phone [~Dot@94.13.115.194] has joined #tlponies
21:29:16 -!- DoT|Phone1 [~Dot@94.13.115.194] has joined #tlponies
21:47:19 <Dot`> stupid phone
21:52:09 <Dot`> Runbunny: http://imgur.com/gallery/6bFSFvy
21:57:01 <Runbunny> What a jump
22:03:27 <DuB`> I've won almost all of my oberwaj games today??
22:03:28 <DuB`> Weird.
22:07:36 -!- reification [~reificati@host109-158-15-162.range109-158.btcentralplus.com] has joined #tlponies
22:07:45 <reification> hello tlp
22:08:29 <Camail> i wanna shoooooot
22:10:29 <reification> I drove up to Wolverhampton today and learned I have to go back down to London on Thursday
22:24:52 <Dot`> DUB
22:24:56 <Dot`> hello reif
22:25:02 <Bio> cam we shot
22:25:03 <Dot`> REIF
22:25:06 <Bio> kar98s
22:25:10 <Bio> and scars
22:25:10 <Dot`> THAT SUCKS
22:28:28 <Dot`> rawr http://imgur.com/gallery/2Ym0ocz
22:30:31 <Dot`> what happend reif?
22:32:32 <DuB`> Reif went byebye.
22:32:39 <DuB`> Dot are there wolves in wolverhampton?
22:32:44 <DuB`> I worry for reif's safety.
22:32:54 <Dot`> yes
22:33:07 <Dot`> why else would it be called that
22:33:38 <Bio> Man
22:33:43 <Bio> i love and hate this game so much
22:33:44 <Bio> haha
22:33:57 <Dot`> we should board game soon bio
22:34:01 <Bio> Dot`, what I really like about th is game, is that when I wander past certain spots in the map
22:34:10 <Bio> I have memories of certain gunfights and stuff now
22:34:13 <Bio> thats pretty neat
22:34:38 <Dot`> its like arma all over again for me, died there, died there, oh i got run over there, of i vblew up there, died there
22:34:48 <Bio> onw when I get on that hill next, i'll remember that shot
22:34:54 <Dot`> and thats where the stairs glitched and I flew through the air
22:34:58 <Bio> bahaha
22:41:22 <Bio> gonna go for a little swim, brb
22:57:28 <Dot`> dub dub
22:58:57 <DuB`> dot dot?
22:58:59 <DuB`> Fun OW day.
22:59:02 <Dot`> good
22:59:11 <Dot`> much winnig?
22:59:24 <DuB`> Won most, carried hard and did well even in the ones we lost.
23:14:53 <DuB`> Some of my first really enjoyable sombra games, too.
23:15:03 <Dot`> \o/
23:15:06 <DuB`> Still don't love her, though. :P
23:15:10 <DuB`> Don't tell reef or micen.
23:21:09 <Camail> pls
23:37:04 <Dot`> no
23:59:20 <Bio> a
23:59:20 <Bio> s
23:59:21 <Bio> d
23:59:21 <Bio> f
23:59:38 <Dot`> hwos bio
23:59:56 <Bio> gud
23:59:59 <Bio> did a swim
