00:11:17 <reification> night all
00:11:34 <Dot`> gnight reif
00:11:34 <Runbunny> Sleep well Reif.
00:14:05 <ZK> gnite reif
00:25:14 -!- DoT|Phone [~Dot@90.196.173.100] has joined #tlponies
00:36:24 <Dot`> whats up all
00:37:17 -!- DoT|Phone [~Dot@90.196.173.100] has joined #tlponies
00:38:19 -!- DoT|Phone [~Dot@90.196.173.100] has joined #tlponies
00:38:39 <Dot`> dum phone
00:43:01 <Phearlock> Got bored of being awake so went to bed.
00:48:03 <Runbunny> Rest well Phearlock.
00:48:10 <Phearlock> thx <3
01:27:22 <ZK> Dot` nony stream and he still doing the lil sentry attacks =D
01:27:32 <Dot`> haha
02:40:08 <ZK> so quiet
02:53:26 <ZK> i like hockey
02:53:29 <ZK> but not tonight
03:28:52 -!- Cane [~Cane@CaneCraft.users.quakenet.org] has joined #tlponies
03:28:52 -!- mode/#tlponies [+o Cane] by Q
04:07:51 <ZK> woo showtime!
04:10:09 -!- BioPhone [~androirc@166.170.222.85] has joined #tlponies
04:10:15 <BioPhone> Uni cancel
04:10:27 <BioPhone> Board games! Dot
04:14:21 <ZK> Dot` gone
04:14:28 <ZK> and how is uni cancelled, it's 11
04:19:57 <BioPhone> Ice storm Tom
04:23:49 <ZK> need more canadian
04:27:44 -!- BioPon [~androirc@108-72-8-181.lightspeed.stlsmo.sbcglobal.net] has joined #tlponies
04:31:05 <Bio> nah dog
04:31:15 <Bio> i dun wanna drive on like 2inches of ice and then snow
05:06:30 <Camail> breath of the wild looks REALLY GOOD YOU GUYS
05:08:41 <Camail> looks like it's full voice acting
05:08:55 -!- Golly [~Golly@1.92-221-121.customer.lyse.net] has joined #tlponies
05:09:02 <Camail> fuck...that looked so good
05:10:08 <Camail> i haven't been this excited for zelda in a long time
06:06:44 <Bio> but cam
06:06:48 <Bio> zelda doesn't talk
06:07:02 <Camail> but tis the most emoition from that IP ever
06:07:04 <Camail> literally ever
06:07:06 <Bio> he only grunts
06:07:10 <Bio> =O
06:07:17 <Camail> oh, thought you were talking about zelda
06:07:24 <Camail> who actually has speaking lines in the trailer
06:07:25 <Camail> link doesnt
06:07:28 <Camail> he might act ually not talk
06:07:30 <Camail> we don't know
06:14:05 <Bio> but then
06:14:14 <Bio> we'd have to get a wiiu
06:14:32 <Phearlock> or u know
06:14:35 <Phearlock> a switcheruu
06:17:08 <Camail> wiiu is dead
06:17:14 <Camail> the switch is coming out in q1
06:21:53 <Phearlock> I can wait a little bit in order to buy a not-dead console
06:26:17 <Camail> i would love to get one, really, but i am de-escalating spending habits after the frenzy of christmas sales
06:26:41 <Camail> i want to support nintendo, but also am annoyed
06:26:49 <Camail> oh also phear EU doesnt have an announced release date yet
06:26:50 <Camail> so lol
06:26:58 <Camail> usa and JP are out on march 3rd
06:27:13 <Camail> but EU is shitty for game developement
06:27:19 <Camail> gotta spend WAY more on localization
06:27:42 <Camail> because you can't actually sell games  or anything without enough languages on the system
06:29:25 <Phearlock> Again, I will just wait
06:29:36 <Phearlock> I can wait a long time
08:42:27 -!- motbob [~motbob@50-194-93-118-static.hfc.comcastbusiness.net] has joined #tlponies
09:17:30 -!- motbob [~motbob@50-194-93-118-static.hfc.comcastbusiness.net] has joined #tlponies
09:49:40 <Dot`> morning alll
09:51:59 <Dot`> rawr raqwr rawr
10:02:59 <Dot`> its like rawr doesnt even want corgi pics
10:07:42 -!- Runbunny [~Runbunny@91.100.28.10.generic-hostname.arrownet.dk] has joined #tlponies
10:08:16 <Runbunny> Hai.
10:08:31 <Dot`> Runbun!
10:08:42 <Dot`> you want a corgi pic? as rawr is ignoring me
10:09:23 <Runbunny> Yes.
10:09:29 <Dot`> http://imgur.com/gallery/yXxKXpE
10:12:07 <Runbunny> Look how happy he is.
10:12:09 <Runbunny> Good boy.
10:13:03 <Runbunny> Dot dot dot.
10:14:16 <Dot`> Runbun
10:24:43 <CockRoach|42> morning pon pons
10:25:44 <Dot`> cr pon !
10:27:48 <Dot`> here you go cr http://imgur.com/gallery/sNUMh1m
10:32:30 <CockRoach|42> leather dog!
11:13:21 <Dot`> pon pon
11:15:14 -!- tredc [webchat@90-230-30-217-no56.tbcn.telia.com] has joined #tlponies
11:15:41 -!- Oatsmaster [~Oatsmaste@bb42-60-77-6.singnet.com.sg] has joined #tlponies
11:18:07 <Rawr|Fone> Dot doqt dot
11:18:11 <Rawr|Fone> Pls
11:19:15 <Dot`> rawr rawr rawr
11:19:16 <Dot`> <3
11:19:35 <Rawr|Fone> <3
11:27:30 <Dot`> how are you today rawr
11:27:54 <Rawr|Fone> Just woke up
11:28:02 <Dot`> sounds nice
11:28:10 <Dot`> maybe
11:28:13 <Rawr|Fone> How are you dot
11:31:31 <Dot`> good, we had snow
11:41:10 <Rawr|Fone> We had a snowstorm two days ago, everything was gone the next day
11:41:22 <Dot`> sad
13:00:23 <Dot`> whats up today rawr
13:00:52 <Rawr|Fone> Not much
13:01:01 <Rawr|Fone> No school
13:02:29 <Dot`> any ping pong?
13:06:39 <Rawr|Fone> Probably
13:08:18 <Dot`> did you see the corgi gif?
13:32:02 <Dot`> Runbunny, hows Dark souls going
13:33:42 <Runbunny> pretty good actually. I still have a very strong weapon.
13:34:16 -!- ZK [~ZealotKil@modemcable114.242-81-70.mc.videotron.ca] has joined #tlponies
13:34:16 -!- mode/#tlponies [+v ZK] by Q
13:34:20 <Runbunny> Just made it to Anor londo.
13:34:46 <Dot`> .roll d20 to boop zk
13:34:55 <ZK> .roll d20 to boop Dot`
13:34:58 <ZK> oh
13:35:04 <ZK> well, scarlett and neeb made it through!
13:36:49 <Dot`> I missed all the interisting games 
13:38:40 <ZK> they didnt even show neeb vs scarlett :(
13:38:57 <ZK> or i missed it
13:39:00 <ZK> which is also possibility
13:41:17 <Rawr|Fone> I saw it dot
13:41:20 <Rawr|Fone> It was nice
13:44:47 <ZK> oh wow, nintendo switch only 299
13:44:54 <ZK> well, still not getting it, but pretty cheap
14:15:19 <Dot`> hows it going zk
14:17:39 -!- Yolteotl [webchat@243.77.126.78.rev.sfr.net] has joined #tlponies
14:18:04 <Yolteotl> pon pon pon
14:19:03 <Yolteotl> Did you see how nintendo is failing again? o_o
14:19:18 <Dot`> hi yolt
14:19:57 <Yolteotl> dot <3
14:20:55 <Dot`> <3
14:21:44 <Yolteotl> Dot, I have to build a garden shelter
14:22:03 <Yolteotl> so I can free some space in the garage and put my new car inside
14:22:05 <Yolteotl> D:
14:24:43 <Dot`> 1st world problems
14:24:48 <Yolteotl> yes
14:24:50 <Yolteotl> :(
14:24:55 <Yolteotl> they are the worst
14:28:27 <Yolteotl> I want my car noowww
14:30:34 <Yolteotl> it's worst than having to wait to get a pony plush
14:30:35 <Yolteotl> :D
14:31:21 <Dot`> haha
14:39:14 <Yolteotl> When is pony pon?
14:40:19 <Yolteotl> oh, I missed WESG?!
14:41:09 <Yolteotl> those broadcast times are so bad
14:43:02 <Dot`> they are bad
14:43:08 <Dot`> i go for a walk now, later ponies <3
15:03:07 -!- skram [~skram@ip-58-146-106-77.eidsiva.net] has joined #tlponies
15:03:14 <skram> dudes
15:03:59 * skram slaps Dot` around a bit with a large trout
15:19:41 <Cane> Yolt, failing how? I know the Switch was finally unveiled but I didn't read up on it any.
15:19:55 <Cane> Also hi everyone. <3
15:20:04 <skram> Hi there Mr. Cane
15:20:08 <Runbunny> Hai Cane.
15:23:35 <Rawr|Fone> 🐴🐴🐴
15:29:37 <CockRoach|42> .tell phearlock http://68.media.tumblr.com/3132e5f1e55dade87adee438ba1e3479/tumblr_oj3blso3M11vutjbio1_1280.jpg
15:32:34 <Yolteotl> 300$ instead of 250, only 2 games confirmed for launch day, lot of expensive accesories
15:32:47 <Yolteotl> no game included with the console
15:34:17 -!- DoT|Phone [~Dot@85.255.232.43] has joined #tlponies
15:34:30 <DoT|Phone> pon pon
15:34:44 <skram> dot where you at
15:36:39 <DoT|Phone> hiking in snow
15:36:49 <skram> go home
15:36:55 <skram> we're playing eldritch horror
15:36:57 <skram> in like 5 minutres
15:37:09 <DoT|Phone> oh noes
15:38:21 <DoT|Phone> is cam here
15:38:47 -!- Phearlock [~Phearlock@cm-84.215.224.171.getinternet.no] has joined #tlponies
15:38:47 -!- mode/#tlponies [+v Phearlock] by Q
15:38:49 <skram> he wont be until late probably
15:38:54 <skram> like usual
15:38:59 <skram> so we can play another game
15:39:00 <Phearlock> Hey ponpons
15:39:00 <DoT|Phone> lazy
15:39:12 <skram> unless you tire of my company
15:39:14 <skram> you bitch
15:39:18 <skram> Hai ferlok
15:39:19 <Phearlock> Aw ye CR linked me shippus
15:44:01 -!- BioClass [~Bio@108-72-8-181.lightspeed.stlsmo.sbcglobal.net] has joined #tlponies
15:44:03 <Phearlock> how are you pons today anyway?
15:44:27 <BioClass> awake
15:44:31 <Runbunny> Hai Phearlock.
15:44:31 <Bio> hi
15:44:33 <Phearlock> Great!
15:44:34 <Runbunny> Hai Bio.
15:44:40 <Bio> class canceled, work canceled
15:44:45 <Bio> weekend start
15:44:46 <Phearlock> What a nice day
15:45:04 <Phearlock> I went to the store and got food
15:45:06 <Phearlock> cause I had no more food
15:45:18 -!- DoT|Phone [~Dot@85.255.232.43] has joined #tlponies
15:45:43 <Bio> its nice to have food
15:45:49 <DoT|Phone> still be about am hour Skram
15:46:35 <DoT|Phone> bio plej?
15:46:51 <skram> you have 5 minutes dot
15:48:54 <DoT|Phone> oh dear
15:52:49 <DoT|Phone> I did create a more streamlined set up board earlier Skram
15:52:59 <Bio> sec
15:53:03 <Bio> imma find coffee
15:53:05 <DoT|Phone> took off most off the stuff
15:53:09 <DoT|Phone> bio. I am hike
15:53:24 <Bio> then y ask to plej!?!
15:53:25 <Bio> =O
15:53:36 <Bio> u silly hors
15:54:20 <DoT|Phone> I said in like am hour I can
15:54:31 <DoT|Phone> then asked you if you wanted in
15:54:47 <Bio> hors
15:54:48 <Bio> pls
16:01:39 -!- Zounds [~chatzilla@cpc108453-cowc8-2-0-cust8.14-2.cable.virginm.net] has joined #tlponies
16:01:39 -!- mode/#tlponies [+v Zounds] by Q
16:01:44 <Zounds> Hey
16:01:52 <CockRoach|42> hi Zounds
16:03:44 <DoT|Phone> hey Zuma
16:03:48 <DoT|Phone> phone please
16:03:52 <DoT|Phone> zounds
16:03:59 <Zounds> Ey
16:04:05 <DoT|Phone> he is not south Africa president
16:04:25 <Rawr|Fone> Or is he?
16:04:29 <Rawr|Fone> Who knows
16:04:41 <DoT|Phone> not nearly corrupt enough
16:04:48 <DoT|Phone> and can speak English
16:05:00 <DoT|Phone> and can count
16:06:10 <Zounds> I'm some of those things most of the time
16:08:02 <Runbunny> O:
16:13:57 <DoT|Phone> Runbun
16:14:10 <Runbunny> Dot.
16:15:17 <DoT|Phone> how's plej
16:16:26 <Runbunny> I died like 4 times to O&S, so took a break and made some food.
16:19:29 <Zounds> Ornstein and Smough?
16:25:14 <DoT|Phone> only 4
16:25:17 <DoT|Phone> weak
16:26:42 <Runbunny>  was probably like 6
16:26:43 <Runbunny> idk
16:26:59 <Zounds> Are you doing a challenge run of some kind?
16:28:23 <Runbunny> Yeah, I am challenging myself to beat the game with a 2 hander.
16:28:26 <Runbunny> kinda.
16:28:44 <Runbunny> great whatever weapon at least.
16:29:41 <Zounds> Oh that's not too bad
16:29:46 <Zounds> Never swing more than once and you'll be fine
16:30:26 <Runbunny> I am currently using gravelord greatsword. It's running attack is pretty good.
16:34:30 <Zounds> Is that the jumping thing
16:35:03 <Runbunny> You know it.
16:35:20 <Runbunny> Dot Zounds is a dark souls master. You should have him do the no hit run.
16:36:18 <Zounds> I'd last till lower undead burg
16:36:29 <Zounds> dogs cast a spell of stupidty on me and I always seem to get hit
16:36:45 <Zounds> And if not them then the flailing lunge from the torch hollows
16:36:51 <Runbunny> :D
16:37:27 <Runbunny> I got hit in the tutorial ;)
16:38:21 <Bio> hoers
16:38:48 <DoT|Phone> Skram. bio. I'm about ten minutes from home
16:39:37 <Zounds> After playing ds2 and ds3 adjusting to 30fps in ds1 results in some bad dodges
16:39:47 <Runbunny> dsfix dsfix
16:39:53 <Runbunny> 60 fps.
16:40:02 <Zounds> It doesn't seem to work for me anymore
16:40:22 <Zounds> It does prevent the super low drops from particle effects and stuff but doesn't get me above 30
16:40:30 <Runbunny> Which button do you have it bound to?
16:40:52 <Runbunny> You need to unlock the fps in the .ini files and then there's an ingame button push
16:41:58 <Zounds> Maybe I missed something last time I tried, i'll check again when I play again
16:41:59 <CockRoach|42> .tell Rawr|Fone http://i.imgur.com/r5mMTTv.gifv
16:42:30 <Runbunny> for me the key is backspace, I think that it might be the default.
16:43:52 <Zounds> Last time I played I was using Zweihander and tower shield so I could've completed the game at 10 fps
16:54:28 <Dot`> where skram bio
16:54:39 <Bio> where bio skram
16:54:40 <Bio> ?
16:54:47 <Dot`> you there bio
16:54:51 <Dot`> but where skrammen
16:55:03 -!- tredc [webchat@90-230-30-217-no56.tbcn.telia.com] has joined #tlponies
16:55:08 <Dot`> hi tredc
16:57:11 <Runbunny> There I did it.
16:57:25 <Runbunny> soul of smough though
16:57:29 <Rawr|Fone> .tell cockroach|42 <3
17:02:26 <tredc> hi DoT`
17:03:16 -!- DoT|Phone1 [~Dot@90.196.173.100] has joined #tlponies
17:03:31 <Dot`> .tell skram dammit skrammen where you go
17:07:44 <Dot`> rawr, why is skram unrelaible
17:08:12 -!- reification [~reificati@cpc76294-cosh16-2-0-cust297.6-1.cable.virginm.net] has joined #tlponies
17:08:12 -!- mode/#tlponies [+v reification] by Q
17:08:13 <Rawr|Fone> Probably because he is norwegian
17:08:17 <Dot`> bio, when you want to plej? 
17:08:18 <Dot`> hey reif
17:08:23 <Rawr|Fone> Can't be trusted
17:08:25 <reification> hey dotties
17:08:35 <Dot`> as i pushed my supper back 2 hours to make time now and then he leaves :/
17:08:43 <reification> wow rude
17:08:49 <Rawr|Fone> Probably fell asleep
17:09:09 <Rawr|Fone> He is going to wake up in 14 hours
17:09:10 <reification> runbunny https://twitter.com/yaguara2299/status/819608287272468480
17:14:09 <Dot`> bio, we shall try plej in about an hour and a half, i need to sort out supper and maybe cam will be here by then
17:14:15 <Bio> oki
17:14:19 <Bio> i'm here all day
17:14:22 <Dot`> <3
17:14:25 <Bio> i'll just do wow things 
17:14:45 <Bio> too much ice to go anywheres
17:14:59 <Dot`> http://magnaluna.deviantart.com/art/Cuddles-657142099
17:15:55 <reification> https://twitter.com/LLTroshill/status/819363592898105344
17:16:00 <Phearlock> floofy cuddles <3
17:20:23 <Bio> floofles
17:23:46 <Dot`> bbio, you need eldritch horror rule pdfs?
17:23:46 -!- skram [~skram@ip-58-146-106-77.eidsiva.net] has joined #tlponies
17:23:54 <Dot`> now skram shows
17:23:58 <Bio> rofl
17:24:04 <Bio> sure, isuppose
17:24:08 <skram> you said an hour
17:24:10 <skram> its been an hour
17:25:10 <Dot`> [15:45:49] <DoT|Phone> still be about am hour Skram
17:25:15 <Dot`> its now 17:25
17:25:20 <skram> which is about an hour
17:25:42 <Dot`> well i got back, waited 20 minutes then went ahead and started supper becuase you where gone 
17:25:56 <Dot`> and for all i knew you had fallen asleep
17:26:31 <Runbunny> Nice Reif.
17:27:11 <skram> maybe i will
17:27:19 <Dot`> how long till you need to sleep?
17:27:31 <skram> like 3 days
17:27:41 <Dot`> haha
17:31:28 <Dot`> well i can either be like 30 minutes or an hour now skram
17:37:28 <Dot`> Bio https://www.fantasyflightgames.com/en/products/eldritch-horror/
17:37:32 <Dot`> scroll down
17:37:39 <Dot`> for the rules
17:37:54 <Bio> so many rules
17:38:16 <Dot`> many are uneeded
17:39:12 <Bio> this pdf is taking ages to load T_T
17:39:28 <Dot`> it does
17:40:05 <reification> eldrich abominations take a lot of bandwidth
17:43:11 <Bio> k
17:43:24 <Bio> sanity, investigations, ancient ones
17:43:32 <Bio> don't go crazi
17:44:00 <Dot`> skrma, i have hosted it already, will leave it open
17:44:02 <Dot`> tlp
17:44:02 <Dot`> tlp
17:44:14 <Dot`> if you want to get assets loaded
17:55:47 <Yolteotl> you so pony
17:56:14 <Bio> theres a lot going on
17:56:34 <skram> a whole bunch
18:02:26 <Bio> are we gonna start soon? if not imma get some noms
18:03:15 <DoT|Phone1> how long noms?
18:08:50 <Bio> idk
18:09:02 <Bio> gonna check to see if we are making french toast or not todya
18:20:25 <Bio> we are
18:20:27 <Bio> but later
18:20:49 <Bio> how many horses can plej
18:21:04 <Bio> cane?
18:21:17 <Bio> bun? reif?
18:21:47 <Bio> in discord
18:22:41 <DoT|Phone1> be ten minutes then
18:25:55 <Bio> aww yiss
18:31:32 <Zounds> What are you playing
18:31:43 <reification> i don’t have tts bio
18:31:48 <Bio> some eldritch god simulator thing on tabletop sim
18:32:04 <Zounds> Ahh right
18:32:18 <Zounds> Try not to go insane
18:32:24 <Zounds> That's usually what eldritch stuff does right?
18:32:28 <reification> zk should play the eldritch god
18:32:34 <skram> pretty much
18:32:34 <reification> it’s just the role for him
18:35:00 <Zounds> You should play the bloodborne soundtrack for atmosphere
18:37:42 <Dot`> skram
18:37:46 <Dot`> SKRAMMEN
18:48:50 <Yolteotl> Bloodborne is awesome
18:49:03 <Yolteotl> I'm currently doing a second play :d
18:49:11 <Yolteotl> I'm much better than for the first one :P
18:53:46 <Zounds> It's fantastic
18:55:29 <Yolteotl> Did you play the DLC?
19:02:31 -!- Camail [~Camail@45.40.93.200] has joined #tlponies
19:02:31 -!- mode/#tlponies [+v Camail] by Q
19:03:27 <Dot`> hi cam
19:03:44 <Camail> yar
19:05:01 <Dot`> cam, you joining board game
19:05:06 <Dot`> you have about 10 minutes
19:07:34 <Camail> my internet is being really weird
19:08:02 <Camail> whatever the isp did has made it super inconsistent as of late
19:12:10 -!- DuB` [DuB@66-219-213-203.dynamic.ip.veracitynetworks.com] has joined #tlponies
19:12:12 <DuB`> HI HI HELLO
19:12:15 <Dot`> DUB
19:12:17 <Dot`> <3
19:12:18 <DuB`> DOT
19:12:19 <DuB`> <3
19:12:21 <DuB`> IS FRIDAY
19:12:22 <DuB`> MADE IT
19:12:32 <skram> YOU KNOW WHAT THAT MEANS DUB?
19:13:34 <DuB`> PLEJ
19:13:37 <DuB`> ALSO CHINESE FOOD
19:13:47 <Bio> dub
19:13:49 <skram> Nej. Its means you gotta get down, dub.
19:13:57 <Bio> if i buy you tabletop sim will u install today and plje
19:14:08 <Bio> ?
19:15:03 <DuB`> Wah!
19:16:29 <DuB`> Uh!
19:16:30 <DuB`> !?
19:16:37 <Bio> yes o rno sir
19:17:57 <DuB`> I mean I would, but... >_>
19:19:24 <Bio> BUT NOTHING
19:19:28 <Bio> stop waffling hors
19:19:49 -!- Golly [~Golly@1.92-221-121.customer.lyse.net] has joined #tlponies
19:20:45 <DuB`> Waffles are fantastic.
19:21:01 <Bio> check ur steam dub
19:21:10 <DuB`> :O
19:21:13 <DuB`> Bionice
19:21:14 <DuB`> 2nice
19:23:54 <DuB`> OH
19:23:58 <DuB`> NEW BONOBO ALBUM TODAY
19:24:00 <DuB`> Ooooooooooooh.
19:24:49 <DuB`> Already on spotify, too.
19:24:51 <DuB`> Wee~
19:29:49 <ZK> Dot`, can i come and watch game?
19:30:32 <ZK> oh i found out password
19:30:33 <ZK> im smart
19:30:52 <skram> we are not an imaginative lot
19:46:40 <ZK> ohhhhh dub joined
19:46:43 <ZK> he also figured out password
19:48:58 <Dot`> camail. last chance
19:49:46 <Camail> irc isn't even consistent
19:49:46 <Camail> I
19:49:50 <Camail> 'd be DCing allt he time
19:49:57 <Dot`> :(
19:50:19 <Camail> well
19:50:23 <Camail> actually i would be hosting
19:50:26 <Camail> wouldnt
19:50:50 <Camail> so i can try
19:50:54 <Camail> what are you playing
19:59:14 <Golly> https://media.giphy.com/media/l0Exdh01otlonUb5K/source.gif
20:19:03 <Cane> lol
20:21:28 <skram> this is a thing i want
20:23:35 -!- ZK [~ZealotKil@modemcable114.242-81-70.mc.videotron.ca] has joined #tlponies
20:23:35 -!- mode/#tlponies [+v ZK] by Q
20:42:30 -!- BioPhone [~androirc@108-72-8-181.lightspeed.stlsmo.sbcglobal.net] has joined #tlponies
20:42:50 <Dot`> pon pon
20:42:56 <BioPhone> Small break, brb
21:15:16 -!- BioPon [~androirc@108-72-8-181.lightspeed.stlsmo.sbcglobal.net] has joined #tlponies
21:19:52 -!- tredc [webchat@90-230-30-217-no56.tbcn.telia.com] has joined #tlponies
21:30:46 <Dot`> rawr rawr
21:31:03 <Rawr|Fone> Dot dot
21:33:32 <Dot`> <3
21:34:18 <Rawr|Fone> <3
21:35:10 <Dot`> how was ping pong
21:43:38 <Rawr|Fone> Pretty good dot
21:46:49 <Dot`> goood
22:00:19 <Dot`> rawr http://imgur.com/gallery/JRjrd
22:02:18 <Rawr|Fone> <3
22:51:44 <Dot`> cane http://imgur.com/gallery/NYk6f
23:01:04 <reification> lol /r/socialism banned their banner artist for drawing a catgirl webcomic
23:01:17 <reification> now their mods are on strike from the backlash
23:01:31 <reification> guess they figured out one way to start a revolution :p
23:02:53 <Yolteotl> you all so pon
23:03:00 <skram> anime was a mistake reif
23:03:15 <ZK> oh yea dragon ball super is being dubbed@
23:03:17 <ZK> woo
23:03:30 <reification> you fit right in then yolo 
23:04:05 <reification> catgirls predate anime skram
23:04:38 <Yolteotl> :D
23:04:48 <Yolteotl> REif, anime, Kimi no Na wa.
23:05:03 <skram> somehow i dont believe that reif
23:06:34 <reification> well there’s catwoman skram
23:08:16 <reification> i go to london at start of feb yolo
23:08:29 <reification> so as long as it is still showig…
23:08:32 <Yolteotl> yes D:
23:11:06 <reification> world end economica ep 3 came out over xmas without me noticing:/
23:11:47 <Yolteotl> hmm, reif
23:11:48 <Yolteotl> UK	18 November 2016	
23:11:55 <Yolteotl> are you sure it is still showing?
23:12:40 <reification> http://subtitled.yournamethemovie.co.uk/#latitude=51.5&longitude=-0.13&zoom=11
23:15:19 <Yolteotl> I hope you'll be able to watch it
23:15:24 <Yolteotl> bluray seems so far away
