00:09:55 -!- tredc [~tredc@c83-251-161-94.bredband.comhem.se] has joined #tlponies
00:14:12 -!- Rawr|Fone [~AndChat52@c-a6c7db54.020-164-6d6c6d4.cust.bredbandsbolaget.se] has joined #tlponies
00:28:25 -!- Rawr|Fone [~AndChat52@m83-185-85-32.cust.tele2.se] has joined #tlponies
00:59:33 <reification> night all
01:00:38 <Rawr|Fone> Good night reef reef
01:02:11 <Dot`> gnight reif
01:20:38 -!- Rawr|Phone [~AndChat52@84-217-62-32.customers.ownit.se] has joined #tlponies
01:33:13 -!- Crisium [~Crisium@c-73-174-51-128.hsd1.pa.comcast.net] has joined #tlponies
01:42:43 <Crisium> oi
01:58:54 <Dot`> cris pon
03:00:01 <Dot`> dont say that about me cam! and just after i leave
03:00:03 <Dot`> so rude
03:00:11 <Camail> pls
03:00:20 <Crisium> nani
03:05:44 <Dot`> how you doing Crisium
03:05:54 <Crisium> good
03:05:58 <Crisium> watching some south park
03:07:30 <Crisium> how dot
03:07:46 <Dot`> good
03:07:51 <Dot`> in bed now
03:09:52 <skram> noice
03:11:04 <Dot`> Skram!
03:11:07 <Dot`> what you been up to
03:11:17 <Dot`> i want to play spintires sometime with you
03:11:19 <CockRoach|42> pls calm down
03:11:20 <skram> i have been sneaking
03:11:37 <skram> how about tomorrow
03:11:47 <Crisium> sneak
03:11:52 <Dot`> cr!!!
03:11:55 <Dot`> look https://imgur.com/gallery/OHjw5
03:12:39 <CockRoach|42> doggo!
03:17:06 <Crisium> lizrdo
03:20:17 <Dot`> skram https://imgur.com/gallery/XSvojuh
03:20:44 <skram> LET HIM HAVE THE BUNS
03:20:46 <skram> :((((
03:21:07 <Crisium> bunno
04:34:25 -!- Dot`_ [~quassel@90.214.186.173] has joined #tlponies
04:36:00 -!- DuB` [~DuB@66-219-235-64.dynamic.ip.veracitynetworks.com] has joined #tlponies
04:40:05 <BioSC> horses
04:51:46 <Crisium> pon
04:55:45 <BioSC> greet
04:56:15 -!- Dot` [~quassel@90.214.186.173] has joined #tlponies
05:41:56 -!- Dot`_ [~quassel@90.214.186.173] has joined #tlponies
05:50:17 -!- Dot` [~quassel@90.214.186.173] has joined #tlponies
05:54:03 <Camail> DuB`  this game is fun
05:54:39 <Camail> i tried the DZ, every enemy is the purple mega enemy
05:54:50 <Camail> makes life harder
05:58:48 -!- Dot`_ [~quassel@90.214.186.173] has joined #tlponies
06:13:58 -!- Golly [~Golly@1.92-221-121.customer.lyse.net] has joined #tlponies
06:33:12 <DuB`> DZ seems pointless, my experience was: try to extract stuff-> it gets hijacked -> try to stop guy from hijacking it and he one-shots me, and then can attack me for free from then on, and spawncamps the only nearby entrance
06:35:44 <Camail> eh, i got some stuff out, had more issues with the deluge of enemies coming tot he evac site than players
06:35:58 <DuB`> Like, a "manhunt" has started for this guy and he's just wandering around the area oneshotting everyone
06:36:43 <Camail> is he really high level or something
06:36:50 <Camail> maybe there's twinks in this game
06:37:29 <DuB`> 14
06:37:32 <Camail> i got killed then camped by a lvl15/99 guy then i just switched spawns
06:37:38 <Camail> yea but was his DZ rank high
06:37:42 <DuB`> 99
06:38:03 <Camail> yea probably just hangs around in dz1 killing people with the best gear for his level
06:38:18 <Camail> that's old school mmo trolling
06:38:49 <DuB`> Also, can ANYONE hijack regardless of rogue/attackable status?
06:39:16 <Camail> what exactly is hijacking
06:39:19 <Camail> stealing your stuff?
06:39:28 <DuB`> Players
06:39:50 <DuB`> As soon as I call extraction like 5 people show up.
06:40:27 <Camail> anyone can use the line, i think, but then people might just kill you because you're there
06:40:52 <Camail> for me only one player came in and it was a guy i was fighting with for a bit
06:40:56 <Camail> then like 20 npc's came
06:41:28 <Camail> i mean, people can roam around taking 4v1's if they really want to
06:41:33 <DuB`> I dunno, extracting things solo seems impossible
06:41:46 <Camail> we can DZ tomorrow or something
06:42:00 <Camail> maybe once everyone gets to 10 or 11 we can get a 4 man
06:42:25 <Camail> i got my dz rank up to 10 so i can by stuff from the dz1 stores, which is nice
06:42:41 <Camail> honestly, getting to rank 10 and just killing mbos to get dz money is good
06:42:57 <Camail> you can buy normal blue from the dz store without needing to risk extraction
06:43:05 <Camail> blues*
06:45:22 <Camail> i can join you now, if u want
06:46:47 <DuB`> No point unless there's a way to get a different instance that doesn't have this 14/99 guy.
06:47:42 <Camail> i kinda want to fight him
06:49:44 <Camail> yup thats a twink alright
06:49:51 <Camail> i dont know why you keep trying
06:50:03 <Camail> after one death I'd just relog
06:50:09 <DuB`> I did, lol
06:50:15 <DuB`> This was second try.
06:51:05 <Camail> join on me
06:53:15 <Camail> wat
06:53:37 <Camail> ok so i have an idea
06:53:45 <Camail> I'll go to the higher level one
06:53:48 <Camail> and we'll work ourw ay down
06:53:51 <Camail> to avoid the twink
06:54:26 <Camail> oh wait nvm better idea
06:54:37 <Camail> we just dont do DZ because lvl 14 twinks are a big thing
06:54:44 <Camail> eh, I'll try one more time
06:59:00 <Camail> DuB` 
06:59:03 <Camail> we call extrac when we want
06:59:07 <Camail> then we run to the other one
06:59:10 <Camail> juke the twink
06:59:12 <DuB`> Sure
06:59:22 <DuB`> He might be gone?
06:59:25 <DuB`> Don't see manhunt alert.
07:00:48 <Camail> DuB`  I'm full
07:04:48 -!- Dot` [~quassel@90.214.186.173] has joined #tlponies
07:06:31 <Camail> EZ
07:06:51 -!- Dot`__ [~quassel@90.214.186.173] has joined #tlponies
07:07:52 <DuB`> Well yes, it's greatly successful when you have no opposition. :P
07:32:06 <Camail> DuB`  is that ur bro
07:32:14 <DuB`> Yeah haha
07:32:21 <Camail> invite him lul
07:35:27 <Camail> LMFAO
07:35:29 <DuB`> LOL
07:35:33 <DuB`> Oh hi named boss
07:35:43 <Camail> we killed named guys before
07:35:46 <Camail> but not in dz2
07:35:48 <Camail> lol
07:44:46 <DuB`> They all spawned already on top of the roof >_>
07:44:51 <Camail> DuB` extracting in dz2 maybe not the best idea
07:45:10 <Camail> lets grab our stuff then head back to 1
08:03:29 <Camail> DuB`  think i am done with dZ for the night
08:03:39 <Camail> ah
08:03:40 <Camail> convenient
08:03:45 <Camail> i was done anyway
08:03:45 <DuB`> ...
08:08:32 <DuB`> Ye gg
08:08:42 <DuB`> DZ is pretty fun when you can just roam and fight
08:09:05 <Camail> its also fine when there are rogues, just not twinks who power trip on easy kills
08:24:44 <Camail> well i should probably be done playing games for the night
08:25:01 <Camail> DZ is kinda nerve wracking, just cuz all the enemies are so resilient
08:30:10 -!- Dot` [~quassel@90.214.186.173] has joined #tlponies
08:36:26 -!- CockRoach|42 [~CR@31-209-34-60.cust.bredband2.com] has joined #tlponies
08:36:26 -!- CockRoach|42 [~CR@CockRoach|42.users.quakenet.org] has joined #tlponies
08:36:26 -!- mode/#tlponies [+v CockRoach|42] by Q
09:25:46 -!- Rawr|Fone [~AndChat52@84-217-62-32.customers.ownit.se] has joined #tlponies
09:32:23 -!- Golly [~Golly@1.92-221-121.customer.lyse.net] has joined #tlponies
10:52:42 -!- Camail [~Camail@45.40.84.145] has joined #tlponies
10:52:42 -!- mode/#tlponies [+v Camail] by Q
10:52:54 <Camail> guess who has two thumbs and is resetting his sleep schedule 
10:52:59 <Camail> bb
10:58:13 <Micen> is it you Cam?
10:58:45 <CockRoach|42> it could be literally anyone
11:00:00 <Camail> well, its a gendered pronoun
11:00:05 <Camail> so that cuts out a majority of humanity
11:00:24 <CockRoach|42> you'd be surprised
11:01:10 <Camail> i dont think the number of transgendered people even puts a dent into the 1% majority women have
11:02:28 <Camail> micen we had our first run in with a lvl 14 twink in the DZ
11:02:30 <Camail> it was rough
11:02:44 <Micen> ouch 
11:02:46 <Camail> like...why tho
11:02:56 <Camail> lvl 14 but rank 99
11:03:24 <Camail> why do they spend so many hours grinding just to have meaningless victories over vastly undergeared people
11:03:40 <CockRoach|42> it's just a prank, bro
11:03:55 <Camail> well, it adds to the idea of it being a wild town
11:04:16 <Camail> i sure wish the DZ was bigger to make this kind of gameplay less about spawn camping tho
11:04:38 <Camail> I'm not new to over powered bullshit trolling, I played Ultima on a pvp shard
11:04:48 <Camail> you had to work real hard just to get out of the first town
11:05:08 <CockRoach|42> sounds like a lot of fun
11:05:22 <Camail> oh no, god no it was terrible
11:05:27 <Camail> but i have a tolerance for it
11:05:44 <CockRoach|42> (win 23
11:06:12 <Camail> its just that those are the only people who had the balls to go rogue
11:13:46 <Dot`> Morning
11:15:11 <CockRoach|42> morning dot
11:20:51 <Dot`> Rawr rawr rawr
11:49:23 <Rawr|Fone> Dot dot dot
11:58:42 <Camail> dot i am able to play division with you if you would like at any point
12:00:04 <Dot`> rawr <3
12:00:22 <Dot`> currently going through the first part watching the cutscenes and stuff cam
12:00:28 <Dot`> how long you awake for?
12:00:31 <Camail> did you recreate?
12:00:35 <Camail> i am awake for ever
12:00:37 <Dot`> yea
12:00:44 <Camail> using this week to reset my sleep schedule
12:00:50 <Dot`> good luck
12:00:52 <Camail> want to stay up for at least 12 more hours
12:00:54 <Dot`> no sleep all week
12:01:18 <Camail> maybe
12:01:19 -!- tredc [~AdiIRC@c83-251-161-94.bredband.comhem.se] has joined #tlponies
12:01:24 <Camail> maybe I'll die
12:01:26 <Camail> who knows
12:01:30 <Rawr|Fone> Skärpning camail
12:01:35 <Dot`> we will find out
12:01:39 <Camail> rawr pls
12:02:58 <Camail> Dot`  https://wccftech.com/division-update-1-7-re-customize/
12:03:08 <Camail> maybe you dont have to recreate
12:03:41 <Dot`> well i wanted to watch the cutsxenes and stuff, pls
12:03:51 <Camail> I mean, sure do that
12:04:05 <Camail> but then do this
12:04:10 <Camail> the better, less time wasting thing
12:04:31 <Camail> I like my characters look, don't think I will change
12:06:15 <Camail> the directions they give in the article are still true, i found it in the terminal
12:18:04 -!- reification [~reificati@cpc76294-cosh16-2-0-cust297.6-1.cable.virginm.net] has joined #tlponies
12:18:04 -!- mode/#tlponies [+v reification] by Q
12:18:10 <reification> hello tlp
12:18:11 <Dot`> whey reif!
12:18:19 <reification> rawr https://twitter.com/BabyAnimalsPic/status/946495447673200641
12:18:33 <reification> whey is for later dot, when i go to lift things
12:19:11 <reification> .tell dub` https://twitter.com/inkokfc/status/946560106522591232
12:19:36 -!- tredc [~AdiIRC@c83-251-161-94.bredband.comhem.se] has joined #tlponies
12:20:10 <Rawr|Fone> Thanks reef reef
13:22:53 -!- skram [~skram@109.203.11.251] has joined #tlponies
13:24:42 -!- Yolteotl [webchat@243.77.126.78.rev.sfr.net] has joined #tlponies
13:26:38 <Yolteotl> hi pones 3
13:26:38 <Yolteotl> <3
13:26:52 <skram> Hey yolt!
13:30:55 <Yolteotl> hello skram
13:30:58 <Yolteotl> how are you?
13:31:53 <skram> my head hurts, I need to medicate with some bacon and eggs i think
13:31:56 <skram> what you up to mr yolt
13:36:07 <Dot`> skram, yolt <3
13:37:02 <Yolteotl> Dot <3
13:37:15 <Yolteotl> I have to prepare tomorrow meal
13:37:30 <Yolteotl> not sure what I'll cook
13:37:56 <Yolteotl> last year, I had 25 ppl at home
13:38:24 <Yolteotl> It will be much quieter this year
13:40:41 -!- DoT|Phone [~Dot@90.214.186.173] has joined #tlponies
13:41:15 -!- Runbunny [~Runbunny@91.100.28.10.generic-hostname.arrownet.dk] has joined #tlponies
13:51:49 -!- Cane [~Cane@CaneCraft.users.quakenet.org] has joined #tlponies
13:51:49 -!- mode/#tlponies [+o Cane] by Q
13:59:42 <Camail> fuck man
13:59:48 <Camail> the DZ is brutal solo
13:59:54 <Runbunny> What is up Camail?
13:59:56 <Camail> it doesn't scale at all
14:00:50 <Camail> maybe being lvl 19 would make it easier
14:01:18 <Camail> tho i am beginning to think snipers are kinda ass unless they are in a group
14:47:57 <reification> .tell bio earth-chan memes http://i0.kym-cdn.com/photos/images/original/001/325/149/488.jpg http://i0.kym-cdn.com/photos/images/original/001/325/806/56b.jpg http://i0.kym-cdn.com/photos/images/original/001/327/017/135.jpg
14:57:53 -!- Zounds [webchat@cpc108453-cowc8-2-0-cust8.14-2.cable.virginm.net] has joined #tlponies
14:58:11 <Zounds> hey
15:00:20 <reification> hello zounders
15:01:10 <Zounds> hi reif
15:03:12 <DoT|Phone> hey Zounds
15:14:52 <Dot`> skram
15:21:23 <skram> yeah buddy
15:21:35 <skram> hey zounds, anders, reeef
15:22:33 <Dot`> hows your head now skram?
15:22:52 <skram> i did some self medicating
15:22:57 <skram> with bacon and eggs
15:23:02 <skram> so its pretty good
15:23:12 <Dot`> what you up to now then?
15:23:43 <skram> im watching the new episode of the grand tour
15:24:12 <Dot`> want to try spintirews after?
15:24:23 <skram> heck yes
15:24:53 <skram> wait which of them did you get
15:25:17 <Dot`> what
15:25:42 <Dot`> same thing you have
15:26:23 <skram> alright
15:38:27 <skram> Dot`
15:38:29 <skram> are you ready
15:40:25 * skram slaps Dot` around a bit with a large trout
15:41:27 <Dot`> im in discord
16:34:07 <BioSC> gud morn
16:34:12 <Bio> hihi
16:58:05 <Dot`> hey bio
16:58:50 <Bio> gmorn
16:58:55 <Bio> time to find some coffee
17:03:54 -!- DuB` [~DuB@66-219-235-64.dynamic.ip.veracitynetworks.com] has joined #tlponies
17:04:00 <Dot`> Duuub
17:04:02 <Dot`> <3
17:04:04 <DuB`> Doooot
17:04:06 <DuB`> <3
17:04:18 <Camail> dub
17:04:19 <Camail> pls
17:05:54 <DuB`> cam
17:05:55 <DuB`> wat
17:06:04 <DuB`> reification this is a very good .tell
17:06:05 <Camail> solo DZ is hard
17:06:16 <Camail> i'm in the 15-19 zone now
17:06:24 <Camail> instead of 10-14
17:06:47 <Camail> i managed to get a purple SVD out tho
17:06:57 <DuB`> Wew
17:07:13 <Camail> i called an extraction, held out, got fucked and died, ran to my body and hooked onto the line 10 seconds before it left
17:07:22 <DuB`> lolol
17:07:26 <DuB`> I got a 10kdps SCAR yesterday but hate that gun. :P
17:07:35 <Camail> the dps on scars are a lie
17:07:40 <DuB`> Somehow still prever 4k bolt action
17:07:44 <DuB`> prefer
17:07:45 <Camail> i trashed a 20k dps scar for this svd
17:07:53 <DuB`> Ye
17:08:24 <Camail> unless you can make a build that ups the stabilization its too hard to actually use the dps
17:09:17 <Camail> I'm leaning more towards using rifles, anyway
17:10:21 <Camail> dub, dot didnt like his character so he restarted, but my theory is he saw his time limit of 6 hours on the trial and panicked so he skipped all the cutscenes
17:10:48 <Camail> he's almost back to the level of his first character
17:10:50 <DuB`> Haha!
17:10:54 -!- tredc [~AdiIRC@c83-251-161-94.bredband.comhem.se] has joined #tlponies
17:11:13 <Camail> tho you can change your appearance in The Terminal
17:11:22 <Camail> its something they added in 1.7
17:11:41 <Camail> I'm a cute asian girl tho so i dont need to change
17:12:49 <Bio> poor dot
17:13:56 <Zounds> what game are you guys talking about
17:14:18 <DuB`> The Multiplication
17:14:21 <DuB`> Er, Division
17:14:34 <Zounds> Oh, cool
17:14:44 <Camail> dub did you just have a stroke
17:15:17 <Camail> Zounds  we got into it cuz there's a free trial and its on winter sale atm
17:15:37 <Camail> dub i got like 5 scarves but none of them are exactly what I want
17:15:43 <Zounds> I see!
17:15:45 <Camail> I think i understand some of your daily despair
17:15:49 <Zounds> I've played it a bit in the past on PS4
17:15:53 <Zounds> My brother likes it a lot
17:16:34 <Camail> its fun so far
17:16:37 <Camail> we havent played much
17:17:02 <Camail> well I've palyed a lot, but mainly just the first 10% of the game 5 times
17:17:12 <Camail> as I've co-oped with trial ppl
17:17:42 <Dot`> cam, your theory about me wanting to watch cutscenes is correct! amaxnig how you guessed it after i told you thats why i restarted
17:17:52 <Bio> lel
17:18:04 <Camail> but you didnt tell me that you skipped thme for your first guy
17:18:23 <Camail> i assumed you took the 2 minutes out of your time to watch
17:18:35 <Camail> but then i had to put myself in a dot state of mind
17:18:45 <Camail> and the panic made we realize you mashed through it all
17:19:04 <Dot`> constant state of panic!
17:19:26 <Camail> it doesn't explain why you then decided to level the alt character, but I honestly don't care beyond a passing curiosity
17:20:00 <Dot`> i havnt got the third wing up and running
17:20:05 <Dot`> lvl 6 atm
17:21:55 <DuB`> I got med wing to 70% and there's STILL trash on the floor!
17:22:07 <DuB`> Someone get me a broom, I'll do it myself.
17:28:18 <Dot`> im also going around looking around corners and stuff
17:28:31 <Dot`> found 3 doors to lockpick!
17:30:08 -!- Yolteotl [webchat@243.77.126.78.rev.sfr.net] has joined #tlponies
17:30:43 <Camail> I've just been clearing out side missions
17:31:01 <Camail> which is  kinda meh, but i want to save main missions for groups
17:31:12 <Camail> I'm developing a style
17:31:21 <Camail> aka attempting to be Faith from mirror's edge
17:37:19 -!- Golly [~Golly@1.92-221-121.customer.lyse.net] has joined #tlponies
17:56:54 <Camail> its weird being able to see everywhere that dot goes on my map
17:57:04 <Camail> normally i pay for that kind of info
17:59:28 <Runbunny> Dot`, https://i.imgur.com/aqOKANP.jpg
18:05:18 <Dot`> you pay to know im sitting at my pc?
18:05:19 <Dot`> cam pls
18:07:11 <Dot`> Rawr https://imgur.com/gallery/S81Dp
18:10:10 <Runbunny> Dot`, https://i.imgur.com/zNhPSF9.jpg
18:10:20 <Dot`> haha
18:12:35 <Camail> ok so i had division on in the background for a long time today and now i cant stop hearing sirens in my head
18:13:00 <Dot`> lol, i use to get that with the phones at work
18:13:23 <Dot`> in IT our main office had a call center section
18:14:00 <Dot`> could still hear those phones ring when i got home
18:14:21 <Camail> but what if a real cop car crashes into my house
18:14:26 <Camail> and blazes its sirens
18:14:31 <Camail> i wont be able to hear it
18:15:26 <Dot`> what you need to do is move country where the sirens are a diffrent sound
18:15:33 <Dot`> then you can tell 
18:16:08 -!- DoT|Phone [~Dot@90.214.186.173] has joined #tlponies
18:27:29 -!- Micen [~micen@h117.143.40.162.dynamic.ip.windstream.net] has joined #tlponies
18:38:15 <DoT|Phone> hi Micen
18:39:25 <Micen> Hello
18:53:08 <DuB`> Oke, I can plej now
18:53:13 <DuB`> Done shopping~
19:30:46 <Rawr|Fone> Horses
19:30:51 <Dot`> Rawr!
19:31:01 <Rawr|Fone> Dot!
19:31:06 <Dot`> <3
19:31:14 <Rawr|Fone> <3
20:09:32 <Yolteotl> searching for old crypto wallet on my computer
20:09:41 <Yolteotl> I have 33$ of dogecoin sleeping
20:09:41 <Yolteotl> xD
20:11:04 <Dot`> yolt, you need to find 33 bitcoin
20:11:50 <Yolteotl> I did not mine bitcoin
20:19:15 <Bio> pone
20:19:17 <Bio> i bek
20:19:23 <Bio> got some ferret food
20:19:29 <Bio> looked at the birbs at the pet store
20:19:36 <Bio> saw a doge
20:19:39 <Bio> didn't get to pet
20:25:30 -!- carcinisation [webchat@cpc76294-cosh16-2-0-cust297.6-1.cable.virginm.net] has joined #tlponies
20:28:46 <Dot`> aww
21:01:12 <Yolteotl> ok
21:01:12 <Yolteotl> dot
21:01:20 <Yolteotl> I did not mine for 33$
21:01:26 <Yolteotl> but 250$ D:
21:13:07 -!- Crisium [~Crisium@c-73-174-51-128.hsd1.pa.comcast.net] has joined #tlponies
21:24:25 <Dot`> oh dear yolt
21:24:30 <Dot`> doge has failed you
21:24:34 <Dot`> hey Crisium
21:24:44 <Crisium> hi
21:27:44 <Dot`> i hear america is very chilly atm
21:27:49 <Crisium> it is
21:27:51 <Crisium> lots of snow
21:31:56 <Crisium> https://twitter.com/round_boys/status/944984307671687176
21:32:15 <Dot`> https://mirroredsea.deviantart.com/art/Decorating-722796116
21:33:05 -!- DuB_phone [~AndChat71@66-219-235-64.dynamic.ip.veracitynetworks.com] has joined #tlponies
21:33:19 <Crisium> pon
21:33:38 <Dot`> https://imgur.com/gallery/zwGHX
21:33:40 -!- DuB` [~DuB@66-219-235-64.dynamic.ip.veracitynetworks.com] has joined #tlponies
21:33:45 <Dot`> duuub
21:33:49 <DuB`> ack
21:51:04 <Dot`> TLP discord is borked?
21:52:15 <Yolteotl> looks like
21:52:18 <Yolteotl> not the only one
21:52:25 <Yolteotl> IRC > Discord
21:52:52 <Dot`> irc suprior
21:59:11 <carcinisation> discord wouldn't let ppl out of voice chat...
22:22:59 <Bio> rip
22:23:03 <Bio> just saw it went down
22:24:12 <Dot`> https://fluffyxai.deviantart.com/art/Cutie-Purple-722677648
22:27:27 <Bio> cutie purple
22:27:29 <Bio> apt name
22:45:32 <skram> my bois
22:46:22 <skram> Dot` what are you up to
22:46:37 <Dot`> playing factorio with brother
22:46:42 <Dot`> and you skram sir?
22:47:34 <skram> thinkin about cats
22:49:22 <skram> do you know any good ones
22:49:47 -!- tredc [~AdiIRC@c83-251-161-94.bredband.comhem.se] has joined #tlponies
22:52:09 <Crisium> https://twitter.com/DickKingSmith/status/947055257271533569
22:57:52 <skram> perfect Crisium
22:59:30 <Dot`> i only know one good cat and its in south africa
23:14:36 -!- tredc [~AdiIRC@c83-251-161-94.bredband.comhem.se] has joined #tlponies
23:18:28 <skram> tell me more
23:20:14 <Dot`> whiskey is a large orange tomcat
23:20:35 <Dot`> who enjoys crawling inside my bag
23:42:20 <Camail> i read your last message first
23:42:27 <Camail> and got really confused to whom you were asking
23:43:34 <Camail> So I think I'm gonna sit at 19 and slowly build gear in the DZ
23:43:49 <Camail> wait for everyone to catch up, and be relatively kitted out by that time
23:44:01 <Camail> levelling is incredibly fast if you do all the side missions
