00:14:39 -!- Crisium [webchat@dhcp-pa-67-20-243-210.consolidated.net] has joined #tlponies
00:22:29 <DoT_> yo cris
00:23:25 <Crisium> hi
00:29:04 <Camail> cris my brother got skullgirls after me repeatedly telling him not to
00:29:07 <Camail> is this what it feels like
00:29:10 <Camail> to see your child do drugs
00:30:10 <Crisium> but you liked that game
00:31:30 <Camail> yea but he's a fgc baby
00:31:36 <Camail> would you let a new player play anime
00:31:58 <Camail> like, i dont intro people to chess with 3d chess
00:32:36 <Crisium> lol
00:33:39 <Camail> i dont want to explain undizzy
00:33:49 <Camail> most fighting game players dont even know what undizzy is
00:34:08 <Camail> at least he doesnt know that the mvc2 undizzy and SG undizzy are different
00:45:36 <Runbunny> DoT_, http://i.imgur.com/e658J3I.mp4
00:46:30 <DoT_> that quality
00:46:38 <Crisium> superior to humans
01:01:52 <reification> night all
01:03:04 <CockRoach|42> night reif
01:07:06 <DoT_> gnighg t reif
01:07:22 <CockRoach|42> .roll d20 to sleep
01:07:28 <DoT_> gl cr
01:07:38 <CockRoach|42> i've been trying for hours
01:30:49 <DoT_> :/
01:32:44 <Crisium> eh
01:35:23 <DoT_> dub dub
01:38:20 <DuB`> dot dot
01:40:16 <DoT_> if you wrestle with jeff
01:55:39 -!- Dot` [~quassel@90.196.173.100] has joined #tlponies
02:04:04 <Dot`> rawr rawr
02:16:48 <Crisium> Flash vs Sea game 2
02:16:49 <Crisium> amaze
02:16:56 <Crisium> will have to watch rest of series tomorrow tho
02:16:59 <Dot`> link games?
02:17:03 <Dot`> i missed them
02:17:06 <Crisium> https://www.youtube.com/watch?v=MuhjA_Fv0VI
02:17:11 <Dot`> will watch tomorroow
02:17:16 <Crisium> game 2 man
02:17:20 <Crisium> the classic tvt
02:17:35 <Dot`> .tell skram http://imgur.com/gallery/7jbFmR1
02:19:28 -!- Camail [~Camail@45.40.93.200] has joined #tlponies
02:19:28 -!- mode/#tlponies [+v Camail] by Q
02:27:14 <Crisium> dat we cat
02:40:48 <Dot`> http://www.bbc.co.uk/news/world-europe-38724042
02:40:54 <Dot`> good news
02:41:04 <Dot`> puppies!
02:41:46 <DuB`> <3 :D
02:42:02 <Crisium> pup pup
03:04:29 <ZK> puppies are good
03:04:37 <ZK> taste much better than kittens
03:35:45 <Bio> gud evenin hors
04:54:24 -!- skram [~skram@ip-58-146-106-77.eidsiva.net] has joined #tlponies
07:33:06 -!- Rawr|Fone [~AndChat25@84-217-62-32.customers.ownit.se] has joined #tlponies
07:36:49 -!- Phearlock [~Phearlock@cm-84.215.224.171.getinternet.no] has joined #tlponies
07:36:49 -!- mode/#tlponies [+v Phearlock] by Q
08:39:04 -!- Golly [~Golly@1.92-221-121.customer.lyse.net] has joined #tlponies
09:56:21 <Cane> https://www.twitch.tv/ognglobal just went live. Should be APEX, the korean OW tournament.
10:29:01 <Dot`> morning cane
10:29:08 <Cane> 'Allo Dot`. <3
10:29:49 <Dot`> <3
10:40:48 <Dot`> poor BK stars
10:48:05 <Dot`> rawr http://imgur.com/gallery/VJ6j9nL
10:48:17 <Rawr|Fone> Dot dot dot
10:49:13 <Dot`> rawr rawr rawr
10:49:14 <Dot`> <3
10:49:23 <Rawr|Fone> <3
10:49:32 <Rawr|Fone> School is the worst
10:51:45 <Dot`> aww
10:53:28 <CockRoach|42> calm down Rawr|Fone
10:53:47 <Rawr|Fone> No
10:53:49 <Rawr|Fone> Nvr
10:54:24 <Dot`> cr, you ever get that elusive sleep
10:55:13 <CockRoach|42> i did
10:56:30 <Dot`> \o/
11:05:43 -!- Golly [~Golly@1.92-221-121.customer.lyse.net] has joined #tlponies
11:20:20 -!- Runbunny [~Runbunny@91.100.28.10.generic-hostname.arrownet.dk] has joined #tlponies
11:20:34 <Dot`> runbun
11:23:03 <Rawr|Fone> Runbun
11:24:49 -!- Rawr|Phone [~AndChat25@host-95-195-151-89.mobileonline.telia.com] has joined #tlponies
11:37:31 <Runbunny> Hai.
11:39:46 <Rawr|Phone> How are you today runbun
11:44:21 <Runbunny> well
11:44:24 <Runbunny> idk
11:44:28 <Runbunny> I am slacking hard.
11:44:42 <Runbunny> and I have an exam at thursday.
11:45:23 <Runbunny> What about you Rawr?
11:45:45 <Rawr|Phone> I am in school
11:45:51 <Rawr|Phone> Pretty boring
11:49:01 <Cane> Dat Zenyatta. \o/
11:54:29 <Runbunny> Hai Cane.
11:54:35 <Cane> Hiya Runbunny. <3
11:54:59 <Runbunny> What is todays subject Rawr?
12:01:21 <Cane> Both teams running Genji. I think I love watching Korean OW.
12:01:40 <Cane> Zenyatta boot to the face won last game, now Genji is owning on Payload.
12:03:53 <Cane> And now Pharah is killing it on King's Row.
12:04:01 <Cane> I don't know what I'm watching but I know what I like.
12:04:20 <Runbunny> I really like pharah on kings row.
12:04:58 <Runbunny> tons of roofs you can hide and fly around about.
12:08:23 -!- tredc [webchat@90-230-30-217-no56.tbcn.telia.com] has joined #tlponies
12:41:17 <Dot`> rawr rawr
12:41:40 <Rawr|Phone> Dot dot
12:41:43 <Rawr|Phone> <3
12:41:47 <Dot`> <3
12:42:06 <Rawr|Phone> We are learning about html and css runbun
12:42:16 <Cane> There is no way Tydolla is staying on Sombra.
12:42:17 <Runbunny> Dot`, http://i.imgur.com/VJ6j9nL.mp4
12:42:21 <Cane> ...
12:42:23 <Cane> There is no way.
12:42:28 <Cane> He's not staying on Sombra on defense.
12:42:30 <Runbunny> I can't help you with that Rawr :/
12:42:32 <Cane> ...
12:42:36 <Cane> He's playing Sombra on defense.
12:42:37 <Cane> Okay.
12:42:48 <Cane> You have my attention, Koreans.
12:43:33 <Cane> LOL
12:43:40 <Cane> And that's why people don't Sombra on defense.
12:57:12 -!- reification [~reificati@cpc76294-cosh16-2-0-cust297.6-1.cable.virginm.net] has joined #tlponies
12:57:12 -!- mode/#tlponies [+v reification] by Q
12:57:50 <reification> hi tlp
12:58:29 <CockRoach|42> hi reif
13:04:23 <Dot`> hey reif
13:04:35 <reification> hey cr|42, dotties <3
13:05:49 <Rawr|Phone> Reef reef 🐴🐴
13:06:52 <reification> roar roar 🎠🎠
13:40:59 <Dot`> whats up all
13:53:23 <reification> i am 20 yeokens short of the 550 needed for a free cuddly toy cow
13:54:59 <reification> ah, i have 2 yoghurts with unentered codes for 10 yeokens each :D
13:55:28 <Dot`> \o/
13:55:37 <Dot`> beefalo > cow
13:55:46 <Dot`> but you cant have everything
13:59:53 <reification> well you know what to ask for when it’s your birthday http://store.kleientertainment.com/products/535989-dont-starve-beefalo-plush
14:02:48 <reification> i’ve claimed my cow :D
14:03:11 <reification> now i have to wait 28 days
14:03:11 <Dot`> \o/
14:03:15 <Dot`> oh dear
14:03:20 <Dot`> cowless for 28 days D:
14:03:32 <reification> you had it worse dot
14:03:33 -!- ZK [~ZealotKil@modemcable114.242-81-70.mc.videotron.ca] has joined #tlponies
14:03:33 -!- mode/#tlponies [+v ZK] by Q
14:04:03 <Dot`> .roll d20 to boop zk
14:04:07 <ZK> .roll d20 to boop Dot`
14:04:15 <ZK> sweetums is back to usual
14:04:30 <Dot`> yip, grumpy
14:04:55 <ZK> i dunno if yip is grumpy, havent seen him in yearsssssss
14:07:22 <reification> .roll d20 to boop zk
14:07:31 <reification> sweetie pls
14:07:33 <ZK> oi
14:07:36 <ZK> .roll d20 to boop reification
14:22:34 <ZK> snute strim!
14:23:29 -!- Rawr|Fone [~AndChat25@84-217-62-32.customers.ownit.se] has joined #tlponies
14:24:54 <Dot`> yes
14:36:57 <Rawr|Fone> Horse
14:40:42 <Dot`> hest
14:56:04 <Bio> poni
14:56:34 <Dot`> BIOOOO
14:57:21 <Bio> hoi
14:59:23 <Dot`> hows you
15:01:44 <Bio> gud
15:01:50 <Bio> we should play zomble game today
15:02:04 <Dot`> yes, with skrammen and maybe cam if he show
15:07:39 -!- skram [~skram@ip-58-146-106-77.eidsiva.net] has joined #tlponies
15:07:59 <skram> HI
15:12:17 <Dot`> Hello friend
15:19:35 <Dot`> we board game later skram
15:22:11 <skram> Hey frienderino
15:22:13 <skram> Maybe
15:28:29 <Bio> skrma pls
15:28:39 <skram> pls me bio
15:28:42 <skram> ;) ;) ;)
15:28:50 <Bio> nu
15:37:31 <reification> i plej strange game today
15:37:35 <reification> was like overwatch
15:37:42 <skram> oh
15:37:46 <skram> do you mean team fortress 2
15:37:55 <reification> but team actually pushed though choke instead of dicking about
15:38:09 <skram> madness
15:38:13 <reification> esp when speed boost used
15:39:11 <reification> straight to season high sr :D
15:41:06 <Runbunny> when is patch?
15:41:15 <Runbunny> Should be today no?
15:48:37 <Bio> nerferinos
16:05:42 -!- DoT|Phone1 [~Dot@90.196.173.100] has joined #tlponies
16:11:22 -!- Rawr|Phone [~AndChat25@host-95-195-151-89.mobileonline.telia.com] has joined #tlponies
16:14:18 -!- DoT|Phone [~Dot@85.255.232.39] has joined #tlponies
16:37:36 -!- tredc [webchat@90-230-30-217-no56.tbcn.telia.com] has joined #tlponies
16:39:10 <Bio> poni hors
16:52:51 <DoT|Phone> bio
16:57:56 <reification> hello bio
17:02:26 <DoT|Phone> when board game bio
17:16:04 -!- DoT|Phone1 [~Dot@90.196.173.100] has joined #tlponies
17:46:03 -!- DoT|Phone [~Dot@90.196.173.100] has joined #tlponies
17:48:15 <Dot`> pon pon
17:49:18 <Bio> when we get people hors
17:49:22 <Bio> who wants plej
17:49:48 -!- carcinisation [webchat@cpc76294-cosh16-2-0-cust297.6-1.cable.virginm.net] has joined #tlponies
18:08:41 <Runbunny> Dot`, whens patch?
18:08:55 <Dot`> bio, i can plej in about an hour
18:08:59 <Dot`> RUNBUN 
18:09:01 <Dot`> no idea
18:11:02 <Runbunny> Dot`, http://imgur.com/gallery/zhEuX
18:36:34 -!- Rawr|Fone [~AndChat25@84-217-62-32.customers.ownit.se] has joined #tlponies
18:41:01 <DoT|Phone> Rawr Rawr Rawr
18:41:10 <Rawr|Fone> Dot Dot Dot
18:41:25 <DoT|Phone> <3
18:41:29 <Rawr|Fone> <3
18:46:06 <Rawr|Fone> How are you today dot
18:48:57 <DoT|Phone> I'm doing ok. you sir ?
18:49:44 <Rawr|Fone> Gooood
18:50:41 <Bio> neigh
18:50:42 <DoT|Phone> Runbun http://i.imgur.com/A98WFgl.jpg
18:54:30 <Rawr|Fone> Fancy doge
18:54:39 <Bio> neigh
18:55:24 <Rawr|Fone> Doge goes woof or bork bio
18:55:27 <Rawr|Fone> Not neigh
18:55:36 <Bio> bork bjoirk
18:57:56 <Rawr|Fone> Much better
18:59:41 <DoT|Phone> Skram
19:05:06 <DoT|Phone> bio. what happened to the board game ponies
19:05:44 <Bio> we lost too much
19:07:44 <DoT|Phone> they need more dorf
19:07:52 <DoT|Phone> losing is fun
19:12:08 <Bio> that or they are doing stuffs dort
19:12:57 <carcinisation>  get career high playing ana => there is a new version of overwatch available...
19:14:22 <Cane> Chinese new years Overwatch event just went live. Patch hit right this moment.
19:14:31 <Cane> Not gonna be here tonight to enjoy it. <3
19:14:40 <carcinisation> aww
19:19:19 <carcinisation> ah now i need to equip the wheels
19:21:43 <Cane> The new skins are neat.
19:21:52 <Cane> D.Va's is cool, Mei is fucking awesome looking.
19:27:43 -!- Zounds [~chatzilla@cpc108453-cowc8-2-0-cust8.14-2.cable.virginm.net] has joined #tlponies
19:27:43 -!- mode/#tlponies [+v Zounds] by Q
19:27:48 <Zounds> Hey guys
19:27:55 <Zounds> the OW year of the rooster thing is live now
19:30:36 <carcinisation> are pons assembling in stack form?
19:31:13 <Runbunny> got another legendary winston skin :/
19:31:21 <Zounds> Those Mei legendary skins
19:31:28 <Zounds> Top tier waifu
19:32:38 <Zounds> Apparantly matchmaking is not working right now or something, according to the general chat in game
19:33:55 <Cane> Lot of neat stuff.
19:34:10 <Cane> Done looking at all the skins and emotes and sounds.
19:34:20 <Cane> Gonna head off for the night. Have fun playing, if matchmaking works. <3
19:35:19 <Zounds> I love the mei one but her cannister thing kinda floats a bit
19:35:25 <Zounds> meh I doubt i'd notice in game
19:42:31 <carcinisation> https://www.youtube.com/watch?v=YcPPdlJFO48
19:52:09 <Dot`> i am here bio
19:53:06 <Rawr|Fone> Dot you are such a pon
19:55:46 <Runbunny> capture the flag is completely broken
19:56:59 <Runbunny> You can use the teleport thing with sombra.
19:57:03 <Runbunny> with the flag
19:58:33 <Bio> hi Dot`
19:59:01 <Dot`> no you rawr
20:02:34 <Rawr|Fone> Snela dot
20:09:32 -!- DoT|Phone1 [~Dot@90.196.173.100] has joined #tlponies
20:11:15 <Bio> https://i.redd.it/b44f103innby.jpg
20:11:20 <Bio> this is the best timeline
20:12:31 <carcinisation> join us in trying to play ctf dot?
20:15:26 -!- Phearlock [~Phearlock@cm-84.215.224.171.getinternet.no] has joined #tlponies
20:15:26 -!- mode/#tlponies [+v Phearlock] by Q
20:18:30 -!- DuB` [~DuB@66-219-213-203.dynamic.ip.veracitynetworks.com] has joined #tlponies
20:18:33 <DuB`> HI HI HELLO
20:19:25 <Phearlock> Heeey it's our boy DuB` 
20:19:33 <DuB`> Ayyyy
20:20:16 <Dot`> daaaab
20:24:23 <DuB`> daaaat
20:24:24 <carcinisation> server are fucked, and ctf is pretty rubish :(
20:24:28 <DuB`> OBERWAJ
20:24:42 <carcinisation> see previous comment dub
20:24:48 <DuB`> STILL
20:25:08 <DuB`> I worked until like 1am last night getting half a day ahead so I could play a bit today. :P
20:25:33 <DuB`> I GOT GOTH ZARYA IN MY FREE LOOTBOX
20:25:34 <DuB`> RIP
20:25:50 <carcinisation> i will try again in a bit and see if they fixed things
20:30:02 * Bio slaps DuB` around a bit with a large trout
20:31:11 <DuB`> Woah, the new mei and mercy things are fantastic!
20:31:11 <DuB`> CHINAWATCH, BIO
20:31:45 <Zounds> Yeah
20:31:48 <Zounds> Mei is Bae
20:32:33 <Zounds> https://twitter.com/25yolanda8866/status/823919615017238528 you've probably already seen this dub
20:32:36 <Zounds> but it's cute
20:32:58 <DuB`> I haven't!
20:34:03 -!- DoT|Phone [~Dot@90.196.173.100] has joined #tlponies
20:34:56 <DuB`> Sorry sun wukong winston, mei skin comes first. :T
20:35:03 <DuB`> And only 4k moneys to go around!
20:35:09 <Zounds> The matchmaking servers are all kinds of wonky atm dubbers
20:35:14 <DuB`> Wuuut
20:35:24 <Zounds> Takes forever to get into a game
20:35:30 <Zounds> All sorts of errors 'n shit
20:36:08 <DuB`> Well I only need 1k xp for a level, so I GOTTA.
20:39:41 <Bio> i just want to get my free lootbox from ctf
20:39:44 <Bio> then never play it again
20:39:54 <DuB`> https://twitter.com/StarCraft/status/823990353363509248
20:40:44 <DuB`> Ooh that too, bayo.
20:45:53 <Rawr|Fone> Such nerds
20:46:12 <DuB`> WOOOOOOOOOO
20:46:12 <DuB`> GG
20:46:13 <DuB`> LOL
20:46:15 <DuB`> THAT'S A MEI SKIN
20:47:24 <Zounds> Jealousy
20:58:55 <DuB`> JI got the tracer emote and it's so dummmbbbb hahaha
20:59:03 <DuB`> Also the ana skin is bizarre.
21:00:00 -!- tredc [webchat@90-230-30-217-no56.tbcn.telia.com] has joined #tlponies
21:03:59 <Dot`> i like bastion has a rooster
21:11:53 * skram smooshes DuB`s face
21:11:55 <skram> Hi.
21:12:43 <DuB`> ( ́ ◕◞ε◟◕`)
21:12:46 <DuB`> Hi~
21:13:03 <Zounds> Gonna try more ctf
21:13:06 <Zounds> anyone want to join?
21:14:07 <DuB`> REINV
21:14:09 <DuB`> reinv
21:14:10 <DuB`> ite
21:14:12 <DuB`> >_>
21:14:14 <DuB`> skram gogo
21:15:45 <skram> cant
21:16:19 <Bio> D O D G E D
21:17:01 <DuB`> Tsk tsk
21:26:48 <Dot`> skrma is witcher now
21:42:30 -!- carcinisation [webchat@cpc76294-cosh16-2-0-cust297.6-1.cable.virginm.net] has joined #tlponies
21:54:24 -!- Camail [~Camail@45.40.93.200] has joined #tlponies
21:54:24 -!- mode/#tlponies [+v Camail] by Q
21:55:26 <DuB`> Dot` Runbunny ZK Cane playin' now~
21:56:44 <DuB`> Oh reification too~
21:56:48 <DuB`> Servers seem fine now.
22:12:38 <Dot`> Bioooo
22:24:18 <Bio> yes dot
22:25:32 -!- carcinisation [webchat@cpc76294-cosh16-2-0-cust297.6-1.cable.virginm.net] has joined #tlponies
22:27:21 <Dot`> hows you
22:28:23 <Bio> asdf
22:30:23 <Camail> thats not a word
22:30:39 <Dot`> cam
22:31:21 <Camail> dot
22:31:41 <Camail> man twitch puts me into a weird beta but wont put me into the ad bits beta =/
22:32:10 <Camail> "we're trying to collect data on how you use the search function" STOP TRYING TO LEARN WHAT PORN I WATCH
22:34:26 <Dot`> this twitch, so nosy
22:41:57 <Dot`> cam, when we going to play dead of winter
22:42:04 <Camail> i dunno
22:42:07 <Camail> we have all the time in the world
23:22:22 <Dot`> pon pon
23:22:33 <CockRoach|42> dot pon
23:24:52 -!- ZK [~ZealotKil@modemcable114.242-81-70.mc.videotron.ca] has joined #tlponies
23:24:52 -!- mode/#tlponies [+v ZK] by Q
23:29:14 <ZK> .roll d20 to boop Dot`
23:29:20 <Dot`> .roll d20 to boop zk
23:29:27 <ZK> snute not strimming :(
23:29:40 <ZK> oh demuslim bday
23:29:42 <ZK> guess thats ok
23:33:26 <Dot`> he isnt streaming
23:34:32 -!- DoT|Phone1 [~Dot@90.196.173.100] has joined #tlponies
23:35:02 <ZK> well, this just sucks
23:37:38 -!- Crisium [webchat@dhcp-pa-67-20-243-210.consolidated.net] has joined #tlponies
23:41:09 <Dot`> hey cris
23:41:16 <Crisium> howdy
23:41:26 <Crisium> time for me to watch the rest of the bw finals
23:41:34 <Crisium> you check it out yet?
23:43:37 <Dot`> i should do that now
23:55:10 <ZK> rolled a d500. got a 1.
23:55:11 <ZK> pffft
23:55:18 <ZK> they were fun
23:55:28 <ZK> although im not the biggest fan of TvT in BW
23:56:02 <Crisium> game 2 was just so good
23:56:09 <Crisium> i have a love/hate with watching tvt
23:56:17 <Crisium> hated in last ASL where final 4 were all terrans
23:56:29 <Crisium> but this is the only tvt series for ASL 2 so its fine
