00:10:45 <reification> night all
00:11:37 <Camail> no
00:11:39 <Camail> day
00:55:09 -!- Rawr|Fone [~AndChat25@84-217-62-32.customers.ownit.se] has joined #tlponies
00:57:56 -!- Crisium [webchat@dhcp-pa-173-233-18-48.consolidated.net] has joined #tlponies
01:25:57 -!- BioSC [~BioPon@108-72-8-181.lightspeed.stlsmo.sbcglobal.net] has joined #tlponies
01:44:47 <BioSC> thing
01:45:58 <Crisium> thang
01:46:55 <BioSC> crisi hockey when?
01:53:36 <Crisium> 9-10 weeks?
01:58:44 <BioSC> too long
01:58:46 <BioSC> make faster
02:22:08 -!- Rawr|Fone [~AndChat25@84-217-62-32.customers.ownit.se] has joined #tlponies
02:53:02 -!- DoT_ [~quassel@94.9.184.41] has joined #tlponies
03:37:05 <BioSC> DUB
03:37:06 <BioSC> PLS
03:38:21 <ZK> oh its dub
03:38:22 <ZK> hi dub
03:39:00 <DuB`> Hi hi
03:39:10 <ZK> wanna war chest?
03:40:27 <DuB`> Hmm
03:40:29 <DuB`> Just a few
03:41:05 <ZK> so lessgo!
03:43:16 <ZK> dub dub dub youre not online yet
03:43:43 <DuB`> Yeh
03:43:49 <DuB`> Bnet launcher being a brat.
03:58:29 -!- Dot` [~quassel@94.9.184.41] has joined #tlponies
04:47:16 <BioSC> dub pls
04:47:58 <DuB`> bayo wat
04:48:04 <DuB`> Alarak coop guy is OP
04:48:06 <DuB`> And fun!
04:48:18 <BioSC> i should reinstall sc2
04:48:29 <BioSC> haven't since the replace hd
04:49:34 <DuB`> D:
04:49:40 <BioSC> driveby
04:50:01 <BioSC> gotta install all tha bliz games
04:50:05 <BioSC> except for hots
04:50:06 <BioSC> fuk dat
04:50:23 <DuB`> :P
04:50:48 <BioSC> there, all the games are installing.
04:50:55 <BioSC> we shall see if they finish by the time i wake
04:51:00 <BioSleep> nnnnnnnnnn
04:51:09 <DuB`> :O
04:51:11 <DuB`> G'noight
04:51:25 -!- motbob_ [~motbob@47.42.239.25] has joined #tlponies
04:51:58 <BioSleep> dub we should plej tomo
04:52:04 <DuB`> Ye
04:52:06 <BioSleep> shoots, crafts, whatev
06:27:00 -!- Phearlock [~Phearlock@cm-84.215.228.107.getinternet.no] has joined #tlponies
06:27:01 -!- mode/#tlponies [+v Phearlock] by Q
07:00:48 -!- skram [~skram@ip-236-146-106-77.eidsiva.net] has joined #tlponies
07:43:35 -!- BioSC [~BioPon@108-72-8-181.lightspeed.stlsmo.sbcglobal.net] has joined #tlponies
08:39:51 -!- tredc [webchat@90-230-30-217-no56.tbcn.telia.com] has joined #tlponies
09:04:37 -!- Golly [~Golly@1.92-221-121.customer.lyse.net] has joined #tlponies
09:15:17 <Dot`> mornign pons
09:15:43 <skram> Good morning mr Dot`
09:16:42 <Phearlock> Morning dot
09:17:45 <CockRoach|42> morning hor
09:17:46 <CockRoach|42> s
09:17:50 <Dot`> .tell dub` http://imgur.com/gallery/4bWKj
09:22:19 <skram> hows your head dot
09:22:41 <Dot`> still a bit sore but far better
09:24:24 <skram> is it still attached though
09:24:54 <Dot`> havnt checked a mirror yet
09:25:00 <Phearlock> Asking the important questions
09:26:58 <Dot`> .tell micen it started http://ncmares.deviantart.com/art/NATG-2017-Standing-695654341
09:39:23 <Phearlock> .tell ZK http://fidzfox.deviantart.com/art/Rainbow-in-the-sky-695587965 Hey it's a pretty pony
09:40:18 <CockRoach|42> that is a pretty pony, Phearlock
09:44:13 <Phearlock> don't say that to her face though
09:44:31 <Phearlock> she might get upset at not being super cool
09:44:44 <Phearlock> (she is so pretty though)
09:48:51 <CockRoach|42> :)
09:48:58 <CockRoach|42> "it's cool to be pretty"
09:49:28 <Dot`> time fopr work, later all <3
09:54:19 <skram> later dot <3
09:54:23 <skram> im gonna go carry a piano
11:00:46 <tredc> It is here!
11:00:56 <tredc> https://www.twitch.tv/starcraft
11:03:38 -!- reification [~reificati@cpc76294-cosh16-2-0-cust297.6-1.cable.virginm.net] has joined #tlponies
11:03:38 -!- mode/#tlponies [+v reification] by Q
11:04:17 <reification> hello pons
11:04:19 <reification> https://twitter.com/AlamiStockPhoto/status/891166396905861122
11:05:12 <tredc> hi reif
11:05:27 <reification> hi tredc
11:05:33 <reification> how’s it going?
11:06:45 <tredc> its remastered launch XD (althiough only in korea)
11:06:54 <tredc> https://www.twitch.tv/starcraft
11:07:10 <reification> !
11:20:21 <reification> kemono friends on twitchpresents
11:20:26 <reification> ?friends
11:22:42 <reification> now up to the point where there is animation budget for *moving* bus wheels :/
11:28:23 <reification> https://twitter.com/kengarex/status/891507151537098752
11:33:02 <reification> rawr https://twitter.com/HistoryToLearn/status/891311231616770048
11:33:04 <Cane> Boooxeeeeeer!
11:33:43 <Rawr|Fone>  Thanks reef reef
11:34:49 <Cane> Hahaha of course they have Boxer vs YellOw.
11:34:59 <reification> chat is made of 2s
11:36:27 <Cane> MANTOSS
12:07:25 <tredc> gogogo
12:27:12 <tredc> gg
12:27:15 <tredc> Grrrr
12:27:16 <reification> gg
12:27:40 <Cane> gg!
12:47:48 <tredc> gg
12:56:26 -!- ZK [~ZK@modemcable189.130-83-70.mc.videotron.ca] has joined #tlponies
12:58:23 -!- tredc [webchat@90-230-30-217-no56.tbcn.telia.com] has joined #tlponies
13:18:19 <tredc> gg
13:18:28 <reification> gg
13:20:03 <reification> rawr https://twitter.com/datnofact/status/891318393755897856
13:20:13 <ZK> gg
13:20:14 <ZK> fun game
13:20:35 <ZK> oh, its a series? Nice
13:21:04 <reification> .roll d20 to boop zk with guardian
13:21:26 <ZK> .roll d20+4 to boop reif with STORCRAST
13:21:35 <Rawr|Fone> .tell reification <3
13:23:55 <ZK> playing in HD
13:29:54 <ZK> good strat
13:29:59 <tredc> gg
13:30:45 <reification> no bunker rush :O
13:32:47 <ZK> i missed grrrr
13:32:48 <ZK> :(
13:32:51 <ZK> hes from here!
13:33:01 <reification> silly zk
13:45:31 <ZK> WOOOOOOO
13:57:53 <tredc> gg
14:14:25 -!- Golly [~Golly@1.92-221-121.customer.lyse.net] has joined #tlponies
14:18:41 <tredc> gg
14:38:51 <skram> hallo
14:44:45 <BioSC> o hallo
14:45:04 <skram> goodness gracious
14:45:06 <skram> is that a bio
14:45:38 <BioSC> my good ser, it is!
14:45:44 <BioSC> how do you do
14:46:39 <skram> I carried a grand piano and then was given some ham with punched eggs
14:46:42 <skram> So pretty good
14:46:51 <skram> What you do mr bio
14:47:20 <BioSC> i just rolled out of bed and started touching my keyboard
14:47:40 <BioSC> it is the start of a new day
14:47:50 <BioSC> time to spend it playing the vidja
14:48:35 <skram> Are you gonna show Bad Horse mr bio
14:50:12 <BioSC> What if I told u that I was Bad Horse
14:50:24 <BioSC> ???
14:50:34 <skram> I KNEW IT
14:57:05 <tredc> GG
14:57:16 <reification> gg
14:57:29 <BioSC> gg
15:08:18 -!- Crisium [webchat@dhcp-pa-173-233-18-48.consolidated.net] has joined #tlponies
15:08:31 <Crisium> watching the Bisu vs Flash :O https://www.twitch.tv/starcraft
15:09:13 <BioSC> oh shit
15:09:15 <BioSC> thats today
15:09:51 <Crisium> BvF just started
15:09:58 <Crisium> so you only missed the old rusty guys playing
15:09:58 <BioSC> GIEV JAEDONG
15:09:59 <Crisium> (so did i)
15:10:04 <Crisium> JD will be next
15:10:16 <BioSC> is remastered out yet
15:10:39 <Crisium> 2 weeks
15:12:08 <BioSC> ahh, this is hitting all the right feels crisi
15:12:51 <Crisium> some of the hd units look so goofy lol
15:12:54 <Crisium> skinny zealots
15:13:59 <BioSC> fuckin flash
15:14:00 <BioSC> so good
15:17:37 <BioSC> oh man, vulture minefields inc
15:17:48 <Golly> isnt it really late in korea
15:17:58 <BioSC> don't thing its too bad
15:18:18 <BioSC> oh
15:18:19 <Phearlock> it's getting there I think
15:18:22 <BioSC> lel its midnight
15:18:27 -!- motbob [~motbob@47.42.239.25] has joined #tlponies
15:18:37 <Crisium> oh apparently JD did play vs Bisu already
15:18:40 <Crisium> dang, missed it
15:18:47 <BioSC> nuuuu
15:18:54 <BioSC> well, jd v flash is the show
15:20:33 <Phearlock> inactive photon cannons kinda look like unpowered photon cannosn
15:20:51 <BioSC> oh man
15:20:55 <BioSC> what an engage
15:25:58 <Phearlock> nice feint =3
15:26:09 <Crisium> cant believe bisu doesnt see that bas elol
15:26:20 <Phearlock> yes xD
15:27:40 <Crisium> bisu going to lose because he doesnt see the top left base
15:27:46 <Crisium> lol
15:31:07 <tredc> gg
15:31:13 <Crisium> geegee
15:33:54 <reification> yep that base
15:34:28 <BioSC> Tasteless shouting me out =3
15:34:58 <micen|droid_> Hello and good afternoon
15:35:05 <reification> hello micen
15:35:17 <micen|droid_> Well almost afternoon
15:35:31 <micen|droid_> Thought it was later here
15:35:55 <reification> you are just in time for flash vs jaedong
15:36:03 <reification> https://www.twitch.tv/starcraft
15:36:51 <skram> .tell dub` https://www.youtube.com/watch?v=7z4hoazra_g
15:38:01 -!- Zounds [~chatzilla@cpc108453-cowc8-2-0-cust8.14-2.cable.virginm.net] has joined #tlponies
15:38:01 -!- mode/#tlponies [+v Zounds] by Q
15:38:17 <Zounds> m'horsemen
15:38:23 <reification> m’zounds
15:38:27 <CockRoach|42> *tips fedora*
15:38:28 <skram> AY
15:38:30 <skram> master zoonds
15:39:21 <BioSC> M'PON
15:39:36 <Zounds> m'laddies
15:39:52 <BioSC> zounds flash v jaedong
15:39:54 <BioSC> GIT IN HERE
15:39:59 <Crisium> the jae to the dong
15:40:06 <reification> https://www.twitch.tv/starcraft
15:40:09 <Zounds> of ziz I am aware but ty :P
15:41:04 <BioSC> gawd 470 apms
15:41:15 <BioSC> so gud
15:43:26 <BioSC> so fast scv
15:44:08 <Zounds> I can maintain 400apm when i'm boxing my workers at the start and flipping between my cc and scout scv hotkeys
15:44:19 <Zounds> doing anything useful, not so much
15:44:23 <BioSC> =D
15:45:09 <BioSC> mutars
15:45:21 <BioSC> DOT
15:45:23 <BioSC> MUT MUTS
15:45:56 <Phearlock> *mutalisk screeching"
15:46:28 <BioSC> >PSHHH AWW YEAH
15:46:37 <Phearlock> 3 mut muts rip
15:47:22 <Phearlock> what a marine
15:48:10 <BioSC> PHEW
15:48:15 <Crisium> JD
15:50:45 <Crisium> nerf flash
15:51:00 <reification> rip 3rd
15:51:12 <BioSC> bad spot here
15:51:13 <Phearlock> They did Crisium, it was called SC2
15:51:27 <Crisium> oh no
15:51:40 <CockRoach|42> :D
15:51:59 <tredc> gg
15:52:00 <Phearlock> Aw ye flashu
15:52:05 <Phearlock> ggs
15:52:06 <reification> gg
15:52:18 <Zounds> gg
15:52:30 <BioSC> flash has just had the better of the rivalry for so long recently
15:54:38 <BioSC> http://i.imgur.com/bplpUZb.jpg
15:54:39 <BioSC> lel
15:55:11 <Golly> ^^
15:55:50 <CockRoach|42> "... than a game who is currency..." pls internet
15:56:47 <Crisium> who's on first?
15:57:05 <reification> i think you’ll have more joy fixing socialism than ppls english
15:58:13 <ZK> 31-27 in televised matches
15:58:16 <ZK> hm, not bad
15:59:00 <BioSC> closer than I thought, if thats flash v dong record
16:02:04 <ZK> yea, thats what tasteless said
16:05:18 -!- reimeuk [~reificati@cpc76294-cosh16-2-0-cust297.6-1.cable.virginm.net] has joined #tlponies
16:05:18 -!- mode/#tlponies [+v reimeuk] by Q
16:09:10 <dot-afk> i am home
16:09:19 <Dot`> Hello all<3
16:09:23 <BioSC> dot 
16:09:26 <BioSC> there was mutmuts
16:09:33 <BioSC> they dieded tho
16:10:09 <Phearlock> hey dot
16:10:11 <Phearlock> how u doin?
16:10:18 <ZK> hey dot, you missed all the starcraft BW
16:10:23 <ZK> flash is good
16:11:36 <BioSC> stupid good
16:11:43 <BioSC> still
16:13:31 -!- Runbunny [~Runbunny@91.100.28.10.generic-hostname.arrownet.dk] has joined #tlponies
16:15:25 <Dot`> zk, work denies me fun
16:15:28 <Dot`> RUNBUN
16:15:29 <Dot`> <3
16:15:33 <Dot`> you return
16:15:37 <ZK> well i guess you should stop going to work thne
16:16:25 <Dot`> well you refuse to hire me as a butler, so i have no choice
16:16:42 <Golly> http://i.imgur.com/1gLM2D5.jpg fucking Thad
16:17:00 <BioSC> literally
16:17:06 <BioSC> classic thad
16:17:50 <Runbunny> I am back
16:17:54 <Runbunny> I had a shitty time.
16:17:57 <Runbunny> It rained a lot
16:18:28 <BioSC> poor bun
16:18:32 -!- Rawr|Fone [~AndChat25@84-217-62-32.customers.ownit.se] has joined #tlponies
16:18:37 <Runbunny> I didn't have time to enjoy myself at all.
16:20:44 <BioSC> well, at least now u can be home
16:20:53 <Runbunny> Yes!
16:20:55 <BioSC> and watch rick n morty tnite
16:20:58 <BioSC> and GoT
16:21:06 <Runbunny> O:
16:23:27 <Runbunny> Rick and Morty is tonight?
16:23:36 <Runbunny> in Americas?
16:26:21 <skram> Dot`, if you were zekes butler you'd probably have a way worse job
16:29:59 -!- Crisium_ [webchat@dhcp-pa-173-233-18-48.consolidated.net] has joined #tlponies
16:30:11 <Runbunny> skram, you never check my snaps :(
16:30:36 <skram> Ive seen all of them!
16:30:41 <Dot`> cris pon
16:30:45 <skram> I just didnt have anything interesting to send back :p
16:31:00 <Crisium_> heyo
16:31:34 <Runbunny> O:
16:35:09 <Dot`> skram
16:35:19 <Dot`> you havnt hired me either, zk is my last choice
16:35:19 <BioSC> thats what reddit says bun
16:35:36 <ZK> wait what
16:35:40 <BioSC> which is of course the expert in such things
16:35:41 <ZK> why am i last choice?
16:35:49 <Dot`> frnech canadian zk
16:35:54 <Dot`> nothing personal
16:35:55 <ZK> oh ok
16:35:58 <ZK> racism
16:36:00 <ZK> i get it
16:36:05 <Dot`> yip
16:36:12 <ZK> well, purple ponies are the worst
16:36:13 <BioSC> dot pls
16:36:16 <Runbunny> Actually it's personal racism
16:36:18 <BioSC> ZK PLS
16:36:24 <Dot`> BIO SNELA
16:44:49 -!- carcinisation [~smuxi@cpc76294-cosh16-2-0-cust297.6-1.cable.virginm.net] has joined #tlponies
16:48:44 <skram> Dot, contain ur clams
16:50:53 -!- DuB` [DuB@66-219-212-247.dynamic.ip.veracitynetworks.com] has joined #tlponies
16:51:26 <Runbunny> Dub
16:51:34 <DuB`> G'morn!
16:51:37 <skram> shh dont startle him
16:51:47 <skram> HEEEEEEEY GURRL
16:52:26 <BioSC> dubu
16:52:58 <Dot`> dub!
16:53:01 <Dot`> <3
16:53:11 <DuB`> <3
16:53:30 <Zounds> ey dub
16:55:18 -!- DoT|Phone [~Dot@94.9.184.41] has joined #tlponies
16:57:36 <DoT|Phone> dub dub
17:00:40 -!- motbob_ [~motbob@47.42.239.25] has joined #tlponies
17:01:14 <DuB`> skram this synth video is fantastic.
17:01:45 <DoT|Phone> what you up to Mr dub
17:01:52 <DuB`> lol'ed and woke up my brother when the vocal "euagh bleah pwoa bhowe" thing came outta nowhere.
17:02:04 <skram> haha :D
17:02:25 <skram> I laughed pretty hard when the picture of griffin showed up
17:03:24 <DuB`> Oh gosh it's long
17:03:29 <DuB`> Didn't even notice.
17:03:46 <skram> Yah
17:06:07 -!- motbob__ [~motbob@47.42.239.25] has joined #tlponies
17:07:00 <BioSC> dub
17:07:07 <DuB`> bayo
17:07:08 <BioSC> come pretend to know how to play sc2 with me
17:07:14 <DuB`> Was just opening it.
17:07:22 <DuB`> Wanna play more alarak!
17:07:26 <ZK> oh woah, ppl are back to sc2 :D
17:07:30 <ZK> yayyyyyyyyyy
17:07:34 <BioSC> eh
17:07:39 <BioSC> i just wanna plej with the horses
17:07:48 <ZK> see Dot`, ppl are back to sc2? You should install it
17:07:57 <DuB`> ZK alarak seems really good and is easy. >_>
17:08:00 <DuB`> OP
17:08:07 <ZK> ok, play on brutal now :D
17:16:19 -!- Camail [~Camail@45.40.84.145] has joined #tlponies
17:16:19 -!- mode/#tlponies [+v Camail] by Q
17:16:39 <DoT|Phone> cam
17:16:39 -!- tredc [webchat@90-230-30-217-no56.tbcn.telia.com] has joined #tlponies
17:18:03 <Camail> no
17:21:10 <Runbunny> Camail.
17:21:24 <Camail> noooooo
17:21:29 * skram slaps Camail around a bit with a large trout
17:23:44 <Camail> nu
17:23:52 <Zounds> Camomile
17:26:23 <Zounds> yo phearlock
17:27:28 <Zounds> vote for celly on this for me https://www.equestriadaily.com/2017/07/discovery-family-asks-who-do-you-think.html
17:29:12 <Phearlock> haha ez
17:29:21 -!- motbob_ [~motbob@47.42.239.25] has joined #tlponies
17:30:07 <Zounds> <3
17:31:24 <DoT|Phone> cr
17:31:31 <DoT|Phone> https://imgur.com/gallery/mqxkF
17:31:54 <CockRoach|42> DoT|Phone: <3
17:48:31 <DoT|Phone> Skram
17:50:01 <skram> Dot
17:50:14 <DoT|Phone> hello friend
17:50:23 <DoT|Phone> how as your weekend
17:50:51 <skram> I slept a lot and then we did DnD
17:50:57 <skram> how a boat you
17:51:13 <DoT|Phone> And since dnd?
17:51:26 <DoT|Phone> I worked all weekend
17:51:48 <skram> I carried a grand piano and then I was fed
17:51:51 <skram> work is good dot
17:52:59 <DoT|Phone> maybe if your an engineer jonas
17:53:39 <skram> well
17:53:42 <skram> work means money
17:53:44 <skram> and money means pizza
17:53:48 <skram> which is the meaning of life
18:04:24 <Dot`> pon pon
18:04:49 <Dot`> skram, pianos fall on peoples heads, thats what cartoons have taught me
18:04:54 <Dot`> did you wear your helmet?
18:05:37 <Runbunny> :D
18:10:02 -!- motbob [~motbob@47.42.239.25] has joined #tlponies
18:14:55 <skram> Always Dot`
18:15:06 <Runbunny> Even now?
18:15:15 <skram> Yep
18:15:45 <Runbunny> Good lad.
18:23:59 <BioSC> sec dub
18:24:14 <DuB`> oke
18:24:23 <DuB`> I'll have to go for an hour or two after this one.
18:24:54 <BioSC> hokay
18:41:22 <carcinisation> well i was hoping to be playing the 888/pokerstars micro series main events this evening but the cards said no D: 
18:41:50 <Dot`> oh dear
18:46:44 <carcinisation> at least i just won a big hand with KK despite the skram curse :p
18:48:05 <BioSC> ggs dab
18:48:33 <BioSC> we can play more if u want to when u back
18:48:37 <BioSC> or different game
18:48:39 <BioSC> idc
18:48:41 <DuB`> Yey
18:51:15 <BioSC> want to level up stukov, get some silly units
18:52:02 <DuB`> Nova also seems cool.
18:52:16 <DuB`> 100suppply max, but really strong units + fast training/research.
19:16:10 <BioSC> Dot`, 
19:16:14 <BioSC> lets duo
19:16:17 <Dot`> Biop
19:16:56 <BioSC> i've drank my redbull and i'm ready to go
19:17:16 <Dot`> is tomroow ok? tired and headache
19:17:26 <BioSC> =(
19:17:26 <Dot`> just keep drinking red bulls till then ok?
19:17:32 <BioSC> YUS
19:18:00 <Dot`> i think you should take dub on duo adventures when he gets back
19:21:55 <BioSC> what a plan
19:45:37 <Rawr|Fone> I want to play bw 
19:47:08 <carcinisation> maybe you should do that then
19:47:37 <Dot`> you do what you want rawr
19:48:20 <Rawr|Fone> But I want the automated matchmaking and the hd graphics pls
19:48:45 <Rawr|Fone> Matchmaking is the biggest one honestly
19:51:40 -!- Yoltphone [~androirc@243.77.126.78.rev.sfr.net] has joined #tlponies
19:51:53 <carcinisation> hey yolo
19:52:00 <Yoltphone> Hi reif :)
19:52:02 <Dot`> hedge yolt
19:52:04 <Yoltphone> Hello pones !
19:52:09 <Yoltphone> Dot <3
19:52:09 <carcinisation> how's fancypon?
19:53:07 <Yoltphone> Okaish, my feels are all messed up `^^
19:53:46 <Dot`> normal for french
19:54:50 <Yoltphone> I want, girl doesn't, we talked about it thursday morning, and still spent time together thursday evening, friday, saturday and today xD
19:55:24 <Yoltphone> So french I suppose
20:01:39 <Yoltphone> She is at the same time my bff, my confidante, the girl I want and the person I spend most of my spare time. Not very healthy 😅
20:20:51 <carcinisation> hmm, sounds like trouble :/
20:21:42 <Yoltphone> My backup plan is to leave and get a job in California :P
20:22:11 <carcinisation> oh that seems quite drastic
20:22:40 <Yoltphone> I'm a one or zero person
20:22:55 <Yoltphone> :P
20:25:22 <carcinisation> so https://youtu.be/h5JXrP8yv8o?t=41s
20:26:46 <Yoltphone> Ahaha
20:35:45 -!- Camail [~Camail@45.40.84.145] has joined #tlponies
20:35:45 -!- mode/#tlponies [+v Camail] by Q
20:57:06 <Dot`> pon pon
21:03:00 <Phearlock> that's us
21:03:50 -!- DoT_ [~quassel@94.9.184.41] has joined #tlponies
21:04:26 <DoT_> hmmm
21:14:17 <Dot`> rawr rawr
21:27:06 <Rawr|Fone> Dot dot
21:27:38 <Dot`> <3
21:27:40 <Dot`> hows you
21:27:58 <Rawr|Fone> <3
21:28:02 <Rawr|Fone> Grrreat!
21:28:11 <Rawr|Fone> How are you mr dot
21:28:12 <DuB`> Back!
21:28:27 <Rawr|Fone> Dub 🤔
21:29:01 <DuB`> <3
21:29:04 <DuB`> Makin' some curry rice!
21:29:07 <DuB`> MMMMM
21:29:30 <BioSC> DAB
21:29:42 <Dot`> i am ok rawr
21:29:50 <Dot`> a darb
21:32:03 <Rawr|Fone> Good dot
21:34:08 <DuB`> A bayo, a dotto, and a rarru
21:35:05 <Runbunny> carcinisation has monogatari started yet?
21:36:55 <BioSC> dub come
21:37:01 <BioSC> i level my stukov
21:37:09 -!- tredc [webchat@90-230-30-217-no56.tbcn.telia.com] has joined #tlponies
21:38:29 <DuB`> I gotta simmer mah curry.
21:38:42 <DuB`> Can do in an hour. :P
21:41:12 <Dot`> dub, simmer means leave alone to cook slowly
21:41:24 <Dot`> so no touch and plej game
21:44:33 <DuB`> Simmer+stir
21:45:09 <Dot`> Phearlock http://imgur.com/gallery/Rrb0f
21:45:23 <Dot`> is plane
21:57:54 <Phearlock> It is indeed
21:58:08 <Phearlock> Pretty fun plane too
22:13:03 <ZK> hope it doesnt crash
22:13:39 <Phearlock> I mean if DCS is any indication
22:13:44 <Phearlock> it's not really all that hard to fly
22:16:44 <ZK> difficulty check?
22:17:45 <Phearlock> If you have proficiency it's like a DC5
22:30:10 <DuB`> Oh
22:30:10 <DuB`> my
22:30:12 <DuB`> goodness
22:30:22 <DuB`> I made some DANG GOOD CURRY RICE
22:30:30 <DuB`> Haven't had this in waaay too long. :D
22:31:43 <carcinisation> no runbun
22:32:08 <carcinisation> but it not like i'm remotely up to date with it.. :/
22:32:12 <ZK> make me some and bring it to japan with me
22:32:29 <Phearlock> Nice dub =D
22:32:31 <carcinisation> zk i think japan will have plenty for you
22:32:41 <DuB`> Yeah
22:32:45 <DuB`> Just go to CoCo or something
22:32:50 <ZK> its better than yours?
22:32:53 <Phearlock> I just put some tiny bread buns in the oven and will put cheese and stuff on them when they're done.
22:32:55 <Phearlock> Simple
22:32:59 <DuB`> Probly not. ;D
22:33:53 <BioSC> pone
22:34:41 <Phearlock> https://derpibooru.org/1497873 reposting pone 4 u bio
22:35:00 <BioSC> thank mr pone
22:39:13 <DuB`> This blonde chick in New Game has an unreal-level kansai accent.
22:39:36 <DuB`> Never heard anyone ACTUALLY talk that way. :P
22:43:43 <DuB`> Bio I can pley after I finish this bowl
22:43:45 <DuB`> nomnomnom
22:45:55 <ZK> dub, come with me to japan and cook me curry rice
22:45:56 <ZK> plz
22:46:18 <DuB`> Ok buy me ticket pls.
22:46:34 <ZK> done
22:46:36 <ZK> now come
22:46:45 <DuB`> WOO
22:47:09 <ZK> you owe me 1100$ for that ticket
22:47:20 <DuB`> How about I just owe you curry?
22:47:22 <ZK> ok
22:53:39 <Dot`> dub, send food to starving third world perosn
22:54:42 <DuB`> You have rice cooker?
22:55:20 <carcinisation> feeding zk would just encourage him
22:59:07 <DuB`> He is a big boy and needs his curry rice.
23:02:28 <DuB`> I don't have any fukinjinzuke with my curry though. :(
23:16:40 <BioSC> dub pls
23:16:55 <DuB`> Am go now!
23:19:49 <DuB`> bio pls
23:23:06 <Rawr|Fone> 🐴🐴🐴
23:23:50 -!- Micen|droid [~AndChat48@66-87-101-24.pools.spcsdns.net] has joined #tlponies
23:24:47 <BioSC> dubbuu
23:32:07 -!- Micen|droid [~AndChat48@66-87-90-223.pools.spcsdns.net] has joined #tlponies
23:35:16 -!- micen|droid_ [~AndChat48@66-87-18-188.pools.spcsdns.net] has joined #tlponies
23:41:57 <BioSC> dub is eat time
23:41:58 <BioSC> bb
23:55:11 <BioSC> bek
23:55:13 <BioSC> DuB`, 
