00:02:44 <Dot`> Merry Chistams reif
00:03:00 <reification> merry christmas dotties
00:03:05 <reification> and goodnight
00:03:46 <Dot`> gnight
00:03:53 <Bio> merry xmas
00:50:43 <Dot`> dub you nerd https://imgur.com/gallery/AMzgu
00:53:07 <DuB`> WHA rude
00:55:41 <Dot`> did you enjoy the birds?
01:01:36 <DuB`> YE
01:02:07 <Dot`> skram https://imgur.com/gallery/HVZ8C
01:02:11 <Dot`> you get a cat
01:16:04 <Dot`> what you up to dubbles?
01:24:37 <Micen|Droid> https://magnalunaarts.tumblr.com/post/168894933928/happy-holidays-everyone-3
01:30:12 <Dot`> time to post ponies?
01:30:20 <Dot`> https://dbleki.deviantart.com/art/Flutters-and-Dashie-721765451
01:30:50 <Dot`> https://derpicdn.net/img/2017/12/24/1615021/large.png
01:30:59 <Micen|Droid> Bring out your ponies
01:31:21 <Micen|Droid> I need more. 
01:31:44 <Dot`> did you see this one micen ? https://mirroredsea.deviantart.com/art/Zzz-721744051
01:32:37 <Dot`> https://assa-chan.deviantart.com/art/Christmas-kindness-721361076
01:32:56 <Dot`> http://pink.partyhor.se/post/168770251632/adventurous-horse-noises
01:33:56 <Dot`> https://luciferamon.deviantart.com/art/A-Warming-Eve-721689278
01:45:59 <skram> alfred is a good boy Dot`
01:50:17 <Micen|Droid> No. I hadn't. Thanks dot <3
01:50:36 <Dot`> <3
01:50:46 <Dot`> your a good boy skram
01:53:49 <skram> z3
01:53:51 <skram> <3
01:56:47 <Dot`> you get anything cool for christmas skram?
01:59:51 <skram> I got mostly useful stuff this year
02:00:34 <skram> clothing and stuff
02:00:42 <Dot`> any socks?
02:00:42 <skram> did you open your presents yet dot
02:00:47 <skram> yes actually
02:00:49 <Dot`> not yet
02:00:57 <skram> proper wool socks
02:01:21 <Dot`> woohoo!
02:02:53 <skram> ach, im gonna go to bed
02:03:00 <skram> good night frens
02:03:09 <Dot`> gnight hest <3
02:06:20 <Bio> dot dot
02:06:25 <Dot`> Bio Bio
02:06:44 <Bio> another colony down
02:06:52 <Bio> you got ur hand bit off by a cougar
02:06:59 <Bio> and then a raid happened
02:07:11 <Bio> poor skrm took an arrow to the brain
02:07:59 <Dot`> please refrance bio https://imgur.com/Jlt7rdm
02:08:05 <Dot`> it was inevetable
02:10:14 <Dot`> DUB, picnic
02:11:27 <Bio> PICNIC
02:14:56 <Bio> we try again
02:26:06 <DuB`> WHA
02:26:09 <DuB`> PACNIC?
02:28:08 <DuB`> Ah, dorfs?
02:28:11 <DuB`> Permapicnic
02:29:04 <Dot`> nah, the panic is i still havnt got skram christmas present
02:29:57 <Bio> neij
02:39:49 -!- Crisium [~Crisium@c-73-174-51-128.hsd1.pa.comcast.net] has joined #tlponies
02:39:59 <Dot`> cris pon <3
02:50:47 <Crisium> howdy
02:51:57 <Micen|Droid> Hi Cris
03:00:03 <Micen|Droid> https://youtu.be/ZoGGn2CvdQo
03:00:37 <Micen|Droid> One of my favorite contemporary Christmas songa
03:18:56 <DuB`> SNOWIN'
03:18:58 <DuB`> Weeeeeee
03:33:12 <Crisium> o no
03:54:17 <Bio> pani
05:07:27 <Crisium> https://mirroredsea.deviantart.com/art/90-721414218
05:34:06 <Micen|Droid> Merry Christmas pons
05:37:01 <Micen|Droid> Cute magic horse Crisium 
05:38:16 <Crisium> merry christmas
05:40:11 <Micen|Droid> It is the day for as my sister put it. An orgy of greed
05:44:19 -!- Golly [~Golly@1.92-221-121.customer.lyse.net] has joined #tlponies
05:47:38 <Crisium> well thats negative
05:47:46 <Crisium> ppl GIVE gifts lol
06:01:40 -!- Crisium [~Crisium@185.94.28.254] has joined #tlponies
06:01:58 <Crisium> Bio https://windymils.deviantart.com/art/Dream-721529239
06:05:24 <Bio> whut a cutie
06:05:28 <Bio> time to slep
06:05:40 <Bio> have a happy xmas horses
06:05:48 <Crisium> u2, gn
06:50:08 -!- Dot`_ [~quassel@90.214.186.173] has joined #tlponies
07:57:46 <Rawr|Fone> 🐴🐴🐴
07:58:42 <DuB`> CRIMMAS
09:01:51 <Dot`_> Morning horses! Merry Christmas
09:06:07 <Rawr|Fone> Dot Dot Dot
09:08:13 <Dot`> Rawr rawr rawr
09:08:15 <Dot`> <3
09:08:24 <Rawr|Fone> <3
09:12:35 -!- Dot`_ [~quassel@90.214.186.173] has joined #tlponies
09:26:38 -!- reification [~reificati@cpc76294-cosh16-2-0-cust297.6-1.cable.virginm.net] has joined #tlponies
09:26:38 -!- mode/#tlponies [+v reification] by Q
09:26:43 <Dot`_> Reif!
09:26:47 <Dot`_> Merry Christmas
09:26:54 <reification> dotties!
09:26:59 <reification> merry christmas
09:29:30 <Dot`> .tell Zounds https://the-wizard-of-art.deviantart.com/art/Days-Gone-By-719511585
09:30:58 <reification> https://twitter.com/GucciClout/status/945011599735111680
09:31:16 <Dot`> what a cute dog
09:41:49 -!- DoT|Phone [~Dot@90.214.186.173] has joined #tlponies
09:54:43 -!- Dot`_ [~quassel@90.214.186.173] has joined #tlponies
10:48:02 <DoT|Phone> Rawr Rawr
10:50:34 <Rawr|Fone> Dot Dot
11:01:16 <Dot`_> <3
11:02:35 -!- DoT|Phone1 [~Dot@90.214.186.173] has joined #tlponies
11:05:49 -!- DoT|Phone [~Dot@90.214.186.173] has joined #tlponies
11:06:25 -!- DoT|Phone1 [~Dot@90.214.186.173] has joined #tlponies
11:08:14 <Dot`_> phone pls
11:32:33 -!- Dot` [~quassel@90.214.186.173] has joined #tlponies
11:34:57 -!- DoT|Phone [~Dot@90.214.186.173] has joined #tlponies
11:56:33 -!- Dot`_ [~quassel@90.214.186.173] has joined #tlponies
11:57:50 <Rawr|Fone> Dot
11:57:57 <Rawr|Fone> Skärpning
12:04:19 <DoT|Phone> sorry
12:10:20 -!- Rawr|Phone [~AndChat52@m83-185-95-131.cust.tele2.se] has joined #tlponies
12:17:02 <DoT|Phone> Rawr
12:17:04 <DoT|Phone> snela
12:17:17 <Rawr|Phone> Dot
12:17:19 <Rawr|Phone> Pls
12:22:54 <DoT|Phone> How's Christmas Rawr?
12:26:32 <Rawr|Phone> Great!
12:26:39 <Rawr|Phone> How is it for you dotpon
12:39:14 <Micen|Droid> Oh. Dot. You wanted a photo
12:39:25 <Micen|Droid> Didn't you? 
12:39:41 <Micen|Droid> Of finished Christmas tree
12:39:52 <Dot`_> yes
12:40:02 <Dot`_> its going great rawr
12:40:24 <Micen|Droid> Let me get last thing in place. 
12:47:12 <Micen|Droid> https://photos.app.goo.gl/k0vkwnCIMPOAxJ6J3
12:48:36 <Micen|Droid> One holiday photo Dot`_ 
12:49:57 <Dot`_> :D
12:50:09 <Dot`_> what a grand christmas tree!
12:50:29 <Dot`_> so many presents, how many of you in the house?
12:56:06 <Micen|Droid> 8
12:58:17 <Micen|Droid> Also I need to add disclaimer that where normal people buy movies throughout the year and get things when needed ours happens all on Christmas day.
13:03:52 <DoT|Phone> nice
13:04:47 <reification> plenty of lights on that tree
13:05:32 <Micen|Droid> Funny you say that reif. 
13:05:34 -!- Dot` [~quassel@90.214.186.173] has joined #tlponies
13:06:17 <Micen|Droid> We are about 500 short of usual. Half our strings decided this was the year to give up the ghost
13:07:31 <reification> :O
13:13:57 <Micen|Droid> .choose get the party started, wait patiently
13:27:22 <DoT|Phone> walk time!
13:30:58 <Rawr|Phone> 🙃🙃🙃
13:45:31 -!- DoT|Phone [~Dot@85.255.232.63] has joined #tlponies
14:02:56 -!- tredc [~tredc@c83-251-161-94.bredband.comhem.se] has joined #tlponies
15:16:32 -!- tredc [~tredc@c83-251-161-94.bredband.comhem.se] has joined #tlponies
15:16:50 -!- DoT|Phone [~Dot@90.214.186.173] has joined #tlponies
15:18:06 <Dot`> im back horses
15:18:33 <reification> wb dotties
15:18:44 -!- Rawr|Fone [~AndChat52@84-217-62-32.customers.ownit.se] has joined #tlponies
15:21:41 <Rawr|Fone> 🐴🐴🐴
15:23:44 -!- DoT|Phone1 [~Dot@90.214.186.173] has joined #tlponies
15:26:49 <Dot`> Rawr <3
15:26:59 <Rawr|Fone> Dot <3
15:30:45 <Bio> merry christmas horsepons
15:30:46 <Bio> <3
15:30:49 * Bio hugs dot
15:30:54 <Bio> ty horse
15:31:35 <Dot`> Bio hest <3
15:31:48 <Dot`> Merry Christmas
15:32:19 <reification> merry christmas biopon
15:33:01 <Bio> and a happi new year
15:45:38 <Dot`> Bio please calm down, its still christmas
15:46:45 <reification> not done with this year yet
15:46:54 <Bio> nevr
16:12:49 -!- DuB_phone [~AndChat71@207-225-207-50.slkc.qwest.net] has joined #tlponies
16:12:53 <Dot`> AH
16:12:55 <Dot`> DUB
16:12:59 <DuB_phone> MERRY CRIMMAS
16:13:08 <Dot`> MERRY CHRISTMAS
16:13:14 <DuB_phone> Luv y'all
16:13:18 <Dot`> <3 <3
16:15:57 <Bio> horse lub
16:32:36 <reification> merry christmas dub
16:42:25 <Dot`> Hows the pons days going?
16:45:44 <DuB_phone> It snowed SO MUCH AAAAAAAAA
16:45:56 <DuB_phone> Perfect!
16:49:09 <Bio> pls
16:50:24 <Dot`> I WANT SNOW
16:51:50 <DuB_phone> Pic of backyard on discord 
16:52:12 <Dot`> i saw
16:53:16 <DuB_phone> I'm sure the mountains are pretty too
16:53:26 <DuB_phone> IF I COULD SEE THEM
16:53:40 <DuB_phone> Too foggy :P
16:54:50 <Dot`> where is skram today
16:56:04 -!- tredc [~tredc@c83-251-161-94.bredband.comhem.se] has joined #tlponies
16:59:03 <DuB_phone> Werk?
16:59:17 <DuB_phone> He sent me a snap that looked like that
16:59:45 <DuB_phone> And some vikingwords I don't understand :P
17:01:05 <Dot`> i do need to sort out this snapchat thing
17:01:22 <Dot`> but it wanted a name and Dot was taken somehow D:
17:12:47 <Rawr|Fone> How surprising
17:13:25 <Dot`> yea rawr, after that i was stumped
17:24:18 -!- DoT|Phone [~Dot@90.214.186.173] has joined #tlponies
17:29:24 -!- Dot`_ [~quassel@90.214.186.173] has joined #tlponies
17:32:16 <Bio> nej
17:32:23 <Bio> time to go do family thing
17:32:29 <BioGone> bbl horsepons
17:32:29 <BioGone> <3
17:32:33 <BioGone> mmmmmmmery xmas
17:33:48 <DoT|Phone> Enjoy pon!
18:10:56 -!- Crisium [~Crisium@c-73-174-51-128.hsd1.pa.comcast.net] has joined #tlponies
18:19:34 -!- Crisium [~Crisium@c-73-174-51-128.hsd1.pa.comcast.net] has joined #tlponies
18:21:13 <DoT|Phone> cris pon
18:21:17 <DoT|Phone> Merry Christmas!
18:21:23 <Crisium> merry crhistmas dot
18:21:30 <Crisium> and other pon
18:32:15 <DoT|Phone> How's your Christmas crisium
18:32:29 <Crisium> slept in yee
18:35:44 <DoT|Phone> huzzah
18:37:47 -!- tredc [~tredc@c83-251-161-94.bredband.comhem.se] has joined #tlponies
18:41:24 <Crisium> how is dot on xmas
18:41:38 <DoT|Phone> great
19:03:49 -!- Dot` [~quassel@90.214.186.173] has joined #tlponies
19:09:48 -!- tredc [~tredc@c83-251-161-94.bredband.comhem.se] has joined #tlponies
19:44:08 -!- Dot`_ [~quassel@90.214.186.173] has joined #tlponies
19:46:03 <DoT|Phone> pon pon
19:46:11 -!- tredc [~tredc@c83-251-161-94.bredband.comhem.se] has joined #tlponies
20:36:32 -!- BioPhone [~androirc@mobile-166-175-188-222.mycingular.net] has joined #tlponies
20:37:21 <BioPhone> Horse
20:39:13 <DoT|Phone> biooooo
20:46:47 <BioPhone> Hi dot
20:47:13 <Dot`_> hows new year going for you?
20:49:01 <BioPhone> So far so good
20:50:15 -!- tredc [~tredc@c83-251-161-94.bredband.comhem.se] has joined #tlponies
21:21:42 <BioPhone> How's everyone's day so far
21:30:51 <Micen|Droid> Mine is good
21:46:20 <Dot`> Great
21:46:27 -!- tredc [~tredc@c83-251-161-94.bredband.comhem.se] has joined #tlponies
21:48:01 <Micen|Droid> I got a really sweet collectors edition of a board game
21:48:18 <Micen|Droid> And ponies
21:54:04 -!- Runbunny [~Runbunny@91.100.28.10.generic-hostname.arrownet.dk] has joined #tlponies
21:54:52 <Runbunny> So I planned experiments between Christmas and new years. However my cells were completely fucked so I had to throw them away.
21:55:02 <Runbunny> I guess I am taking some time off after all.
21:56:14 <Dot`> ANGEL
21:56:30 <Micen|Droid> That sucks. What kind of experiments
21:59:51 <BioPhone> I got a gift card to a local computer store, gonna get a new monitor
22:00:07 <BioPhone> And some clothes
22:00:28 <BioPhone> Get the rest Wednesday
22:00:35 -!- tredc [~tredc@c83-251-161-94.bredband.comhem.se] has joined #tlponies
22:01:25 <Runbunny> I am transfecting my cells with a plasmid to determine the effeciency of the transfection.
22:21:21 <Rawr|Fone> Very exciting runbun
22:22:37 <Micen|Droid> I have to agree. 
22:46:30 <reification> https://youtu.be/VWJfUNTzVGM
22:46:59 <reification> pls take better care of your cells bun
22:58:03 -!- skram [~skram@109.203.11.251] has joined #tlponies
22:59:25 <Dot`> Jonas <3
23:24:54 -!- BioPhone [~androirc@mobile-166-175-188-222.mycingular.net] has joined #tlponies
23:34:26 <skram> bJØRN <3
23:34:58 -!- tredc [~tredc@c83-251-161-94.bredband.comhem.se] has joined #tlponies
23:59:08 <Dot`> how was your christmas skrammmen
