00:16:39 <Dot`> Dub https://imgur.com/gallery/tjA4lPN
00:45:46 <Dot`> ponies pls
00:45:57 <Dot`> what you up to cam
00:58:29 <Bio> was eating dinner dot
00:58:31 <Bio> hello
00:58:32 <Bio> bek
00:59:44 -!- skram [~skram@ip-185-146-106-77.eidsiva.net] has joined #tlponies
01:15:36 <skram> Dot`
01:19:15 <Dot`> skram
01:19:21 <Dot`> why am i still awake
01:20:12 <skram> I dont know buddy
01:20:14 <skram> how are you
01:21:27 <Dot`> a bit sleepy, sick
01:21:29 <Dot`> you?
01:22:25 <skram> a bit sleepy :P
01:24:34 <Dot`> you should nap
01:24:55 <skram> i went to bed 4 and a half hours ago
01:24:59 <skram> and woke up now
01:25:06 <Dot`> oh dear
01:29:43 <Bio> haoi
01:30:17 <Bio> skarm hello
01:30:26 <skram> Greetings Bio
01:31:31 <Dot`> hej
01:34:49 <Dot`> sleep!
01:34:54 <Dot`> later horses
01:34:59 <skram> good night mr Dot`
01:40:26 <Bio> nn
02:44:44 <Camail> bio have you beaten act 2 yet
03:08:40 -!- Westy543 [~Westy543@c-73-189-129-4.hsd1.ca.comcast.net] has joined #tlponies
03:08:40 -!- Raelcun [~Raelcun@Raelcun.users.quakenet.org] has joined #tlponies
03:08:40 -!- mode/#tlponies [+vv Raelcun Westy543] by *.quakenet.org
03:29:02 <Bio> cam yes
03:29:08 <Bio> and act 3 as well
03:29:18 <Camail> well its hard to not beat act 3, really
03:29:25 <Bio> yehn
03:29:40 <Camail> i got to act 4 and lost interest for the night
03:30:05 <Camail> you can tell the cut corner on budget with act 4 talion
03:30:22 <Camail> which is similar to the first game where they front end the budget
03:31:04 <Bio> ya, he like doesn't have any more lines
03:42:48 -!- Golly [~Golly@1.92-221-121.customer.lyse.net] has joined #tlponies
05:21:22 -!- Rawr|Fone [~AndChat25@c-a6c7db54.020-164-6d6c6d4.cust.bredbandsbolaget.se] has joined #tlponies
05:59:32 -!- Rawr|Fone [~AndChat25@c-a6c7db54.020-164-6d6c6d4.cust.bredbandsbolaget.se] has joined #tlponies
06:14:54 -!- Rawr|Phone [~AndChat25@m83-185-86-172.cust.tele2.se] has joined #tlponies
06:36:38 <Camail> also the fact that they just re use all the maps you already discovered and explored completely
06:36:47 <Camail> i dunno if i'll ever finish that game
06:36:54 -!- DoT|Phone [~Dot@94.2.102.186] has joined #tlponies
06:39:46 <Rawr|Phone> 🐴🐴🐴
06:44:21 <CockRoach|42> pon pon
06:47:35 <Micen|droid> Hi cr, hi rawr
07:04:36 <CockRoach|42> hai micen
07:11:57 <Rawr|Phone> Good morning
07:13:03 -!- Rawr|Fone [~AndChat25@89.255.242.40] has joined #tlponies
08:08:23 <Micen|droid> Pony
08:08:28 <Micen|droid> https://derpicdn.net/img/view/2017/10/22/1567922.jpeg
08:13:08 -!- Phearlock [~Phearlock@cm-84.215.228.107.getinternet.no] has joined #tlponies
08:13:08 -!- mode/#tlponies [+v Phearlock] by Q
08:27:38 <CockRoach|42> hi Phearlock 
08:36:08 -!- DoT|Phone1 [~Dot@94.2.102.186] has joined #tlponies
08:50:50 <Phearlock> Morning
09:04:42 <Dot`> Mornig all
09:06:34 <CockRoach|42> morning
09:11:12 <Dot`> <3
09:11:38 <CockRoach|42> https://derpicdn.net/img/2017/2/15/1363240/large.png
09:12:23 <Dot`> lol
09:14:32 <Micen> good post CR
09:14:45 <Micen> i am excite
09:15:02 <Micen> my new pc comes Wednesday or Thursday
09:15:36 <Micen> speaking of! I need to do the great back up
09:16:26 <Dot`> https://mirroredsea.deviantart.com/art/bbaalloonnss-711184071
09:18:39 <Dot`> rawr rawr rawr
09:18:51 <Rawr|Fone> Dot dot dot
09:18:56 <Dot`> <3
09:18:57 <Rawr|Fone> <3
09:35:18 <Dot`> .tell skram https://imgur.com/gallery/GK0tI
09:48:46 -!- Runbunny [~Runbunny@91.100.28.10.generic-hostname.arrownet.dk] has joined #tlponies
09:52:52 -!- DoT|Phone [~Dot@94.2.102.186] has joined #tlponies
09:55:47 <Dot`> blarg work
09:55:49 <Dot`> later all
10:07:31 <Runbunny> DoT|Phone, Rawr|Fone https://i.imgur.com/gPkEDHG.mp4
10:10:41 <Rawr|Fone> Thanks runbun
10:15:58 -!- Rawr|Phone [~AndChat25@m83-185-83-73.cust.tele2.se] has joined #tlponies
10:19:58 <Runbunny> You're welcome friend rawr.
10:27:19 -!- Rawr|Fone [~AndChat25@89.255.242.40] has joined #tlponies
10:46:41 -!- Micen_ [~micen@h108.73.23.98.dynamic.ip.windstream.net] has joined #tlponies
10:55:54 -!- Micen|droid [~AndChat48@h108.73.23.98.dynamic.ip.windstream.net] has joined #tlponies
11:45:35 -!- tredc [webchat@90-230-30-217-no56.tbcn.telia.com] has joined #tlponies
12:01:22 -!- reification [~reificati@cpc76294-cosh16-2-0-cust297.6-1.cable.virginm.net] has joined #tlponies
12:01:22 -!- mode/#tlponies [+v reification] by Q
12:06:51 -!- micen|droid_ [~AndChat48@66-87-19-95.pools.spcsdns.net] has joined #tlponies
12:20:55 <reification> hello tlp
12:43:55 <CockRoach|42> hi reif
12:44:03 <CockRoach|42> how is the horse today?
12:44:28 <reification> about to go shopping so i have food to eat this evening
12:44:35 <reification> how’s you cr|42?
12:44:47 <CockRoach|42> doing quite ok too
12:44:54 <CockRoach|42> doing some worky work
12:45:06 <CockRoach|42> saving the world, the normal stuff
12:47:45 <reification> pls do save world, it needs it
12:48:06 <CockRoach|42> i'm doing my best
13:02:03 -!- Rawr|Fone [~AndChat25@89.255.242.40] has joined #tlponies
13:38:02 -!- skram [~skram@ip-185-146-106-77.eidsiva.net] has joined #tlponies
13:39:57 -!- skrma [~skram@ip-97-140-106-77.eidsiva.net] has joined #tlponies
13:40:01 <skrma> WEWE
13:49:28 <skrma> Dot` pls
13:49:38 <Bio> WEW LAD
13:49:40 <Bio> I wake
13:49:51 <skrma> good morning bio my boi
13:52:47 <micen|droid_> https://78.media.tumblr.com/875aca8c64c8bc32eaea177f27721c1e/tumblr_o0dsy1Nvpy1tv0ikqo1_1280.jpg
13:53:04 <micen|droid_> Have a morning pony
13:54:05 <skrma> bio i want a new komputer game
13:54:33 <skrma> would you reccommend shadow of war or whatever it is you and cam are playing
13:57:01 -!- Rawr|Phone [~AndChat25@m83-185-92-149.cust.tele2.se] has joined #tlponies
13:57:05 <Bio> eh
13:57:49 <Bio> its pretty mindless fun for like 12-15h
13:58:03 <Bio> but gets pretty repetitive
14:45:05 -!- DoT_ [~quassel@94.2.102.186] has joined #tlponies
15:38:37 -!- BioSC [~BioPon@108-72-8-181.lightspeed.stlsmo.sbcglobal.net] has joined #tlponies
16:06:53 <Rawr|Phone> 🐴🐴🐴
16:07:09 <BioSC> neigh
16:13:17 <DoT_> i home
16:13:22 <Dot`> blarg
16:14:46 <Rawr|Phone> Dot Dot Dot
16:15:08 <Dot`> rawr rawr rawr
16:15:09 <Dot`> <3
16:15:10 <Rawr|Phone> <3
16:15:22 <Rawr|Phone> How was work
16:15:40 <Dot`> tiring, i am still sick
16:15:46 <Rawr|Phone> Poir pon
16:15:48 <Dot`> but i had help today, as its midterm
16:15:49 <Rawr|Phone> Poor
16:15:56 <Dot`> so at least i had someone to talk to
16:16:14 <reification> hello dotties
16:16:29 <Dot`> reif
16:16:39 <Dot`> you have not replied to DM halv on discord
16:26:28 <reification> i had not seen
16:27:14 <Dot`> rude
16:27:19 <Dot`> .tell zounds https://mirroredsea.deviantart.com/art/AJ-u-711297882
16:35:19 <Dot`> skrma
16:35:21 <Dot`> Jonas pls
16:56:13 <Dot`> Runbunny https://i.imgur.com/Uuy5qHG.jpg
17:01:49 <Runbunny> O:
17:07:26 <Dot`> is cute
17:11:39 -!- tredc [webchat@90-230-30-217-no56.tbcn.telia.com] has joined #tlponies
17:35:50 <BioSC> bek 2 skol
17:35:58 <BioSkool> asdf
17:37:37 <Dot`> gl bio
18:02:31 <DoT|Phone> Angel. how are you
18:45:16 <Dot`> .tell dub` https://xkcd.com/1906/
18:45:39 <Runbunny> Dot` I am sick
18:45:44 <Dot`> oh noes
18:45:48 <Runbunny> feel like shit,
18:46:07 <Dot`> why you go and get sick?
18:55:16 <reification> he was following your example maybe
19:01:49 -!- Golly [~Golly@1.92-221-121.customer.lyse.net] has joined #tlponies
19:44:11 <skrma> Dot`!
19:44:16 <Dot`> AH
19:44:18 <Dot`> JONAS
19:44:19 <Dot`> <3
19:44:41 <skrma> did you get the thing yet?
19:48:49 <Dot`> not yet
19:48:55 <Dot`> must be tomorw
19:49:57 <skrma> eh might take a few days more
19:51:50 <Dot`> pls no
19:53:18 -!- Rawr|Fone [~AndChat25@84-217-62-32.customers.ownit.se] has joined #tlponies
19:54:23 <skrma> hey dot will you check my stream and tell if its working properly
19:55:32 <Dot`> gib link
19:56:54 <Dot`> its overwatch
19:57:07 <skrma> https://twitch.tv/skrammen
19:57:14 <Dot`> ITS NORWEGION
19:57:23 <Dot`> i am getting it dropping
19:58:31 <skrma> a lot?
19:59:34 <Dot`> yea, goes for about 30 seconds, then loads for like 15
19:59:57 <skrma> yeah im lagging too
19:59:59 <skrma> hmm
20:00:14 <skrma> thanks bud
20:04:25 -!- Camail [~Camail@45.40.84.145] has joined #tlponies
20:04:25 -!- mode/#tlponies [+v Camail] by Q
20:09:01 <Dot`> np skram
20:09:30 <skrma> might need a better cpu for it to work
20:09:31 <skrma> idk
20:10:15 <Cane> Figured out why my Morrowind would eventually go down to below 30fps some times when indoors in a frequently visited area. There's a bug with one of the interior light mods which caused the light sources to stack, making the interior brighter and brighter and adding work for the shader.
20:10:21 <Cane> Not sure why nobody has noticed this bug with the bloody thing.
20:25:10 <Rawr|Fone> Pony pon
20:27:44 <Dot`> rawrasaur
20:27:48 <Dot`> lol cane
20:28:19 <Dot`> most people probably just had some annoying work around cane that they did
21:01:25 <Dot`> at what point of modding cane do you start speaking slav?
21:02:10 <skrma> around the same time you lose your humanity i'd reckon
21:02:26 <Dot`> i worry about him skram
21:03:41 <skrma> Yeah, me too
21:04:44 <skrma> I remember the STALKER modding business
21:14:01 <Dot`> what you up to skram
21:14:17 <skrma> dinner atm
21:15:15 <Dot`> is it pizza?
21:15:45 <skrma> baguettes with cheese, garlic, and a tomato
21:17:15 <Dot`> that sounds great
21:19:55 <skrma> what sort of shenanigans you up to doot
21:20:42 <reification> skram https://twitter.com/stavvers/status/922538456689135616
21:21:07 <reification> .tell phearlock https://pbs.twimg.com/media/DM2NuVpW0AADoG6.jpg
21:23:05 <skrma> misha please
21:24:32 <Dot`> not much skram, playing some factorio
21:24:39 <Dot`> hope to be better toorow
21:24:48 <Dot`> being sick as a semi adult sucks
21:25:24 <skrma> need to be healthy for the dungeons tomorrow
21:25:28 <skrma> and possible the dragons
21:25:56 <Dot`> i need to check notes, as i cant recall what our actuall plan was now
21:27:41 <reification> hope our friend can give everyone their souls back
21:29:50 <Dot`> thats his problem
21:29:54 <Dot`> we did our part
21:30:00 <skrma> We almost got fuckin rekt, remember
21:30:06 <skrma> I think we should take a vacation
21:30:29 <reification> well there are these orcs that haven’t gone anywhere
21:30:45 <skrma> Lets go to neverwinter and take a few days off
21:31:10 <reification> the ppl from dalwood still haven’t arrived right? maybe we have to go help them
21:31:54 <Dot`> that stupid french captian will probably just shoot them on site
21:33:20 <skrma> im sure they'll wait for us
21:46:44 -!- Phearlock [~Phearlock@cm-84.215.228.107.getinternet.no] has joined #tlponies
21:46:44 -!- mode/#tlponies [+v Phearlock] by Q
21:46:49 <Dot`> phear pon <3
21:47:21 <Dot`> look phear https://vanillaghosties.deviantart.com/art/Birthday-Girl-711219907
21:47:45 <Dot`> https://helicityponi.deviantart.com/art/Winter-Trixie-711250866
21:48:19 <Phearlock> Heeeey
21:48:44 <Phearlock> Adorable edgehorse <3
21:48:59 <CockRoach|42> https://www.pinterest.se/pin/690387817849693625/sent/?sfo=1&sender=409194453551551413&invite_code=dfb47aeb93dd40caab65b7a0b0470b06
21:49:58 <Phearlock> Luna helping young fillies again
21:51:04 <Dot`> what a horse
22:03:07 <CockRoach|42> https://i.imgur.com/BA9evEt.jpg
22:09:52 <Phearlock> Aw so spooky
22:09:59 <Phearlock> Probably needs hugs
22:11:14 -!- DuB` [~DuB@66-219-235-64.dynamic.ip.veracitynetworks.com] has joined #tlponies
22:11:18 <DuB`> Wha
22:11:30 <Dot`> dub
22:11:54 <Phearlock> WHAAAA?
22:11:56 <Phearlock> Hi dub
22:12:18 -!- Camail_Phone [~camailpho@143.43.104.111] has joined #tlponies
22:12:39 <Dot`> you made runbun leave dub
22:13:04 <DuB`> Oops
22:13:08 <DuB`> Hi pheer
22:14:57 <Camail_Phone> Wow dub so rood
22:16:44 <Camail_Phone> I played csgo last night and went 1-1-1 again
22:16:57 <Camail_Phone> But boy do is that a good game
22:17:04 <Camail_Phone> Makes me want to play more
22:21:06 <Dot`> you finished orc face touching?
22:21:41 -!- BioPhone [~androirc@client113-96.wifi.siue.edu] has joined #tlponies
22:21:44 <Camail_Phone> Nah got bored and dont really want to do act 4
22:21:47 <BioPhone> Horse
22:21:48 * Dot` hugs Bio
22:22:30 <BioPhone> Yeh, I'm like lvl... 46? Dun wanna do that grind
22:22:53 <Dot`> so its true without loot box game becomes aweful grind?
22:23:37 <BioPhone> It's like... you run out of good xp missions at some point
22:23:52 <BioPhone> But the orcs outpace you
22:24:27 <BioPhone> So you have to like mind fuck them multiple times
22:25:01 <BioPhone> And I ran into a string of like... 12 ish orcs that straight up couldn't be mc'd
22:25:06 <Phearlock> nice of them to put that at the tail end of the game too where you'd already be pretty invsted...
22:25:12 <Camail_Phone> Bio
22:25:19 <Camail_Phone> Its to make you buy crates
22:25:25 <BioPhone> I bet
22:25:26 <Camail_Phone> It was a money move
22:26:01 <skrma> DuB`
22:26:02 <BioPhone> Though I loved mind destroying the betrayer
22:26:05 <DuB`> skrma
22:26:10 <BioPhone> Multiple times
22:26:16 <BioPhone> He's lvl 1 now
22:26:20 <Phearlock> Skram I had some julebrus today
22:26:28 <skrma> did you watch the thing yesterday DuB`
22:26:32 <skrma> good times phear
22:26:38 <skrma> merry christmas :p
22:26:39 <reification> night all
22:26:46 <BioPhone> Nn
22:26:46 <Phearlock> Merry christmas skram!
22:26:47 <skrma> good night reef
22:26:56 <Dot`> gnight reif
22:26:57 <Phearlock> nn reifpon
22:26:58 <Camail_Phone> Also i hate how the important orcs just get demoted to no name captains after their stories are done
22:27:06 <DuB`> My pc decided to be uncooperative for a while yesterady, missed basically all of it
22:27:07 <DuB`> So mad
22:27:07 <Camail_Phone> Like, way to ruin the pay off
22:27:34 <skrma> Eh it wasnt all that interesting DuB`
22:28:11 <DuB`> VERSTAPPEN PASSED 13
22:28:59 <skrma> well
22:29:03 <BioPhone> Dub clam
22:29:06 <skrma> he was 1st at one point
22:29:18 <skrma> finished 5th i think
22:29:31 -!- BioPon [~androirc@mobile-166-175-190-12.mycingular.net] has joined #tlponies
22:32:22 <BioPon> Honestly, has there been a 60 dollar AAA game that hasn't been a disappointment in some way in recent years? Maybe that's why I don't but many games anymore
22:32:52 <skrma> witcher
22:32:52 <Camail_Phone> Oh bio a toooon of games
22:32:55 <Camail_Phone> Zelda
22:32:55 <skrma> probably
22:33:17 <Camail_Phone> The entire first 3 months of this year was perfect games
22:33:17 <Phearlock> I buy more games than ever, but not a lot of them are AAA
22:33:26 <Camail_Phone> Some of them were aaa
22:33:32 <Phearlock> 2017 as a whole has been fantastic
22:33:47 <BioPon> Well I did need to try witches
22:33:52 <BioPon> Witcher
22:34:05 <Phearlock> Yeah I still haven't played the witcher 3
22:34:09 <Phearlock> I should
22:34:14 <Camail_Phone> Its just ea being fuck holes
22:34:23 <Camail_Phone> And they make a lot of games
22:34:28 <skrma> Easily one of the best games of all time, in my view
22:34:29 <BioPon> Basically need to stop buying games with boxes lel
22:36:17 <Camail_Phone> Bio ur phon is ded
22:36:33 <BioPon> Rip
22:36:38 <BioPon> Horse 5evr
22:36:44 <Camail_Phone> Give it mouth to mouth
22:37:58 <BioPon> I'm guessing the ending of orc game is gonna have a me3 vibe to it
22:38:47 <BioPon> Also obligatory fuck bioware lel
22:39:13 -!- tredc [webchat@90-230-30-217-no56.tbcn.telia.com] has joined #tlponies
22:39:51 <skrma> isnt bioware rolling out a new franchise some time next year
22:40:15 <BioPon> I think the best games I played this year was owlboy and hollow knight
22:40:31 <BioPon> Dunno which I liked more
22:44:12 <BioPon> Rip
22:50:27 -!- skram [~skram@ip-97-140-106-77.eidsiva.net] has joined #tlponies
22:51:16 <Dot`> i am catchign up on pony
22:51:20 <Dot`> silly starlight mind controlling ponies again
22:53:03 -!- BioPhone [~androirc@client113-96.wifi.siue.edu] has joined #tlponies
22:53:04 <BioPhone> Asdf
22:53:58 <BioPhone> I wonder if Zelda and the new Mario are enough to buy a Nintendo tablet
22:54:17 <BioPhone> :thinking:
22:54:29 <skram> stardew valley is on switch now too
22:55:36 <DuB`> Oh destiny2 is tomorrow.
22:55:46 <skram> i done forgot all a boat it
22:56:58 <Dot`> haha, angry twi
22:57:01 <Dot`> OH NO
22:57:04 <Dot`> not actually angry
22:57:08 <Dot`> just dissapointed
22:57:16 <DuB`> ??
22:57:18 <skram> thats even worse
22:57:23 <Phearlock>  D=
22:57:24 <Dot`> ikr skram
22:58:48 -!- Bio [~BioPybook HTTP/1.1" 200 3245 "-" "Mozilla/5.0 (compatible; bingbot/2.0; +http://www.bing.com/bingbot.htm)"
app.teachertime.com.au:80 60.225.80.29 - - [07/Apr/2012:18:06:35 +1000] "GET /content/undefined HTTP/1.1" 404 1879 "http://app.teachertime.com.au/content/289" "Mozilla/5.0 (X