00:00:10 <Dot`> :/
00:49:48 -!- Dot [~quassel@90.197.150.83] has joined #tlponies
01:25:28 <Crisium> ,
01:27:58 -!- Golly [~Golly@1.92-221-121.customer.lyse.net] has joined #tlponies
01:32:20 <DuB`> Yey
01:32:31 <DuB`> An actual oberwaj stack!
01:32:35 <DuB`> Goodtimes.
01:32:59 <Bio> who told you that you could have fun
01:34:47 <DuB`> ME
01:34:48 <DuB`> :D
01:39:12 <Crisium> DuB` did you watch the BW yesterday?
01:39:16 <Crisium> the B Dubs
01:41:44 <DuB`> AH
01:41:51 <DuB`> Didn't yesterday
01:41:52 <DuB`> Hmm
01:41:53 <DuB`> Might do now
01:43:18 <Crisium> its a thing of beaty
01:43:40 <Crisium> someone even made an english subbed version of the korean casting
01:43:44 <Crisium> the hype
01:44:26 <Crisium> 13 minutes of highlights anyway
01:44:34 <DuB`> Oho
01:44:52 <DuB`> 2 hours, might have to do tomorrah
01:52:43 <Micen|droid> Hey dub, how old you now? 
01:53:42 <DuB`> Two-ty two
01:53:45 <Crisium> is he older than rawr yet
01:53:50 <Crisium> i assume rawr never ages past 12
01:53:53 <DuB`> I hope so.
02:28:51 -!- Dot` [~quassel@90.197.150.83] has joined #tlponies
03:00:29 -!- skrma [~skram@ip-220-147-106-77.eidsiva.net] has joined #tlponies
03:07:45 -!- skram [~skram@ip-65-146-106-77.eidsiva.net] has joined #tlponies
03:15:51 -!- skrma [~skram@ip-220-147-106-77.eidsiva.net] has joined #tlponies
03:19:40 -!- skram [~skram@ip-65-146-106-77.eidsiva.net] has joined #tlponies
03:47:15 <Bio> asdf
03:55:32 <Camail> bio pls
03:55:36 <Camail> we should shoot
03:55:42 <Camail> might be too late 4 u tho
05:32:10 -!- Dot [~quassel@90.197.150.83] has joined #tlponies
07:09:01 -!- Golly [~Golly@1.92-221-121.customer.lyse.net] has joined #tlponies
07:55:27 <Rawr|Fone> 🐴🐴🐴
07:57:29 <CockRoach|42> eeeee
08:09:10 <Dot> morning
08:16:25 <CockRoach|42> morning
08:18:34 <Rawr|Fone> morning
08:22:53 <Dot> rawr pls
08:23:06 <Rawr|Fone> No u
08:23:40 <Dot> rawr rawr
08:23:42 <Dot> <3
08:23:50 <Rawr|Fone> Dot dot
08:23:53 <Rawr|Fone> <3
08:30:35 <Dot> hows you rawr
08:30:59 <Rawr|Fone> Good goooood
08:31:04 <Rawr|Fone> How are you dot
08:31:12 <Dot> im ok rawr
08:31:48 <Dot> i start part time job today rawr
08:32:02 <Dot> i havnt done paid work in years
08:32:03 <Rawr|Fone> Woo!
08:32:07 <Dot> its scary
08:32:16 <Rawr|Fone> What are you going to do
08:33:06 <Dot> what else is someone with 2 years experience in IT and 3 years of an engineering degree going to do
08:33:22 <Dot> customer service in a small family run sweet shop
08:33:39 <Dot> .tellm skram runbunny | http://imgur.com/gallery/SiMCH
08:35:40 <Dot> .tellm skram runbunny | http://imgur.com/gallery/VncTc
08:45:23 <Rawr|Fone> Sounds like you won't have a whole lot of things to do dot
08:51:20 <Dot> one can hope
08:53:13 -!- Dot` [~quassel@90.197.150.83] has joined #tlponies
08:53:17 <Dot`> cr http://imgur.com/gallery/lZrLa
09:12:35 <Dot`> skram
09:16:35 <Dot`> I GO NOW
09:16:37 <Dot`> picnic
09:16:41 <Dot`> later ponies <3
09:25:11 <Rawr|Fone> No
09:43:19 <CockRoach|42> .tell dot` <3
09:54:53 <skram> .tell Dot` I BELIEVE IN YOU FRIENDERINO
09:55:26 <skram> they grow up so fast Rawr|Fone
09:55:47 <Rawr|Fone> 😢😢
09:56:51 <Rawr|Fone> Dot is all grown up now skram
09:58:03 <skram> yup
09:58:13 <skram> it happens to most people
10:15:45 -!- ShotgunPrincess [Westy543@c-73-189-129-4.hsd1.ca.comcast.net] has joined #tlponies
10:15:52 -!- mode/#tlponies [+v ShotgunPrincess] by Q
10:31:11 -!- tredc [webchat@90-230-30-217-no56.tbcn.telia.com] has joined #tlponies
10:58:39 -!- Rawr|Phone [~AndChat25@host-95-199-134-70.mobileonline.telia.com] has joined #tlponies
11:51:05 <Rawr|Phone> Horses
11:56:44 <CockRoach|42> rawr pls
11:56:51 <CockRoach|42> calm down
12:00:21 <Rawr|Phone> Nvr
13:28:06 <Rawr|Phone> 🐴🐴🐴
14:00:53 <Bio> hors
14:02:30 -!- reification [~reificati@cpc76294-cosh16-2-0-cust297.6-1.cable.virginm.net] has joined #tlponies
14:02:30 -!- mode/#tlponies [+v reification] by Q
14:02:52 <reification> hello tlpons
14:02:56 <reification> http://i.imgur.com/7JpY92q.png
14:15:56 -!- DuB` [DuB@66-219-212-114.dynamic.ip.veracitynetworks.com] has joined #tlponies
14:15:58 <DuB`> G'MORN
14:20:25 <DuB`> ... no pons, huh.
14:22:44 * Bio slaps DuB` around a bit with a large trout
14:23:25 <reification> hello older dub
14:27:44 <DuB`> Ohoho
14:27:47 <DuB`> Hiya reif
14:27:55 <DuB`> I wann OW more today!
14:28:00 <DuB`> Yesterday was fun.
14:36:08 <DuB`> Ooh, gotta do my 9 arcade wins too.
14:43:21 -!- Dot` [~quassel@90.197.150.83] has joined #tlponies
15:00:09 <DuB`> D O T
15:16:45 -!- tredc [webchat@90-230-30-217-no56.tbcn.telia.com] has joined #tlponies
15:21:26 <Bio> dot is do work
15:21:29 <Bio> he is big horse now
15:22:00 <DuB`> Oh no
15:22:07 <DuB`> WHO WILL GREET ME
15:22:19 <Bio> no one
15:22:25 <Bio> we are a ghost stable
15:22:37 <Bio> beasts of burden to come and go
15:22:37 <Dot`> I return home
15:22:43 <Dot`> hello ponies <3
15:22:45 <Bio> hi
15:23:05 <Bio> I will soon have to work dot
15:23:13 <Dot`> gl
15:23:14 <Bio> I truely don't wish that upon anyone
15:23:20 <DuB`> DEWT
15:23:23 <Dot`> i was at work, am now tired
15:23:27 <Dot`> DAWB
15:23:30 <DuB`> Me too.
15:23:43 <Dot`> <3
15:23:56 <DuB`> My work starts at your 11am. :P
15:24:08 <DuB`> I'm basically EU now.
15:24:42 <Dot`> woohoo
15:24:47 <Dot`> more dub time
15:26:00 <DuB`> Came home early today, normally not back for another 3 hours or so.
15:26:07 <DuB`> Apt cleaning check!
15:27:35 -!- Runbunny [~Runbunny@91.100.28.10.generic-hostname.arrownet.dk] has joined #tlponies
15:27:59 <Dot`> RUNBUN
15:28:00 <Runbunny> Hai
15:28:02 <DuB`> Ranban!
15:28:14 <Runbunny> I was interrogated today :/
15:28:20 <DuB`> Uh oh
15:28:23 <DuB`> DID YOU TELL?
15:28:37 <Runbunny> They know nothing ;)
15:28:46 <DuB`> Ohoho
15:31:16 <Dot`> was it about all the small animal deaths in your area?
15:34:20 <reification> http://www.smbc-comics.com/comic/gamification
15:36:27 <Dot`> skram http://imgur.com/gallery/tvzo0
15:42:20 <Runbunny> It was actually since I don't have a girlfriend.
15:44:23 <Runbunny> Dot`, http://i.imgur.com/KNqwGvn.mp4
15:44:37 <Dot`> well the 2 thigns may be connected angel
15:44:43 <Dot`> and ncie dog
15:45:20 <Dot`> and runbun http://imgur.com/gallery/Y2ZEa
15:49:22 <Runbunny> :D
15:54:21 <Runbunny> Dot`, http://i.imgur.com/HHdkkhg.mp4
15:55:16 <Dot`> i like this
15:56:42 <DuB`> needs more birbs
15:56:44 <DuB`> plis
15:57:25 <DuB`> Here's one. http://i.imgur.com/6oXmxtB.gifv
16:01:46 -!- DoT|Phone [~Dot@90.197.150.83] has joined #tlponies
16:06:03 -!- micen|droid_ [~AndChat48@66-87-100-226.pools.spcsdns.net] has joined #tlponies
16:07:00 <micen|droid_> Blah. I dont wanna be up
16:07:33 <DoT|Phone> then don't
16:08:03 <micen|droid_> Little brother has a school awards ceremony I should be at
16:08:20 <DoT|Phone> then do
16:22:25 <DoT|Phone> Skram
16:35:38 <DoT|Phone> dub
16:35:48 <DoT|Phone> https://imgur.com/gallery/8jUJs25
16:42:59 -!- Micen__ [~micen@h5.168.91.75.dynamic.ip.windstream.net] has joined #tlponies
16:46:19 -!- Camail [~Camail@45.40.93.200] has joined #tlponies
16:46:19 -!- mode/#tlponies [+v Camail] by Q
16:47:16 <Camail> i blame dot
16:47:46 <DuB`> Reasonable.
16:48:18 <DoT|Phone> probably
16:49:21 <Camail> see?
16:49:27 <Camail> we keep telling him to be a person
16:49:32 <Camail> yet he continues to be phone
16:49:38 <Camail> how are we supposed to deal with this
16:51:30 <DoT|Phone> being a person is hard work
16:56:20 <DuB`> Perhaps, but persons can play OBERWAJ and phones can't.
16:57:34 <Camail> that's a dairy company https://pbs.twimg.com/profile_images/491227712296472576/xntifYsj_400x400.jpeg
16:57:49 <DuB`> fals
16:58:20 <Camail> troo
17:21:26 <DoT|Phone> dub dub
17:24:51 <DoT|Phone> rude
17:24:57 <DuB`> nu
17:25:02 <Rawr|Phone> Yes
17:25:46 <DoT|Phone> Rawr doesn't lie
17:26:11 <DuB`> He ONLY lies.
17:27:14 <DoT|Phone> wow
17:27:15 <reification> well the good news is you only need one data point to differentiate between those two claims
17:29:05 <DuB`> Teehee
17:31:11 <Micen|Droid> Dub, OW? 
17:34:15 <Micen|Droid> Anyone for some watch over? 
17:36:27 <DuB`> YE
17:37:22 -!- micen|droid_ [~AndChat48@h5.168.91.75.dynamic.ip.windstream.net] has joined #tlponies
17:38:43 <micen|droid_> Be in tlp discord in a moment
17:39:09 <DuB`> Is that a COMMAND?
17:39:34 <DuB`> skram reification Dot`
17:39:39 <DuB`> ow if u wanna
17:41:14 <reification> i will be plej with terrible old microsoft mouse
17:42:23 -!- DoT|Phone1 [~Dot@90.197.150.83] has joined #tlponies
17:43:37 <DuB`> reification: retro gaming!
17:43:50 <DuB`> When will new one ship/arrive? :T
17:44:26 <reification> should be here early next week
17:44:58 -!- Micen|droid [~AndChat48@h5.168.91.75.dynamic.ip.windstream.net] has joined #tlponies
17:46:24 <Micen__> and pls dub, my finger didnt hit the I key on my keyboard it wasnt a command
17:48:34 -!- carcinisation [~smuxi@cpc76294-cosh16-2-0-cust297.6-1.cable.virginm.net] has joined #tlponies
17:48:44 <carcinisation> are you on na?
18:17:01 <Rawr|Phone> Dub y so rude
18:21:50 <Dot`> daaaawb
18:21:57 <DuB`> daaaawt
18:28:12 <Dot`> hows you
18:28:48 <DuB`> Gewd
18:28:51 <DuB`> Had fun tracer game!
18:29:00 <Dot`> \o/
18:29:05 <Dot`> pew pew pew
18:39:04 <Dot`> cr http://imgur.com/gallery/nAHw7
18:43:20 <CockRoach|42> awwww
18:44:05 -!- Rawr|Fone [~AndChat25@84-217-62-32.customers.ownit.se] has joined #tlponies
18:48:06 <Rawr|Fone> Dot why does dub always ignore me
18:48:54 <Dot`> rawr, he is american
18:49:12 <Rawr|Fone> True
18:58:39 <DuB`> Sorry rarry
18:58:42 <DuB`> https://cdn.discordapp.com/attachments/216014796447809536/314838953838510090/2017-05-18.png
18:58:45 <DuB`> This happened again.
19:01:52 <Dot`> stop picking on noobs dub
19:01:57 <DuB`> :D
19:20:45 -!- Golly [~Golly@1.92-221-121.customer.lyse.net] has joined #tlponies
19:53:04 -!- tredc [webchat@90-230-30-217-no56.tbcn.telia.com] has joined #tlponies
19:55:21 <Rawr|Fone> Dot cr What is th... HOLY FUCK IT'S DELICIOUS! https://imgur.com/gallery/2AXrvB3
19:55:28 <Rawr|Fone> Bad title
19:55:43 <Rawr|Fone> Why does it copy the title top
19:55:45 <Rawr|Fone> Too
19:55:51 <Dot`> thats what phones do
19:55:54 <Dot`> mine does it too
19:56:55 <Rawr|Fone> It's silly
19:57:01 <Dot`> yes
20:04:05 -!- Zounds [~chatzilla@cpc108453-cowc8-2-0-cust8.14-2.cable.virginm.net] has joined #tlponies
20:04:05 -!- mode/#tlponies [+v Zounds] by Q
20:04:39 <Rawr|Fone> Zooonds
20:04:48 <Dot`> Zounds!
20:06:04 <CockRoach|42> Rawr|Fone: :D
20:06:04 -!- motbob_ [~motbob@x-131-212-250-71.uofm-secure.wireless.umn.edu] has joined #tlponies
20:08:03 <Dot`> hey mot
20:23:00 <CockRoach|42> Dot`: https://giant.gfycat.com/TestyIckyDolphin.webm
20:23:28 <Dot`> aww
20:52:33 <DuB`> Weeeee
20:52:35 <DuB`> GGs
20:56:56 <Dot`>  dub http://imgur.com/gallery/OpJmk
20:59:31 <DuB`> o
21:00:13 <DuB`> Dot! I got, "insane tracer" "master tracer" and "tracer carry" in one game from opponent chat! :P
21:00:23 <Dot`> lol
21:00:27 <Dot`> gj
21:00:37 <DuB`> Being the only diamond/master in a game of 12 can be fun.
21:00:42 <DuB`> Kehehe
21:02:04 -!- Phearlock [~Phearlock@cm-84.215.228.107.getinternet.no] has joined #tlponies
21:02:04 -!- mode/#tlponies [+v Phearlock] by Q
21:02:23 <Dot`> ferlock!
21:03:00 <DuB`> perloc
21:14:19 <DuB`> So my bro was a pretty srs destiny player.
21:14:25 <DuB`> He says I MUST get d2 with him.
21:14:27 <DuB`> Hmph
21:15:20 <Phearlock> Diablo 2 is good game.
21:15:27 <Phearlock> Destiny 2, who knows v0v
21:15:49 <DuB`> ¯\_(ツ)_/¯
21:40:39 <skram> b o y s
21:40:59 <DuB`> l a d s
21:43:07 <skram> oh boi, a dub
21:44:05 <Dot`> JONAS
21:44:06 <Dot`> <3
21:45:21 <skram> and a bjørn too
21:45:24 <skram> this is a good day
21:45:36 -!- Golly [~Golly@1.92-221-121.customer.lyse.net] has joined #tlponies
21:48:04 <Dot`> good
21:48:07 <Dot`> and how was work
21:48:49 <skram> boring
21:48:51 <Micen__> https://www.humblebundle.com/humble-indie-bundle-18 
21:49:00 <Micen__> owlboy is on there for 13
21:49:58 <DuB`> I am NA OW arcade for the next while~
21:50:39 <Micen__> Ill be there in a moment dub
22:03:01 <Runbunny> I am sleep for the next while.
22:07:43 <Dot`> gl!
22:31:54 -!- Crisium [webchat@dhcp-pa-173-233-6-210.consolidated.net] has joined #tlponies
22:32:30 <Dot`> cris pon
22:33:26 <Crisium> pon
22:33:40 <Crisium> nerf traffic
22:40:14 <Dot`> yes
22:57:09 <Dot`> https://www.reddit.com/r/starcraft/comments/6bzij5/tastosis_announcer_sneak_peek/
22:58:29 <DuB`> YEP
22:58:34 <DuB`> Dot we should co-op again sometime.
22:58:55 <Dot`> yea, i can use my bronze skills
22:59:15 <DuB`> And my formerly-gold-level skills!
23:00:12 <Dot`> \o/
23:01:52 <Dot`> Camail, how is that aqusitions inc new thing going?
23:07:00 <Camail> its fine
23:07:24 <Camail> the playstyle is different from cr and normal aq inc
23:07:40 <Camail> the way they talk is confusing tho
23:08:00 <Camail> the perspective shifts from ooc to 1st, to 3rd person
23:08:27 <Camail> so its closer to a normal average joe game
23:09:07 <Camail> its interesting, rough but interesting
23:09:30 <Dot`> may check it out soon then
23:09:35 <Camail> still finding it's stride with every type of relationship
23:09:40 -!- Micen|droid [~AndChat48@h5.168.91.75.dynamic.ip.windstream.net] has joined #tlponies
23:10:03 <Camail> the only really solid thing is the person to person interaction, because they are all socially functioning people
23:10:23 <Camail> player to character, character to character, and dm to X are still rough
23:10:24 <Dot`> haha
23:11:53 <Camail> jerry's DMing is interesting, it's the one most similar to mine, but his voice (in the writing sense and literal sense) is waaaaaay different
23:53:54 <reification> time to spin to win (a trip to murica)
23:54:40 <DuB`> o boi o boi
23:58:54 <reification> 10 spins and the worst result each time D:
