00:03:32 <Camail> FUCK TIS SANCTUM FALLS AGAIN
00:03:33 <Camail> FUCK
00:03:36 <Camail> FUCKT HIS GAME
00:09:24 <Dot`> lol
00:18:23 <Dot`> skram
00:18:45 <Dot`> dammit, he left
00:18:51 <Dot`> Bio pls fix
00:19:14 <Bio> I will begin the summoning
00:23:57 <DuB`> Summon a 5* skrammen
00:24:06 <Dot`> ty
00:41:28 <Camail> SANCTUM FALLS 5TH TIME WOOHOO
00:42:02 <DuB`> wuhu
01:23:39 <DuB`> Woah, twitch extensions could be amazing.  
01:23:42 <DuB`> https://www.twitch.tv/p/extensions/
01:23:49 <DuB`> ...
01:30:15 <Bio> dab pls
01:41:04 <Camail> twitch with another "oh hey the community put a bunch of effort into something streamlabs, better steal it"
01:41:42 <Camail> I'm still salty about bits
01:50:38 <motbob> more stuff to slow down my browser
01:50:52 <motbob> i hope streamers will use it judiciously
01:51:04 <Bio> my webbrowser isn't using all my ram yet
01:51:19 <Bio> give me MOAR
01:52:07 <Camail> i mgiht be done with gigantic
01:52:44 <Bio> rip
02:05:33 <Camail> i guess i should try a dps, but thats not interesting
02:06:17 <Camail> supports are only really good when they facilitate more dps
02:06:23 <Camail> defensive support just is not a thing
02:06:35 <Camail> so basically, just armor cracking all day, zzz
03:29:46 -!- ZK [~ZK@modemcable189.130-83-70.mc.videotron.ca] has joined #tlponies
05:06:27 -!- BioSC [~BioPon@108-72-8-181.lightspeed.stlsmo.sbcglobal.net] has joined #tlponies
05:56:37 -!- skram [~skram@ip-56-146-106-77.eidsiva.net] has joined #tlponies
06:31:03 -!- Micen [~micen@h254.3.17.98.dynamic.ip.windstream.net] has joined #tlponies
06:42:03 <Micen> hello
06:46:51 -!- Rawr|Fone [~AndChat25@84-217-62-32.customers.ownit.se] has joined #tlponies
07:14:48 <Micen> good morning
07:14:59 <Micen> any horses up this early?
07:23:27 <CockRoach|42> yes
07:23:51 <Micen> Hello CR, what are you up to?
07:25:26 <CockRoach|42> working
07:25:31 <CockRoach|42> like a good little hors
07:26:06 <Micen> .roll d20 to pat good little hors
07:39:14 -!- Rawr|Fone [~AndChat25@84-217-62-32.customers.ownit.se] has joined #tlponies
07:40:17 -!- Golly [~Golly@1.92-221-121.customer.lyse.net] has joined #tlponies
08:17:32 <Rawr|Fone> 🐴🐴🐴
08:17:49 <Micen> Hello Rawr
08:18:44 <Micen> .choose art, watch ponies
08:18:51 <Rawr|Fone> Good morning micen
08:19:19 <Micen> Good morning. How are you feeling Rawr?
08:19:48 <Rawr|Fone> Great!
08:20:04 <Rawr|Fone> How was your day micen
08:21:13 <Micen> That is great, and mine is going okay. 
08:21:37 -!- DoT_ [~quassel@94.3.62.254] has joined #tlponies
08:26:58 <DoT_> morning
08:29:22 <Micen>  morning Dot`
08:45:05 <Rawr|Fone> DoT_ DoT_ DoT_
08:45:18 <Rawr|Fone> Good to hear micen
08:51:15 <Dot`> Rawr rawr rawr
08:51:18 <Dot`> <3
08:51:32 <Rawr|Fone> <3
09:25:48 <Rawr|Fone> Dot
09:31:30 <Dot`> rawr
09:31:36 <Dot`> sorry, was gettign ready for work\
09:31:46 <Rawr|Fone> No
09:31:52 <Rawr|Fone> Don't go
09:32:22 <Dot`> well after today i have 3 days free
09:32:37 <Dot`> then a week off because my uncle is here form south africa
09:32:42 <Dot`> so no work for a bi
09:32:43 <Dot`> t
09:33:08 <Rawr|Fone> But then no monies
09:35:57 <Dot`> this is the problem
09:42:26 -!- DoT_ [~quassel@94.3.62.254] has joined #tlponies
09:50:06 <DoT_> work tme, later pons
09:58:36 -!- tredc [webchat@90-230-30-217-no56.tbcn.telia.com] has joined #tlponies
09:59:45 -!- Dot` [~quassel@94.3.62.254] has joined #tlponies
10:19:08 -!- DoT_ [~quassel@94.3.62.254] has joined #tlponies
11:13:16 -!- ZK [~ZK@modemcable189.130-83-70.mc.videotron.ca] has joined #tlponies
11:20:42 -!- Dot` [~quassel@94.3.62.254] has joined #tlponies
11:20:47 <ZK> Dot`!
11:34:21 <Rawr|Fone> Dot is at work zk
11:35:38 -!- skram [~skram@ip-140-146-106-77.eidsiva.net] has joined #tlponies
11:37:23 <ZK> but his name was there!
11:57:46 <Rawr|Fone> Only because he disconnected and reconnected
11:59:16 <ZK> why does he do that
11:59:24 <CockRoach|42> because he's rude
12:00:15 <Rawr|Fone> Very rude
12:03:06 <ZK> so rude
12:46:04 -!- Runbunny [~Runbunny@91.100.28.10.generic-hostname.arrownet.dk] has joined #tlponies
12:49:30 <Runbunny> Hai
12:49:38 <5lib-python
Description-md5: 65c0008634a27a4dc80730c30983938b
Section: python
Priority: optional
Filename: pool/main/h/html5lib/python-html5lib-whl_0.999-3_all.deb
Size: 111974
MD5sum: 285f455999e3ae1b233bce604dec8056
SHA1: 836168cc5bc0f027ae11d1960e8cf09f4a1dd9fe
SHA256: 6281251fca231747bb4fce0c1b1b64a4b18129f3cdbcb61f03f16b93536bbb52

Package: python3-html5lib
Source: html5lib
Version: 0.999-3
Installed-Size: 541
Maintainer: Debian Python Modules Team <python-modules-team@lists.alioth.debian.org>
Architecture: all
Depends: python3-six, python3:any (>= 3.3.2-2~)
Suggests: python3-genshi, python3-lxml
Description: HTML parser/tokenizer based on the WHATWG HTML5 specification (Python 3)
Homepage: https://github.com/html5lib/html5lib-python
Description-md5: abfae0c3e9f1e595345316a1281439f0
Section: python
Priority: optional
Filename: pool/main/h/html5lib/python3-html5lib_0.999-3_all.deb
Size: 82270
MD5sum: 368eb48a3df4c362d8d462a6c8f6acf8
SHA1: fb417edcad2062916ddeddb06399498b0d73a934
SHA256: 9f95ea7250749b7a30bb27711d9b98bd9c7b485200a2e6f072b10bed4f4667aa

Package: libcss-parser-pp0
Source: htmlcxx
Version: 0.85-3
Installed-Size: 47
Maintainer: Ludovico Cavedon <cavedon@debian.org>
Architecture: amd64
Depends: libc6 (>= 2.2.5), libgcc1 (>= 1:4.1.1), libstdc++6 (>= 4.4.0)
Pre-Depends: multiarch-support
Description: simple CSS1 parser library for C++
Multi-Arch: same
Homepage: http://htmlcxx.sourceforge.net/
Description-md5: 4a1bdbd7b6c15e92339ec9b20f69edd6
Tag: role::shared-lib
Section: libs
Priority: extra
Filename: pool/main/h/htmlcxx/libcss-parser-pp0_0.85-3_amd64.deb
Size: 19446
MD5sum: e6f7fca2abda6ff37c39600ffee2eee0
SHA1: 38d0360d60f57fcd486baef06bbca825a9eea056
SHA256: 3ef1b3dc4aef186b560d31ab83029ef118620a37c4f6b49ca5094060c0a1cf16

Package: libcss-parser0
Source: htmlcxx
Version: 0.85-3
Installed-Size: 40
Maintainer: Ludovico Cavedon <cavedon@debian.org>
Architecture: amd64
Depends: libc6 (>= 2.14)
Pre-Depends: multiarch-support
Description: simple CSS1 parser library for C
Multi-Arch: same
Homepage: http://htmlcxx.sourceforge.net/
Description-md5: 1e932a39f1e51b7fb0cdda7409d1dd0f
Tag: role::shared-lib
Section: libs
Priority: extra
Filename: pool/main/h/htmlcxx/libcss-parser0_0.85-3_amd64.deb
Size: 16384
MD5sum: 399d92e20760ed997d3f3add06e1291e
SHA1: f1ad66779831eb70b3515c5742c36065e478da29
SHA256: 75461de8889edc24e1ec67c704eeabfd5193f1587cce200b0a087edcb8d18c4c

Package: libhtmlcxx-dev
Source: htmlcxx
Version: 0.85-3
Installed-Size: 132
Maintainer: Ludovico Cavedon <cavedon@debian.org>
Architecture: amd64
Depends: libcss-parser-pp0 (= 0.85-3), libcss-parser0 (= 0.85-3), libhtmlcxx3 (= 0.85-3), libc6 (>= 2.2.5), libgcc1 (>= 1:4.1.1), libstdc++6 (>= 4.4.0)
Description: simple HTML/CSS1 parser library for C++ (development)
Homepage: http://htmlcxx.sourceforge.net/
Description-md5: 8e84fc6644f97628f4a0f36a704b5a1d
Tag: devel::library, role::devel-lib
Section: libdevel
Priority: extra
Filename: pool/main/h/htmlcxx/libhtmlcxx-dev_0.85-3_amd64.deb
Size: 36286
MD5sum: 191804b5e0ddeddc8ec0872c1d3ae9b7
SHA1: c7bd066a404cc35a12c0ad0140f53406410ae53b
SHA256: 3d588375910de71646b3370f9bb1e3c38f8a00597aee56f638029cfa3fe809fa

Package: libhtmlcxx3
Source: htmlcxx
Version: 0.85-3
Installed-Size: 94
Maintainer: Ludovico Cavedon <cavedon@debian.org>
Architecture: amd64
Depends: libc6 (>= 2.14), libgcc1 (>= 1:4.1.1), libstdc++6 (>= 4.4.0)
Pre-Depends: multiarch-support
Description: simple HTML parser library for C++
Multi-Arch: same
Homepage: http://htmlcxx.sourceforge.net/
Description-md5: e0050d08030d97dacace237e03292de6
Tag: devel::lang:c++, devel::library, implemented-in::c++, role::shared-lib,
 works-with-format::html
Section: libs
Priority: extra
Filename: pool/main/h/htmlcxx/libhtmlcxx3_0.85-3_amd64.deb
Size: 31642
MD5sum: c8d9598d4d45f00654eea8fd37fa52ef
SHA1: eccded3460b327d7943a3c6c646044bbb36967d0
SHA256: d724f4801ec0bc2264f635d6b0350e6c66e85d97d5f1e810134e6b651036c1b2

Package: htmldoc
Source: htmldoc (1.8.27-8)
Version: 1.8.27-8+b1
Installed-Size: 466
Maintainer: Jeff Licquia <licquia@debian.org>
Architecture: amd64
Deies
18:44:02 <BioSC> asdf
18:47:59 -!- tredc [webchat@90-230-30-217-no56.tbcn.telia.com] has joined #tlponies
18:49:34 <Runbunny> Hmm..
18:49:39 <Runbunny> Rawr? :P
18:51:54 <DoT|Phone> Rawr is only north Danish. it's not the same
18:53:40 <skram> how fuckin dare you mr dot
18:53:53 <ZK> rude
18:54:41 -!- Rawr|Phone [~AndChat25@84-217-62-32.customers.ownit.se] has joined #tlponies
18:56:30 <DoT|Phone> Rawr
18:57:24 <Rawr|Phone> Dot
18:57:26 <Rawr|Phone> Pls
18:57:43 <Rawr|Phone> Don't be rude
18:58:01 <DoT|Phone> it's them
18:58:17 -!- Zounds [~chatzilla@cpc108453-cowc8-2-0-cust8.14-2.cable.virginm.net] has joined #tlponies
18:58:17 -!- mode/#tlponies [+v Zounds] by Q
18:58:31 <DoT|Phone> zoonds
18:58:42 <Zounds> hi
19:00:43 <DoT|Phone> How's you
19:01:27 <Zounds> Can't complain dotman
19:05:35 <Rawr|Phone> .roll d20 to nom zounds
19:05:49 <Zounds> ouch! kinda
19:09:05 <skram> greetings mr zounds
19:10:14 <Zounds> hi skrammen
19:11:31 <skram> .tell Runbunny https://www.reddit.com/r/norge/comments/6yp8y5/ikke_bare_knuser_de_sperregrensa_de_gutser_p%C3%A5/
19:12:51 <Rawr|Phone> Sounds great
19:14:02 <skram> i know what im voting for
19:18:54 -!- DoT|Phone [~Dot@94.3.62.254] has joined #tlponies
19:20:13 <Zounds> your election is soon isn't it skram
19:28:33 <skram> yep
19:28:44 <skram> next monday
19:30:38 <CockRoach|42> may the best choice win
19:31:52 <Zounds> Or may you form a coalition government open to debate and compromise
19:32:20 <skram> thats how it usually goes
19:33:28 <skram> honestly they're all a bit shit
19:35:13 -!- Golly [~Golly@1.92-221-121.customer.lyse.net] has joined #tlponies
19:53:34 <skram> imma go to work
19:53:34 <skram> bbl
19:58:18 <Dot`> bai skram <3
20:30:06 <Dot`> https://mirroredsea.deviantart.com/art/AJ-702929009
20:30:32 <Dot`> https://www.deviantart.com/art/Master-of-the-sun-703230980
20:32:53 <Rawr|Phone> Hors hors
20:33:40 <Dot`> they are indeed horses rawr
20:34:44 <Rawr|Phone> Ur a hors
20:34:49 <Rawr|Phone> The best hors
20:36:11 <Dot`> oh you
20:36:13 <Dot`> <3
20:39:16 -!- Camail [~Camail@45.40.84.145] has joined #tlponies
20:39:16 -!- mode/#tlponies [+v Camail] by Q
20:40:48 <Camail> yo
20:44:25 <motbob> iyo
20:45:38 <Zounds> hey
20:55:59 <Camail> critical role is canceled tonight
20:56:11 <Camail> mercer's sciatica is flaring up and he can't attend
20:56:34 <Camail> or maybe he got so fucked up at burning man his body can't figure itself out
21:03:49 <Dot`> hi cam
21:03:54 <Camail> dort
21:06:42 <Runbunny> Cumail
21:11:39 <Camail> runbuns
21:53:40 -!- Rawr|Fone [~AndChat25@m83-185-95-111.cust.tele2.se] has joined #tlponies
21:57:55 -!- Rawr|Phone [~AndChat25@84-217-62-32.customers.ownit.se] has joined #tlponies
22:16:26 <Bio> asdf
22:24:45 <Rawr|Phone> Fdsa
22:25:21 <Dot`> Biiiioooo\
22:31:46 <ZK> I napped
22:31:50 <ZK> its good to nap
22:31:59 <Bio> nap nap
22:32:04 <Bio> hi dottles
22:44:24 -!- skram [~skram@ip-242-146-106-77.eidsiva.net] has joined #tlponies
22:44:45 <Dot`> is this skram, or skram pc
23:05:49 <Dot`> skram pc :(
23:09:23 -!- tredc [webchat@90-230-30-217-no56.tbcn.telia.com] has joined #tlponies
23:38:50 <Dot`> bio, what you up to
