00:22:30 <Camail> pls
00:22:56 <Camail> dot want to try the division with me?
00:22:59 <Camail> or anyone interested
00:23:03 <Camail> though i havent downlaoded it
00:23:20 <Camail> but not skram or runbunny, they're too creepy
00:28:46 <Runbunny> I'd rather not.
00:29:24 -!- tredc [~tredc@c83-251-161-94.bredband.comhem.se] has joined #tlponies
00:32:07 <skram> I'd rather watch anime titties with Runbunny
00:33:27 <Dot`> hmm, i want to but probably wont get time till after christmas
00:34:18 <Runbunny> lel
01:00:29 -!- Rawr|Fone [~AndChat52@84-217-62-32.customers.ownit.se] has joined #tlponies
01:13:03 <skram> Dot`
01:13:54 <Dot`> skram
01:14:06 <skram> what doing
01:18:02 <Dot`> browsing the internets
01:18:04 <Dot`> you?
01:19:45 <skram> eh, looking at cats mostly
01:23:43 <Dot`> any good cats?
01:25:38 <skram> sub-par honestly
01:27:46 <Dot`> here you go then https://imgur.com/gallery/vaxwa
01:28:56 <skram> very good
01:28:57 <skram> thank
01:31:59 <Dot`> skram https://imgur.com/gallery/rzzaoY4
01:32:30 <skram> good dog
01:51:50 <reification> night all
01:52:07 <skram> good night reef
01:52:31 <Dot`> gnight reif
02:31:04 <Bio> dto
02:31:09 <Bio> ksrm
02:41:26 <Dot`> skram gone
02:46:03 <Dot`> what you up to bio
03:02:05 <Bio> doing the wow
03:02:08 <Bio> but now nothing
03:02:15 <Bio> is sleep
03:02:18 <Bio> sleepy
04:43:37 -!- Golly [~Golly@1.92-221-121.customer.lyse.net] has joined #tlponies
04:48:39 -!- Westy543 [~Westy543@c-73-189-129-4.hsd1.ca.comcast.net] has joined #tlponies
04:48:40 -!- mode/#tlponies [+v Westy543] by Q
08:09:02 -!- micen [~micen@h69.66.91.75.dynamic.ip.windstream.net] has joined #tlponies
09:08:54 <Dot`> Mornign horses
09:31:01 <Dot`> .tellm Dub` phearlock | https://www.youtube.com/watch?v=tE5C3O71Xqo&app=desktop
09:54:38 <Golly> thats a spicy meatball
10:10:06 -!- tredc [~tredc@c83-251-161-94.bredband.comhem.se] has joined #tlponies
10:11:35 <CockRoach|42> hors hors
10:20:01 <Dot`> hest
11:17:57 <Micen|Droid> Good morning
11:18:06 <Dot`> hey micen
11:18:07 -!- tredc [~tredc@c83-251-161-94.bredband.comhem.se] has joined #tlponies
11:18:56 <Micen|Droid> How has it been  I know I've been here for only minutes the past couple weeks
11:22:23 <Dot`> everyones busy with christmas
11:24:26 -!- tredc [~tredc@c83-251-161-94.bredband.comhem.se] has joined #tlponies
11:25:10 <Micen|Droid> Still
11:25:20 <Micen|Droid> Still wrapping and decorating here
11:27:48 -!- skram [~skram@109.203.11.251] has joined #tlponies
11:28:58 <Micen|Droid> Hi skram 
11:30:26 <skram> hallo micen!
11:30:49 <Dot`> skram <3
11:31:02 -!- tredc [~tredc@c83-251-161-94.bredband.comhem.se] has joined #tlponies
11:31:04 <Micen|Droid> Merry Christmas Eve Eve! 
11:31:38 <skram> dot <3
11:31:56 <skram> did you finish all the things yet micen
11:33:16 <Micen|Droid> No! 
11:33:33 <Micen|Droid> Just getting to boxing 14 more gifts. 
11:34:08 <Micen|Droid> Then wrap whats boxes that are boxed
11:35:24 <skram> I usually bribe my sister in law to wrap my gifts
11:35:36 <skram> but this year i had to do it on my own like a real adult
11:35:50 <skram> fuckin' ribbons and everything, man
11:36:12 <Micen|Droid> We dont do ribbons and bows
11:36:30 <Micen|Droid> We stack gifts so bows would just get crushed. 
11:37:20 <skram> well so do we
11:38:33 -!- tredc [~tredc@c83-251-161-94.bredband.comhem.se] has joined #tlponies
11:57:48 <Dot`> whats your plan today skram
12:09:36 <skram> im gonna do nothing, then im gonna go to a friends place and drink too much rum and then go home and pass out
12:09:39 <skram> what a boat you
12:20:21 <Dot`> not doing anything, family gone back to south africa today
13:05:48 -!- Rawr|Phone [~AndChat52@m83-185-82-186.cust.tele2.se] has joined #tlponies
13:11:24 -!- tredc [~tredc@c83-251-161-94.bredband.comhem.se] has joined #tlponies
13:11:49 <Rawr|Phone> 🐴🐴🐴
13:14:08 <skram> K N E G G
13:14:12 <skram> henrik
13:14:17 <skram> kjære snille henrik
13:18:10 <Rawr|Phone> Jonas
13:18:16 <Rawr|Phone> Min älskade jonas
13:18:44 -!- tredc [~tredc@c83-251-161-94.bredband.comhem.se] has joined #tlponies
13:23:47 -!- BioSC [~BioPon@108-72-8-181.lightspeed.stlsmo.sbcglobal.net] has joined #tlponies
13:25:51 -!- tredc [~tredc@c83-251-161-94.bredband.comhem.se] has joined #tlponies
13:32:22 -!- tredc [~tredc@c83-251-161-94.bredband.comhem.se] has joined #tlponies
14:47:19 -!- Dot` [~quassel@90.214.186.173] has joined #tlponies
14:47:50 <Dot`> pons
14:47:59 <skram> bjørn
14:51:18 <Dot`> hows the day progressing skram?
14:51:32 -!- tredc [~tredc@c83-251-161-94.bredband.comhem.se] has joined #tlponies
15:06:30 <skram> fine i guess
15:06:45 -!- Dot`_ [~quassel@90.214.186.173] has joined #tlponies
15:06:46 <skram> any good games on sale yet dot
15:17:27 -!- Rawr|Fone [~AndChat52@84-217-62-32.customers.ownit.se] has joined #tlponies
15:17:34 -!- tredc [~tredc@c83-251-161-94.bredband.comhem.se] has joined #tlponies
15:24:43 -!- tredc [~tredc@c83-251-161-94.bredband.comhem.se] has joined #tlponies
15:34:57 -!- reification [~reificati@cpc76294-cosh16-2-0-cust297.6-1.cable.virginm.net] has joined #tlponies
15:34:57 -!- mode/#tlponies [+v reification] by Q
15:35:08 <reification> hello tlp
15:35:25 <reification> https://twitter.com/MichaelPoe/status/944505811925065728
15:40:01 <reification> dot https://twitter.com/ValaAfshar/status/939599402506817538
15:40:41 <Dot`_> hey reif
15:40:48 <Dot`_> i havnt taken too close a look yet skram
15:42:53 <reification> hi dotties
15:52:55 <reification> .tell runbunny https://pbs.twimg.com/media/DRpQmC7VAAA5V8n.jpg
15:57:08 -!- micen [~micen@h69.66.91.75.dynamic.ip.windstream.net] has joined #tlponies
16:50:23 <BioSC> mornhorse
16:50:30 <Bio> hhi
16:50:42 <reification> hello bio
16:52:45 -!- tredc [~tredc@c83-251-161-94.bredband.comhem.se] has joined #tlponies
17:41:57 <reification> https://twitter.com/vibethriller/status/944553508375879682
17:49:05 <Dot`_> hey bio
17:53:18 <Bio> hej dot
17:54:47 -!- tredc [~tredc@c83-251-161-94.bredband.comhem.se] has joined #tlponies
18:14:42 <Dot`_> hows you bio
18:20:30 <Dot`_> skram https://imgur.com/gallery/rYu15
18:21:56 <Dot`_> rawr https://imgur.com/gallery/D40AV
18:25:36 -!- DoT|Phone [~Dot@90.214.186.173] has joined #tlponies
18:26:50 -!- tredc [~tredc@c83-251-161-94.bredband.comhem.se] has joined #tlponies
18:35:14 <Bio> dot i is good
18:41:02 <DoT|Phone> good
18:53:57 <DoT|Phone> what you doing bio
19:02:27 -!- Yolteotl [webchat@hoc67-1-88-125-156-2.fbx.proxad.net] has joined #tlponies
19:02:31 <DoT|Phone> Yolt pon
19:02:35 <DoT|Phone> <3
19:02:41 <Yolteotl> hi dot <3
19:02:46 <Yolteotl> how are you?
19:03:11 <reification> hi yolo <3
19:03:34 <Yolteotl> hi reif!
19:03:42 <Yolteotl> it's almost christmas
19:04:54 <reification> i wrapping presents now
19:10:48 <Yolteotl> =D
19:27:46 <reification> small snag as it turns out i don’t actually have one of the presents i thought i did >.>
19:38:03 <Yolteotl> panic?
19:38:45 <reification> crisis has been averted. i have found a suitable substitute
19:40:07 -!- tredc [~tredc@c83-251-161-94.bredband.comhem.se] has joined #tlponies
19:40:11 <Yolteotl> and where is mine? 
19:40:45 <reification> :O
19:45:36 <Yolteotl> :((
19:46:08 <DoT|Phone> oh dear
19:46:08 <Yolteotl> Dot! Reif forgot to prepare a gift for me :'((
19:46:49 -!- tredc [~tredc@c83-251-161-94.bredband.comhem.se] has joined #tlponies
19:47:58 <reification> you need to visit to collect gift :p
19:48:33 <Yolteotl> ok, I'll be here in 5hours
19:49:32 <Yolteotl> *there
19:50:08 <reification> i’ll listen out for the doorbell
19:57:09 -!- DoT|Phone1 [~Dot@90.214.186.173] has joined #tlponies
20:01:08 <Dot`_> im sleepy
20:01:11 -!- tredc [~tredc@c83-251-161-94.bredband.comhem.se] has joined #tlponies
20:01:19 <Yolteotl> go to bed
20:02:28 <Dot`_> hmm, soon i tihn
20:02:30 <Dot`_> think
20:03:25 <Bio> dot pls
20:03:27 <Bio> no slep
20:03:30 <Bio> is so erly
20:07:11 <Dot`> it is early
20:08:14 -!- tredc [~tredc@c83-251-161-94.bredband.comhem.se] has joined #tlponies
20:30:10 -!- Phearlock [~Phearlock@cm-84.215.115.144.getinternet.no] has joined #tlponies
20:30:10 -!- mode/#tlponies [+v Phearlock] by Q
20:30:37 <Phearlock> Have I not been on here since wed???
20:30:47 <Phearlock> Fuck work has been way too busy
20:31:03 <Phearlock> Thankfully christmas is over now
20:31:06 <Phearlock> Can sit back and relax
20:31:20 <Phearlock> Some people might say it's toorrow
20:31:25 <Phearlock> But no, it's over
20:31:34 <Phearlock> tomorrow*
20:45:32 <Dot`> PHEAR
20:45:38 -!- tredc [~tredc@c83-251-161-94.bredband.comhem.se] has joined #tlponies
20:45:41 <Dot`> there has been much pony art
20:45:54 <Dot`> https://nadnerbd.deviantart.com/art/Doodle-345-3-721315028
20:45:55 <Dot`> see
20:50:25 <Phearlock> I see the pony
20:50:28 <Phearlock> I like pony
21:05:26 <Dot`> GOOD TO HEAR
21:05:28 <Dot`> caps
21:15:52 -!- Camail [~Camail@45.40.84.145] has joined #tlponies
21:15:52 -!- mode/#tlponies [+v Camail] by Q
21:29:57 <reification> bio https://twitter.com/chokenspuh/status/933589679676575744
21:30:01 <Dot`> cam
21:45:43 <Camail> no
22:06:25 <Bio> man
22:06:30 <Bio> this meme
22:08:34 -!- tredc [~tredc@c83-251-161-94.bredband.comhem.se] has joined #tlponies
22:23:28 -!- Runbunny [~Runbunny@91.100.28.10.generic-hostname.arrownet.dk] has joined #tlponies
22:24:40 <Runbunny> ugh
22:25:01 <Phearlock> runbunny!
22:25:03 <Phearlock> hi
22:25:07 <Runbunny> Hai.
22:25:26 <Phearlock> Are you done with christmas too?
22:26:05 <Runbunny> Nah, I just have 14 hours of work left over the next 2 days
22:26:13 <Runbunny> and christmas and everything.
22:26:22 <Phearlock> mmm
22:29:24 <Runbunny> I have to get up in 7 hours
22:29:28 <Runbunny> and I just got home.
22:29:56 <Phearlock> Thats terrible
22:30:04 <Phearlock> Christmas is over for me thankfully
22:30:49 -!- skram [~skram@109.203.11.251] has joined #tlponies
22:31:53 <Dot`> jonas
22:31:58 <skram> bjørn <3
22:32:01 <Dot`> hows the gathering?
22:32:17 <skram> it was good
22:32:35 <skram> i learned that all my friends have a terrifyingly high alcohol tolerance and i dont
22:33:46 <Dot`> bunch of drunkards
22:33:55 <skram> pretty much
22:35:26 <Bio> ASDF
22:35:33 * Bio hugs the horses
22:36:04 * Dot` hugs Bio
22:36:10 <Phearlock> bio <3
22:36:25 -!- tredc [~tredc@c83-251-161-94.bredband.comhem.se] has joined #tlponies
22:36:40 <skram> b i o
22:38:25 <Runbunny> Skram..
22:38:32 <Runbunny> Where is your viking genes?
22:39:18 <skram> burned away probably
22:40:05 <Runbunny> well dang.
22:42:16 <Bio> is almsot xmas
22:42:20 <Bio> almost even
22:43:44 <Runbunny> Yes.
22:44:14 <Runbunny> I just need to sleep, work, finish wrapping stuff, eat and then it's christmas.
22:44:39 <Runbunny> Just in time for more sleep, a quick trip to the hospital and then 10 hour work shift.
22:45:54 <Dot`> 'finding' more blood at the hospital runbun?
22:47:10 <Runbunny> Nah, I need to make sure my cell aren't dead so I can kill them on tuesday.
22:49:13 -!- tredc [~tredc@c83-251-161-94.bredband.comhem.se] has joined #tlponies
23:02:23 <Dot`> nice, more murder
23:11:16 <skram> when did you become so bloodthirsty Dot`
23:13:34 <Dot`> Runbun is the death dealer
23:13:40 <Dot`> i just glad he is happy
23:13:40 <Yolteotl> dot is a dangerous pon
23:13:50 <Yolteotl> you should come to america
23:13:57 <Yolteotl> it is common to kill people there
23:14:10 <Yolteotl> I heard stuff about it.
23:17:02 <Dot`> good luck there yolt!
23:24:47 <Yolteotl> I'm not american ppl yet
23:24:55 <Yolteotl> still waiting HR to contact me
23:25:06 <Yolteotl> they are like very slow 
23:29:09 -!- DuB` [~DuB@207-225-207-50.slkc.qwest.net] has joined #tlponies
23:29:13 <DuB`> Wew
23:30:04 -!- tredc [~tredc@c83-251-161-94.bredband.comhem.se] has joined #tlponies
23:30:39 <Dot`> DUB
23:30:41 <Dot`> <3
23:30:49 <skram> wew lad
23:31:57 <DuB`> DOT
23:31:58 <DuB`> <3
23:31:59 <DuB`> skramlad
23:32:05 <DuB`> Done shoppin'
23:32:43 <skram> how much chocolate did you purchase
23:33:07 <DuB`> NONE
23:33:13 <DuB`> But I expect I'll get some :P
23:34:41 <DuB`> And makin' CREME BRULEE later.
23:34:49 <DuB`> My very very favorite.
23:34:58 <DuB`> I like using the torch on the top FWOOSH
23:35:17 <skram> sounds like good times dub
23:36:20 <DuB`> Ye ^_^
23:36:42 <skram> did you get any sno tho
23:37:22 -!- tredc [~tredc@c83-251-es/slidey-diagram.png HTTP/1.0" 200 21902 "http://www.jayco.com.au/range/caravans/" "Mozilla/4.0 (compatible; MSIE 8.0; Windows NT 6.1; WOW64; Trident/4.0; SLCC2; .NET CLR 2.0.50727; .NET CLR 3.5.30729; .NET CLR 3.0.30729; .NET4.0C; .NET4.0E)" 868 "www.jayco.com.au" "168.140.181.4"
192.168.5.156 - - [06/Jun/2014:12:57:12 +1000] "GET /wp-content/themes/jayco/library/images/