00:25:42 <Micen|droid> Grilling was a mistake
00:26:10 <Micen|droid> I hurt so much. To much standing bending and general moving around
00:28:12 <DuB`> :(
00:30:49 <Crisium> you grill burgers?
00:41:18 <Micen|droid> I did
00:41:27 <Micen|droid> And hot dogs. And steaks
00:41:36 <DuB`> Good american! <3
00:41:42 <DuB`> Better than me. :P
00:41:48 <Micen|droid> Tommrow is ribs and chicken
00:42:03 <Micen|droid> Maybe corn
00:46:37 <Micen|droid> .choose sweetie belle, Scootaloo, babs, applebloom
00:46:37 <Crisium> gj
00:47:19 <Crisium> https://www.youtube.com/watch?v=k5dNC5SV7gE
00:47:26 <Crisium> for you micen
00:48:26 <Dot`> im late again :/
00:48:30 <Dot`> gnight ponies
00:48:34 <Crisium> gn dot
00:48:36 <Micen|droid>  Good night
00:48:42 <DuB`> nn dawt
00:48:44 <Micen|droid> Ill have art for you in morning
01:04:57 <Bio> do a sweetie
01:05:00 <Bio> she's da bes
01:05:07 <Micen> after scoots
01:05:12 <Crisium> sweetie is the best yeah
01:05:31 <Micen> then maybe a babs
01:07:11 <CockRoach|42> babs!
01:09:04 <Crisium> she was excommunicated
01:18:32 <Micen> maybe ill do an EqG!Babs
01:27:18 <Bio> I am the slpe
01:27:23 <BioSlep> nnnnnnnnnnnnnnnnnnnnnnnnnnnnnnnnnnnnnnnnnnnnnnnnnn
01:28:24 <Crisium> nn
01:28:36 <Micen|droid> Gl bio
01:28:55 <DuB`> so erly!
01:29:03 <DuB`> nn
01:29:17 <BioSlep> the result of me not slep last night
01:29:45 <DuB`> oopsie
01:45:57 <Phearlock> Sleep sounds like a good idea in that case
02:32:57 <Micen> Phear
02:33:11 <Micen> I read a story, thought you might like it
02:33:12 <Micen> https://www.fimfiction.net/story/384253/sweet-and-sour
02:34:55 <Phearlock> In bed
02:35:05 <Phearlock> Added to read-later list though =)
02:35:17 <Micen> let me know when you do
03:18:54 <Crisium> .
04:11:59 <Micen> would anyone watch a late night art stream?
04:39:47 <Rawr|Fone> Beep beep
04:56:51 -!- Rawr|Phone [~AndChat25@m83-185-93-56.cust.tele2.se] has joined #tlponies
04:57:13 <Micen> .ROLL  d20 to boop Rawr|Phone 
04:57:43 <Rawr|Phone> .roll d20 to tickle micen
04:57:55 <Micen> boop beats tickles haha
05:00:21 <Micen> How are you doing Rawr?
05:00:48 <Rawr|Phone> Pretty good
05:01:03 <Rawr|Phone> On my way to halmstad to play a tournament
05:01:11 <Rawr|Phone> How are you micen
05:01:22 <DuB`> Do a win, rawr.
05:01:26 <Micen> im doing okay. I am currently drawing horses
05:01:38 <Micen> and yes. win, and move closer to GM 
05:01:52 <Rawr|Phone> I'll do my very best for you
05:08:48 <Micen> There any video of you playing Rawr?
05:12:19 -!- Rawr|Fone [~AndChat25@m83-185-92-51.cust.tele2.se] has joined #tlponies
05:12:41 <Rawr|Fone> I don't have any video to link you now micen
05:12:54 <Rawr|Fone> But when the league season starts maybe
05:26:52 <Micen>  :D
06:24:18 <Micen> .tell Dot` https://micen-farock.deviantart.com/art/scoots-702447801 Art, as promised. not much in terms of inspiration, but I took something to some level of completion.
06:27:12 <Micen|droid> Nnn
06:42:33 <Micen|droid> https://tomatocoup.deviantart.com/art/Cosplay-685922431
06:42:44 <Micen|droid> .tellm
06:43:35 <Micen|droid> .tellmany dot`, Phearlock| https://tomatocoup.deviantart.com/art/Cosplay-685922431
08:32:34 <Dot`> Mornign all
08:32:43 <Dot`> micen!
08:35:12 -!- Bio [~BioPon@108-72-8-181.lightspeed.stlsmo.sbcglobal.net] has joined #tlponies
08:40:44 <Dot`> Rawr rawr
08:43:03 <Dot`> .tell runbunny http://imgur.com/gallery/brLuCWV
08:43:05 -!- Golly [~Golly@1.92-221-121.customer.lyse.net] has joined #tlponies
08:44:38 <Dot`> cr http://imgur.com/gallery/Q10xN
08:45:03 <CockRoach|42> 3
08:45:05 <CockRoach|42> <3
08:53:45 <CockRoach|42> http://i.imgur.com/VQyc1xm.png
09:00:43 <CockRoach|42> http://imgur.com/gallery/z0lJp
09:27:05 -!- Rawr|Fone [~AndChat25@m83-185-92-51.cust.tele2.se] has joined #tlponies
09:52:59 <Dot`> oh woops, work
10:22:27 -!- tredc [webchat@90-230-30-217-no56.tbcn.telia.com] has joined #tlponies
10:44:09 -!- skram [~skram@ip-123-146-106-77.eidsiva.net] has joined #tlponies
11:09:47 <CockRoach|42> https://pbs.twimg.com/media/DIu8Q_aW0AUoC-h.jpg
11:13:30 -!- BioSC [~BioPon@108-72-8-181.lightspeed.stlsmo.sbcglobal.net] has joined #tlponies
11:20:15 -!- reification [~reificati@cpc76294-cosh16-2-0-cust297.6-1.cable.virginm.net] has joined #tlponies
11:20:15 -!- mode/#tlponies [+v reification] by Q
11:23:31 <reification> hello tlpons
11:23:44 <skram> good morning reif
11:23:53 <reification> hei skram
11:26:07 <reification> bio https://twitter.com/TheOddSauce/status/904082693318742016
11:27:14 <reification> https://pbs.twimg.com/media/DIuj8P5XYAAFpOY.jpg
12:06:53 -!- Bio [~BioPon@108-72-8-181.lightspeed.stlsmo.sbcglobal.net] has joined #tlponies
12:12:05 -!- BioSC [~BioPon@108-72-8-181.lightspeed.stlsmo.sbcglobal.net] has joined #tlponies
14:32:13 -!- Rawr|Fone [~AndChat25@m83-185-92-51.cust.tele2.se] has joined #tlponies
14:40:07 -!- Dot` [~quassel@94.3.62.254] has joined #tlponies
14:45:53 -!- DuB` [~DuB@66-219-235-64.dynamic.ip.veracitynetworks.com] has joined #tlponies
14:45:57 <DuB`> Ohayou~
14:49:45 -!- tredc [webchat@90-230-30-217-no56.tbcn.telia.com] has joined #tlponies
14:49:56 -!- skram [~skram@ip-123-146-106-77.eidsiva.net] has joined #tlponies
14:50:45 -!- Zounds [~chatzilla@cpc108453-cowc8-2-0-cust8.14-2.cable.virginm.net] has joined #tlponies
14:50:45 -!- mode/#tlponies [+v Zounds] by Q
14:50:53 <skram> m'zounds
14:51:05 <Zounds> hi
14:52:35 <DuB`> And no greets for me! :P
14:52:55 <skram> i did do that???
14:53:01 <Zounds> hi dub
14:53:25 <DuB`> I see nothing, skram!
14:53:29 <DuB`> Hi zounds~
14:54:18 <Zounds> how's your overwatch career going skram
14:54:21 <Zounds> i noticed you playing comp
14:54:35 <skram> Better than ever actually
14:54:38 <skram> made it to GM last night
14:55:04 <Zounds> nice one
14:58:41 -!- Zounds_ [~chatzilla@cpc108453-cowc8-2-0-cust8.14-2.cable.virginm.net] has joined #tlponies
14:59:22 <Zounds_> blargh
15:05:23 <BioSC> def
15:05:24 <BioSC> sick
15:05:29 <Bio> asdf
15:05:43 <Bio> moving in slow motion
15:05:49 <Bio> gmorn pons
15:07:49 <DuB`> G'morn!
15:07:54 <DuB`> Sick because no slepp? :P
15:08:05 <Bio> no i def slep last night
15:08:08 <Bio> for like 14h
15:08:15 <Bio> 8 pm to now
15:08:37 <Bio> couldn't have helped fri to sat tho
15:45:44 -!- Rawr|Phone [~AndChat25@84-217-62-32.customers.ownit.se] has joined #tlponies
15:46:07 <Rawr|Phone> Beep beep
15:46:25 <Rawr|Phone> Second place at the tournament today woop woop
15:48:20 <DuB`> Very nice! :D
15:49:59 <Bio> what a sheep
15:52:18 <Bio> cloggy noses are the worst dub
15:52:34 <DuB`> Not the best for sure.
15:53:01 <DuB`> I wanna pewpew some more, yesterday was super fun.
15:53:05 <DuB`> Dot` wer u
15:56:42 <Bio> hopefully not ded
15:59:00 <DuB`> We can only hope.
16:10:45 <Dot`> I am home
16:10:46 <Bio> u want duo dob
16:10:51 <Dot`> i was work dubs
16:10:56 <Bio> or squaddles 
16:11:02 <Bio> bang bang
16:11:18 <Dot`> RAWR
16:11:21 <Dot`> rawr rawr rawr
16:11:22 <Dot`> <3
16:11:23 <Dot`> well done
16:14:40 <Dot`> skram pls
16:15:31 <Bio> krsm pls
16:19:50 <Dot`> Bio, is the xenos filth purged?
16:20:04 <Bio> not yet
16:20:44 <skram> HEY DOT HOW ARE YOU
16:20:48 <Bio> need some headache healers
16:20:52 <Bio> hi skarm
16:20:55 <Bio> how u
16:21:20 <skram> i am well enough mr bio
16:21:24 <skram> how is ur head
16:22:07 <Bio> stuffy
16:24:48 <Dot`> SKRAM
16:24:50 <Dot`> HELLO
16:24:54 <Dot`> <3
16:25:24 <reification> hello dotties
16:25:28 <Dot`> hey reif
16:26:26 <reification> if you aren’t gonna be around 8th-10th then now would be the time to say before i drive up to wolverhampton tomorrow :D
16:29:38 <reification> i may try to arrive earlier than usual on friday given you have to work sat?
16:32:39 <skram> how was work dot
16:43:20 <Bio> dub u wanna plej shots
16:43:27 <Bio> dot
16:43:29 <Bio> phear
16:43:32 <Bio> people
16:43:35 <DuB`> o ya
16:43:36 <DuB`> sec
16:43:37 <Bio> open invite
16:44:30 <Dot`> times are swapping around at work all the time atm reif :/
16:44:45 <Dot`> I am going to have to sa i will be at work but i really have no idea
16:48:44 <reification> that is unfortunate
16:50:02 <reification> you are not obliged to host. i can visit next time if it’s gonna be more convenient?
16:50:29 <reification> after all there will be no home baking this time, you’ve already had that for this year :p
16:52:45 -!- carcinisation [~smuxi@cpc76294-cosh16-2-0-cust297.6-1.cable.virginm.net] has joined #tlponies
16:55:59 -!- DoT|Phone [~Dot@94.3.62.254] has joined #tlponies
16:58:05 <DoT|Phone> no biscuits?
16:58:10 <DoT|Phone> what is this
16:58:51 <carcinisation> you already had cake earlier this year
16:59:11 <skram> you would limit poor old dot to 1 cake a year??
16:59:21 <skram> that sounds illegal
16:59:50 <carcinisation> he can have as many cakes as he wants
17:00:01 <carcinisation> but not made by me :p
17:00:19 <skram> poor lad :p
17:00:36 <DuB`> Get in pubg frends!
17:00:42 <DuB`> gogogo
17:01:09 <Rawr|Phone> Dot Dot Dot
17:02:24 <DoT|Phone> Rawr Rawr
17:02:32 <Micen|droid> Good morning
17:03:55 <Rawr|Phone> It's evening micen
17:04:06 <Micen|droid> Well I just woke up
17:05:17 <Bio> DuB`
17:05:20 <DoT|Phone> hello Micen
17:05:21 <Rawr|Phone> Fair enough
17:05:25 <DuB`> Bio
17:05:45 <Bio> pls click
17:05:53 <DuB`> O
17:06:02 <DuB`> I didn't show up on screen until I made it active window.
17:06:06 <DuB`> It didn't*
17:21:32 <carcinisation> 4th for pubg?
18:17:09 <Rawr|Phone> Hors hors
18:18:58 <Dot`> rawr hest
18:19:26 <Rawr|Phone> Dot havremoppe
18:23:39 <DuB`> Dot` stop ignore everyone!
18:24:26 <Rawr|Phone> Rysligt ohyfsat dot
18:25:28 <Bio> I'm the worst
18:38:12 <Dot`> hello bio
18:40:28 -!- Yolteotl [webchat@243.77.126.78.rev.sfr.net] has joined #tlponies
18:40:34 <DuB`> Bio nuh uh
18:40:44 <DuB`> How can one be simultaneously best AND worst?
18:42:36 <carcinisation> by being the only one dub
18:44:07 <carcinisation> he was the best of bios, he was the worst of bios
18:53:44 <carcinisation> hello yolo <3
18:59:35 <Dot`> hey yolt
18:59:39 <Dot`> skram http://imgur.com/gallery/mGDk8
19:11:42 <Yolteotl> hi pones :)
19:11:44 <Yolteotl> Reif <3
19:11:46 <Yolteotl> dot <3
19:12:11 <Yolteotl> how are you pones?
19:13:06 <Rawr|Phone> Yolthors
19:13:28 -!- tredc [webchat@90-230-30-217-no56.tbcn.telia.com] has joined #tlponies
19:20:15 <Yolteotl> hi rawrosaur
19:27:12 <carcinisation> good yolo, lots of hike likely next week
19:27:24 <Yolteotl> do you hike with DoT?
19:28:07 <carcinisation> hopefully if he isn't too busy with work :/
19:28:16 <Yolteotl> D: 
19:28:35 <Yolteotl> forgot Dot is a worker now
19:29:08 <Dot`> hiking is the only way i know how to socialise
19:29:16 <Yolteotl> ahah
19:29:21 <carcinisation> i don't even know if he can get me discount candy 
19:29:33 <Yolteotl> Dot, candies!
19:29:57 <Dot`> i only get a 10% discount
19:31:10 <carcinisation> 10% more than i get :p
19:48:27 <Bio> i made a wrap for lunch
19:48:33 <Bio> ham and turkey and leafs
19:48:42 <CockRoach|42> "leafs" :D
19:48:45 <DuB`> SeemsGood
19:49:12 <CockRoach|42> i imagine bio picking up stuff from the ground
19:49:33 <Bio> >insert pugb loot animation here
19:49:59 <Bio> baby spinach leafs
19:52:32 <DuB`> Plants are pretty gud
19:54:54 <Bio> Bepis
20:41:50 -!- Runbunny [~Runbunny@91.100.28.10.generic-hostname.arrownet.dk] has joined #tlponies
20:53:25 <Dot`> runbun
21:00:15 <Runbunny> Dot.
21:01:18 <skram> Anders.
21:05:22 <Dot`> jonas
21:05:30 <Bio> bjorn
21:06:45 <skram> bjørn*
21:07:06 <Bio> the o is important, you can't just cross out letters skorm
21:10:07 -!- Micen [~micen@h6.6.17.98.dynamic.ip.windstream.net] has joined #tlponies
21:20:14 <DuB`> When people say "break for food, back in 30" they mean, "goodbye forever", then. :P
21:23:44 <Phearlock> They didn't specify what 30
21:23:47 <Phearlock> could be hours
21:23:59 <Phearlock> days
21:24:37 <Runbunny> DuB`, it could even be Dots "just now"
21:24:47 <DuB`> Oh no.
21:24:48 -!- skram [~skram@ip-123-146-106-77.eidsiva.net] has joined #tlponies
21:24:51 <Runbunny> That's like 8 hours.
21:27:16 <Dot`> or 5 minutes
21:27:29 <Phearlock> 8 hours 5 mins yes
21:27:32 <Dot`> just now is context sensitive
21:28:26 <DuB`> Uh huh
22:00:28 <Runbunny> Dot`, have you seen this thing? http://imgur.com/gallery/6vEGn
22:01:57 -!- carcinisation [~smuxi@cpc76294-cosh16-2-0-cust297.6-1.cable.virginm.net] has joined #tlponies
22:23:29 <Dot`> rawr rawr
22:35:09 <carcinisation> i do not see rawr in the userlist dot...
22:37:29 <Dot`> this is a problem
22:38:33 <CockRoach|42> rawr is quite rude
22:39:20 <carcinisation> you're going to need to be on top of your greeting game this week while i'm away dot
22:55:19 <Micen|droid> Sad day
22:55:32 <Micen|droid> My keyboard bit the dust
22:55:40 <Dot`> :/
22:55:58 <Micen|droid> Maybe my tablet too
22:56:21 <Micen|droid> Turns out electronics don't like drinking pop
22:59:23 <Micen|droid> Yeah. 
22:59:32 <Micen|droid> Tablet is toast too
22:59:34 <DuB`> >_>
23:05:25 <Micen|droid> Spilled drink on both
23:07:41 <Dot`> rinse them and leave them to dry out
23:07:48 <Dot`> maybe in rice if you have to spare
23:08:40 <Dot`> dub
23:08:44 <Dot`> rawr and runbun are not here
23:08:49 <Dot`> look at this! http://i.imgur.com/pELIkLi.jpg
23:08:52 <Dot`> its so amazing
23:08:54 <Dot`> and soft
23:11:05 <Micen|droid> Went through and dried thoroughly with microfiber cloth. Keyboard broke thw way my old one did. One g
23:11:35 <Micen|droid> Key presses multiple across the keyboard
23:12:29 <DuB`> Dot` :D
23:14:06 <DuB`> There's a puppy store in town where they let you just hang out and play with pups for an hour or two for free, going there with a work friend this week sometime. :P
23:14:22 <Dot`> AMG
23:14:27 <Dot`> I NEEEED THIS
23:14:29 <Dot`> take me pls
23:14:38 <DuB`> :P
23:14:55 <DuB`> I don't even remember the last time I touched a dog.
23:14:58 <DuB`> Will be nice
23:15:09 <Dot`> i will require pictures
23:15:25 <DuB`> Well there's this snapchat thing...
23:15:59 <Dot`> but i really cant give a damn about pictures of food
23:16:34 <DuB`> I don't!
23:17:02 <DuB`> No food from me.
23:17:32 <Dot`> hmmm, remind me tuesday and i will look at getting this thing
23:18:14 <DuB`> Oke
23:18:20 <DuB`> For now, mint ice cream!
23:50:15 <reification> https://twitter.com/Extinct_AnimaI/status/903863991885209601
23:50:18 <reification> night all
23:50:25 <Dot`> gnight
23:50:31 <DuB`> G'night!
23:59:02 -!- micen|droid_ [~AndChat48@66-87-18-54.pools.spcsdns.net] has joined #tlponies
23:59:26 <Dot`> dub
23:59:29 <Dot`> what do
23:59:36 <DuB`> Watchin' strims.
23:59:43 <DuB`> Might OW arcade or dota2 bots with bro
