.0 (Windows NT 6.1; rv:21.0) Gecko/20100101 Firefox/21.0 USA\\Miami Style"
www.fernbyfilms.com:80 64.129.13.2 - - [18/May/2014:17:58:48 +0000] "GET /wp-content/uploads/2011/05/Annex-Brando-Marlon-Apocalypse-Now_14.jpg HTTP/1.1" 200 486092 "http://www.bing.com/images/search?q=marlon+brando+apocalypse+now+monologue&FORM=HDRSC2" "Mozilla/5.0 (Windows NT 6.3; WOW64; rv:29.0) Gecko/20100101 Firefox/29.0"
www.fernbyfilms.com:80 95.181.178.59 - - [18/May/2014:17:59:00 +0000] "POST /wp-login.php HTTP/1.1" 200 6124 "http://fernbyfilms.com/wp-login.php" "Mozilla/5.0 (Windows NT 6.1; rv:21.0) Gecko/20100101 Firefox/21.0 USA\\Miami Style"
www.fernbyfilms.com:80 95.181.178.59 - - [18/May/2014:17:59:01 +0000] "POST /wp-login.php HTTP/1.1" 200 6124 "http://fernbyfilms.com/wp-login.php" "Mozilla/5.0 (Windows NT 6.1; rv:21.0) Gecko/20100101 Firefox/21.0 USA\\Miami Style"
www.fernbyfilms.com:80 66.249.70.3 - - [18/May/2014:17:59:01 +0000] "GET /2011/03/10/movie-review-the-social-network/?chatcatcher_intense_debate=true&cb=05&callback=chatcatcher_plugin.insert_tweets HTTP/1.1" 200 20360 "http://www.fernbyfilms.com/2011/03/10/movie-review-the-social-network/?cb=05" "Mozilla/5.0 (compatible; Googlebot/2.1; +http://www.google.com/bot.html)"
www.fernbyfilms.com:80 95.181.178.59 - - [18/May/2014:17:59:02 +0000] "POST /wp-login.php HTTP/1.1" 200 6124 "http://fernbyfilms.com/wp-login.php" "Mozilla/5.0 (Windows NT 6.1; rv:21.0) Gecko/20100101 Firefox/21.0 USA\\Miami Style"
www.fernbyfilms.com:80 95.181.178.59 - - [18/May/2014:17:59:03 +0000] "POST /wp-login.php HTTP/1.1" 200 6124 "http://fernbyfilms.com/wp-login.php" "Mozilla/5.0 (Windows NT 6.1; rv:21.0) Gecko/20100101 Firefox/21.0 USA\\Miami Style"
www.fernbyfilms.com:80 67.77.72.67 - - [18/May/2014:17:59:02 +0000] "GET /wp-content/uploads/2008/10/rocky-balboa-review-logo.jpg HTTP/1.1" 200 356345 "https://www.google.com/" "Mozilla/5.0 (iPhone; CPU iPhone OS 6_1_6 like Mac OS X) AppleWebKit/536.26 (KHTML, like Gecko) Version/6.0 Mobile/10B500 Safari/8536.25"
www.fernbyfilms.com:80 95.181.178.59 - - [18/May/2014:17:59:04 +0000] "POST /wp-login.php HTTP/1.1" 200 6124 "http://fernbyfilms.com/wp-login.php" "Mozilla/5.0 (Windows NT 6.1; rv:21.0) Gecko/20100101 Firefox/21.0 USA\\Miami Style"
www.fernbyfilms.com:80 95.181.178.59 - - [18/May/2014:17:59:05 +0000] "POST /wp-login.php HTTP/1.1" 200 6124 "http://fernbyfilms.com/wp-login.php" "Mozilla/5.0 (Windows NT 6.1; rv:21.0) Gecko/20100101 Firefox/21.0 USA\\Miami Style"
www.fernbyfilms.com:80 95.181.178.59 - - [18/May/2014:17:59:06 +0000] "POST /wp-login.php HTTP/1.1" 200 6124 "http://fernbyfilms.com/wp-login.php" "Mozilla/5.0 (Windows NT 6.1; rv:21.0) Gecko/20100101 Firefox/21.0 USA\\Miami Style"
www.fernbyfilms.com:80 95.181.178.59 - - [18/May/2014:17:59:07 +0000] "POST /wp-login.php HTTP/1.1" 200 6124 "http://fernbyfilms.com/wp-login.php" "Mozilla/5.0 (Windows NT 6.1; rv:21.0) Gecko/20100101 Firefox/21.0 USA\\Miami Style"
www.fernbyfilms.com:80 95.181.178.59 - - [18/May/2014:17:59:07 +0000] "POST /wp-login.php HTTP/1.1" 200 6124 "http://fernbyfilms.com/wp-login.php" "Mozilla/5.0 (Windows NT 6.1; rv:21.0) Gecko/20100101 Firefox/21.0 USA\\Miami Style"
www.fernbyfilms.com:80 95.181.178.59 - - [18/May/2014:17:59:08 +0000] "POST /wp-login.php HTTP/1.1" 200 6124 "http://fernbyfilms.com/wp-login.php" "Mozilla/5.0 (Windows NT 6.1; rv:21.0) Gecko/20100101 Firefox/21.0 USA\\Miami Style"
www.fernbyfilms.com:80 95.181.178.59 - - [18/May/2014:17:59:09 +0000] "POST /wp-login.php HTTP/1.1" 200 6124 "http://fernbyfilms.com/wp-login.php" "Mozilla/5.0 (Windows NT 6.1; rv:21.0) Gecko/20100101 Firefox/21.0 USA\\Miami Style"
www.fernbyfilms.com:80 95.181.178.59 - - [18/May/2014:17:59:10 +0000] "POST /wp-login.php HTTP/1.1" 200 6124 "http://fernbyfilms.com/wp-login.php" "Mozilla/5.0 (Windows NT 6.1; rv:21.0) Gecko/20100101 Firefox/21.0 USA\\Miami Style"
www.fernbyfilms.com:80 95.181.178.59 - - [18/May/2014:17:59:11 +0000] "POST /wp-login.php HTTP/1.1" 200 6124 "http://fernbyfilms.com/wp-login.php" "Mozilla/5.0 (Windows NT 6.1; rv:21.0) Gecko/20100101 Firefox/21.0 USA\\Mia297.6-1.cable.virginm.net] has joined #tlponies
15:12:23 -!- Rawr|Phone [~AndChat52@m83-185-85-86.cust.tele2.se] has joined #tlponies
15:19:05 -!- Dot` [~quassel@90.214.186.173] has joined #tlponies
15:28:06 -!- skram [~skram@109.203.11.251] has joined #tlponies
15:28:10 <skram> frens
15:33:07 -!- tredc [~qwe@c83-251-161-94.bredband.comhem.se] has joined #tlponies
15:33:57 <Rawr|Phone> Jonasfren
15:37:08 <carcinisation> skramannen
15:38:01 <skram> my bois
15:38:33 -!- BioPhone [~androirc@client115-2.wpa.siue.edu] has joined #tlponies
15:38:40 <BioPhone> Poen
15:38:59 <skram> is that a real bio
15:39:45 <BioPhone> Yes
15:40:00 <skram> excellent
15:42:04 -!- tredc [~qwe@c83-251-161-94.bredband.comhem.se] has joined #tlponies
15:42:41 <Rawr|Phone> Great
15:45:47 <BioPhone> How to get class to stop paying attention: say we've learned everything on final,  continue teaching topics not on final
15:46:10 <skram> just go home bio
15:46:40 <BioPhone> Should
15:46:57 <BioPhone> She took attendance for the first time this semester too
15:47:01 <BioPhone> Strange
15:47:55 <skram> wait does that even matter in uni
15:48:43 <BioPhone> Idk
15:49:04 -!- tredc [~qwe@c83-251-161-94.bredband.comhem.se] has joined #tlponies
15:49:46 <BioPhone> People who haven't shown to class in weeks were here cause there thought there was a test
15:49:59 <BioPhone> Then she made it a take home
15:51:59 <skram> worst teacher ever
15:52:55 <BioPhone> Lel
15:55:11 <BioPhone> Oh well. Can use a free 100
15:55:34 <Dot`> Hey all
15:55:51 <skram> greetings bjørn
15:56:42 <BioPhone> Dottenheim
15:57:02 <skram> inventor of the nuclear hug
15:57:57 <Dot`> sounds dangerous
16:03:13 <Dot`> skram, you are aware of the spells in XGtE right?
16:03:24 <skram> NO?!
16:03:36 <Dot`> there isnt many for a cleric
16:04:08 <Dot`> but they are there, check the quick refrancr page 2, gives page number
16:13:32 <BioPhone> I bet there's one for healing
16:13:59 <skram> im not gonna pick any healing spells
16:14:13 <Dot`> only the weak need healing
16:14:37 <BioPhone> But I'm the weak tho
16:16:04 <Dot`> skram, if you take like toll the dead, you can rename it to sometihng smithy if you want
16:16:09 <Dot`> like strike of the anvil
16:16:19 <Dot`> revalvour is fine, as long as i know
16:16:40 -!- tredc [~qwe@c83-251-161-94.bredband.comhem.se] has joined #tlponies
16:21:38 <BioPhone> This dude next to me is browsing 4chan in class.
16:22:28 <Dot`> pass by memes
16:23:08 <BioPhone> I bet he's got some rare pepes
16:23:40 -!- tredc [~qwe@c83-251-161-94.bredband.comhem.se] has joined #tlponies
16:51:48 <BioPhone> Pone
17:13:43 -!- Zounds [webchat@cpc108453-cowc8-2-0-cust8.14-2.cable.virginm.net] has joined #tlponies
17:13:49 <Dot`> zounds hest
17:13:58 <Zounds> hallo
17:15:15 <carcinisation> hai zounds
17:16:17 <Zounds> hullo reifer madness
17:18:20 -!- tredc [~qwe@c83-251-161-94.bredband.comhem.se] has joined #tlponies
17:18:34 <Zounds> skram https://www.youtube.com/watch?v=scNLfr1EP08
17:18:42 <Zounds> you always showed some interest in my local culture
17:25:17 -!- tredc_ [~qwe@c83-251-161-94.bredband.comhem.se] has joined #tlponies
17:27:20 -!- tredc [~qwe@c83-251-161-94.bredband.comhem.se] has joined #tlponies
17:53:47 <carcinisation> that sure is a thing zounds
17:58:08 <carcinisation> .tell dub` c10 https://gfycat.com/LargeBriefAfricanclawedfrog
18:00:03 <skram> Zounds this is brilliant
18:00:43 <skram> i dont understand a word of this but im sure its wholesome and lovely
18:03:55 -!- BioPon [~androirc@mobile-166-175-191-74.mycingular.net] has joined #tlponies
18:04:50 -!- tredc [~qwe@c83-251-161-94.bredband.comhem.se] has joined #tlponies
18:08:25 <Zounds> He's having sex with your mother and grandmother
18:08:29 <Zounds> and doing a lot of drugs
18:15:33 -!- BioPon [~androirc@mobile-166-175-191-106.mycingular.net] has joined #tlponies
18:18:51 -!- tredc [~qwe@c83-251-161-94.bredband.comhem.se] has joined #tlponies
18:22:19 -!- Camail [~Camail@45.40.84.145] has joined #tlponies
18:22:19 -!- mode/#tlponies [+v Camail] by Q
18:23:51 <Dot`> cam
18:24:03 <Camail> helllllllllllllllllllo
18:24:15 <Dot`> Hedge
18:28:25 <skram> cam
18:28:26 <skram> ail
18:32:03 <Camail> skr
18:32:30 -!- tredc [~qwe@c83-251-161-94.bredband.comhem.se] has joined #tlponies
18:35:56 -!- Runbunny [~Runbunny@91.100.28.10.generic-hostname.arrownet.dk] has joined #tlponies
18:36:24 <Dot`> Runbun
18:37:01 <Runbunny> Dot.
18:38:39 -!- carcinisation_ [webchat@cpc76294-cosh16-2-0-cust297.6-1.cable.virginm.net] has joined #tlponies
18:38:43 <skram> aNDERS.
18:39:33 -!- tredc [~qwe@c83-251-161-94.bredband.comhem.se] has joined #tlponies
18:39:33 <Runbunny> Jonas.
18:41:02 -!- DoT|Phone [~Dot@90.214.186.173] has joined #tlponies
18:42:08 <carcinisation_> hello bun
18:57:03 <Camail> am
19:27:16 <Dot`> hows all
19:32:32 <carcinisation_> mostly dealing with pharahs who get asshurt in not being completely pocketed 
19:32:49 <carcinisation_> even when solo healing :/
19:33:39 -!- micen_ [~micen@h131.223.141.67.dynamic.ip.windstream.net] has joined #tlponies
19:35:51 -!- Micen|Droid_ [~Micen@h131.223.141.67.dynamic.ip.windstream.net] has joined #tlponies
19:36:20 -!- tredc [~qwe@c83-251-161-94.bredband.comhem.se] has joined #tlponies
19:41:26 <Dot`> haa
19:43:55 <carcinisation_> ah got one who didn't whine and in a shocking coincidence we won the game easily...
20:05:26 <skram> what a funny coincidence
20:09:07 <Dot`> https://yakovlev-vad.deviantart.com/art/Clean-Luna-3-718608832
20:10:46 <Zounds> <3
20:22:02 -!- Micen|Droid [~Micen@99-203-4-158.pools.spcsdns.net] has joined #tlponies
20:27:43 <Zounds> good pons
20:27:49 <Dot`> indeed
20:28:44 -!- tredc [~qwe@c83-251-161-94.bredband.comhem.se] has joined #tlponies
20:29:16 -!- Micen|Droid_ [~Micen@h131.223.141.67.dynamic.ip.windstream.net] has joined #tlponies
20:29:22 <Dot`> micen!
20:30:58 -!- Micen|Droid [~Micen@99-203-4-158.pools.spcsdns.net] has joined #tlponies
20:33:36 <Dot`> micen!
20:35:25 -!- Micen|Droid [~Micen@h131.223.141.67.dynamic.ip.windstream.net] has joined #tlponies
20:35:38 -!- tredc [~qwe@c83-251-161-94.bredband.comhem.se] has joined #tlponies
20:35:50 <Dot`> skram pls
20:52:08 <Dot`> he ded
21:01:18 <Rawr|Phone> Rip
21:01:24 <Rawr|Phone> He was goodfren
21:02:07 <Dot`> but no more
21:10:39 <Rawr|Phone> He probably didn't like us anymore anyway
21:15:05 -!- Rawr|Fone [~AndChat52@84-217-62-32.customers.ownit.se] has joined #tlponies
21:21:08 -!- tredc [~qwe@c83-251-161-94.bredband.comhem.se] has joined #tlponies
22:11:14 -!- BioPhone [~androirc@mobile-166-175-191-56.mycingular.net] has joined #tlponies
22:11:25 <BioPhone> Poen
22:13:52 <BioPhone> Peno
22:13:56 <Dot`> Biopon 
22:13:57 <BioPhone> Pone
22:16:33 <Dot`> hows you
22:20:06 -!- Dot` [~quassel@90.214.186.173] has joined #tlponies
22:21:03 <BioPhone> Coming home
22:30:48 -!- tredc [~qwe@c83-251-161-94.bredband.comhem.se] has joined #tlponies
22:56:59 <Dot`> rawr https://imgur.com/gallery/aJNjI8c
22:57:25 <Rawr|Fone> Thanks dot
23:08:36 <Bio> poen?
23:08:39 <Bio> neigh
23:08:43 <Bio> henlo
23:09:10 <Dot`> Hedge
23:09:20 <Bio> what a meme dot
23:09:32 <Bio> poison guy
23:44:28 <CockRoach|42> https://imgur.com/gallery/lyBPcjt
23:45:13 <Bio> dotto dot dot dotters
23:45:33 -!- Crisium [~Crisium@c-73-174-51-128.hsd1.pa.comcast.net] has joined #tlponies
23:45:38 <Dot`> cr, https://www.reddit.com/r/mylittlepony/comments/7hk30m/oc_week_do_not_steal_by_voodootiki/
23:45:50 <Dot`> hey Crisium
23:46:01 <Crisium> hi
23:46:03 <Crisium> lul this comic
23:54:49 <CockRoach|42> Dot`: :D
