00:18:14 <reification> .r work https://twitter.com/anzu_ugu/status/822302418536759297
00:18:17 <Dot`> CAMAIL, i still need to watch samurai jack
00:26:50 -!- Micen [~micen@h132.128.140.67.dynamic.ip.windstream.net] has joined #tlponies
00:27:14 <Micen> Good morning
00:28:06 <Micen> not morning
00:28:13 <Micen> habit to type thatr
00:28:39 <Dot`> hi micem
00:30:53 <Micen> my computer is reassembled. had to move it
00:34:02 <Camail> i havent watched it either dot
00:39:12 -!- Emi_ [~HoMM@91.156.84.122] has joined #tlponies
00:45:32 <reification> night all
00:47:05 <Dot`> gnight reif
00:58:57 <Camail> every step kbrad takes, krone gets saltier
01:03:05 <Camail> https://www.twitch.tv/capcomfighters
01:03:18 <Camail> hollow knight is a really good game!
01:03:31 <Camail> I'm totally gonna buy it
01:04:20 <Dot`> it looks good
01:05:20 <Phearlock> Yeah I'm not usually enticed by 2D platformers
01:05:23 <Phearlock> but it seems really ncie
01:15:28 <Camail> its really content rich
01:16:00 <Camail> but very much a 2d platformer
01:33:15 <Phearlock> It's not that I don't like 2D platformers
01:33:20 <Phearlock> I just suck balls at them
01:34:09 <Camail> well I'm only like 5 hours in, but its been quite easy
01:34:22 <Camail> some snags, but overall not threatening
01:34:52 <Camail> the healing mechanics are what lessen most of the difficulty 
01:35:42 <Camail> everything is very adorable
01:35:50 <Camail> and they fake language is equally as adorable
01:40:18 <Dot`> cam i am confised
01:40:25 <Dot`> <Camail> I'm totally gonna buy it
01:40:32 <Camail> i pirated it
01:40:35 <Dot`> <Camail> well I'm only like 5 hours in, but its been quite easy
01:40:36 <Dot`> ahhhhh
01:40:57 <Dot`> see how i forget about pirating no longer being third world
01:41:11 <Camail> well
01:41:13 <Camail> mainly because UK
01:41:21 <Camail> because lul you guys dont get to pirate shit
01:42:52 <Dot`> life is hard
01:48:58 <Camail> its on GoG so its really easy to torrent
01:49:27 <Camail> it says gamepad is recommended but i dunno
01:50:07 <Camail> the movement feels digital so its not like using a joystick is the most useful
02:06:14 <Camail> i could do that p2p irc thing
02:06:23 <Camail> i remember doing that a few years ago
02:06:32 <Camail> so weird to use ancient network tech
02:11:12 <Camail> Dot`  go to sleep
02:11:29 <Camail> https://www.twitch.tv/capcomfighters
02:11:35 <Camail> our lord and savior xian is playing
02:19:14 <Camail> usa time
02:19:18 <Camail> country kill
02:19:20 <Camail> rip usa
02:30:17 -!- Micen [~micen@h132.128.140.67.dynamic.ip.windstream.net] has joined #tlponies
02:58:04 <Bio> rip
04:15:22 -!- ZK [~ZealotKil@modemcable114.242-81-70.mc.videotron.ca] has joined #tlponies
04:15:22 -!- mode/#tlponies [+v ZK] by Q
04:45:54 -!- DoubleRainbow [webchat@c-73-250-36-131.hsd1.md.comcast.net] has joined #tlponies
06:15:18 -!- Micen [~micen@h132.128.140.67.dynamic.ip.windstream.net] has joined #tlponies
06:37:33 -!- DoT_ [~quassel@94.10.86.201] has joined #tlponies
08:24:11 <Camail> i am so mad
08:24:24 <Camail> someone else needs to play this game so i can watch them be mad
08:33:31 -!- Dot` [~quassel@94.10.86.201] has joined #tlponies
08:34:36 <Micen|Droid> Hello.
08:42:13 -!- Runbunny [~Runbunny@91.100.28.10.generic-hostname.arrownet.dk] has joined #tlponies
08:47:12 <Runbunny> Hai.
08:47:13 <Runbunny> Dot`, 
08:47:29 <Runbunny> look at this Dot http://i.imgur.com/44LcH04.jpg
09:02:35 <Micen|Droid> hello
09:03:08 <Micen|Droid> That is pretty good. I'm saving that one
09:05:43 <Micen|Droid> I need to be up for the day in just under two hours. Do I nap or just stay up and get a red bull in the middle of the day
09:09:39 <motbob> NAP
09:10:16 <motbob> it's always better to get any sleep
09:10:31 <motbob> unless you have no faith in yourself to get out of bed
09:10:37 <Micen> I have no faith 
09:11:03 <Micen> When I sleep I crash for 9 to 12 hours.
09:11:35 <Micen> but if I nap on the couch...
09:12:05 <Micen> or since im not driving, nap in the car. 
09:12:20 <Micen> i think ill do that one.
09:16:50 -!- DoT_ [~quassel@94.10.86.201] has joined #tlponies
09:17:23 <motbob> once i napped in the car and missed a Spanish midterm
09:17:47 <motbob> i'm not sure that's a much better solution that just napping in bed
09:43:29 <DoT_> Morning all
09:48:36 <Micen> Morning Dot
09:49:39 <DoT_> <3
09:50:18 <Micen> How are you today?
09:51:07 <DoT_> tired atm
09:51:09 <DoT_> you?
09:51:19 <Micen> tired. havent been to sleep
09:51:43 <Micen> did not plan out my night as well as I should have
10:04:24 <DoT_> micen
10:04:27 <DoT_> http://imgur.com/gallery/nxfKL
10:04:30 <DoT_> now art
10:04:46 <Micen> too busy
10:04:51 <Micen> chillin out
10:04:55 <Micen> maxin'
10:04:59 <Micen> relaxin' all cool
10:12:57 <DoT_> micen, finding a silver ancestry dragonborn cleric portrait is hard
10:13:11 <DoT_> or any art of one really that isnt bad
10:17:59 <Micen> is this a request?
10:18:31 <Micen> I mean, I can certainly try, and it is just outside of my comfort zone
10:19:20 <DoT_> no , i was just lamenting my struggle
10:19:47 <DoT_> but if you want the challange i guess, go for it
10:19:47 <Micen> ill see what I can come up with
10:20:53 <DoT_> for refrance this is a silver dragon
10:20:55 <DoT_> http://brassdragon.deviantart.com/art/Silver-Dragon-with-blue-pen-96172025
10:21:16 <DoT_> offical DnD art on dragonborn is about 2 pictures
10:21:26 <DoT_> the struggle is real
10:21:38 <Micen> i know dragons. Ex-guildie from wow
10:21:39 <Micen> http://neondragon.deviantart.com/
10:21:58 <Micen> granted that was like a decade ago, but still good dragon references!
10:22:48 <DoT_> time to head down to charity store for volunteer work, where phone reception is practicly dead
10:23:15 <Micen> good luck pon.
10:26:21 -!- DoT|Phone [~Dot@85.255.234.153] has joined #tlponies
10:28:42 <Rawr|Fone> Morning
10:28:55 <Micen> Morning Raw
10:28:57 <Micen> rawr*
10:28:58 <DoT|Phone> Rawr Rawr Rawr
10:29:07 <DoT|Phone> <3
10:29:19 <Rawr|Fone> Hello micen
10:29:25 <Rawr|Fone> Dot Dot Dot
10:29:28 <Rawr|Fone> <3
10:32:43 <DoT|Phone> How's you Rawr
10:33:01 <Rawr|Fone> Pretty great dot
10:33:06 <Rawr|Fone> How are you
10:45:25 -!- reification [~reificati@cpc76294-cosh16-2-0-cust297.6-1.cable.virginm.net] has joined #tlponies
10:45:25 -!- mode/#tlponies [+v reification] by Q
10:45:44 <reification> poni
10:45:56 <Micen> Hi reif
10:46:07 <reification> hello micen!
10:46:58 <reification> not used to us ppl being here at this time :O
10:48:23 <Micen> https://www.youtube.com/watch?v=me_wXXB68B4
11:18:16 -!- DoT|Phone [~Dot@85.255.234.153] has joined #tlponies
11:20:07 -!- tredc [webchat@90-230-30-217-no56.tbcn.telia.com] has joined #tlponies
11:33:38 <DoT|Phone> pon pon
11:38:06 <Rawr|Fone> Pon pon
11:47:42 -!- Rawr|Phone [~AndChat25@host-95-195-157-77.mobileonline.telia.com] has joined #tlponies
12:12:35 <Rawr|Phone> 🐴🐴🐴
12:15:09 -!- Dot` [~quassel@94.10.86.201] has joined #tlponies
12:35:19 -!- Micen|Droid_ [~AndChat20@66.87.18.183] has joined #tlponies
12:59:45 -!- ZK [~ZealotKil@modemcable114.242-81-70.mc.videotron.ca] has joined #tlponies
12:59:45 -!- mode/#tlponies [+v ZK] by Q
13:08:41 <Rawr|Phone> Pon pon
13:25:21 <reification> sparse pon
13:25:27 <reification> .roll d20 to boop zk
13:25:33 <ZK> .roll d20 to boop reification
13:42:23 -!- DoT|Phone [~Dot@85.255.234.254] has joined #tlponies
14:02:35 -!- DoT|Phone1 [~Dot@85.255.234.254] has joined #tlponies
14:17:12 -!- DoT_ [~quassel@94.10.86.201] has joined #tlponies
14:31:13 <reification> dot http://webcomicname.com/post/158195249064
14:44:57 -!- DoT|Phone [~Dot@85.255.237.187] has joined #tlponies
14:53:58 <DoT_> pon pon
14:54:00 <DoT_> i am home
14:54:08 -!- DoT|Phone1 [~Dot@85.255.237.187] has joined #tlponies
15:04:29 <DoT_> rawr rawr rwar
15:04:31 <DoT_> reif
15:06:03 -!- Phearlock [~Phearlock@cm-84.215.228.107.getinternet.no] has joined #tlponies
15:06:04 -!- mode/#tlponies [+v Phearlock] by Q
15:06:32 <DoT_> phear pon <3
15:06:48 <Phearlock> ponpons <3
15:08:32 <Phearlock> I spent 30 mins hacking ice off my stairs
15:08:43 <Phearlock> tiny nerd arms are tired
15:09:34 <DoT_> o hdear
15:09:42 <DoT_> please put more stats in str
15:09:49 <DoT_> cr http://imgur.com/gallery/aLJ2p
15:10:58 <Phearlock> cute lizard
15:18:05 <ZK> .roll d20 to boop DoT_
15:19:45 <DoT_> .roll d20 to boop zk
15:35:39 <Phearlock> RIP NIP (in dota 2)
15:35:48 <Phearlock> killed by wild bears
15:44:07 <Dot`> its time bio was here
16:04:09 <Dot`> Phearlock, do you have the guidance cantrip?
16:06:36 <Phearlock> yes
16:07:32 <Dot`> a)good, i dont need it then
16:07:36 <Dot`> b) use it more please
16:09:00 <Rawr|Phone> Dot dot dot
16:09:02 <Phearlock> aw
16:09:12 <Dot`> Rawr
16:09:37 <Rawr|Phone> Dot
16:10:31 -!- skrma [webchat@46.228.50.218] has joined #tlponies
16:10:37 <Dot`> Jonas
16:10:43 <skrma> Bjørn
16:15:07 <reification> seiren ep 1 was promising
16:15:25 <reification> although given what phear said recently
16:15:48 <reification> it was surprising when sempai turned out to be a furry :O
16:17:04 <reification> hey skram
16:21:24 <skrma> hallo
16:21:40 <Dot`> Have you leanrt everything there is to know now skram?
16:21:51 <reification> i have started watching anime again skram, pls halp
16:23:34 <Dot`> ooo skram in trouble
16:23:40 <Dot`> Halvgud - Today at 12:59 AM
16:23:40 <Dot`> @onkel skram we need to talk
16:24:09 <skrma> repent reif
16:24:13 <skrma> is that on discord
16:24:18 <Dot`> yea skram
16:24:49 <skrma> i need to download discord i guess
16:25:02 <Dot`> you dont seem to have discord open unless for gaming with us
16:25:10 <Dot`> so i thought it best to pass it on to you
16:29:24 <skrma> this seems serious
16:29:32 <Dot`> oh my
16:29:38 <Phearlock> I hope you two aren't breaking up
16:29:41 <Phearlock> lovely couple
16:30:35 <Dot`> skram, he is driving to oslo, or was driving last night and is going to a friends birthday
16:30:51 <Dot`> so may not be around much for the next day
16:59:13 <skrma> thats not very far i think
17:06:02 -!- tredc [webchat@90-230-30-217-no56.tbcn.telia.com] has joined #tlponies
17:23:56 <Rawr|Phone> Hey horse
17:26:21 <Dot`> rawr rawr
17:26:24 <Dot`> whast up
17:26:41 <Rawr|Phone> Dot dot
17:26:45 <Rawr|Phone> Not much
17:31:28 -!- Golly [~Golly@1.92-221-121.customer.lyse.net] has joined #tlponies
17:34:09 <reification> there’s a kantoku anime running and it’s in first person! :O
17:36:07 <reification> and yeo valley started making ice cream :D
17:36:44 <Dot`> this all sounds like a good day for you reif
17:38:58 <reification> well i don’t have the ice cream yet and the anime could be bad…
17:39:15 <Dot`> so negative
17:39:37 <reification> i just don’t want to get overexcited and dissapointed
17:40:01 <reification> i do have double coated cadbury’s choc fingers tho and they’re great
17:49:00 <Dot`> \o/
17:50:46 -!- Zounds [~chatzilla@cpc108453-cowc8-2-0-cust8.14-2.cable.virginm.net] has joined #tlponies
17:50:47 -!- mode/#tlponies [+v Zounds] by Q
17:50:55 <Dot`> zounds!
17:50:59 <Zounds> dotr
17:56:13 -!- FlutterAi [~FlutterAi@adsl-98-93-42-36.owb.bellsouth.net] has joined #tlponies
17:56:23 <reification> hey zounds
17:56:43 <Zounds> hello
18:02:06 -!- Camail [~Camail@45.40.93.200] has joined #tlponies
18:02:06 -!- mode/#tlponies [+v Camail] by Q
18:07:23 <Dot`> hello camail
18:08:45 <Camail> shh
18:09:58 <Dot`> nej
18:20:24 <Dot`> skram, what you up to
18:28:28 <Zounds> skrma pon
18:40:17 -!- DoT|Phone [~Dot@94.10.86.201] has joined #tlponies
18:43:47 <DoT|Phone> please Skram. so rude
18:44:05 <DoT|Phone> How's it going Zounds
18:44:16 <Zounds> s'allright
18:55:16 <Camail> i was mad at hollow knight...now I am less mad, more impressed, but still a little mad
18:55:24 <Camail> it does a thing that is very inconvenient
18:55:33 <Camail> i respect it but....:(
18:59:27 -!- Rawr|Fone [~AndChat25@host-95-195-133-133.mobileonline.telia.com] has joined #tlponies
19:04:50 <DoT|Phone> oh dear cam
19:07:50 <Rawr|Fone> Pls dot
19:09:05 <DoT|Phone> Rawr
19:09:17 <Rawr|Fone> Dot
19:10:16 <DoT|Phone> how was you day
19:10:38 <Rawr|Fone> Very nice
19:10:53 <Rawr|Fone> How was yours
19:11:12 <Camail> fuckin phones learned to talk to each other
19:11:17 <Camail> robots takin over
19:16:50 <DoT|Phone> robits
19:21:55 <reification> laters all
19:23:26 <DoT|Phone> later Reif
19:36:28 <Bio> https://www.youtube.com/watch?v=Hy0aEj85ifY
19:36:31 <Bio> SONGUUUUUUUUUUUUUUU
19:36:34 <Bio> hello
19:36:36 <Bio> horses
19:36:37 <Bio> hi
19:36:39 <Bio> i bek
19:40:23 <Zounds> hio bio
19:42:12 <Bio> hallo zoundsy
19:43:59 <CockRoach|42> hors hors
19:43:59 <Camail> I was at a bar and that song started playing.
19:44:09 <Camail> and my brain shut down trying to figure out what was happening
19:44:27 <Camail> neurons were firing in the most unexpected ways
19:44:28 <Bio> let it happen
19:44:45 <Camail> "SOMETHING FAMILIAR IS HAPPENING SOMEWHERE"
19:45:33 <Camail> man i wish they would remake majoras mask
19:45:57 <Camail> that game needs a graphical update, the art style would looks SO much better with more polys
19:46:03 <Bio> did you see that animation I linked the other day
19:46:13 <Camail> I've seen the MM animation
19:46:21 <Camail> which is i assume the thing you are talking about
19:46:33 <Bio> yeh
20:07:44 <DoT|Phone> bio!
20:32:17 -!- Yolteotl [webchat@243.77.126.78.rev.sfr.net] has joined #tlponies
20:32:27 <Dot`> Yolt!
20:32:53 <Yolteotl> Hi pones :)
20:32:55 <Yolteotl> Dot <3
20:42:29 <Dot`> hows you
20:46:42 -!- reification [~reificati@cpc76294-cosh16-2-0-cust297.6-1.cable.virginm.net] has joined #tlponies
20:46:42 -!- mode/#tlponies [+v reification] by Q
20:49:43 <Yolteotl> I'm tired
20:50:18 <Yolteotl> but fine for almost everything else :p
20:51:07 -!- reification [~reificati@cpc76294-cosh16-2-0-cust297.6-1.cable.virginm.net] has joined #tlponies
20:51:07 -!- mode/#tlponies [+v reification] by Q
20:56:26 <Dot`> #o/
20:56:31 <Dot`> \o/
20:58:29 -!- Bio [~Bio@108-72-8-181.lightspeed.stlsmo.sbcglobal.net] has joined #tlponies
21:03:17 -!- skrma [webchat@46.228.50.218] has joined #tlponies
21:03:37 <skrma> I am sorry Dot`, I was out. Im fine D:
21:08:06 <Rawr|Fone> Jonas
21:13:12 <skrma> henrik
21:13:25 <Rawr|Fone> Hej sötnos
21:13:41 <skrma> Tjena älskling :*
21:17:42 <Bio> letters
21:17:56 <skrma> fuckin love letters bio
21:18:09 <Bio> and sideways colons!
21:18:25 <skrma> I have an entire week off during the launch of ME:A
21:18:30 <skrma> So much time for disappointment
21:18:49 <Bio> lel
21:18:52 <Bio> I don't
21:18:58 <Bio> but I'm off thursday
21:19:04 <Bio> so I did the early access thing
21:19:12 <Bio> since it came with a discount on the game
21:19:25 <Bio> saved like 5 dollerydoos
21:19:39 <Bio> EARLY ACCESS TO DISAPOINT
21:19:47 <skrma> my favorite
21:22:21 <ZK> http://imgur.com/a/MLxds
21:22:45 <ZK> nice mlp-sc2 game station, but wrong pone
21:23:38 <skrma> so judgemental
21:31:22 <Dot`> Skram you may have been dead for all i knew
21:32:13 <skrma> My boss told me it was OK to put a few beers on the hotel bill and so I did
21:36:10 <skrma> The new QI with Sandi Toksvig is pretty good actually
21:36:23 <skrma> I thought it would be awful without Stephen
21:37:34 <Dot`> i mean i like steven fry, but i dont think the show has dipped at all since he left
21:40:09 <skrma> I agree
21:52:39 -!- tredc [webchat@90-230-30-217-no56.tbcn.telia.com] has joined #tlponies
21:55:43 <reification> i am retrun from pub
21:58:49 <skrma> on a monday!
22:01:33 <reification> the day that needs it most
22:04:17 <Rawr|Fone> True
22:16:44 -!- Runbunny [~Runbunny@91.100.28.10.generic-hostname.arrownet.dk] has joined #tlponies
22:20:48 <reification> runbun!
22:22:24 <Runbunny> Hello.
22:31:50 <Dot`> Runbun
22:32:15 <Runbunny> Dot.
22:33:01 <Dot`> hows you
22:33:47 <Runbunny> tired.
22:34:16 <Runbunny> I need to eat the rest of my dinner and finish the movie I am watching then sleep.
22:34:38 <Dot`> what movie?
22:34:43 <Dot`> is it anime
22:34:44 -!- Phearlock [~Phearlock@cm-84.215.228.107.getinternet.no] has joined #tlponies
22:34:44 -!- mode/#tlponies [+v Phearlock] by Q
22:35:00 <Runbunny> It's Moana, by disney or something.
22:35:07 <Runbunny> Hai Phearlock.
22:35:39 <Runbunny> I also need to email a professor so that I can get the contact info to inquire a lab about a master thesis project.
22:35:50 <Dot`> Moana is a nice movie
22:36:20 <Runbunny> I like the pig character.
22:36:27 <Runbunny> It's cutesy.
22:36:33 <Dot`> pretty cute pig
22:36:59 <Dot`> SKRAM
22:37:04 <Dot`> why you want to be noticed?
22:37:15 <skrma> why not
22:37:32 <Runbunny> It's a anime thing Dot.
22:38:03 <Runbunny> To be noticed by senpai.
22:38:14 <Runbunny> Skram is confirmed for full anime.
22:38:42 <Bio> M I S T A K E
22:39:11 -!- Rawr|Phone [~AndChat25@host-95-195-138-39.mobileonline.telia.com] has joined #tlponies
22:45:54 <reification> he is clearly tsundere runbun
22:47:31 <skrma> you're all terrible
22:50:00 <Runbunny> That is just the way it is.
22:50:54 <Runbunny> I'm pretty upset.
22:51:15 <Runbunny> twitter changed something and now I need to make an account to see nsfw pictures.
22:55:30 <reification> twitter has been actively shitting up their site for some time now
22:59:48 <motbob> hmm
23:01:01 <motbob> hiding nsfw pictures from prying eyes is exactly the kind of move that will allow a site to offer the ability to see nsfw pictures in the future
23:01:42 <motbob> I have seen NSFW pictures on tumblr juxtaposed against ads for Starburst or whatever
23:01:59 <motbob> i tend to wonder, "Does Starburst know that this is where their ads are going"
23:09:25 -!- DoT_ [~quassel@94.10.86.201] has joined #tlponies
23:09:55 <DoT_> blarg pc crash
23:14:08 <DoT_> skrma
23:14:12 <DoT_> what you up to
23:19:35 <reification> you are conflating account creation, age gating and advertising motbob
23:20:16 <motbob> oh
23:23:50 <reification> also i strongly suspect advertisers only care about dubious content when it becomes a publicity issue
23:24:21 <skrma> im about to sleep dot
23:24:29 <DoT_> that sounds nice skram
23:26:08 <reification> you didn’t go to sleep in good time yesterday dot D:
23:26:19 <reification> i was dissapointed in you
23:26:28 <DoT_> i tried
23:26:33 <reification> i thought you had started a new leaf
23:26:43 <DoT_> reif pls
23:26:50 <DoT_> Dont be dissapoint
23:29:19 <Rawr|Phone> DoT_ DoT_ DoT_
23:29:22 <Rawr|Phone> Snela
23:29:27 <Dot`> Rawr rawr rawr
23:29:29 <Dot`> <3
23:29:36 <Rawr|Phone> <3
23:36:35 <Dot`> Runbun, you enjoying movie still?
23:38:42 <Runbunny> Yes.
23:38:47 <Runbunny> It's very nice.
23:40:39 -!- Rawr|Fone [~AndChat25@84-217-62-32.customers.ownit.se] has joined #tlponies
23:40:51 <Dot`> Rawr
23:40:56 <Dot`> have you seen moana
23:40:59 <Rawr|Fone> Dot
23:41:05 <Rawr|Fone> Yes
23:41:09 <Dot`> good
23:41:53 <Rawr|Fone> Great
23:42:06 <Dot`> it was
