00:01:43 <BioSC> i
00:01:45 <BioSC> return home
00:01:56 <Bio> I watched a movie with pop pop
00:02:28 <Dot`> what movie
00:02:35 <Bio> The Accountant
00:02:39 <Bio> was nice
00:02:56 <skram> what is it about
00:02:57 <Dot`> does he kill ppl
00:03:14 <skram> is it dubs autobiography
00:03:22 <Bio> I hope so
00:03:52 <Bio> http://www.imdb.com/title/tt2140479/
00:04:19 <Dot`> pew pew
00:04:22 <Bio> a really smart autist guy does accounting for dangerous people
00:06:59 <reification> night tlp
00:07:18 <skram> good night
00:13:32 -!- Rawr|Fone [~AndChat25@84-217-62-32.customers.ownit.se] has joined #tlponies
00:21:38 -!- DoT_ [~quassel@90.214.186.173] has joined #tlponies
00:23:26 <DoT_> gnight reif
00:30:09 -!- Dot` [~quassel@90.214.186.173] has joined #tlponies
01:08:44 <Camail> DuB`  https://www.twitch.tv/ibuypower
01:42:29 <Bio> dob
01:42:30 <Bio> dort
01:42:32 <Bio> camil
01:42:36 <Bio> rief
01:42:39 <Bio> helo
02:00:12 -!- Rawr|Fone [~AndChat25@84-217-62-32.customers.ownit.se] has joined #tlponies
02:05:04 <Camail> hihi
02:07:11 <Bio> i played kingdom again
02:07:16 <Bio> forgot about that game
02:07:18 <Bio> still fin
02:07:19 <Bio> fun
02:30:46 <Camail> ah, i saw that game played, it does look cool
02:33:12 -!- Rawr|Fone [~AndChat25@84-217-62-32.customers.ownit.se] has joined #tlponies
02:36:03 -!- DoT_ [~quassel@90.214.186.173] has joined #tlponies
02:49:34 <Bio> I think they are making a multiplayer version 
02:49:39 <Bio> could be fun
03:16:44 -!- Rawr|Fone [~AndChat25@84-217-62-32.customers.ownit.se] has joined #tlponies
03:40:45 -!- Dot` [~quassel@90.214.186.173] has joined #tlponies
05:23:08 -!- Camail_ [~Camail@45.40.84.145] has joined #tlponies
05:23:09 -!- mode/#tlponies [+v Camail_] by Q
06:56:14 -!- Phearlock [~Phearlock@cm-84.215.228.107.getinternet.no] has joined #tlponies
06:56:14 -!- mode/#tlponies [+v Phearlock] by Q
07:09:55 -!- Rawr|Phone [~AndChat25@m83-185-85-9.cust.tele2.se] has joined #tlponies
07:18:07 -!- Rawr|Fone [~AndChat25@m83-185-85-9.cust.tele2.se] has joined #tlponies
07:50:41 -!- Rawr|Phone [~AndChat25@89.255.242.40] has joined #tlponies
08:06:16 <CockRoach|42> https://imgur.com/gallery/HmtBX/comment/1167342993
08:17:34 -!- Golly [~Golly@1.92-221-121.customer.lyse.net] has joined #tlponies
08:54:53 <Phearlock> Sounds like a fanfic alright
09:05:49 <Dot`> Mornign all
09:06:36 <Phearlock> hi
09:17:54 <Dot`> https://imgur.com/gallery/rKZUE
09:46:15 <Dot`> .tell Rawr|Phone Rawr rawr rawr
09:52:33 <Dot`> time for work, later horses
09:52:34 <Dot`> <3
09:59:46 -!- skram [~skram@95.169.46.105] has joined #tlponies
10:15:26 -!- reification [~reificati@cpc76294-cosh16-2-0-cust297.6-1.cable.virginm.net] has joined #tlponies
10:15:26 -!- mode/#tlponies [+v reification] by Q
10:15:55 <reification> morning tlp
10:16:42 <reification> good news https://twitter.com/EricTopol/status/929384973437583360
10:20:43 <Rawr|Phone> Reef reef
10:20:49 <Rawr|Phone> Gooood morning
10:22:05 <reification> roar roar
11:23:40 -!- tredc [webchat@90-230-30-217-no56.tbcn.telia.com] has joined #tlponies
11:58:58 <Golly> aww ye syltelabb
12:14:20 -!- Yolteotl [webchat@243.77.126.78.rev.sfr.net] has joined #tlponies
12:14:42 <Yolteotl> hi pones
12:16:04 <reification> hello yolo 
12:16:16 <Yolteotl> hi reif !:=
12:16:27 <reification> have you decided between france and murica yet?
12:23:35 <reification> i go gym now. laters
12:30:25 <Yolteotl> D:
12:30:33 <Yolteotl> yes pon, probably murica
12:50:57 <CockRoach|42> :O
13:45:01 <CockRoach|42> .tellm Dot` Rawr|Phone | https://imgur.com/gallery/YEsis
13:48:36 <CockRoach|42> .tellm Dot` Rawr|Phone | https://imgur.com/gallery/DTh4m
13:51:09 <CockRoach|42> .tellm Dot` Rawr|Phone | https://imgur.com/gallery/nN1He
13:51:17 <CockRoach|42> so many good doggos today
14:18:53 <Rawr|Phone> <3
14:35:42 <CockRoach|42> <3
15:02:34 -!- Rawr|Fone [~AndChat25@m83-185-95-205.cust.tele2.se] has joined #tlponies
15:22:04 <reification> .tell skram https://twitter.com/fiorivani/status/929755249799319553
15:28:25 <Dot`> i am home
15:28:41 -!- Rawr|Phone [~AndChat25@84-217-62-32.customers.ownit.se] has joined #tlponies
15:29:05 <Dot`> Rawr rawr rawr
15:29:06 <Dot`> <3
15:31:23 <Rawr|Phone> Dot dot dot
15:31:25 <Rawr|Phone> <3
15:35:32 <skram> good evening mr Dot`
15:35:54 <Dot`> Jonas 
15:35:55 <Dot`> <3
15:36:07 <skram> alfas and cats reification
15:36:13 <skram> my favorites
15:36:49 <skram> how was work Dot`
15:39:26 <Dot`> boring
15:39:41 <Dot`> hows you skram
15:41:01 <skram> my head hurts and I wish I had pizza¨
15:41:05 <skram> other than that, not so bad
15:42:03 <Dot`> come to pizza and gin place in bakewell
15:42:08 <Dot`>  i will bring painkillers
15:43:07 <skram> You're a good friend, Dot`
15:45:44 -!- tredc [webchat@90-230-30-217-no56.tbcn.telia.com] has joined #tlponies
15:52:52 <Dot`> <3
16:34:01 <Bio> gud
16:34:03 <Bio> morn
16:34:08 <Dot`> pon
16:34:13 <Bio> pon.
16:40:00 <Dot`> RAWR https://imgur.com/gallery/3kA6T
16:40:16 -!- Zounds [~chatzilla@cpc108453-cowc8-2-0-cust8.14-2.cable.virginm.net] has joined #tlponies
16:40:16 -!- mode/#tlponies [+v Zounds] by Q
16:40:38 <Zounds> Hey pons
16:40:43 <Zounds> https://ponyecho.deviantart.com/art/Pinkie-Bedhead-Time-For-Breakfast-Already-599020470
16:42:05 <Dot`> Hey zounds <3
16:42:23 <Zounds> hello dot
16:48:45 <skram> good evening mr zounds
16:49:34 <Zounds> howdy skram
17:03:21 <Yolteotl> Hi again pones
17:03:48 <skram> heya yolt
17:04:05 <Yolteotl> hi skram ;)
17:19:34 <Zounds> How's the day pons?
17:23:12 <Dot`> hey yolt
17:23:19 <Dot`> you american yet yolt?
17:23:43 <Rawr|Phone> Thank you dot
17:26:49 <Yolteotl> hi dot <3
17:27:18 <Yolteotl> not yet, but there was an american at work last week, I talked with him
17:27:36 <Yolteotl> he told me there will be some positions opening soon
17:35:09 -!- Runbunny [~Runbunny@91.100.28.10.generic-hostname.arrownet.dk] has joined #tlponies
17:36:35 <Dot`> Runbun!
17:38:15 <Bio> nej
17:41:43 <CockRoach|42> calm down
17:43:45 -!- Rawr|Fone [~AndChat25@m83-185-89-160.cust.tele2.se] has joined #tlponies
17:45:02 -!- Rawr|Pone [~AndChat25@84-217-62-32.customers.ownit.se] has joined #tlponies
17:47:40 <Runbunny> Hai.
18:02:43 <Dot`> you better runbun?
18:03:18 <Runbunny> Nah
18:03:31 <Runbunny> but Dot` https://i.imgur.com/Pk0j0FC.mp4
18:03:44 <Dot`> ROLL ROLL ROLL
18:05:08 <Dot`> .tell Dub`  https://xkcd.com/1915/
18:05:26 <Runbunny> .tell Dot` https://i.imgur.com/p0VU7td.mp4
18:05:39 <Dot`> Runbun pls, i am right here
18:05:46 <Dot`> and thats a cute dog
18:08:36 <Runbunny> It deserved extra attention.
18:13:30 <Dot`> true
18:17:53 -!- DoT_ [~quassel@90.214.186.173] has joined #tlponies
18:32:58 <Bio> horse. pon.
18:40:11 <CockRoach|42> bio pon
18:46:31 -!- DoT|Phone [~Dot@90.214.186.173] has joined #tlponies
18:48:59 <DoT|Phone> pon pon
18:51:35 <DoT|Phone> Rawr
18:55:31 <Zounds> https://i.imgur.com/OGRgO2h.gifv
18:57:08 <DoT|Phone> lol
19:01:45 <DoT|Phone> what you up to Mr Zounds
19:06:19 <Zounds> Nothing too exciting dotman
19:20:00 -!- Zounds_ [~chatzilla@cpc108453-cowc8-2-0-cust8.14-2.cable.virginm.net] has joined #tlponies
19:33:01 -!- DoT|Phone1 [~Dot@90.214.186.173] has joined #tlponies
19:35:27 <DoT_> stupid phone
19:35:42 <skram> its trying its best
19:35:52 <Dot`> jonas
19:36:03 <skram> Bjørn
19:39:22 <Zounds> feel like overwatching at all tonight skram
19:39:23 <Zounds> ?
19:40:17 <skram> No time today, im going to work in a lil bit
19:41:59 <Zounds> Alrighty
20:04:14 -!- tredc [webchat@90-230-30-217-no56.tbcn.telia.com] has joined #tlponies
20:10:05 -!- Camail [~Camail@45.40.84.145] has joined #tlponies
20:10:05 -!- mode/#tlponies [+v Camail] by Q
20:33:17 <Dot`> cam
20:34:43 <Camail> dort
20:52:19 -!- Rawr|Fone [~AndChat25@m83-185-87-235.cust.tele2.se] has joined #tlponies
20:53:44 -!- Rawr|Phone [~AndChat25@84-217-62-32.customers.ownit.se] has joined #tlponies
20:58:26 <Golly> ehh https://go.twitch.tv/esportsindustryawards
20:58:35 <Golly> wonder which games are represented....
20:59:00 <Golly> so far the only game i heard mentioned was fifa
21:12:29 <Bio> asdf
21:22:43 <Bio> henlo
21:28:09 <Dot`> Bio Bio
21:29:14 <Bio> mr. dot
21:29:17 <Bio> how is ur face
21:29:18 <Dot`> <3
21:29:22 <Dot`> im good
21:29:24 <Dot`> you pon?
21:33:39 <Bio> gud
21:34:15 <Bio> short skol today
21:34:18 <Bio> is nice
22:04:24 <Golly> streaming platform of the year, lul
22:04:39 <Golly> why would think that twitch would win
22:04:44 <Golly> who*
22:10:00 <Bio> I voted for justin.tv
22:30:54 <Micen> hello
22:34:17 <Yolteotl> I started my english CV. things are moving D:
22:34:44 <Micen> is the thing that is moving sometimes called yolt?
22:35:20 <Yolteotl> slowly, but probabl
22:40:01 -!- Phearlock [~Phearlock@cm-84.215.228.107.getinternet.no] has joined #tlponies
22:40:01 -!- mode/#tlponies [+v Phearlock] by Q
22:40:13 <Phearlock> Hello pony people
22:40:20 <Micen> hi Phear
22:47:35 <Dot`> phear <3
22:52:23 -!- Camail_ [~Camail@45.40.84.145] has joined #tlponies
22:52:23 -!- mode/#tlponies [+v Camail_] by Q
22:53:45 -!- Rawr|Fone [~AndChat25@m83-185-81-38.cust.tele2.se] has joined #tlponies
23:12:33 -!- carcinisation [webchat@cpc76294-cosh16-2-0-cust297.6-1.cable.virginm.net] has joined #tlponies
23:44:21 <Dot`> whats up all
23:47:46 -!- Micen [~Micen@h67.210.18.98.dynamic.ip.windstream.net] has joined #tlponies
23:50:07 <Bio> currently my ceiling
