00:21:29 -!- Micen [~micen@h209.241.40.162.dynamic.ip.windstream.net] has joined #tlponies
00:23:04 <Camail> competitive in standard*
00:23:21 <Camail> well....vintage and legacy are kinda in limbo atm, legacy more so
00:23:38 <Camail> there are some big cards that just lost a ton of valuer cuz wotc is fucking dumb
00:23:48 <Camail> rip top
00:35:18 <reification> night all
00:50:38 <Bio> asdf
00:57:46 <Bio> lads
01:01:03 <DuB`> Bio boi
01:03:03 <Bio> hallo dob
01:04:51 <Bio> how do
01:14:26 <DuB`> Very full.
01:14:28 <DuB`> Mmmmm
01:17:25 <Camail> dun y u nerd
01:23:10 <Bio> super nerd
01:23:55 <Crisium> lets go penguins
01:24:01 <Crisium> crosby with 2 goals so far
01:34:27 <Micen> Lets go Penguins
01:34:43 <Bio> nein
01:38:36 <Bio> nevr 
02:02:15 <Micen> Sorry Bio, I cant cheer for the other game at all. 
02:02:33 <Micen> Purely on principal mind you. 
02:13:06 <Camail> https://www.twitch.tv/geekandsundry
02:13:10 <Camail> get in, time skip
02:13:18 <Camail> if you ever wanted to start, do it here
02:13:25 <Micen> i am
02:13:39 <Camail> DuB`  yo
02:13:41 <Camail> watch it
02:13:43 <DuB`> Oooh
02:14:06 <Micen> Do it
02:20:30 <Bio> just tuned in
02:20:33 <Micen> ...
02:20:35 <Bio> they pulled from the deck of many things
02:20:37 <Bio> ez
02:21:07 <Camail> AHAHAHAHA
02:21:12 <Camail> grog fucking REALLY
02:21:18 <Micen> and some npc got a wish card
02:21:23 <Micen> this is amazing
02:21:50 <Crisium> pens
02:32:17 <Bio> i understand micen. If it were opposite, Id be the same
02:33:52 <Bio> https://mobile.twitter.com/StLouisBlues/status/818176032100339712/video/1
02:33:57 <Bio> backup goalies man
02:34:02 <Bio> well, goalies in general
02:43:18 <Bio> Camail TPK WHEN?
02:43:34 <Camail> never
02:44:38 <Crisium> Bio any backup goalie today put into hockey in the pre-roy era would be the greatest goalie of all time
02:44:50 <Crisium> goalies so trash back in the day
02:45:05 <Bio> yeh
02:45:18 <Bio> and also even further back, they were batshit insane
02:45:23 <Bio> >no masks
03:44:39 -!- Dot` [~quassel@94.13.115.194] has joined #tlponies
04:17:16 <Bio> beach ep
04:17:40 <Bio> shenanagans
04:32:48 <DuB`> Such fun.
05:01:11 <DuB`> AWKWARD FAMILY MATTERS
05:01:12 <DuB`> Weeeeeeee
05:01:35 <Micen|droid> This is great
05:02:05 <Micen|droid> Such a good episode to start with. I'll have to share it with my brother.
05:03:07 <Micen|droid> Tell me JB isnt Garth from Wayne's World
05:42:14 -!- Phearlock [~Phearlock@cm-84.215.228.107.getinternet.no] has joined #tlponies
05:42:14 -!- mode/#tlponies [+v Phearlock] by Q
06:04:09 <Micen|droid> .tell Micen Crit role fanart tommrow
07:32:13 <Dot`> mornig all
07:33:35 <Phearlock> hey
07:45:02 <CockRoac1|42> morning horses
07:55:59 <Dot`> hey cr, phear  <3
08:00:13 <CockRoac1|42> <3
08:11:09 -!- DoT|Phone [~Dot@85.255.234.40] has joined #tlponies
08:11:36 <DoT|Phone> pon pon
08:11:44 <DoT|Phone> Rawr Rawr Rawr
08:11:54 <Micen|droid> Good morning
08:12:21 <DoT|Phone> your not Rawr
08:12:25 <DoT|Phone> hi Micen
08:12:56 <Micen|droid> You said words that triggered my notifications and scared me
08:20:53 -!- DoT|Phone [~Dot@85.255.234.40] has joined #tlponies
08:25:11 <DoT|Phone> how's all
08:31:40 -!- Camail_ [~Camail@45.40.93.200] has joined #tlponies
08:31:41 -!- mode/#tlponies [+v Camail_] by Q
08:31:55 <DoT|Phone> no
08:34:40 <Micen|droid> I am okay DoT|Phone how are you? 
08:37:16 <DoT|Phone> it's ok. had to leave the house today and go all the way to chesterfeild
08:38:29 <DoT|Phone> I've been out the house almost everyday this week
08:41:02 <CockRoac1|42> such a good hors
08:43:36 <DoT|Phone> I wouldn't mind if I was getting paid for the things I'm doing
08:43:38 <DoT|Phone> but no
08:53:06 -!- skram [~skram@ip-65-146-106-77.eidsiva.net] has joined #tlponies
08:53:18 <DoT|Phone> Skram!
08:54:57 <skram> Hey Dot`!
08:55:01 <skram> Whatcha up to!
08:55:23 <DoT|Phone> on bus
08:55:32 <DoT|Phone> you?
08:56:14 <skram> I just woke up
08:56:20 <skram> Where you bussing to?
08:56:34 <DoT|Phone> chesterfeild
08:56:40 <DoT|Phone> boring
08:56:56 <skram> ooh
08:57:00 <skram> are you going there to get a sofa
08:57:27 <DoT|Phone> no. job hunting stuff
08:57:34 <skram> ah
08:57:36 <skram> best of luck
09:05:13 <DoT|Phone> well this is weird
09:05:39 <DoT|Phone> none of the other job search people are here
09:05:47 <DoT|Phone> just the ppl that work here
09:05:56 <skram> MAybe they decided to give all of them to you
09:10:36 <DoT|Phone> what's your plan today Skram
09:28:39 <skram> Im gonna be lazy all day I think
09:48:40 <DoT|Phone> Apparently today was cancelled
09:48:48 <DoT|Phone> no one told me
09:50:31 <skram> :/
09:52:54 <DoT|Phone> woohoo bus rides...
10:11:55 -!- reification [~reificati@cpc76294-cosh16-2-0-cust297.6-1.cable.virginm.net] has joined #tlponies
10:11:55 -!- mode/#tlponies [+v reification] by Q
10:13:14 <DoT|Phone> hi Reif
10:15:45 -!- Golly [~Golly@1.92-221-121.customer.lyse.net] has joined #tlponies
10:21:48 <Rawr|Phone> Horse
10:21:52 -!- tredc [webchat@90-230-30-217-no56.tbcn.telia.com] has joined #tlponies
10:21:53 <Rawr|Phone> 🐴🐴🐴
10:23:37 <DoT|Phone> Rawr horse
10:25:00 <Rawr|Phone> Dot Dot Dot
10:25:15 <Rawr|Phone> ❤❤❤
10:26:30 <DoT|Phone> <3
10:33:08 <DoT|Phone> how's you today Rawr
10:33:46 <Rawr|Phone> Very good, about to go play some table tennis
10:34:11 <DoT|Phone> good
10:34:56 -!- Rawr|Fone [~AndChat25@host-95-195-146-28.mobileonline.telia.com] has joined #tlponies
10:34:58 <Rawr|Fone> How are you dot
10:35:03 <DoT|Phone> I'm ok
10:51:33 -!- DoT|Phone [~Dot@85.255.234.40] has joined #tlponies
10:56:46 <Dot`> I am home
11:04:59 -!- Westy543 [Westy543@c-73-189-129-4.hsd1.ca.comcast.net] has joined #tlponies
11:04:59 -!- mode/#tlponies [+v Westy543] by Q
11:15:19 <reification> wb dotties
11:15:25 <reification> i am actually here now
11:18:58 <Dot`> thast good
11:19:00 <Dot`> hows you
11:20:06 <reification> i may have stayed up too late dot
11:20:43 <reification> there was silly poker tourney then high level mercy stream
11:21:53 <Dot`> MERCY
11:23:56 <CockRoac1|42> are you GM reif?
11:24:20 <reification> …Gold Maybe
11:28:29 <CockRoac1|42> :|
11:28:30 <Micen|droid> Pls reif. Give yourself credit
11:28:45 <CockRoac1|42> pls reif. become GM
11:28:49 <Micen|droid> With a good days push I am gold. You are better than mr
11:28:50 <Micen|droid> Me
11:29:22 <Micen|droid> I believe in you
11:30:55 <reification> well my main acc is high silver/low gold and for some reason my alt is mid gold…
11:37:48 <CockRoac1|42> you're better at smurfing than proper gaming
11:42:01 <Dot`> smurf harder
11:55:25 -!- Zounds [~chatzilla@cpc108453-cowc8-2-0-cust8.14-2.cable.virginm.net] has joined #tlponies
11:55:25 -!- mode/#tlponies [+v Zounds] by Q
11:55:36 <Dot`> Zounds!
11:55:43 <Zounds> hi guys
11:57:42 <reification> hi zounds
11:57:50 <Zounds> m'reif
12:18:39 <Dot`> hows zounds today
12:18:45 <Zounds> not bad
12:37:08 <Dot`> Rwr http://imgur.com/gallery/2ORMc
12:42:32 <Rawr|Fone> Dt
12:54:18 <Dot`> rawr rawr
12:54:25 <Dot`> .tell crisium http://imgur.com/gallery/ROZTkyc
12:55:06 <Rawr|Fone> Dot dot
13:28:31 <Dot`> yes
13:28:33 <Dot`> that is me
13:30:02 <Dot`> skram, where is the crowbar in our DnD game
13:30:06 <Dot`> im sure i bought one
13:30:28 <Dot`> why are we lock picking chests...
13:49:59 <Dot`> walk time
14:08:30 -!- Yolteotl [webchat@243.77.126.78.rev.sfr.net] has joined #tlponies
14:08:38 <Yolteotl> hi pones :)
14:08:40 <Yolteotl> Dot <3
14:25:10 <Yolteotl> no pones here D:
14:25:19 <Yolteotl> you all ded?
14:27:56 <Yolteotl> https://www.youtube.com/watch?v=FW2YLkZLN1w
14:31:12 <reification> i am here yolo <3
14:31:29 <Yolteotl> =D
14:31:36 <reification> how is fancy pon?
14:34:55 <Yolteotl> today fine, I'm a bit unstable lately but it happens when you have feeling xd
14:35:14 <Yolteotl> then I watched La la land and there were so many pon feels in it :O
14:41:07 <Yolteotl> you should watcht it <3
14:41:37 <reification> i have too much to watch/read already… :/
14:42:29 <Yolteotl> but its like ponies
14:43:07 <Yolteotl> with humans in it
14:46:26 <Zounds> What's the point without the hooves
14:47:30 <Yolteotl> feels ! 
14:47:31 <Yolteotl> and joy !*
14:47:37 <Yolteotl> and Emma stone :DDD
15:15:11 <Dot`> i back
15:16:04 <Dot`> yolt, we have ponies with humans in it, its called eqg, see how that turned out
15:45:17 <Zounds> Not that bad actually really
15:45:23 <Zounds> Though the characters look weird as hell
15:56:22 <skram> They're 70% legs
15:56:27 <skram> which is so weird
16:11:48 <Zounds> yes I think it was to rip-off similar girls tv shows
16:13:41 <Dot`> Jonas
16:22:37 <skram> Bjørn
16:25:59 <Dot`> How has your day turned out
16:30:36 <skram> good enough dot
16:32:10 <Zounds> wanna play some ow later skram?
16:32:41 <Zounds> maybe with dub if hes up for it too
16:32:43 <skram> aye i gotta go outside for a bit but ill be back tonight
16:33:23 <Zounds> tonight is good
16:41:28 <CockRoac1|42> https://www.youtube.com/watch?v=fmdW8pk79iM
16:48:15 -!- DoT|Phone [~Dot@94.13.115.194] has joined #tlponies
17:06:28 -!- ZK [~ZK@modemcable189.130-83-70.mc.videotron.ca] has joined #tlponies
17:09:41 <ZK> hullo
17:09:47 <ZK> .roll d20 to boop Dot`
17:12:47 -!- carcinisation [webchat@cpc76294-cosh16-2-0-cust297.6-1.cable.virginm.net] has joined #tlponies
17:19:17 -!- DuB` [DuB@66-219-212-114.dynamic.ip.veracitynetworks.com] has joined #tlponies
17:19:20 <DuB`> Henlo
17:20:08 <ZK> .roll d20 to boop Dot`
17:20:13 <ZK> .roll d20 to boop DuB`
17:20:15 <ZK> hi dub
17:20:21 <DuB`> Did gym workout for the first time in 8 months, went for a run, got a haircut.
17:20:24 <DuB`> Productive!
17:20:44 <ZK> are you done with school?
17:21:00 <DuB`> YAH
17:23:15 <ZK> is it nice?
17:23:23 <DuB`> The
17:23:23 <DuB`> Very
17:23:24 <DuB`> Best
17:23:25 <ZK> now you start career?
17:23:27 <ZK> and get money?
17:23:29 <ZK> and import Dot`?
17:23:37 <DuB`> Naw, just free for summer until masters program. :P
17:23:41 <DuB`> Still got two more yeeears.
17:23:49 <ZK> so in two years you import Dot`?
17:23:54 <DuB`> Yas.
17:24:16 <DuB`> Dot has my address now, so he can just mail himself right over.
17:24:31 <ZK> he lacks money tho
17:25:40 <DuB`> He is quite smol, so it shouldn't cost too much. :P
17:25:49 <DoT|Phone> .roll d20 to boop zk
17:25:55 <ZK> its Dot`!
17:26:01 <ZK> how ya doin?
17:26:08 <DoT|Phone> dub. even a little money is a lot when your poor
17:26:16 <DuB`> :T
17:27:59 <DoT|Phone> I'm doing ok zk
17:28:01 <DoT|Phone> you?
17:28:54 <ZK> im good
17:28:58 <ZK> submitted my report
17:29:03 <ZK> so now no more work
17:29:19 <DoT|Phone> till work
17:30:20 <ZK> that would mean looking for one
17:30:25 <ZK> im gonna wait for dub to get one first
17:30:34 <DoT|Phone> hurry up dub
17:30:39 <DuB`> Nah
17:30:52 <ZK> ok then me neither
17:37:03 -!- tredc [webchat@90-230-30-217-no56.tbcn.telia.com] has joined #tlponies
17:41:10 <DoT|Phone> dub. how is book
17:41:16 <DuB`> Gewd
17:41:24 <DuB`> Worm taught me to love dark urban fantasy. :)
17:41:41 <ZK> what book
17:44:31 <DuB`> Sixty-One Nail
17:44:33 <DuB`> Nails
17:46:14 <DoT|Phone> dub. when do I get author signed Sanderson books
17:46:23 <DuB`> !
17:46:29 <DuB`> My stormlight books are signed.
17:46:31 <DuB`> :D
17:46:35 <DoT|Phone> so lucky
17:48:01 <Bio> good afternoon internet based frinds
17:48:17 <Bio> one more exam
17:48:23 <Bio> couple more labs to finish
17:48:28 <Bio> THEN RIGHT INTO SUMMER LOL
17:49:10 <DoT|Phone> but first more battleground
17:49:26 <Bio> MOAR
17:49:34 <Bio> I NEED CHICKEN DINNER
17:54:23 <Bio> i'm getting dorffort vids in my utube recommended vids
17:54:30 <Bio> IT CALLS ME BACK
18:20:26 <Bio> DuB`
18:20:27 <Bio> pls
18:20:32 <DuB`> Bio 
18:20:32 <DuB`> wat
18:21:03 <DuB`> D3 necromancer is so great
18:21:10 <Bio> giv
18:21:32 <Bio> giv nao
18:34:18 * Bio pokes Dot`
18:41:15 <Dot`> oi
18:43:59 <Dot`> what you want Bio
18:44:06 <Bio> hi
18:44:09 <Bio> =D
18:44:27 <Dot`> Hello
18:48:54 <Rawr|Fone> .tell bio 🐴🐴🐴
18:54:55 <Dot`> .tell runbunny http://imgur.com/gallery/5upd1yO
18:59:23 <ZK> .choose sc2 witcher bw
18:59:26 <ZK> okie
19:00:09 <Dot`> enjoy
19:02:20 <ZK> damn its been a while
19:02:21 <ZK> woo
19:02:30 <ZK> so pretty
19:12:54 <ZK> oh man, im really bad at this
19:33:27 <Dot`> do you recall what you where even doing?
19:35:43 <ZK> im in some sort of cave
19:35:59 <ZK> i think im looking fro trist
19:36:46 <ZK> i got me some mods
19:36:47 <ZK> its nice
19:40:13 <ZK> im in bathhouse
19:42:56 <Dot`> lewd
19:49:36 <ZK> oh cool its triss
20:03:22 <Bio> asdf
20:03:30 <Bio> bw hd when
20:20:48 <Zounds> sometime soonish
20:20:53 <Zounds> you can dl BW for free right now though
20:22:02 <Rawr|Fone> But the matchmaking is the important part
20:22:32 <Dot`> Bio, you joining chicken dinner starvation?
20:25:43 <carcinisation> any hors play this heroes of the storm thingy?
20:28:21 <Dot`> https://www.twitch.tv/gauntletsc2
20:31:13 <reification> it doesn’t start for 30 mins dot D:
20:31:45 <reification> or right now as some would have it :p
20:34:38 <Dot`> reif pls
20:44:19 <Rawr|Fone> Just now
20:44:34 <Dot`> yes
20:54:03 <Rawr|Fone> How was your day today dot
21:00:15 <ZK> ive been playin scbw ums games
21:00:16 <ZK> is fun
21:00:20 <ZK> had forgotten
21:02:53 -!- Rawr|Phone [~AndChat25@84-217-62-32.customers.ownit.se] has joined #tlponies
21:18:57 <Dot`> my day has been ok rawr
21:19:45 <Rawr|Phone> Good
21:21:22 <CockRoac1|42> have you ping ponged today, rawr?
21:21:38 <Rawr|Phone> Yes
21:21:47 <Rawr|Phone> Tournament tomorrow
21:21:52 <CockRoac1|42> are you the best?
21:23:38 <Rawr|Phone> Hopefully
21:23:45 <CockRoac1|42> good hors!
21:33:10 <ZK> yay nony
21:40:46 <ZK> awww nony
21:43:00 * skram slaps Zounds around a bit with a large trout
21:43:10 <skram> m'zoonds
21:44:27 <Zounds> sup
21:44:40 <ZK> so, wcs they talkin about how bad NA is
21:44:42 <ZK> its nice
21:45:05 <Zounds> skram
21:45:26 <skram> I wanted to ask you if you wanna OW but there's a patch and that might take a bit considering I have awful internet :|
21:46:01 <Zounds> I don't even remember a patch :o
21:47:19 <Dot`> BIO PLS
21:47:35 <skram> ~400 mb
21:48:01 <skram> thats like an hour or something
21:51:02 <Zounds> ouch
21:51:07 <Zounds> that's like 4 seconds here in civilisation
22:21:08 -!- Crisium [webchat@dhcp-pa-67-20-236-51.consolidated.net] has joined #tlponies
22:21:12 -!- carcinisation [webchat@cpc76294-cosh16-2-0-cust297.6-1.cable.virginm.net] has joined #tlponies
22:22:04 <Crisium> pon
22:24:17 <ZK> hi crisi
22:24:38 <Crisium> ZK no one like the sens? http://www.tsn.ca/there-s-no-playoff-fever-in-ottawa-only-sens-malaise-1.737420
22:24:49 <ZK> obv not
22:24:52 <ZK> sens are the worst
22:24:59 <ZK> i despise them the most
22:25:33 <Crisium> so you on the mcjesus train now?
22:25:41 <Crisium> or does montreal not care anymore :P
22:25:53 <ZK> preds
22:25:55 <ZK> pk train
22:25:57 <Crisium> subban lol
22:26:11 <Dot`> cris pon
22:26:16 <ZK> but yea, either edm or nsh
22:26:16 <Crisium> hi dote
22:27:01 <ZK> oh wut, theres gonna be another narnia movie
22:40:17 <Zounds> https://www.youtube.com/watch?v=F1AjFk75D0A
22:41:11 <Zounds> Didn't know heroes of the storm had revamped a lot of the sc1 terran music
22:45:25 <Zounds> doesn't beat the real thing though
22:46:42 -!- DoT|Phone [~Dot@94.13.115.194] has joined #tlponies
22:57:34 <Dot`> pon pon
22:59:00 <CockRoac1|42> hors pon
23:00:25 <ZK> man, bw ums is the best
23:03:50 <Crisium> it is something alright
23:37:16 <Dot`> blarg
23:37:28 <Dot`> that was an aweful few hours of battlegrounds
23:37:36 <Dot`> just cant play well today
23:37:48 <Dot`> plus random server lag/desync
23:43:49 <Dot`> .tell runbunny http://imgur.com/gallery/BcXir
23:43:53 <Dot`> dub dub
23:43:56 <Dot`> what do
23:45:18 <DuB`> NA OW with mouzen 'n cris.
23:46:00 <Dot`> nice
