00:44:40 <Dot`> pon pon
00:45:55 <DuB`> nop nop
00:45:58 <DuB`> I dunno wat do
00:46:05 <DuB`> No homework for tomorrow!
00:51:28 <Dot`> play stalker, read book
00:55:41 <Dot`> or come help me deal with this spider
00:55:50 <Dot`> its large and just ran under my bed
00:58:01 <DuB`> Oh no
01:25:23 <Dot`> lol, its his hand now
01:25:36 <DuB`> JUST BUSINESS, BOYS
01:26:23 <Crisium> pon
01:29:22 <Dot`> well thast watched then
01:29:29 <Dot`> now about this large spider uner my bed
01:29:39 <DuB`> https://www.youtube.com/watch?v=F2Jiq1DR294
01:29:43 <DuB`> Feat. Geoff
01:30:31 <Dot`> lore wise warhammer 40k is by far my favourite, rules and gameplay i prefer WH fantasy
01:30:38 <Dot`> 8th edition
01:30:46 <Dot`> Age of sigmar is an abomonation
01:32:15 <Dot`> Crisium: https://draggincat.deviantart.com/art/Shirtless-Mario-in-Equestria-After-Losing-a-Bet-708693087
01:32:34 <Crisium> wut
01:32:39 <Dot`> haha
01:40:44 <Crisium> Dot` http://synkling.tumblr.com/post/166136017223
01:42:49 <Dot`> lol
01:42:51 <Dot`> Dub` https://imgur.com/gallery/l3FPQ
01:43:55 <DuB`> yae
01:46:18 <Dot`> https://imgur.com/gallery/aTy7a  what a show this was
01:59:41 <Dot`> so the spider has won, im going to sleep in the lounge
01:59:58 <Dot`> it can have my room
02:00:07 <DuB`> !!
02:00:50 <Dot`> its not coming out from under my bed
02:00:56 <Dot`> so i cant sleep there
02:01:09 <BioSC> pls
02:01:14 <Bio> greetings horses
02:01:19 <Dot`> Bio pon
02:01:38 <Crisium> what is bio
02:01:49 <Dot`> nerd horse
02:02:53 -!- DoT|Phone [~Dot@94.2.102.186] has joined #tlponies
02:03:17 <Crisium> dot go to sleep
02:03:39 <DoT|Phone> I'm trying
02:03:42 <DoT|Phone> but spider
02:03:53 <Crisium> fight it
02:04:07 <Crisium> get a vacuum cleaner
02:04:21 <DoT|Phone> it's under my bed hiding
02:04:31 <Bio> be like grog dot
02:04:36 <Bio> no fear
02:04:41 <Crisium> the spider fucked up
02:04:45 <Crisium> it showed itself to you
02:04:48 <Crisium> make it die
02:05:00 <DoT|Phone> shame. I don't want to kill it
02:05:13 <DoT|Phone> I just want to get out out my room
02:07:11 <DuB`> https://twitter.com/starwars/status/917570021018046465
02:07:13 <DuB`> o
02:07:13 <DuB`> boi
02:08:30 <Bio> I watched CR 114 too
02:08:33 <DuB`> STURWURS
02:08:34 <Bio> excellent
02:09:28 <Camail> DoT u done yet
02:10:45 <DoT|Phone> I said I was
02:19:17 <DoT|Phone> sleep soon
02:33:14 <Bio> but is it thursday yet
02:40:07 <DoT|Phone> gnight all
02:48:30 <Bio> nnnnnnnnn
04:25:27 -!- Golly [~Golly@1.92-221-121.customer.lyse.net] has joined #tlponies
05:38:00 -!- Rawr|Fone [~AndChat25@m83-185-95-213.cust.tele2.se] has joined #tlponies
05:38:58 <Rawr|Fone> Horse!
05:40:08 <CockRoach|42> ponny!
05:40:21 <Rawr|Fone> Havremoppe!
06:15:12 -!- Camail [~Camail@45.40.84.145] has joined #tlponies
06:15:12 -!- mode/#tlponies [+v Camail] by Q
06:15:36 <Camail> .tell dot` man... matt coleville's video brought up all the feels again https://www.youtube.com/watch?v=Nz8EoyXTHV8
06:27:08 -!- DoT|Phone [~Dot@94.2.102.186] has joined #tlponies
07:14:00 -!- Rawr|Phone [~AndChat25@89.255.242.40] has joined #tlponies
08:17:05 <Rawr|Phone> 🐴🐴🐴
08:22:56 -!- skram [~skram@ip-231-146-106-77.eidsiva.net] has joined #tlponies
08:45:31 <Rawr|Phone> Jonas
08:45:47 <skram> Henrik
08:45:58 <skram> Kjære snille Henrik
08:46:20 <Rawr|Phone> Min älskade jonas
08:46:26 <Rawr|Phone> Hur står det till
08:47:08 <skram> jättebra
08:47:31 <skram> how are you
08:48:06 <Rawr|Phone> Very good!
08:48:21 <Rawr|Phone> Work is more fun than school
08:48:38 <skram> truth
09:02:12 -!- BioSC [~BioPon@108-72-8-181.lightspeed.stlsmo.sbcglobal.net] has joined #tlponies
09:11:20 -!- BioSC [~BioPon@108-72-8-181.lightspeed.stlsmo.sbcglobal.net] has joined #tlponies
10:06:57 <Rawr|Phone> Beep beep
10:10:30 -!- reification [~reificati@cpc76294-cosh16-2-0-cust297.6-1.cable.virginm.net] has joined #tlponies
10:10:30 -!- mode/#tlponies [+v reification] by Q
10:10:44 <reification> morning tlpones
10:11:02 <reification> i found this unreasonably funny https://twitter.com/RedbirdMenace/status/917404920218836993
10:14:08 <Rawr|Phone> Hallo reef reef
10:20:07 <reification> roar roar
10:20:12 <reification> .tell zk https://pbs.twimg.com/media/DLugUrSVwAAkOMH.jpg:large
10:22:19 -!- tredc [webchat@90-230-30-217-no56.tbcn.telia.com] has joined #tlponies
10:23:00 <reification> https://twitter.com/lynnyneal/status/917488359118839808
10:23:49 <Dot`> Mornign all
10:23:51 <reification> national trolling china vs aussies edition: https://twitter.com/globaltimesnews/status/917313715342426112 vs https://www.thechronicle.com.au/news/no-helmet-no-run-sign-creates-confusion/3136914/
10:23:59 <reification> morning dotties <3
10:28:57 <Dot`> <3
10:31:59 <Dot`> https://xkcd.com/1900
10:36:13 <skram> Good morning reif, good morning bjørn
10:39:01 <reification> hei skram
10:39:22 <reification> i go to lift things now
10:39:33 <skram> remember to put them down again
10:39:35 <Dot`> hedge skram
10:39:48 <reification> lets hope i have recovered enough from yesterday
10:40:07 <skram> haha
10:40:19 <skram> did you have a few too many at the pub yesterday
10:40:28 <reification> they will go down skram, the idea is that it is in a controlled fashion
10:40:37 <skram> oh i see
10:41:19 <reification> i didn’t overdrink skram but technically i’m not supposed to have any after blood donation…
10:41:29 <skram> hahah
10:42:03 <skram> your tolerance changes a bit when you remove half a liter of blood or however much they take
11:23:27 <Dot`> jonas
11:23:30 <Dot`> what you doing
11:34:44 -!- Bio [~BioPon@108-72-8-181.lightspeed.stlsmo.sbcglobal.net] has joined #tlponies
11:35:04 <Dot`> BIO?
11:37:31 -!- Golly [~Golly@1.92-221-121.customer.lyse.net] has joined #tlponies
11:48:04 <skram> BJØRN
11:48:10 <skram> Im doing Dragon Age again
11:51:20 <CockRoach|42> pls be the best dragon age!
11:51:41 <skram> Im the best dwarf in all of Thedas
11:51:52 <CockRoach|42> good boy!
12:18:15 -!- BioSC [~BioPon@108-72-8-181.lightspeed.stlsmo.sbcglobal.net] has joined #tlponies
12:18:26 <Dot`> skram, are you saving all the peasants
12:18:52 <Dot`> or are you burninating the countryside
12:19:14 <skram> Im saving all the peasants and herding all the lost goats
12:19:18 <skram> I even saved a bear
12:19:25 <Dot`> woohoo!
12:19:27 <reification> .tell bio https://twitter.com/itanimeirl/status/917507888574164992
12:19:32 <Dot`> i like bears skram
12:19:57 <reification> we know from dnd that saving bears is important and should be done at every opportunity
12:20:17 <skram> exactly
12:35:19 -!- Bio [~BioPon@108-72-8-181.lightspeed.stlsmo.sbcglobal.net] has joined #tlponies
12:45:33 -!- BioSC [~BioPon@108-72-8-181.lightspeed.stlsmo.sbcglobal.net] has joined #tlponies
12:46:10 <Dot`> skram, i dont like having a large spider under my bed
12:46:56 <skram> set your bed on fire
13:11:23 <CockRoach|42> are you afraid that the spider will take you away and raise you as its own, dot?
13:14:07 <Dot`> thats one concern
13:19:47 -!- Bio [~BioPon@108-72-8-181.lightspeed.stlsmo.sbcglobal.net] has joined #tlponies
13:22:55 <reification> have you played brothers - a tale of two sons skram?
13:23:08 <skram> i have not, reif
13:23:22 <reification> dot has and you should
13:24:33 <skram> tell me about it reif
13:24:55 <reification> should be a review on my steam profile
13:25:23 <reification> wait for sale cause it should be available for a couple of dollars
13:26:15 <Dot`> its nice game
13:27:08 <reification> note that despite what it says you do not need a controller to play it
14:11:55 -!- Bio [~BioPon@108-72-8-181.lightspeed.stlsmo.sbcglobal.net] has joined #tlponies
14:12:31 <reification> .tell wikt https://twitter.com/___dimsum/status/917446109189906435
14:13:05 <Dot`> lol
14:13:43 <reification> i have been warned never to try learning polish
14:25:55 -!- Rawr|Fone [~AndChat25@m83-185-80-187.cust.tele2.se] has joined #tlponies
14:30:25 -!- Rawr|Phone [~AndChat25@m83-185-80-187.cust.tele2.se] has joined #tlponies
14:30:25 <reification> z32o streaming hat in time https://www.twitch.tv/z32o
14:36:31 <Dot`> .tell runbunny https://imgur.com/gallery/E2teG
14:36:35 <Dot`> look skram
14:36:59 <skram> found my next dnd character
14:42:17 <reification> but phear is already our cat
14:46:02 <Dot`> should have been a tabaxi
14:46:08 <Dot`> and then druid form into a cat
14:46:13 <Dot`> thats like double cat
14:46:46 -!- Bio [~BioPon@108-72-8-181.lightspeed.stlsmo.sbcglobal.net] has joined #tlponies
15:02:08 -!- BioSC [~BioPon@108-72-8-181.lightspeed.stlsmo.sbcglobal.net] has joined #tlponies
15:10:36 <reification> .tell zk https://pbs.twimg.com/media/DLpO_t5W4AAdMHP.jpg
15:14:58 <reification> .tell bio i’m sorry murica is over now, they found the one weak point https://pbs.twimg.com/media/DLuzBqrUQAE7xEq.jpg
15:18:57 <Dot`> RIP free speech
15:30:26 <skram> for mother russia
15:30:47 <skram> i ate a fish, Dot`
15:31:08 -!- DoT|Phone [~Dot@94.2.102.186] has joined #tlponies
15:33:32 <motbob> AHHH MOTHERLAND
15:34:04 <skram> wtf m8
15:43:15 <DoT|Phone> what you want Skram
15:43:40 <skram> to fire ze missiles
15:45:46 <DoT|Phone> no missiles in Dragon age
15:46:01 <skram> wat about magic missiles
15:50:09 <DoT|Phone> You don't fire those. You caste them
15:50:52 -!- BioPhone [~androirc@client112-6.wifi.siue.edu] has joined #tlponies
15:51:02 <BioPhone> Hoerz
15:51:44 <BioPhone> Hello
15:52:07 <skram> oh boi
15:52:17 <skram> a real bio
15:52:19 <skram> my favorite
15:52:42 <DoT|Phone> huzzah! a.bio
15:55:16 -!- carcinisation [webchat@cpc76294-cosh16-2-0-cust297.6-1.cable.virginm.net] has joined #tlponies
15:59:47 <BioPhone> Save me from this skol
16:00:10 <skram> ill come pick you up
16:00:16 <skram> we can go out for TACOS
16:00:18 <BioPhone> Thx
16:12:02 -!- DuB` [~DuB@66-219-235-64.dynamic.ip.veracitynetworks.com] has joined #tlponies
16:12:08 <DuB`> Ohayou
16:12:16 <skram> yes hello
16:12:22 <DoT|Phone> oh boy
16:14:33 -!- BioHorse [~BioPon@108-72-8-181.lightspeed.stlsmo.sbcglobal.net] has joined #tlponies
16:15:27 <BioPhone> Computer at home is kill
16:15:33 <skram> rip
16:15:59 <DuB`> AGIN??
16:19:05 <BioPhone> Keeps resetting my irc
16:19:11 <BioPhone> Rip
16:20:18 <BioPhone> See
16:32:20 <BioPhone> How horses
16:39:39 <DuB`> Sleepy horses
16:40:03 -!- BioHorse [~BioPon@108-72-8-181.lightspeed.stlsmo.sbcglobal.net] has joined #tlponies
16:50:38 -!- Bio [~BioPon@108-72-8-181.lightspeed.stlsmo.sbcglobal.net] has joined #tlponies
16:51:02 <DuB`> No have food D:
16:51:03 <DuB`> Hmm
16:52:28 <carcinisation> pls no starve dub
16:52:59 <skram> maybe you should acquire some food
16:53:14 <DuB`> Ye
16:53:28 <DuB`> Gonna head to campus early and get something before class.
16:54:12 <skram> get some pig liver DuB`
16:54:15 <skram> its good for you
16:55:52 <DuB`> Ew
16:58:31 <skram> its got like iron and things in it
16:58:33 <skram> very healthy
17:00:57 <DuB`> I do not eat METAL.
17:01:47 <skram> Maybe you should
17:05:16 <DuB`> .choose tacobell subway
17:05:19 <DuB`> Ehehe
17:05:29 <skram> tacos for breakfast
17:05:30 <skram> how decadent
17:05:34 <DuB`> Ye
17:05:46 <DuB`> Except it'll be noon, so only sorta breakfast.
17:06:20 <DoT|Phone> dub dub
17:06:26 <DuB`> https://twitter.com/zombsOW/status/917794800702775296
17:06:28 <DuB`> dot dot
17:06:49 <DoT|Phone> How's you
17:08:16 <DuB`> Pretty gewd
17:08:17 <DuB`> You?
17:08:32 <DoT|Phone> a bit sleepy
17:12:21 <DuB`> You should accidentaly fall alseep at your desk for 15 minutes.
17:12:24 <DuB`> Always helps me! :P
17:13:08 <DoT|Phone> I just napped for like 30 minutes. just left me more sleepy
17:13:27 <skram> you napped to long
17:13:29 <skram> you overdid it
17:13:31 <DuB`> Tsk tsk
17:13:33 <DoT|Phone> Yes
17:13:35 <skram> now you're gonna be sleepy forever
17:13:39 <DuB`> rip
17:13:48 <DoT|Phone> basically dead
17:16:33 <DuB`> Dot!
17:16:59 <DuB`> I got a mission to go kill a master stalker and he had a silenced enfield and it's OP but I have no ammo so I am sad
17:17:15 <DuB`> Also goodbye 
17:17:27 <skram> use the frying pan
17:17:38 <skram> be a good boi dub
17:19:44 <Dot`> later dubs
17:19:54 <Dot`> and uhm i dont recall any enfileds in stalker
17:20:41 <Dot`> oh the L86
17:20:47 <Dot`> yea thas a really nice gun
17:21:41 <Dot`> im a sucker for any bullpup
17:25:28 <carcinisation> i had sea bass for dinner. very good fish choice
17:26:45 -!- DoT|Phone1 [~Dot@94.2.102.186] has joined #tlponies
17:26:49 <Cane> Dot`, it's part of OWR.
17:26:57 <Cane> OWR did a thing where they have several variants of a thing.
17:27:14 <Cane> So the SIG SG rifle is also the M4, randomly.
17:27:44 <Cane> Also https://www.twitch.tv/canecraft
17:27:50 <Rawr|Phone> 🐴🐴🐴
17:27:52 <Dot`> i recall the gun now i googleed it, but when dub said enfiald i thought ww2 enfield rifle not L85 made by enfield
17:27:54 <Cane> Let's do a couple hours of iron mans.
17:28:12 <Rawr|Phone> Programming is more fun when actually working
17:28:19 <Rawr|Phone> Studying is boring
17:28:43 <Dot`> im glad you enjoy work rawr
17:29:09 <Dot`> and i am pretty sure that the silenced l85 was in the base game
17:32:18 -!- DoT|Phone [~Dot@94.2.102.186] has joined #tlponies
17:36:51 -!- Micen_ [~micen@h2.68.91.75.dynamic.ip.windstream.net] has joined #tlponies
17:44:55 <Dot`> hi moocen
18:26:42 <BioPhone> Asdf
18:32:27 -!- DoT_ [~quassel@94.2.102.186] has joined #tlponies
18:39:19 -!- Golly [~Golly@1.92-221-121.customer.lyse.net] has joined #tlponies
18:50:58 <Rawr|Phone> Horse
18:51:05 <DoT_> rawr rawr
18:51:23 <Rawr|Phone> DoT_ DoT_
18:51:26 <DoT_> <3
18:51:36 <Rawr|Phone> <3
19:13:13 <skram> Dot` i made dinner
19:13:21 <skram> you have 2 guesses as to what it is
19:15:16 <Dot`> pancakes!
19:15:34 <skram> for dinner?? what madness is this
19:15:49 <Dot`> pizza?
19:16:06 <skram> congrats u are the winner
19:16:17 <Dot`> do i win any pizzas?
19:16:54 <skram> yes it will be shipped within 3-5 days
19:17:14 <Dot`> \o/
19:18:37 -!- tredc [webchat@90-230-30-217-no56.tbcn.telia.com] has joined #tlponies
19:20:29 <Dot`> new dorf fort
19:20:52 <Dot`> group name "The office of remedying"
19:21:05 <skram> perfect
19:21:06 <Dot`> time to remedy the orcs
19:24:29 -!- Camail [~Camail@45.40.84.145] has joined #tlponies
19:24:29 -!- mode/#tlponies [+v Camail] by Q
19:24:33 <skram> think the elfs needs some remedying as well
19:25:38 <Dot`> very true
19:31:10 <Dot`> https://ncmares.deviantart.com/art/Inktober-2017-Happy-Moon-708991348
19:32:56 <Dot`> cam, i was meaning to watch the collville video at some point. while i would have pegged that as the climax, i didnt notice just how deep it was at the time
19:33:23 <Camail> i only figured it out when liam was talking post-game
19:33:28 <Camail> ?cr
19:33:34 <Camail> ?criticalrole
19:33:50 <Camail> that's the moment post game 
19:36:42 <Dot`> whats with the health/character thing under thier names
19:36:46 <Dot`> never seen that
19:45:11 <Dot`> https://fensu-san.deviantart.com/art/Over-the-Ocean-708982329
19:45:15 <Dot`> Bio
19:47:28 <skram> bio is at skool
19:47:43 <skram> let him focus on his mutiplication tables
19:49:48 -!- Bio [~BioPon@108-72-8-181.lightspeed.stlsmo.sbcglobal.net] has joined #tlponies
19:50:59 -!- Runbunny [~Runbunny@91.100.28.10.generic-hostname.arrownet.dk] has joined #tlponies
19:52:19 <Runbunny> There's a psychonauts 2?
19:52:41 <skram> yes anders
19:55:03 <Dot`> hello angel
20:04:14 <Runbunny> Hai.
20:04:24 <Runbunny> Why didn't you tell me Jonas?
20:04:30 <Runbunny> I enjoyed the first game.
20:05:16 <skram> I did tell you
20:05:18 <skram> 2 years ago
20:05:19 -!- Bio [~BioPon@108-72-8-181.lightspeed.stlsmo.sbcglobal.net] has joined #tlponies
20:08:48 -!- BioSC [~BioPon@108-72-8-181.lightspeed.stlsmo.sbcglobal.net] has joined #tlponies
20:11:53 -!- skrma [~skram@ip-231-146-106-77.eidsiva.net] has joined #tlponies
20:12:08 <Dot`> skram, hows dragon age?
20:12:33 <skrma> im killing all the dragons
20:13:28 <Dot`> Dragons are friends
20:13:55 <skrma> pff no
20:23:10 <motbob> http://i.imgur.com/ASuzZVx.gif
20:47:20 <Camail> Dot`  thats the team alpha stream
20:54:01 -!- BioPon [~androirc@mobile-166-175-59-102.mycingular.net] has joined #tlponies
21:10:11 <Dot`> thanks for stream cane
21:15:06 <Phearlock> Was out and watched that new Blade Runner movie today.
21:15:13 <Phearlock> That was some good shit
21:16:29 <Phearlock> Can confirm they did not ruin it.
21:34:30 <Dot`> sounds good
21:58:34 <Dot`> bio
22:03:03 -!- BioHorse [~BioPon@108-72-8-181.lightspeed.stlsmo.sbcglobal.net] has joined #tlponies
22:03:21 -!- DuB`study [~DuB@128.187.116.4] has joined #tlponies
22:03:30 <DuB`study> Oho
22:04:11 <DuB`study> Dragon symmetra! Pirate ana! Cthulu zen!
22:09:13 <Dot`> link
22:11:15 <BioHorse> bio
22:11:15 <BioHorse> horse
22:13:01 <Rawr|Phone> BioHest
22:14:40 -!- BioSC [~BioPon@108-72-8-181.lightspeed.stlsmo.sbcglobal.net] has joined #tlponies
22:17:15 <motbob> wtf there's a mlp movie
22:17:50 <DuB`study> :o
22:18:27 <motbob> is it good?
22:18:54 <Dot`> ive heard so
22:20:44 <BioSC> greet
22:20:47 <Bio> hi
22:20:56 <carcinisation> hello bio
22:21:31 <Bio> pingu is the best anime tho
22:21:34 <Bio> asdf
22:22:19 <Bio> lol california
22:22:41 <carcinisation> you're gonna have to be more specific bio :p
22:22:53 <Bio> just in general
22:23:55 <carcinisation> final table on coral weekly mission again
22:24:08 <carcinisation> lets see if i can last more than one hand this time...
22:27:29 <Rawr|Phone> I believe in you reef reef
22:27:29 <Runbunny> Look at the time!
22:28:32 <carcinisation> i think we should buy runbun a two minute sand timer for christmas
22:28:42 <carcinisation> so he can follow dublaw properly
22:30:00 <Dot`> Dub, pls fix runbun
22:31:05 <DuB`study> Wuh
22:32:57 -!- Crisium [~Crisium@c-67-165-55-60.hsd1.pa.comcast.net] has joined #tlponies
22:35:34 <Dot`> he is borked
22:35:37 <Dot`> hey cris pon
22:36:19 <Crisium> bork
22:36:35 <Crisium> speaking of bork... stork played today i should watch
22:36:46 <Crisium> Stork Jaedong Rain Soulkey group of mega death
22:46:21 <DuB`study> Wowee
22:56:06 -!- Rawr|Fone [~AndChat25@m83-185-80-187.cust.tele2.se] has joined #tlponies
23:06:01 <Bio> mega bork
23:06:03 <Bio> bjork
23:18:42 <reification> night all
23:18:52 <Crisium> gn
23:20:14 <Dot`> gnight reif
23:40:07 <Dot`> https://ncmares.deviantart.com/art/Inktober-2017-Happy-Moon-708991348
23:40:56 <Dot`> https://viwrastupr.deviantart.com/art/The-Mane-Six-667083957
23:41:45 <Phearlock> Thems some cute happy ponies
23:42:20 <Dot`> because dub cant link things when asked https://imgur.com/gallery/Jy1I2
23:42:37 <DuB`study> Wuh
23:42:39 <DuB`study> I AM STOOD
23:42:41 <DuB`study> Y
23:42:54 <DuB`study> y key on laptop is dying
23:42:56 <DuB`study> huh
23:42:57 <Dot`> you saw the things, clearlynot proper study
23:47:10 <Dot`> pony is 7 years old!
23:47:20 <Dot`> almost as old as rawr
23:47:27 <Crisium> Kappa
23:52:58 <Bio> rip
23:53:01 <Bio> dot
23:53:16 <Dot`> Bio
23:53:20 <Bio> hi
23:53:21 <Bio> <3
23:53:49 <Dot`> Hello <3
23:54:03 <Dot`> so we going to watch pon movie this weekend?
23:54:13 <Crisium> pon
23:54:44 <Bio> sure
23:54:49 <Bio> lets do some horsewatching
23:58:26 <Dot`> which day is best for you
23:58:38 <Dot`> i can do saturday and sunday
23:58:56 <Bio> prolly sundayfunday
