00:01:15 <Bio> time to make a wax seal
00:01:26 <Bio> and send olde timey letters
00:02:34 <Crisium> yes, it must be done
00:08:51 <Bio> lemonade out of lemons, you know
00:10:23 <Bio> https://www.reddit.com/r/funny/comments/a7mmzt/this_is_why_the_internet_was_created/
00:15:13 <carcinization> https://twitter.com/baalbuddy/status/1074954047503917056
01:04:06 <Camail> putting sealing wax in a wax warmer would be weird
01:04:13 <Camail> wonder what would even happen
01:06:15 -!- Rawr|Fone [~AndChat52@c-afb8e655.020-164-6d6c6d4.bbcust.telenor.se] has joined #tlponies
01:29:17 -!- Methos [~methos@23.226.129.178] has joined #tlponies
01:45:40 <Camail> my arctic wolf just gave birth to a dog named calamity
01:45:47 <Camail> this will either go very right, or very wrong
02:44:56 -!- Bio [~BioPon@97.70.181.149] has joined #tlponies
03:38:46 -!- Rawr|Fone [~AndChat52@c-afb8e655.020-164-6d6c6d4.bbcust.telenor.se] has joined #tlponies
04:13:27 <Camail> i had a pawn propose once, get reject, and think that maybe things will change in the morning
04:13:29 <Camail> they did not
04:13:50 <Camail> now he has a -32 mood debuff for half a fuckin year
04:14:25 <Camail> gotta keep him drunk for 2 months straight
04:24:47 -!- DuB` [~DuB@66-219-235-226.dynamic.ip.veracitynetworks.com] has joined #tlponies
05:25:41 <DuB`> .tell Dot https://twitter.com/OMGcutepups/status/1075591456084025345
05:29:02 <DuB`> Just played smash for 2hr instead of making my notes page for final
05:29:05 <DuB`> I don wannnaaaaa
05:48:44 <Camail> dub
05:48:47 <Camail> do it now
05:48:51 <Camail> then its done
05:48:56 <Camail> then you're done
05:51:53 <DuB`> Ya
05:51:54 <DuB`> SO close
05:52:05 <DuB`> Smash is fun
05:52:38 <DuB`> In the hectic 5mans we have I just fly around with jigglypuff and snipe kills with sleeps :P
06:15:55 <Camail> sing + sleep is a really trolly combo in this smash
06:16:59 <DuB`> More fun to get the unexpected flying midair ones!
06:46:35 <DoT|Phone1> Morning
06:46:50 <DoT|Phone1> dub. you do the study yet?
06:48:31 <DuB`> Just finishing up my notes page!
06:52:09 -!- Rawr|Fone [~AndChat52@c-afb8e655.020-164-6d6c6d4.bbcust.telenor.se] has joined #tlponies
06:56:22 -!- Golly [Golly@cm-84.212.249.112.getinternet.no] has joined #tlponies
07:16:07 -!- DoT|Phone [~Dot@185.69.145.184] has joined #tlponies
07:17:40 -!- Rawr|Fone [~AndChat52@c-afb8e655.020-164-6d6c6d4.bbcust.telenor.se] has joined #tlponies
07:31:19 <DoT|Phone> Rawr Rawr Rawr
07:31:21 -!- Rawr|Phone [~AndChat52@m83-185-87-255.cust.tele2.se] has joined #tlponies
07:31:33 <DoT|Phone> Rawr Rawr Rawr
07:32:09 <Rawr|Phone> DoT DoT DoT
07:32:10 <DoT|Phone> 💖💖💖
07:32:12 <Rawr|Phone> 💖💖💖
07:32:48 <DoT|Phone> you doing good Rawr?
07:36:45 <Rawr|Phone> So far so good today
07:36:51 <Rawr|Phone> Waiting for the bus
07:36:58 <Rawr|Phone> How are you dot
07:37:29 <DoT|Phone> no bus for me today. almost got to work
07:42:31 <DuB`> Done!
07:42:38 <DuB`> Now sleep then test then FREEDOMn.
07:44:27 <Rawr|Phone> Great work dub
07:48:43 <DoT|Phone> Haha he thinks he well be free
07:49:03 <DoT|Phone> he struggled to study for 2 whole days
07:49:19 <DoT|Phone> silly horse
07:50:25 <CockRoach|42> hors hors
07:50:38 <DoT|Phone> cr!
07:50:44 <CockRoach|42> <3
07:50:50 <DoT|Phone> almost doggo day
07:50:57 <CockRoach|42> yes!
08:52:40 <CockRoach|42> .tell Rawr|Phone https://imgur.com/gallery/W88eFcA
09:01:04 <CockRoach|42> .tell DoT|Phone https://i.imgur.com/SOsWCPZ.jpg
09:10:43 <CockRoach|42> https://imgur.com/gallery/FtZKh2O
09:54:14 <DoT|Phone> I'm Here. Made it through the meeting
09:56:07 <DoT|Phone> What a silly snake
10:16:57 <Rawr|Phone> .tell cockroach|42 <3
10:28:07 <CockRoach|42> <3
11:16:45 -!- reification [~reificati@cpc76294-cosh16-2-0-cust297.6-1.cable.virginm.net] has joined #tlponies
11:16:45 -!- mode/#tlponies [+v reification] by Q
11:21:56 -!- Rawr|Fone [~AndChat52@c-afb8e655.020-164-6d6c6d4.bbcust.telenor.se] has joined #tlponies
11:26:06 <DoT|Phone> hey Reif
11:29:54 <reification> hi dotties
12:33:35 <DoT|Phone> how's all
12:47:46 <Rawr|Fone> .|📱
12:50:06 <DoT|Phone> Rawr|Hest
12:51:06 <Rawr|Fone> Are you enjoying your day dot
12:51:29 <DoT|Phone> it's going slow Rawr. almost holiday
13:01:20 <DoT|Phone> and you?
13:32:02 -!- Rawr|Fone [~AndChat52@c-afb8e655.020-164-6d6c6d4.bbcust.telenor.se] has joined #tlponies
13:41:11 -!- Rawr|Fone [~AndChat52@c-afb8e655.020-164-6d6c6d4.bbcust.telenor.se] has joined #tlponies
13:51:03 -!- Rawr|Fone [~AndChat52@c-afb8e655.020-164-6d6c6d4.bbcust.telenor.se] has joined #tlponies
13:51:31 <DoT|Phone> Rawr calm down
13:51:38 <Rawr|Fone> No
13:51:55 <DoT|Phone> ok
13:52:05 <Rawr|Fone> Thanks
13:57:54 <CockRoach|42> you're welcome
14:01:35 <DoT|Phone> My pleasure
14:15:21 -!- Rawr|Fone [~AndChat52@c-afb8e655.020-164-6d6c6d4.bbcust.telenor.se] has joined #tlponies
14:40:16 -!- Rawr|Fone [~AndChat52@c-afb8e655.020-164-6d6c6d4.bbcust.telenor.se] has joined #tlponies
14:49:36 -!- Rawr|Fone [~AndChat52@c-afb8e655.020-164-6d6c6d4.bbcust.telenor.se] has joined #tlponies
15:23:55 -!- Rawr|Fone [~AndChat52@c-afb8e655.020-164-6d6c6d4.bbcust.telenor.se] has joined #tlponies
15:32:34 -!- Rawr|Fone [~AndChat52@c-afb8e655.020-164-6d6c6d4.bbcust.telenor.se] has joined #tlponies
15:54:08 -!- Rawr|Phone [~AndChat52@m83-185-92-146.cust.tele2.se] has joined #tlponies
15:56:26 -!- Dot [~quassel@50.115.159.143.dyn.plus.net] has joined #tlponies
15:56:54 <Dot> HORSES
15:56:56 <Dot> 1 more day
16:02:50 <CockRoach|42> YES!
16:09:51 -!- DoT|Phone1 [~Dot@50.115.159.143.dyn.plus.net] has joined #tlponies
16:27:02 -!- BioPhone [~androirc@12.33.239.117] has joined #tlponies
16:27:20 <BioPhone> Horsenses
16:27:39 <Dot> The Bioest Horse
16:27:50 <Dot> *laso maybe a wizard
16:27:53 <Dot> also*
16:32:16 -!- BioPone [~androirc@mobile-166-177-59-87.mycingular.net] has joined #tlponies
16:36:11 <Dot> Bio, phearlock hasnt been here in DAYS
16:36:17 <Dot> he is missing poni 
16:36:18 <Dot> https://66.media.tumblr.com/ca726936bccbb21ea3ea74d74034df26/tumblr_pjwzouFY3Y1y1dqqto7_1280.png
17:09:06 <BioPone> Oh noes
17:26:53 -!- Camail [~Camail@45.40.84.145] has joined #tlponies
17:26:53 -!- mode/#tlponies [+v Camail] by Q
17:33:51 <Dot> cam
17:37:47 <Camail> dot
17:48:13 -!- carcinization [~reificati@cpc76294-cosh16-2-0-cust297.6-1.cable.virginm.net] has joined #tlponies
17:48:13 -!- mode/#tlponies [+v carcinization] by Q
18:14:41 <carcinization> .tell runbunny did you not sub to pewds?! https://pics.me.me/hentaihaven-yesterday-at-9-28-pm-subscribe-to-pewdiepie-or-we-38408455.png
18:27:20 <Camail> dot this is the last cr ep of the year, so you have almost a month to catch up!
18:27:52 <Dot> i am watching ep 33 right now!
18:28:00 <Dot> they are in a lighthouse
18:28:11 -!- BioPhone [~androirc@12.33.239.117] has joined #tlponies
18:28:54 <Camail> ah! i didnt pay attention much during the ruby of the sea episodes >_>
18:29:28 <Dot> third day on it
18:29:35 <Dot> actually 5th
18:30:00 <Dot> i keep putting it on as im going to sleep
18:30:06 <reification> dot https://pbs.twimg.com/media/Duup5_jXgAAPFGR.jpg
18:31:03 <BioPhone> Frinds
18:31:23 <Dot> cam, GRIS looks like  a very atmospheric game
18:31:25 <Dot> bio
18:31:31 <BioPhone> I may spend some time on the break catching up to critrol
18:31:52 <Camail> i've heard about it but never get  a look at gameplay
18:32:15 <BioPhone> I think I left off when they had the cluster fuck stealing the boat
18:37:44 <BioPhone> Anywho, hows people
18:44:55 -!- Zoonds [webchat@cloak-wmbqgxv5.14-2.cable.virginm.net] has joined #tlponies
18:51:44 <Rawr|Phone> 🐴🐴🐴
18:54:46 <Dot> steam sale started
18:56:42 <Camail> hmmmm
18:56:58 <Camail> gris looks cool, but not really my thing
18:57:07 <Camail> kinda like ori, for me
18:57:16 <Camail> i appreciate it but it doesnt grab me
18:57:55 <Camail> from what i've seen its just another platformer?
18:58:24 <Dot> reminded me of ori , so was curious if you knew any more
18:59:56 <Camail> just watched the ign gameplay
19:00:16 <Camail> it looked like a platformer, there weren't any deviations from the norm
19:00:37 <Camail> you have a hover/glide that makes new jumping puzzles with disappearing paltforms 
19:00:53 <Dot> so just pretty but no real stand out gameplay then, dissapointing
19:00:56 <Camail> so there is something different there
19:01:12 <Camail> but like...hovering is not a fun mechanic to me
19:01:38 <Camail> its very pretty, and if you like implicit story telling then that could be interesting
19:04:00 -!- skram [~skram@82.147.53.231] has joined #tlponies
19:04:27 <skram> asdf
19:04:35 <skram> what a day lads
19:05:40 <Dot> its the skram
19:06:36 <Camail> any fires?
19:06:46 <skram> no we had the opposite
19:06:51 <skram> which is equally bad cam
19:07:01 <Camail> nega-fires?
19:07:09 <Camail> keep your temperatures in check, ffs
19:07:43 <skram> Nothing I could do this time!
19:08:05 <skram> power went out and you need the electricity to make the fire.
19:11:43 <Camail> get some hamster wheels
19:17:37 <Camail> oh, and this cr episode is a special, so its not even a real one
19:34:09 <Camail> wait no, regular show today
19:34:12 <Camail> tomorrow is the special
19:36:57 <Dot> make up your mind cam
19:37:06 <Camail> i just did!
19:37:16 <Camail> dot why you bully me
19:37:32 <Camail> ever since you got a human-like schedule you turned into a big bully
19:37:38 <Camail> you've changed man, you've changed
19:37:58 <Camail> skram can you counter-bully dot
19:38:01 <Camail> pls ty
19:38:01 <Dot> im not allowed to sleep till when i wan
19:38:02 <Dot> t
19:42:18 <skram> dot did you get your letter yet
19:42:40 <Dot> no :(
19:42:46 <skram> dang
19:44:19 <BioPhone> Rip
19:52:30 -!- Zounds [webchat@cloak-07ouvien.14-2.cable.virginm.net] has joined #tlponies
20:00:07 -!- DuB` [~DuB@66-219-235-226.dynamic.ip.veracitynetworks.com] has joined #tlponies
20:00:17 <DuB`> HAH!
20:00:22 <Dot> DUB
20:00:27 <skram> goodjob
20:00:34 <Dot> DUB|FREE
20:01:00 <DuB`> :D
20:01:13 <DuB`> Well, just have to finish writing a thing sometime in the next 11 hours
20:01:50 <Dot> so it now
20:01:53 <Dot> DO IT
20:02:09 <DuB`> :(
20:02:11 <DuB`> Don wanna
20:02:22 <skram> ILL WRITE IT
20:02:27 <Dot> but then its over
20:02:27 <skram> how many words u want fam
20:02:32 <Dot> 4ever
20:02:50 <DuB`> I already wrote 95% of it this week, just need to go back through and BS some citations and references to class material into it. :P
20:05:46 <Camail> gasp
20:06:02 <Camail> but academic integrity, dub!
20:06:37 <DuB`> It's a "negotiation journal" of my experiences 
20:06:48 <DuB`> Most of it is spotty memory of years-ago experiences anyway!
20:07:00 <Camail> "dear diary. this guy wanted 20 dollars and i have him 10, the end"
20:07:04 <DuB`> Perfect
20:10:46 <DuB`> But how does that REPRESENT a principle we've covered in class?
20:10:50 <DuB`> That's what I need to go add..
20:11:10 <skram> make it up DuB`
20:11:30 <DuB`> But the professor KNOWS what we covered in class! :P
20:11:37 <DuB`> I suspect he would realize.
20:20:10 <skram> eh i'd chance it
20:22:15 <DuB`> What the 15gb quake update
20:22:17 <DuB`> wha
20:23:41 <DuB`> Oh, the new economy patch
20:23:49 <DuB`> Takes 15gb to get RID of lootboxes ;D
20:35:31 <Camail> DuB`  honestly my go to would be looking at chapter titles
20:35:44 <Camail> and whatever makes the most sense BS something there
20:36:21 <Camail> DUB STOP QUAKING
20:36:26 <Camail> right it, so you have the night off
20:36:30 <Camail> write*
20:37:07 -!- tredc [~tredc@c83-254-129-166.bredband.comhem.se] has joined #tlponies
20:53:22 <Dot> skram
20:56:18 <skram> yeah buddy?
20:58:05 <Dot> hello friend
20:58:09 <Dot> how you feeling
20:59:34 <skram> Pretty good, been a busy day
20:59:42 <skram> even if it all went tits up we done did fix it
20:59:48 <skram> how you bean
21:01:17 <Dot> good job
21:01:31 <Dot> i am tired, this last week has dragged a bit
21:04:05 <skram> well its the weekend tomorrow
21:04:06 <skram> thankfully
21:05:01 <Dot> yes! im on holiday after tomrow
21:07:13 <skram> noice
21:07:19 <skram> how long you off
21:11:50 <Dot> till the 3rd
21:11:59 <skram> thats pretty good
21:17:31 -!- Runbunny [~Runbunny@91.100.28.10.generic-hostname.arrownet.dk] has joined #tlponies
21:21:09 <Dot> RUNBUN
21:22:29 <Dot> skram https://imgur.com/gallery/3ZVqskB
21:22:33 <Dot> its not Loops
21:22:46 <Runbunny> Hai.
21:22:54 <Runbunny> skram, DuB` https://www.youtube.com/watch?v=83kVOoqfqlg
21:31:27 <reification> well i was annoyed at screwing up my opening so i just marched my king down the board rather than resigning... then somehow he failed to checkmate me and instead lost :O
21:31:54 <Dot> haha
21:32:01 <Dot> master of tactics
21:33:31 <skram> sounds about right dotr
21:36:00 <skram> i want that red guitar with the face on it Runbunny
21:38:52 <Runbunny> I won't be able to get that ready for this christmas. 
21:39:21 <skram> dang
21:43:50 <skram> ive decided to go do a sleep
21:44:41 <Dot> gnight skram <#
21:44:42 <Dot> <3
21:45:09 -!- Crisium [~Crisium@c-73-174-151-51.hsd1.pa.comcast.net] has joined #tlponies
21:51:30 -!- skram [~skram@82.147.53.231] has joined #tlponies
21:51:39 <Dot> that was quick skram
21:51:47 <Dot> rude
21:52:19 -!- BioPone [~androirc@mobile-166-177-58-224.mycingular.net] has joined #tlponies
21:52:19 -!- BioPhone [~androirc@mobile-166-177-58-224.mycingular.net] has joined #tlponies
21:57:58 <Camail> rekt
21:58:10 <Camail> dot its almost bed time for you, too
22:09:35 <DoT|Phone1> I am in bed
22:11:43 <DoT|Phone1> we should play board games again cam. or something.
22:12:10 <Camail> yes
22:20:48 -!- Crisium|2 [~Crisium@173.239.197.116] has joined #tlponies
22:21:08 <DoT|Phone1> Hmm, you see those tables with the screen in ppl use for dnd, wonder if that can be achieved in tts
22:21:32 -!- Bio [~BioPon@97.70.181.149] has joined #tlponies
22:23:24 <Bio> henlo
22:23:27 <Bio> is me
22:25:44 <reification> hello bio
22:26:53 <Bio> time to make some fuckin kraft dinner
22:27:41 <DoT|Phone1> mr fancy
22:28:41 <Bio> mac and cheese man
22:28:46 <Bio> its the yum
22:31:00 <DoT|Phone1> nice
22:42:21 <Camail> DoT|Phone1  i'm not doing anything this weekend, i can look through the tts games
22:42:30 <Camail> december is always a very busy month for me with family
22:42:56 <Camail> every weekend is either a birthday or christmas
22:48:29 -!- Crisium [~Crisium@c-73-174-151-51.hsd1.pa.comcast.net] has joined #tlponies
22:54:27 <DoT|Phone1> I'm off work till the third. I am with family but should be mostly free
23:32:27 -!- Rawr|Fone [~AndChat52@c-afb8e655.020-164-6d6c6d4.bbcust.telenor.se] has joined #tlponies
23:52:56 -!- Golly [Golly@cm-84.212.249.112.getinternet.no] has joined #tlponies
23:57:17 <reification> dub https://i.redd.it/1t152owqvb521.png
