00:55:37 <Bio> asdf
01:19:00 -!- BioPone [~androirc@mobile-166-175-57-172.mycingular.net] has joined #tlponies
01:21:50 <Crisium> fdsa
02:12:32 <Bio> asdf
02:13:02 <Bio> looks like the caps are gonna tie up the series yea?
02:13:21 <Bio> well, its close
02:14:45 <Bio> i kinda like the VGK, because they have twilight sparkles on their shoulders
02:14:54 <Bio> but i also kinda want ovi to win a cup
02:20:11 <Crisium> caps deserve a cup
02:20:16 <Crisium> but i gotta root for Fleury
02:20:52 <Bio> i want a game 7
02:20:54 <Bio> thats about it
02:21:30 <Bio> some dude on reddit way back at the beginning of the season
02:21:35 <Bio> called vgk vs caps
02:21:43 <Bio> but the caps getting swept
02:21:51 <Bio> rofl
02:31:14 <Crisium> could still happen...
02:35:57 <Bio> tru
02:36:20 <Bio> but man
02:36:30 <Bio> VGK couldn't convert a long 5 on 3
02:40:42 <Bio> bad omens for a game w hen that happens
03:18:48 -!- Golly [~Golly@1.92-221-121.customer.lyse.net] has joined #tlponies
04:48:56 -!- Dot` [~quassel@90.197.149.26] has joined #tlponies
05:51:04 -!- Rawr|Fone [~AndChat52@84-217-62-32.customers.ownit.se] has joined #tlponies
07:01:25 <Dot`> Mornign all
07:06:20 -!- Rawr|Phone [~AndChat52@m83-185-81-47.cust.tele2.se] has joined #tlponies
07:28:19 <CockRoach|42> morning dot
07:29:06 <Dot`> cr!
07:51:36 <CockRoach|42> hors hors!
08:10:57 -!- BioSC [~BioPon@108-72-8-181.lightspeed.stlsmo.sbcglobal.net] has joined #tlponies
08:31:41 -!- Rawr|Fone [~AndChat52@84-217-62-32.customers.ownit.se] has joined #tlponies
09:43:18 -!- Dot [~quassel@90.197.149.26] has joined #tlponies
09:49:36 <Dot> work time
09:49:39 <Dot> later pons
10:01:45 -!- tredc [~AdiIRC@c83-251-161-94.bredband.comhem.se] has joined #tlponies
10:40:43 -!- Bio [~BioPon@108-72-8-181.lightspeed.stlsmo.sbcglobal.net] has joined #tlponies
10:57:59 -!- BioSC [~BioPon@108-72-8-181.lightspeed.stlsmo.sbcglobal.net] has joined #tlponies
11:39:17 -!- Golly [~Golly@1.92-221-121.customer.lyse.net] has joined #tlponies
12:11:42 -!- DoT|Phone [~Dot@79.77.172.39] has joined #tlponies
12:12:04 <DoT|Phone> horse
12:15:11 <Phearlock> pon
12:17:26 <DoT|Phone> Pear!
12:17:35 <DoT|Phone> is it Dnd day yet?
12:20:22 <DoT|Phone> Rawr Rawr Rawr
12:20:23 <Phearlock> I don't think it's caturday
12:22:09 <Rawr|Fone> Dot Dot Dot
12:22:20 <DoT|Phone> ❤❤❤
12:22:39 <Rawr|Fone> ❤❤❤
12:24:10 <DoT|Phone> how's you two doing?
12:27:03 <Rawr|Fone> Gooood, preparing for the presentation on tuesday
12:35:01 <DoT|Phone> then done 5ever?
12:35:19 -!- reification [~reificati@cpc76294-cosh16-2-0-cust297.6-1.cable.virginm.net] has joined #tlponies
12:35:20 -!- mode/#tlponies [+v reification] by Q
12:35:26 <DoT|Phone> hey Reif
12:35:45 <reification> hi dotties and co.
12:36:16 <reification> dot rawr https://twitter.com/WWarped/status/1001935478554230784
12:37:13 <reification> https://twitter.com/TAHK0/status/1001654232942956544
12:49:57 -!- BioHorse [~BioPon@108-72-8-181.lightspeed.stlsmo.sbcglobal.net] has joined #tlponies
12:53:11 <Rawr|Fone> 5ever dot
12:53:58 <Rawr|Fone> Thanks reef reef
13:11:08 -!- BioSC [~BioPon@108-72-8-181.lightspeed.stlsmo.sbcglobal.net] has joined #tlponies
13:41:36 <BioSC> Hay
13:41:38 <BioSC> Horsen
13:41:47 <Bio> hows my super cute pones today
13:56:42 -!- skram [~skram@82.147.53.247] has joined #tlponies
13:57:04 <skram> kill
13:57:05 <skram> me
13:57:27 <Golly> im busy
13:57:50 <Bio> id rather not skrm
13:58:04 <skram> some FRENS you are
13:58:14 <Bio> =(
13:58:56 <Golly> rough day skrammen?
13:59:47 <skram> Very busy and far too warm
14:03:14 <Phearlock> If you come over here I can spray you with the garden hose for a while
14:05:17 <skram> that sounds lovely actually
14:05:55 <Golly> I'll watch if he wears a white tshirt
14:07:02 <Phearlock> If you have your own garden hose you can spray it into the air and get that nice do-it-yourself rain
14:10:25 <Golly> lewd
14:11:02 <Bio> v lewd
14:14:18 -!- Runbunny [~Runbunny@91.100.28.10.generic-hostname.arrownet.dk] has joined #tlponies
14:14:25 <Runbunny> Hello friends.
14:14:40 <Phearlock> hello friend
14:15:02 <Bio> henlo
14:15:03 <Runbunny> The phearest of locks. How are you friend?
14:15:06 <Runbunny> Bio!
14:15:25 <Bio> Bun!
14:15:51 <Phearlock> I am good
14:15:58 <Phearlock> Hiding from the sun
14:17:27 <Runbunny> I do the same. 
14:17:41 <Runbunny> The sun is indeed a deadly laser.
14:33:20 <reification> https://cdn.discordapp.com/attachments/319156387278225419/448208414271602699/68425310_p0_master1200.jpg
14:35:43 <reification> bio https://cdn.discordapp.com/attachments/319156387278225419/451085363268550687/KI2fOGyg4zt6pctJVv6HtRTt_D2K9Iv3uD8vmtG7KGk.png
14:36:40 <reification> i think i will examine the deadly laser more closely, back in a bit
14:43:19 <Bio> fuk i love memes
14:43:23 <Bio> they are gret
14:47:32 <Bio> i think imma stream today
14:47:37 <Bio> been 3 long
14:47:52 <Bio> zleda needs rescuing
15:18:00 -!- Zounds [webchat@cloak-07ouvien.14-2.cable.virginm.net] has joined #tlponies
15:18:11 -!- tredc [~AdiIRC@c83-251-161-94.bredband.comhem.se] has joined #tlponies
15:18:46 <Zounds> hullo pons
15:19:32 <Zounds> Phearlock: I got myself a Cicada
15:19:52 <Zounds> I'll join you and blast people with it
15:20:06 <Phearlock> Oh nice, the medium masquerading as a light mech
15:20:23 <Zounds> I went for the ER PPC and 4LMG build
15:20:28 <Zounds> Working out quite well so far
15:20:37 <Phearlock> Very annoying =D
15:21:08 -!- carcinisation [webchat@cloak-4ooo1b5w.6-1.cable.virginm.net] has joined #tlponies
15:43:30 -!- Rawr|Phone [~AndChat52@m83-185-85-5.cust.tele2.se] has joined #tlponies
15:49:00 <Bio> I heard you bois
15:49:04 <Bio> liked strims
15:49:07 <Bio> ?biostream
15:49:10 <Bio> have a biostream
15:51:15 -!- Kittybunny [~Runbunny@91.100.28.10.generic-hostname.arrownet.dk] has joined #tlponies
16:12:09 <Dot> i home
16:14:19 <Rawr|Phone> Dot dot dot
16:14:24 <Dot> Rawr rawr rawr
16:14:25 <Dot> <3
16:14:32 <Rawr|Phone> <3
16:15:50 -!- DoT|Phone [~Dot@90.197.149.26] has joined #tlponies
16:16:16 -!- tredc [~AdiIRC@c83-251-161-94.bredband.comhem.se] has joined #tlponies
16:24:01 <Dot> skram
16:48:20 <skram> dot my dear
16:48:56 <Dot> Jonas <3
16:49:01 <Dot> ppl ar every tiring
16:49:38 <skram> Yeah I know bud
16:51:19 <skram> I think im all people'd out too
17:05:44 <skram> Dot
17:05:46 <skram> what doing
17:06:25 <Dot> not much, interneting
17:11:49 <Dot> you?
17:14:18 <Bio> yyou should watch ur pal bios stream
17:14:44 <skram> oh dang
17:14:47 <skram> i didnt even know
17:23:35 -!- Rawr|Fone [~AndChat52@m83-185-91-3.cust.tele2.se] has joined #tlponies
18:11:30 -!- DoT|Phone [~Dot@90.197.149.26] has joined #tlponies
18:51:26 <Bio> thanks for watching strim folks
18:51:30 <Bio> gonna make some launch
18:51:33 <Bio> then do again
18:53:37 -!- BioPone [~androirc@108-72-8-181.lightspeed.stlsmo.sbcglobal.net] has joined #tlponies
18:54:20 <BioPone> Horse
18:56:08 <Zounds> fat
18:58:18 <BioPone> 😭
19:02:40 <Dot> rude
19:16:24 <Dot> skram, what doing
19:22:27 -!- Zounds [webchat@cloak-wmbqgxv5.14-2.cable.virginm.net] has joined #tlponies
19:32:30 <Bio> waiting for his boi to stop eating and start strimming again
19:32:31 <Bio> prolly
19:36:50 <Dot> maybe we should planetside
19:47:57 <Bio> but then
19:47:59 <Bio> who  will watch
19:48:01 <Bio> ?biostream
19:48:05 <Bio> we back bois
19:50:54 <Bio> starting run now
19:59:33 <Zounds> you should've logged on Dot 
19:59:40 <Dot> ?
19:59:41 <Zounds> I was playing a bit
20:00:04 <Zounds> Mostly trundling around in a lightning chilling out though
20:24:54 -!- Camail [~Camail@45.40.84.145] has joined #tlponies
20:24:54 -!- mode/#tlponies [+v Camail] by Q
20:29:49 <Dot> hey cam
20:29:57 <Camail> pls
20:52:28 -!- Crisium [~Crisium@c-24-3-158-64.hsd1.pa.comcast.net] has joined #tlponies
20:53:45 -!- Rawr|Phone [~AndChat52@84-217-62-32.customers.ownit.se] has joined #tlponies
20:54:09 <Dot> cris pon
20:55:04 <Crisium> hi
21:05:24 <Dot> what happend to skram
21:08:07 <Zounds> he's living his life my dude
21:19:31 <Kittybunny> probably building his car.
21:20:43 <Dot> he will be gone days then
21:23:46 <Zounds> i'm gonna have an early night
21:23:52 <Zounds> bye
21:23:59 <Dot> gnight zounds
21:24:59 -!- reification [~reificati@cpc76294-cosh16-2-0-cust297.6-1.cable.virginm.net] has joined #tlponies
21:24:59 -!- mode/#tlponies [+v reification] by Q
21:26:01 <skram> Dot i accidentally for like 4 hours
21:29:05 <Dot> you feel better?
21:29:33 <reification> well if it was any longer you would have to see a doctor
21:39:34 <skram> I dont think extended lego sessions are a medical issue reif
21:51:27 <skram> hey Dot did you go to the cheese wheel thing this year
21:51:37 <Dot> no
21:53:00 <skram> why not D:
21:53:08 <skram> do you not like cheese
21:53:34 <Dot> i was busy being accepted to find apprenticeships in this country
21:53:52 <skram> hmm
21:53:56 <skram> theres always next year
21:54:02 <Dot> true
21:57:11 <Dot> how is the car looking skram?
21:57:50 <skram> it sort of looks like one
22:02:49 -!- DuB`skul [DuBskul@c-73-170-224-203.hsd1.ca.comcast.net] has joined #tlponies
22:02:50 <DuB`skul> WEW
22:02:58 <DuB`> asdf
22:05:20 <Dot> DUB
22:05:24 <Dot> good your not dead
22:05:25 <DuB`> DOT
22:05:26 <Dot> <3
22:05:28 <Dot> skram https://imgur.com/gallery/dhrjzRL
22:05:32 <DuB`> yes my not dead
22:06:35 <DuB`> Also omg I think I am in love with SF :P
22:08:23 <Dot> will you have interent for DnD?
22:08:37 <skram> DuB`! Hopw is sanfrancisco!
22:08:38 <DuB`> Yah
22:08:49 <Dot> it cant be too bad then
22:08:53 <DuB`> Naw
22:09:03 <DuB`> The wifi is fine
22:09:37 <Crisium> what is cheese rolling
22:09:55 <Dot> they roll cheese
22:09:58 <Dot> ppl chase cheese
22:10:02 <Dot> ppl fall over
22:10:22 <Crisium> im even more glad we're independent from you guys now
22:10:35 <Dot> your just jelous
22:10:45 <skram> its not mandatory cris
22:10:46 <Dot> dub, does it have good pizza there?
22:10:48 <skram> you can just be like
22:10:48 <skram> no
22:11:11 <DuB`> I assume there is good pizza SOMEWHERE in the city, dot. :P
22:11:20 <Dot> bold assumption
22:11:48 <DuB`> So far I've only been to a super-american 50's-style diner and a mexican place.
22:11:55 <skram> dub you've been there for several hours and you've not yet mapped out the best pizza places?
22:12:11 <DuB`> Apparently the "Mel's Diner" was in American Graffiti?
22:14:18 <Dot> but does it serve good pizza?
22:15:16 <DuB`> No.
22:17:03 <Crisium> are you a sf shock fan now
22:19:25 <Dot> a fan that shocks ppl might have bad wiring
22:36:10 <Camail> there doesnt have to be good pizza in california, competent pizza sure, but if there's good pizza there it will be hidden
22:43:30 <Dot> when is 2 hour run bio
22:43:48 <Bio> when i git gud
22:43:56 -!- tredc [~AdiIRC@c83-251-161-94.bredband.comhem.se] has joined #tlponies
22:44:22 <Bio> i've been getting really unlucky with my routing and then just not executing on bosses
22:44:32 <Bio> i'll get there
22:44:37 <Bio> i've done like 
22:44:40 <Bio> 10 randomizers
22:45:13 <Bio> MOAR prac
23:27:34 <Bio> horsenpons
23:28:06 <Dot> pons
23:50:17 <Dot> dub https://imgur.com/gallery/eGNwxp3
23:54:53 <DuB`> :D
23:55:48 <Crisium> eat the foxes
