00:36:03 <carcinization> night all
00:39:35 <DuB`> NN
00:41:53 <skram> gute nacht
00:43:22 <Bio> asdf
00:47:48 <DuB`> 3 exams in classes I'm way behind in this and next week, and the big warframe update is coming this week D:
00:47:49 <DuB`> waaah
00:48:22 <skram> you're an adult now DuB`
00:49:28 <DuB`> I thought I had to graduate first
00:49:35 <Bio> nein
00:49:46 <Bio> GIT UR PRIORITIES IN LINE SON
00:49:56 <DuB`> I DUNNO WAT
02:46:02 -!- Rawr|Fone [~AndChat52@84-217-62-32.customers.ownit.se] has joined #tlponies
05:03:46 -!- Rawr|Fone [~AndChat52@84-217-62-32.customers.ownit.se] has joined #tlponies
07:28:38 -!- Golly [Golly@cm-84.212.249.112.getinternet.no] has joined #tlponies
07:43:39 <DoT|Phone1> morning all
07:50:36 <DuB`> Morning!@
07:52:28 <DoT|Phone1> dub. I overslept
07:52:41 <DoT|Phone1> I don't even recall my alarm going off
08:06:06 <DuB`> o deer
08:08:33 <CockRoach|42> dot pls
08:19:39 -!- DoT|Phone [~Dot@148.252.129.243] has joined #tlponies
08:48:48 <DoT|Phone> I'm bad at adulting
09:03:26 <DoT|Phone> Rawr Rawr Rawr
09:09:45 <Rawr|Fone> DoT DoT DoT
09:11:55 <DoT|Phone> 💖💖💖
09:12:08 <DoT|Phone> you're the best Rawr
09:12:19 <Rawr|Fone> 💖💖💖
09:12:30 <Rawr|Fone> You are the best dot!
09:56:57 -!- DoT|Phone1 [~Dot@85.255.234.188] has joined #tlponies
09:59:40 <Rawr|Fone> Dot
10:08:10 <DoT|Phone1> Rawr
10:08:26 <Rawr|Fone> How is it going today?
10:08:32 <DoT|Phone1> you ready for your tourney this weekend?
10:08:36 <DoT|Phone1> I'm a bit tired
10:10:35 <Rawr|Fone> I hope I am
10:26:49 -!- reification [~reificati@cpc76294-cosh16-2-0-cust297.6-1.cable.virginm.net] has joined #tlponies
10:31:01 <reification> morn
10:32:43 <Rawr|Fone> Good morning reef reef
10:39:58 <reification> roar roar
10:53:29 <DoT|Phone1> hey Reif
11:31:10 <reification> hi dotties
13:17:31 -!- DoT|Phone [~Dot@85.255.234.188] has joined #tlponies
13:27:03 <reification> .tellm
13:27:20 <reification> .tellm runbunny skram dub`, https://www.youtube.com/watch?v=bgC1dMjI87E
13:33:25 <reification> .tell skram https://twitter.com/Mixmag/status/1059487058740371464
13:45:40 -!- tredc [~tredc@c83-251-162-37.bredband.comhem.se] has joined #tlponies
13:50:37 -!- skram [~skram@82.147.53.97] has joined #tlponies
13:50:54 <DoT|Phone> Skram!
13:55:46 <skram> Dot!
13:57:14 <reification> hi skram
13:57:37 <skram> how did you even find this reif
13:57:39 <skram> :p
13:58:26 <CockRoach|42> he was probably watching a pewdiepie video
13:58:46 <reification> actually it was from comfy twitter
14:06:21 -!- carcinization [~reificati@cpc76294-cosh16-2-0-cust297.6-1.cable.virginm.net] has joined #tlponies
14:06:23 <carcinization> dot https://pbs.twimg.com/media/DrHNwzKWwAA5GWp.jpg
14:06:44 <carcinization> .tell runbunny https://twitter.com/AsagiKurosagi/status/1056580909892165633
14:10:51 <DoT|Phone> how are you Skram
14:13:08 <skram> im ok i think
14:13:52 <skram> theres someone with a digger doing stuff right by where the intertubes are buried and its makin me nervous
14:14:41 <DoT|Phone> oh dear
15:02:23 <Rawr|Fone> 🐴🐴🐴
15:09:40 <DoT|Phone> horse
15:25:27 <Rawr|Fone> DoT
15:53:29 <DoT|Phone> home time I think
16:06:32 -!- DuB_phone [~AndChat71@128.187.116.10] has joined #tlponies
16:09:57 <DoT|Phone> dub
16:10:21 <DoT|Phone> hedge
16:11:42 <DuB_phone> Hej
16:15:41 <DoT|Phone> you going to make it to DnD this week dub?
16:16:52 <DuB_phone> Should be fine
16:17:33 <DoT|Phone> good. we have a guy to kill who is on your list
16:19:04 <DuB_phone> Woohoo
16:19:32 <DuB_phone> Put down the cult and their vulgar rituals!
16:19:56 <DoT|Phone> a orc gentlemen by the name of Bog Luck
16:26:47 <skram> we're bros now
16:26:50 <skram> u cant hurt him
16:30:04 <DoT|Phone> its not girthy Pete Skram
16:31:10 -!- DoT|Phone1 [~Dot@218.89.99.195.dyn.plus.net] has joined #tlponies
16:52:33 -!- Dot [~quassel@218.89.99.195.dyn.plus.net] has joined #tlponies
16:53:56 -!- Zoonds [webchat@cloak-wmbqgxv5.14-2.cable.virginm.net] has joined #tlponies
16:54:06 <Zoonds> hello ponies and phones
16:54:43 <Dot> Zoonds!
16:55:04 <Zoonds> hello dot
16:57:01 <Zoonds> DuB_phone: https://clips.twitch.tv/NastyCautiousPiePeteZarollTie did you see this one
17:11:00 -!- Rawr|Phone [~AndChat52@m83-185-85-223.cust.tele2.se] has joined #tlponies
17:20:44 <carcinization> hey zounds
17:46:00 -!- BioPhone [~androirc@mobile-166-176-251-83.mycingular.net] has joined #tlponies
17:46:10 <BioPhone> Neigh?
17:47:35 <Dot> Neigh Bio
17:49:05 <BioPhone> Henlo dottles
17:50:22 <BioPhone> How was werk today
17:59:33 <Dot> good
18:00:00 <Dot> wrote more plc stuff and linked more LOI stuff to it
18:08:06 -!- DuB_phone [~AndChat71@ip-66-87-126-42.chynwy.spcsdns.net] has joined #tlponies
18:08:39 <Dot> and you bio?
18:11:33 -!- DuB` [~DuB@66-219-235-226.dynamic.ip.veracitynetworks.com] has joined #tlponies
18:11:59 <DuB`> wew
18:12:05 <Dot> DUB
18:12:09 <DuB`> DOT
18:18:12 <carcinization> dubbles
18:20:33 <DuB`> I too add "kashi ga wakaranai" to most songs, carcinization
18:20:36 <DuB`> Haha
18:22:51 -!- Camail [~Camail@45.40.84.145] has joined #tlponies
18:22:51 -!- mode/#tlponies [+v Camail] by Q
18:46:13 <carcinization> cam
18:46:16 <Camail> reif
18:46:29 <Camail> have you beaten sts yet
18:46:47 <Camail> i've been on a rimworld kick so i havent ground it out yet
18:46:57 <carcinization> no i done one asc run and died at final boss
18:47:06 <carcinization> how do you win?
18:47:35 <Camail> i'm not 100% on this, but i think you need to win once on each character
18:47:43 <Camail> dunno if it needs to be asc or not
18:47:51 <Camail> then you get the ability to pick up 3 keys
18:48:37 <Camail> you pick up one from the bonfire instead of upgrading/resting, one from a special elite, and one from a chest instead of getting a relic
18:48:51 <Camail> dunno if those have to be in asc or not either
18:49:10 <carcinization> neat. i'll try soon but i only do asc/daily now
18:49:13 <Camail> then after act 3 you go to a special act 4, and i know almost nothing about that
19:08:41 <DuB`> https://i.imgur.com/oHrcivQ.gifv
19:25:15 <DuB`> I'm on NA OW
19:30:47 <Camail> dont fall
19:38:30 <Camail> skram wanna do d3 bounties or rifts to fill out your set
19:40:28 <DuB`> ME 2
19:41:36 <Camail> i dont wanna do grifts, but i do want to get skram his necro set and you can reroll some set pieces to try and get some ancients
19:42:17 <DuB`> Primal ancient deathwish or yang's recurve MMMM
19:42:26 <Camail> cuz i can farm really fast with my crus but cant to mp grifts
19:42:46 <Camail> but skram hates me
19:42:55 <DuB`> :(
19:43:10 <Camail> him getting his set will increase our dps more than anything else
19:44:17 -!- Rawr|Fone [~AndChat52@84-217-62-32.customers.ownit.se] has joined #tlponies
19:46:22 -!- BioPone [~androirc@12.33.239.117] has joined #tlponies
19:47:19 <skram> i dont hate you cam
19:47:23 <skram> im just scared of my feelings
19:47:53 <Camail> thats how you know they're real
19:48:32 <skram> lets do the bounties then
19:55:41 * skram slaps Camail around a bit with a large trout
19:55:42 <DuB`> This Camail doesn't even come to his own party
19:55:53 <Camail> oops
20:07:06 -!- Golly [~Golly@cm-84.212.249.112.getinternet.no] has joined #tlponies
20:07:49 <Rawr|Fone> Very rude
20:11:59 <Dot> rawr snela
20:12:15 <Rawr|Fone> No u!
20:12:24 <Rawr|Fone> Skärpning dot
20:18:57 * Zoonds eats rawr
20:19:49 * Rawr|Fone noms Zoooonds
21:40:30 <Rawr|Fone> 🐴🐴🐴
21:41:01 <Dot> what you up to rawr
21:41:23 <Rawr|Fone> I am about to go to bed
21:45:00 <Dot> good, its late
21:58:30 <skram> I wanted to get the nintendo today but for some reason its just as expensive today as it was on release?? :(
22:03:49 <Camail> nintendo doesnt believe in sales
22:04:03 <Camail> you could get after market from cheaper, is my guess
22:10:22 <Dot> skram be richer
22:10:43 <DuB`> "RSVP Required!"  "Click on which event you are RSVPing for"
22:10:49 <DuB`> "Thanks for confirming your attendance!"
22:10:57 <DuB`> ...
22:11:03 <DuB`> I want to RSVP "NO"!
22:12:28 <DoT|Phone1> lol
22:12:43 <DoT|Phone1> forced socialising
22:14:44 <DuB`> Well it's in california so unless they abduct me I ain't going
22:16:19 -!- reimeuk [~reificati@cpc76294-cosh16-2-0-cust297.6-1.cable.virginm.net] has joined #tlponies
22:16:27 <skram> maybe you should go
22:16:37 <skram> ive heard that california knows how to party
22:17:09 <skram> DoT|Phone1 its just that i dont think i wanna pay 300 pounds to play a zelda
22:18:09 <DuB`> Yeah man those accountant parties...
22:19:02 <DoT|Phone1> well budgeted for dub
22:23:54 -!- Bio [~BioPon@97.70.181.149] has joined #tlponies
22:44:24 <reimeuk> skram you could emu the zelda?
22:44:49 <Bio> emu the link*
22:44:56 <Bio> zelda is the horse
22:45:11 <Bio> also henlo
22:45:28 <DuB`> Sillybio
22:45:38 <skram> I guess reif
22:47:25 <reimeuk> no bio you are the horse
22:47:35 <Bio> correct
22:47:35 -!- Phearlock [webchat@cloak-e3kb14bi.208.146.128.getinternet.no] has joined #tlponies
22:47:41 <reimeuk> hi phear
22:47:48 <Phearlock> Hey =)
22:51:05 <Bio> horsen.
22:53:39 <skram> how dare you
22:55:31 <Bio> pls
22:55:48 <Phearlock> horsers
22:56:22 <skram> ferlolk i s2g
22:56:55 <Phearlock> wat
22:57:39 <Bio> sandwich 2 go
22:57:52 <Bio> obviously he wants a sandwich
22:57:59 <Bio> me too buddy
22:58:31 <Phearlock> sandwiches are pretty nice
23:11:45 <Bio> they are
23:11:49 <Bio> so i made one
23:11:59 <Bio> (mostly cause thats all that i can make for the dinner
23:12:17 <Bio> well i could have made mac and cheeze
23:12:23 <Bio> but sammich is nice
23:14:49 <DuB`> Well now I want one
23:14:54 <DuB`> I shall have one!
23:14:59 <DuB`> (Or two mwahaha)
23:15:07 <Bio> don't let ur memes be dreams
23:15:10 <Bio> D O I T
23:20:12 <DoT|Phone1> I read till to late again
23:20:16 <DoT|Phone1> Gnight horses
23:20:20 <DuB`> :D
23:20:22 <DuB`> G'night
23:34:48 <Cane> Camail, rapha + DaHanG stream coming, 2v2s on PTS according to stream title.
23:35:13 <Camail> ah, any cool recent changes?
23:36:36 <Cane> I have a meme that perfectly sums them up.
23:36:46 <Cane> https://i.redd.it/5vxc7py7d6w11.jpg
23:37:51 <DuB`> Hahaha
23:38:02 <Cane> Hey DuB`. <3
23:38:14 <DuB`> <3
23:48:45 <Bio> hello mr cane
23:48:52 <Cane> Hello hello!
23:51:11 <Camail> lul
23:51:23 <Camail> removing the scream, or making everyone scream, are the only options
