00:10:36 <Dot`> RAWR https://imgur.com/gallery/heB49hm
00:10:40 <Dot`> cane
00:12:48 <Dot`> Dub https://imgur.com/gallery/9Pz74
00:13:07 <Dot`> more dub https://imgur.com/gallery/ktWN4
00:23:36 <DuB`> i DO
00:23:39 <DuB`> love bribs
00:36:05 <Cane> Adorable birbs. <3
00:48:58 <Zounds> nn ponz
00:52:45 <Bio> iiiiiitttttttssssssss CRIT ROLE DAY
00:53:09 <DuB`> O YA I FORGAT
00:58:25 <Micen> Dub, i literally reminded you of that before we played
00:58:36 -!- tredc [~AdiIRC@c83-251-161-94.bredband.comhem.se] has joined #tlponies
01:00:19 <DuB`> But then I forgot!
01:00:29 <Micen> shame shame dub
01:12:23 <Bio> Dub the werst confrimed
01:13:57 <Micen> time to watch RollPlay until crit role
01:27:57 <Dot`> you watching the stuff with day9?
01:29:49 <Micen> i am starting Court of Swords, which isnt that what dayJ is in a few eps later?
01:30:46 <Dot`> yea
01:30:59 <Dot`> cant recall how many ep in that is
01:31:23 <Micen> I really like Kobel's style of DMing
01:32:01 <Dot`> hes a good DM
01:35:29 <Micen> Also, i am planning on running a D&D game, but the schedule will be built around Australia time, so who knows what that will look like time wise. 
01:35:35 -!- tredc [~AdiIRC@c83-251-161-94.bredband.comhem.se] has joined #tlponies
01:35:38 <Micen> if anyone is interested. 
01:37:00 <Dot`> why au time?
01:37:40 <Micen> Brothers gf is au and she is the one with a job. and they are the two players. 
01:39:32 <Micen> and brother wont play without her, and is mostly on her schedule for sleep anyway
01:40:24 <Dot`> scheduling is such fun...
01:40:48 <Micen> I think that that is like 90% of D&D
01:40:49 <Dot`> sure micen, depending on more precise times, i can probably play
01:41:17 <Micen> okay, ill let you know when i hear back from her about her current schedule.
01:42:45 <skram> I'd play but I need to know the exact time
01:43:03 <skram> australia is like 10 hours ahead of me
01:43:11 <Dot`> will you be a dorf barbarian skram?
01:43:27 <Micen> all the dwarves are dead in my setting 
01:43:39 <skram> well fukk all y'all then
01:43:47 <Micen> skram, you will be the last
01:44:13 <Micen> nah, i havent thought much about setting yet actually 
01:44:30 <skram> new dwarfington
01:44:35 <skram> and the war on new elfington
01:44:43 <Dot`> population : 1
01:44:55 <Micen> i want to have a session zero and figure out what people are wanting. 
01:45:08 <Dot`> i want pizza
01:45:30 <skram> i want pictures of cats
01:45:38 <Micen> come here dot, i have some pretty good for a frozen pizza, pizza
01:46:04 <Micen> i make one every Thursday for dnd watching
01:46:22 <Crisium> za
01:53:22 <Dot`> what books allowed micen?
01:55:19 <skram> the BIBLE
01:56:38 <Micen> all official published, but do note that my brother and his girlfriend are new player. 
01:57:16 <Dot`> so i need a srs hat, got it
01:57:34 <Dot`> ?srs
01:57:46 <Dot`> ah yes :/
01:58:22 <Crisium> http://i0.kym-cdn.com/photos/images/original/000/369/848/151.jpg
01:58:51 <Dot`> in colour? what is this sacralidge
01:59:04 <Crisium> now presented in glorious technicolor
01:59:05 <skram> much better
01:59:09 <skram> the future is now, old man
02:20:37 <skram> Dot`
02:59:32 <Micen|Droid> Crit role time 
03:01:03 <Micen|Droid> Its on.
03:01:05 <Micen|Droid> On time
03:06:46 <Bio> DICE TIME
03:10:22 <Micen|Droid> Dot`: t skram, h
03:10:59 <Micen|Droid> Dot` skram after 6pm perth time. So like two hours before dots dnd start time
03:11:50 <Micen|Droid> Like time doesnt have to change really at all. 
03:30:32 <Micen|Droid> This is great. 
03:34:19 <Bio> I was worried that I wouldn't like jester's voice ep 1
03:34:24 <Bio> i'm glad I'm wrong
03:37:07 <Micen|Droid> Jester is the best
03:38:06 <DuB`> https://i.imgur.com/T06xHEe.gifv
04:23:31 <skram> that sounds pretty good micen
04:25:36 <Micen|Droid> And what days are you good for skram? 
04:28:08 <skram> i have a 6-week repeating schedule
04:28:27 <skram> im at work every 3rd weekend and the rest is all random
04:29:01 <skram> ill send you a copy when i get to work
04:29:21 <Micen|Droid> Alrighty. 
04:30:13 <Bio> Fjord Expedition
04:31:15 <Micen|Droid> I almost fell off my couch
04:32:11 <skram> i dont even know what characters they're playing this campaign
04:33:02 <Bio> This is one of those DnD nights
04:33:19 <Bio> where everyone is slap happy and the dm just wants to kill the PC
04:33:21 <Bio> s
04:33:42 <skram> sounds like every game of dnd ive played ever
04:34:35 <Bio> some nights are better than others
04:35:28 <Micen|Droid> Nah. Mercer is having fun. It doesn't look like his angry face. 
04:50:42 <Micen|Droid> Okay maybe now
05:01:25 <Bio> he definitely wanted to be inside this place earlier lol
05:47:54 -!- Golly [~Golly@1.92-221-121.customer.lyse.net] has joined #tlponies
05:50:21 <Micen|Droid> I get the feeling this wouldn't have happened if they went. 
06:11:08 -!- BioSC [~BioPon@108-72-8-181.lightspeed.stlsmo.sbcglobal.net] has joined #tlponies
06:19:30 <Rawr|Fone> 🐴🐴🐴
06:21:38 <Micen|Droid> Hi rawr
06:21:51 <Rawr|Fone> Good morning
06:22:00 <Micen|Droid> .roll d20 to boop rawr
06:22:17 <Rawr|Fone> .roll d20 to tickle micen
06:39:09 -!- Rawr|Phone [~AndChat52@m83-185-89-99.cust.tele2.se] has joined #tlponies
07:13:19 -!- Dot`_ [~quassel@94.3.39.48] has joined #tlponies
07:17:45 <DuB`> https://twitter.com/TriaElf9/status/964384484983386113
07:19:47 <Micen|Droid> Dang. That's a good picture
07:57:04 -!- skram [~skram@109.203.14.204] has joined #tlponies
07:59:45 -!- Micen [~Micen@h28.75.23.98.dynamic.ip.windstream.net] has joined #tlponies
08:05:51 <Rawr|Phone> 🐴🐴🐴
08:44:35 <Camail> I don't know how deep subnautica goes, but it goes way deeper than i expected
08:47:11 -!- Dot` [~quassel@94.3.39.48] has joined #tlponies
08:47:33 <Camail> and when you go deeper it gets scarier!
08:47:57 <Camail> and really i just wanted to scan them
09:01:50 <Dot`> morning pons
09:02:23 <Rawr|Phone> Dot dot dot
09:02:53 <Dot`> Rawr rawr rawr
09:02:56 <Rawr|Phone> <3
09:02:56 <Dot`> <3
09:17:11 -!- Dot`_ [~quassel@94.3.39.48] has joined #tlponies
09:17:22 <Dot`_> .r srs http://i0.kym-cdn.com/photos/images/original/000/369/848/151.jpg
09:17:54 <Dot`_> .r Silly as a Swede
09:18:10 <Dot`> intresting
09:18:15 <Dot`> it recalls osme things
09:20:03 <Dot`> ?rawr`
09:20:05 <Dot`> ?rawr
09:20:45 <Rawr|Phone> Sweetie does her best
09:25:30 <Dot`> its all we can ask
09:31:51 <Dot`> micen
09:31:58 <Micen|Droid> Yo
09:32:28 <Dot`> 2 hours before my dnd time? you mean the 3om start time or the start time we tried and failed on friday
09:32:34 <Micen|Droid> You interupted me going down pony memory lane on youtube 
09:33:32 <Micen|Droid> Somewhere around there yes. 
09:34:17 <Dot`> i gave you 2 options
09:34:38 <Micen|Droid> The normal sunday time 5am my time
09:34:58 <Micen|Droid> Two hours before yours at 7am ish my time
09:35:16 <Micen|Droid> Sorry I misread it. 
09:36:10 <Dot`> so 10 am UTC
09:36:11 <Dot`> i tihnk
09:36:18 <Dot`> no
09:36:30 <Dot`> maybe...
09:37:00 <Dot`> 10am my time is 6 pm Perth time
09:37:14 <Dot`> but my friday session was scheduled for 11 pm
09:37:14 <Micen|Droid> Did I do my math wrong? 
09:37:21 <Micen|Droid> Its entirely possible. 
09:37:28 <Dot`> https://www.worldtimebuddy.com/
09:39:18 <Camail> ok so lesson learned, there is a soft border to the subnautica map filled with big fuck you monsters
09:39:21 -!- Rawr|Fone [~AndChat52@84-217-62-32.customers.ownit.se] has joined #tlponies
09:39:27 <Dot`> haha
09:39:34 <Camail> which has a lot less to do with lore an more to do with murdering you
09:39:36 <Micen|Droid> Okay bec (the gf) said after 6 her time was good  so o figured an hour after that soft time in case things go over
09:40:34 <Dot`> how big an area they give you though cam? did it take you 10 minutes or 2 hours to get to the edge
09:41:17 <Camail> i dont know how big it is, i only hit the edge in one direction
09:41:28 <Camail> which was about 1800m from the escape pod
09:47:39 <Camail> I suspect the pod is near the middle
09:53:21 <Dot`> would make sense
09:59:52 <Dot`> so do we havea  day for session 0 micen? or just a time so far
10:02:04 <Micen|Droid> So far just a time. And then after that sit down with fleshing out character creation with each person seperately. 
10:10:16 <Dot`> what level start?
10:10:44 <Micen|Droid> I was going to do level 1 just because we have two new players. 
10:11:08 <Dot`> so there wont be TOO mch fleshing out of characters
10:11:14 <Micen|Droid> One and a half first time ttrpg players 
10:14:46 -!- Rawr|Phone [~AndChat52@m83-185-89-99.cust.tele2.se] has joined #tlponies
10:15:55 <Micen|Droid> You busy?  I have an idea but its making no sense when I type it out. I could explain it better
10:16:49 <Dot`> sure
10:17:05 <Micen|Droid> Ill be in discord
10:18:36 <Dot`> as am i
10:28:53 <Dot`> skram
10:31:30 <skram> yeah bud
10:33:28 <Dot`> what you up to
10:33:50 <skram> playing wow
10:33:58 <skram> this legion thing is pretty great actually
10:35:05 <Dot`> alliance is best
10:35:11 <Dot`> join discord skram
10:35:43 <skram> ok but only for a lil bit
10:35:48 <skram> i should be asleep a long time ago
11:23:12 -!- Golly [~Golly@1.92-221-121.customer.lyse.net] has joined #tlponies
11:26:32 <Rawr|Phone> Horses
11:26:37 <Dot`> RAWR
11:26:40 <Rawr|Phone> DOT
11:26:57 <Dot`> <3
11:27:08 <Rawr|Phone> <3
11:32:25 <Rawr|Phone> How is your day going dot
11:32:46 <Dot`> its going ok
11:33:33 <Dot`> you sir?
11:36:27 <Rawr|Phone> Great!
11:36:31 <Rawr|Phone> No school
11:43:56 <Dot`> great
11:57:04 -!- tredc [~AdiIRC@c83-251-161-94.bredband.comhem.se] has joined #tlponies
11:57:58 -!- Rawr|Fone [~AndChat52@84-217-62-32.customers.ownit.se] has joined #tlponies
12:07:15 <Dot`> .tellm phearlock Bio , https://itsalwayspony.deviantart.com/art/Queen-Twily-731073189
12:10:08 <CockRoach|42> awww
12:15:24 <Dot`> CR!
12:15:28 <Dot`> you where not here yesterday
12:15:32 <Dot`> in the morning
12:32:55 <CockRoach|42> "in the morning"... my internet dropped at 11 or so
12:33:24 <CockRoach|42> ok, from 9 :)
13:05:49 <Dot`> well micen?
13:06:03 <Micen|Droid> He is reading. 
13:06:40 <Micen|Droid> All of XgtE, the important parts of Volo, phb, Sword coast and EE companion
13:06:52 <Dot`> i do feel drawn to that halfling paladin, but am happy with wizard/warlock
13:07:06 <Dot`> so martial or magic for me, to fill in with whatever he does
13:07:10 <Micen|Droid> Well the parts pertaining to creation. 
13:50:33 -!- Dot`_ [~quassel@94.3.39.48] has joined #tlponies
13:53:19 <Dot`_> i am home
13:55:15 <Dot`_> micen, where you going to be running this from? you making a discord for it?
13:55:33 <Micen|Droid> Yar. And roll20
13:55:39 <Dot`_> well yea, roll20
14:12:51 <BioSC> gmorn
14:12:59 <Dot`> Bio <3
14:19:37 <BioSC> dorters
14:21:16 <Dot`> hows you
14:21:23 <BioSC> ok
14:21:29 <BioSC> still kinda sick
14:21:38 <Bio> but better than a few days ago
14:21:56 <Dot`> good
14:33:15 -!- Runbunny [~Runbunny@91.100.28.10] has joined #tlponies
14:35:01 <Rawr|Fone> Anders!
14:35:03 <Rawr|Fone> Fren
14:37:48 <Dot`> Angel!
14:57:25 <Bio> purple horse best horse
15:16:15 <Runbunny> Hai.
16:12:03 <Runbunny> actually I have to go.
16:12:17 <Dot`> D:
16:12:19 <Dot`> rawr
16:21:51 -!- Zounds [webchat@cpc108453-cowc8-2-0-cust8.14-2.cable.virginm.net] has joined #tlponies
16:22:00 <Zounds> goodhorses
16:22:49 <Dot`> goodZounds
16:25:42 <Zounds> goodfillys
16:25:43 <Zounds> hi
16:27:59 <Bio> neigh horses
16:31:54 <Dot`> CR!! its time! https://www.reddit.com/r/DnD/comments/7xztqz/art_dungeons_and_doggos_37_clues/
16:43:09 -!- DuB` [~DuB@66-219-235-64.dynamic.ip.veracitynetworks.com] has joined #tlponies
16:43:13 <DuB`> owo
16:44:18 <Zounds> dub on the haterz
16:44:40 <Dot`> A DUB
16:44:44 <Dot`> the best dub
16:45:00 <Zounds> #subsnotdubs
16:45:18 <DuB`> lolol
16:47:22 <DuB`> https://twitter.com/CieloBuio/status/964273695899504641
16:48:12 <Dot`> i forgot about the crit role rebraodcast
16:48:17 <Dot`> will have to cath one tomorw
17:06:13 <Dot`> https://i.imgur.com/lCivCA8.jpg
17:18:26 -!- tredc [~AdiIRC@c83-251-161-94.bredband.comhem.se] has joined #tlponies
17:26:10 <CockRoach|42> Dot`: such good doggos!
17:26:14 <CockRoach|42> quite rude tho :/
17:26:16 <Dot`> they are indeed
17:40:26 -!- DoT|Phone [~Dot@94.3.39.48] has joined #tlponies
17:40:50 <DoT|Phone> dub dub
17:47:47 <DuB`> dot
17:48:27 <DoT|Phone> how's you
17:48:40 <DuB`> gewd
17:48:46 <DuB`> Mornin' oberwaj :D
17:51:17 <DoT|Phone> nice
17:53:43 <Rawr|Fone> Shouldn't you be in school dub
17:54:13 <DuB`> no
17:56:23 <Rawr|Fone> What kind of lazy school do you go to?
18:08:46 <DuB`> One that I registered for no Friday classes in
18:09:07 <Bio> this
18:44:09 <Dot`> CockRoach https://imgur.com/gallery/z05iKbP
18:57:20 -!- skrm [webchat@185.7.220.32] has joined #tlponies
18:57:32 -!- tredc [~AdiIRC@c83-251-161-94.bredband.comhem.se] has joined #tlponies
18:59:18 <Dot`> skrm!
18:59:29 <Dot`> i was just wandeirng if you even woke up for work
19:00:58 -!- DoT|Phone [~Dot@94.3.39.48] has joined #tlponies
19:01:42 <skrm> barely Dot` 
19:12:20 <Dot`> you should get more sleep
19:21:21 <skrm> ok
19:22:31 <Dot`> skrm, i am tihnking high elf wizard
19:22:43 <skrm> ugh
19:22:44 <skrm> no
19:23:12 <Dot`> you say that about everything but dorf barb
19:23:49 <skrm> look you can be whatever class you want
19:23:52 <skrm> as long as its a dwarf
19:24:23 <Dot`> if only there was a dwarf class
19:24:28 <Dot`> then you could be dwarf dwarf
19:24:55 <skrm> perfect
19:57:20 <Dot`> skrm https://i.imgur.com/l03oMpV.jpg
20:06:33 <Zounds> is your wow character a dwarf skrm
20:07:01 <skrm> If I were alliance then yeah obviously
20:07:14 <Dot`> your fault for not being alliance
20:07:55 <skrm> All my fucking friends think horde is SOoOO KEWL so I have to be fuckin horde
20:08:25 <skrm> Trolls are OK, should've been a tauren though
20:09:18 <Zounds> Yeh horde is the normie faction these days
20:09:42 <Zounds> Trolls, Orcs and Tauren are all cool
20:09:51 <Zounds> UD and elves get out
20:10:15 <skrm> orcs are scum and pandas are a stupid idea
20:10:40 <Zounds> I'm kinda meh on pandas overall
20:10:43 <Zounds> My shaman is a panda
20:10:50 <Zounds> she has good hips
20:11:02 <Zounds> and I kinda liked pandaria
20:11:05 <Zounds> so overall i'm for them I guess
20:11:39 <skrm> i disliked almost everything about pandaria
20:12:05 <skrm> draenor was pretty fun
20:12:30 <skrm> but the multiple timeline thing is getting a bit convoluted
20:14:24 <skrm> wow in general is a lot more casual friendly these days
20:20:36 <Zounds> It was always casual friendly
20:20:45 <Zounds> casual has just become more casual over the years xD
20:21:31 -!- Yoltphone [~androirc@243.77.126.78.rev.sfr.net] has joined #tlponies
20:21:48 <Yoltphone> Hi pones !
20:22:04 <Dot`> Yolt <3
20:22:08 <Dot`> you american yet?
20:22:19 <Yoltphone> Dot <3
20:22:33 <Yoltphone> Right now I'm so sick
20:22:52 <Yoltphone> Flu is killing me :(
20:25:32 <CockRoach|42> pls no ded
20:25:40 <Dot`> rip
20:25:48 <Dot`> no hamburgers for you
20:26:54 -!- Camail [~Camail@45.40.84.145] has joined #tlponies
20:26:54 -!- mode/#tlponies [+v Camail] by Q
20:27:37 <skrm> I disagree zounds, vanilla wasnt casual friendly in the least
20:27:43 <skrm> honestly it wasnt friendly to anyone
20:27:57 <Camail> if we're talking about vanilla wow, hell yea it was terrible for casuals
20:28:12 <Camail> i never even hit level cap the grind was so fucked
20:28:25 <Zounds> It was relative to other games at the time
20:28:57 <Zounds> As long as you didn't expect to clear every raid you could have a lot of fun as a casual
20:29:29 <Camail> i think the gulf between casual and raiding guild is very large
20:29:35 <Camail> like, job vs not job
20:30:12 <Yoltphone> I was at mc donalds at 6pm dot
20:30:18 <Yoltphone> 😁
20:30:41 <skrm> I dont know zounds, just levelign to 60 took you 20 days if you were quick and most quests were bland and unimpressive
20:30:59 <Zounds> Was WoW your first MMO?
20:31:07 <Zounds> I came from SWG and WoW was babys first in comparison
20:31:14 <Zounds> a lot better, but also very straightforward
20:31:23 <Camail> why does WoW being less shit than old mmos make it good?
20:31:44 <Camail> we can all agree it learned a lot from old school stuff
20:31:52 <Camail> and by far it is better for casuals
20:32:00 <Camail> doesn't make it fun for them
20:32:15 <Camail> but then again
20:32:31 <Camail> the casuals at the VERY beginning would know about the boring old stuff and like the novel new stuff
20:32:32 <Zounds> What is "casual" has changed a lot over the years kinda what I was originally saying
20:33:35 <Zounds> You say the quests were bland skram but it having quests at all is relatively "casual"
20:33:53 <skrm> I played AA and GW before wow
20:33:56 -!- tredc [~AdiIRC@c83-251-161-94.bredband.comhem.se] has joined #tlponies
20:34:35 <Zounds> Nowdays you aint far behind the gear curve with a few hours a week so yes it's better for casuals now
20:34:49 <skrm> my point is
20:35:26 <skrm> i have 1 day played at 110 and I feel like I have come as far as I did after like 50 in ye olde times
20:36:04 <skrm> very rewarding if you have a group of nerds but also a lot of work
20:37:13 <Zounds> Personally I much prefer older versions of WoW to modern day
20:37:31 <Zounds> Even playing on a private server last year I had a lot of fun getting a guy to 60 and raiding a bit
20:38:39 <skrm> I mean I did the same and had a bunch of fun but I wonder how much of that is because I played day and night through all of that before
20:39:25 <Zounds> I think it's just way more engaging
20:39:38 <Zounds> All the mini stories you create just by leveling
20:40:28 <Camail> I'm gonna say thats an individual experience thing, my experience in wow was that I was doing the same thing over and over again
20:40:37 <Camail> that's 100% not a design feature
20:40:49 <skrm> I think some of it came from the fact that there were no cross-realm interaction, so every realm was its own thing and had its own lore
20:41:34 <Zounds> Yeh you're still doing the same thing over and over again today in WoW cam
20:41:36 <Zounds> that much hasn't changed
20:42:06 <Zounds> Though the raids are better now I'd say
20:42:08 <skrm> Its all kobolds of different shapes
20:42:21 <Zounds> Well more interesting mechanics in the boss fights at least
20:42:35 <skrm> true true
20:43:40 <skrm> Remember nefarius in BWL? He had an ability that just broke your hunter weapon mid-fight and you had to bring at least 1 spare and do repairs between tries
20:43:56 <skrm> lots of un-fun mechanics 
20:44:15 <Zounds> Yeah I did almost everything except Naxx
20:44:19 <Zounds> never set foot in there
20:44:37 <CockRoach|42> .tell Rawr|Fone https://imgur.com/gallery/qYPs6v9
20:45:30 <Zounds> Honestly I was at my happiest just farming in AV all day
20:45:39 <Zounds> I probably would get bored pretty quick doing that these days
20:46:09 <Zounds> Now that I am older and harder to please :p
20:48:24 <CockRoach|42> .tell Rawr|Fone https://i.imgur.com/8Br0b8H.jpg
20:49:23 <skrm> Ah, the 12 hour AV battles
20:49:30 -!- tredc [~AdiIRC@c83-251-161-94.bredband.comhem.se] has joined #tlponies
20:49:30 <skrm> before pvp gear really was a thing
20:49:49 <skrm> and you gathered shit to summon bosses and whatnot
20:50:35 <skrm> I'd just hide in bushes with elf stealth and aimed shot unsuspecting horde scum
20:52:21 <Zounds> A noble endevour
21:10:24 <Camail> alliance children...
21:16:17 <Zounds> ~30% of the horde are blood elves
21:16:25 <Zounds> they lost their balls a long time ago
21:41:30 <Dot`> skrm
21:41:50 <skrm> yeah buddy
21:43:12 <Dot`> hows it going? you get coffee?
21:45:17 <skrm> Its not going very well to be honest
21:45:57 <skrm> turns out snow doesnt burn very well
21:46:47 -!- Runbunny [~Runbunny@91.100.28.10.generic-hostname.arrownet.dk] has joined #tlponies
21:47:00 <Runbunny> Actually I am back.
21:47:41 <Rawr|Fone> Anders!
21:47:45 <Rawr|Fone> Welcome
21:48:16 <skrm> anders
21:50:46 <Runbunny> Thank you, thank you.
21:51:42 <Runbunny> Jonas, Henrik. How are your fridays going?
21:53:30 <Rawr|Fone> Friday is almost over, but it was a great day
21:54:05 <skrm> its pretty meh anders
21:55:24 <Dot`> rawr, is always great, its nice
21:58:56 <Rawr|Fone> You are great dot
21:59:24 <Micen|Droid> Good morning
21:59:29 <Dot`> Hedge micen
22:00:56 <Rawr|Fone> .tell cockroach|42 <3
22:02:26 <CockRoach|42> <3
22:12:14 <skrm> good morning micne
22:12:16 <skrm> micen
22:12:28 <Micen|Droid> Hello skrm
22:12:49 <Zounds> heya micen
22:12:56 <skrm> rawr quick question
22:13:13 <skrm> which chain saw manufacturer do they use in your village
22:13:54 <CockRoach|42> that is a rather odd question
22:14:22 <skrm> is that not a thing in swedistan
22:14:27 <Rawr|Fone> I do not think I'm the right person to ask
22:14:37 <skrm> then again
22:14:41 <skrm> none of you live in villages
22:15:06 <CockRoach|42> i live in a cave
22:15:47 <CockRoach|42> brands that exist and people use are husqvarna and stihl
22:15:57 -!- tredc [~AdiIRC@c83-251-161-94.bredband.comhem.se] has joined #tlponies
22:16:02 <CockRoach|42> (other brands are available)
22:16:28 <skrm> husqvarna4lyf
22:16:43 <DuB`> ???
22:17:07 <CockRoach|42> !!!
22:17:44 <Micen|Droid> There any Overwatch being played soon? 
22:18:16 <skrm> never again
22:18:33 <DuB`> D:
22:19:49 <DuB`> I've just been doing arcade all morning.
22:38:01 <Bio> fug
22:42:26 <DuB`> Oof
22:42:39 <DuB`> Who jumped in discord just now? I was half afk
22:50:21 -!- Crisium [~Crisium@24.3.158.64] has joined #tlponies
22:51:42 -!- Cane [~Cane@CaneCraft.users.quakenet.org] has joined #tlponies
22:51:42 -!- mode/#tlponies [+o Cane] by Q
22:51:43 <Micen> oh it was me, i was seeing if you were playing dub
22:52:03 <Micen> were still playing video game
23:51:41 <Bio> this day has gone by so slow
23:53:53 <Crisium> slowpon
