00:16:42 <skrma> theres a new sprite
00:16:46 <skrma> with cucumbers in it
00:16:49 <skrma> its terrible
00:19:01 <skrma> Dot` what you up to
00:19:55 <Dot`> was studying, in bed now, i work tomorpw
00:20:25 <skrma> right
00:20:28 <skrma> whens your exam
00:20:37 <Dot`> 18th
00:22:16 <skrma> soon!
00:22:31 <Dot`> thanks
00:57:07 <skrma> you're gonna win it right
01:40:38 <Micen|Droid> Hello
01:40:53 <Micen|Droid> I live. 
01:49:02 <DuB`> This is good, Micen|Droid.
02:10:11 <Bio> i bek
02:11:12 <Micen|Droid> It's giant fighting time
02:26:44 <Camail> holeeeeeeee shit
02:26:59 <Camail> first turn was a doozy
02:36:33 <Bio> RIP YASHA
02:37:31 <Bio> yasha almost fuckin died
02:45:29 <Bio> NO WAY
02:47:01 <Micen|Droid> Holy hell 
02:47:10 <Micen|Droid> I don't believe it 
02:47:11 <Bio> the giant had less than 26 hp left
02:50:51 <Bio> of course they waste it
02:50:52 <Bio> lol
02:53:47 <Micen|Droid> Talisen is salty about all these high rolls 
02:54:46 <Bio> he hasn't hit a vicious mockery in a while
02:58:55 -!- Cane [~Cane@CaneCraft.users.quakenet.org] has joined #tlponies
02:58:55 -!- mode/#tlponies [+o Cane] by Q
03:06:36 <Micen|Droid> Oh, am I alive in our game bio?
03:08:01 <Bio> yes
03:08:15 <Bio> you have not been eated by kobolds yet
03:09:30 <Micen|Droid> Okay. And we play again Saturday? 
04:29:35 <Camail> this is adorable
04:44:18 <Camail> oh boy
04:44:21 <Camail> what what what
04:44:24 <Camail> this is a bold move
04:45:53 <Camail> OHHHH
04:46:37 -!- Micen|Droid [~Micen@h165.170.91.75.dynamic.ip.windstream.net] has joined #tlponies
04:46:55 <Micen|Droid> My phone restarted. 
05:08:14 -!- Cane [~Cane@CaneCraft.users.quakenet.org] has joined #tlponies
05:08:14 -!- mode/#tlponies [+o Cane] by Q
06:20:22 <Rawr|Fone> 🐴🐴🐴
06:29:14 -!- Micen|Droid_ [~Micen@99-203-5-130.pools.spcsdns.net] has joined #tlponies
06:31:30 -!- Micen|Droid__ [~Micen@h165.170.91.75.dynamic.ip.windstream.net] has joined #tlponies
06:33:38 -!- Rawr|Fone [~AndChat52@77.218.227.15] has joined #tlponies
07:11:39 <Dot`> mornig all
07:35:08 <CockRoach|42> morning dot
07:39:41 <Dot`> hey cr
07:48:06 <CockRoach|42> today is doggo day! :DDD
07:50:34 <Dot`> yes it is!
07:50:44 <Dot`> i will be at work when its released D:
08:00:43 <CockRoach|42> :(((
08:17:32 <Dot`> DUB
08:17:35 <Dot`> DuB`
08:17:37 <Dot`> Daaab
08:23:36 -!- Phearlock [~Phearlock@cm-84.209.250.127.getinternet.no] has joined #tlponies
08:23:36 -!- mode/#tlponies [+v Phearlock] by Q
08:23:43 <Dot`> pear pon!
08:23:44 <DuB`> Dot`!
08:23:48 <Dot`> Duuub
08:23:54 <Dot`> you enjoying game then?
08:23:59 <DuB`> Quite
08:24:04 <Dot`> what class you pick?
08:24:04 <DuB`> DnD whenever! :P
08:24:07 <Dot`> haha
08:24:27 <DuB`> I made Vanessa
08:24:29 <Dot`> there are MANY games that are DnD, so you wont be sad when you finish this one at least
08:24:29 <DuB`> :D
08:25:38 <DuB`> Made it to big city, time for very late slepp
08:25:44 <DuB`> ack
08:25:51 <Dot`> gnight dub <3
08:26:02 <Dot`> and i need to go to work
08:43:10 -!- DoT|Phone [~Dot@79.77.172.39] has joined #tlponies
08:54:42 <DoT|Phone> Rawr Rawr Rawr
09:16:24 <Rawr|Fone> Dot Dot Dot
09:18:23 -!- tredc [~AdiIRC@c83-251-161-94.bredband.comhem.se] has joined #tlponies
09:20:12 <DoT|Phone> ❤
09:57:16 <DoT|Phone> all alone
10:11:42 <CockRoach|42> aww
10:57:53 <Rawr|Fone> Dot
11:06:19 <DoT|Phone> Rawr
11:15:23 <Rawr|Fone> ❤❤❤
11:19:00 <DoT|Phone> :)
11:19:07 <DoT|Phone> How's you Rawr
11:21:09 <Rawr|Fone> Goood
11:21:16 <Rawr|Fone> Got third place today
11:25:57 <DoT|Phone> Nice!
12:09:44 -!- Dot [~quassel@90.197.149.26] has joined #tlponies
12:10:02 -!- tredc [~AdiIRC@c83-251-161-94.bredband.comhem.se] has joined #tlponies
12:34:06 <DoT|Phone> bored
12:45:03 <Rawr|Fone> Pls dot
12:47:01 <DoT|Phone> Rawr snela
12:47:13 <Rawr|Fone> No u
12:47:16 <Rawr|Fone> Skärpning
12:47:20 <DoT|Phone> I'm still here hours and there is nothing to do
12:51:47 -!- BioSC [~BioPon@108-72-8-181.lightspeed.stlsmo.sbcglobal.net] has joined #tlponies
12:52:03 <Rawr|Fone> Sounds boring dot
12:55:40 <DoT|Phone> indeed
12:56:04 -!- tredc [~AdiIRC@c83-251-161-94.bredband.comhem.se] has joined #tlponies
13:19:46 -!- Runbunny [~Runbunny@91.100.28.10.generic-hostname.arrownet.dk] has joined #tlponies
13:20:13 <Runbunny> Hai.
13:26:20 <CockRoach|42> hi bunbun
13:37:39 <DoT|Phone> hey Runbun
13:57:56 -!- DoT|Phone [~Dot@79.77.172.39] has joined #tlponies
14:03:24 -!- Zounds [webchat@cpc108453-cowc8-2-0-cust8.14-2.cable.virginm.net] has joined #tlponies
14:06:25 <Zounds> hello tlp
14:09:12 <CockRoach|42> hi Zounds 
14:09:34 <Zounds> CR o.
14:09:38 <Zounds> o/*
14:09:51 <DoT|Phone> hey Zounds
14:36:42 -!- Dot` [~quassel@90.197.149.26] has joined #tlponies
15:49:17 -!- Dot [~quassel@90.197.149.26] has joined #tlponies
15:49:46 -!- tredc [~AdiIRC@c83-251-161-94.bredband.comhem.se] has joined #tlponies
15:56:41 -!- Zounds [webchat@cpc108453-cowc8-2-0-cust8.14-2.cable.virginm.net] has joined #tlponies
16:09:03 -!- DuB` [~DuB@65-130-16-140.slkc.qwest.net] has joined #tlponies
16:09:13 <DuB`> Goooood ohayou
16:12:51 <Dot> i hooome
16:12:53 <Dot> hello horses
16:13:19 <DuB`> DOT
16:13:25 <Dot> DUB
16:18:16 <DuB`> https://www.youtube.com/watch?v=vjSohj-Iclc
16:18:25 <DuB`> Robit gets more exercise than I do :P
16:18:29 <Dot> ROBITS
16:19:35 <Dot> CR!!!
16:19:36 <Dot> https://www.reddit.com/r/DnD/comments/8iod7q/art_dungeons_and_doggos_49_roll_on/
16:19:39 <Dot> DOGGOS
16:20:36 <Dot> Tonka is best bard
16:37:32 <CockRoach|42> doggos :D
16:46:00 <Dot> Dub https://imgur.com/gallery/cXAVDOG
16:51:00 <DuB`> I want one fox, one owl, and one parrotbirb.
16:51:03 <DuB`> To go, please.
16:52:15 <Dot> and an otter
16:52:26 <Zounds> I want a wee doggie too
16:52:30 <Zounds> Or a big doggie
16:52:39 <Dot> and a large one
16:52:43 <Dot> or 2
16:53:04 <Dot> write a list dub so you dont forget
16:53:07 <Zounds> I can't own one here though
16:53:21 <Zounds> Well I can but its quality of life would not be ideal
16:53:35 <Dot> american has space, he must just move to the countryside instead of the cuty
16:53:40 <Zounds> Need space and good places to poop
17:22:52 <BioSC> nej
17:30:56 <Dot> bio
17:31:27 <Bio> me
17:32:40 <Bio> you
17:32:41 <Bio> us
17:32:45 <Bio> in the internet
17:32:54 <Dot> no dnd ?
17:36:58 <Bio> idk
18:13:04 -!- Camail [~Camail@45.40.84.145] has joined #tlponies
18:13:04 -!- mode/#tlponies [+v Camail] by Q
18:17:39 <Zounds> hey cam
18:18:20 <Camail> hi
18:19:29 <Zounds> you know what your dnd campaign needs bio
18:19:31 <Zounds> kobold maidens
18:24:24 <Bio> this is a good idea
18:32:28 <Runbunny> Hello Camail.
18:32:39 <Camail> ranban
18:37:55 <Runbunny> I had my first CS game in like 2-3 weeks.
18:38:01 <Runbunny> It was horrid :/
18:43:52 <Zounds> D:
18:43:56 <Zounds> did they shoot you anders
19:15:29 -!- Dot` [~quassel@90.197.149.26] has joined #tlponies
19:29:16 <Bio> asdf
19:34:18 <Dot`> bio
19:41:14 -!- Dot [~quassel@90.197.149.26] has joined #tlponies
19:59:36 -!- Rawr|Phone [~AndChat52@195-67-134-170.customer.telia.com] has joined #tlponies
20:01:07 -!- DoT|Phone [~Dot@90.197.149.26] has joined #tlponies
20:01:12 <Rawr|Phone> Hors
20:05:35 -!- Phearlock [~Phearlock@cm-84.209.250.127.getinternet.no] has joined #tlponies
20:05:35 -!- mode/#tlponies [+v Phearlock] by Q
20:05:55 <Phearlock> poni
20:07:09 <Zounds> m'fear
20:13:34 -!- Dot` [~quassel@90.197.149.26] has joined #tlponies
20:16:07 <Bio> horsesn
20:33:35 <DoT|Phone> bio https://i.imgur.com/blYg6h1.jpg
20:34:03 -!- tredc [~AdiIRC@c83-251-161-94.bredband.comhem.se] has joined #tlponies
20:38:38 <Camail> Runbunny  and thus the cycle continues
20:39:58 <Runbunny> Yeah
20:40:15 -!- tredc [~AdiIRC@c83-251-161-94.bredband.comhem.se] has joined #tlponies
20:44:43 <Bio> this is gud dot
20:51:34 -!- Dot [~quassel@90.197.149.26] has joined #tlponies
20:53:54 -!- Golly [~Golly@1.92-221-121.customer.lyse.net] has joined #tlponies
21:19:59 -!- skram [~skram@82.147.53.192] has joined #tlponies
21:20:11 -!- Crisium [~Crisium@c-24-3-158-64.hsd1.pa.comcast.net] has joined #tlponies
21:20:37 <skram> hello
21:20:45 <DuB`> There he is!
21:20:47 <DuB`> Henlu
21:21:13 <Crisium> herro
21:21:18 <skram> long day
21:26:40 <Crisium> hmm wonder if my main decayed
21:27:17 <Crisium> ah, 22 hours
21:30:04 <skram> dub zouns kris
21:30:06 <skram> are we wanna play
21:30:35 <Crisium> yes
21:30:39 <Crisium> Zounds
21:30:41 <Crisium> kun
21:30:51 <Zounds> hmm gimmie a few mins
21:31:03 <Zounds> gotta finish slaying some guys in planetside
21:31:11 <skram> what about you DuB`-sama
21:31:39 <Crisium> comp stomp?
21:31:48 <Crisium> or QPEE
21:32:19 <skram> i'd be up for some comp
21:32:29 <Crisium> gotta stomp
21:32:36 <Zounds> Trashknight rises again
21:32:48 <Zounds> I was talking about kobold maidens earlier
21:32:52 <Zounds> is your name related to the webcomic?
21:33:05 <skram> I dont do stomping
21:33:10 <skram> could do some tippy taps
21:34:07 <Crisium> yes
21:34:36 <Crisium> im a few months behind on the comic, but i liked the begins of it at least
21:35:47 <Zounds> I found myself wishing it was just a webcomic on the daily interaction between the dragon and the knight
21:35:53 <Zounds> They are sooper nice
21:35:55 <Crisium> yeah that was the best part
21:35:57 <Zounds> the rest of the stuff wasn't really my thing
21:36:06 <Zounds> except the kobold maidens looked nice I'll give them that
21:36:09 <Crisium> dragon being nerf over weapons lol
21:36:13 <Crisium> nerd*
21:36:35 <Crisium> and the bard was funny too
21:54:27 <Phearlock> I do require more cute dragons and kobolds
21:58:23 <Camail> oh god, phear i just one shot another ship
21:58:36 <Phearlock> oh dear
21:58:39 <Camail> the cannons that do double damage or great
21:58:46 <Camail> are*
21:59:06 <Camail> went from 80 to 0without even touching me
21:59:24 <Phearlock> Not really gotten any special guns yet
21:59:53 <Camail> there not enchanted, tho that would be sick
22:00:00 <Camail> just the shotgun variety sold at the city
22:00:14 <Camail> there's like 5-6 cannon types
22:01:08 <Phearlock> Right, have seen that one.
22:01:34 <Phearlock> Wondering if I should spend money on getting a small ship and upgrading it or just buying a big boat.
22:01:37 -!- tredc [~AdiIRC@c83-251-161-94.bredband.comhem.se] has joined #tlponies
22:02:21 <Phearlock> As I just got to the point of having tons of money (when fine and exceptional weapons equipment starts being so common you can sell most of it)
22:08:08 <Camail> i bought the big boat and slowly upgraded it
22:08:28 <Camail> you have tog et used to spending multiple turns doing things slower
22:08:32 <Camail> like 2 turn turning
22:08:47 <Camail> but the damage is so worth it
22:09:07 <Camail> 5 cannons are strong
22:09:20 <Camail> and you only need 5 cannons because jibbing isn't worth it in a big ship
22:10:13 <Camail> then it costs like another 100k to full upgrade everything else
22:10:46 <Camail> I have one side of normal guns and one side of double barreled death, depending on how far away the game puts me on turn one
22:14:42 <Phearlock> ouch =D
22:19:50 <Camail> this game warrants a second playthrough more than most, there are so many factions that you just don't comprehend the world until quite a bit into the game
22:20:02 <Camail> so a second run can really be played with a purpose
22:20:12 -!- tredc [~AdiIRC@c83-251-161-94.bredband.comhem.se] has joined #tlponies
22:27:59 <Phearlock> I feel like I'm doing ok with not locking out quests by making people angry at me yet.
22:28:10 <Phearlock> A few maybe =)
22:33:27 <Camail> I did that on accident once, and then just now on purpose
22:33:44 <Camail> but i kinda want to make a pirate that attacks everyone but the principi
22:49:59 <Camail> 257 damage in one hit...monk+cipher is really good
22:50:10 <Phearlock> ouch D=
22:50:27 <Phearlock> Warrior/Wizard is working out super well for tanking.
22:50:41 <Camail> i go around 1v1ing the squishies to gain a ton of focus, then one shot big boys
22:50:53 <Camail> turns out raw damage is really good
22:51:39 <Camail> funnily enough the multiclasses that your party can be are the least interesting to me
22:51:52 <Camail> range+wizard is useful but boring
22:51:56 <Camail> ranger*
22:52:13 -!- tredc [~AdiIRC@c83-251-161-94.bredband.comhem.se] has joined #tlponies
22:52:19 <Phearlock> they picked some very reasonable ones. But in that regard, also pretty chill ones.
22:52:37 <Phearlock> I'm enjoying Maias ranger/rogue combo though.
22:53:11 <Phearlock> Adding sneak attack to the normal set of ranged skills is.. well, just darn reliable
22:57:17 <Camail> yea, i guess I just dont like guns in this game, too much time doing nothing
22:57:31 <Camail> so I'm kinda meh on the ranger with the gun focus
22:57:45 <Camail> meanwhile i can be doing so much more dps with anything else
22:58:50 <Camail> pistols are fine, you can get unique items that reduce reload time
22:58:59 <Camail> then it's almost like a normal weapon
23:20:19 <Dot> skram rawr https://imgur.com/gallery/lQTJ8tx
23:21:10 <skram> What an odd polar bear
23:23:07 <skram> I had some IKEA pizza today
23:23:09 <skram> I give it 3/10
23:23:37 <CockRoach|42> did you have to assemble it yourself?
23:24:21 <Phearlock> I've tasted some awesome pizza in sweden. I guess they don't export them through IKEA
23:25:37 <skram> it was already assembled cr
23:25:46 <skram> no instructions or anything
23:25:52 <CockRoach|42> skram: i dunno... doesnt sound like an ikea pizza...
23:26:04 -!- tredc [~AdiIRC@c83-251-161-94.bredband.comhem.se] has joined #tlponies
23:27:49 <Bio> po
23:27:50 <Bio> ny
23:28:28 <skram> a bio
23:28:38 <Bio> skarmen
23:28:55 <skram> good to see you
23:30:03 <Bio> thx my lad
23:30:14 <Phearlock> hey bio =)
23:30:29 <Bio> been a pretty down week 4 me my bois
23:30:35 <Bio> and theres literally no reason for it
23:31:32 <Phearlock> I know that feel
23:31:43 <skram> yeah buddy
23:31:44 <skram> me too
23:31:57 <Phearlock> Nothing actually wrong yet feeling decidedly bluh.
23:32:53 <skram> i had the same thing last week
23:33:16 -!- tredc [~AdiIRC@c83-251-161-94.bredband.comhem.se] has joined #tlponies
23:33:26 <skram> the sadbrains
23:35:49 <Bio> p much
23:38:41 <skram> so there was no curtains where I moved in and I was like whatever, but my mum thought i was a fucking disgrace for not having any so I told her to go buck wild at the curtain store for me
23:38:45 <skram> and she spent all my monies
23:39:02 <skram> how can like 8 square pieces of cloth be so dang expensive
23:39:12 <DuB`> :o
23:39:17 <DuB`> Haha
23:39:21 <Crisium> u fool
23:39:25 <Crisium> curtains are the opiate of the masses
23:39:37 <skram> yeah i dont think thats a thing cris
23:39:39 <skram> :p
23:39:52 <Crisium> i think curtains are like clothes in kill la kill
23:39:57 <Crisium> one day they will take us
23:40:30 <skram> And then I went to IKEA and spent all of my savings
23:40:35 <skram> I even purchased A PLANT.
23:40:41 <Crisium> skram are you poverty now
23:40:43 <skram> the responsibility of it is killing me already
23:40:55 <Crisium> do you own a house
23:41:00 <Crisium> or are you renting an apartment
23:41:01 <skram> nein just renting
23:41:07 <Crisium> house or apartment
23:42:01 <skram> well its half of a swiss chalet house, so its like a 4-room apartment
23:42:33 -!- tredc [~AdiIRC@c83-251-161-94.bredband.comhem.se] has joined #tlponies
23:42:33 <Phearlock> Nice
23:42:37 <Crisium> skram come visit america i will buy you donuts
23:43:11 <skram> its pretty old style so the room sizes are all weird and it smells like linseed paint but its pretty good
23:43:24 <skram> i should cris
23:43:26 <Crisium> linseed oil smells good in small amounts
23:43:33 <skram> we can drink bourbon and watch horses
23:44:04 <Bio> fuk i wanna do that
23:45:01 <skram> lets do it
23:45:26 <Crisium> iv only met 2 TLP IRL
23:45:32 <Crisium> and they have both left the channel sadl
23:45:47 <Crisium> Catties and FlutterAI
23:45:55 <skram> coincidence?!
23:45:58 <skram> i think NOT
23:46:18 <Crisium> rude
23:46:33 <skram> catties was a troubled dude
23:47:16 <Crisium> i missed the falling out with catties, was away on business at the time
23:47:39 <skram> yeah i missed it too
23:48:39 <Dot> i keep trying to visit skram and he keeps avoiding
23:48:48 -!- tredc [~AdiIRC@c83-251-161-94.bredband.comhem.se] has joined #tlponies
23:48:50 <Crisium> i just heard it was animu conflicts, catties and scrint vs everyone else
23:49:00 <Crisium> dot he doesnt live in africa
23:49:14 <Dot> i heard it was some argument between catties and agony
23:50:33 <skram> Bio: https://i.imgur.com/blYg6h1.jpg
23:50:38 <skram> Something like that Dot
23:51:05 <Dot> see Crisium, he avoids it again
23:51:18 <Dot> and he wont come visit me becuase 'work'
23:51:24 <Crisium> skram go plat with dot
23:51:29 <Crisium> play with dot in england
23:51:32 <skram> Dot you know where I live and you know my work schedule
23:51:37 <Crisium> buy some biscuits and fish n chips
23:51:59 <Crisium> skram dont you live in a socialist paradise
23:52:03 <Crisium> do you need to work?
23:52:20 <Dot> i do know both these thinhs skram
23:52:22 <Phearlock> If he wants to afford nice things
23:52:23 <Phearlock> yes
23:52:50 <skram> I was on social benefits for a while when I was unemployed
23:53:02 <skram> I would pay money to never have to go back to that fucking office ever again man
23:53:20 <Dot> i know that feel skram
23:53:22 <skram> Its where your will goes to die
23:54:54 <skram> Well you're going to get that apprenticeship soon so we can be wage slaves together
23:55:03 -!- tredc [~AdiIRC@c83-251-161-94.bredband.comhem.se] has joined #tlponies
23:55:35 <Dot> skram, what i understand is your off all week in 3 weeks time
23:55:59 <skram> think so
23:56:19 <Crisium> skram you are sweden?
23:56:24 <skram> norwegen
23:56:28 <Crisium> ah, like can
23:56:30 <Crisium> cane
23:56:33 <Crisium> you met cane?
23:56:34 <skram> yup
23:56:37 <skram> nah
23:56:43 <Crisium> y u no meet him
23:56:49 <skram> He lives VERY FAR AWAY
23:56:57 <Crisium> go reindeer riding together
23:57:06 <skram> Actually we had a norpone meetup like 5 years ago in Oslo
23:57:46 <Crisium> norway is a long country
23:57:58 <Camail> most of us have proven we are real humans to at least 1 other person here
23:58:18 <Camail> tho we cant be sure skram is real, maybe he borrowed a body
23:58:47 <skram> If I did I would have borrowed a better one I think
23:58:48 <skram> :p
23:58:59 <Crisium> pics or didnt happen
