00:02:45 <Bio> *dabs*
00:06:03 <Cane> Camail, DaHanG + rapha stream.
00:06:39 <Cane> I'm Diabloing right now. Unfortunately it's Diablo 2.
00:11:09 <Camail> have fun with your runewords and your 8-man lobbies, old man
00:13:51 <Bio> old man yells at cube
00:35:31 <carcinization> night all
02:49:28 <skram> DuB`
03:04:45 <DuB`> skram
03:09:37 <DuB`> I nearly have my DH to 2 MILLION sheet dps! :P
03:09:43 <DuB`> Yay big numbers.
03:11:33 <skram> what the h e c k
03:11:40 <skram> are you still doing the vault thing
03:11:42 <skram> its quite silly
03:12:34 <DuB`> the wha
03:13:55 <skram> when you roll around and arrows fly out
03:17:04 <DuB`> o
03:17:14 <DuB`> That's just the mobility move haha
03:17:27 <DuB`> Most all builds use that!
03:28:42 <DuB`> Off to NYC!
03:40:35 -!- DoT|Phone [~Dot@85.255.237.245] has joined #tlponies
04:25:05 -!- Camail [~Camail@45.40.84.145] has joined #tlponies
04:25:05 -!- mode/#tlponies [+v Camail] by Q
04:53:16 -!- DoT|Phone1 [~Dot@148.252.129.64] has joined #tlponies
06:01:10 -!- Rawr|Fone [~AndChat52@84-217-62-32.customers.ownit.se] has joined #tlponies
06:23:34 <DoT|Phone1> Morning all
06:24:16 <skram> good morning DoT
06:28:33 <DoT|Phone1> Skram!
06:30:33 <skram> hows your face this morning
06:30:47 <DoT|Phone1> needs more coffee
06:30:51 <DoT|Phone1> And you?
06:30:53 <skram> it always does
06:31:01 <skram> i should go to bed soon
06:36:55 <DoT|Phone1> Gnight then Skram <3
06:36:58 <DoT|Phone1> nap well
06:37:15 <skram> i think its just called a sleep if its more than 6 hours dot
06:55:05 -!- Phearlock [~Phearlock@cm-84.208.146.128.getinternet.no] has joined #tlponies
07:11:37 <DoT|Phone1> hey Phear
07:11:55 <DoT|Phone1> your still here Skram
07:12:08 <DoT|Phone1> what you up to
07:12:14 <skram> just one more cat picture, dad
07:12:41 <skram> how's the smuggeling operation going by the way
07:12:50 <skram> no go?
07:13:07 <DoT|Phone1> going to work in it this weekend
07:15:15 <DoT|Phone1> otherwise I may have to visit
07:16:34 <skram> if its so illegal you'd be arrested in the airport probably
07:16:55 <skram> or sew it into your jacket so they dont figure it out
07:17:01 <DoT|Phone1> but according to the ban list it isn't
07:17:10 <skram> i knooooooooooooow
07:17:20 <skram> i dont understand it either
07:17:33 <DoT|Phone1> And I suspect the courier companies just assume if you say chocolate it has milk
07:17:52 <skram> though i think if you just box it up and declare it as a gift it should be no problem
07:18:27 <skram> and say the value is 30 pounds or whatever it was
07:19:09 <DoT|Phone1> Yea. I'll figure it out and get it sent
07:19:22 <DoT|Phone1> couriers are just being silly
07:20:03 <DoT|Phone1> one apparently said they could do it for £50
07:20:04 <skram> by couriers do you mean like
07:20:05 <skram> UPS
07:20:44 <DoT|Phone1> I'm not sure which ones they tried. they use a few with the business.
07:21:01 <DoT|Phone1> I'll look into it this weekend
07:21:08 <skram> couriers are usually for business
07:21:27 <skram> and theres different rules for stuff if you're a business trying to export i think
07:21:40 <skram> anyway
07:22:08 <skram> if they say no just eat the dang package alright?
07:22:29 <DoT|Phone1> nah. I'll sort it
07:28:53 -!- skrma [~skram@ip-203-146-106-77.eidsiva.net] has joined #tlponies
07:32:40 -!- skram [~skram@82.147.53.97] has joined #tlponies
07:56:10 <DoT|Phone1> Rawr Rawr Rawr
07:57:04 <Rawr|Fone> DoT DoT DoT
07:57:29 <DoT|Phone1> 💖💖💖
07:58:04 <Rawr|Fone> 💖💖💖
07:58:13 <Rawr|Fone> How are you dot
08:07:00 <DoT|Phone1> good Rawr and you ?
08:07:46 <Rawr|Fone> Great!
08:08:25 <DoT|Phone1> good to hear
08:09:25 <DoT|Phone1> what's the plan today Rawr
08:13:17 <Rawr|Fone> First gym then job search
08:17:08 <DoT|Phone1> gl hest
08:18:27 <Rawr|Fone> Thanks ❤
10:14:44 -!- Golly [Golly@cm-84.212.249.112.getinternet.no] has joined #tlponies
11:26:02 -!- DuB_phone [~AndChat71@ip-99-203-55-204.pools.cgn.spcsdns.net] has joined #tlponies
11:27:20 -!- DuB|phone [~AndChat71@parkc147.p.subnet.rcn.com] has joined #tlponies
11:27:27 <DuB|phone> Wew
11:27:37 <DoT|Phone1> duuuuub
11:27:41 <DoT|Phone1> wew
11:27:45 <DuB|phone> So uh
11:27:55 <DuB|phone> Hotel is V V FANCIE
11:28:06 <DoT|Phone1> dub living the life
11:29:03 <DuB|phone> Up having pastry breakfast on 23rd floor overlooking Broadway lol
11:30:36 <DoT|Phone1> company showing off dub?
11:32:40 <DuB|phone> Something like that
11:33:51 <DoT|Phone1> great
11:38:42 -!- Runbunny [~Runbunny@91.100.28.10.generic-hostname.arrownet.dk] has joined #tlponies
11:40:32 <Runbunny> DoT|Phone1, https://i.imgur.com/tEt8KqW.jpg
11:53:27 -!- Rawr|Phone [~AndChat52@m83-185-82-185.cust.tele2.se] has joined #tlponies
12:10:59 <DoT|Phone1> Runbun. hello
12:11:47 <DuB|phone> Phone is charged, back out into the city!
12:12:00 <DuB|phone> ... after one more pastry
12:28:04 -!- DuB_phone [~AndChat71@ip-99-203-55-186.pools.spcsdns.net] has joined #tlponies
12:31:32 -!- tredc [~tredc@c83-251-162-37.bredband.comhem.se] has joined #tlponies
12:36:55 -!- DuB_phone [~AndChat71@ip-99-203-55-205.pools.cgn.spcsdns.net] has joined #tlponies
12:39:17 <DoT|Phone1> don't get mugged dub
12:47:02 -!- reification [~reificati@cpc76294-cosh16-2-0-cust297.6-1.cable.virginm.net] has joined #tlponies
12:47:51 <DuB_phone> I don't know if it's cool or weird that I made it to times square with no directions based on The Division experience
12:47:58 <DuB_phone> lolol
12:49:33 <Rawr|Phone> Nerd
12:51:36 <DuB_phone> Ya srs
12:52:17 <Rawr|Phone> How is the big city life otherwise dubbles
12:52:53 <reification> isn't it all a numbered grid dub?
12:58:46 <Runbunny> reification, https://i.imgur.com/t4ToAar.mp4
12:59:13 <reification> anime when bun?
13:05:14 <reification> speaking of anime and bunnies, Seishun Buta Yarou wa Bunny Girl Senpai no Yume o Minai continues to be excellent and you should watch it runbun
13:09:52 <DuB_phone> Ya reif
13:09:55 <reification> i think we should be concerned https://twitter.com/elonmusk/status/1055653541317042177
13:10:20 <reification> after all that's clearly a wolf not a cat
13:13:39 -!- BioPhone [~androirc@12.33.239.117] has joined #tlponies
13:14:25 <reification> dub if you want to learn london you'll need the old ps game the getaway http://vignette1.wikia.nocookie.net/thegetaway/images/f/f4/The_Getaway_Map.jpg/revision/latest?cb=20111201095315
13:23:58 <DoT|Phone1> Reif. why are anime names so long
13:24:12 <reification> it's from a light novel
13:24:26 <reification> you can literally tell purely based on title length
13:24:48 <DoT|Phone1> Reif. why are light novel titles so long
13:25:03 <reification> it's fashionable
13:25:51 <reification> and can just be abbreviated in standard 2+2 syllable format e.g. seibuta
13:26:27 <reification> * not actually syllable
13:26:33 -!- DuB|phone [~AndChat71@parkc145.p.subnet.rcn.com] has joined #tlponies
13:29:57 <BioPhone> Anime was a mistake
13:33:03 -!- DuB_phone [~AndChat71@parkc145.p.subnet.rcn.com] has joined #tlponies
13:33:51 <Golly> im amused by how the new single player gwent keeps begging me to play multiplayer
13:36:11 <DuB_phone> ENGAGE in our game PLEASE
13:36:13 <reification> runbun https://twitter.com/celltherapynews/status/1052291899623661569
13:36:56 <Runbunny> reification, I am watching bunny girl senpai!
13:37:20 <reification> ?goodjob
13:37:43 <DuB_phone> I think I read that manga
13:38:40 <Runbunny> Oh reification this is interesting.
13:38:42 <Runbunny> plus...
13:38:54 <Runbunny> It's the catgirl dream.
13:39:13 <DuB_phone> Quick move to Japan 
13:39:59 <DuB_phone> I went back to cozy hotel lounge, it's too chilly!
13:40:36 <DuB_phone> Wandered times square, Rockefeller plaza, 5th ave, and by central park 
13:43:41 <DoT|Phone1> dub is the ultimate tourist
13:51:27 <DuB_phone> For free! >:D
13:51:56 <DuB_phone> No idea how I'm actually gonna chose a place tho...
14:04:14 -!- BioPhone [~androirc@12.33.239.117] has joined #tlponies
14:22:27 -!- Rawr|Fone [~AndChat52@84-217-62-32.customers.ownit.se] has joined #tlponies
14:45:40 -!- skram [~skram@82.147.53.97] has joined #tlponies
14:47:36 <skram> phone friens
14:47:39 <skram> hallo
14:48:34 -!- carcinization [~reificati@cpc76294-cosh16-2-0-cust297.6-1.cable.virginm.net] has joined #tlponies
14:52:13 <Rawr|Fone> Jonas!
14:52:45 <DuB_phone> Yey skarm 
14:55:54 <Runbunny> Jonas.
15:03:06 <skram> Anders. Henrik. Jakob.
15:03:10 <skram> My bois.
15:06:49 <Rawr|Fone> How is your wonderful face feeling today skrammypants
15:07:19 <skram> pretty dang sleepy
15:07:33 <skram> hows you my dear
15:08:31 <Rawr|Fone> Very goooooood
15:29:22 <DuB_phone> skarrrrrrm
15:33:09 <skram> duuuuub
15:33:12 <skram> hows NYC
15:34:16 <DuB_phone> V nice 
15:34:28 <DuB_phone> I am also sleepy :P
15:34:45 <DuB_phone> 3hr night isn't enough to go adventuring on
15:35:12 <skram> go to the starbucks on the corner and get one of those pumpkin spice things
15:41:15 <Runbunny> I need food.
15:41:20 <Runbunny> I am starved.
15:41:33 <skram> dont starve runbun
15:41:50 <Runbunny> That's the plan.
15:52:34 -!- DoT|Phone [~Dot@85.255.233.206] has joined #tlponies
15:56:20 <Rawr|Fone> Seems like a good plan anders
16:04:10 <BioPhone> Pony
16:04:35 <Rawr|Fone> 🐴🐴🐴
16:10:58 <DoT|Phone> bio
16:12:35 <BioPhone> Dot pony
16:16:08 <carcinization> 🐎🐎🐎
16:17:30 -!- DoT|Phone1 [~Dot@85.255.233.206] has joined #tlponies
16:22:03 -!- DoT|Phone1 [~Dot@85.255.233.206] has joined #tlponies
16:26:46 -!- DoT|Phone [~Dot@85.255.237.4] has joined #tlponies
16:30:48 -!- DoT|Phone1 [~Dot@85.255.237.4] has joined #tlponies
16:32:50 -!- DoT|Phone [~Dot@148.252.129.73] has joined #tlponies
16:37:26 <Rawr|Fone> DoT|Fone snela
16:38:45 -!- Zounds [webchat@cloak-07ouvien.14-2.cable.virginm.net] has joined #tlponies
16:39:03 <Zounds> hey
16:39:42 -!- Crisium [~Crisium@c-73-174-151-51.hsd1.pa.comcast.net] has joined #tlponies
16:41:51 <carcinization> hi zounds
16:42:45 -!- DoT|Phone1 [~Dot@85.255.234.203] has joined #tlponies
16:44:51 -!- DoT|Phone2 [~Dot@148.252.129.73] has joined #tlponies
16:45:56 -!- DoT|Phone [~Dot@85.255.234.203] has joined #tlponies
16:48:47 -!- DoT|Phone1 [~Dot@85.255.234.203] has joined #tlponies
16:52:37 -!- DoT|Phone [~Dot@85.255.237.4] has joined #tlponies
16:56:30 <Rawr|Fone> DoT
16:59:05 <Zounds> m'reif
17:02:38 <Crisium> https://twitter.com/EmrgencyKittens/status/1036278898764537861
17:04:54 -!- DoT|Phone1 [~Dot@85.255.237.74] has joined #tlponies
17:11:32 -!- skrm [webchat@unv2.iieq.zttm.ip] has joined #tlponies
17:15:30 -!- DoT|Phone [~Dot@2.124.199.240] has joined #tlponies
17:15:52 <DoT|Phone> oh dear
17:16:08 <skrm> yes hello
17:16:09 <skrm> i am the dear
17:16:17 <Crisium> dear skrm
17:16:52 <skrm> crisium my son
17:17:06 -!- DoT|Phone [~Dot@2.124.199.240] has joined #tlponies
17:23:29 -!- Dot [~quassel@2.124.199.240] has joined #tlponies
17:23:35 <Dot> useless phone
17:23:39 <Dot> having a panic attack
17:25:00 <Dot> skrm
17:25:03 <Dot> best Deer
17:27:56 <skrm> how was work
17:29:45 <Dot> good
17:32:23 -!- reification [~reificati@cpc76294-cosh16-2-0-cust297.6-1.cable.virginm.net] has joined #tlponies
17:45:18 <skrm> got any cool projects yet dot?
17:49:34 -!- BioPhone [~androirc@12.33.239.117] has joined #tlponies
17:50:05 <Dot> no, i just get the small parts of other projects
17:50:22 <Dot> i did get a project to work on in my spare time, one that was done in like 2015
17:50:41 <Dot> so that i can work through a whole project from start to finish on my own
17:52:47 -!- Camail [~Camail@45.40.84.145] has joined #tlponies
17:52:47 -!- mode/#tlponies [+v Camail] by Q
17:53:44 <skrm> whens the doomsday device project
17:57:51 <Dot> start of the new year
17:58:06 <skrm> wonderful
17:58:33 <skrm> the norwegian health authority has issued a recommendation for everyone to stock up on iodine tablets so i guess the end is near
17:59:34 <Crisium> seriously
18:00:42 <skrm> yeah
18:01:08 <Camail> isnt that why we have iodized salt
18:01:10 <BioPhone> It's been a good run boys
18:03:41 <skrm> turns out muching a bag of salt is bad for you cam
18:03:50 <skrm> then again, cancer is not good for you either
18:04:42 -!- DuB_phone [~AndChat71@parkc145.p.subnet.rcn.com] has joined #tlponies
18:06:27 <Zounds> bloody cold here Dot 
18:07:27 <Zounds> might wear two layers of undies for my shift tomorrow
18:08:25 <Zounds> how's NY treating you DuB_phone 
18:10:30 <Dot> its pretty chilly here
18:10:39 <DuB_phone> Quite well, zounds
18:10:41 <Dot> if i was in south africa i would say it had snowed somewhere
18:12:00 <DuB_phone> I like this place a lot
18:13:27 <Zounds> it has a better timezone for stacks dub
18:13:45 <Zounds> that should be a factor in your decision for your career
18:15:04 <skrm> of course
18:15:28 <DuB_phone> ;D
18:20:07 <DuB_phone> I'd have to ship my PC here after I settled in or something
18:20:24 <DuB_phone> And move by plane
18:28:29 <skrm> cant you just drive
18:38:57 <DuB_phone> Renting a uhaul truck, paying for gas and hotelslog the way would cost like $1700
18:39:11 <DuB_phone> Hotels along*
18:39:54 <DuB_phone> 35 hours of driving D:
18:43:21 <Camail> dub i did 98
18:43:31 <DuB_phone> Wew
18:43:34 <Camail> i dont have the damage to do 99 tho
18:44:22 <DuB_phone> I got a primal ancient chantodo wand, which from seasons 4-10 would have been a pretty free ticket to top 1000 wiz
18:44:48 <DuB_phone> Archon is rip tho 
18:45:08 <Camail> my two biggest dps upgrades would be a amulet with the right things on it and a primal ancient furnace
18:45:18 <DuB_phone> Oof
18:45:36 <DuB_phone> I want to spam 90+ grifts so I can put big gems in things
18:47:05 <Camail> yea i could probably get my gems up to par and liquify them into armor and that would get me enough to do 99
18:47:16 <Camail> solo grifts seems extremely easy
18:47:22 <Camail> they just feel like dps checks and rng
18:47:31 <DuB_phone> Extra 2k mainstat is preeeetty good
18:47:32 <Camail> maybe thats all d3 is
18:48:05 <DuB_phone> Oh also I am currently right at the north edge of the Dark Zone ;)
18:48:30 <Camail> dont get shot
18:48:40 <DuB_phone> But the LOOT
18:48:45 <Camail> i dont think you're high enough level to be there
19:00:14 <Camail> https://www.twitch.tv/chessnetwork
19:17:22 -!- BioPhone [~androirc@12.33.239.117] has joined #tlponies
19:17:34 <BioPhone> Neigh
19:18:04 <BioPhone> 💩🐎🐴
19:25:01 -!- carcinization [~reificati@cpc76294-cosh16-2-0-cust297.6-1.cable.virginm.net] has joined #tlponies
19:29:10 <skrm> poop horse horseface
19:29:13 <skrm> what does it MEAN
19:32:42 -!- BioPone [~androirc@mobile-166-177-58-141.mycingular.net] has joined #tlponies
19:40:01 <Dot> skram https://imgur.com/gallery/FaMrWmi
19:41:37 <skrm> this is me in a fursuit dot
19:42:07 <skrm> chubby mcsleepyface
19:44:13 <Dot> skram
19:44:18 <Dot> https://www.youtube.com/watch?v=2qBzRLUADUA
19:44:24 <Dot> he looks diffrent form what i imagined
19:46:28 -!- reification [~reificati@cpc76294-cosh16-2-0-cust297.6-1.cable.virginm.net] has joined #tlponies
20:07:25 <Camail> Dot there are a few games that might be interesting to try in table top simulator, look up Mysterium and Codenames to see if you're interested
20:07:52 -!- Rawr|Fone [~AndChat52@84-217-62-32.customers.ownit.se] has joined #tlponies
20:08:04 <Camail> they're basically like if Dixit had more game mechanics, and a substantive win condition
20:10:04 <Camail> its been so long since we played, there's quite a few games put up that we haven't tried
20:12:19 <Camail> someone also made a 3d model of a Ranch Dressing bottle
20:12:26 <Camail> dunno how we would use that, but we could
20:12:32 <Dot> lol
20:12:35 <Camail> oh, sorry
20:12:35 <Dot> we should play again
20:12:37 <Camail> Runch*
20:12:52 <Camail> Harvest Valley Runch* is the in game title
20:24:23 -!- BioPone [~androirc@mobile-166-177-58-141.mycingular.net] has joined #tlponies
20:42:16 -!- BioPone [~androirc@mobile-166-177-58-141.mycingular.net] has joined #tlponies
20:44:06 <reification> .tell phearlock https://skeptics.stackexchange.com/questions/23913/is-this-a-ship-shipping-ship-shipping-shipping-ships
20:57:48 <skrm> should get a VR rig for that game cam
20:58:07 <skrm> ive always wanted to see a bottle of dressing up close and personal
20:58:11 <Camail> there are many reasons to get a headset
20:58:16 <Camail> TTS is not one of them
21:02:32 <skrm> what about actually flipping tables
21:46:09 <BioPone> Neigh pon
22:17:18 <Dot> Hedge
22:26:21 <Runbunny> Dot.
22:26:35 <Bio> its a me
22:26:46 <Bio> home horse
22:30:40 <Runbunny> Hai Bio.
22:35:29 <Bio> hallo bun
22:44:38 <Dot> Runbun
22:49:44 <skrm> Anders.
23:00:47 <reification> .tell dub` https://twitter.com/worldbirds32/status/1055846140514615296
23:12:45 <Runbunny> me!
23:28:43 -!- DuB` [~DuB@parkc147.p.subnet.rcn.com] has joined #tlponies
23:30:24 <reification> hey dub
23:33:48 <Dot> dub
23:34:15 <DuB`> <3
23:34:20 <Dot> <3
23:34:25 <DuB`> zzz
23:34:44 <DuB`> Busy day after 3h of sleep is hard!
23:35:00 <Dot> should have slept more
23:35:23 <DuB`> I don't control the airplane OR the timezones!
23:36:29 <Dot> .tell phearlock https://66.media.tumblr.com/c4d0963ffe01eec6c9eb81b4ebcff6a0/tumblr_ph610sOJBu1w75dofo4_1280.jpg
23:36:32 -!- carcinization [~reificati@cpc76294-cosh16-2-0-cust297.6-1.cable.virginm.net] has joined #tlponies
23:39:41 <DuB`> Well I hope the offer from the other NYC firm comes through
23:40:06 <DuB`> I love this place a lot but the firm I was with today specifically has no openings in the one area I would love to work in...
23:46:23 <Runbunny> Think I'll go sleep.
23:48:12 <Dot> gnight runbun!
23:48:16 <Dot> gl dubs
23:48:18 <DuB`> nn!
23:51:34 <Dot> CockRoach|42!
23:51:42 <Dot> https://www.reddit.com/r/DnD/comments/9rlatw/art_dungeons_and_doggos_73_home_suite_home/
23:51:45 <Dot> DOGGOS
