00:02:25 <DuB`> Seems like autumn hit all at once
00:02:33 <DuB`> Went from warm end-of-summer to chilly
00:02:41 <DuB`> And the mountains are alllll red 'n orange
00:06:14 <skrm> We just went straight from summer to winter
00:06:36 <skrm> Its already below freezing at night and the weather lady claims it will snow tomorrow
00:37:49 <carcinization> night all
00:42:43 <DuB`> nn!
01:03:07 <DuB`> wew
01:03:14 <DuB`> Hope the big storm doesn't miss us
01:17:10 <skrm> next up on the discovery channel: STORM CHASER DUBBLES
01:39:42 -!- Rawr|Fone [~AndChat52@84-217-62-32.customers.ownit.se] has joined #tlponies
05:56:00 -!- skram [~skram@82.147.53.97] has joined #tlponies
05:58:38 <Camail> dub go to sleep
05:59:07 <skram> but cam
05:59:12 <skram> theres cool things on the internet
05:59:29 <Camail> not really
05:59:35 <Camail> it's mostly lame
05:59:54 <Camail> just play RPGs all day and ignore the awful internet
06:00:57 <Camail> i've been playing so much cs skram
06:01:17 <skram> cs in <current year>?
06:01:23 <Camail> ikr
06:01:33 <Camail> my group is playing semi-regularly again so it's nice
06:01:39 <skram> must be nice
06:01:58 <skram> i heard elemeNt got inducted in the esports hall of fame
06:02:04 <skram> i didnt know there was such a thing
06:02:24 <Camail> i doubt there's a meaningful hall of fame
06:02:46 <Camail> there's no body, cultural or governing, to really have a hof
06:03:17 <skram> yeah thats true
06:05:47 <DoT|Phone1> I'm awake
06:05:51 <DoT|Phone1> kinda
06:06:22 <skram> dot you're late
06:07:27 <DoT|Phone1> sorry
06:09:23 <skram> when do you start in the morning
06:17:44 <DoT|Phone1> whenever I want
06:18:08 <skram> luxury
06:38:32 <DoT|Phone1> I really hope it doesn't rain
06:43:00 <DoT|Phone1> what you up to Skram
06:43:14 <skram> on my way to bed
06:44:54 <DoT|Phone1> bed sounds nice
06:45:00 <DoT|Phone1> Gnight Skram
06:45:40 <skram> night dot, have a good day
07:40:03 -!- Rawr|Fone [~AndChat52@84-217-62-32.customers.ownit.se] has joined #tlponies
08:24:52 <Rawr|Fone> DoT
08:31:03 <CockRoach|42> rawr|horse
08:50:44 <Rawr|Fone> Cr|hest
08:56:19 <CockRoach|42> <3
08:57:36 <Rawr|Fone> <3
09:24:49 -!- tredc [~tredc@c83-251-171-164.bredband.comhem.se] has joined #tlponies
10:14:39 -!- reification [~reificati@cpc76294-cosh16-2-0-cust297.6-1.cable.virginm.net] has joined #tlponies
10:52:12 -!- Rawr|Phone [~AndChat52@m83-185-84-148.cust.tele2.se] has joined #tlponies
10:56:09 -!- Rawr|Phone [~AndChat52@84-217-62-32.customers.ownit.se] has joined #tlponies
10:56:25 -!- tredc [~tredc@c83-251-171-164.bredband.comhem.se] has joined #tlponies
10:57:27 -!- Rawr|Pone [~AndChat52@m83-185-84-148.cust.tele2.se] has joined #tlponies
11:02:36 -!- tredc [~tredc@c83-251-171-164.bredband.comhem.se] has joined #tlponies
11:23:11 <DoT|Phone1> lunch time
11:23:17 <reification> hi dotties
11:23:43 <DoT|Phone1> hey Reif
11:26:12 <DoT|Phone1> Rawr Rawr Rawr
11:37:39 <DoT|Phone1> no Rawr
11:37:44 <DoT|Phone1> rip
11:41:10 <DoT|Phone1> How's it going Reif
11:44:52 <CockRoach|42> .roll d20 to horse
11:48:37 <reification> so far not too bad dot
11:48:47 <reification> how's you?
12:42:53 <reification> .tell runbunny https://twitter.com/Phoenixx2K/status/1046893270549368833
12:50:02 <reification> .tell dub` https://pbs.twimg.com/media/DobfQ6oXsAEj5Gp.jpg:large
13:18:02 <DoT|Phone1> doing ok Reif
15:52:32 -!- Rawr|Fone [~AndChat52@m83-185-88-4.cust.tele2.se] has joined #tlponies
16:30:42 -!- BioPhone [~androirc@12.33.239.117] has joined #tlponies
16:30:49 <BioPhone> Wassup boyos
16:31:15 <BioPhone> I've got a new project, that is physically 3x bigger than my first proj
16:31:17 <BioPhone> Yey
16:32:24 <BioPhone> How are mine horsen
16:40:43 -!- BioPhone [~androirc@12.33.239.117] has joined #tlponies
16:43:37 -!- Zounds [webchat@cloak-wmbqgxv5.14-2.cable.virginm.net] has joined #tlponies
16:45:16 <Rawr|Fone> Bio
16:48:33 <reification> hello bio
16:52:21 <DoT|Phone1> I am home
16:52:24 <DoT|Phone1> hello pons
16:54:30 -!- DuB_phone [~AndChat71@128.187.116.11] has joined #tlponies
16:57:23 -!- BioPhone [~androirc@12.33.239.117] has joined #tlponies
17:02:03 -!- BioPhone [~androirc@12.33.239.117] has joined #tlponies
17:10:46 -!- Rawr|Phone [~AndChat52@84-217-62-32.customers.ownit.se] has joined #tlponies
17:11:52 -!- Rawr|Pone [~AndChat52@m83-185-88-4.cust.tele2.se] has joined #tlponies
17:12:17 -!- tredc [~tredc@c83-251-171-164.bredband.comhem.se] has joined #tlponies
17:17:02 -!- skram [~skram@82.147.53.97] has joined #tlponies
17:19:44 <DoT|Phone1> my friend! Skram!
17:20:12 <skram> my pal! Dot!
17:20:24 <skram> How's your day been old bean
17:22:15 <DoT|Phone1> Good. I set up a bunch of LOI's
17:22:35 <DoT|Phone1> Tomorrow I will probably link it all to plc outputs
17:22:45 <skram> woo
17:23:19 <DoT|Phone1> and you dear Skram
17:23:34 <skram> i just woke up
17:24:42 <Rawr|Pone> Dearest Jonas
17:25:10 <skram> Henrik, gamle ørn
17:28:04 <DuB_phone> This dot and his loiplcs
17:28:14 <DuB_phone> What is a loiplc!
17:29:34 <Rawr|Pone> DuB_📱 snela
17:29:47 <DoT|Phone1> local operator interface
17:30:14 <DoT|Phone1> programmable logic c... uhh
17:30:57 <skram> controller!
17:31:01 <DuB_phone> Haha
17:31:44 <Rawr|Pone> Many phones in here
17:31:47 <Rawr|Pone> 📱📱📱
17:32:06 <BioPhone> All phone pones
17:32:20 <BioPhone> So much workhorsing around
17:35:28 <Zounds> slacker pons on their phones instead of working you mean
17:39:41 <DuB_phone> Psh
17:39:51 -!- tredc [~tredc@c83-251-171-164.bredband.comhem.se] has joined #tlponies
17:39:52 <DuB_phone> No werk here
17:40:17 <Zounds> how you doing DuB
17:51:54 <DuB_phone> Goood
17:52:08 <DuB_phone> Just waiting for next class
17:52:14 -!- tredc [~tredc@c83-251-171-164.bredband.comhem.se] has joined #tlponies
17:55:37 <Zounds>  what time you home DuB_phone ?
17:55:43 <Zounds> could be nice to get some more oberwaj in
17:55:47 <Zounds> was good times last time
17:56:01 <DuB_phone> Yeah!
17:56:11 <DuB_phone> 2hr
18:10:37 -!- BioPhone [~androirc@12.33.239.117] has joined #tlponies
18:13:46 -!- DuB_phone [~AndChat71@128.187.116.11] has joined #tlponies
18:14:59 -!- Runbunny [~Runbunny@91.100.28.10.generic-hostname.arrownet.dk] has joined #tlponies
18:15:53 -!- Bio [~BioPon@97.70.181.149] has joined #tlponies
18:21:12 <DoT|Phone1> Angel!
18:22:11 -!- DuB_phone [~AndChat71@128.187.116.11] has joined #tlponies
18:23:08 <reification> runbun https://twitter.com/oonicco/status/1046157930888814592
18:23:22 <skram> did they discover your flat yet DoT|Phone1
18:24:09 <reification> dot this dog is good at fetch https://twitter.com/ImperatorOfPuns/status/1046015528924532736
18:24:24 <DuB_phone> 😬
18:24:54 -!- DuB_phone [~AndChat71@128.187.116.11] has joined #tlponies
18:26:33 <Runbunny> Hey.
18:27:34 <DuB_phone> Hey. 
18:27:43 <skram> Hey.
18:29:22 <DoT|Phone1> what a dog
18:40:26 <DuB_phone> No that's a runbunny
18:42:37 <CockRoach|42> close enough
18:43:28 <skram> wow rude
18:55:41 <Runbunny> O:
18:55:55 <Runbunny> Feelings = hurt.
19:02:04 <reification> https://www.youtube.com/watch?v=aj7sVauhMH8
19:12:19 <reification> https://twitter.com/PrivateIslandCM/status/1046984677712637952
19:14:14 <reification> dot rawr https://twitter.com/i_iove_nature/status/1047146776095010816
19:21:00 <skram> whens internet DoT|Phone1
19:24:27 <DuB_phone> Yeah dotphone
19:44:10 <DuB_phone> Omw home! 
19:45:23 <DoT|Phone1> I don't know!
19:45:25 <DoT|Phone1> I'm trying
19:49:25 <skram> can you snake an ethernet cable down to reif's place?
19:57:30 <skram> gonna go werk
19:59:44 <Zounds> gl guy
19:59:49 <Zounds> don't get fired
20:12:35 -!- DuB` [~DuB@66-219-235-226.dynamic.ip.veracitynetworks.com] has joined #tlponies
20:14:52 <DuB`> wew
20:40:10 <DuB`> OBERWAJ?
20:47:59 <DuB`> Wait where did zounds go
20:48:00 <DuB`> lol
20:57:58 <Rawr|Pone> No oberwaj
20:58:29 <reification> maybe oberwaj
20:58:38 <DuB`> pls oberwaj
21:03:17 -!- DoT|Phone [~Dot@148.252.128.183] has joined #tlponies
21:24:36 <DoT|Phone> dub
21:25:18 <DuB`> dawt
21:25:35 <DoT|Phone> How's overwatch
21:26:01 <DoT|Phone> and you hear anything back yet?
21:28:33 <DuB`> Not until friday for all of them
21:28:36 <DuB`> No oberwaj yet! D:
21:29:31 -!- Camail [~Camail@45.40.84.145] has joined #tlponies
21:29:31 -!- mode/#tlponies [+v Camail] by Q
21:30:15 <DoT|Phone> blame cam
21:30:24 <DuB`> Oh I do
21:32:54 <Camail> well as long as it caused you pain, i'm cool with that
21:41:14 <reification> i will overwatch if we have stack
21:43:39 <reification> https://www.youtube.com/watch?v=-LnaXAYIPbY
22:25:28 -!- skrm [webchat@pioj.eid3.887x.ip] has joined #tlponies
22:37:05 <skrm> DoT|Phone
22:37:16 <skrm> ok :(
22:54:42 <Runbunny> :(
22:54:45 -!- Crisium [~Crisium@c-73-174-151-51.hsd1.pa.comcast.net] has joined #tlponies
23:08:07 -!- BioPhone [~androirc@mobile-166-170-24-221.mycingular.net] has joined #tlponies
23:24:20 -!- BioPone [~androirc@97.70.181.149] has joined #tlponies
23:29:22 <Bio> i 
23:29:24 <Bio> am home
23:29:30 <Bio> ez 10h day
23:30:48 <skrm> whats for dinner bio
23:30:58 <Bio> a fuckin f r o z e n pizza
23:31:30 <skrm> fuck yeah buddy
23:33:03 <Bio> then wow stream
23:33:12 <Bio> i think we doin mythic
23:33:14 <Bio> not sure
23:33:19 <Bio> more wipes on mythic mother lel
23:34:20 <skrm> noobs
23:54:02 -!- Camail_ [~Camail@45.40.84.145] has joined #tlponies
23:54:02 -!- mode/#tlponies [+v Camail_] by Q
