00:17:48 <reification> night all
00:28:50 <Dot> gnight reif
00:28:54 <Dot> i should be asleep too
03:45:32 -!- Dot` [~quassel@90.216.76.68] has joined #tlponies
03:49:20 -!- Golly [~Golly@1.92-221-121.customer.lyse.net] has joined #tlponies
03:59:32 -!- Dot [~quassel@90.216.76.68] has joined #tlponies
04:17:40 -!- Dot [~quassel@90.216.76.68] has joined #tlponies
04:21:23 <Camail> ok, i am 100% caught up with my old play through, and with 20 hours less in the save file
04:21:35 <Camail> and now I'm back to the erotica checkpoint
05:01:06 -!- Dot` [~quassel@90.216.76.68] has joined #tlponies
05:15:53 -!- Golly [~Golly@1.92-221-121.customer.lyse.net] has joined #tlponies
05:15:53 -!- Methos [~methos@23.226.129.178] has joined #tlponies
05:15:53 -!- mode/#tlponies [+v Methos] by *.quakenet.org
05:35:49 -!- Golly [~Golly@1.92-221-121.customer.lyse.net] has joined #tlponies
05:35:49 -!- Methos [~methos@23.226.129.178] has joined #tlponies
05:35:49 -!- mode/#tlponies [+v Methos] by *.quakenet.org
05:42:26 -!- Phearlock [~Phearlock@cm-84.209.250.127.getinternet.no] has joined #tlponies
05:42:26 -!- mode/#tlponies [+v Phearlock] by Q
05:51:22 -!- Dot [~quassel@90.216.76.68] has joined #tlponies
05:54:40 -!- Dot`_ [~quassel@90.216.76.68] has joined #tlponies
06:59:51 -!- Cane [~Cane@CaneCraft.users.quakenet.org] has joined #tlponies
06:59:51 -!- mode/#tlponies [+o Cane] by Q
07:18:07 -!- Dot [~quassel@90.216.76.68] has joined #tlponies
07:35:55 <Dot> Mornign all <3
07:38:28 <Rawr|Fone> Dot Dot Dot
07:39:16 <Dot> Rawr Rawr Rawr
07:39:16 <Dot> <3
07:39:18 -!- reification [~reificati@cpc76294-cosh16-2-0-cust297.6-1.cable.virginm.net] has joined #tlponies
07:39:18 -!- mode/#tlponies [+v reification] by Q
07:39:22 <Rawr|Fone> <3
07:39:44 <reification> hello tlp
07:39:58 <reification> rawr https://twitter.com/BoringEnormous/status/1038545333603713024
07:40:07 <Dot> reif!
07:40:10 <Rawr|Fone> Good morning reef reef
07:40:16 <reification> dot!
07:40:28 <reification> https://twitter.com/GoodAnimeTweetz/status/1038557491636973568
07:55:39 <CockRoach|42> morning horses
07:55:45 <Dot> cr!
07:56:17 -!- Phearlock [~Phearlock@cm-84.209.250.127.getinternet.no] has joined #tlponies
07:56:17 -!- mode/#tlponies [+v Phearlock] by Q
08:04:13 -!- Rawr|Phone [~AndChat52@m83-185-90-184.cust.tele2.se] has joined #tlponies
08:04:19 <reification> hi cr
09:33:05 <Dot> work time
09:33:09 <Dot> later pons <3
09:38:09 <reification> time to venture up north, laters tlpons
09:59:30 -!- Rawr|Fone [~AndChat52@84-217-62-32.customers.ownit.se] has joined #tlponies
10:44:33 -!- tredc [~tredc@c83-251-171-164.bredband.comhem.se] has joined #tlponies
13:54:13 <Rawr|Fone> 🐴🐴🐴
14:06:37 -!- skram [~skram@82.147.53.97] has joined #tlponies
14:07:39 <Rawr|Fone> Jonas
14:07:57 <skram> Henrik
14:08:23 <Rawr|Fone> How are you today my dear
14:08:46 <skram> My face is very tired, Henrik
14:08:51 <skram> How's yours
14:09:09 <Rawr|Fone> I'm having a great day
14:09:22 <Rawr|Fone> Maybe your face needs a nap
14:09:36 <skram> soon, i hope
15:38:20 -!- DuB_phone [~AndChat71@128.187.116.17] has joined #tlponies
15:40:04 -!- Dot [~quassel@90.216.76.68] has joined #tlponies
15:40:08 <Dot> Home!
15:40:11 <Dot> for about 10 minutes
15:40:18 <Rawr|Fone> Dot Dot Dot
15:40:37 <Dot> Rawr Rawr Rawr
15:40:38 <Dot> <3
15:40:40 <Rawr|Fone> <3
15:40:49 <Rawr|Fone> And a DuB_📱
15:40:57 <Dot`> Daaab
15:48:53 <DoT`> well i go then
15:48:58 <DoT`> later all <3
15:56:34 -!- Rawr|Phone [~AndChat52@m83-185-84-32.cust.tele2.se] has joined #tlponies
15:56:45 -!- tredc [~tredc@c83-251-171-164.bredband.comhem.se] has joined #tlponies
16:05:00 <DuB_phone> Glhf dot!
16:13:39 <Rawr|Phone> Are you in school dub
16:15:30 <DuB_phone> Ye
16:22:11 <Rawr|Phone> Good studypon
16:25:43 -!- DoT|Phone [~Dot@82-132-223-181.dab.02.net] has joined #tlponies
16:25:47 <DoT|Phone> pon
17:52:05 -!- Zounds [webchat@cloak-07ouvien.14-2.cable.virginm.net] has joined #tlponies
17:52:41 <Zounds> hey
17:54:12 <DuB_phone> Oi
17:56:21 <Zounds> oi oi
17:58:22 -!- Westy543 [Westy543@c-73-93-93-161.hsd1.ca.comcast.net] has joined #tlponies
17:58:26 -!- mode/#tlponies [+v Westy543] by Q
18:08:11 -!- Westy543 [Westy543@c-73-93-93-161.hsd1.ca.comcast.net] has joined #tlponies
18:08:15 -!- mode/#tlponies [+v Westy543] by Q
18:31:04 -!- skram [~skram@82.147.53.97] has joined #tlponies
18:32:06 <skram> lads
18:34:17 <Zounds> hi skram
18:35:48 <skram> zounds pal
18:41:09 -!- Runbunny [~Runbunny@91.100.28.10.generic-hostname.arrownet.dk] has joined #tlponies
18:56:51 -!- BioPhone [~androirc@mobile-166-177-58-142.mycingular.net] has joined #tlponies
19:18:34 -!- Camail [~Camail@45.40.84.145] has joined #tlponies
19:18:34 -!- mode/#tlponies [+v Camail] by Q
19:22:08 <Rawr|Phone> 🐴🐴🐴
19:30:35 <Runbunny> Henrik.
19:30:55 <DoT`> i home again
19:31:01 <DoT`> Rawr Rawr Rawr
19:31:02 <DoT`> <3
19:36:29 <Rawr|Phone> DoT` DoT` DoT`
19:36:31 <Rawr|Phone> <3
19:36:36 <Rawr|Phone> Anders.
19:47:31 <skram> Dot lad
19:47:34 <skram> where have you been
19:50:56 <DoT`> i was looking at a place to rent skram
19:51:01 <DoT`> a converted chapal
19:51:14 <skram> was it alright
19:51:27 <DoT`> it was really nice
19:51:39 <DoT`> and the abthroom and kitchen have just been redone
19:51:46 <DoT`> nice looking shower
19:52:18 <skram> cool cool
19:52:20 <skram> how many rooms
19:53:04 <DoT`> kinda 2
19:53:14 <DoT`> it has a mezanine 
19:53:18 <DoT`> i cant spell that
19:53:22 <skram> a mezzanine
19:53:25 <skram> spicy
19:53:40 <skram> and thats where the bed is?
19:54:14 <DoT`> the bed would be where i place it
19:54:39 <skram> obviously
19:55:09 <DoT`> there is a bedroom, kitchen, little space next to the kitchen which is carpeted, and the stairs up are there
19:55:21 <DoT`> to a open room
19:55:30 <skram> neat
19:55:52 <skram> how much floor space is there
19:55:57 <skram> hows it heated
19:56:09 <skram> are there secret safes in the bedroom floor
19:56:34 <DoT`> there is a nice amount of floor space
19:56:49 <DoT`> electric heaters
19:56:51 <DoT`> no
19:57:06 <skram> i dont know how much a nice amount is
19:57:21 <DoT`> and i dnt know the number in square feet
19:57:29 <skram> could you say that on a scale from 1-1000 m^3
19:57:33 <skram> err m^2
19:57:39 <skram> eh fair enough
19:58:05 <skram> is there enough room for a dot and his books and his computers
19:58:51 <DoT`> yes
19:58:55 <skram> perfect
19:58:57 <DoT`> and a skram if needed
19:59:03 -!- tredc [~tredc@c83-251-171-164.bredband.comhem.se] has joined #tlponies
20:00:52 <skram> wonderful
20:01:06 <skram> where are you moving though
20:01:10 <skram> is it in th'north
20:03:02 <DoT`> Skelmanthorpe
20:04:45 <skram> thats a tiny place
20:04:47 <skram> sounds perfect
20:05:00 <DoT`> the chapel next to the co-op
20:05:03 <DoT`> thats the plcae
20:06:56 <skram> oooh
20:06:58 <skram> looks nice
20:07:18 <skram> right across the street from thingymabobs
20:07:25 <skram> or it was in 2009
20:11:50 -!- DuB` [~DuB@66-219-235-226.dynamic.ip.veracitynetworks.com] has joined #tlponies
20:14:12 <Rawr|Phone> DuB`
20:14:43 <skram> DuB`
20:15:39 <DuB`> Rawr|Phone skram
20:15:57 <Rawr|Phone> Good evening mr studypon
20:16:04 <DuB`> Goode eve
20:17:33 <skram> Whats your face like today
20:17:55 <DuB`> loverly
20:18:32 <skram> good news
20:19:20 <skram> DuB`: https://www.youtube.com/watch?v=ppaU5QXelmc
20:19:36 -!- tredc [~tredc@c83-251-171-164.bredband.comhem.se] has joined #tlponies
20:20:17 <DuB`> :D
20:30:44 <DuB`> Surefour playing fortnite BLAH
20:31:44 <skram> U G H
20:32:00 -!- tredc [~tredc@c83-251-171-164.bredband.comhem.se] has joined #tlponies
20:32:21 <DuB`> He won the OWL allstars widowmaker 1v1 tourney :D
20:37:54 <Zounds> fortnite? what a pleb
20:38:13 -!- tredc [~tredc@c83-251-171-164.bredband.comhem.se] has joined #tlponies
20:38:19 <DuB`> SO normie
20:39:42 -!- Rawr|Fone [~AndChat52@84-217-62-32.customers.ownit.se] has joined #tlponies
21:06:51 -!- Crisium [~Crisium@c-73-174-151-51.hsd1.pa.comcast.net] has joined #tlponies
21:10:07 <Zounds> skram you wanna do a dungeon or something with my hunter for the heck of it?
21:11:30 <skram> aye sure
21:24:40 <DoT`> Zounds!
21:24:47 <DoT`> i have things you need to see
21:24:54 <DoT`> https://www.deviantart.com/auroriia/art/No-can-do-sugarcube-763134871
21:25:00 <DoT`> https://derpicdn.net/img/view/2018/9/7/1826935.gif
21:44:26 <Zounds> good things DoT` 
21:44:43 <DuB`> 1x sassy apple, 1x sleepybook
21:49:23 <DoT`> <3
21:51:20 <DoT`> Bio
21:51:22 <DoT`> https://old.reddit.com/r/mylittlepony/comments/9egxhf/this_bad_boy_can_fit_so_much_confetti/
21:51:30 <DoT`> meme title
21:51:46 <DoT`> Crisium https://www.deviantart.com/mirroredsea/art/Roseluck-763252065
21:51:46 -!- tredc [~tredc@c83-251-171-164.bredband.comhem.se] has joined #tlponies
21:52:10 <Crisium> ty pon
22:04:56 -!- BioPhone [~androirc@mobile-166-177-58-142.mycingular.net] has joined #tlponies
22:05:02 <BioPhone> Super asdf
22:05:14 <BioPhone> Ear infection
22:05:24 <BioPhone> Kept me up all fuckin night
22:05:29 <DoT`> bio
22:05:36 <DoT`> did you see a dr?
22:05:43 <BioPhone> At one now.
22:05:57 <DoT`> you missed this pony https://old.reddit.com/r/mylittlepony/comments/9egxhf/this_bad_boy_can_fit_so_much_confetti/
22:06:00 <BioPhone> Didn't want to incase they didn't take my insurance
22:06:02 <DoT`> has meme title
22:06:04 <DoT`> its meant for you
22:06:08 <BioPhone> But this shit is awful
22:06:17 <DoT`> america healthcare is weird
22:06:26 <DoT`> gl!
22:06:55 <BioPhone> My jobs insurance doesn't take effect until oct
22:07:01 <DoT`> if you need me to write the US government a stern letter just ask
22:07:15 <BioPhone> And my poor people insurance isn't welcome out of state I guess
22:07:27 <BioPhone> Couldn't hurt
22:07:33 <BioPhone> Love meme
22:07:42 <skram> DEAR MR TRUMP
22:07:44 <skram> this shit is wack
22:07:46 <skram> regards, dot
22:09:07 <Crisium> https://twitter.com/humorandanimals/status/1039108779487494150
22:22:08 <BioPhone> P sure imma get my medicine, get some nyquil, chug a bit, then hopefully wake up 12h later for work
22:22:10 <BioPhone> Xd
22:22:39 -!- tredc [~tredc@c83-251-171-164.bredband.comhem.se] has joined #tlponies
22:31:04 <Runbunny> DoT`, Hob has lost his mind.
22:31:14 <skram> did he have one to start with
22:32:56 <DoT`> everyday a little bit more angel
22:39:07 <Camail> supposedly they added a lot of content into act 3 in divinity
22:39:11 <Camail> i didnt see any of it?
22:40:36 <Camail> ohhhhh act 3 is arx
22:40:41 <Camail> but its also chapter 4
22:40:48 <Camail> maybe they shouldnt do that
23:25:33 <BioPhone> Getting me some meds
23:57:16 <DoT`> why do ppl keep asking me what im going to do for internet when i move
23:57:52 <DoT`> firstly england does have internet so im ok there, and second yes i will have internet
23:59:38 <Camail> i dont know if england has internet
23:59:41 <Camail> its very old
23:59:46 <Camail> and a very tiny island
