00:30:53 -!- Rawr|Fone [~AndChat52@84-217-62-32.customers.ownit.se] has joined #tlponies
01:30:41 <Camail> dot sleep
01:32:24 <Bio> sleeeeeeeeeep
01:46:32 -!- Rawr|Fone [~AndChat52@84-217-62-32.customers.ownit.se] has joined #tlponies
02:07:06 -!- Golly [~Golly@1.92-221-121.customer.lyse.net] has joined #tlponies
02:12:17 -!- Dot [~quassel@90.197.151.215] has joined #tlponies
02:22:36 -!- Twi [znc@Twi.users.quakenet.org] has joined #tlponies
03:22:25 -!- Rawr|Fone [~AndChat52@84-217-62-32.customers.ownit.se] has joined #tlponies
05:40:30 -!- Golly [~Golly@1.92-221-121.customer.lyse.net] has joined #tlponies
06:24:47 -!- Rawr|Fone [~AndChat52@84-217-62-32.customers.ownit.se] has joined #tlponies
07:29:31 -!- DuB` [DuB@65-130-76-97.slkc.qwest.net] has joined #tlponies
07:29:44 <DuB`> aaa
07:30:46 <Dot> dub <3
07:30:53 <DuB`> dot <3
07:31:08 <DuB`> Iam at HOME
07:31:24 <DuB`> No PC until tomoro night tho :P
07:33:32 <DuB`> Just laptoppo
07:33:55 <DuB`> Been enjoying dota botgames with brother and friends who played moba for the first time in their lives today
07:38:59 <DuB`> Oh woops almost 2am
07:39:03 <DuB`> I'm supposed to zzz
07:40:57 -!- Rawr|Fone [~AndChat52@84-217-62-32.customers.ownit.se] has joined #tlponies
07:51:20 -!- Cane [~Cane@CaneCraft.users.quakenet.org] has joined #tlponies
07:51:20 -!- mode/#tlponies [+o Cane] by Q
07:51:58 -!- reification [~reificati@cpc76294-cosh16-2-0-cust297.6-1.cable.virginm.net] has joined #tlponies
07:51:58 -!- mode/#tlponies [+v reification] by Q
07:52:04 <reification> morning tlp
07:56:01 <CockRoach|42> hors hors
08:07:21 <reification> made it to day 2, going back to brighton in a bit for more pokers
08:07:32 <CockRoach|42> woho!
08:08:08 <reification> still a way till the monies tho, can’t get overexcited yet
08:08:39 <CockRoach|42> soon tho!
08:23:57 <Dot> mornign all
08:24:05 <reification> hi dotties
08:37:48 <CockRoach|42> hi dot
08:38:04 <Dot> how are you two today?
08:45:23 <CockRoach|42> doing ok
09:00:59 -!- reification [~reificati@cpc76294-cosh16-2-0-cust297.6-1.cable.virginm.net] has joined #tlponies
09:00:59 -!- mode/#tlponies [+v reification] by Q
09:04:32 <reification> about to leave
09:05:19 <Dot> where you going?
09:05:29 <reification> back to brighton, more poker
09:05:49 <Dot> gl!
09:06:07 <reification> they closed the road i want tho, most inconsiderate
09:06:23 -!- Golly [~Golly@1.92-221-121.customer.lyse.net] has joined #tlponies
09:07:18 -!- skram [~skram@82.147.53.120] has joined #tlponies
09:08:16 <Dot> skram <3
09:10:44 <skram> dot <3
09:11:22 <Dot> CockRoach https://imgur.com/gallery/TSmnKFn
09:18:01 <Dot> what you up to skram
09:18:33 <skram> laundry and stuff
09:22:16 <Dot> skram, what background you pick for dorf?
09:32:41 <skram> didnt pick any yet dot
09:32:44 <Dot> CockRoach https://imgur.com/gallery/ZO6lj4g
09:39:22 <CockRoach|42> Dot: <3
09:41:41 <Dot> <3
10:01:24 <CockRoach|42> https://imgur.com/gallery/KsgdCdR
11:03:56 <Dot> skram, what doing?
11:13:03 <CockRoach|42> this is one angry noodle https://imgur.com/gallery/8TWieB5
11:16:11 <Dot> it is indeed
11:43:57 -!- tredc [~tredc@c83-251-163-99.bredband.comhem.se] has joined #tlponies
11:55:50 <Dot> Rawr Rawr Rawr
11:56:10 -!- tredc [~tredc@c83-251-163-99.bredband.comhem.se] has joined #tlponies
12:05:22 <Dot> no skram, no rawr
12:11:42 <skram> sunday is washing day Dot
12:11:48 <skram> i am finish now though
12:12:25 <Dot> \o/
12:19:23 <Dot> and now what skram?
12:20:18 <skram> hmm
12:20:35 <skram> gonna finish laundry then some people will probably show up to eat my dinner
12:20:46 -!- tredc [~tredc@c83-251-163-99.bredband.comhem.se] has joined #tlponies
12:22:50 <Dot> how much laundry you got it takes all day?
12:23:34 <skram> well 1 for my underpants and 1 for my tshirts
12:23:41 <skram> theres also floors and stuff
12:42:54 <skram> Dot: https://imgur.com/gallery/C4Zeq8K
12:43:42 <Dot> skram, someone  i use to work with at the Air Ambulance charity is now working at hartington cheese
12:44:13 <skram> so you have an inside source
12:44:15 <skram> hook me up bro
12:46:38 <Dot> when you visit
12:47:42 <skram> very tempting
12:51:16 <skram> .tell zounds https://i.imgur.com/pchqvFs.jpg
12:51:27 -!- tredc [~tredc@c83-251-163-99.bredband.comhem.se] has joined #tlponies
12:51:30 <skram> did you do the thing where you run down a hill an chase after a cheese wheel dot
12:51:45 <Dot> nope
12:53:13 <skram> do you get to keep it if you catch it
12:54:34 <Dot> im pretty sure you do
12:56:12 <skram> excellent
13:03:52 <skram> im gonna have to venture outside
13:04:14 <Dot> dont
13:17:10 <Rawr|Fone> Dot Dot Dot
13:21:50 <Dot> Rawr <3
13:22:01 <Rawr|Fone> <3
13:22:05 -!- tredc [~tredc@c83-251-163-99.bredband.comhem.se] has joined #tlponies
13:24:25 -!- DoT|Phone [~Dot@90.197.151.215] has joined #tlponies
13:40:54 <skram> they said i wasnt gonna make it DoT|Phone
13:40:55 <skram> but i did
13:42:27 <Rawr|Fone> Good job jonas
13:42:33 <Rawr|Fone> Proud of you
13:42:35 <skram> thanks henrik
13:42:38 <DoT|Phone> you're very brave
13:43:45 <skram> im basically a real adult now
13:58:07 <DoT|Phone> very much so
14:53:07 -!- Phearlock [~Phearlock@cm-84.209.250.127.getinternet.no] has joined #tlponies
14:53:07 -!- mode/#tlponies [+v Phearlock] by Q
14:53:09 -!- Rawr|Fone [~AndChat52@84-217-62-32.customers.ownit.se] has joined #tlponies
14:53:11 <Phearlock> poni???
14:53:20 <Dot> phear!
14:53:27 <Phearlock> it's you!
14:53:28 <Dot> poni was yesterday
14:53:36 <Phearlock> That it was
14:54:26 <Dot> did you see it?
14:54:44 <Dot> there was ponies, glitter and sillyness
14:54:58 <Phearlock> I haven't yet actually
14:55:02 <Phearlock> I should go look at it
14:56:06 <Dot> also i sent you roll20 invite
14:56:17 <Dot> i thought for some reason you had it already
14:56:58 <Phearlock> Well, I have it now =)
14:57:16 <Dot> good, a gave you character sheet
14:59:12 <Phearlock> mmmm, character sheets
15:08:47 <Bio> neigh
16:18:22 <Dot> pons
16:28:41 -!- ZK [webchat@cloak-411vb15g.adsl.xs4all.nl] has joined #tlponies
16:35:24 <Dot> .roll d20 to boop zk
16:51:12 <ZK> oouch
16:51:17 <ZK> .roll d20 to boop Dot 
16:51:23 <ZK> did you see that xd?
16:52:22 <Dot> ill assume your talking about WCS? which the answer would be no i was afk
16:52:54 <ZK> but neeeeeeeb
16:52:59 <ZK> you saw that wednesday right?
16:53:30 <Dot> i was at work on wednesday so missed most of it
16:54:36 -!- DuB` [DuB@65-130-66-208.slkc.qwest.net] has joined #tlponies
16:54:38 <DuB`> G'morn!
16:54:41 <Dot> DAAB
16:54:41 <ZK> hi dub
16:54:42 <Dot> <3
16:54:48 <Dot> you got pc again?
16:54:50 <DuB`> <3
16:54:50 <ZK> did you see the vods? gsl is great with youtube now :D
16:54:52 <DuB`> No, tonight
16:55:01 <ZK> dubbles, you back home ? :o
16:55:06 <DuB`> Ya
16:55:08 <ZK> i thought you had great laptop or something!
16:55:18 <DuB`> It was great... in 2012
16:55:21 <DuB`> Not so much now!
16:55:30 <ZK> 2012, 2 years after SC2 came out! Perfect
16:55:34 <Dot> but your rich now dub
16:55:39 <Dot> so you can get more
16:55:40 <ZK> he rich? :o
16:55:40 <Dot> like 3
16:55:52 <ZK> can you get dot as a butler now?
16:56:06 <DuB`> All the $$ I made this summer needs to be saved for moving back to someplace in the spring :P
16:56:16 <Dot> yea dub, if this interview on tuesday doesnt go well i will need you to hire me
16:56:18 <ZK> where moving?
16:56:24 <ZK> dot, interview? For what!
16:56:34 <DuB`> Either back to SF or off to NYC for the work I want, ZK.
16:56:41 <DuB`> Either way, $$$rent$$$
16:56:53 <Dot> apprenticeship at cougar automation zk
16:56:56 <ZK> is it those jobs that pay 120k but you need to do 70 hours?
16:57:13 <DuB`> During busy season, sure :P
16:57:15 <DuB`> glhf dot
16:57:18 <DuB`> u got this
16:57:20 <ZK> ahhhhhhhhhh
16:57:23 <ZK> 70 hours of work? :o
16:57:26 <ZK> blech
16:57:39 <ZK> is busy season like all year except one month?
16:58:35 <DuB`> No lol
16:58:43 <DuB`> 2-3 months of the year
16:59:01 <Dot> especialy when all the books change randomly dub?
16:59:16 <DuB`> wha
16:59:41 <Dot> i dont know, you had something happen like 2 months ago where things changed
16:59:45 <Dot> and there was panic
17:00:11 <DuB`> Oh yes
17:00:15 <DuB`> Well, tax is law and laws change
17:00:25 <Dot> TAX IS LAW
17:00:34 <Dot> Dub is going to be Judge Dread
17:01:24 <DuB`> :o
17:03:38 <DuB`> This old thing
17:03:51 <DuB`> I have a notification in my tray to "check for solution to unknown problem"
17:03:58 <DuB`> Couldn't possibly be more mysterious
17:04:11 <Dot> lol
17:04:34 <DuB`> Error could not be uploaded to error reporting service
17:04:35 <DuB`> ok
17:06:56 <Dot> guess it will never be solved
17:08:07 <Dot`> Dub, how long you got before back at uni now?
17:08:22 <DuB`> Moving to new place on fridey
17:09:34 <DuB`> School starts on Sept 4
17:24:26 -!- Crisium [~Crisium@c-24-3-158-64.hsd1.pa.comcast.net] has joined #tlponies
17:25:31 <Dot`> hey Crisium
17:25:45 <Crisium> hola
17:28:37 <DuB`> Crisimum
17:28:39 <DuB`> !
17:29:02 <Crisium> ¡
17:30:36 -!- DoT|Phone [~Dot@90.197.151.215] has joined #tlponies
17:32:54 <DoT|Phone> How are you doing dub
17:33:03 <DuB`> So good
17:35:09 <Crisium> dub is now back in homeland
17:36:17 <DoT|Phone> dub is a city boy now. he will get bored in the dull country side
17:39:03 <skram> joy of joys
17:39:06 <skram> a real life DuB`
17:40:05 <DuB`> :D
17:40:59 <skram> how was your flight
17:52:51 <DuB`> O
17:52:53 <DuB`> Flight was short
18:02:26 -!- Camail [~Camail@45.40.84.145] has joined #tlponies
18:02:27 -!- mode/#tlponies [+v Camail] by Q
18:07:10 <DoT|Phone> cam
18:07:16 <DoT|Phone> you butt
18:07:19 <Camail> yup
18:18:17 <Rawr|Fone> DoT|📱
18:20:11 <Crisium> nani
18:22:54 <DoT|Phone> Rawr Rawr
18:23:40 <DoT|Phone> ❤
18:25:24 <Rawr|Fone> ❤
18:36:31 <Dot`> what you up to dub
18:39:23 -!- BioPhone [~androirc@mobile-166-175-185-166.mycingular.net] has joined #tlponies
18:39:42 <BioPhone> Horse
18:41:22 <Dot`> hest
18:51:24 <Dot`> cam, skram isnt playing a barbarian, im unsure about this
18:52:05 <Camail> you cant expect such a complicated and mysterious man like skram to play barb forever
18:55:09 <skram> yes i rolled a 4
18:55:57 <Dot`> i was hoping for a 12 and to see you play an edgy dorf warlock
18:57:39 <Phearlock> the fuck do I even play
18:57:48 <skram> do a roll
18:57:54 <Dot`> kobold phear
18:58:35 <Dot`> then roll for class
18:59:30 <Camail> is dub playing the dnd
18:59:49 <Dot`> Dub, are you going to play in a west marches DnD?
19:00:03 -!- Rawr|Fone [~AndChat52@84-217-62-32.customers.ownit.se] has joined #tlponies
19:05:15 <Camail> i can volunteer him
19:05:36 -!- Zounds [webchat@cloak-wmbqgxv5.14-2.cable.virginm.net] has joined #tlponies
19:05:41 <Dot`> nice
19:06:32 <Dot`> hey zounds!
19:08:44 <Dot`> cam i found the sleeping in armour rule in xanathars
19:09:06 -!- tredc [~tredc@c83-251-163-99.bredband.comhem.se] has joined #tlponies
19:09:11 <Camail> is it what you remembered it to be
19:09:14 <Dot`> when sleeping in medium/heavy armour you only regain 1/4 HD and dont recover any exaustion
19:10:00 <Dot`> you can also skip a long rest but then have to make a con check or suffer a level of axuastion
19:14:32 -!- BioPhone [~androirc@mobile-166-175-185-166.mycingular.net] has joined #tlponies
19:45:33 <Camail> man, the division was fun
19:45:50 -!- tredc [~tredc@c83-251-163-99.bredband.comhem.se] has joined #tlponies
19:49:10 -!- Runbunny [~Runbunny@91.100.28.10.generic-hostname.arrownet.dk] has joined #tlponies
19:49:15 <Dot`> Angel!
19:51:03 <Runbunny> Hai dot.
19:51:13 <Runbunny> It's me birthday.
19:52:41 <Phearlock> oh happy bday runbun =3
19:52:47 <Runbunny> Thanks!
19:53:00 <Dot`> Happy Birthday Runbun!
19:53:05 <Dot`> did you eat cake?
19:53:37 <Runbunny> not yet.
19:53:39 <Rawr|Fone> Happy birthday anders my dear friend
19:54:27 <Runbunny> Thanks!
19:55:31 <Crisium> happy bun day
19:56:02 <Runbunny> I am an old man now.
19:58:41 -!- BioPhone [~androirc@mobile-166-175-185-166.mycingular.net] has joined #tlponies
20:05:37 <Runbunny> Dot`, https://78.media.tumblr.com/tumblr_maiduiYxbs1rz1fqoo1_500.jpg
20:07:24 <Dot`> life is suffering
20:08:36 <DuB`> Happy bunday!
20:09:41 <Runbunny> Thank you Dub :3
20:09:56 -!- reification [~reificati@cpc76294-cosh16-2-0-cust297.6-1.cable.virginm.net] has joined #tlponies
20:09:56 -!- mode/#tlponies [+v reification] by Q
20:10:03 <Dot`> reif! you win?
20:10:37 <reification> i’m back too early for that dot but i did cash (32nd)
20:11:33 <DuB`> $$$
20:11:44 <reification> £££
20:12:46 <reification> haven’t had £50 notes since last poker success at the casino
20:13:14 <Dot`> all 50's are fake!
20:13:22 <reification> would have prefered the £19k up top tho
20:22:52 <Cane> Camail, rapha+DaHanG stream.
20:23:15 <Cane> ESL Go4 2v2 qualifiers according to stream title.
20:23:18 <Cane> https://www.twitch.tv/rapha
20:23:20 <Cane> https://www.twitch.tv/dahang
20:23:59 <BioPhone> Pony
20:24:22 <reification> biony
20:24:30 <Cane> Bio. <3
20:27:44 <BioPhone> Hey guys
20:28:26 <BioPhone> Got a bunch of new apartment furnishings for a late graduation gift
20:28:54 <BioPhone> Towels and shit
20:29:29 <Phearlock> ayyy
20:29:33 <Phearlock> towels are great
20:29:53 <Phearlock> Good for those no-pants days
20:42:34 <BioPhone> Gotta get me one of those fluffy robes
20:47:32 <reification> https://www.youtube.com/watch?v=Q8OCTmRDMO0
21:01:19 <Bio> neigh
21:03:16 -!- Phearlock_ [~Phearlock@cm-84.209.250.127.getinternet.no] has joined #tlponies
21:03:16 -!- mode/#tlponies [+v Phearlock_] by Q
21:08:22 -!- tredc [~tredc@c83-251-163-99.bredband.comhem.se] has joined #tlponies
21:11:09 -!- mode/#tlponies [+vvvvvv Bio BioPhone Crisium Dot` DuB` Emily] by Cane
21:11:10 -!- mode/#tlponies [+vvvvvv Golly Methos motbob Rarity Rawr|Fone Runbunny] by Cane
21:11:10 -!- mode/#tlponies [+vvvvv skram sweetiebot tredc Twi Zounds] by Cane
21:11:17 <Cane> I'm in a good mood. +v for everyone.
21:11:24 <Dot`> so generous
21:11:47 <Dot`> Phear, any thoughts on character?
21:19:58 -!- BioPhone [~androirc@mobile-166-175-185-166.mycingular.net] has joined #tlponies
21:21:39 -!- BioPone [~androirc@108-72-8-181.lightspeed.stlsmo.sbcglobal.net] has joined #tlponies
21:36:21 <Phearlock_> Proooobably druid
21:36:42 <Phearlock_> I ilke that class, it's nice.
21:36:46 <Phearlock_> And fuzzy at times
21:38:04 <skram> im the druid now ferlok
21:38:09 <skram> you're supposed to be barbarian
21:38:13 <Dot`> cam, you want to be a druid too?
21:38:42 <Camail> i can dress like a druid
21:38:58 <Phearlock_> I haven't really given it too much thought
21:42:34 <Bio> all druid party imo
21:44:08 <Phearlock_> If people were concerned about having multiple people be the same I'm sure they would have announced their pick early in the discord
21:44:47 <Phearlock_> How many bears is too many?
21:44:54 <skram> 9
21:45:21 <Zounds> muh Crisium 
21:45:26 <Zounds> feel like overwatching at all
21:48:11 <reification> g’night all
21:48:22 <Zounds> nn
21:48:38 <reification> i feel exhausted; too much concentrating
21:50:02 <Dot`> gnight reif <3
21:55:02 <Dot`> im sure skram wants a druid friend
21:56:47 <Dot`> you can hug trees together
22:04:50 <Phearlock_> Though, uh, seeing as this is a consistent world. Is there a world?
22:05:03 <Phearlock_> Like, is there a map somewhere?
22:05:19 <Dot`> of 'civilised' land?
22:05:44 <Phearlock_> Like what is the setting?
22:05:49 <Phearlock_> I feel like it assumes one knows
22:05:52 <Phearlock_> And I have no idea haha
22:06:40 <Dot`> the west marches is just dubbed an experiment
22:06:46 <Dot`> there is no set world
22:07:22 <Phearlock_> Ok so there's no resources or anything, and any sort of thing one may want to reference in a character can just be made up?
22:08:18 <DuB`> You could be a ROBOT DRUID?
22:08:23 <Bio> yes, your mage can have studied under twilight sparkle the magnificent
22:08:23 <Dot`> pretty much, the west marches describes an area of uncharted territory beyind where anyone goes
22:08:27 <Dot`> unless they have no choice
22:08:29 -!- tredc [~tredc@c83-251-163-99.bredband.comhem.se] has joined #tlponies
22:09:02 <Dot`> Dub, warforged are a thing in DnD
22:09:21 <Phearlock_> Righto, thanks for the clarification
22:11:21 <Dot`> sp you start in town on the edge, the town is a safe walled place but beyind that its dangerous and unknown
22:11:25 <Dot`> so*
22:14:35 <Phearlock_> What's the climate like?
22:15:14 <Dot`> about 50 latitude northern hemisphere
22:15:51 <Dot`> aka france germany
22:18:34 <Dot`> oh yea, Bio, you want a excel that can generate a years worth of weather for various climates? including incremental tempreture change
22:48:47 <Bio> that seems
22:48:51 <Bio> excessive
22:48:54 <Bio> yes
22:54:16 <Dot`> Skram, are you GM in wow yet?
22:55:55 <skram> absolutely
22:56:32 <Dot`> great
22:56:48 <DuB`> Can I have your autograph?
22:57:08 <Dot`> hows INTERNET dub?
22:57:52 <DuB`> Still on wifi, but it's wifi that stays connected :P
22:58:08 <DuB`> Will have all my PC stuff and cords in... 2 hours!
23:19:10 <Bio> skmen
23:19:19 <Bio> have you been to the dankest dungeon place in wow
23:19:33 <skram> ??no
23:19:48 <Bio> its in stormsong valley
23:19:53 <Dot`> i hear WoW has Dorf fort refrances too
23:20:23 <Bio> on the southern most point on the island to the northeast
23:23:06 <Bio> they prolly do dot
23:41:26 <Zounds> ive not done all the dungeons yet but I thought underrot looked really good
