00:03:14 -!- Dot [~quassel@2.218.218.147] has joined #tlponies
00:06:23 <DuB`> skram I sent you snappes
00:07:06 <skram> haha!
00:07:10 <skram> excellent find
00:07:24 <skram> now put it on a stereo and go listen to it in another room
00:11:50 <skram> Thats a pioneer amp, The Good Stuff
00:11:52 <skram> crank it up
00:12:13 <DuB`> If half the family weren't napping I would right away :P
00:13:24 <skram> Who wouldnt want to wake up to some toto bangers!
00:13:39 <DuB`> Crazy people, probably
00:25:34 -!- Dot` [~quassel@2.218.218.147] has joined #tlponies
00:30:00 <Crisium> bloop
01:16:21 <Cane> Been testing out tiles in NetHack. Which would you all be more interested in watching, https://i.imgur.com/0QgaVTs.png or https://i.imgur.com/gdpdOx8.png ?
01:42:13 <DuB`> Cane: The first feels more nethack-y but the second would obviously be more inviting for less-initiated viewers (like me).
01:53:03 <Camail> dub pls
01:53:11 <Crisium> butt
01:53:19 <Camail> plss
01:53:41 <DuB`> Cam wat
02:01:30 <Camail> dont show nerd weakness, tell him to use a pure binary skin
02:01:33 <Camail> overcompensate
02:03:53 -!- Dot [~quassel@2.218.218.147] has joined #tlponies
02:04:12 <DuB`> Heheh
02:11:11 -!- Rawr|Fone [~AndChat52@84-217-62-32.customers.ownit.se] has joined #tlponies
02:32:01 -!- Rawr|Fone [~AndChat52@84-217-62-32.customers.ownit.se] has joined #tlponies
03:14:00 -!- Dot` [~quassel@2.218.218.147] has joined #tlponies
03:41:02 -!- Dot [~quassel@2.218.218.147] has joined #tlponies
04:03:10 -!- Golly [~Golly@1.92-221-121.customer.lyse.net] has joined #tlponies
05:20:00 -!- BioPhone [~androirc@mobile-166-175-188-23.mycingular.net] has joined #tlponies
05:31:51 -!- Dot` [~quassel@2.218.218.147] has joined #tlponies
05:55:43 -!- Dot [~quassel@2.218.218.147] has joined #tlponies
06:25:49 -!- BioPon [~androirc@108-72-8-181.lightspeed.stlsmo.sbcglobal.net] has joined #tlponies
07:22:27 <Rawr|Fone> 🐴🐴🐴
07:40:33 -!- Dot` [~quassel@2.218.218.147] has joined #tlponies
07:46:22 -!- Dot [~quassel@2.218.218.147] has joined #tlponies
08:07:08 <Dot> mornign all
08:07:11 <Dot> rawr rawr rawr
08:07:31 <Rawr|Fone> Dot dot dot
08:07:36 <Rawr|Fone> <3
08:07:38 <Dot> <3
08:26:40 <Dot> what you up to rawr
08:27:47 <Rawr|Fone> Watching the table tennis team world cup
08:36:43 <Dot> sounds nice
08:45:06 <Rawr|Fone> Quite nice
09:39:18 <Dot> hows spike been rawr?
09:39:44 <Dot> the best old boy there is?
09:43:55 <Rawr|Fone> https://imgur.com/Fiqn5OF
09:44:52 <Rawr|Fone> Yes dot
09:44:55 <Rawr|Fone> Like always
09:45:13 <Dot> AAAHHH
09:50:35 <Dot> he is best
09:50:38 <Dot> i go work now
10:42:12 -!- skram [~skram@95.169.43.146] has joined #tlponies
10:59:10 -!- Golly [~Golly@1.92-221-121.customer.lyse.net] has joined #tlponies
11:15:08 -!- Phearlock_ [~Phearlock@cm-84.209.250.127.getinternet.no] has joined #tlponies
11:15:08 -!- mode/#tlponies [+v Phearlock_] by Q
11:41:03 -!- Dot` [~quassel@2.218.218.147] has joined #tlponies
13:22:27 -!- skrm [webchat@185.7.220.32] has joined #tlponies
13:33:30 <skrm> oh
13:41:12 -!- tredc [~AdiIRC@c83-251-161-94.bredband.comhem.se] has joined #tlponies
13:51:06 -!- Rawr|Phone [~AndChat52@m83-185-80-233.cust.tele2.se] has joined #tlponies
14:46:10 -!- reification [~reificati@cpc76294-cosh16-2-0-cust297.6-1.cable.virginm.net] has joined #tlponies
14:46:10 -!- mode/#tlponies [+v reification] by Q
14:46:56 <reification> .tell dub` https://pbs.twimg.com/media/Db5LL6AU0AA9txJ.jpg
14:47:12 <reification> .tell runbunny https://pbs.twimg.com/media/DXImGReVoAAhOq0.jpg
14:50:05 <skrm> oh no
15:06:42 -!- Zounds [webchat@cpc108453-cowc8-2-0-cust8.14-2.cable.virginm.net] has joined #tlponies
15:09:19 <skrm> zounds old boy
15:09:28 <Zounds> hey
15:10:38 <Dot`> i home
15:10:44 <Dot`> hello pons
15:10:52 -!- Runbunny [~Runbunny@91.100.28.10.generic-hostname.arrownet.dk] has joined #tlponies
15:10:57 <Dot`> hey runbun
15:15:18 <Runbunny> Hai Dot.
15:16:01 <skrm> Welcome home bjørn, anders
15:18:29 <Dot`> jonas
15:19:22 <Zounds> how's work treating you today skrm
15:20:07 <Runbunny> Thank you Jonas.
15:20:10 <skrm> Its fine I think
15:20:23 <skrm> They had to shut the turbine down earlier today so there was some drama but seems quiet now
15:21:32 <Dot`> did the wrong things catch fire again
15:21:46 -!- tredc [~AdiIRC@c83-251-161-94.bredband.comhem.se] has joined #tlponies
15:22:25 <Zounds> Maybe everyone died that's why it's gone quiet
15:23:06 <skrm> Its fine, its getting shipped to Italy
15:23:30 <Dot`> your shipping fire to italy?
15:24:28 <skrm> yeah
15:24:30 <skrm> fuck italy
15:28:19 <skrm> Italy is pretty good at building turbogenerator sets but their customer service leaves much to be desired, Dot` 
15:29:07 <skrm> They also refuse to use the international standard for system tags but thats a whole other thing
15:34:58 <Dot`> haha
15:47:31 <Dot`> skram, you take dnd notes last night?
15:49:34 -!- DuB` [~DuB@65-130-16-140.slkc.qwest.net] has joined #tlponies
15:49:38 <DuB`> G'morn!
15:50:03 <Dot`> Dub dub
15:50:05 <Zounds> hi dub
16:01:00 <Zounds> wanna stack some OW later DuB` ?
16:01:20 <DuB`> YOU KNOW I DO
16:01:29 <Zounds> hopefully additional pons online by then
16:02:09 <Dot`> dub, did you take dnd notes? i am missing some names
16:02:36 <DuB`> Not really :P
16:04:15 <Dot`> why are you proud of your ignorance dub!
16:05:14 <Zounds> Why are your notes not complete dot
16:05:21 <Dot`> because i am bad
16:05:55 <DuB`> reification, dang right Monogatari on that shelf :P
16:06:12 <Zounds> What sort of notes do you take in dnd anyway
16:06:27 <Zounds> A list of events and outcomes? or something?
16:06:43 <DuB`> Important tasks, people, places to remember
16:07:03 <Zounds> Makes sense
16:07:16 <DuB`> So that when you go to do thing you don't end up all, "That... one guy told us to come here and meet... someone? We're not sure."
16:07:37 <Zounds> Useful to take notes as an adventurer when time stops and you go into a coma every week until it's time to go agian
16:07:37 <Dot`> "why are we in this town again"
16:10:55 <DuB`> .tell skrm https://www.youtube.com/watch?time_continue=195&v=4lH1jC9Eb3w
16:14:39 -!- Rawr|Fone [~AndChat52@84-217-62-32.customers.ownit.se] has joined #tlponies
16:14:58 <Zounds> Dot` install overwatch and stack with us tonight
16:15:49 <Zounds> There are so many weird and wonderful new heroes for you to get annoyed by
16:16:21 -!- tredc [~AdiIRC@c83-251-161-94.bredband.comhem.se] has joined #tlponies
16:18:42 <Runbunny> DuB`, did you like the exact last second of that song to skram?
16:19:11 <Dot`> lol
16:19:14 <DuB`> O is it time linked
16:19:15 <DuB`> oopsie
16:30:36 <Bio> i did the oversleep
16:30:39 <Bio> henlo
16:30:40 <DuB`> zZz
16:30:41 <Dot`> oh dear
16:30:46 <DuB`> DND WHEN
16:30:49 <DuB`> :P
16:31:05 <Dot`> yea Bio
16:31:06 <Bio> this weekend prolly
16:31:31 <Bio> i will have to look, but fri or sat looks fine
16:39:26 <Bio> k gotta go to store
16:39:28 <Bio> bb in a bit
17:24:01 -!- Golly [~Golly@1.92-221-121.customer.lyse.net] has joined #tlponies
17:27:11 <Bio> hola
17:27:13 <Bio> i bek
17:30:34 <Dot`> wb
17:36:58 <DuB`> Also bek
17:37:02 <DuB`> I did a haircut!
17:37:39 <Dot`> gj
17:37:47 <Bio> just one?
17:37:53 <Dot`> what the horses going to do now
17:38:05 <Bio> eating... grazing
17:40:24 <DuB`> Gotta go to renew my driver license 
17:40:28 <DuB`> OW when back hopefully
17:42:00 <Bio> didn't you hear dub? they cancelled OW
17:42:09 <DuB`> NUH UH
17:42:22 -!- tredc [~AdiIRC@c83-251-161-94.bredband.comhem.se] has joined #tlponies
17:53:51 <Zounds> Sad!
17:58:12 <DuB`> Hopefully back in an hour or less, wish me luck.
18:00:04 <Runbunny> Good luck in you endeavours Dub.,
18:34:27 -!- Rawr|Phone [~AndChat52@m83-185-93-58.cust.tele2.se] has joined #tlponies
18:37:08 <Bio> monkaS
18:38:16 <skrm> Dot` theres not that many things to make notes of
18:39:42 <Dot`> yea, so if no one has notes now, thinnk how bad it will be later on
18:39:55 -!- tredc [~AdiIRC@c83-251-161-94.bredband.comhem.se] has joined #tlponies
18:40:25 <skrm> sounds exciting dot
18:41:38 <Dot`> no
18:41:56 <Bio> surely nothing bad will happen
18:43:11 <Dot`> it gets kinda sad when you are months into a campagn and players cant tell you anything thats happend
18:44:29 <skrm> are you implying something Dot` 
18:44:38 <Dot`> never
18:44:47 <DuB`> Back! Again!
18:44:53 <Bio> dub pls
18:44:57 <DuB`> bio wat
18:44:59 <Runbunny> Hai Dub.
18:45:02 <Bio> PLS
18:45:05 <skrm> Thanks for that second of youtube video DuB` 
18:45:08 <skrm> I enjoyed it
18:46:40 <DuB`> o gud
18:46:53 <Dot`> CockRoach https://imgur.com/gallery/g1mzqBR
18:47:07 <DuB`> Time for snacks and doto watchin'
18:47:17 <DuB`> And wait for oberwajfrends
18:47:26 <Bio> so many danger noodles in one spot
18:47:42 <DuB`> Micen Zounds reification if ye wanna staq todey
18:48:04 <Zounds> I do want to staq
18:48:22 <Zounds> idk if you wanna wait for more pons tho
18:48:25 <Micen> maybe in a bit, im feeling slow and blah 
18:48:41 <Micen> feels like im getting some dumb sick
18:49:05 <DuB`> Oh no, the dreaded slowblahs
18:49:08 <DuB`> Rest up
18:51:09 <Micen|Droid> C
18:52:08 <Zounds> Maybe Runbunny ?
18:52:15 <Zounds> Beede is offline unfortunately
18:52:21 -!- tredc [~AdiIRC@c83-251-161-94.bredband.comhem.se] has joined #tlponies
18:53:14 <Zounds> Though he probably will appear at some point
18:56:25 <Runbunny> I'm a bunny.
18:56:55 <DuB`> Is THAT so
18:56:59 <Zounds> You're an adult man
18:57:10 <Bio> neigh
18:57:16 <Micen> Do you have proof zounds
18:57:31 <DuB`> They don't let bunnies experiment on mice!
18:57:53 <Runbunny> Sure they do.
18:57:54 <Runbunny> Also
18:58:05 <Runbunny> Rats > Mice.
18:58:10 <Zounds> Bunnies are not capable of experimenting of mice
18:58:13 <Zounds> bunnies r dumb
18:58:13 <Runbunny> If you are wondering.
18:59:00 <Zounds> anyway wanna stack OW with DuB` and I?
18:59:04 <Zounds> we're looking for pon
19:00:26 <Runbunny> I need like 8 minuttes.
19:00:38 -!- tredc [~AdiIRC@c83-251-161-94.bredband.comhem.se] has joined #tlponies
19:00:43 <Zounds> kool
19:00:55 <Zounds> DuB`: wanna start eu?
19:01:23 <DuB`> 1 sec, makin some noodles
19:01:27 <DuB`> Miso udon!
19:01:46 <Micen> i made me some spicy ramen earlier that was pretty tasty. 
19:02:13 <DuB`> Thos r gud
19:06:06 <CockRoach|42> Dot`: thanks for the noodles <3
19:06:36 <Runbunny> lettuce staque
19:06:54 -!- tredc [~AdiIRC@c83-251-161-94.bredband.comhem.se] has joined #tlponies
19:07:51 -!- Camail [~Camail@45.40.84.145] has joined #tlponies
19:07:52 -!- mode/#tlponies [+v Camail] by Q
19:07:57 <Dot`> cam
19:08:05 <Camail> dot
19:08:11 <Dot`> it is
19:08:33 <Zounds> hullo Camail 
19:09:03 <Camail> hihi
19:09:03 <Runbunny> Camail.
19:09:10 <Camail> ranban pls
19:13:20 <Zounds> move yer butt dub
19:13:31 <Zounds> slurp those noodles
19:15:00 <DuB`> DID SLURPED
19:16:37 <skrm> ;) ;) ;)
19:16:38 <Bio> dup 
19:16:40 <Bio> plz
19:18:29 <Bio> PLS
19:19:51 <skrm> calm down Bio
19:20:46 <Bio> nvr
19:20:55 <skrm> When you gon stream next
19:21:28 <Bio> idk
19:21:29 <Bio> today?
19:21:30 <Bio> maybe
19:21:39 <Bio> WHO KNOWS IN THIS CRAZ WERLD
19:22:48 -!- Phearlock [~Phearlock@cm-84.209.250.127.getinternet.no] has joined #tlponies
19:22:48 -!- mode/#tlponies [+v Phearlock] by Q
19:22:57 <Dot`> pear!
19:23:34 <skrm> clock!
19:23:47 -!- Micen|Droid_ [~Micen@99-203-4-58.pools.spcsdns.net] has joined #tlponies
19:24:26 <Phearlock> ponpons
19:25:06 <Phearlock> Bio https://orig00.deviantart.net/93f3/f/2018/120/0/8/rosy_cheek_by_jumblehorse-dca8c10.png good pony 4 u
19:25:20 <Bio> agreed. this is a good horse
19:25:23 <Bio> i accept this
19:25:34 -!- tredc [~AdiIRC@c83-251-161-94.bredband.comhem.se] has joined #tlponies
19:25:58 -!- Micen|Droid [~Micen@99-203-4-58.pools.spcsdns.net] has joined #tlponies
19:26:59 <Phearlock> https://cdn.discordapp.com/attachments/307473088327581696/440528600555585557/brawlin__ladies_by_thesoleil-dca82ip.png not ponies but pretty cute
19:27:11 <skrm> how magnamonious bio
19:27:59 <Dot`> horse is good, as is herds
19:28:19 <Phearlock> As violent as the herds are, they're pretty damn huggable
19:35:19 -!- Micen|Droid_ [~Micen@h196.171.91.75.dynamic.ip.windstream.net] has joined #tlponies
20:01:56 <Bio> he
20:01:57 <Bio> y
20:02:02 <Bio> hey you horsemen
20:02:05 <skrm> w hat
20:02:11 <Bio> want some S T R E S S
20:02:18 <Bio> ?biostream
20:02:22 <Bio> 5 mins
20:02:23 <Bio> be there
20:02:24 -!- tredc [~AdiIRC@c83-251-161-94.bredband.comhem.se] has joined #tlponies
20:02:26 <Bio> or be afflicted
20:02:51 <skrm> ill tune in once i get home in an hour and a half ok
20:03:05 <Bio> Bio's Resolve is tested:
20:03:14 <Bio> IRRATIONAL
20:11:17 <skrm> he hurt himself in his confusion
20:20:33 <Dot`> skrm
20:20:54 -!- tredc [~AdiIRC@c83-251-161-94.bredband.comhem.se] has joined #tlponies
20:35:46 <Dot`> werid
20:36:06 <Dot`> Bio chat wont accept my pushing enter
20:36:22 <Bio> thats weird
20:36:23 <Bio> me too
20:37:42 <Dot`> Oh, new chucklfish (stardew valley maker) game announced
20:37:53 <Micen> the wizard one?
20:37:59 <Dot`> Eastward
20:39:11 <Micen> I wonder which will be better, that or Spellbound
20:39:27 -!- tredc [~AdiIRC@c83-251-161-94.bredband.comhem.se] has joined #tlponies
20:43:48 <Dot`> i must have done this fight wrong which bio is on, he just kept dropping rocks on 3 peoples heads instead of only 1
20:44:35 <skrm> Dot`
20:44:39 <skrm> i will travel home now
20:44:46 <Dot`> good
20:48:42 <Dot`> it may be all twtich
20:49:12 <Dot`> yea, its not just you bio
20:58:34 -!- Crisium [~Crisium@c-24-3-158-64.hsd1.pa.comcast.net] has joined #tlponies
21:03:05 <Dot`> hey Crisium
21:03:24 <Crisium> oi
21:03:31 <Zounds> hey cris
21:03:39 <Zounds> eu staq atm if you wanna warm up for new season of ow
21:03:52 <Crisium> ill be there in 5-10 min
21:18:18 <Crisium> https://twitter.com/AskJayne/status/990382850665992192?s=17
21:19:31 <Dot`> thats not poni
21:26:39 <Crisium> o no
21:31:42 -!- CaneCraft [~Cane@CaneCraft.users.quakenet.org] has joined #tlponies
21:31:42 -!- mode/#tlponies [+o CaneCraft] by Q
21:58:27 -!- skram [~skram@95.169.43.146] has joined #tlponies
21:59:47 <skram> So there was a bottle of scotch waiting for me on my desk when I got home today
21:59:55 <skram> This is turning out to be an excellent day
22:00:11 -!- tredc [~AdiIRC@c83-251-161-94.bredband.comhem.se] has joined #tlponies
22:00:23 <Dot`> someone was in your hhouse skram
22:00:36 <Runbunny> The ghost.
22:00:53 <skram> That sometimes happens because its not MY house bjørnebassen
22:06:28 <Camail> stardew multiplayer is in beta
22:06:38 <Camail> we should do that soon(tm)
22:06:41 <skram> closed?
22:07:39 <Camail> open
22:07:55 <Camail> https://stardewvalley.net/blog/
22:08:01 <DuB`> Ooooh!
22:08:06 <DuB`> We should we should
22:11:46 <Camail> i can after tomorrow when this project is done and thrown in the academia hole
22:39:20 <Bio> asdf
22:41:46 <skram> bio boi did you turn off streem
22:41:51 <Zounds> how many layers share a game Camail 
22:41:54 <Zounds> players*
22:42:02 <Bio> yes skrm
22:42:10 <skram> dang
22:42:11 <Bio> my dog shat everywhere 
22:42:19 <Bio> and now i just want to go back to bed
22:42:21 <skram> bad boi
22:43:39 <Camail> i dunno zounds, didnt look into it
22:43:43 <Camail> just saw the update
22:49:48 <Zounds> fancy being a 6th in an ow stack skram?
22:49:52 <Zounds> or are you in chillaxtation mode
22:50:35 <skram> ill cancel it early, but only for you
22:52:22 <skram> which region are we in
22:52:45 <Zounds> OW servers might be shitting themselves atm
22:53:33 <Zounds> EU though
22:54:39 <Runbunny> Jonas.
22:54:42 <Runbunny> Er du fuld?
23:05:39 -!- reimeuk [~reificati@81.104.233.42] has joined #tlponies
23:05:39 -!- mode/#tlponies [+v reimeuk] by Q
23:12:03 -!- Zounds [webchat@cpc108453-cowc8-2-0-cust8.14-2.cable.virginm.net] has joined #tlponies
23:12:22 <Zounds> hm my internet decided to crap out on me at the same time as blizzards servers
23:14:44 <Phearlock> Zounds stop hosting the blizzard servers
23:14:51 <Phearlock> That's not what your connection is for
23:15:28 <Bio> ddos rip
23:26:10 <Zounds> They should at least pay me for it phear
23:26:10 <Runbunny> skram, https://youtu.be/mLdTpyFmr8c?t=110
23:26:44 <Zounds> What did you think of the latest pony episode Phearlock 
23:34:43 <Phearlock> Super cute/10
23:39:55 <Zounds> Absolutely
23:40:08 -!- tredc [~AdiIRC@c83-251-161-94.bredband.comhem.se] has joined #tlponies
