00:11:50 <reification> night all
00:11:55 <Dot`> gnight reif
00:33:21 <Dot`> skram
00:44:48 <skram> yeah bud
00:44:59 <Dot`> how was food
00:50:27 <skram> edibler
00:50:29 <skram> mostly
00:54:44 <Camail> was some of it not food?
01:01:02 <skram> turns out you're not supposed to eat the packaging
01:22:57 <Dot`> dooorb
01:31:51 <Bio> DUB
01:31:52 <Bio> PLS
01:32:56 <DuB`> WAT
01:35:40 <Cane> https://www.twitch.tv/canecraft Let's find out what this thing is.
01:35:55 <skram> cALM THE FUCK dOWN DUB
01:41:58 <Dot`> snela
02:51:41 <Crisium> gg Bio
02:53:02 <Crisium> wow rude
02:53:03 <Crisium> no gg
02:53:09 <Bio> k
02:54:53 <Bio> gg
03:07:27 <Bio> asdf
05:25:36 -!- Golly [~Golly@1.92-221-121.customer.lyse.net] has joined #tlponies
05:57:19 <Rawr|Fone> Beep beep
06:18:51 -!- Micen_ [~Micen@h133.2.17.98.dynamic.ip.windstream.net] has joined #tlponies
06:23:35 -!- ShotgunPrincess [~Westy543@73.93.93.161] has joined #tlponies
06:23:39 -!- mode/#tlponies [+v ShotgunPrincess] by Q
06:24:20 -!- Rawr|Phone [~AndChat52@m83-185-92-100.cust.tele2.se] has joined #tlponies
06:56:11 <Cane> Oh hai Rawr. <3
07:14:20 -!- Rawr|Fone [~AndChat52@84-217-62-32.customers.ownit.se] has joined #tlponies
07:17:10 <Rawr|Fone> Good morning cane <3
07:18:53 -!- Westy543 [~Westy543@c-73-93-93-161.hsd1.ca.comcast.net] has joined #tlponies
07:18:57 -!- mode/#tlponies [+v Westy543] by Q
07:23:04 -!- ShotgunPrincess [~Westy543@c-73-93-93-161.hsd1.ca.comcast.net] has joined #tlponies
07:23:08 -!- mode/#tlponies [+v ShotgunPrincess] by Q
07:28:23 -!- Rawr|Phone [~AndChat52@m83-185-92-100.cust.tele2.se] has joined #tlponies
09:56:51 <Rawr|Phone> 🐴🐴🐴
10:01:36 <Dot`> Mornign all
10:01:54 <Dot`> cane, ty for stream, i fell asleep about 3 amish
10:02:49 <Cane> Hah good morning. <3
10:02:56 <Cane> Yeah I started super late.
10:03:09 <Cane> We're still alive, I just had to stop because I'd been at it for so long.
10:03:44 <Cane> .tell skram You're still alive. I had to send you into a room full of radiation and you almost died and it was pointless, but other than that everything went great.
10:03:51 <Cane> Hmm.
10:04:18 <Rawr|Phone> Dot dot dot
10:06:00 <Dot`> Raswr rawr rawr
10:06:01 <Dot`> <3
10:06:11 <Dot`> cane, if skram is in the radiation who will tow him out!
10:06:19 <Rawr|Phone> <3
10:06:26 <Cane> Dot`, I DIDN'T KNOW IT WAS THAT DEADLY
10:06:35 <Dot`> OMG
10:06:40 <Dot`> HE GOING TO DIE
10:06:42 <Cane> When I realized how lethal it was I just slammed the doors and ran away and escaped.
10:06:49 <Cane> He's fine, I repaired him!
10:06:50 <Dot`> haha
10:06:51 <Cane> Maybe.
10:06:53 <Cane> I think.
10:06:59 <Cane> Or maybe I just promised to.
10:07:06 <Cane> I was getting kinda tired by that point.
10:07:06 <Dot`> a bit if radiation never killed anyone
10:07:49 <Rawr|Phone> Probably not
10:14:44 <Dot`> how are you today rawr
10:14:55 <Rawr|Phone> Gooood
10:14:58 <Rawr|Phone> In school
10:15:03 <Rawr|Phone> Doing school stuff
10:24:33 <Dot`> pay attention in school rawr, just maybe sometihng you learn there will be usefull in work
10:24:52 <Rawr|Phone> Doubt it
10:29:02 <Rawr|Phone> What are you doing today dot?
10:29:07 <Rawr|Phone> No work?
10:53:03 <Dot`> nit today rawr
10:53:14 <Dot`> got some other stuff to do and i need more coffee
10:53:35 <Rawr|Phone> 👌
11:06:27 -!- reification [~reificati@81.104.233.42] has joined #tlponies
11:06:27 -!- mode/#tlponies [+v reification] by Q
11:06:36 <Dot`> hey reof
11:11:09 <Dot`> its cold agian today rawr
11:13:12 <Dot`> micen, character is looking good, ill read the backstory at some point, 
11:13:34 <Dot`> just need alignment down, though thats not too important
11:16:26 <reification> hey dawt
11:20:11 <Rawr|Phone> It is dot
11:20:19 <Rawr|Phone> Winter is here for real now
11:20:45 <Dot`> i thought it was suppose to have finished now
11:27:42 <reification> it was cold yesterday evening and i had to walk cause my lift noshowed :/
11:29:24 <Dot`> Rude!
11:29:39 <reification> he did actually have a very good reason so i forgive
11:30:14 <reification> good omen for today: just read the word “reify” in the wild!
12:30:03 <reification>  http://www.b3ta.com/board/11245854
12:37:52 <reification> .tell skram look at this squirrel https://twitter.com/thecatvids/status/960178539072032768
12:42:01 <Rawr|Phone> Sweetie is dead
12:57:07 -!- tredc [~AdiIRC@c83-251-161-94.bredband.comhem.se] has joined #tlponies
13:02:47 <reification> F
13:03:15 -!- tredc [~AdiIRC@c83-251-161-94.bredband.comhem.se] has joined #tlponies
13:18:56 -!- DoT|Phone [~Dot@90.201.224.197] has joined #tlponies
13:19:10 <DoT|Phone> blarg
13:19:28 <Micen_>  what you blarg at dot?
13:19:38 <DoT|Phone> coffee on keyboard
13:19:45 <Micen_> shame!
13:20:24 <DoT|Phone> second time in 12+ years
13:20:47 <Micen_> second time, looks like i need to buy you http://www.playtexbaby.com/products/my-little-pony-cups
13:23:03 <Micen_> anyway, i think im going to head to bed soon. 
13:23:08 <Micen_> soon being now
13:23:28 <DoT|Phone> gnight
13:26:00 <Rawr|Phone> Dotpon 
13:27:58 <DoT|Phone> Rawr hest
13:28:18 <Rawr|Phone> How is your day going
13:28:41 <DoT|Phone> well I'm now cleaning my keyboard
13:29:25 <DoT|Phone> you?
13:30:01 -!- DoT|Phone1 [~Dot@90.201.224.197] has joined #tlponies
13:30:47 <Rawr|Phone> Still in school
13:30:56 <Rawr|Phone> Still doing school stuff
13:35:40 -!- Phearlock [~Phearlock@cm-84.215.114.79.getinternet.no] has joined #tlponies
13:35:40 -!- mode/#tlponies [+v Phearlock] by Q
13:36:28 <DoT|Phone1> Phear!
13:36:32 <CockRoach|42> .tell Rawr|Phone https://imgur.com/gallery/QHv8HNs
13:36:37 <Phearlock> It has been a while
13:36:45 <CockRoach|42> i think that is a good doggo
13:37:03 <Phearlock> Only just got my internet back yesterday after being doomed to an offline existance for 4 days.
13:37:35 <Phearlock> Is good to be back to being able to look at all the nice pictures.
13:37:36 <CockRoach|42> waaaat :O
13:37:45 -!- DoT|Phone [~Dot@90.201.224.197] has joined #tlponies
13:37:48 <DoT|Phone> I thought you where dead Phear!
13:37:50 <CockRoach|42> how did you survive
13:38:12 <Rawr|Phone> That is a very good doggo cr
13:38:15 <Phearlock> I read a fanfic, used some mobile data.
13:38:24 -!- DoT|Phone [~Dot@90.201.224.197] has joined #tlponies
13:38:24 <Phearlock> watched some movies
13:38:28 <Phearlock> I survived, ish.
13:38:41 -!- DoT|Phone1 [~Dot@90.201.224.197] has joined #tlponies
13:38:45 <Phearlock> Also lol internet was down cause falling snow pulled down a wire.
13:38:56 <Phearlock> Dangerous thing, snow.
13:39:26 <Phearlock> Also SpaceX hype, 3? hours until maybe test launch of car into space.
13:43:07 <CockRoach|42> https://i.imgur.com/vgzP2EJ.gif
13:43:33 <Phearlock> haha cats
13:43:45 <Phearlock> knocking things off of high places is great
13:46:01 <CockRoach|42> :D
13:48:58 -!- reification [~reificati@cpc76294-cosh16-2-0-cust297.6-1.cable.virginm.net] has joined #tlponies
13:48:58 -!- mode/#tlponies [+v reification] by Q
14:38:15 -!- Zounds [webchat@cpc108453-cowc8-2-0-cust8.14-2.cable.virginm.net] has joined #tlponies
14:38:31 <Zounds> horsefolks
14:40:53 <Rawr|Phone> Zooonds
14:41:23 <reification> hello zounders
14:42:34 <Dot`> keyboardisclean        
14:42:44 <Dot`> hmmm need to  fix  space
14:44:24 <Dot`> ahh better
14:47:17 <Dot`> Zounds!
14:47:26 <Zounds> \o/
14:51:06 <Dot`> and phear, yes SPAAACE today!
14:51:46 <Phearlock> Spaaaaaaaaaaaace
14:56:18 -!- skrm [webchat@185.7.220.32] has joined #tlponies
14:56:45 <Dot`> skrm!
14:57:18 <Phearlock> hi skram
14:59:53 <skrm> my boys
15:02:40 <reification> skram look at this squirrel https://twitter.com/thecatvids/status/960178539072032768
15:04:43 <skrm> oh my god
15:04:49 <skrm> is it wearing shoulder pads??
15:10:28 <Rawr|Phone>  Jonas
15:29:20 <Dot`> Jonas
15:33:29 <skrm> Jonas
15:41:27 -!- Rawr|Fone [~AndChat52@84-217-62-32.customers.ownit.se] has joined #tlponies
15:44:22 <Dot`> i need food skram, can you help?
15:47:49 <skrm> I dont know if there's anything i can do for you dot
15:48:32 <Dot`> skram, micen the paladin also has healing! so you can use more spells for damage!
15:48:57 <skrm> gonna fuck someones day up with some mother fucking guiding bolts
15:49:09 <Dot`> wow cane, i just saw the end of your stream, you almost killed skram drone!
15:50:26 <Dot`> and im glad you enjoying the game cane, its fun to watch
15:51:33 <Dot`> skram, you havnt used searing smite at all
15:55:03 <Zounds> yeah c'mon buddy what's that all about
15:55:44 <skrm> Well, Zounds, these bozos on our team keep getting hurt all the freakin' time so I have to save my slots for healing spells
15:56:07 -!- tredc [~AdiIRC@c83-251-161-94.bredband.comhem.se] has joined #tlponies
15:56:14 <Zounds> yeah c'mon bozos what's that all about
15:56:48 <skrm> Because Dot`  keeps rolling crits
15:56:55 <Dot`> what you do skram, is ask them why they got hurt
15:57:19 <Dot`> i oly roll crits on you!
15:58:09 <skrm> sadist
16:22:03 <Dot`> what you up to skra,
16:22:05 <Dot`> skram
16:27:46 <Rawr|Fone> O
16:38:25 -!- carcinisation [webchat@cpc76294-cosh16-2-0-cust297.6-1.cable.virginm.net] has joined #tlponies
16:57:36 <Rawr|Fone> Dot
16:57:42 <Dot`> Rawr
16:57:45 -!- tredc [~AdiIRC@c83-251-161-94.bredband.comhem.se] has joined #tlponies
16:57:47 <Rawr|Fone> <3
16:57:54 <Dot`> <3
16:58:00 <Dot`> any ping pong today?
16:58:20 -!- Runbunny [~Runbunny@91.100.28.10.generic-hostname.arrownet.dk] has joined #tlponies
16:59:22 <Dot`> hey angel
17:01:22 -!- Kittybunny [~Runbunny@91.100.28.10.generic-hostname.arrownet.dk] has joined #tlponies
17:03:09 <Rawr|Fone> Yes dot
17:03:15 <Rawr|Fone> In half an hour
17:03:25 <Dot`> go win rawr
17:03:44 <Rawr|Fone> I will do my best
17:05:15 <Dot`> ty
17:11:06 <skrm> Do you wanna be the very best rawr
17:11:24 <skrm> like no one ever was?
17:13:41 <Rawr|Fone> Definitely
17:24:41 -!- Rawr|Phone [~AndChat52@m83-185-80-219.cust.tele2.se] has joined #tlponies
17:37:31 <Dot`> SPACE
17:38:21 <skrm> ??
17:39:08 <Dot`> SKRMN
17:39:32 <skrm> yeh bud
17:39:49 <Dot`> there is a car soon to go to space
17:40:14 <Dot`> playing space oddity on the radio
18:00:25 <Dot`> skram https://imgur.com/gallery/Nlywi
18:00:54 <Dot`> phear, you have alink for space?
18:05:45 <skrm> wait stop
18:05:55 <skrm> why is there a car going to space
18:06:32 <skrm> is this old musky the mad being bored again?
18:08:01 <Golly> i think they had to test it anyway
18:08:11 <Golly> so hes having some billionaire fun
18:09:44 <Dot`> well i see its been delayed due to winds
18:09:51 <Phearlock> Yeah 2 hours
18:10:11 <Phearlock> If it gets delayed again it'll probably be tomorrow instead as their launch window closes in 3.5ish hours.
18:14:22 <Runbunny> Space.
18:20:47 -!- DoT|Phone [~Dot@90.201.224.197] has joined #tlponies
18:32:28 <Bio> adsddasdf
18:32:30 <Bio> good morn
18:32:35 <Bio> i slept in
18:32:38 <Bio> then went to the store
18:32:41 <Bio> good morn
18:36:25 <DoT|Phone> hi bio
18:36:40 <Phearlock> They delayed the spacex launch for you bio
18:38:36 <Bio> neato
18:42:59 <Dot`> bio, looks like dnd is a no for this weekend
18:44:44 <Bio> rip
18:50:21 -!- Bio [~BioPon@108-72-8-181.lightspeed.stlsmo.sbcglobal.net] has joined #tlponies
18:53:58 <Bio> nej
18:56:12 -!- DoT|Phone [~Dot@90.201.224.197] has joined #tlponies
18:56:20 -!- tredc [~AdiIRC@c83-251-161-94.bredband.comhem.se] has joined #tlponies
19:02:28 -!- Yolteotl [webchat@243.77.126.78.rev.sfr.net] has joined #tlponies
19:02:35 -!- tredc [~AdiIRC@c83-251-161-94.bredband.comhem.se] has joined #tlponies
19:10:57 -!- DuB`skul [~DuB@128.187.116.6] has joined #tlponies
19:10:59 <DuB`skul> Wew
19:11:03 <Dot`> dub
19:11:04 <Dot`> SPACE
19:11:07 <DuB`skul> dot
19:11:08 <DuB`skul> SPACE
19:11:11 <DuB`skul> 90 min
19:11:17 <Dot`> soon(tm)
19:12:46 <Yolteotl> hi pones :)
19:14:37 <Dot`> hey yolt
19:15:10 -!- tredc [~AdiIRC@83.251.161.94] has joined #tlponies
19:16:54 <Yolteotl> Dot<3
19:17:09 <Yolteotl> how are you?
19:21:37 <Dot`> im good
19:21:39 <Dot`> a bit tired
19:21:57 <Yolteotl> you should sleep more
19:22:16 <Dot`> probably
19:28:59 <DuB`skul> go for propellant load
19:31:07 <skrm> whats your propellant today dub
19:31:21 <DuB`skul> ROCKET FYOOOL
19:31:24 <Bio> psl
19:31:25 <Bio> pls
19:31:40 <Bio> my fuel is the pain that i burn for my journey
19:32:02 <Yolteotl> I signed for USA this week end
19:32:14 <Bio> USA USA USA USA
19:32:16 <DuB`skul> Rocket-grade kerosene and liquid oxygen mmm mmm
19:32:33 <skrm> Thats cool Bio, mine's memes and strong coffee
19:32:51 <Bio> yeah me too
19:34:19 <Runbunny> Oh bio.
19:34:54 <Runbunny> I thought that mistakes, such as not anime, fired you up pretty good.
19:44:50 <DuB`skul> 1 hour to spesssss
19:44:59 <DuB`skul> ... or big fireworks
19:48:25 <skrm> https://i.imgur.com/dxrQXcD.mp4
19:50:26 <Bio> DID SOMEONE MENTION
19:50:30 <Bio> M I S T A K E S 
19:51:23 -!- Rawr|Fone [~AndChat52@84-217-62-32.customers.ownit.se] has joined #tlponies
19:51:39 <Dot`> dub, come pung
19:51:47 <DuB`skul> whu
19:51:48 <skrm> ur a pung
19:51:55 <Dot`> pubg 
19:51:55 <skrm> heeehehe
19:52:02 <DuB`skul> I am schooool
19:52:08 <Dot`> no school, ony plej
19:52:15 <DuB`skul> Don't think my laptop could run it at even 20fps lol
19:52:26 <DuB`skul> Also I'm in the library shhh
19:52:32 <Bio> hey
19:52:33 <Bio> HEY
19:52:35 <Bio> DUB
19:52:38 <Bio> QUIET DOWN
19:52:43 <Dot`> SSSSSSHHHHHHH
19:52:48 <Bio> HEY
19:52:53 <Bio> DIS LIBARY
19:52:53 <Dot`> Bio pubg ?
19:53:14 <skrm> bio is a pung too
19:53:20 <Bio> shore
19:53:23 <Bio> i can play a couple
19:53:47 <Bio> lemme find some water
19:54:10 <Rawr|Fone> Skrm don't be rude
19:54:27 <skrm> :D
19:58:42 <Bio> i have found water
19:58:47 <Bio> turns out theres some in the sink
19:59:14 <DuB`skul> wowee
19:59:24 <DuB`skul> Civilization so convenient
19:59:36 <DuB`skul> Unless you're in south africa, I guess.
19:59:39 <DuB`skul> No water :(
20:01:51 -!- Zounds [webchat@cpc108453-cowc8-2-0-cust8.14-2.cable.virginm.net] has joined #tlponies
20:12:08 <Dot`> skram, TJ says norwegions are hatched not born
20:12:20 <Dot`> and therefore haev no mothers
20:14:39 <skrm> Even eggs have mothers
20:14:48 <skrm> What sort of shitty school did that idiot go to
20:15:53 <skrm> wait was TJ canadian
20:16:00 <Dot`> yes
20:17:04 <skrm> Tell him that maple syrups rots your brains
20:17:10 <Dot`> skram, can you play late friday?
20:17:41 <skrm> how late
20:17:45 <skrm> but probably yeah
20:18:14 <Dot`> like 11 your time, like LATE
20:18:16 <skrm> im working night to friday so ill be home by 8 and asleep till like 4 probably
20:18:25 <skrm> oh yeah thats no problem
20:22:44 <DuB`skul> http://www.spacex.com/webcast
20:23:58 <DuB`skul> It begiiins
20:23:59 <Phearlock> t-20 hype
20:24:20 <DuB`skul> I'mma have to miss the first 10 minutes of class lol
20:24:24 <DuB`skul> Well worth
20:25:04 <Runbunny> space hype?
20:25:15 <Golly> spAaaAaAAaaaaaaacEeeeeee
20:43:23 <DuB`skul> :O :O :O 
20:43:47 <Phearlock> excite
20:44:10 <DuB`skul> tall smoky boi
20:44:18 <DuB`skul> no 'splode pls
20:45:20 <DuB`skul> IT'S GOOOOOING
20:45:39 <Phearlock> Whooosh
20:45:55 -!- tredc [~AdiIRC@c83-251-161-94.bredband.comhem.se] has joined #tlponies
20:48:43 <Zounds> \o/
20:49:27 <DuB`skul> :D
20:49:30 <skrm> damnit i missed to woosh
20:49:32 <Golly> hah
20:49:34 <skrm> stupid work getting in my way
20:49:41 <Phearlock> amazing
20:51:50 <Dot`> SPAAAACw
20:52:10 -!- tredc [~AdiIRC@c83-251-161-94.bredband.comhem.se] has joined #tlponies
20:52:14 <skrm> is the booster supposed to land on their ship
20:52:36 <DuB`skul> Center core on ship, side boosters at the cape
20:52:46 <DuB`skul> If they land all three I may tear up
20:53:25 <Golly> holy f
20:53:29 <DuB`skul> omg that was pretty
20:53:30 <skrm> THATS SO COOL WHAT THE HEECK
20:53:33 <DuB`skul> literally side by side
20:53:35 <Zounds> lol
20:53:43 <Phearlock> Too fucking cool
20:54:36 <DuB`skul> I'm not going to class until I know what happens to 3rd!
20:55:13 <Yolteotl> that's cool
20:56:05 <Dot`> \o/
20:57:38 <DuB`skul> gahhhh I want to know
20:57:41 <skrm> the anticipation is killing me
20:57:43 <DuB`skul> gotta go
20:57:47 <skrm> i bet it crashed since they cut off D:
20:58:02 <Phearlock> The stream always crashes when the thing lands, whether it blows up or not.
20:58:21 <Phearlock> Sometimes it comes back, sometimes it doesn't
21:48:08 -!- Rawr|Fone [~AndChat52@84-217-62-32.customers.ownit.se] has joined #tlponies
21:49:05 -!- Bio [~BioPon@108-72-8-181.lightspeed.stlsmo.sbcglobal.net] has joined #tlponies
21:49:37 -!- tredc [~AdiIRC@c83-251-161-94.bredband.comhem.se] has joined #tlponies
21:52:44 -!- Camail [~Camail@45.40.84.145] has joined #tlponies
21:52:44 -!- mode/#tlponies [+v Camail] by Q
21:53:15 <Cane> Dot`, I told you skrm almost died to radiation! I didn't know it was that powerful.
21:55:04 <Golly> https://www.youtube.com/watch?v=aBr2kKAHN6M
22:14:44 -!- Crisium [~Crisium@24.3.158.64] has joined #tlponies
22:14:46 <Dot`> poor skram bot
22:20:02 -!- Phearlock_ [~Phearlock@cm-84.215.114.79.getinternet.no] has joined #tlponies
22:20:02 -!- mode/#tlponies [+v Phearlock_] by Q
22:40:29 <Dot`> Bio http://bobdude0.tumblr.com/post/170575811358/witchy-swot-in-the-middle-of-february-good-shit
22:41:33 <Bio> good shit rite there (right there)
22:42:26 <Phearlock_> aww
22:43:05 <Crisium> pon
22:44:10 <Dot`> pon
22:55:13 -!- skram [~skram@109.203.14.204] has joined #tlponies
22:56:25 <skram> yes hello
22:56:33 <Bio> ohai
23:01:00 <Dot`> hello
23:04:42 <Crisium> herro
23:08:54 <Camail> Bio  if you were interested, ac origins got cracked
23:10:22 -!- DuB` [~DuB@66-219-235-64.dynamic.ip.veracitynetworks.com] has joined #tlponies
23:10:47 <DuB`> weooo
23:11:11 <Camail> dub go pump some blood into your colon
23:11:18 <Camail> cant forget to do that anymore
23:11:35 <DuB`> ew
23:11:42 <DuB`> It's fiiiine now.
23:11:43 <DuB`> I think.
23:11:55 <Camail> look I'm not the one making it gross, its you're body's fault
23:12:10 <Camail> too many apostrophes
23:18:29 <Dot`> hey cam
23:18:32 <Dot`> when is stream cane?
23:18:44 <Cane> Now.
23:19:58 <Cane> Well, 5 min.
23:20:09 -!- tredc [~AdiIRC@c83-251-161-94.bredband.comhem.se] has joined #tlponies
23:33:55 <Cane> There we go. <3
23:34:05 <Cane> https://www.twitch.tv/canecraft
23:39:56 <skram> Dot` old chum, get in here
23:40:13 <Dot`> i am!
23:42:30 <Dot`> skram buddy of mine
