00:19:07 <Camail> mostly because the mouse pad eroded the anti-friction pads on the mouse
01:44:06 -!- DuBphon [~androirc@174.52.106.194] has joined #tlponies
03:24:49 -!- Rawr|Fone [~AndChat52@84-217-62-32.customers.ownit.se] has joined #tlponies
04:21:57 -!- Rawr|Fone [~AndChat52@84-217-62-32.customers.ownit.se] has joined #tlponies
06:09:39 -!- Dubtop [Dubtop@65-130-0-98.slkc.qwest.net] has joined #tlponies
06:50:34 <Rawr|Fone> 🐴🐴🐴
07:20:44 -!- Golly [Golly@cm-84.212.249.112.getinternet.no] has joined #tlponies
07:26:09 -!- Rawr|Phone [~AndChat52@m83-185-94-176.cust.tele2.se] has joined #tlponies
07:57:33 -!- skram [~skram@82.147.53.97] has joined #tlponies
08:00:47 <skram> morn?
08:04:23 <Rawr|Phone> Jonas
08:04:33 <skram> Ah, Henrik my dearest
08:05:26 <Rawr|Phone> How is your lovely face doing today skrammypants
08:08:46 <skram> it just woke up so its not sure yet but it looks promising
08:09:01 <skram> how about you henrik old bean
08:11:18 <Rawr|Phone> I am fine, about to play some table tennis
08:36:05 <Dubtop> Lookit these EUfrens
08:36:13 <Dubtop> So frenly
08:38:25 <skram> dubtop buddy
08:38:44 <skram> what are you up to
08:41:07 <Dubtop> Was reading
08:41:13 <Dubtop> And playing runescape for some reason????
08:41:17 <Dubtop> Now slepp
08:43:51 <skram> ya is p late in turkey land
09:47:46 -!- Dot [~quassel@90.211.162.216] has joined #tlponies
09:47:51 <Dot> mornign pons
09:48:12 <skram> good morning dot
09:48:27 <Dot> skrmn
09:51:47 <Dot> hows your horse
09:54:47 <Dot> you*
09:54:57 <skram> i dont have a horse
09:55:06 <skram> im good though
09:55:16 <skram> messed up my morning coffee though
09:56:27 <Dot> added to many drugs to it?
09:56:50 <skram> nah
09:57:24 <skram> like i put the french press on a scale to measure right amount of stuff but it was crooked so it was all wrong and it was stronk as h e c k
09:58:02 <Dot> nice
09:58:12 <Dot> ?reif
09:58:19 <Dot> i can never spell reif
09:58:33 <skram> you just did bud
09:58:35 <Dot> .tell reification https://imgur.com/gallery/Ub8gAp0
09:58:40 <Dot> full name skram
09:58:42 <Dot> snela
09:58:43 <skram> reification
09:58:55 <skram> rei fication
09:59:04 <Dot> I JUST WOKE UP
09:59:30 <skram> CLAM DOWN
10:04:11 <Dot> NEJ
10:04:31 <skram> ASDFG
10:10:30 <CockRoach|42> pls calm down
10:10:32 <CockRoach|42> https://imgur.com/gallery/a25SSWp
10:12:39 <Dot> look skram https://imgur.com/gallery/XETIBB5
10:13:32 <skram> what a weird cat dot
10:13:41 <Dot> very cute though
10:15:09 <skram> is it a good boi though
10:15:13 <skram> vote now with your phones
10:15:18 <Dot> https://imgur.com/gallery/vrQFHCv
10:15:36 <skram> haha
10:18:39 <CockRoach|42> https://imgur.com/gallery/AYCaesX
11:11:09 -!- zk [~androirc@62.140.137.122] has joined #tlponies
11:11:24 <zk> .roll d20 to boop dot
11:13:52 <Dot> .roll d20 to boop zk
11:14:38 <Dot> you at HSC today?
11:19:41 -!- tredc [~tredc@c83-251-162-37.bredband.comhem.se] has joined #tlponies
11:32:17 -!- zk [~androirc@62.140.137.122] has joined #tlponies
11:42:52 <Dot> zk!
11:42:54 <Dot> HSC!
12:12:19 -!- zk [~androirc@62.140.137.122] has joined #tlponies
12:27:37 -!- reification [~reificati@cpc76294-cosh16-2-0-cust297.6-1.cable.virginm.net] has joined #tlponies
12:27:37 -!- mode/#tlponies [+v reification] by Q
12:27:53 -!- zk [~androirc@62.140.137.122] has joined #tlponies
12:31:24 <reification> hello zk et al.
12:32:43 <Dot> Hey reif!
12:33:00 <reification> hi dotties
12:33:35 <reification> i saw about the moped thing on the news
12:34:19 <reification> should put an end to that nonsense 
12:38:54 -!- zk [~androirc@62.140.137.122] has joined #tlponies
12:46:57 <zk> Hi reif
13:09:45 -!- zk [~androirc@62.140.137.122] has joined #tlponies
13:27:09 -!- zk [~androirc@62.140.137.122] has joined #tlponies
13:34:59 -!- zk [~androirc@62.140.137.122] has joined #tlponies
14:14:13 <Dot> im back
14:15:14 <skram> hey buddy
14:15:16 <skram> how was outside
14:15:22 <Dot> Cold!
14:15:26 <Dot> too many ppl
14:15:30 <skram> nice
14:15:34 <Dot> Bakewell Christmas market is on
14:21:12 <skram> did you get anything neat
14:22:32 <Dot> no
14:22:50 <Dot> i had to then go the the normal shops and buy food for the week
14:26:13 <skram> aaw
14:26:18 <skram> no gingerbread houses?
14:31:40 <Dot> noo
14:31:47 <Dot> im a poor engineer
14:32:36 <Dot> how are you today skram? gettign better?
14:36:14 <skram> eh im alright
14:54:15 <Bio> fresh memes in the dnd channel
14:54:20 <Bio> gmorn
14:54:23 <Dot> Morn
15:07:53 <Bio> time to do thing
15:38:41 -!- BioPhone [~androirc@mobile-107-92-123-79.mycingular.net] has joined #tlponies
15:39:17 <BioPhone> Thing
15:39:54 <Dot> Thing
15:45:34 <Golly> ?thing
15:49:53 <BioPhone> This is good mayme
16:22:44 -!- BioPhone [~androirc@mobile-107-92-123-79.mycingular.net] has joined #tlponies
16:35:03 <skram> N A C H O S
16:44:35 -!- BioPhone [~androirc@mobile-107-92-123-79.mycingular.net] has joined #tlponies
17:05:34 -!- BioPhone [~androirc@mobile-107-92-123-79.mycingular.net] has joined #tlponies
17:08:05 <BioPhone> Neigh
17:10:22 -!- BioPone [~androirc@d28-23-200-77.dim.wideopenwest.com] has joined #tlponies
17:13:39 -!- Crisium [~Crisium@c-73-174-151-51.hsd1.pa.comcast.net] has joined #tlponies
17:39:44 <Dot> another draw in chess
17:49:06 <skram> IS THIS A NEW RECORD
17:49:08 <skram> oops
17:54:40 <Golly> iS ThiS a NeW ReCoRd
17:56:09 -!- Rawr|Fone [~AndChat52@84-217-62-32.customers.ownit.se] has joined #tlponies
18:00:04 <Dot> was a record one game ago
18:38:42 -!- DoT|Phone [~Dot@90.211.162.216] has joined #tlponies
18:50:49 <skram> Dot is dnd sunday
19:06:28 <DoT|Phone> Yea
19:06:41 <DoT|Phone> because bio is bad
19:07:19 -!- Zounds [webchat@cloak-wmbqgxv5.14-2.cable.virginm.net] has joined #tlponies
19:07:47 <DoT|Phone> this Zounds though
19:07:56 <DoT|Phone> pretty great pon
19:08:15 <Zounds> hi
19:09:11 <Zounds> nice bunny you linked me yesterday reif
19:13:33 <reification> you're welcome zounds
19:20:14 -!- Rawr|Fone [~AndChat52@84-217-62-32.customers.ownit.se] has joined #tlponies
19:36:49 -!- BioPone [~androirc@d28-23-200-77.dim.wideopenwest.com] has joined #tlponies
19:38:07 <DoT|Phone> Skram
19:40:24 <skram> yeah bud?
19:40:57 -!- Camail [~Camail@45.40.84.145] has joined #tlponies
19:40:57 -!- mode/#tlponies [+v Camail] by Q
19:41:16 <Camail> pls
19:46:47 <Zounds> cam
19:46:57 <Camail> zernds
19:47:21 <DoT|Phone> cawail
19:47:53 <DoT|Phone> Skram. you can still DnD on Sunday?
19:48:36 <skram> yeh should work out perfectly
19:48:39 <skram> im at work til 7 so home by 8
20:19:12 -!- BioPone [~androirc@d28-23-200-77.dim.wideopenwest.com] has joined #tlponies
20:57:39 -!- Dubtop [Dubtop@65-130-0-98.slkc.qwest.net] has joined #tlponies
20:58:14 <skram> .tell dub` https://www.youtube.com/watch?v=gqC0eEt5sWc
20:58:37 <CockRoach|42> Dot: big noodle https://twitter.com/Daybreakerflint/status/1066421231040245762
20:58:55 <Dubtop> Ohi skram
20:59:02 <skram> thats almost 2 kilo of nope CR
20:59:11 <skram> ohay dubtop
20:59:24 <skram> are you still home eating birds
21:01:58 <Dubtop> Something like that
21:02:00 <Dot> you dont send TAZ stuff to me skram
21:02:02 <Dot> rude
21:02:06 <Dubtop> Heading back in a few hours.
21:02:22 <skram> i dont even know if you like music, Dot
21:02:28 <skram> dot do you like bleeps and bloops
21:05:29 <Dot> depends 
21:06:12 <skram> https://www.youtube.com/watch?v=-kSf3r3mrWw&t=2167s
21:06:30 <skram> this is the best part of the entire thing
21:09:46 -!- BioPhone [~androirc@mobile-107-92-123-67.mycingular.net] has joined #tlponies
21:10:00 <skram> bio the phone
21:10:02 <skram> where you been
21:10:06 <BioPhone> That's me
21:10:14 <skram> are you ok
21:10:58 <BioPhone> Doing the thing
21:11:11 <BioPhone> I got better
21:11:12 <skram> good thing?
21:13:23 <Dot> fantasy cosco~~~
21:14:13 <BioPhone> That's where skram goes to buy bulk javelins
21:16:14 <skram> I got a subscription from Spears & Strumpets Monthly
21:16:26 <skram> Its like a lootbox only its always javelins
21:28:44 <BioPhone> An oddly specific lootbox for sure
21:34:27 <skram> give the people what they want bio
21:34:42 <skram> which is a shitton of pointy sticks
21:43:15 <Dot> incontrol is great
21:46:52 <skram> yeh he's pretty cute
22:04:46 <Dot> rekt
22:05:56 <BioPhone> Neigh
22:06:04 <BioPhone> How are the little horsen
22:08:03 <Dot> Bio!
22:15:40 -!- BioPone [~androirc@97.70.181.149] has joined #tlponies
22:17:11 <Bio> is i
22:27:18 <skram> i should sleep
22:27:21 <Dot> aww no more HSC today
22:27:37 <Bio> spleep
22:27:45 <Dot> gnight skram <3
22:51:24 -!- BioPone [~androirc@97.70.181.149] has joined #tlponies
23:10:33 -!- Dot` [~quassel@90.211.162.216] has joined #tlponies
23:47:20 <Dot`> pon pon
