00:51:39 -!- Golly [Golly@cm-84.212.249.112.getinternet.no] has joined #tlponies
01:25:03 <Camail> today's daily is miserable
02:03:55 -!- skram [~skram@82.147.53.97] has joined #tlponies
02:04:22 <skram> what a fuckin day boys
02:05:04 <Camail> hows it goin skrum
02:07:21 <skram> Well had to do an emergency stop and then all the backups fail and then the friggin thing caught fire
02:08:23 <skram> Its mostly fixed now though I think so I was able to go home
02:08:40 <DuB`> O_o
02:08:46 <Camail> fire is usually bad
02:09:37 <skram> apparently
06:45:41 -!- Golly [Golly@cm-84.212.249.112.getinternet.no] has joined #tlponies
07:07:44 -!- DoT|Phone1 [~Dot@14.161.189.80.dyn.plus.net] has joined #tlponies
07:09:28 <DoT|Phone1> Morning all
07:12:12 <Rawr|Fone> DoT DoT DoT
07:12:17 <DuB`> <3
07:12:24 <DoT|Phone1> Rawr Rawr Rawr
07:12:33 <DoT|Phone1> 💖💖💖
07:12:39 <Rawr|Fone> 💖💖💖
07:12:48 <DoT|Phone1> dubs
07:18:38 <DoT|Phone1> how is all today
07:51:01 -!- DoT|Phone [~Dot@185.69.144.255] has joined #tlponies
07:58:58 <Rawr|Fone> I pretty much just woke up dot
07:59:07 <Rawr|Fone> Are you already at work?
08:00:03 -!- DoT|Phone1 [~Dot@185.69.145.60] has joined #tlponies
08:08:59 <DoT|Phone1> it's cold this morning
08:22:01 <CockRoach|42> it is
08:29:29 <DoT|Phone1> walking to work it said 1 degree. feels like -6
08:29:39 <DoT|Phone1> according to phone
08:49:09 <DoT|Phone1> Rawr. I'm at work now
08:49:23 <DoT|Phone1> wasn't on phone during walk because it was cold
09:44:37 <Rawr|Fone> Beep boop
09:44:43 <Rawr|Fone> Workhorse
09:44:51 <DoT|Phone1> Rawr Rawr
09:45:07 <DoT|Phone1> how are you today? You seem better
09:45:50 <Rawr|Fone> Much better
09:45:55 <Rawr|Fone> Got up before 12
09:46:26 <DoT|Phone1> gj
10:01:36 -!- reification [~reificati@cpc76294-cosh16-2-0-cust297.6-1.cable.virginm.net] has joined #tlponies
10:01:36 -!- mode/#tlponies [+v reification] by Q
10:02:11 <reification> morning all
10:03:49 -!- DoT|Phone [~Dot@85.255.235.89] has joined #tlponies
10:04:07 <Rawr|Fone> Reef reef!
10:05:59 <DoT|Phone> hey Reif
10:06:16 <reification> hi rawr, dotties
11:04:14 -!- DoT|Phone1 [~Dot@85.255.234.174] has joined #tlponies
11:18:38 -!- carcinization [~reificati@cpc76294-cosh16-2-0-cust297.6-1.cable.virginm.net] has joined #tlponies
11:18:38 -!- mode/#tlponies [+v carcinization] by Q
11:37:05 <carcinization> .tell skram https://pbs.twimg.com/media/Djm2EFwXoAAcOuD.jpg
11:37:17 <carcinization> .tell skram https://pbs.twimg.com/media/Djpl7pzW0AA21hv.jpg
12:26:20 -!- skram [~skram@82.147.53.97] has joined #tlponies
12:30:58 <DoT|Phone1> Hej Jonas
12:38:06 <Bio> bek to werk
12:38:08 <Bio> TT
12:38:12 <Bio> bai
12:39:36 <skram> hej dot
12:39:39 <skram> baj bio
12:39:46 * Bio hugs skram
12:40:56 <skram> <3
12:41:02 <DoT|Phone1> later bio
12:42:21 <DoT|Phone1> what you up to Skram
12:42:39 <skram> im about to go to work
12:43:56 <skram> The waste storage thing caught massively fire yesterday and took us and the fire dept. all night to put out
12:44:04 <skram> hopefully its all good now
12:44:30 <DoT|Phone1> I warned you Skram! Chernobyl
12:44:46 <skram> pish posh
12:44:55 <skram> anyway, gotta run, seeya later
12:45:04 <DoT|Phone1> soon I hope
14:15:21 <DoT|Phone1> pon
14:29:17 -!- tredc [~tredc@c83-251-162-37.bredband.comhem.se] has joined #tlponies
14:44:57 -!- skrm [webchat@pioj.eid3.887x.ip] has joined #tlponies
14:48:50 <DoT|Phone1> skrm
14:48:56 <skrm> hey bud
14:49:00 <DoT|Phone1> How's the fires
15:32:44 <carcinization> just found that gwern wrote about ponies: https://www.gwern.net/MLP
16:05:09 <carcinization> bonus late halloween short story http://slatestarcodex.com/2018/10/30/sort-by-controversial/
16:20:53 <carcinization> https://en.wikipedia.org/wiki/Hallucinogenic_fish
16:21:35 -!- DoT|Phone [~Dot@185.69.144.184] has joined #tlponies
16:55:06 <skrm> DoT|Phone
17:08:40 -!- reification [~reificati@cpc76294-cosh16-2-0-cust297.6-1.cable.virginm.net] has joined #tlponies
17:08:40 -!- mode/#tlponies [+v reification] by Q
17:11:47 -!- BioPhone [~androirc@12.33.239.117] has joined #tlponies
17:11:54 <BioPhone> Poen
17:12:13 <BioPhone> How do
17:15:58 -!- Phearlock [webchat@cloak-li6hn6bb.208.146.128.getinternet.no] has joined #tlponies
17:16:07 <Phearlock> Hey ponypons
17:16:11 <Phearlock> https://img00.deviantart.net/4ee1/i/2018/331/7/2/luna_2019_by_shadowreindeer-dct0ol2.png
17:16:19 <Phearlock> have a luna
17:17:26 <skrm> thank
17:23:38 <BioPhone> I read that as have a tuna
17:23:48 <BioPhone> Luna is better I think
17:38:15 -!- BioPhone [~androirc@12.33.239.117] has joined #tlponies
17:48:39 -!- Dot [~quassel@14.161.189.80.dyn.plus.net] has joined #tlponies
17:53:39 <skrm> dot
17:53:43 <Dot> skrm
17:55:59 <skrm> hey bud
17:56:08 <Dot> Hi friend
17:58:08 <skrm> hows the you
18:00:22 <Dot> im ok, a bit tired
18:00:24 <Dot> you?
18:21:11 <skrm> pretty tired
18:21:15 <skrm> been busy busy
18:23:55 -!- DuB` [~DuB@66-219-235-226.dynamic.ip.veracitynetworks.com] has joined #tlponies
18:23:59 <DuB`> Hallu!
18:24:24 <skrm> hey bud
18:25:28 <Phearlock> hey
18:25:40 -!- Zounds [webchat@cloak-07ouvien.14-2.cable.virginm.net] has joined #tlponies
18:25:52 <Zounds> hey
18:26:00 <DuB`> Heyo
18:27:58 <DuB`> I oberwaj today!
18:28:01 <DuB`> For sure
18:28:02 <Phearlock> zooons
18:28:06 <Phearlock> hi
18:29:51 <CockRoach|42> Zounds: are restaurants generally open on 24th dec over there?
18:36:53 -!- BioPhone [~androirc@12.33.239.117] has joined #tlponies
18:42:15 -!- BioPhone [~androirc@12.33.239.117] has joined #tlponies
18:45:03 -!- BioPhone [~androirc@12.33.239.117] has joined #tlponies
18:50:30 <Zounds> CockRoach|42: not really sure mate to be honest
18:50:59 <Zounds> Most tend to be open on the eve but closed on the 25th but I can't say for certai
18:51:03 <Zounds> certain*
18:51:23 <CockRoach|42> that's what i figured too
18:51:58 <Zounds> you in scotland for christmas cr?
18:52:32 <Dot> skram https://imgur.com/gallery/CO6Ej99
18:52:55 <CockRoach|42> Zounds: yeah, going to spend it with my brother
18:53:23 <CockRoach|42> his waifu buggered off home and he cant get time off
18:53:39 <Zounds> Ah he'll appreciate that I'm sure <3
18:53:43 <CockRoach|42> well, will bugger off home :)
18:54:23 <Dot> dub dub
18:54:26 <CockRoach|42> hope so :)
19:10:04 <DuB`> dot dot
19:15:40 <Dot> did you know dub its apparently free flight in star citizen till the 30th
19:15:46 <Dot> i tohught it was only last weekend
19:18:31 <Dot> rawr https://imgur.com/gallery/H5Y13qm
19:40:09 <BioPhone> Literally never coming out 🤣
19:42:29 <Dot> funny every time
19:45:20 <DuB`> FREE space?
19:45:21 <DuB`> :D
20:00:06 <DuB`> Also elite dangerous on sale
20:00:25 <DuB`> Or not, guess that endedc
20:02:31 <BioPhone> Temporary free space
20:12:34 <DuB`> Anyone oberewaj in 20-30 min?
20:14:59 <DuB`> or everrrr
20:15:07 <skrm> maybe in like 3-4 hours!
20:22:42 <DuB`> Works for me, but won't you be aspleep? :P
20:25:26 <skrm> probably not
20:28:29 <BioPhone> Some people have werk, dab
20:28:35 <DuB`> :(
20:31:20 <skrm> im out here earning those fat stacks
20:31:31 <DuB`> git brod
20:31:32 <Zounds> its me ur taxman
20:33:26 <skrm> I've paid like 2500 pounds too much in taxes already
20:33:30 <skrm> gimme a break mr taxman
20:33:41 <Dot> earn less
20:33:52 <DuB`> Do you pay taxes in englando? 
20:33:53 <DuB`> Haha
20:33:58 <DuB`> Silly pounds
20:34:20 <Dot> dub i expec tyou to launder money for me once i earn big engineering monies
20:34:35 <DuB`> I doubt I'll have my own laundry machine
20:41:08 -!- Camail [~Camail@45.40.84.145] has joined #tlponies
20:41:08 -!- mode/#tlponies [+v Camail] by Q
21:06:24 -!- Golly [Golly@cm-84.212.249.112.getinternet.no] has joined #tlponies
21:30:53 <BioPhone> Taxation is theft skrm
21:31:00 <BioPhone> Remember this.
21:35:19 -!- BioPone [~androirc@mobile-166-170-22-217.mycingular.net] has joined #tlponies
21:35:58 -!- Crisium [~Crisium@c-73-174-151-51.hsd1.pa.comcast.net] has joined #tlponies
21:37:11 -!- DoT|Phone1 [~Dot@14.161.189.80.dyn.plus.net] has joined #tlponies
21:42:06 <DoT|Phone1> Skram. is all the fire where it should be?
22:19:40 -!- BioPone [~androirc@mobile-166-170-22-197.mycingular.net] has joined #tlponies
22:21:14 -!- Rawr|Fone [~AndChat52@84-217-62-32.customers.ownit.se] has joined #tlponies
22:41:58 <Camail> pathfinder has some weird rules
22:42:08 <Camail> playing the new pathfinder poe-clone
22:42:18 <Camail> and everything is  just a little different
22:57:58 -!- BioPone [~androirc@mobile-166-170-22-197.mycingular.net] has joined #tlponies
23:11:30 <Camail> ded
23:19:22 -!- BioPone [~androirc@mobile-166-170-22-197.mycingular.net] has joined #tlponies
23:48:39 -!- Camail_ [~Camail@45.40.84.145] has joined #tlponies
23:48:39 -!- mode/#tlponies [+v Camail_] by Q
