00:01:51 <Camail> rimworld is weird... my misandrist colonist attacked my only male colonist then a year later they start dating
00:02:14 <Camail> guess it takes a village to shoot you, imprison you, and recruit you again to gain some perspective
00:02:14 <Phearlock_> that sounds like rimworld yes
00:03:04 <Camail> well sex gives a good bonus so i encourage this
00:03:12 <Camail> orgies would really make this more efficient
00:21:04 <Dot`> its that kind of problem solving mind that will suite you well in dorf fort
00:22:49 <Bio> xd
00:22:52 <skram> i think i need a sleep
00:22:54 <skram> good night lads
00:22:58 <Bio> nnskrm
00:23:04 <Dot`> gnigh tjonas <3
00:23:07 <Bio> have a good slep
06:56:15 -!- Golly [~Golly@1.92-221-121.customer.lyse.net] has joined #tlponies
07:23:45 <Dot`> mornign all
07:27:09 <Cane> Hi.<3
07:27:41 <Dot`> hey cane <3
07:53:42 <Dot`> .tell runbunny https://imgur.com/gallery/MBaPLDK
08:41:40 -!- tredc [~AdiIRC@c83-251-163-99.bredband.comhem.se] has joined #tlponies
08:46:40 -!- DoT|Phone [~Dot@79.77.172.39] has joined #tlponies
08:48:53 <DoT|Phone> horses
08:49:08 -!- tredc [~AdiIRC@c83-251-163-99.bredband.comhem.se] has joined #tlponies
09:38:49 <CockRoach|42> dot|hors
10:57:19 <tredc> gg
11:00:19 -!- BioSC [~BioPon@108-72-8-181.lightspeed.stlsmo.sbcglobal.net] has joined #tlponies
11:40:17 -!- Phearlock [~Phearlock@cm-84.209.250.127.getinternet.no] has joined #tlponies
11:40:18 -!- mode/#tlponies [+v Phearlock] by Q
12:12:14 -!- Golly [~Golly@1.92-221-121.customer.lyse.net] has joined #tlponies
12:33:51 -!- reification [~reificati@cpc76294-cosh16-2-0-cust297.6-1.cable.virginm.net] has joined #tlponies
12:33:51 -!- mode/#tlponies [+v reification] by Q
12:34:09 <reification> hello tlp
12:34:10 <reification> https://twitter.com/catfish_pond/status/1019365563980701697
12:35:06 <CockRoach|42> hi reification 
12:35:15 <reification> hi cr|42
12:43:00 <Cane> https://i.imgur.com/jMAyWZI.gifv
12:43:08 <Cane> Warning: Diabeetus.
12:47:45 <CockRoach|42> awww
12:49:00 <tredc> gg
12:49:52 <CockRoach|42> nsfw pls https://imgur.com/gallery/NoLq8is
12:53:04 <CockRoach|42> https://imgur.com/gallery/nBJsNk0
12:59:39 <DoT|Phone> break time
12:59:45 <DoT|Phone> coffee!
13:02:57 <DoT|Phone> so tired
13:05:27 <reification> don’t think you can nap now dotties
13:06:02 <DoT|Phone> Nope. And I have to cash up tonight. so finishing late
13:07:00 <DoT|Phone> How's it down south Reif?
13:07:17 <reification> nice, will be hiking tomorrow
13:07:24 <DoT|Phone> ooo
13:07:27 <DoT|Phone> where?
13:07:43 <reification> meon valley
13:07:56 <DoT|Phone> Sounds spiffy
13:29:08 <DoT|Phone> break done
14:10:32 <BioSC> gmorn
14:12:53 <Bio> time to adventure downstairs 
14:12:57 <Bio> for to find coffee
14:24:28 -!- skram [~skram@82.147.53.41] has joined #tlponies
14:43:24 <Bio> why hello skrma
14:46:06 <skram> Ah, Bio my Boi!
14:46:19 <skram> It is good to see your face
14:46:45 -!- Zounds [webchat@cloak-wmbqgxv5.14-2.cable.virginm.net] has joined #tlponies
14:46:54 <Bio> henlo gud ser
14:47:01 <skram> allo zounds
14:47:17 <Zounds> hi
14:51:06 <Bio> is it time for a cozy af morning stream
14:55:01 -!- ZK [webchat@cloak-w7qj1h0m.adsl.xs4all.nl] has joined #tlponies
15:05:43 <Bio> ?biostream
15:37:12 -!- Runbunny [~Runbunny@91.100.28.10.generic-hostname.arrownet.dk] has joined #tlponies
16:02:05 -!- Rawr|Fone [~AndChat52@77.68.239.210] has joined #tlponies
16:31:39 <Rawr|Fone> 🐴🐴🐴
16:34:28 -!- Micen [~Micen@h220.29.16.98.dynamic.ip.windstream.net] has joined #tlponies
17:25:16 <Bio> strim ovr
17:25:25 <Bio> rly trolly run
17:25:31 -!- carcinisation [webchat@cloak-4ooo1b5w.6-1.cable.virginm.net] has joined #tlponies
17:27:39 <Zounds> bayo my boyo
17:28:56 <Bio> zoundzy
17:29:00 <Bio> whaddup
17:29:26 <Zounds> not much exciting my dude
17:29:58 <Bio> ic
17:39:23 <Bio> i'm doing a whole lot of nothing myself
17:41:03 -!- Dot [~quassel@94.3.131.220] has joined #tlponies
17:41:05 <Dot> home!
17:41:07 <Dot> hello horses
17:44:16 <Zounds> hiya
17:44:23 <Rawr|Fone> Dot dot
17:44:30 <Dot> Rawr Rawr
17:44:31 <Dot> <3
17:44:35 <Rawr|Fone> <3
17:46:24 <Zounds> im just invading in dark souls 3 because I hate myself
17:47:35 <Zounds> if roll catching sprinting hosts with their army of phantoms flanking them was a bit easier It'd be a bit more fun :P
17:49:28 -!- tredc [~AdiIRC@c83-251-163-99.bredband.comhem.se] has joined #tlponies
17:50:18 <Zounds> I do think a co-op playthrough using dried finger for more red phantoms could be fun though
17:50:33 <Zounds> might run out of embers quickly if the host died too much though
17:52:25 <Dot> git gud
17:55:39 <Zounds> I have tried my friend dot
17:55:53 <Zounds> But I am but a sad hollow
17:56:28 -!- Rawr|Phone [~AndChat52@77.68.239.210] has joined #tlponies
18:01:12 -!- Rawr|Fone [~AndChat52@77.68.239.210] has joined #tlponies
18:01:29 <Micen> .choose stay up or sleep until CR
18:01:40 <Micen> whoops.
18:01:47 <Micen> .choose stay up, sleep
18:01:51 -!- Rawr|Fone [~AndChat52@77.68.239.210] has joined #tlponies
18:03:36 <Dot> i have faith in you zounds
18:04:59 <Zounds> i do alright, tbh if I wanted a 1v1 fight i'd go to the undead match arena and not invade
18:05:32 <Zounds> Just a little frustrating in ds3 when somebody doesn't want to get hit it can be real difficult to punish an estus chug
18:05:54 <Zounds> Not like DS2 where I can just slam a dude when he tries to heal
18:07:48 -!- Camail [~Camail@45.40.84.145] has joined #tlponies
18:07:49 -!- mode/#tlponies [+v Camail] by Q
18:08:22 <Zounds> Turning hosts into pancakes with a fat R2 is the best
18:20:21 -!- DoT|Phone [~Dot@94.3.131.220] has joined #tlponies
18:24:16 <Zounds> hi camail
18:24:24 <Camail> helllllllo
18:31:57 <skram> Dot, Cam, Micen
18:31:59 <skram> Hello
18:32:05 <Camail> skarm
18:32:30 <Micen> hallo
18:47:54 <DoT|Phone> Skram
18:58:50 -!- Golly [~Golly@1.92-221-121.customer.lyse.net] has joined #tlponies
19:18:02 <Dot> Jonas pls
19:22:11 <Camail> i am gonna eat, then probably play some dauntless
19:23:56 <skram> whats up Dot
19:24:17 <Dot> how are you
19:24:49 <skram> p good
19:25:01 <skram> a guy from kenya knocked on my door and wanted me to buy a book
19:25:30 <Dot> what book?
19:25:35 <Dot> you always need mroe books
19:25:46 <skram> nothing very interesting honestly
19:25:50 <Dot> D:
19:26:13 <skram> i did buy a cookbook though
19:31:01 <Dot> what kind?
19:36:15 <skram> vegetarian actually
19:39:44 -!- Rawr|Phone [~AndChat52@77.68.239.210] has joined #tlponies
19:42:40 <Dot> intresting
19:42:42 <Dot> rawr rawr rawr
19:43:07 <Rawr|Phone> Dot dot dot
19:48:01 <Dot> <3
20:04:23 <Rawr|Phone> <3
20:10:04 -!- Rawr|Fone [~AndChat52@77.68.239.210] has joined #tlponies
20:34:20 <skram> My father is doing a roadtrip in europe and he lost his facebook login so he could do his blogging thing that other old people enjoy
20:34:37 <skram> So I had to break into his home because obviously he had it written down in a drawer
20:34:46 <skram> because thats what old people do
20:34:48 <Camail> old ppl
20:34:58 <Dot> skram, do you have yours written down?
20:35:01 <Camail> thats very old of him
20:35:11 <skram> no because I remember things dot
20:35:27 <Dot> ok skram
20:35:44 <skram> are you giving me attitude right now?
20:35:59 <Dot> its just the same thing you said last time
20:36:34 <skram> I dont know what you're talking about
20:36:45 <Dot> yes
20:36:57 <skram> go on then you cheeky lad
20:37:03 <Camail> you were telling us how you have a really bad memory problem
20:37:33 <skram> obviously i dont remember that
20:48:59 <Rawr|Fone> Jonas my dear
20:49:12 <skram> Kjære Henrik
20:49:28 <Rawr|Fone> How are you darling
20:49:59 <skram> Bjørn is giving me sass but I am well enough
20:50:06 <skram> Hows your summer been so far
20:50:53 <Rawr|Fone> Dot snela
20:50:59 <Dot> skarpning
20:51:02 <Rawr|Fone> Summer is great so far!
20:51:14 <Dot> hows your ping pong training?
20:51:23 <Rawr|Fone> One week left in the camp
20:51:28 <Camail> skram  dauntless?
20:51:33 <skram> yeah alright
21:01:45 -!- Rawr|Phone [~AndChat52@77.68.239.210] has joined #tlponies
21:08:45 -!- Crisium [~Crisium@c-24-3-158-64.hsd1.pa.comcast.net] has joined #tlponies
21:09:12 -!- tredc [~AdiIRC@c83-251-163-99.bredband.comhem.se] has joined #tlponies
21:09:20 <Dot> hey Crisium
21:09:27 <Crisium> howdy
21:10:08 <Zounds> muh cris
21:18:05 <Zounds> Crisium: are you playing quickplay or comp?
21:27:00 <Crisium> qp
21:40:44 <Bio> gud day of dotes
21:40:52 <Bio> dinner than more rando stream i think
21:40:58 <Bio> till critrole
21:50:06 <Micen> dot are you caught up to crit role?
21:50:24 <Dot> yea
21:50:41 <Micen> wasnt sure i remembed you were behind before
21:51:02 <Dot> yea 2 weeks ago i was a few ep behind
21:51:59 <Micen> ahh okay, yeah wanted to make sure. last week was intense. 
21:53:07 <Dot> maybe we get a halfling now
21:54:14 <Camail> dort dort
21:54:46 <Dot> cam
21:54:47 <Camail> its cool that ashley burch is gonna be here a few more weeks
21:54:55 <Camail> its lik they dont know how to have a normal party size
21:55:14 <Camail> players cant function unless they have a sub plot
22:02:24 <Dot> lol, the DnD beyind youtube released Mollys video earlier this week
22:02:51 <Dot> "some things you may only find out about molly once the campgn is over... or he is dead" - Talison
22:09:53 <skram> theres a boy named molly in this one
22:11:45 <Zounds> molly was my grannies name
22:30:27 -!- Camail [~Camail@45.40.84.145] has joined #tlponies
22:30:27 -!- mode/#tlponies [+v Camail] by Q
22:33:15 <Zounds> ggs and nns
23:07:51 <Camail> skram  apparently that shrike thing is a bug
23:12:27 <skram> the one where he attacks while staggered?
23:16:49 <Camail> yea
23:17:00 <skram> good
23:17:13 <Camail> it happened to me too, it looks like a latent hitbox that doesnt go away
23:17:43 <Camail> people are saying its only happening when they attack
23:21:23 <skram> yeah that sounds right
23:21:27 <skram> it only killed me mid-swing
23:56:11 <Dot> skram
