00:01:13 <skram> where did you come from
00:01:15 <skram> where did you go
00:01:47 <reification> night all
00:01:57 <skram> good night reifmannen
00:02:00 <skram> dream of cats
00:08:14 <BioSC> i was at a friends haus
00:08:18 <BioSC> they had some gumbo
00:08:21 <BioSC> and i had some too
00:08:46 <skram> did you move to new orleans bio
00:09:25 <BioSC> no sir!
00:09:31 <BioSC> still in the michigans
00:10:32 <skram> how many michigans are there
00:11:29 <BioSC> theres the land and then theres the lake
00:11:33 <BioSC> i live in the land
00:11:41 <skram> i see
00:11:56 <skram> did you try the lake yet
00:12:40 <BioSC> not yet my sir
00:12:51 <BioSC> https://www.youtube.com/watch?v=hkz6kGQWCHU&t=11s
00:13:06 <BioSC> i'm in the weird, but entertaining part of youtube again skram
00:13:13 <skram> ah yes
00:13:17 <skram> the mre guy
00:13:22 <skram> been there myself bio
00:14:44 <BioSC> he's fuckin amazing
00:14:49 <BioSC> v soothing
00:14:56 <BioSC> almost makes me wanna go full prepper
00:15:22 <skram> almost makes me hungry
00:15:22 <BioSC> lets get this onto a tray
00:15:23 <BioSC> nice
00:16:33 <BioSC> i've not heard him say anything negative
00:16:35 <BioSC> like at all
00:16:44 <BioSC> even shit thats like 60 years old and rotten
00:16:50 <skram> its true
00:17:04 <skram> he's the bob ross of ready to eat meals
00:51:20 -!- BioPone [~androirc@97.70.181.149] has joined #tlponies
01:03:34 <Camail> dying light devs made a battle royal
01:03:48 <Camail> but it's more pve and only 12 players
01:03:54 <Camail> it looks fascinating
01:04:18 <Camail> 0 interest in the bg genre but i think this is a really good addition to the options
01:13:09 -!- BioPone [~androirc@97.70.181.149] has joined #tlponies
01:27:21 -!- BioPone [~androirc@97.70.181.149] has joined #tlponies
03:40:58 -!- Rawr|Fone [~AndChat52@84-217-62-32.customers.ownit.se] has joined #tlponies
04:35:10 -!- Golly [~Golly@1.92-221-121.customer.lyse.net] has joined #tlponies
04:35:57 -!- Dot [~quassel@90.197.151.215] has joined #tlponies
04:40:16 -!- Dot` [~quassel@90.197.151.215] has joined #tlponies
05:36:57 -!- Dot [~quassel@90.197.151.215] has joined #tlponies
05:45:19 -!- Dot` [~quassel@90.197.151.215] has joined #tlponies
05:49:47 -!- Golly [~Golly@1.92-221-121.customer.lyse.net] has joined #tlponies
05:53:19 -!- Dot [~quassel@90.197.151.215] has joined #tlponies
06:01:04 -!- Rawr|Fone [~AndChat52@84-217-62-32.customers.ownit.se] has joined #tlponies
06:45:54 -!- sweetiebot [~skybot@209.141.41.184] has joined #tlponies
06:46:08 -!- CockRoac1|42 [~CR@CockRoach|42.users.quakenet.org] has joined #tlponies
06:46:08 -!- mode/#tlponies [+v CockRoac1|42] by *.quakenet.org
06:54:09 -!- Dot [~quassel@90.197.151.215] has joined #tlponies
06:56:58 <Rawr|Fone> 🐴🐴🐴
07:07:48 -!- Rawr|Phone [~AndChat52@m83-185-88-181.cust.tele2.se] has joined #tlponies
07:25:10 <Dot> morning all
08:01:31 <Dot> Rawr Rawr Rawr
08:04:41 <CockRoac1|42> morning hors hors
08:05:52 <Dot> CR!
08:07:38 <CockRoac1|42> how is the horse?
08:08:27 <Dot> ok, a bit tired, got things to do
08:09:22 <CockRoac1|42> things are good, usually
08:10:27 <Rawr|Phone> Dot Dot Dot
08:10:34 <Dot> <3
08:12:04 <Rawr|Phone> <3
08:12:26 -!- Golly [~Golly@1.92-221-121.customer.lyse.net] has joined #tlponies
08:15:53 <DuB`> Oh
08:15:55 <DuB`> Is late
08:15:56 <DuB`> Whoops!
08:16:11 <Dot> WHAT
08:16:13 <Dot> DUB
08:16:18 <Dot> why so late!
08:16:18 <DuB`> WHAT
08:16:19 <DuB`> DOT
08:16:23 <DuB`> I was playing oberwaj!
08:16:24 <DuB`> D:
08:16:29 <Dot> did you win?
08:16:33 <DuB`> Lots
08:16:41 <Dot> great!
08:16:43 <Dot> gnight dubs
08:17:36 <DuB`> <3
08:40:28 <Rawr|Phone> Beep boop
08:42:01 <Dot> Hows rawr today?
08:42:05 <Dot> was the pizza good?
08:44:49 <Rawr|Phone> I'm great!
08:44:56 <Rawr|Phone> It was pretty gooood
08:45:02 <Dot> great!
08:49:15 <Rawr|Phone> How are you today dot
08:50:18 <Dot> im ok rawr, asked after 2 places to move to and emailed my soon to be boss today
08:50:28 <Dot> so ive actually been productive i tihnk
08:53:27 <Dot> .tell Phearlock https://www.deviantart.com/evehly/art/Seeing-Double-762306780
08:55:51 <Rawr|Phone> I'm proud of you dot
08:56:54 <Dot> thanks rawr <3
08:57:06 <Rawr|Phone> <3
08:57:51 <CockRoac1|42> https://www.deviantart.com/evehly/art/Penny-s-Tea-Party-747941642
08:58:53 <Dot> is this the new equistria girls?
08:59:11 <CockRoac1|42> most likely
09:00:24 <CockRoac1|42> .tell Phearlock https://www.deviantart.com/evehly/art/Penny-s-Tea-Party-747941642
09:05:28 -!- Dot [~quassel@90.197.151.215] has joined #tlponies
09:30:23 <Dot> work time
09:30:25 <Dot> later horses
09:31:31 <CockRoach|42> cya dots
09:48:18 -!- reification [~reificati@cpc76294-cosh16-2-0-cust297.6-1.cable.virginm.net] has joined #tlponies
09:48:18 -!- mode/#tlponies [+v reification] by Q
09:48:44 <reification> morning tlp
09:48:50 <reification> https://twitter.com/RaminNasibov/status/1036478913575362560
09:49:40 <reification> .tell runbunny bunlyf https://twitter.com/_TronVin_/status/1036398677391237120
09:49:53 <CockRoach|42> hi reification 
09:50:02 <reification> hi cr|42
09:59:28 <reification> https://twitter.com/carltonautism/status/1036072953098788865
10:10:58 -!- Rawr|Fone [~AndChat52@84-217-62-32.customers.ownit.se] has joined #tlponies
10:36:58 -!- Golly [~Golly@1.92-221-121.customer.lyse.net] has joined #tlponies
10:49:06 -!- Runbunny [~Runbunny@91.100.28.10.generic-hostname.arrownet.dk] has joined #tlponies
11:57:28 <reification> https://twitter.com/abandonedspaces/status/1036155307305644032
11:57:41 <reification> bio https://twitter.com/RussianMemesLtd/status/1036563520454885378
11:58:40 <reification> .tell dub` https://twitter.com/HarmlessYardDog/status/1036426578144780288
12:00:38 <reification> dot cr https://twitter.com/belgeist/status/1036267647913078784
12:17:12 -!- DoT|Phone [~Dot@79.77.172.39] has joined #tlponies
12:17:35 <DoT|Phone> last five minutes of lunch!
12:19:38 <DoT|Phone> pon pon pon
12:19:39 <DoT|Phone> pon pon
12:31:58 <CockRoach|42> that is a very confusing snake, reification 
12:32:49 <reification> yes 
13:21:15 <BioSC> meme
13:21:20 <BioSC> henlo
13:22:10 -!- Zounds [webchat@cloak-wmbqgxv5.14-2.cable.virginm.net] has joined #tlponies
13:49:56 <CockRoach|42> henlo biopon
14:37:37 <BioSC> hallo
15:02:14 <reification> i have triumphed over fedex :D
15:04:42 <reification> also i managed to hit the places i was aiming for on both the coral and sky poker races
15:19:53 <BioSC> well done
15:22:50 -!- Crisium [~Crisium@c-24-3-152-64.hsd1.pa.comcast.net] has joined #tlponies
15:42:31 -!- Rawr|Phone [~AndChat52@m83-185-87-206.cust.tele2.se] has joined #tlponies
15:43:00 -!- Zounds [webchat@cloak-07ouvien.14-2.cable.virginm.net] has joined #tlponies
15:43:09 <Zounds> silly internet
15:43:28 <Zounds> how did the overwatch go yesterday Crisium 
15:43:40 <Crisium> we won most the games
15:43:58 <Zounds> excellent
15:44:10 <Zounds> I'm still shocked we won that Route 66 game
15:44:14 <Zounds> the last one I played yesterday
15:44:18 <Crisium> yeah it was brutal
15:44:24 <Crisium> but the bad players rage quit so it helped us
16:12:27 -!- Dot [~quassel@90.197.151.215] has joined #tlponies
16:12:31 <Dot> Hedge horses
16:15:40 <reification> shrub dot
16:16:04 <Dot> reef
16:19:40 <Rawr|Phone> DoT` DoT` DoT`
16:19:55 <Dot> Rawr Rawr Rawr
16:19:57 <Dot> <2
16:20:00 <Rawr|Phone> <4
16:20:46 <Rawr|Phone> Do you know when you are going to be moving dot
16:21:21 <DoT`> not yet rawr
16:21:29 <DoT`> before the end of the month
16:21:32 <DoT`> or im in trouble
16:22:38 -!- Golly [~Golly@1.92-221-121.customer.lyse.net] has joined #tlponies
16:23:14 <Rawr|Phone> Well the month pretty much just started, plenty of time
16:23:59 <DoT`> yea, thats what i keep telling myself
16:24:25 -!- DuB` [~DuB@66-219-235-226.dynamic.ip.veracitynetworks.com] has joined #tlponies
16:24:30 <DoT`> Dub Dub
16:24:36 <DuB`> Dot Dot
16:24:39 <reification> hi dubbles
16:24:41 <DoT`> <3
16:24:49 <reification> where will you be heading to dot?
16:25:32 <reification> also i will be up in wolverhampton next week, what’s your schedule like?
16:26:02 <reification> runbun https://dotclue.s3.amazonaws.com/img/70491996_p0.jpg
16:26:13 <DoT`> reif, im moving up to clayton west area
16:27:45 <reification> isn’t that even further away :(
16:27:58 <DuB`> NORTH of penistone, it seems
16:28:04 <DuB`> ;D
16:28:19 <DoT`> haha yes dub
16:28:23 <reification> probably closer to zounds than me!
16:28:51 <DoT`> i believe its pronounced penny stin dub, but we all know 
16:30:36 <DuB`> There's a store and two whole pubs
16:31:15 <Rawr|Phone> Dub is already scouting the area for you dot
16:31:49 <DoT`> he is a good friend
16:32:19 <DuB`> Even smoller pop than bakewell!
16:32:30 <DuB`> You're gonna end up as rural as our forestskram
16:34:18 <DoT`> im trying
16:35:14 <DuB`> I'll make up for it by interviewing for positions in SF and NYC this month ;D
16:37:03 <DoT`> gl!
16:37:08 <DoT`> easy get for you
16:37:35 <DoT`> we got our easter order forms in at work today...
16:39:00 <DuB`> :o
16:39:42 <Zounds> Nice little place you're moving DoT` 
16:40:00 <Zounds> Hows the internet coverage though
16:40:15 <DoT`> average is 67mb
16:40:26 <DuB`> ez
16:40:30 <Zounds> Not bad
16:40:40 <DuB`> Looks lovely
16:41:05 <DoT`> the one place is in clayton west 5 minutes form work, the other is a converted chapel in Skelmthorpe
16:41:14 <DoT`> about 12 minutes bike ride
16:41:36 <DoT`> unfortuantly its an epxensive area all around there :/
16:44:17 <Zounds> I'm looking at stuff in Hudderfield
16:44:25 <Zounds> Cricket and miniature railways
16:44:26 <Zounds> pubs
16:44:30 <Zounds> It's all so very english
16:45:05 <DuB`> Heheh
16:47:36 <DoT`> haha
16:47:58 <DoT`> unfortuantly bus times suck, otherwise i would be able to look further afield
17:16:20 <DuB`> I think
17:16:24 <DuB`> MORE overwatch??
17:34:19 -!- DoT|Phone [~Dot@90.197.151.215] has joined #tlponies
18:00:47 -!- Dot [~quassel@90.197.151.215] has joined #tlponies
18:16:05 -!- Camail [~Camail@45.40.84.145] has joined #tlponies
18:16:06 -!- mode/#tlponies [+v Camail] by Q
18:22:36 -!- Dot` [~quassel@90.197.151.215] has joined #tlponies
18:30:36 -!- Dot [~quassel@90.197.151.215] has joined #tlponies
18:34:46 -!- DoT|Phone1 [~Dot@90.197.151.215] has joined #tlponies
18:36:07 <Dot> useless internet
18:49:54 <Dot> Runbunny, where is skram
18:50:08 <Runbunny> I am guessing Norway.
18:50:22 <Dot> hmm, we should check norway just to make sure
18:50:41 <Dot> he may be trying to sneak into denmark for all your Lego
18:53:37 <Dot> HSC announced!
18:53:41 <Dot> 22-25th November
18:55:05 -!- skrm [webchat@pioj.eid3.887x.ip] has joined #tlponies
18:55:11 <Dot> skrm!
18:57:58 <skrm> Dot!
18:58:28 <Dot> are you in norway?
18:59:07 <skrm> ...Yes?
18:59:23 <Dot> Runbun was right then
18:59:46 <skrm> Its a solid guess
19:00:08 <skrm> Have not left it in quite a few years, barring a few beer runs to sweden obviously
19:01:27 <Zounds> Come visit UK
19:01:56 <Zounds> We have tea and hedgerows
19:02:56 <skrm> Some day I will, Zounds 
19:03:56 <skrm> Then you'll join me for one of those whisky tours on islay, right?
19:09:16 <Zounds> There are so many whisky tours everywhere
19:09:34 <Zounds> You can do islay yourself since I'm lazy
19:09:44 <DuB`> Haha
19:11:51 <Zounds> I'll join you for glengoyne since I don't need to get on a ferry to reach it
19:12:03 <Camail> DuB`  its really weird replaying divinity 2 and going from dealing 900 damage to doing 7
19:12:17 <skrm> Ferries are the best part of any tour, Zounds 
19:12:28 <Camail> i prefer fairies
19:12:50 <skrm> Thats because you're a pervert
19:13:06 <Zounds> ferrys are rubbish
19:13:18 <Zounds> the places they take you are often good though
19:13:20 <DuB`> lol Camail
19:13:39 <skrm> I thought we was frens, Zounds 
19:13:39 <Camail> they lowered the power gap in definitive edition
19:13:56 <Camail> so being 2 levels below an enemy is no longer 100% death
19:14:00 <DuB`> In Div1 my strat was to have two tanks just stand in a doorway and then have the rest of my team as mages and just stack AoEs on the other side
19:14:04 <DuB`> Kills things gud
19:14:25 <Camail> there's not a lot of doorways in this game
19:14:27 <Zounds> If me not enjoying ferrys is a deal breaker skrm then it was never meant to be
19:14:34 <Camail> this run i'm going as hard on stuns as possible
19:16:17 <skrm> My hearts breaking Zounds 
19:16:28 <Camail> if you can do damage AND make them skip their turn, there's nothing more efficient, it's great
19:17:50 <skrm> Are you set for the raid thing on wednesday Zounds 
19:18:20 <Zounds> yeh but I think im raiding on sunday
19:18:25 <Zounds> maybe wednesday but prob sunday
19:18:55 <skrm> cool cool
19:19:29 <Zounds> I have my flasks, my feasts and some augment runes
19:19:46 <Zounds> 342 ilevel with good stats
19:19:56 <skrm> right, thats a thing i need to do as well¨
19:20:05 <skrm> im on 339
19:20:06 <Zounds> likely gonna blow through normal I think
19:20:21 <skrm> is hc open first day?
19:20:28 <Zounds> I think so?
19:20:37 <skrm> might as well start there then
19:21:09 <Zounds> Suppose we could
19:27:23 <Zounds> I'll just go where I'm told since I have no initiative and just want to blast things with mind melting shadow magicks
19:29:22 <skrm> blasting things is the best
19:34:13 -!- Phearlock [~Phearlock@cm-84.209.250.127.getinternet.no] has joined #tlponies
19:34:13 -!- mode/#tlponies [+v Phearlock] by Q
19:37:50 <Phearlock> evening =)
19:39:57 <skrm> phearlock old pal
19:40:06 <Dot> Phear <3
19:46:15 <Phearlock> Just sitting here after work wondering what to do
19:47:49 <skrm> Theres a new Tomb Raider game out in like 10 days
19:48:15 <Dot> does that mean the previous ones will go on sale?
19:48:29 <skrm> And if you buy the s00per d00per deluxe limited edition season pass for 80£ (!!!) you get to play it 48 HOURS before release
19:48:32 <skrm> WHAT A DEAL
19:48:54 <Golly> wow!
19:49:47 <Phearlock> I have a spare key for the last one that I got from the humble monthly if you want it actually dot.
19:51:04 <Dot> yea, that would be great, if you have no other use for it
19:51:11 <Phearlock> I do not
19:53:08 <Phearlock> Is it still the steam account that's in the Teamliquid ponies group? Just making sure since it says its been offline for 37 days
19:53:28 <Dot> is it online now?
19:53:33 <Dot> i havnt used steam in a bit
19:53:36 <Phearlock> yes =P
19:55:03 <Dot>  ididnt realise i hadnt played a steam game in so long
20:02:43 <Dot> phear https://tjpones.tumblr.com/image/177578533622
20:03:04 <Dot> https://tjpones.tumblr.com/image/177578796172
20:03:31 <Phearlock> bleps are srs bznz
20:04:07 <Dot> super srs
20:08:36 <Zounds> what are pons up to
20:10:32 <Dot> not much, you zounds?
20:15:01 <Rawr|Phone> Beep boop
20:15:11 <Zounds> bugger all dot my friend
20:15:19 <Dot> sounds relaxing
20:22:55 <Rawr|Phone> DoT`
20:23:03 <Dot> Rawr`
20:23:22 <Rawr|Phone> Your thing fell off
20:23:31 <Dot> useless internet
20:23:52 <Rawr|Phone> Now you look very proper
20:24:17 <Rawr|Phone> Very much an english gentleman
20:25:50 <DoT`> ty
20:26:36 <Rawr|Phone> Are you going to be wearing a suit to work when you are an engineer dot
20:29:48 <DoT`> nope
20:29:51 <DoT`> its pretty casual
20:30:11 <DoT`> the first interview i went to the guys had shorts on
20:30:45 <DuB`> Nice
20:31:02 <Phearlock> My kind of dress code
20:35:05 <BioSC> i nappd
20:37:20 <DuB`> zZz
20:39:37 <DoT`> wb bio
20:43:16 <DoT`> Rawr https://imgur.com/gallery/A9Mo5Xg
20:44:57 <Rawr|Phone> 😍
20:48:30 <DoT`> when you getting a corgi rawr?
20:49:30 <Rawr|Phone> When I can!
20:49:41 -!- reification [~reificati@cpc76294-cosh16-2-0-cust297.6-1.cable.virginm.net] has joined #tlponies
20:49:41 -!- mode/#tlponies [+v reification] by Q
20:57:31 <reification> rawr dot https://twitter.com/Nayeliefox/status/1036306949388869633
20:58:33 <Rawr|Phone> Your links are always great reef reef
20:59:11 <reification> thank you rawr rawr
20:59:58 <reification> dub` runbun https://twitter.com/LilithLovett/status/1036134918206644224
21:20:55 <Camail> man early game of divinity 2 is kinda shit
21:21:09 <Camail> i forgot exactly how shit the health disparity is
21:25:24 -!- Rawr|Fone [~AndChat52@84-217-62-32.customers.ownit.se] has joined #tlponies
21:25:39 <Phearlock> Haha yeah I started a save again thinking I'd try new things but oh man the earlygame makes me go right back to my tried-and-true compositions =P
21:25:56 <Phearlock> "I'll try new things later"
21:34:10 <Camail> it's not fun having  half the health and 1/4th the armor
21:35:12 <Camail> i was in act 3 and easily killing bosses, now i'm in act 1 dying to anything
21:38:52 <Runbunny> DoT`, Are you ready for the god run?
21:44:42 <DoT`> so ready
21:54:03 -!- skram [~skram@82.147.53.239] has joined #tlponies
22:13:48 <skram> boys
22:14:02 <Rawr|Fone> Jonas my dear
22:14:09 <Rawr|Fone> It is quite late
22:14:10 <Crisium> skrim
22:14:33 <skram> yass im a big boi henrik
22:18:51 <BioSC> yass slay queen
22:19:25 <skram> good fuckin yard
22:37:53 <Runbunny> Good yard.
22:40:59 <Zounds> night fatties
22:46:15 <skram> what a rude lad
22:48:23 <BioSC> Y Is he like this skrm
22:48:51 <DoT`> scottish
22:49:06 <skram> this is how english people are
22:49:48 <DoT`> says the swedish
23:33:49 <DoT`> pon pon
23:34:10 <Crisium> pon
23:43:45 <Crisium> https://www.youtube.com/watch?v=L1BfF77Pvio
23:52:47 <Crisium> buy some apples
23:53:06 <DoT`> Apples!
23:56:33 -!- Rawr|Fone [~AndChat52@84-217-62-32.customers.ownit.se] has joined #tlponies
