00:06:00 <Bio> ggez
00:06:04 <Camail> https://www.twitch.tv/evo
00:06:27 <Bio> is it evo time already?
00:06:38 <Camail> sure
00:06:41 <Camail> let's go with that
00:07:08 <Bio> rofl the cup noodle
00:12:49 <Camail> also, critical role tonight
00:12:55 <Camail> starting off hot
00:13:06 <Bio> yeh
00:13:18 <Bio> mystery solved lel
00:17:56 <DuB`> GO boston!
00:22:47 <DuB`> FINALLY
00:22:50 <DuB`> KOREANS LOSE LOL
00:23:01 <carcinisation> :O
00:29:30 <skram> time for bed then i guess
00:29:59 <Camail> I'm so glad the steamed hams scene turned into a meme
00:30:02 <Bio> NAIIISSSS
00:30:07 <Camail> http://frostlocke.tumblr.com/post/169950372846
00:38:29 <Camail> pillars of eternity 2 pre-orders are open
00:38:41 <Camail> i am strongly inclined to do it...i dunno
00:44:43 <Camail> DuB`  juri
00:44:46 <Camail> https://www.twitch.tv/capcomfighters
00:51:15 <DuB`> Almost
00:51:41 -!- tredc [~AdiIRC@c83-251-161-94.bredband.comhem.se] has joined #tlponies
00:55:11 <Crisium> pon
00:55:18 <Dot`> pon
00:55:22 <Camail> that was a good juri
00:56:03 <Camail> there were a few moments where he could've used s.mk better and he never got his fireball game going
00:56:15 <Camail> but other than that, super super solid
00:56:32 <Camail> wasted v trigger, but thats fiar the AE changes are subtle
00:56:57 <Camail> you can't use v trigger as a free buffer into a safe block string any more
01:47:37 <Crisium> philly
01:47:39 <Crisium> not ba
01:47:41 <Crisium> d
01:47:53 <DuB`> Yeah!
01:57:39 <reification> night all
01:59:18 <Dot`> gnight reif
02:18:22 <DuB`> Philly!
02:19:24 <Crisium> 2-2
02:33:10 <DuB`> !!!!
02:35:26 <DuB`> AMG
02:35:43 <Crisium> philly!!!
02:35:45 <Crisium> wow
02:36:40 <DuB`> RIP power rankings haha
02:36:54 <DuB`> 1) Seoul 2).... ????
02:38:30 <Crisium> nn
02:58:15 -!- Micen|Droid [~Micen@h209.48.91.75.dynamic.ip.windstream.net] has joined #tlponies
02:58:36 <Micen|Droid> Hallo
02:58:55 <DuB`> hollo
02:59:00 <Micen> Free games! 
02:59:02 <Micen> https://www.humblebundle.com/store/amnesia-collection
02:59:07 <DuB`> o?
02:59:56 <Micen> Good game series as well
03:04:03 <DuB`> ew scary
03:05:29 <Micen> Its free. 
03:10:37 <DuB`> Couldn't PAY me to play scary :P
03:18:09 <Micen> Then share it with people who will
03:32:45 <DuB`> NOTT
04:11:37 <Bio> amnesia was fun
04:11:45 <Bio> didn't think I'd like a scary game
04:11:58 <Bio> but perhaps that was because I strimmed it
04:23:39 <Micen> There we go. 
04:23:44 <Micen> Dub needs to strim it. 
05:40:12 -!- Rawr|Fone [~AndChat52@84-217-62-32.customers.ownit.se] has joined #tlponies
05:58:54 <Rawr|Fone> 🐴🐴🐴
06:01:15 <Micen> Hallo rawr
06:01:32 <Rawr|Fone> Good morning micen
06:03:42 <Micen> How have you been rawr? 
06:03:58 <Rawr|Fone> Very gooood!
06:04:10 <Rawr|Fone> What a boat you?
06:06:28 <Micen> Been okay, not good, not bad. 
06:16:55 <Rawr|Fone> 👌
06:30:58 <CockRoach|42> hors hors
06:39:06 -!- Rawr|Fone [~AndChat52@m83-185-83-226.cust.tele2.se] has joined #tlponies
06:48:04 <Rawr|Fone> Cr|hest
06:49:14 -!- Camail [~Camail@45.40.84.145] has joined #tlponies
06:49:14 -!- mode/#tlponies [+v Camail] by Q
06:49:25 <Camail> dat was a good ep
06:49:28 <DuB`> Marisha did nooothing! :P
06:49:34 <Camail> i missed the first 90 minutes tho :(
06:49:36 <DuB`> But yeah, lots of cool everything else
06:49:36 <DuB`> Aww
06:50:04 <Camail> dub i know your new
06:50:14 <Camail> but let me tell you something
06:50:21 <Camail> "doing nothing" is basically her gameplan
06:50:32 <Camail> almost an outlook on life, really
06:51:03 <Camail> you learn to accept that she plays in a way that does not mesh with DnD
06:51:19 <DuB`> haha
06:51:36 <Camail> but that's fine the strength of the game is the acting, and she played a really strong role as a character
06:51:46 <Rawr|Fone> Are you guys discussing satanism in my christian chat
06:51:47 <Camail> really leaning into the antagonism with molly
06:51:52 <Camail> rawr you are a child
06:51:59 <Camail> you dont even know how to spell satanism
06:52:11 <Camail> SETH KILLIAN ON EVO JAPAN I AM SO HAPPY
06:52:20 <Rawr|Fone> Pls
06:52:25 <Camail> havent heard him in such a long time
06:52:30 <Rawr|Fone> I am big boi now
06:52:48 <Camail> hardly
06:52:50 <Camail> medium at best
06:54:13 <Rawr|Fone> Sure
08:21:50 <Rawr|Fone> 🐴🐴🐴
08:28:48 -!- Dot`_ [~quassel@90.201.224.197] has joined #tlponies
09:01:47 <Dot`_> omrning all
09:04:28 <CockRoach|42> morning dot
09:09:59 <Dot`_> cr!
09:11:35 <CockRoach|42> !!!
09:29:01 <Rawr|Fone> Dot dot dot
09:30:37 <Dot`_> Rawr rawr rawr
09:30:39 <Dot`_> <3
09:35:43 <Rawr|Fone> <3
09:45:00 <CockRoach|42> .roll d20 to calm down
10:09:26 -!- Golly [~Golly@1.92-221-121.customer.lyse.net] has joined #tlponies
10:17:03 <Dot`> .tell skram https://www.reddit.com/r/dwarffortress/comments/7swa3d/elite_marksdwarf/
10:19:16 <Dot`> hmmm
10:33:33 <Dot`> swoots has been having issues recently
10:53:14 <CockRoach|42> .tell skram <3
11:02:06 <Dot`> what
11:14:06 -!- Yolphone [~androirc@37.169.250.10] has joined #tlponies
11:15:26 <Yolphone> Pones <3
11:15:40 <Yolphone> PONES !
11:15:40 <Yolphone> https://imgur.com/V50y1ed
11:17:29 <Dot`> yolt pon <3
11:17:42 <Dot`> thats pretty fancy yolt
11:18:04 <Dot`> good model of the father killer
11:32:54 -!- Dot` [~quassel@90.201.224.197] has joined #tlponies
12:25:11 <Dot`> pon pon
12:28:43 -!- tredc [~AdiIRC@c83-251-161-94.bredband.comhem.se] has joined #tlponies
12:29:39 <Dot`> .tell skram hedge
12:29:48 <Dot`> maybe swoots just hates me
12:35:15 -!- Rawr|Phone [~AndChat52@84-217-62-32.customers.ownit.se] has joined #tlponies
12:42:49 <CockRoach|42> .tell skram hedge
12:42:59 <CockRoach|42> pls swoots....
12:46:04 <Dot`> .tell CockRoach|42 <3
12:46:10 <Dot`> nope
12:48:04 <CockRoach|42> .tell Dot` pls swoots
12:48:19 <CockRoach|42> .tell camail pls unruin swoots :[
12:54:14 <Dot`> Bio!
12:54:21 -!- Bio [~BioPon@108-72-8-181.lightspeed.stlsmo.sbcglobal.net] has joined #tlponies
12:56:38 <Dot`> Bio pls
13:30:47 <Dot`> https://www.reddit.com/r/mylittlepony/comments/7t05n3/in_china_rainbow_dash_is_cloud_treasure_among/
14:07:38 <CockRoach|42> "magic shape princess"
14:13:40 <Dot`> the joys of google translate
14:21:53 -!- Dot` [~quassel@90.201.224.197] has joined #tlponies
14:32:14 <Dot`> time for walk
15:17:08 <Bio> gmorn
15:19:56 -!- Yolteotl [webchat@243.77.126.78.rev.sfr.net] has joined #tlponies
15:20:04 <Yolteotl> am back!
15:20:11 <Yolteotl> sorry dot for this morning <3
15:25:36 <CockRoach|42> so rude
15:32:44 <Yolteotl> Hi CR!
15:32:48 <Yolteotl> Did you see toothless?
15:36:37 <CockRoach|42> i did!
15:38:41 <Yolteotl> <3
15:52:39 <Yolteotl> Base Salary/Hourly Pay and Applicable Rates of Pay: Salaried: $102,000.00 annual salary     Hire Date: April 16, 2018    
15:55:39 <Bio> dats a lot of dollarydoos
15:59:17 -!- skrm [webchat@185.7.220.32] has joined #tlponies
15:59:26 <skrm> asdf
16:11:15 <Dot`> i back
16:11:17 <Dot`> Jonas
16:11:39 <Dot`> yolt you rich horse
16:11:50 <Dot`> here skram https://www.reddit.com/r/DnD/comments/7t1bh8/videothe_adventure_zone_balance_trailer/
16:12:22 <skrm> heck yeah my dude
16:12:41 <Dot`> and here https://imgur.com/gallery/QO8aT
16:14:42 <skrm> yes
16:14:46 <skrm> you know all my favorites
16:16:26 <skrm> https://www.amazon.co.uk/Adventure-Zone-Here-There-Gerblins/dp/1250153700/ref=sr_1_1?ie=UTF8&qid=1516983292&sr=8-1&keywords=adventure+zone
16:16:41 -!- tredc [~AdiIRC@c83-251-161-94.bredband.comhem.se] has joined #tlponies
16:16:41 <skrm> whens your birthday old chap
16:17:29 <Dot`> not as soon as yours
16:20:32 <Dot`> how are you feeling today skram
16:21:18 <skrm> i think i have tonsilitis and i have to work all weekend
16:21:36 <skrm> but other than that pretty good actually
16:21:40 <Dot`> D:
16:21:43 <skrm> hows your day been
16:21:45 <CockRoach|42> .tell Rawr|Phone https://imgur.com/gallery/X7d5V
16:21:51 <Dot`> take sunday off, will work better for DnD anyway
16:22:00 <CockRoach|42> oh yeah, swootie...
16:23:11 <skrm> i cant just take days off willy nilly
16:23:17 <skrm> i already had a sick day this year
16:23:38 <Dot`> have a half day then, claim your cat needs you
16:23:55 <Dot`> i just got a .tell from you cr
16:24:08 <Dot`> saying "pls"
16:24:15 <Dot`> apparently 6 minutes ago
16:24:22 <Dot`> poor swoots is borked
16:24:45 <skrm> I cant just leave Dot` 
16:24:51 <Bio> asdf
16:24:55 <Dot`> FOR A CAT SKRAM
16:24:59 <Dot`> Hey Bio
16:25:03 <skrm> I KNOW
16:25:14 <Dot`> WORK IS BAD SKRAM
16:25:20 <Dot`> Bio https://derpicdn.net/img/view/2018/1/26/1641299__safe_artist-colon-tyuubatu_tempest+shadow_my+little+pony-colon-+the+movie_spoiler-colon-my+little+pony+movie_female_monochrome_sketch_solo_tra.jpeg
16:25:24 <skrm> IM NOT GONNA GET FIRED FOR A CAT
16:25:30 <Bio> edge horse
16:25:37 <skrm> Even if it has THE SQUISHIEST TOE BEANS
16:25:43 <skrm> Hey Bio
16:25:46 <Dot`> https://www.reddit.com/r/mylittlepony/comments/7t05u1/the_mlp_movie_in_a_nutshell/
16:25:55 <Bio> skrm
16:25:59 <Bio> greet
16:26:19 <Dot`> 8 minutes till Crit roll rebroadcast
16:26:55 <Dot`> skram, i got a little 1 inch OLED screen today for my arduino, and it works!
16:27:13 <skrm> Heck yeah my boi!
16:27:31 <Bio> I do n eed a nice little screen for my Pi
16:28:11 <Dot`> skram https://imgur.com/gallery/M2kbx
16:28:18 <skrm> ras perry pi is cheating tho
16:28:25 <skrm> it has like an actual graphics processor
16:28:38 <Bio> its only cheating
16:28:40 <Bio> if I care
16:28:42 <Bio> and I don't =D
16:28:51 <skrm> NANI?!
16:28:56 <Bio> NANDATO
16:30:15 <Bio> dot do people actually watch this garbage on GnS right now
16:30:19 <Bio> what is going on
16:30:25 <Dot`> no idea bio, i hope not
16:30:27 <Dot`> i had to mute it
16:30:33 <skrm> I got my older brother an arduino starter kit Dot` 
16:30:43 <Dot`> your a good brother skram
16:30:56 <skrm> he has no experience with electronics but I have not spoken to him in a month so I dont know how thats going
16:31:14 <Bio> people who shrug their shoulders when laughing should reconsider their life choices
16:31:34 <Bio> probably BERRY well then skrm
16:33:15 <skrm> EEEEY
16:36:28 <Dot`> this sam
16:36:32 <skrm> So when is your birthday Dot` 
16:36:37 <skrm> i need to mark it in my calendar
16:36:39 <Dot`> you dont remember D:
16:36:44 <Dot`> Mr 11 april
16:36:58 <skrm> I barely remember my own Dot` 
16:37:02 <skrm> but i am certain its in may
16:37:08 <skrm> or june¨
16:37:24 <Dot`> nope, i have you as 11 april
16:37:29 <Dot`> thast what it is now
16:37:39 <skrm> i meant yours
16:37:44 <skrm> silly old chap
16:37:54 <Dot`> try one more
16:38:08 <skrm> july?
16:38:10 <Dot`> yes
16:38:31 <skrm> is it the 4th
16:38:41 <Dot`> +6
16:39:28 <Dot`> 10th july skrammen
16:39:56 <skrm> Yes I am familiar with basic addition, sir
16:40:03 <skrm> its in my calendar now
16:40:45 <Dot`> its my mothers birthday too
16:42:34 <skrm> I shall mark it
16:42:47 <skrm> what does she want
16:43:03 <Dot`> for me to be happy
16:43:05 <skrm> Red roses and steam buxx?
16:43:47 <Dot`> Bio, have you not seen crit roll 3 yet?
16:48:05 <Dot`> skram, are you still ok for DnD?  being sick and all
16:48:27 -!- tredc [~AdiIRC@c83-251-161-94.bredband.comhem.se] has joined #tlponies
16:52:02 <skrm> Ill be ok
16:52:10 <skrm> might not be very talkative though
16:53:38 <Bio> i have not dot
16:53:45 <Bio> was distracted last night
16:53:57 <Bio> its ok skrm, i can handle the RP 4 u
16:54:01 <Bio> =D
16:54:13 <Dot`> be extra grumpy bio
17:00:10 <Dot`> get outa dodge Bio!
17:03:24 <skrm> Bio doesnt live in Dodge???
17:04:04 -!- DuB` [~DuB@66-219-235-64.dynamic.ip.veracitynetworks.com] has joined #tlponies
17:04:06 <DuB`> Good morn
17:04:15 <Dot`> Duuub
17:04:20 <Bio> literally mcree
17:04:21 <Dot`> its crit roll time Dub
17:05:38 <Bio> LVL 2 COMBAT BOYS
17:06:33 <skrm> DuB` my sweet summer child
17:07:52 <Bio> winter is coming dub
17:08:48 <DuB`> wat
17:08:50 <DuB`> wuh
17:09:08 <DuB`> Crit roll time was many hours ago now!
17:10:45 <Bio> but its on the twitch dub
17:10:46 <Rawr|Phone> Wuh
17:11:22 <DuB`> https://twitter.com/duetlol/status/956324801014108160
17:12:08 <DuB`> nyerf dis
17:18:48 <skrm> Is this one of those hentai things
17:19:14 <Bio> M I S T A K E
17:30:53 <DuB`> Man, Jester+Nott and Caled really steal the show
17:30:55 <DuB`> So fun
17:31:24 <Dot`> Jester and Nott are the new Grog and Scanlan
17:37:24 <DuB`> With the bonus of being adorable!
17:45:31 <Dot`> horses are tricky beasts!
17:48:56 <skrm> gonna go home
18:08:27 -!- reification [~reificati@cpc76294-cosh16-2-0-cust297.6-1.cable.virginm.net] has joined #tlponies
18:08:27 -!- mode/#tlponies [+v reification] by Q
18:09:29 -!- Golly [~Golly@1.92-221-121.customer.lyse.net] has joined #tlponies
18:10:39 <reification> yolteotl http://www.bbc.co.uk/news/world-europe-42826028
18:10:42 <Dot`> hey reif
18:10:46 <reification> hello tlp
18:10:48 <reification> hey dotties
18:10:59 <Dot`> i read that earlier, haha
18:11:03 <Dot`> french are so silly
18:11:11 <reification> related https://twitter.com/380kmh/status/956891215592648704
18:15:00 <reification> .tell runbunny https://twitter.com/380kmh/status/956638438110973952
18:15:24 -!- tredc [~AdiIRC@c83-251-161-94.bredband.comhem.se] has joined #tlponies
18:17:13 <Bio> Don't familiars have to stay within lik 100 ft
18:18:34 <Dot`> nope
18:18:45 <Dot`> "While your familiar is within 100 feet o f you, you
18:18:45 <Dot`> can communicate with it telepathically. Additionally,
18:18:45 <Dot`> as an action, you can see through your familiar’s eyes
18:18:45 <Dot`> and hear what it hears until the start o f your next tur"
18:18:54 <Dot`> pdf copy paste is amazing as always
18:21:23 <Dot`> all these 1's
18:21:36 -!- tredc [~AdiIRC@c83-251-161-94.bredband.comhem.se] has joined #tlponies
18:24:57 <Dot`> bio, are you now thinking of ways to abuse your poor familier
18:28:35 <Dot`> hahahaah
18:28:47 <Bio> yes
18:28:48 <Bio> rofl
18:30:56 <Dot`> DWARF TENTACLES
18:32:19 <Dot`> cr! https://www.reddit.com/r/DnD/comments/7t5gks/art_dungeons_and_doggos_34_catastrophic_damage/
18:37:32 -!- Zounds [webchat@cpc108453-cowc8-2-0-cust8.14-2.cable.virginm.net] has joined #tlponies
18:37:39 <Zounds> thinpons
18:37:48 <Dot`> Zoonds!
18:37:59 <Dot`> https://vanillaghosties.deviantart.com/art/Recording-Studio-727585497
18:39:37 <Zounds> Excellent pony dotman
18:40:05 -!- tredc [~AdiIRC@c83-251-161-94.bredband.comhem.se] has joined #tlponies
18:47:44 <reification> hey zounds
18:48:03 <Zounds> reif dood
18:55:24 -!- AndroUser2 [~androirc@243.77.126.78.rev.sfr.net] has joined #tlponies
19:03:13 -!- Camail [~Camail@45.40.84.145] has joined #tlponies
19:03:13 -!- mode/#tlponies [+v Camail] by Q
19:03:32 <Dot`> cam
19:03:55 <Dot`> Bio, its back on
19:04:04 <DuB`> Camail!
19:04:31 <DuB`> You've been doing skyrimstuff recently - are you playing from vanilla or special edition? 
19:05:21 <Camail> vanilla
19:05:29 <Camail> SE doesnt have as many mods
19:05:40 <DuB`> Ye ok
19:05:51 -!- tredc [~AdiIRC@83.251.161.94] has joined #tlponies
19:05:52 <DuB`> Seems like there's only an alpha version of SKSE for SE
19:06:30 <Camail> CockRoach|42  whats wrong with it this time
19:06:45 <Dot`> tells are being real weird
19:06:52 <Dot`> .tell Dub` HELLO
19:06:56 <Dot`> NOW YOU WORK
19:06:58 <reification> .tell runbunny https://i.imgur.com/JFse8vt.gifv
19:07:10 <Dot`> hasnt worked right the whole day, haha
19:07:31 <Camail> maybe the db was locked
19:09:44 <Dot`> .tellm camail Dub` | pls
19:10:13 <DuB`> o
19:10:21 <Camail> l
19:12:26 <Camail> .tellm camail | thing
19:12:29 <Camail> .tellm
19:13:08 <Camail> k well i dont feel like caring about this right now
19:13:11 <Camail> maybe some other time
19:13:49 <CockRoach|42> the .tell is also a bit broken at times
19:27:50 <Bio> MURDER CHILDREN GO
19:28:51 <Dot`> always has the worst decisions ready to go
19:31:10 -!- skram [~skram@109.203.14.204] has joined #tlponies
19:31:13 <Dot`> skram!
19:32:09 <skram> bjørn old buddy
19:32:27 <Dot`> skram pal
19:32:36 <DuB`> Welcome back
19:33:10 <skram> Thank you young man
19:33:57 <Rawr|Phone> Jonas
19:34:19 <skram> Henrik, gamle ørn
19:34:50 <Rawr|Phone> Dot look at this skram
19:34:55 <Rawr|Phone> The best jonas there is
19:35:01 <Dot`> best one ive seen rawr
19:35:38 <skram> <3
19:41:38 <Bio> dot
19:41:39 <Bio> ties
19:41:49 <Bio> lets see if they do the same as us
19:42:00 <Bio> re-roll
19:42:16 <Dot`> lol
19:42:20 <Dot`> cowards way out!
19:43:32 <Bio> LOL
19:43:39 <Bio> High Five for child abuse
19:43:49 <Dot`> should have just hit the kid to start with, they dont have much hp
19:43:50 <Dot`> easy
19:44:01 <Dot`> hitting kids is always the best solution
19:44:49 <Dot`> hmm, supper time, i will have to watch the rest when youtube comes out
19:51:30 <CockRoach|42> https://dbleki.deviantart.com/art/Who-are-you-652709118
19:51:36 <Bio> these imps are fucking the party so hard lel
19:55:47 -!- DoT|Phone [~Dot@90.201.224.197] has joined #tlponies
20:21:43 -!- ZK [webchat@ip-43-41-54-196.montreal.ca.northamericancoax.com] has joined #tlponies
20:21:49 <ZK> neeb :/
20:33:26 <DoT|Phone> hey zk
20:37:21 <Camail> the rules say that during a contested roll if the two parties tie then the status quo is maintained
20:38:12 <Camail> so if someone is trying to change something, and the other person is trying to prevent that change, the latter "wins" in so far as their goal is met
20:38:28 <Camail> but then a reroll makes sense because people will just keep trying
20:40:24 <Camail> i wish they would make a remaster of morrowind
20:40:28 <Camail> unles they did instanced cities
20:40:46 <Camail> change nothing, but give me pretty stuff
20:41:01 <Camail> i still have never finished the main story quest for morrowind
20:52:49 <Zounds> I don't think I ever did either
21:29:26 -!- tredc [~AdiIRC@c83-251-161-94.bredband.comhem.se] has joined #tlponies
22:36:44 <Dot`> pon pon
22:51:37 <Dot`> DUB
22:59:47 <CockRoach|42> Dot`: WHERE ARE GOOD DOGGOS?!?
22:59:49 <CockRoach|42> :[[[[
22:59:57 <Dot`> i linked you them HOURS ago
23:00:08 <Dot`> [18:32:19] <Dot`> cr! https://www.reddit.com/r/DnD/comments/7t5gks/art_dungeons_and_doggos_34_catastrophic_damage/
23:00:14 <CockRoach|42> oh yeah, you did
23:01:14 <CockRoach|42> good doggos <3
23:02:16 <Dot`> they are!
23:15:25 -!- Crisium [~Crisium@73.174.51.128] has joined #tlponies
23:20:35 <Dot`> cris pon
23:20:45 -!- tredc [~AdiIRC@c83-251-161-94.bredband.comhem.se] has joined #tlponies
23:27:19 <Crisium> howdy
23:27:30 <Crisium> NYXL vs Seoul tonight
23:27:32 <Crisium> should be good
23:56:54 -!- Rawr|Fone [~AndChat52@84-217-62-32.customers.ownit.se] has joined #tlponies
23:57:56 <Rawr|Fone> Horses
23:58:06 <Bio> nej
