00:10:52 <Rawr|Phone> It's 2018
00:11:02 <Rawr|Phone> Happy new year pons
00:11:10 <skram> happy new year mr henrik
00:11:25 <Rawr|Phone> Jonas
00:11:30 <Rawr|Phone> I loooove you
00:11:35 <skram> <3<3
00:17:47 <Dot`_> Happy new year horses <3
00:17:59 <skram> happy new years mr Dot`_
00:18:50 <Dot`> You said you where oging to bed Jonas
00:18:59 <skram> well i was
00:19:05 <skram> there are CATS ON THE INTERNET
00:19:11 <skram> NEW ONES
00:19:19 <Bio> always new cats
00:20:20 <Camail> dot y u no play the divider 
00:20:23 <Dot`> NEW ONES??
00:20:34 <Dot`> it was new years, had to spend time with family
00:20:46 <Dot`> and my eye is really sore atm
00:20:51 -!- tredc [~AdiIRC@c83-251-161-94.bredband.comhem.se] has joined #tlponies
00:20:57 <Dot`> taken drugs and sittign here with one eye closed
00:21:05 <skram> did you poke it too much
00:21:11 <skram> or read dirty books
00:21:24 <Dot`> nah, its just a dum eye that gets grumpy
00:26:57 <DuB`> Camail: Fast travel to gramercy house so I can follow, then do police academy mission?
00:27:04 <Camail> k
00:27:06 -!- tredc [~AdiIRC@c83-251-161-94.bredband.comhem.se] has joined #tlponies
00:28:56 <Camail> DuB`  the custom m44 is godlike
00:29:02 <Camail> its a bolt aciton with a clip reload
00:32:10 <Camail> magazine * reload >_>
00:41:19 <Camail> GASP dub
00:41:21 <Camail> ROGUE agents
00:41:26 <Camail> can you imagine killing another agent
00:41:29 <Camail> i sure cant
00:45:08 <DuB`> Kehehe
00:45:13 <DuB`> Gonna stop for now
00:45:29 <DuB`> And yeah, I had an awesome m44 earlier
00:47:15 <Camail> i had a hunters m44 and a classic, but i think i prefer custom now
00:47:44 <DuB`> Speaking of
00:48:00 <DuB`> I just upgraded Armory and it's selling a purple lv21 m44 mwahaha
00:48:30 <Camail> I'm gonna do the pwoerplant so i cant get the signature skill for tech
00:49:53 <Camail> nice
00:50:00 <Camail> do ALL the damage
01:12:43 -!- Dot`_ [~quassel@90.214.186.173] has joined #tlponies
01:24:54 -!- Golly [~Golly@1.92-221-121.customer.lyse.net] has joined #tlponies
02:35:22 -!- Micen|Droid [~Micen@h117.143.40.162.dynamic.ip.windstream.net] has joined #tlponies
02:35:28 <Micen|Droid> Hello
02:35:59 -!- Micen|Droid [~Micen@h117.143.40.162.dynamic.ip.windstream.net] has joined #tlponies
02:36:11 <Micen|Droid> Let's try again. Hello
02:37:17 -!- Micen [~micen@h117.143.40.162.dynamic.ip.windstream.net] has joined #tlponies
02:38:20 <Bio> hello there
03:05:11 <DuB`> allu
03:05:19 <Bio> hello
03:15:43 <skram> fuck
03:15:46 <skram> its late
03:16:55 <Bio> hows the future
03:22:01 <Dot`_> blarg
03:22:23 <Dot`_> took drugs for sore eye, napped for an hour and now cant sleep
03:22:29 <Bio> 2018 is blargh? oh noes
03:22:49 <Dot`_> 2018 ruind already indeed bio
03:25:58 <Dot`_> but there is always bob ross stream bio
03:27:03 <Bio> truth
03:33:01 <Camail> dot your eye causes more problems than it solves
03:33:25 <Dot`_> i should remove it
03:33:32 <Dot`_> and be a pirate
03:33:36 <Camail> ya
03:35:38 <Camail> you dont need two eyes to have depth eprception
03:35:46 <Camail> just shake your head really fast to get two pictures in the one good eye
03:36:16 <Dot`_> the eye only has like 85% vision anyway
03:36:32 <Dot`_> my ither has 125%
03:36:43 <Dot`_> so my average vision woulnd increase
03:36:51 <Dot`_> would*
03:57:34 -!- Rawr|Fone [~AndChat52@c-a6c7db54.020-164-6d6c6d4.cust.bredbandsbolaget.se] has joined #tlponies
04:26:05 -!- Runbunny [~Runbunny@91.100.28.10.generic-hostname.arrownet.dk] has joined #tlponies
04:26:14 <Runbunny> oh boy team USA
04:26:16 <Runbunny> I am here
04:26:25 <Runbunny> I'm druk and I am going to rant.
04:32:20 <Runbunny> not really I am going to go sleep
04:40:35 -!- skram [~skram@109.203.11.251] has joined #tlponies
04:56:08 <Camail> sometimes there's no enemies
04:56:12 <Camail> sometimes there's fucking 15
04:56:20 <Camail> fucking extractions are dumb
04:56:31 -!- CrisPone [uid127042@id-127042.hathersage.irccloud.com] has joined #tlponies
04:56:46 <Camail> and then the fucking shitty cowards who lets guys stay spawned from their extractions and run away
05:00:14 <CrisPone> Happy New year's to the best part of world
05:00:51 <CrisPone> East USA!
05:09:30 <Micen|Droid> Happy new year
05:37:05 <DuB`> I think I'm the very last TLP to enter 2018? :P
05:37:27 <Camail> probably
05:37:31 <Camail> is yolt in cali yet
05:37:47 <Camail> i heard that was a thing
05:48:08 -!- Rawr|Fone [~AndChat52@c-a6c7db54.020-164-6d6c6d4.cust.bredbandsbolaget.se] has joined #tlponies
05:54:48 <Camail> 6 minutes for me
05:54:58 <Camail> is it just bio and me who are central time?
05:56:26 <Bio> dub?
05:56:44 <Bio> mebby not
05:56:52 <Bio> yeh 4 mins
05:57:08 <Bio> I'm bad at new years
05:57:14 <Bio> never feel like going out
05:57:18 <Bio> usually don't
05:59:38 <Micen|Droid> I got drunk
06:00:20 <Micen|Droid> Happu new years bio and cam! 
06:00:29 <Bio> woop
06:00:33 <Micen|Droid> Welcome to 2018
06:00:59 <Micen|Droid> DuB` you mountan or Pacific? 
06:01:10 <Camail> 2018 is a nice even year
06:01:14 <Camail> i always disliked odd years
06:01:19 <DuB`> I'm MTN time
06:01:21 <Camail> he's a mountain mormon
06:01:23 <DuB`> Ye
06:01:26 <Camail> he lives on the peaks
06:01:54 <Camail> i rang in the new year in the way i genuinely wanted to, on an aim map in cs
06:06:13 -!- Golly [~Golly@1.92-221-121.customer.lyse.net] has joined #tlponies
06:06:36 <Micen|Droid> I played board games with the family
06:07:01 <Micen|Droid> I ended up winning 2 different Trivia games
06:10:44 -!- Crisium [~Crisium@c-73-174-51-128.hsd1.pa.comcast.net] has joined #tlponies
06:15:53 <Crisium> micen got drink?
06:15:55 <Crisium> excite
07:07:20 <DuB`> NOW it's new year.
07:12:19 <Crisium> oh are mountainers allowed to party now
07:13:30 <Micen|Droid> I am sad though Crisium. We lost the bottle of champagne. 
07:13:39 <Crisium> lost?
07:13:41 <Crisium> nani
07:13:43 <Micen|Droid> And had to drink vodka instead
07:13:53 <Micen|Droid> Yes. Lost, vanished. 
07:13:53 <Crisium> how russian of you
07:14:11 <Crisium> drink is good, can appreciate silly pony videos more
07:14:17 <Crisium> watch this when you get back to your compy https://www.youtube.com/watch?v=8kbjLSm_2Xw
08:05:46 -!- Rawr|Fone [~AndChat52@c-a6c7db54.020-164-6d6c6d4.cust.bredbandsbolaget.se] has joined #tlponies
08:19:43 -!- Rawr|Fone [~AndChat52@c-a6c7db54.020-164-6d6c6d4.cust.bredbandsbolaget.se] has joined #tlponies
08:46:22 -!- Dot` [~quassel@90.214.186.173] has joined #tlponies
09:08:01 -!- Rawr|Fone [~AndChat52@c-a6c7db54.020-164-6d6c6d4.cust.bredbandsbolaget.se] has joined #tlponies
09:53:24 -!- Rawr|Fone [~AndChat52@c-a6c7db54.020-164-6d6c6d4.cust.bredbandsbolaget.se] has joined #tlponies
10:10:16 -!- Rawr|Phone [~AndChat52@m83-185-94-200.cust.tele2.se] has joined #tlponies
10:46:07 <Dot`> morninh 
10:48:19 <CockRoach|42> morning dot
10:49:39 <Dot`> cr <3
10:50:16 <CockRoach|42> <3
10:56:26 <Dot`> rawr rawr rawr
10:56:43 <Rawr|Phone> Dot dot dot
10:56:44 <CockRoach|42> i dont think rawr is alive right now
10:56:47 <CockRoach|42> waaaat :O
10:56:48 <Rawr|Phone> I am!
10:56:54 <CockRoach|42> b..but how?!
10:57:09 <Rawr|Phone> I haven't slept yet
10:57:09 <Dot`> <3
10:57:16 <Rawr|Phone> <3
10:58:11 <CockRoach|42> haha
11:04:06 <Dot`> What a Rawr
11:06:28 <Rawr|Phone> What a Dot!
11:14:15 <Dot`> http://8xenon8.tumblr.com/post/169158474265/ive-had-these-sketched-out-since-october-but-i
11:14:26 <Dot`> rawr, when is slleep?
11:14:54 <Rawr|Phone> Soooon
11:48:22 <Dot`> work time
12:04:52 -!- Dot`_ [~quassel@90.214.186.173] has joined #tlponies
12:23:28 -!- Dot` [~quassel@90.214.186.173] has joined #tlponies
14:12:43 -!- Micen [~micen@h117.143.40.162.dynamic.ip.windstream.net] has joined #tlponies
15:49:56 <Bio> gmorn
16:13:50 <Dot`> i am home
16:13:53 <Dot`> hello ponies
16:21:00 <Dot`> rawr still sleeping?
16:22:16 <Rawr|Phone> Please dot
16:22:19 <Rawr|Phone> Never sleep
16:23:06 <Dot`> please rawr, a growing boy needs his slee
16:23:07 <Dot`> p
16:23:20 <Rawr|Phone> Maybe
16:23:46 <Dot`> your only just over 6 feet tall, obviosly your not full hight yet
16:34:37 -!- DuB` [~DuB@66-219-235-64.dynamic.ip.veracitynetworks.com] has joined #tlponies
16:34:40 <DuB`> GMORN
16:34:48 <Dot`> DUB
16:34:49 <Dot`> <3
16:35:00 <CockRoach|42> pls
16:35:05 <Dot`> no
16:35:06 <DuB`> DOT
16:35:07 <DuB`> <3
16:35:11 <DuB`> no?
16:35:34 <Dot`> dub, what level you now in Division?
16:37:14 <DuB`> 22?
16:37:21 <DuB`> 21 actually I think
16:37:23 <Dot`> i have carchign up to do the
16:37:27 <Dot`> then
16:43:08 <DuB`> I basically did a speedrun of every flatiron district side and encounter mission.
16:43:23 <DuB`> Cleared the hole thing in I think < an hour haha
16:48:56 <DuB`> whole* huh
16:54:23 -!- Crisium [~Crisium@c-73-174-51-128.hsd1.pa.comcast.net] has joined #tlponies
16:54:53 <Dot`> CRIS IUM!
16:57:02 <Crisium> hi pon
16:57:10 <Crisium> happy 2018
16:58:20 <DuB`> happee happee
17:03:03 <Dot`> Happy new year cris pon
17:05:10 <Bio> I had a breakfast
17:05:14 <Bio> now to do some coffee
17:05:20 <Crisium> gl
17:17:29 <Bio> how is everyone's 2018
17:18:13 <DuB`> Sleepy
17:19:37 <Bio> I stayed up to 4am for no reason then slept till 9
17:19:43 <Bio> good start, me
17:26:43 -!- Runbunny [~Runbunny@91.100.28.10.generic-hostname.arrownet.dk] has joined #tlponies
17:29:36 <Bio> surprisingly don't feel all that terrible
17:44:52 <Crisium> stayed up til 3 and then struggled to get up at 11
17:59:37 <Dot`> hey runbun
18:03:40 <Runbunny> Hai.
18:24:52 <Dot`> Dub, this guys grenades 1 shot me
18:31:03 -!- Luna [~Cane@CaneCraft.users.quakenet.org] has joined #tlponies
18:31:04 -!- mode/#tlponies [+o Luna] by Q
18:33:01 <Dot`> Hey cane
18:45:51 -!- Rarity [znc@Heartmender.users.quakenet.org] has joined #tlponies
18:48:59 -!- Twi [znc@Twi.users.quakenet.org] has joined #tlponies
18:51:17 <Dot`> https://mirroredsea.deviantart.com/art/Dash-723171879
18:58:44 <Crisium> pon
19:02:23 <Dot`> indeed
19:12:40 <Bio> confirmed horse
19:19:27 <Dot`> rawr https://imgur.com/gallery/gL8em
19:26:24 -!- DoT|Phone [~Dot@90.214.186.173] has joined #tlponies
19:45:30 <DoT|Phone> what's horses up to
19:49:47 -!- DuB` [~DuB@66-219-235-64.dynamic.ip.veracitynetworks.com] has joined #tlponies
19:49:49 <DuB`> no crash pls
19:50:27 <DoT|Phone> dub. don't leave us
19:59:36 <DuB`> Never! 
20:00:15 <DoT|Phone> ty
20:22:14 <DoT|Phone> dub
20:22:22 <DoT|Phone> https://imgur.com/gallery/Zw74kih
20:24:17 <DuB`> Saw!
20:32:12 -!- carcinisation [webchat@cpc76294-cosh16-2-0-cust297.6-1.cable.virginm.net] has joined #tlponies
20:32:35 <carcinisation> happy new year tlpons
20:32:55 <Crisium> Micen https://pbs.twimg.com/media/DSe2LrLWsAMxIFo.jpg:large
20:36:11 <Micen> sounds right
20:36:24 <Micen> Though im not a fan of wave 3 news. :P
20:37:04 <Micen> What is everyone up to?
20:41:04 <DuB`> 2pm breakfast!
20:41:18 <DuB`> Sometimes I forget to eat.
21:01:14 -!- DoT|Phone1 [~Dot@90.214.186.173] has joined #tlponies
21:05:49 <Micen> Dont feel bad dub, ive been up since like 8 am and haven't eaten yet
21:33:41 -!- Camail [~Camail@45.40.84.145] has joined #tlponies
21:33:41 -!- mode/#tlponies [+v Camail] by Q
21:35:12 <Dot`> hey cam
21:35:20 <Camail> hi dot
21:38:07 <Camail> so  my sleep schedule went the opposite way i wanted it to
21:38:31 <Dot`> guess you haev to just keep going
21:40:24 <Camail> yea
21:40:54 <Camail> but its super inconvenient now as real life gets revved up again
21:41:49 <carcinisation> dot is an expert on not going to sleep when he should
21:44:13 -!- Cane [~Cane@CaneCraft.users.quakenet.org] has joined #tlponies
21:44:13 -!- mode/#tlponies [+o Cane] by Q
21:50:32 <Camail> DuB`  we need to duo DZ
22:43:35 <Dot`> dub pls
22:43:37 <Dot`> so rude
22:55:14 <Camail> i just grouped with randos
22:55:17 <Camail> who were wuite bad
22:55:20 <Camail> quite*
22:55:35 <Camail> but they were extra bodies that scared away rogues, which is always good
23:13:05 -!- Rawr|Fone [~AndChat52@m83-185-90-3.cust.tele2.se] has joined #tlponies
23:13:13 -!- skram [~skram@109.203.11.251] has joined #tlponies
23:13:28 <Dot`> Skram!
23:13:33 <Dot`> wow
23:14:00 <skram> hey lads
23:16:32 <skram> what sort of shenanigans are you up to bjørn my boj
23:29:16 -!- Rawr|Phone [~AndChat52@84-217-62-32.customers.ownit.se] has joined #tlponies
23:34:39 <Dot`> not much skram
23:34:42 <Dot`> and you?
23:36:21 <skram> butts, mostly
