00:01:01 <Camail> swag is streaming from motar2k's mansion, weird
00:01:32 <Camail> all the money in the world cant make shitty outside acoustics better
00:04:23 <Crisium> ah good ol mirroredsea art
00:23:40 -!- Yolteotl [~androirc@wsip-24-250-83-244.oc.oc.cox.net] has joined #tlponies
00:23:54 <Yolteotl> Hello!
00:40:03 <Crisium> hihi
00:41:53 <CockRoach|42> yolo!
01:00:52 -!- Dot [~quassel@90.216.76.68] has joined #tlponies
02:14:32 -!- Rawr|Fone [~AndChat52@84-217-62-32.customers.ownit.se] has joined #tlponies
02:25:19 -!- Golly [~Golly@1.92-221-121.customer.lyse.net] has joined #tlponies
02:44:33 -!- Dot` [~quassel@90.216.76.68] has joined #tlponies
03:20:41 -!- Dot [~quassel@90.216.76.68] has joined #tlponies
03:44:33 -!- Dot` [~quassel@90.216.76.68] has joined #tlponies
05:29:22 -!- Dot [~quassel@90.216.76.68] has joined #tlponies
06:08:42 <Rawr|Fone> .tell Dot` <3
06:19:55 -!- Dot` [~quassel@90.216.76.68] has joined #tlponies
06:54:20 -!- Rawr|Phone [~AndChat52@m83-185-80-53.cust.tele2.se] has joined #tlponies
07:03:01 -!- Golly [~Golly@1.92-221-121.customer.lyse.net] has joined #tlponies
07:42:25 <Dot`> stupid intenret
07:42:49 <Dot`> Morngin akk <3
08:07:44 <Rawr|Phone> Dot` Dot` Dot`
08:11:14 <Dot`> Rawr Rawr Rawr
08:11:15 <Dot`> <3
08:15:44 -!- Rawr|Fone [~AndChat52@m77-218-245-234.cust.tele2.se] has joined #tlponies
08:21:53 <Dot`> i must go work later all <3
08:37:02 -!- DoT|Phone [~Dot@79.77.172.39] has joined #tlponies
08:38:35 <DoT|Phone> pon pon
09:20:25 -!- Rawr|Fone [~AndChat52@m77-218-245-234.cust.tele2.se] has joined #tlponies
10:05:00 -!- Runbunny [~Runbunny@91.100.28.10.generic-hostname.arrownet.dk] has joined #tlponies
10:07:03 -!- tredc [~tredc@c83-251-171-164.bredband.comhem.se] has joined #tlponies
10:51:45 -!- Golly [~Golly@1.92-221-121.customer.lyse.net] has joined #tlponies
10:57:53 -!- reification [~reificati@cpc76294-cosh16-2-0-cust297.6-1.cable.virginm.net] has joined #tlponies
10:57:53 -!- mode/#tlponies [+v reification] by Q
10:58:09 <reification> hello tlp
11:02:10 <CockRoach|42> hi reification 
11:02:14 <CockRoach|42> .when
11:02:27 <reification> hi cr|42
11:59:04 -!- carcinisation [webchat@cloak-31qdxqjw.6-1.cable.virginm.net] has joined #tlponies
14:04:00 -!- skram [~skram@82.147.53.97] has joined #tlponies
14:17:46 <BioSC> good
14:17:47 <BioSC> MORN
14:36:24 <Runbunny> Hey Bio.
14:36:53 -!- carcinisation [webchat@cloak-31qdxqjw.6-1.cable.virginm.net] has joined #tlponies
14:41:20 <BioSC> hej
15:53:16 -!- DuB` [~DuB@66-219-235-226.dynamic.ip.veracitynetworks.com] has joined #tlponies
16:06:46 <Rawr|Fone> DuB`
16:06:55 <DuB`> Rawr|Fone
16:07:08 <Rawr|Fone> Hi 
16:07:17 <Rawr|Fone> How nice of you to drop by
16:07:27 <DuB`> Every day
16:07:42 -!- Crisium [~Crisium@c-24-3-152-64.hsd1.pa.comcast.net] has joined #tlponies
16:09:00 -!- tredc [~tredc@c83-251-171-164.bredband.comhem.se] has joined #tlponies
16:11:33 -!- DoT|Phone [~Dot@90.216.76.68] has joined #tlponies
16:14:15 -!- DoT|Phone1 [~Dot@90.216.76.68] has joined #tlponies
16:15:30 -!- Dot [~quassel@90.216.76.68] has joined #tlponies
16:15:31 <Dot> horse horse
16:15:32 <Dot> i home
16:15:53 <BioSC> welcome to the home
16:16:01 <BioSC> are u rdy
16:16:04 <BioSC> for the dragons
16:16:11 <Dot> oh yea
16:16:24 -!- DoT|Phone [~Dot@90.216.76.68] has joined #tlponies
16:16:27 <Dot> stabby stabby
16:18:46 <BioSC> tj isn't responding to me on the discords. I'll welcome him back if he wants, but i'm about done tryin to hunt him down i think
16:19:16 <Dot> yea, orginisation is the real DM killer, its very draining
16:20:24 <BioSC> morale is fine for me, i got lots of lovely horses to play with
16:27:40 <Dot> well ive messaged him saying the silence is uncalled for and he just has to say if he cant find time with his new schedule
16:58:26 <Dot> i hope this bio is all preped for dnd
17:03:48 <DuB`> I'm sure he has prepared his https://cdn.shopify.com/s/files/1/0815/7955/products/d20_shopify_new_use_4b972762-4bec-4d72-bb47-c2b136cf51fa_1024x1024.png?v=1536271267
17:04:03 -!- tredc [~tredc@c83-251-171-164.bredband.comhem.se] has joined #tlponies
17:12:02 <Rawr|Fone> Dot Dot Dot
17:12:11 <Dot> Rawr Rawr Rawr
17:12:12 <Dot> <3
17:12:15 <Rawr|Fone> <3
17:17:23 -!- Rawr|Phone [~AndChat52@84-217-62-32.customers.ownit.se] has joined #tlponies
17:21:32 <Dot> is skram off having his preDnD nap?
17:22:27 -!- tredc [~tredc@c83-251-171-164.bredband.comhem.se] has joined #tlponies
18:01:20 <Runbunny> Dot,  I think Skram is having his prenap nap.
18:01:30 <Dot> ah
18:08:34 <BioSC> love me some pre nap
18:19:41 -!- Micen [~Micen@h60.243.40.162.dynamic.ip.windstream.net] has joined #tlponies
18:38:46 -!- skram [~skram@82.147.53.97] has joined #tlponies
18:38:52 <Dot> skram!
18:38:55 <Dot> how was your nap?
18:40:45 <skram> i havent had my nap yet
18:47:05 -!- Phearlock [~Phearlock@cm-84.209.250.127.getinternet.no] has joined #tlponies
18:47:05 -!- mode/#tlponies [+v Phearlock] by Q
18:47:41 <Dot> Pear pon!
18:51:54 <Phearlock> hi hi
18:52:42 <Micen> hi ponies
18:53:28 <Phearlock> I wonder what happened last time on biodnd.
18:53:37 <BioSC> probably nothing
18:53:39 <Phearlock> My notes aren't that useful this time.
18:54:08 <Phearlock> We rescued some guy. The Dwarf is now scared of mushrooms.
18:54:36 <Micen> we burned mushrooms, moved quite a bit on our journey
19:01:35 <Dot> skram is late
19:01:38 <Dot> as normal
19:01:48 -!- tredc [~tredc@c83-251-171-164.bredband.comhem.se] has joined #tlponies
19:02:34 * BioSC pokes skram
19:37:48 -!- Rawr|Fone [~AndChat52@84-217-62-32.customers.ownit.se] has joined #tlponies
19:53:07 -!- Camail [~Camail@45.40.84.145] has joined #tlponies
19:53:07 -!- mode/#tlponies [+v Camail] by Q
20:15:19 -!- Dot` [~quassel@90.216.76.68] has joined #tlponies
20:15:34 -!- ShotgunPrincess [Westy543@c-73-93-93-161.hsd1.ca.comcast.net] has joined #tlponies
20:15:37 -!- DvB` [~DuB@66-219-235-226.dynamic.ip.veracitynetworks.com] has joined #tlponies
20:15:41 -!- mode/#tlponies [+v ShotgunPrincess] by Q
20:16:19 -!- Crisium|2 [~Crisium@c-24-3-152-64.hsd1.pa.comcast.net] has joined #tlponies
20:27:26 <Dot`> Crisium https://www.deviantart.com/mirroredsea/art/fluttershy-763085690
20:27:47 <Phearlock> Cuuuuute
20:56:53 <Cane> https://www.twitch.tv/quake
20:57:36 <Cane> rapha and Jehar casting duels.
21:20:57 <Cane> lol rapha is shitting on the players so hard.
21:22:38 <BioSC> ?biostream
21:22:42 <Dot`> no
21:22:46 <BioSC> come watch the party get eaten by spooders
21:31:37 <Phearlock> It's fiiiiine
21:45:42 <skram> DvB`: https://imgur.com/gallery/xU4Ox4c
22:05:18 <DvB`> :D
22:06:38 <skram> he screm so loud
22:07:02 <Dot`> thats all birds do
22:07:04 <Dot`> make noise
22:07:07 <DvB`> He is SING
22:07:52 <skram> a friend had budgies
22:07:59 <skram> they were screamybois
22:08:13 -!- tredc [~tredc@c83-251-171-164.bredband.comhem.se] has joined #tlponies
22:10:47 <CockRoach|42> skram: pls calm down
22:10:53 <CockRoach|42> you're very rowdy
22:11:00 <skram> AAAH
22:11:17 <DvB`> WAAAGH
22:25:37 <Dot`> .tell crisium https://derpicdn.net/img/view/2018/9/7/1826935.gif
22:25:40 <Dot`> phear, bio
22:32:56 <Phearlock> <3
23:06:09 <BioSC> whut a.... CUTE
23:08:05 <Dot`> its amazing
23:09:40 <Phearlock> Absolutely cute
23:17:05 -!- Yolteotl [webchat@cloak-my25pnpw.oc.oc.cox.net] has joined #tlponies
23:17:23 <Yolteotl> Hi!
23:18:01 <Dot`> oh boy its that french lad
23:18:07 <Dot`> who is now american
23:18:23 <Yolteotl> <3<3<3
23:18:26 <Yolteotl> DT
23:18:27 <Yolteotl> DT
23:18:30 <Yolteotl> DOT
23:18:34 <Dot`> <3 <3 <3
23:18:48 <Phearlock> hey
23:18:50 <Dot`> hows the burger eating going?
23:18:55 <Yolteotl> I was super busy lately
23:19:32 <Yolteotl> burgers are good
23:19:59 <Dot`> OH YOLT
23:20:00 <Yolteotl> I'm trying to not die with my car :')
23:20:04 <Dot`> i got an engineering job!
23:20:09 <Yolteotl> WOOO
23:20:09 <Dot`> i start in october
23:20:13 <Phearlock> well good job not dying so far =D
23:20:29 <Dot`> pls dont die yolt
23:20:31 <Yolteotl> soon you will move to California smart pon
23:22:11 <Dot`> but they already have thier alloted smart pon
23:22:18 <Yolteotl> https://imgur.com/a/b4Xm8Lu
23:22:25 <Yolteotl> they always need more
23:22:54 <Yolteotl> 485HP :DDD
23:23:02 <Yolteotl> vroom vroom
23:23:05 <Dot`> death trap
23:23:23 <Dot`> :P
23:23:43 <Dot`> i dont know much about cars, but that looks like a nice one
23:24:10 <Dot`> yolt, you need to see this pon https://derpicdn.net/img/view/2018/9/7/1826935.gif
23:24:17 <Dot`> its the cutest
23:24:39 <Yolteotl> cute two
23:24:41 <Yolteotl> twi
23:31:12 <BioSC> mm
23:31:14 <BioSC> porkchop
23:36:07 <Dot`> hows all doing?
23:36:26 <BioSC> i am eat dinner
23:40:54 <DvB`> I started a borderlands2 run with some friends but then they all left for camping, family stuff, etc for the weekend D:
23:41:22 <DvB`> I shouldn't game with people who do things besides game :P
23:42:02 <BioSC> https://i.imgur.com/PD0JhZW.jpg
23:43:08 <Dot`> rude ppl dub
23:51:23 <BioSC> ?biostream
23:51:27 <BioSC> ALTTPR
23:51:32 <BioSC> you are allowed to watch, if you want
23:52:43 <Dot`> no
23:53:38 <BioSC> o
23:53:39 <BioSC> ok
23:56:15 <DvB`> Dot is not allowed
23:56:57 <Dot`> too late
23:56:59 <Dot`> im already there
