00:05:58 <Dot> only asthetic tuesdays then
00:46:40 <carcinization> they must get a lot of horse funerals to list it twice :/
00:46:47 <carcinization> night all
01:22:38 -!- Dot` [~quassel@2.124.199.240] has joined #tlponies
01:37:39 <skrm> aaaaaaah
01:37:44 <skrm> the clock is BACKWARDS
01:41:59 -!- Dot [~quassel@2.124.199.240] has joined #tlponies
01:42:08 <skrm> Dot: 
01:46:02 <skrm> :((((((((
02:14:09 -!- Dot` [~quassel@2.124.199.240] has joined #tlponies
02:43:14 -!- Rawr|Fone [~AndChat52@84-217-62-32.customers.ownit.se] has joined #tlponies
03:07:39 -!- Dot [~quassel@2.124.199.240] has joined #tlponies
03:16:46 -!- Dot` [~quassel@2.124.199.240] has joined #tlponies
03:19:09 -!- Dot`_ [~quassel@2.124.199.240] has joined #tlponies
04:31:51 -!- Dot [~quassel@2.124.199.240] has joined #tlponies
05:56:40 -!- Dot` [~quassel@2.124.199.240] has joined #tlponies
06:24:03 -!- DuB` [~DuB@66-219-235-226.dynamic.ip.veracitynetworks.com] has joined #tlponies
06:24:56 <Rawr|Fone> 🐴🐴🐴
06:33:12 <DuB`> <3 <3 <3
06:36:56 -!- Rawr|Phone [~AndChat52@m83-185-84-202.cust.tele2.se] has joined #tlponies
07:11:42 -!- Golly [Golly@cm-84.212.249.112.getinternet.no] has joined #tlponies
07:18:07 -!- skram [~skram@82.147.53.97] has joined #tlponies
07:39:10 -!- Dot [~quassel@2.124.199.240] has joined #tlponies
07:39:15 <Dot> Morning horses
07:42:18 <Dot> skram
07:42:28 <Dot> why does my irc freak out
07:42:30 <skram> aah
07:42:35 <skram> so early Dot
07:42:36 <skram> good morning
07:42:56 <skram> the fire escaped this morning just when i was about to leave
07:43:14 <skram> had to put on my fireman hat and everything
07:44:29 <Dot> D:
07:44:33 <Dot> please be safe skram
07:45:22 <skram> welpl im home now so its someone elses problem
07:48:33 <Dot> what you up to now skram
07:49:43 <skram> dinner then bed probably
07:49:44 <skram> am tired
08:06:33 <Cane> skram, can https://www.youtube.com/watch?v=uAHCFA-UVhg come out already?
08:09:44 <skram> all good things take time, Cane
08:09:52 <Cane> BUT I WAUNT IT NAAO
08:09:55 <skram> its a whole 3 weeks or so but its gonna be worth the wait, promise
08:10:01 <Cane> ugh
08:10:33 <Cane> I just need it in my life.
08:10:40 <skram> same
08:46:13 -!- skram [~skram@82.147.53.97] has joined #tlponies
09:22:01 <Dot> Rawr Rawr Rawr
09:48:37 <Rawr|Phone> Dot Dot Dot
09:48:55 <Dot> <3
09:49:01 <Rawr|Phone> <3
09:49:07 <Dot> how are you today
09:49:17 <Rawr|Phone> Gooood, at a tournament
09:49:24 <Dot> you winning?
09:52:02 <Rawr|Phone> I got second place in the group, so I'm through
09:57:01 <Dot> gj <3
10:47:11 -!- tredc [~tredc@c83-251-162-37.bredband.comhem.se] has joined #tlponies
11:16:47 -!- Runbunny [~Runbunny@91.100.28.10.generic-hostname.arrownet.dk] has joined #tlponies
11:28:31 <Dot> Runbun!
11:40:07 <Runbunny> Dot, https://i.imgur.com/Jm8cYb9.png
11:46:38 <Dot> its a cat
11:50:02 <Runbunny> Yes!
12:03:31 <Runbunny> Dot, https://i.imgur.com/tK1ugE9.mp4
12:03:35 <Runbunny> Murder pillows.
12:10:39 <Dot> i wonder how many ppl have been murdered by hedgehogs
12:17:45 <Runbunny> That depends on what you consider "murdered"
12:18:29 <Runbunny> I am fairly certain that people have died from trying to miss them when driving on the freeway and stuff
12:18:49 <Dot> very sneaky
12:30:52 <Runbunny> but like an actual fight versus a human, I don't think that has happened.
12:34:02 -!- reification [~reificati@cpc76294-cosh16-2-0-cust297.6-1.cable.virginm.net] has joined #tlponies
12:49:52 <Dot> reef!
12:50:12 <reification> dawt!
12:57:46 <Runbunny> Hai reification.
12:58:29 <reification> hey runbun
14:03:06 <Dot> hows all today
14:19:04 <Rawr|Phone> Dot Dot Dot
14:19:30 <Dot> Rawr Rawr Rawr
14:19:33 <Dot> still winning?
14:23:39 <Rawr|Phone> <3
14:23:44 <Rawr|Phone> Third place today
14:23:47 <Dot> <3
14:23:50 <Dot> gj
14:23:52 <Dot> more tomorow?
14:24:37 <Rawr|Phone> Nope
14:24:45 <Rawr|Phone> Next is in two weeks
14:25:21 <Dot> lots of practice time
14:36:23 <Rawr|Phone> Yes!
14:53:46 <Dot> hmm, time to pack up
15:10:03 -!- carcinization [~reificati@cpc76294-cosh16-2-0-cust297.6-1.cable.virginm.net] has joined #tlponies
15:42:58 -!- Bio [~BioPon@97.70.181.149] has joined #tlponies
16:12:37 -!- DoT|Phone [~Dot@85.255.234.140] has joined #tlponies
16:12:53 <DoT|Phone> hors
16:14:07 <DoT|Phone> cr
16:14:16 <DoT|Phone> did you see the doggos
16:24:21 -!- DoT|Phone1 [~Dot@85.255.236.131] has joined #tlponies
16:31:21 -!- DoT|Phone [~Dot@85.255.236.131] has joined #tlponies
16:35:27 -!- DoT|Phone1 [~Dot@85.255.236.131] has joined #tlponies
16:38:00 -!- DoT|Phone [~Dot@85.255.236.131] has joined #tlponies
16:42:28 -!- DoT|Phone1 [~Dot@85.255.234.140] has joined #tlponies
16:44:40 -!- DoT|Phone2 [~Dot@85.255.234.140] has joined #tlponies
16:52:02 -!- DoT|Phone [~Dot@85.255.236.131] has joined #tlponies
16:55:01 -!- tredc [~tredc@c83-251-162-37.bredband.comhem.se] has joined #tlponies
16:57:36 -!- DoT|Phone1 [~Dot@85.255.236.131] has joined #tlponies
17:35:00 -!- Dot [~quassel@85.255.236.230] has joined #tlponies
17:35:11 <Dot> hmmm
17:35:17 <Dot> hopefully more stable now
18:08:49 -!- DuB` [~DuB@66-219-235-226.dynamic.ip.veracitynetworks.com] has joined #tlponies
18:08:54 -!- skrm [webchat@pioj.eid3.887x.ip] has joined #tlponies
18:08:58 <DuB`> WEW
18:09:11 <skrm> lad
18:09:14 <DuB`> Finally home
18:13:53 <skrm> i thought you liked the big city
18:14:35 <DuB`> I also like not getting sick because constant travel and no sleep :P
18:14:39 <DuB`> And playing games...
18:15:11 <skrm> no sleep is the best, DuB` 
18:15:17 <skrm> so much time for procrastination
18:26:43 -!- Rawr|Fone [~AndChat52@84-217-62-32.customers.ownit.se] has joined #tlponies
18:26:49 <Rawr|Fone> 🐴🐴🐴
18:38:32 <skrm> There's a GDQ on
18:38:50 <skrm> Why didnt you tell me earlier, Dot ?
18:51:38 <Dot> i thought you didnt care
18:51:58 <carcinization> skram is a very caring person
18:54:35 <Dot> It really seems too son for another GDQ
18:54:37 <Dot> soon
18:55:03 <DuB`> "GDQ Express "
19:03:38 <carcinization> well this is a very strange poker tourney i'm in, just gotta beat 222 more players for my $17k trip to the bahamas
19:04:57 <Dot> woohoo
19:04:59 <Dot> gj reif
19:05:20 <Dot> so close
19:10:21 <DuB`> O_O
19:11:37 <DuB`> If you win we should celebratory OW stack! :P
19:11:43 <carcinization> it's a turbo too, down to 157 now
19:11:45 <DuB`> (Or if you lose, conciliatory stack!)
19:14:33 <skrm> I believe in you, reif
19:22:40 <carcinization> ty skram <3
19:23:07 <carcinization> we sub 100 now (but sadly stack is now below average too)
19:34:10 <carcinization> rip @ 66th
19:34:32 <DuB`> D:
19:39:40 <Dot> ?ohno
19:56:57 <skrm> boss called and told me to order pizza and put it on the company tab
19:56:58 <skrm> WOOO
19:57:07 <carcinization> \o/
19:57:12 <DuB`> :D
19:58:02 <carcinization> .r ohno http://webcomicname.com/
19:59:47 <carcinization> ?pizza
20:04:30 <DuB`> skrm go home
20:04:32 <DuB`> I wanna plej
20:11:12 <skrm> soon DuB` 
20:11:15 <skrm> only 10 more hours
20:11:22 <DuB`> D: D: D: 
20:16:19 <carcinization> dub https://www.youtube.com/watch?v=rbGv759-FTk
20:17:06 <DuB`> Ye
20:17:09 <DuB`> Hype for feb
20:21:50 -!- Rawr|Fone [~AndChat52@84-217-62-32.customers.ownit.se] has joined #tlponies
20:22:39 -!- Zoonds [webchat@cloak-wmbqgxv5.14-2.cable.virginm.net] has joined #tlponies
20:22:45 <Zoonds> muh horses
20:22:47 <carcinization> hey zoonds
20:23:36 <skrm> good ta see ya zounds
20:23:40 <Dot> Zounds
20:24:29 <Zoonds> I am barely alive!
20:24:36 <Zoonds> tough couple days werk
20:24:37 <skrm> D:
20:24:42 <carcinization> better then barely not alive
20:24:43 <skrm> what happen
20:25:13 <Zoonds> rowdy football fans and noise
20:25:30 <Zoonds> and asinine security layout that I had to talk to people about
20:25:53 <carcinization> ppl are usually the problem
20:26:30 <Zoonds> yeh
20:26:53 <Zoonds> We don't normally do that stadium but we were there as subcontractors with the usual security team
20:27:46 <Zoonds> We did grab some kids who tried to casually walk into the place with pyrotechnics sticking out of their jacket
20:27:49 <Zoonds> I mean wtf did they expect
20:30:00 <Zoonds> Some did go off during the match though so maybe it worked at some gates >.>
20:32:39 <DuB`> I would love to oberwaj sometime, haven't in a week!
20:32:43 <DuB`> After warframe dailies :P
20:32:59 <DuB`> No cris yet...
20:33:33 <Zoonds> No oberwaj for me right now, maybe in a few hours
20:36:22 <carcinization> lul chro trying to remove the tuturu follower notification left on from his stream pc at twitchcon
20:36:31 <carcinization> clearly not a man of culture
20:36:51 <carcinization> *left on from prev streamer
20:41:38 -!- Crisium [~Crisium@c-73-174-151-51.hsd1.pa.comcast.net] has joined #tlponies
20:41:46 <carcinization> here he is dub
20:41:55 <Dot> Crisium hest
20:42:00 <Crisium> hej
20:59:01 <skrm> a real crisium
20:59:05 <skrm> w o n d e r f u l
20:59:08 <Crisium> yeet
21:01:01 <skrm> whats up with the YOUTH SLANG
21:29:24 <DuB`> I am NA OW arcade
21:30:06 <DuB`> 17 killstreak fullhold as widow in mystery heroes >:D
21:31:00 <Crisium> my glob
21:31:41 <Zoonds> lel mystery heroes
22:27:16 <Bio> asd
22:27:19 <Bio> FFFFFFFFFFF
23:10:14 <DuB`> Woops
23:10:17 <DuB`> Forgot to watch F1
23:10:21 <DuB`> And Max won!
