00:01:43 <Dot`> how was work skram
00:09:20 <skram> shitty
00:09:32 <skram> i didnt sleep at all last night so i crashed pretty hard when i came home
00:14:50 <Dot`> :(
00:14:53 <Dot`> better now?
00:15:50 <skram> good enough mr Dot`
00:15:53 <skram> what you been up to
00:19:46 <Dot`> i had work, then played some Division
00:19:56 <Dot`> then read book
00:21:58 <Camail> dot have you done any DZ stuff
00:25:31 <Camail> oddly enough, its more fun to be nice in the DZ because you can so easily be shitty during someone's moment of weakness
00:26:10 <Camail> i was about to head to dz1 extravtion point , then saw someone set off the dz2 extraction point and i was way closer to that so i thought i'd see if there was room for me
00:26:36 <Camail> by the time i get there i see 4-5 mobs and a corpse with a purple on it
00:27:04 <Camail> clear the mobs, wait for the guy, but don't take his shit. I let him have it, then the helicopter came and i put my stuff on...and he never put his stuff on
00:27:23 <Dot`> lol
00:27:24 <Camail> he called the drop, died, got his stuff back, then forgot to extract it, so i waited with him for the next extract
00:27:32 <Dot`> i havnt done any dz stuff
00:27:58 <Dot`> got to lvl 21 now, so i tihnk i have caught up to you in base lvls
00:28:10 <Dot`> or close at least
00:28:23 <Camail> I'm 24
00:28:34 <Camail> just chilling doing DZ until everyone catches up
00:28:56 <Camail> got tot he point where my custom m44 is doing 50k+ per headshot
00:30:07 <Camail> DZ is a fun social experiment 
00:31:07 <Camail> assault rifles are way better in dz than normal pve cuz every enemy has most of its hp in armor
00:38:34 <Dot`> tomorow i can DZ a bit cam
00:41:04 <Camail> cool, we can probably wrangle dub in too
00:41:18 <Dot`> rawr https://imgur.com/gallery/fLHvG
01:12:51 -!- Micen|Droid_ [~Micen@99-203-5-183.pools.spcsdns.net] has joined #tlponies
01:17:49 <carcinisation> http://www.bbc.co.uk/news/world-asia-42533927
01:17:54 <carcinisation> night all
01:22:51 <Dot`> gnight reif
02:38:55 <Bio> neigh
02:57:25 <Dot`> bio
02:58:13 <Bio> gud evening dot
02:59:45 <Dot`> hedge
03:02:53 <Bio> what do dot
03:08:18 <Bio> https://www.youtube.com/watch?v=6A-FSaWCcto
03:08:22 <Dot`> readin
03:20:38 <Camail> i think divison servers exploded
03:20:42 <Camail> because there is a queue to log on
03:22:55 -!- Micen|Droid [~Micen@h117.143.40.162.dynamic.ip.windstream.net] has joined #tlponies
03:38:11 <Dot`> i guess i should get up in like 5 hours for work
03:38:15 <Dot`> gnight all
03:54:55 <Camail> cya
04:12:28 -!- Rawr|Fone [~AndChat52@84-217-62-32.customers.ownit.se] has joined #tlponies
04:22:25 <Camail> I didn't even get a particularly full sense of satisfaction betraying a guy in DZ
04:27:42 <Bio> gotta have those personal ties
04:40:25 <Camail> i helped him clear the site, waited a bit, realized he was only lvl 20 and also alone
04:40:57 <Camail> killed him then ran a decent distance away and he caught up to be literally 2-3 seconds after my rogue status was up
04:41:15 <Camail> so we kinda just stood next to each other, but he was hopelessly shooting through my model
04:42:12 <Camail> followed me around, eventually did a extraction juke and ran to a harder area that he couldn't handle...and in the end i just sold his stuff for like...4k
04:58:28 <Bio> poor guy
05:02:16 <Camail> yea it was kinda sad, there were a few purples, and he put his extraction marker behind a tent so he looked like this really scared, really dumb puppy
05:02:59 <Camail> i didnt even attack him first, i was so obviously on his side i was able to get 60% through the hijack before he attacked me, and unloaded an entire clip but still didnt kill me
05:03:50 <Camail> the whole thing could be backed by a single violin and a 6 year street urchin crying in an alley-way
05:04:15 <Bio> all around me are familiar faces... worn out places...
05:06:16 <Camail> well the good thing is that i taught him not to be so trusting
05:06:33 <Camail> unless you are grouped with someone, always aim your gun at them
05:49:30 -!- Golly [~Golly@1.92-221-121.customer.lyse.net] has joined #tlponies
06:18:01 <DuB`> Cam u r the worstest
06:18:38 <Camail> there isn't a whole lot for me to do
06:18:47 <Camail> you get bored and start playing with people's lives
06:18:53 <Camail> oh also dub me and dot are gonna DZ tomorrow
06:18:56 <Camail> you better be there
06:18:59 <Camail> we should man hunt
06:19:05 <Camail> and see how that goes
06:20:03 <DuB`> Oke
06:20:10 <DuB`> I think I'm at 21 or 22, haven't really played today
06:20:52 <Camail> dot is 21
07:31:20 -!- Dot`_ [~quassel@90.214.186.173] has joined #tlponies
07:55:12 -!- Rawr|Fone [~AndChat52@84-217-62-32.customers.ownit.se] has joined #tlponies
08:31:30 -!- Camail [~Camail@45.40.84.145] has joined #tlponies
08:31:30 -!- mode/#tlponies [+v Camail] by Q
09:47:26 <CockRoach|42> https://bra1neater.deviantart.com/art/Chrysalis-723215351
09:52:30 <Dot`_> mornign all
09:54:18 <Golly> gmorn
09:55:19 <CockRoach|42> morning
10:22:54 <Dot`_> http://dstears.tumblr.com/post/169212277381/s7e17-trixie-puts-her-skills-to-the-test-lets
10:33:45 <Dot`_> rawr rawr rawr
11:17:21 <Dot`> no rawr
11:48:39 -!- reification [~reificati@cpc76294-cosh16-2-0-cust297.6-1.cable.virginm.net] has joined #tlponies
11:48:39 -!- mode/#tlponies [+v reification] by Q
11:49:33 <Dot`> hey reif
11:49:36 <Dot`> by all, work time
11:49:57 <reification> hi bye dotties
14:46:50 -!- tredc [~AdiIRC@c83-251-161-94.bredband.comhem.se] has joined #tlponies
15:06:47 -!- skram [~skram@109.203.11.251] has joined #tlponies
15:07:07 <reification> .tell dub` smart birbs https://twitter.com/TheEconomist/status/947789165332254720
15:10:10 <skram> greetings frens
15:31:27 -!- Phearlock [~Phearlock@cm-84.215.115.144.getinternet.no] has joined #tlponies
15:31:28 -!- mode/#tlponies [+v Phearlock] by Q
15:31:35 <Phearlock> Evening =)
15:31:40 <Phearlock> afternoon, morning
15:31:41 <Phearlock> etc
15:34:55 <Bio> GOOD DAY
15:35:38 <Bio> I SAY GOOD DAY SIR
15:36:01 -!- tredc [~AdiIRC@c83-251-161-94.bredband.comhem.se] has joined #tlponies
15:36:15 <skram> +
15:36:17 <skram> BIO
15:36:28 <skram> u cheeky b o y
15:37:32 <Bio> cheeki breeki
15:37:39 <Bio> time to eat breakfast
15:37:41 <Bio> nom
15:37:47 <BioAFK> bbl
15:38:05 -!- Runbunny [~Runbunny@91.100.28.10.generic-hostname.arrownet.dk] has joined #tlponies
15:38:16 <skram> .tell bio https://youtu.be/zwA7BbVuE10?t=284
15:38:24 <Runbunny> Hai.
15:38:29 <skram> HEY ANDERS
15:38:54 <Runbunny> Jonas.
15:39:11 <Runbunny> Did you greet the new year proper?
15:39:50 <skram> I ate a turkey and then i fucked around on the internets and then i went to work
15:39:51 <skram> so yeah
15:43:12 <Runbunny> Neat.
15:43:25 <skram> what did you do anders
15:43:26 <skram> shots?
15:43:30 <Runbunny> Yeah
15:43:35 <Runbunny> and mojitos.
15:43:49 <skram> and coke in a dirty bathroom
15:44:06 <Runbunny> Nah none of that
15:44:28 <skram> i thought you were kool
16:12:44 <reification> https://pbs.twimg.com/media/DSeXgvSWAAoRRYx.jpg
16:12:52 -!- tredc [~AdiIRC@c83-251-161-94.bredband.comhem.se] has joined #tlponies
16:17:07 <reification> La ĉevalo havas belan voston.
16:21:57 -!- BioPhone [~androirc@24-240-199-14.static.stls.mo.charter.com] has joined #tlponies
16:27:10 -!- carcinisation [webchat@cpc76294-cosh16-2-0-cust297.6-1.cable.virginm.net] has joined #tlponies
16:27:26 <BioPhone> Pony
16:27:52 <Dot`> i am home
16:27:55 <Dot`> hello ponies
16:28:01 <carcinisation> bio, dotties
16:28:43 <BioPhone> Hello dottles
16:29:49 <Runbunny> Jonas.
16:29:53 <Runbunny> Drugs aren't cool.
16:30:27 <Runbunny> Euthanasia though...
16:31:50 <Dot`> wow runbun, just telling skram to go kill himself
16:31:51 <Dot`> rude
16:32:53 <Runbunny> O:
16:33:20 <Runbunny> He told me to do drugs in a dirty bathroom.
16:33:23 <Runbunny> please Dot.
16:34:49 <Dot`> well he is norwegion
16:40:09 <skram> Please
16:40:18 <skram> We only do drugs in clean bathrooms
16:45:11 <Golly> but are the drugs dirty
16:46:41 <skram> oh yeah
16:47:10 <skram> some crusty african on karl johan
16:53:37 <Dot`> Jonas
16:53:40 <Dot`> hows your face?
16:55:58 -!- Micen [~micen@h117.143.40.162.dynamic.ip.windstream.net] has joined #tlponies
16:57:05 <Dot`> hey micen
16:57:34 <Dot`> skram, you missed this when someone linked it https://i.imgur.com/npoqlYD.jpg
17:08:06 -!- micen_ [~micen@h117.143.40.162.dynamic.ip.windstream.net] has joined #tlponies
17:08:13 -!- tredc [~AdiIRC@c83-251-161-94.bredband.comhem.se] has joined #tlponies
17:08:15 <micen_> hello
17:11:08 -!- carcinisation [webchat@cpc76294-cosh16-2-0-cust297.6-1.cable.virginm.net] has joined #tlponies
17:16:59 -!- BioPon [~androirc@mobile-166-175-63-210.mycingular.net] has joined #tlponies
17:44:09 -!- DuB_phone [~AndChat71@66-87-127-64.pools.spcsdns.net] has joined #tlponies
17:44:25 <DuB_phone> Net is down :(
17:45:08 <Dot`> fix it
17:45:33 <DuB_phone> Talked to 3 reps at ISP already and none have any clue lol
17:46:01 <DuB_phone> Currently waiting on "engineer guys"
17:46:23 <Dot`> blarg
17:46:40 <Dot`> this will not do
17:47:40 <DuB_phone> If engineering can't fix it I'm gonna blame you, dot!
17:48:01 <DuB_phone> You and bio
17:48:10 -!- tredc [~AdiIRC@c83-251-161-94.bredband.comhem.se] has joined #tlponies
17:48:55 <Dot`> im a failed engineer, so you can blame bio
17:49:15 <DuB_phone> Pah
17:52:04 <DuB_phone> I don't even have a book to read T_T
17:52:45 <Dot`> D:
17:56:40 <Bio> pls
18:16:15 -!- DuB|phone [~AndChat71@66-87-127-64.pools.spcsdns.net] has joined #tlponies
18:18:34 <Dot`> Runbun, the poor HappyHob last night, completed DS2 and 3, then beat  Smough and ornstien
18:18:57 -!- tredc [~AdiIRC@c83-251-161-94.bredband.comhem.se] has joined #tlponies
18:19:00 <Dot`> then fell off an edge in crystal cave area rolling past a crystal golem
18:51:40 -!- DoT|Phone [~Dot@90.214.186.173] has joined #tlponies
19:13:28 <DoT|Phone> Skram
19:20:58 <Rawr|Fone> 🐴🐴🐴
19:21:17 <DoT|Phone> Rawr!
19:22:21 <Rawr|Fone> Dot!
19:22:26 <Rawr|Fone> <3
19:35:52 <DoT|Phone> <3
19:41:29 <skram> Dot`!
19:41:40 <Dot`> where you been?
19:41:49 <skram> n a p
19:42:11 <Dot`> was it good?
19:43:05 <skram> good enough i think
19:43:10 <skram> hows your day been
19:43:16 <Dot`> good
19:43:24 <Dot`> no work tomorow
19:44:03 <skram> woo
19:46:22 <Dot`> i still need your work schedule at some point skram
19:46:39 <Dot`> for dnd dates
19:46:40 <skram> right
19:47:00 <skram> i do have it here but it needs a bit of work for it to make sense to you i think
19:47:00 <Dot`> no real rush, TJ is only back form canada on the 8th
19:50:56 -!- Zounds [webchat@cpc108453-cowc8-2-0-cust8.14-2.cable.virginm.net] has joined #tlponies
19:51:00 <Dot`> Zoonds!
19:51:04 <Zounds> hello
19:51:07 -!- tredc [~AdiIRC@c83-251-161-94.bredband.comhem.se] has joined #tlponies
19:53:41 <Bio> skrm
19:53:45 <Bio> russians are silly
19:54:46 <skram> perfect for u my boi
19:55:37 <Bio> I thank you for this dank russian meme
19:59:18 <Dot`> skram, you are enabling Bio
19:59:39 <skram> someone has to
20:20:02 <Dot`> Rawr!
20:20:04 <Dot`> https://imgur.com/gallery/xRolY
20:20:07 <Dot`> skram, get me one
20:20:44 <skram> never ever ever will i get a fuckin elghund
20:22:04 <Dot`> did one scare you once?
20:23:34 <skram> look, they're ttrained to run after mooseses and then they're kept in a pen or on a leash for 11 months of the year when its not hunting season
20:23:57 <skram> they fucking hate everyone and sometimes they get loose and run after lil boys on bikes >_>
20:24:30 <Dot`> maybe those kind of people shoulsnt be allowed any animals
20:24:39 <skram> probably
20:25:19 <Dot`> thast like saying pitbulls are violant
20:26:09 <skram> nobody gets a elkhound for a pet
20:27:24 <Dot`> apparently they do skram
20:27:42 <skram> city slickers no doubt
20:28:40 <Dot`> i dont know skram, from what im reading they are apparently great family pets
20:29:13 -!- tredc [~AdiIRC@c83-251-161-94.bredband.comhem.se] has joined #tlponies
20:31:22 <skram> thats what everyone says about any dog ever Dot`
20:31:28 <skram> and then they eat your fuckin face
20:31:43 <Phearlock> My parents have a dog who's half elkhound half unknown
20:31:52 <Dot`> not chiwawas skram!
20:31:54 <Phearlock> She's quite smol but very nice
20:32:02 <Dot`> most small dogs are seen as bad family pets
20:32:12 <Dot`> rat chasers
20:32:48 <Dot`> things like sheep dogs are working dogs
20:33:36 <skram> what about corgis Dot`
20:33:44 <skram> they are smol and also working dogs
20:34:01 <Dot`> and people are wary of them around kids
20:34:09 <Dot`> corgis are rat chasers
20:34:20 <Dot`> where*
20:34:20 <skram> what does that even mean
20:34:28 <Dot`> they where bread to chase rats
20:34:48 <skram> corgis are sheep herders though??
20:36:08 <Dot`> ah, i just lumped them together, turns out corgis nipped the heels of cattle to get them to move
20:36:24 <Dot`> similer temprement
20:36:32 -!- tredc [~AdiIRC@c83-251-161-94.bredband.comhem.se] has joined #tlponies
20:37:23 <skram> rude
20:37:35 <Dot`> genral rule skram, corgi and smaller have a visious streak
20:38:39 <Dot`> aka anything you could kick over a wall
20:39:14 <Rawr|Fone> Wow rude
20:41:05 <Dot`> the fact is things like terriers, poodles, scoty dogs and even sausage dogs cant be trusted
20:41:14 <Dot`> thier too stupid to trust
20:42:17 <skram> thats very hateful
20:42:32 -!- tredc [~AdiIRC@c83-251-161-94.bredband.comhem.se] has joined #tlponies
20:43:30 <CockRoach|42> https://imgur.com/gallery/SUQFl3F
20:44:06 <Dot`> maybe skram, but i grew up always with dogs in the house, i trust dogs far more than people
20:44:07 -!- Camail [~Camail@45.40.84.145] has joined #tlponies
20:44:07 -!- mode/#tlponies [+v Camail] by Q
20:44:16 <Dot`> but not the little rat catchers
20:44:19 <Dot`> hey cam
20:44:23 <Camail> hihi
20:55:50 <CockRoach|42> https://imgur.com/gallery/A7sdI
21:07:29 <skram> https://i.imgur.com/bZ7gHkV.jpg
21:13:53 <Rawr|Fone> Dot https://gfycat.com/AntiqueDependentDotterel
21:34:58 <Dot`> :)
21:56:58 <Dot`> skram https://imgur.com/gallery/a6sSQ
22:14:44 <skram> these are excellent quality
22:14:46 <skram> well done dot
22:15:44 <skram> if i ever get a dog its probably gonna be a wrinkly boi Dot`
22:29:59 <Dot`> they are cute
22:50:37 <Bio> dothorse
22:54:04 <Dot`> biohest
22:54:16 -!- tredc [~AdiIRC@c83-251-161-94.bredband.comhem.se] has joined #tlponies
23:04:04 <Camail> dot is it too late to divide? I had stuff to do =/
23:13:48 <Dot`> i can play a bit cam, sure
23:13:53 <Dot`> dubs internet is rip
23:13:59 <Camail> what a loser
23:27:31 -!- Crisium [~Crisium@c-73-174-51-128.hsd1.pa.comcast.net] has joined #tlponies
23:40:31 -!- DuB` [~DuB@66-219-235-64.dynamic.ip.veracitynetworks.com] has joined #tlponies
23:40:32 <DuB`> ...
23:40:41 <DuB`> Seven phone calls and eight hours later, INTERNET
23:40:55 <skram> welcome to the 1st world DuB`
23:41:16 <DuB`> R I P today
23:41:20 <DuB`> Already 5pm!
23:41:25 <Crisium> wow utah worst state
23:41:38 <Crisium> didnt invent internet until this afternoon
23:42:30 <Dot`> DUB
23:42:31 <Dot`> pls
23:42:55 <DuB`> T_T
23:42:56 <DuB`> DOT
23:42:57 <DuB`> pls
23:47:17 <Dot`> dub, join division
23:51:30 <Camail> dub pls
23:57:29 <Crisium> https://conbudou.deviantart.com/art/Fluttershy-in-the-snow-723172529
