00:02:35 <Dot`> the abandonment
00:02:52 -!- tredc [~AdiIRC@c83-251-163-99.bredband.comhem.se] has joined #tlponies
00:10:30 <Camail> Just Shapes and Beats looks like such a fun game
00:10:46 <Camail> i hope it does well enough for them to make more content
00:11:12 <Camail> it gives off the feel of a kirby boss fight, to me
00:11:28 <Camail> but you get I FRAMES
00:28:27 <Camail> after watching qc i think galena is only really good on a few maps, her traps are too easy to kill
00:28:56 <Camail> doom guy seems really fun, visor seems fun but only if you're good
00:29:25 <Camail> if you're not playing the item game then where they are really doesnt matter
01:14:10 -!- DuB` [~DuB@c-73-170-224-203.hsd1.ca.comcast.net] has joined #tlponies
01:23:27 <Cane> I never underestimate wall hacks any more. They're too good.
01:23:31 <Cane> Item game or not.
01:23:38 <Bio> NEIGH
01:23:41 <Bio> caps
01:24:56 <Cane> Rapha is SO GOOD.
01:24:59 <Cane> Hi Bio.
01:25:05 <Bio> henlo
01:25:08 <Bio> i think
01:25:09 <Cane> Camail, can I have rapha skills pls?
01:25:18 <Bio> imma try to get back to streaming a bit
01:25:29 <Bio> tomorrow afternoon.
01:25:38 <Bio> need to try and get my life on some sort of schedule
01:25:57 <Camail> he's pretty good, cane
01:26:08 <Camail> like, a little bit better than me
01:26:13 <Camail> at LEAST a little bit
01:26:31 <Camail> keeping track of timers is exhausting
01:26:49 <Camail> but honestly it's kinda the linchpin in making quake a good game
01:26:53 <DuB`> Is there quake going? :o
01:27:01 <Camail> https://www.twitch.tv/rapha
01:27:03 <Cane> I started practicing it hard in UT2K4, it can be pretty miserable.
01:27:15 <Camail> just scrims, but you get to hear comms
01:27:17 <Cane> Never got good at it.
01:27:22 <DuB`> Ah ye
01:27:34 -!- Micen|Droid [~Micen@h42.72.23.98.dynamic.ip.windstream.net] has joined #tlponies
01:28:07 <DuB`> rapha streams make me happy
01:28:09 <Camail> i think i figured out how to do it, but i would then need to drill it into my brain while also trying to think about the...entire game and stuff
01:28:22 <Camail> a lot of it is just repeating the times in your head
01:28:43 <Cane> That's what I had to do. Repeat times in my head. Unfortunately my enemy awareness suffered.
01:28:53 <Cane> Never got to a point where it clicked.
01:29:01 <Camail> and you can kinda FEEL 30 seconds to offload that memorization
01:29:14 <Camail> like, feeling 20 seconds so you can check the clock
01:29:29 <Camail> i get it because you have to multitask like that in fighting games
01:30:16 <Camail> so i know what it feels like to put rely on your lizard brain to do certain things, but it's just soooooo much in quake
01:30:17 <DuB`> 50-17
01:30:30 <Camail> they were playing closer games earlier with other ppl
01:30:38 <Camail> was like 50-45
01:30:48 <Camail> dooi and garpy, or something like that
01:32:19 <Camail> Nioh is a hard videogame
01:32:32 <Camail> once you get to ng+++ it's rough
01:32:36 <Camail> especially the dlc
02:11:07 <DuB`> I've had like a 1.5sec sound desync on twitch all week
02:11:21 <DuB`> Annoying :T
03:19:14 <Camail> have you cleared your cache
04:41:34 <Camail> DuB`  that was a big problem when twitch first switched to html5, and again when chrom implemented the stopping of video when a window goes inactive
04:41:59 <Camail> if i was you i'd look at those two thins, dunno what to do about html5, but maybe there are settings you can mess with in chrome
06:00:51 -!- Westy543 [~Westy543@c-73-93-93-161.hsd1.ca.comcast.net] has joined #tlponies
06:00:56 -!- mode/#tlponies [+v Westy543] by Q
07:17:05 <Dot`> Morning all
07:22:14 -!- Phearlock [~Phearlock@cm-84.209.250.127.getinternet.no] has joined #tlponies
07:22:14 -!- mode/#tlponies [+v Phearlock] by Q
07:44:28 -!- CellRoach [~AndChat14@c-73-4-213-1.hsd1.ma.comcast.net] has joined #tlponies
07:45:01 <Dot`> cr!
07:45:05 <Dot`> why you fone
07:45:34 <CellRoach> Because I can't be bothered to connect to home 
07:45:45 <Dot`> perfect sense
07:46:07 <CellRoach> I'm out and about
07:47:12 <Dot`> causing trouble?
07:47:28 <CellRoach> Always 
07:48:01 <CellRoach> I'm not as rowdy as skrammen, but quite close 
07:48:52 <Dot`> well skram is norwegion
07:48:57 <Dot`> it comes naturally to him
07:49:10 <CellRoach> True
07:50:28 <CellRoach> Time to hop off
07:50:42 <Dot`> later cr, enjoy the things you doing
07:50:53 <CellRoach> off ill do my best
07:51:12 <CellRoach> .roll d20 to enjoy the thing 
07:51:17 <Dot`> \o/
07:51:22 <CellRoach> P4
07:51:28 <CellRoach> Pretty enjoyable 
07:51:40 <CellRoach> .roll d20 crit confirm
09:02:18 <Dot`> Rawr Rawr Rawr
09:06:10 -!- Dot [~quassel@94.3.131.220] has joined #tlponies
09:43:58 <Dot> work time
11:35:15 -!- reification [~reificati@cpc76294-cosh16-2-0-cust297.6-1.cable.virginm.net] has joined #tlponies
11:35:16 -!- mode/#tlponies [+v reification] by Q
11:37:53 <reification> hello tlp
11:37:58 <reification> https://twitter.com/JacobxMcClain/status/1014651016116035584
12:47:31 <Cane> https://www.youtube.com/watch?v=bTnzwvx4AO0
13:18:32 <reification> aha cane i watched the whole thing yesterday :D
13:18:40 <Cane> Is good. =)
14:11:25 <Bio> morn
14:11:27 <Bio> en
14:15:23 <Bio> i think
14:15:29 <Bio> its rando time
14:17:01 <Bio> ?biostream
14:17:05 <Bio> 10 ish mins
14:48:42 <Cane> Too exhausted.
15:27:07 -!- Dot` [~quassel@94.3.131.220] has joined #tlponies
15:35:50 -!- ZK [webchat@cloak-411vb15g.adsl.xs4all.nl] has joined #tlponies
15:45:20 <Dot`> i am home
15:45:33 <Cane> Dot` <3
15:45:41 <Dot`> Cane <3
15:57:13 <Dot`> Rawr Rawr Rawr
16:01:30 <Dot`> here rawr, a cute doggo https://imgur.com/gallery/qVW7RYs
16:12:41 <Dot`> rawr. cane https://imgur.com/gallery/AYbsfta
16:14:27 <Cane> https://i.redd.it/g9j707ad1f0z.jpg
16:15:09 <Dot`> boof
16:29:40 <Bio> PB'd again, 1:52
16:29:46 <Bio> gonna do another run in a couple mins
16:29:53 <Bio> i think i was dropping frames cane
16:29:57 <Bio> looks like its ok now
16:30:34 <Cane> I've got some packetloss to Twitch Stockholm, so that doesn't help.
16:30:52 <Cane> I might drop by later, programming atm.
16:31:54 <Bio> kk
16:32:12 <Bio> gonna start in a few mins
16:34:11 <Bio> going now
17:45:29 -!- skram [~skram@82.147.53.41] has joined #tlponies
17:47:43 <skram> l a d s
17:53:08 <Dot`> skrammen <3
17:53:24 <Cane> Sigh.
17:53:32 <Cane> Rael has PCS.
17:53:40 <Cane> No TV or games and not allowed to do much for a week.
17:55:21 <skram> Is he gonna be alright though
17:55:31 <skram> Unless he gets bored to death...?
17:56:09 <Cane> He'll be bored to death definitely. Apart from that he should have no lingering symptoms past a week or two, a few months at the worst.
17:56:17 <Cane> It's a rare case where they persist and require long term treatment.
17:56:25 <Dot`> Pet Cremation Services
17:56:42 <skram> dot no
17:56:43 <skram> :p
17:57:11 <Dot`> well i hope he gets better :/ no pc sucks
18:02:55 <Dot`> we vermintide later skram?
18:03:18 <skram> why dont we vermintide right now!
18:09:15 <Dot`> ok, i have about 30 minute still supper
18:09:26 <Dot`> but will probably eat at pc anyway
18:44:40 -!- Camail [~Camail@45.40.84.145] has joined #tlponies
18:44:40 -!- mode/#tlponies [+v Camail] by Q
18:51:16 <Bio> gonna do one more run bois
19:34:44 <Camail> skram Dot`  a game? play? pls
19:35:09 <Camail> aggretsuko is a getting more episodes wooo
19:35:25 <Camail> i hope netflix picked up the sub and not just the dub
19:35:36 <Camail> i like her metal voice in jp so much
19:38:05 <skram> gotta go to work in 20 minutes kam
19:42:07 <Camail> plsssss
19:46:51 -!- Runbunny [~Runbunny@91.100.28.10.generic-hostname.arrownet.dk] has joined #tlponies
19:49:41 <Runbunny> Hai
19:50:11 <Runbunny> .tell Camail AUGUST 8!
19:50:18 <Camail> no u
19:50:59 <Runbunny> Dude, what if it is region locked?
19:52:12 <Camail> what ar eyou talking about
19:52:50 <Camail> ah, monhun
19:52:59 <Camail> its on pc, region locking is a waste of time
19:53:18 -!- Phearlock [~Phearlock@cm-84.209.250.127.getinternet.no] has joined #tlponies
19:53:18 -!- mode/#tlponies [+v Phearlock] by Q
19:53:36 <Camail> if it ends up being region locked we can make my vps a vpn
19:54:14 <Runbunny> Oh.
19:56:40 <Camail> but again, seriously doubt region locking is a thing, especially because its not a thing on consoles anymore
19:56:46 <Camail> even nintendo stopped doing that
19:56:50 <Camail> and they are retarded
19:56:58 <Runbunny> lel
19:56:59 <Dot`> im back
19:57:00 <Runbunny> I guess.
19:57:10 <Runbunny> I could just see it end up happening.
19:57:12 <Dot`> people do seem to like aggretsuko cam
19:57:12 <Runbunny> Hai Dot.
19:57:14 <Camail> run
19:57:15 <Dot`> hey runbun
19:57:20 <Camail> this is your anxiety leaking
19:57:37 <Dot`> Runbun please calm down
19:57:39 <Camail> you know it's not gonna happen, there's no reason for it to happen, believe the truth
19:57:58 <Runbunny> I can't wait to shoot you straight in the back.
19:58:05 <Camail> i will roll away
20:11:04 <Dot`> Phearlock https://tjpones.tumblr.com/image/175701505972
20:15:52 <Camail> Dot`  Runbunny  quake?
20:16:21 <Runbunny> Not right not for me sorry :/
20:16:39 <Camail> k
20:16:48 <Dot`> i tohught quake was painful for you cam
20:17:12 <Camail> it is, but everything is painful for me, so that's not really a deterrent
20:17:19 <Dot`> :/
20:46:16 <Dot`> .tell dub` https://imgur.com/gallery/u9vQtpY
21:12:35 -!- skrm [webchat@unv2.iieq.zttm.ip] has joined #tlponies
21:12:58 <Dot`> skrm!
21:13:28 <skrm> dot!
21:25:29 <skrm> How's your aunt, bjørn
21:28:57 -!- Crisium [~Crisium@c-24-3-158-64.hsd1.pa.comcast.net] has joined #tlponies
21:30:27 <Bio> ggs
21:30:40 <Bio> had a good time for the first one
21:30:52 <Bio> and we'll call it routing practice for the second 2
21:31:19 <Bio> time 2 guy
21:31:22 <Bio> gym even
21:32:24 <skrm> which guy though
21:32:44 <Camail> jim, duh
21:40:57 <Dot`> good skram
21:41:00 <Dot`> Hey Crisium
21:41:04 <Crisium> hi
22:10:19 <reification> night all
22:12:01 <Dot`> gnight reif
23:02:02 <Bio> I beck
23:02:04 <Bio> henlo
23:03:53 <Dot`> wb
23:05:57 <skrm> did you guy bio
23:06:31 <Bio> i sure did the thing
23:07:40 <Bio> i got 4 more followers today on my strim skrma
23:08:46 <Bio> now tho i shower off the workout
23:08:51 <Bio> brb
23:20:25 <Dot`> skrm
23:43:26 <skrm> yeah buddy?
23:43:33 <Dot`> im old now
23:43:42 <Dot`> do i get my walking stick?
23:44:10 <Bio> yes
23:44:13 <Bio> a nice fancy one
23:44:17 <Bio> polished to a shine
23:44:28 <Bio> with a big knot on the top for thwacking peasants
23:44:56 <Dot`> perfect
23:46:36 <skrm> oh shit
23:46:42 <skrm> i set my alarm to go off at 08:00
23:46:48 <skrm> happy birthday old bean
23:47:01 <Crisium> who is bean
23:47:03 <Crisium> and how old is he
23:47:10 <Dot`> get off my lawn
23:47:28 <Crisium> its dot` birthday??
23:47:53 <skrm> dot is the bean and he is 47
23:47:59 <Crisium> happy dot day
23:48:19 <Dot`> wow, i am ancient
23:50:26 <skrm> you didnt tell me what you wanted for your bithday so im gonna get you something awful
23:51:22 <Dot`> only fair
23:51:32 <Dot`> and i am sure i said i wanted you to visit
