00:03:34 -!- Crisium [~Crisium@173.239.197.234] has joined #tlponies
00:06:27 -!- Crisium|2 [~Crisium@73.174.151.51] has joined #tlponies
00:48:48 <Camail> menat converting off throw is so dirty
01:25:01 -!- Rawr|Fone [~AndChat52@84-217-62-32.customers.ownit.se] has joined #tlponies
01:36:08 <Dot> i swam a lot
01:36:25 <Phearlock> sounds nice
01:43:29 <Dot> .tell runbunny https://imgur.com/gallery/pqswnyF
01:48:20 <carcinization> night all
01:50:16 <Dot> gnight reif
01:50:25 <Dot> im trying to get up and go to bed but its cold
01:58:51 <Bio> rip
02:02:02 <Dot> Bio https://imgur.com/gallery/zDJnKK5
02:02:25 <Bio> this title is 100% true
02:02:41 <Bio> and is the best part of the season
02:21:28 <Camail> this gf is stressssssful
02:42:57 -!- Rawr|Fone [~AndChat52@84-217-62-32.customers.ownit.se] has joined #tlponies
03:00:32 <Camail> menat won, woo
03:21:14 <skram> cam pls
03:21:28 <Camail> yes
05:42:57 -!- Rawr|Fone [~AndChat52@84-217-62-32.customers.ownit.se] has joined #tlponies
05:52:51 <DuB`> Played a bunch of Smash at friend's place
05:53:02 <DuB`> Olimar/GameWatch/Jigglypuff dominance PROVED
06:39:59 -!- Rawr|Fone [~AndChat52@84-217-62-32.customers.ownit.se] has joined #tlponies
07:40:55 -!- Rawr|Fone [~AndChat52@84-217-62-32.customers.ownit.se] has joined #tlponies
08:23:20 -!- Dot [~quassel@50.115.159.143.dyn.plus.net] has joined #tlponies
08:23:51 <Dot> Mornign horses
08:25:26 <Dot> Bio
08:32:23 -!- skram [~skram@82.147.53.231] has joined #tlponies
08:32:29 <Dot> Skram!
08:32:57 <skram> Dot!
08:35:06 <skram> im doing an outside
08:35:09 <skram> cya bb
08:35:37 <Dot> its cold outside
09:09:24 -!- Golly [Golly@cm-84.212.249.112.getinternet.no] has joined #tlponies
09:14:23 -!- Runbunny [~Runbunny@91.100.28.10.generic-hostname.arrownet.dk] has joined #tlponies
09:19:20 <Dot> Runbun!
09:21:18 <Runbunny> Hai Dot.
09:52:22 -!- reification [~reificati@cpc76294-cosh16-2-0-cust297.6-1.cable.virginm.net] has joined #tlponies
09:52:23 -!- mode/#tlponies [+v reification] by Q
09:56:46 <Dot> hey reif
09:58:19 <reification> hi dotties
10:12:38 <Dot> im off for a bit, later pons
11:18:31 <Dot> i back
11:18:32 <Dot> reif
11:18:37 <Dot> its REALLY cold outside
11:23:11 <Rawr|Fone> Dot
11:41:07 <Dot> Rawr
11:41:36 <Rawr|Fone> 💖💖💖
11:41:42 <Dot> <3 <3 <3
11:41:46 <Dot> hows your weekend so far rawr?
11:42:25 <Rawr|Fone> Goooood played the new smash with some friends last night
11:42:35 <Rawr|Fone> Going to play this evening too
11:42:59 <Rawr|Fone> How is your weekend dot
11:43:25 <Dot> nice! you winning? what you play with?
11:43:28 <Dot> mines good rawr
11:43:31 <Dot> got DnD toight
11:44:44 <Rawr|Fone> Pichu and pokemon trainer are my favorites so far, but we mostly play random
11:48:43 <reification> dot the trick is to stay indoors
11:50:52 <Dot> back out again i guess
11:50:54 <Dot> back soon
11:51:26 <reification> that is specifically what i said not to do dot D:
11:56:42 <Rawr|Fone> 🤨
12:17:11 -!- tredc [~tredc@c83-254-129-166.bredband.comhem.se] has joined #tlponies
12:44:36 <skram> my frens
12:46:30 -!- Dot` [~quassel@50.115.159.143.dyn.plus.net] has joined #tlponies
12:47:32 <Rawr|Fone> Jonas
12:48:13 <skram> Henrik old friend
12:48:30 <Rawr|Fone> How are you today my dear
12:48:43 <skram> quite well i would say
12:49:00 <skram> got christmas gifts for my fam
12:49:04 <skram> how about you, henrik
12:49:40 <Rawr|Fone> I am doing great
12:49:50 <Rawr|Fone> Especially now that you are here
12:50:10 <skram> You old flirt
12:51:00 <reification> rawr is old?!
12:51:47 <skram> we've been here a long time reif
12:52:29 <Rawr|Fone> I am whatever age you want me to be reef reef
13:04:05 <Runbunny> O:
13:05:55 <skram> anders
13:10:46 <Dot`> im back#
13:10:50 <Dot`> its even colder
13:11:05 <skram> its pretty great
13:11:20 <Dot`> should snow soon
13:12:28 <skram> i sent you a thing dot it should arrive by christmas maybe
13:12:30 <skram> forgot a card tho
13:13:11 <Dot`> i need a crd, i will send it back so you can add one
13:13:18 <Runbunny> Jonas did you sent him an IED?
13:13:47 <skram> Of course not
13:13:52 <Runbunny> or a decapitated horse head?
13:14:00 <skram> we'll see
13:14:24 <Runbunny> a box of snø I guess then.
13:14:53 <Dot`> well the horse head may start to go off if now surrounded in snow
13:15:12 <skram> the snø preserves it
13:19:01 <Runbunny> How thoughtful.
13:42:49 <skram> Dot` what are you doing
13:42:57 <Dot`> being cold
13:43:04 <Dot`> making soup
13:43:12 <skram> what sort of soup
13:43:18 <Dot`> tin
13:43:18 <skram> also why soup
13:43:21 <Dot`> becuase im lazy
13:43:46 <Dot`> soup is great, and i went to a farm shop and got a spicy rye bread
13:44:17 <Runbunny> I am also being cold Dot.
13:44:56 <skram> dont you sad boys have clothes??
13:46:47 <Dot`> https://www.deviantart.com/bakud/art/Winter-Dash-776000931
14:10:21 -!- Dot [~quassel@50.115.159.143.dyn.plus.net] has joined #tlponies
14:12:54 <Runbunny> Am wearing clothes.
14:13:08 <Runbunny> But this is crazy, I'm shaking :&
14:13:56 <Dot> get a hot water bottle and sleeping bag
14:14:13 <Runbunny> I even turned on my radiator.
14:19:11 <Dot> skram https://imgur.com/gallery/5EEQiGw
15:14:37 <skram> Dot my water pipes done did a freeze
15:15:32 <Dot> see!!! too cold
15:17:22 <skram> shitty house more like
16:13:22 <Bio> neigh
16:20:15 <Runbunny> Hai Bio.
16:23:18 <Bio> senior bun
16:23:28 <Bio> how does your face feel today
16:23:43 <skram> kawaii as fuck i bet
16:33:27 <Dot> Bio
16:33:34 <Bio> dats me
17:00:09 -!- Crisium [~Crisium@173.239.197.238] has joined #tlponies
17:04:48 -!- Crisium|2 [~Crisium@c-73-174-151-51.hsd1.pa.comcast.net] has joined #tlponies
17:54:47 <Dot> Horse
18:06:02 <Rawr|Fone> Hors
18:18:20 -!- Rawr|Phone [~AndChat52@m83-185-87-25.cust.tele2.se] has joined #tlponies
18:18:37 <Dot> rawr, hows it going?
18:18:40 <Dot> any snow?
18:24:15 <Runbunny> He snowed out.
18:24:33 <Rawr|Phone> Light rain now dot
18:27:54 -!- Zounds [webchat@cloak-wmbqgxv5.14-2.cable.virginm.net] has joined #tlponies
18:28:04 <Zounds> pon
18:28:57 <Rawr|Phone> Pon
18:29:06 <Dot> Zounds <3
18:29:32 <Zounds> o/
18:55:55 -!- carcinization [~reificati@cpc76294-cosh16-2-0-cust297.6-1.cable.virginm.net] has joined #tlponies
18:55:55 -!- mode/#tlponies [+v carcinization] by Q
19:00:23 <Dot> .tell skram https://i.imgur.com/5qds6Z9.gif
19:01:57 -!- skram [~skram@82.147.53.231] has joined #tlponies
19:02:05 <Dot> good timing skram
19:06:03 <skram> asdf
19:06:22 <skram> fuktige megmegs, dot
19:13:05 <Dot> i only know hest and hedge
19:16:30 <skram> we dndeez in an hour?
19:20:09 -!- DuB` [~DuB@66-219-235-226.dynamic.ip.veracitynetworks.com] has joined #tlponies
19:20:13 <DuB`> Yaho
19:23:06 <Dot> Dub
19:23:14 <Dot> skram, its in 45 minutes
19:23:15 <DuB`> Dot
19:23:24 <skram> ok
19:23:25 <skram> back to nap
19:33:37 <Dot> gl
19:47:53 -!- Crisium|2 [~Crisium@104.194.218.56] has joined #tlponies
19:49:09 <Bio> neigh
19:49:32 -!- Phearlock [webchat@cloak-li6hn6bb.208.146.128.getinternet.no] has joined #tlponies
19:49:37 <Phearlock> evening =)
19:58:59 -!- reification [~reificati@cpc76294-cosh16-2-0-cust297.6-1.cable.virginm.net] has joined #tlponies
20:00:04 <Dot> skram pls
20:25:56 -!- Crisium [~Crisium@c-73-174-151-51.hsd1.pa.comcast.net] has joined #tlponies
20:33:57 <Dot> DuB`
20:36:42 <skram> .tell dub` https://i.imgur.com/TBbKrbs.jpg
20:37:27 -!- DuB` [~DuB@66-219-235-226.dynamic.ip.veracitynetworks.com] has joined #tlponies
20:41:04 -!- reification [~reificati@cpc76294-cosh16-2-0-cust297.6-1.cable.virginm.net] has left #tlponies
20:56:34 -!- Zounds [webchat@cloak-07ouvien.14-2.cable.virginm.net] has joined #tlponies
21:00:43 <reification> hello zounds
21:01:47 <Runbunny> skram, Dot https://i.imgur.com/yvbTmT7.mp4
21:02:00 <Dot> very odd dogs, but cute
21:03:50 <Runbunny> Look at this magic trick then https://i.imgur.com/pazeJ79.mp4
21:06:05 <Dot> we should do this to all cats
21:06:39 <skram> thats murder, dot
21:06:49 <skram> ya fuckin' menace
21:07:30 <Zounds> I saw the worlds dumbest thing today guys
21:08:05 <Zounds> Y'know the common symbol for men and womens toilets, the little man and woman icons
21:08:24 <skram> aye?
21:08:39 <Zounds> some genius thought it would be cute to have the featureless male symbol have a kilt
21:09:05 <skram> haha
21:09:13 <Crisium> big brain
21:09:33 <skram> should glue some tiddies on the woman symbol then i guess
21:09:39 <Runbunny> skram, Phearlock https://i.imgur.com/5qds6Z9.gif
21:10:12 <Zounds> I thought I had seen the worst when a stadium sponsored by the engineering company MAN had that name on their restroom doors
21:12:48 <Phearlock> Eyyy helg
21:14:10 <Runbunny> Eyyyyyyyyy
22:16:54 <Dot> Runbun, you got warm yet?
22:21:04 <reification> no response, maybe he froze to death
22:28:40 <Dot> RIP
22:29:14 <Rawr|Phone> :(
22:36:21 <Dot> rawr, you win at smash?
22:39:21 <Runbunny> It's warmer. 
22:39:31 <Runbunny> My hands are a bit cold though.
22:39:43 <skram> put them in your butt
22:40:07 <Runbunny> Hmm.
22:40:15 <Runbunny> Not this time.
23:56:17 <skram> the recommended algorithm thing onm the youtubes is kinda meh
23:56:49 <skram> i watched a single tic tac on it now my entire feed is filled with FUNNY TIK TOK MEME COMPILATION #329
