21:31:44 -!- sweetiebot [~skybot@209.141.41.184] has joined #tlponies
21:32:01 <CockRoach|42> <3
21:32:14 <Dot> .tell skram https://www.youtube.com/watch?v=FeFGfulFWPY
21:35:56 <Dot> .roll d20 for sleep
21:37:14 -!- skrm [webchat@185.7.220.32] has joined #tlponies
21:37:16 <Zounds> is that a fitful sleep?
21:37:26 <Dot> skrm
21:37:30 <Dot> why more work
21:37:36 -!- Cane [~Cane@CaneCraft.users.quakenet.org] has joined #tlponies
21:37:36 -!- mode/#tlponies [+o Cane] by Q
21:37:38 <Dot> everynight zounds
21:37:40 <Dot> Hey cane
21:38:01 <CockRoach|42> .roll d20 for sleep
21:38:03 <CockRoach|42> welp
21:38:40 <skrm> Fuck if I know Dot 
21:40:20 <Dot> here skrm https://www.youtube.com/watch?v=FeFGfulFWPY
21:40:33 <Dot> i .telled it to you but now your skrm and not skram
21:42:55 <Bio> the struggle
21:44:01 <skrm> E G G B A B E
21:44:16 <skrm> DID YOU finish TAZ yet though
21:44:23 <skrm> its been like 6 months
21:44:50 <Dot> i may have to restart it at some point
21:46:34 <skrm> yes
21:47:15 <skrm> Suffering game is kinda rough but everything after is fantastic
21:48:25 <Dot> i finished suffering game but it took a while and i got burned out
21:48:33 <skrm> and the fact that you've not listened to it kinda kills me a bit Dot
21:48:59 <Dot> :(
21:51:55 <Dot> you got a pic for new dnd character yet skram?
21:52:01 <Dot> i need to make that token
21:52:10 <Bio> yeah skrm
21:52:23 <Dot> bio bugs me ALL day for it
21:52:31 <Bio> literally
21:53:24 <skrm> soon
21:53:50 <Bio> just make him Bruenor Battlehammer or whatever the fuck that guy was in the Drizzt books
21:53:58 <Bio> Kappa
21:56:19 <skrm> eh NEI?
21:57:14 <Bio> letters
21:57:25 <Dot> hedge
22:02:03 <Dot> https://i.imgur.com/PvI2bXj.png
22:03:06 <Bio> DEUS VULT
22:03:11 <Bio> i have to cook dinner boys
22:03:17 <Bio> so i'l prolly stream in like 2h
22:03:36 <Dot> i will sleep by then D:
22:03:45 <Bio> such is life
22:03:52 <Bio> check out my vods
22:03:55 <Dot> suffering
22:03:59 <Bio> with my brand new QUALITY SETTINGS
22:04:06 <Bio> cause i'm an affiliate
22:04:21 <Dot> your a fillet
22:04:40 <Bio> You cannot Cheer in your own channel
22:04:43 <Bio> RIP
22:04:48 <Dot> haha
22:05:17 <Bio> I need a new logo
22:05:27 <Bio> the HoN logo is a biiiiit dated
22:07:17 <Dot> needs more poni
22:10:32 <Runbunny> needs more Dot as a cat.
22:13:19 -!- skrm [webchat@185.7.220.32] has joined #tlponies
22:20:53 <Dot> i can only cat so much
22:25:04 <Zounds> night ponz
22:31:09 <Bio> poen horse
22:32:09 <DuB`> TFW someone ships you a box of brownies???
22:32:13 <DuB`> AM CONFUSE
22:32:30 <Dot> they may be poisoned
22:32:39 <DuB`> D:
22:32:39 <DuB`> OH
22:32:45 <DuB`> There's a card in the bottom of the ox
22:32:46 <DuB`> box
22:33:06 <DuB`> "Good luck on your finals!" from the firm I'm moving to SF for
22:33:13 <DuB`> lol
22:33:16 <Dot> haha
22:33:24 <DuB`> Nice
22:33:35 <DuB`> I'll take some mystery brownies :P
22:33:59 <Bio> TFW no one sends you mystery brownies FeelsBadMan
22:34:26 <skrm> SPACE BROWNIES
22:36:07 <Bio> https://www.littledebbie.com/images/content/brownies_cosmic-2wc9v5.png
23:55:50 <reification> night all
