00:02:59 <DuB`> Birbs are fancy https://www.atlasobscura.com/articles/why-birds-glow-blacklight?
00:13:35 <DuB`> WELP
00:13:45 <DuB`> Going back to nyc on thurs-friday LOL
00:15:39 <Crisium> thats fast
00:18:31 <DuB`> This one's for the company that I actually like
00:24:09 <Camail> DuB`  skram maybe wanna do some bounties
00:26:37 <DuB`> shore
00:26:46 <DuB`> I finally got a wizard speed build up
00:26:59 <DuB`> Doesn't touch my 2.1m sheet dps multishot DH tho ;D
00:28:55 <Camail> skraaaaam
00:29:10 <DuB`> Really I just need to use my 50 keys and level gems
00:30:50 <Camail> we can do that as well
00:32:43 <skram> nah bra im going to bed soonj
00:32:52 <Camail> ur a bed
00:33:14 <skram> only for you ;) ;) ;)
00:35:18 <Camail> i need to level stricken
00:35:27 <Camail> so we can do GRs
01:40:35 <Camail> my crus isn't good for running coop grifts passed 80
04:15:20 -!- Camail [~Camail@45.40.84.145] has joined #tlponies
04:15:20 -!- mode/#tlponies [+v Camail] by Q
06:44:19 -!- Rawr|Fone [~AndChat52@m83-185-95-166.cust.tele2.se] has joined #tlponies
07:01:06 <DoT|Phone> morning all
07:07:55 <Rawr|Fone> DoT DoT DoT
07:07:59 <DoT|Phone> Rawr Rawr Rawr
07:08:04 <DuB`> G'morn dot!
07:08:04 <DoT|Phone> 💖💖💖
07:08:09 <Rawr|Fone> 💖💖💖
07:08:21 <DoT|Phone> Dub Dub
07:08:26 <DoT|Phone> you accept that job?
07:32:54 -!- Rawr|Phone [~AndChat52@c-afb8e655.020-164-6d6c6d4.bbcust.telenor.se] has joined #tlponies
08:00:41 <DuB`> Probly will do, DoT|Phone
08:00:52 -!- Rawr|Fone [~AndChat52@c-afb8e655.020-164-6d6c6d4.bbcust.telenor.se] has joined #tlponies
08:03:20 <DoT|Phone> when would that be for?
08:07:28 <DuB`> Summer
08:10:30 -!- Rawr|Phone [~AndChat52@m83-185-95-166.cust.tele2.se] has joined #tlponies
08:21:49 -!- sweetiebot [~skybot@209.141.41.184] has joined #tlponies
08:26:42 <DuB`> zz
08:32:37 <DoT|Phone> summer is a very American time scale
09:27:52 -!- Golly [Golly@cm-84.212.249.112.getinternet.no] has joined #tlponies
09:30:44 -!- Rawr|Fone [~AndChat52@84-217-62-32.customers.ownit.se] has joined #tlponies
09:46:37 <Rawr|Fone> 🐴🐴🐴
09:46:49 <DoT|Phone> Rawr Rawr
09:46:59 <Rawr|Fone> DoT DoT
09:47:02 <Rawr|Fone> 💖💖
09:47:08 <DoT|Phone> 💖💖
09:47:15 <DoT|Phone> how's your day
09:52:03 <Rawr|Fone> Great so far!
09:52:09 <Rawr|Fone> How are you today dot
09:53:25 <DoT|Phone> very good Rawr
09:53:43 <DoT|Phone> how's your job hunt?
09:53:54 <Rawr|Fone> Not so great
09:54:21 <DoT|Phone> :(
09:55:54 <Rawr|Fone> I'm not really sure if I want to do this as a jon anymore
09:56:40 <Rawr|Fone> I think programming is fun, but I am trying to decide if I want to do it as a full time job
09:57:16 <DoT|Phone> hmm. it's a tricky decision
09:57:32 <DoT|Phone> you have any other thoughts for a job?
09:58:50 <Rawr|Fone> No, I don't really know what else I could do
10:02:55 <DoT|Phone> hmm
10:08:37 -!- reification [~reificati@cpc76294-cosh16-2-0-cust297.6-1.cable.virginm.net] has joined #tlponies
10:09:05 <DoT|Phone> reef
10:16:33 -!- tredc [~tredc@c83-251-162-37.bredband.comhem.se] has joined #tlponies
11:07:34 <reification> dawt
11:10:07 <reification> https://twitter.com/SwiftOnSecurity/status/1057156582449053696
11:10:55 -!- Runbunny [~Runbunny@91.100.28.10.generic-hostname.arrownet.dk] has joined #tlponies
11:11:01 <reification> hello runbun
11:15:41 -!- carcinization [~reificati@cpc76294-cosh16-2-0-cust297.6-1.cable.virginm.net] has joined #tlponies
11:21:46 <carcinization> fixed https://pbs.twimg.com/media/Dqth_EqU0AE3aqO.jpg
11:21:52 <DoT|Phone> hey Runbun
11:38:54 -!- skram [~skram@82.147.53.97] has joined #tlponies
11:39:53 <skram> DoT|Phone
11:40:48 <DoT|Phone> Skram
11:40:59 <skram> hi!!
11:41:46 <skram> hows work!
11:55:59 <DoT|Phone> good. it's lunch time now
11:58:21 <skram> whats for lunch
12:12:40 <DoT|Phone> sandwiches
12:24:31 <DoT|Phone> how's the snow Skram
12:24:42 <skram> its wonderful
12:28:38 <DoT|Phone> lucky horse
12:32:02 <DoT|Phone> what you up to today Skram
12:32:38 <skram> its my day off
12:32:41 <skram> im just sittin here
12:39:31 <DoT|Phone> Sounds nice.
12:40:28 <DoT|Phone> the more I learn of Waterdeep: Dragon Heist. the more I like it
12:40:49 <DoT|Phone> but I've yet to find an actual download of it
12:41:08 <Runbunny> oh hello.
12:42:31 <skram> just go to the book store DoT|Phone
12:42:35 <skram> Runbunny.
12:42:36 <skram> God dag.
12:42:57 <DoT|Phone> Skram. DnD books are £30+
12:43:20 <skram> i know
12:43:24 <skram> still though
12:43:42 <Runbunny> Goddag Jonas gamle ven.
12:43:58 <DoT|Phone> and then if you want to run it on roll20 it's the same again
12:45:14 <DoT|Phone> that's many monies Skram
12:45:33 <skram> fair
12:46:35 <DoT|Phone> once I have spare money I also need to still get the main 3 books
13:07:10 -!- Phearlock [webchat@cloak-e3kb14bi.208.146.128.getinternet.no] has joined #tlponies
13:10:04 <DoT|Phone> Phear!
13:12:56 <Runbunny> Phear!
13:13:22 <skram> Phear!
13:25:56 <carcinization> phear?
14:05:34 <Golly> ¿
14:22:59 <Golly> https://twitter.com/tobyfox/status/1057256452316901376 oh my
14:44:19 <Runbunny> oh noes
14:44:27 <Runbunny> I haven't played undertale yet.
15:20:54 -!- Rawr|Fone [~AndChat52@84-217-62-32.customers.ownit.se] has joined #tlponies
15:50:28 <skram> Runbunny?
15:50:33 <Runbunny> Jonas.
15:50:41 <skram> How is your face.
15:51:02 <Runbunny> idk. I haven't looked in a mirror today.
15:51:29 <skram> Well. Is it attached to your head at all?
15:52:07 <Runbunny> I believe so.
15:52:48 <skram> That is good news, at least.
15:53:53 <Runbunny> I guess I am about to cook some dinner. I am starving.
15:54:58 <skram> whats for dinner
15:55:10 <skram> is it kebab
15:55:51 <Runbunny> No no.
15:56:28 <Runbunny> like the prideful dane that I am. I am of course going to feast on sausages and katoffelsalat.
15:56:51 <Runbunny> Kartoffelsalat*
15:57:06 <skram> but anders
15:57:10 <skram> du kan fa kebab
15:59:23 <Runbunny> Oh boy. I would like kebab
16:01:34 <Runbunny> But times are tough Jonas. 
16:01:44 <Runbunny> So it's sausages for me.
16:07:14 <Rawr|Fone> Kebab is not healthy anyway anders
16:08:24 <skram> theres like vegetables in it, henrik
16:08:31 <skram> several of them
16:09:36 <Rawr|Fone> Oh, I guess it is healthy then
16:23:49 <Runbunny> Yes. Just like a burger "the complete meal"
16:26:36 <skram> preciselyu
16:31:34 <Runbunny> I could eat a burger as well though
16:31:38 <Runbunny> I hunger.
16:33:15 <DoT|Phone> home time
16:33:30 <skram> hey bud
16:33:53 <DoT|Phone> Skram
16:34:51 <skram> yeah
16:35:30 <DoT|Phone> how's your day of been
16:40:19 <skram> i did mostly nothing
16:40:22 <skram> its great
16:40:24 <skram> how was work
16:41:23 <DoT|Phone> good. I did a lot
16:41:57 <skram> woo
17:02:54 <skram> did you get internet today DoT|Phone
17:06:57 <DoT|Phone> Skram please
17:07:20 <skram> is that a no
17:07:22 <DoT|Phone> you can guarantee I will be celebrating one I have internet
17:08:25 <skram> oh ok
17:10:40 -!- DuB` [~DuB@66-219-235-226.dynamic.ip.veracitynetworks.com] has joined #tlponies
17:10:45 <DuB`> weeoo
17:11:31 <skram> its the sound of da polis
17:13:50 <DuB`> No that's WEEWOOWEEWOO
17:14:07 <DuB`> Or if it's NYPD: bleeoo. bloop. bloobloop.
17:14:19 <skram> wait
17:14:20 <skram> stop
17:14:28 <skram> police sirens in america have ACCENTS?
17:14:29 <DuB`> wha
17:14:32 <DuB`> Haha
17:14:54 -!- Dot [~quassel@85.255.237.202] has joined #tlponies
17:15:02 <skram> dot america is weird
17:15:26 <DuB`> https://www.reddit.com/r/AskNYC/comments/z3z0y/why_do_nypd_cruisers_flip_their_sirens_on_and_off/
17:15:45 <DuB`> weep weepoop bloop bweeoop
17:16:14 <skram> huh
17:16:16 <skram> alright then
17:17:21 <Dot> yes, very
17:20:21 <DuB`> These euros jealous of HAMBURGERS and MUSCLE CARS
17:21:45 -!- Rawr|Phone [~AndChat52@m83-185-95-107.cust.tele2.se] has joined #tlponies
17:23:40 <DuB`> 4 items on your steam wishlist have gone on sale!
17:23:42 <DuB`> no pls
17:23:56 <Runbunny> Dub~
17:24:05 <DuB`> Bun~
17:24:13 <Runbunny> Buy Dub~
17:24:17 <Runbunny> Buy~
17:24:18 <DuB`> >:T
17:24:27 <DuB`> $12 Elite Dangerous
17:28:25 <Runbunny> Didn't just get hired?
17:28:35 <Runbunny> Then it's time to spend some money.
17:31:18 <Dot> sprn that conceptual money dub
17:31:23 <Dot> spend*
17:31:42 <DuB`> I need to save my conceptual money for moving out there :P
17:32:26 <DuB`> v relaxe https://www.youtube.com/watch?v=a2wSdDl498E&feature=youtu.be
17:46:59 <carcinization> too late dub already listening to krs one due to your previous convo
17:47:35 <DuB`> the wha
17:48:04 <carcinization> https://www.youtube.com/watch?v=9ZrAYxWPN6c
17:48:21 <DuB`> Hahahaa
17:48:46 <carcinization> ?woop
17:48:50 -!- Zounds [webchat@cloak-07ouvien.14-2.cable.virginm.net] has joined #tlponies
17:48:55 <carcinization> ah the other woop
17:49:01 -!- Camail [~Camail@45.40.84.145] has joined #tlponies
17:49:01 -!- mode/#tlponies [+v Camail] by Q
17:49:02 <DuB`> :D :D
17:49:10 <carcinization> hi zounds, cam
17:49:13 <DuB`> good ol' good ol'
17:49:32 <Camail> yo
17:54:07 <Zounds> hey
17:58:01 <skram> zounds, cam
17:58:10 <skram> u rascals
17:58:15 <Camail> skrmpls
18:56:35 <Dot> cam no
18:56:41 <Camail> k
19:11:17 -!- Rawr|Fone [~AndChat52@84-217-62-32.customers.ownit.se] has joined #tlponies
19:31:44 -!- Dot [~quassel@85.255.237.202] has joined #tlponies
19:32:21 <Zounds> how are the horses
19:32:40 <Zounds> is your internet better now skram
19:32:48 <skram> think so
19:33:17 <Zounds> it'll wait till the most unhelpful time to dc again
19:33:26 <skram> it always does
19:33:32 <Zounds> usually while doing some kind of expensive online transacton
19:33:35 <Zounds> transaction*
19:33:41 <Zounds> so you can't be sure if you paid your money or not
19:33:49 <skram> yeah thats classic
19:41:02 <Camail> the google halloween game is pretty fun
19:54:47 -!- Zounds [webchat@cloak-07ouvien.14-2.cable.virginm.net] has joined #tlponies
20:04:01 -!- Zounds [webchat@cloak-wmbqgxv5.14-2.cable.virginm.net] has joined #tlponies
20:16:04 <Runbunny> oh boy, do I want 1 month of youtube premium so I don't get ads?
20:17:33 <skram> ad blockers are free forever
20:18:10 <Runbunny> Indeed. However right now there's a "gap" where I do get ads on youtube. So I need to wait a bit and then update.
20:33:19 <Camail> i've never had issues with blocking ads on yt
20:33:41 <Camail> when i start the browser, sure, but that's just a problem with loading order that's fixed after the first time
20:38:22 <Zounds> Same
20:41:24 <DuB`> Anyone oberwaj or dablo or watever
20:50:57 -!- Zounds [webchat@cloak-07ouvien.14-2.cable.virginm.net] has joined #tlponies
21:04:52 -!- Bio [~BioPon@97.70.181.149] has joined #tlponies
21:04:54 <Bio> woop
21:05:01 <Bio> i got paid today :)
21:05:34 <DuB`> bwoop bwoop
21:06:02 <Bio> i liek moni
21:09:10 <DuB`> Bio
21:09:20 <DuB`> I'mma move from 1500mi away from you to just 500mi away ;D
21:10:28 <Bio> pretty much neighbors
21:10:46 <Dot> DUB
21:10:53 <Dot> you deicide then?
21:10:57 <DuB`> DOT
21:10:59 <DuB`> Mostly
21:11:09 <Dot> the new york pizza won?
21:11:16 <DuB`> Haha
21:11:20 <DuB`> Mostly the pay, lol
21:11:30 <Dot> more pay = more pizza
21:11:33 <DuB`> Was pretty 50-50 between NY and LA until I saw the difference
21:11:34 <DuB`> Yeah!
21:11:58 <Bio> california sucks tho
21:12:00 <Bio> so ez
21:13:48 <DuB`> I'm curious... 
21:13:55 <DuB`> I've never tested strim on new PC and net
21:16:46 -!- Zounds [webchat@cloak-wmbqgxv5.14-2.cable.virginm.net] has joined #tlponies
21:17:00 <Bio> do what u want
21:17:16 <DuB`> Oooh it looks nice
21:21:04 <skram> stream the warframes or something
21:21:05 <skram> or ur face
21:21:07 <skram> eithers nice
21:21:10 -!- Rawr|Fone [~AndChat52@84-217-62-32.customers.ownit.se] has joined #tlponies
21:21:28 <Bio> what a flatterer
21:22:52 <DuB`> Or someone could OW with me ;D
21:23:02 <skram> DuB` I blasted some Amnesia Scanner at my cowoker this weekend through the PA we got set up in the control room
21:23:05 <DuB`> Or I could do my homework...
21:23:19 <skram> He's this dad rock type guy and he was half horrified half groovin' I think
21:23:24 <DuB`> :D :D :D
21:23:47 <DuB`> That sounds like a fair reaction.
21:23:59 <skram> haha yeah
21:25:46 <Zounds> I will be up for some OW soon
21:26:20 <Zounds> soon being like 30mins maybe
21:33:11 <DuB`> o boi
21:36:35 <carcinization> just finished daily poker mission so i may be able to join you
21:39:14 <DuB`> Hey skram
21:39:18 <DuB`> This guy is something
21:39:18 <DuB`> lol
21:39:19 <DuB`> https://www.youtube.com/watch?v=C2zx2i93R44
21:41:25 <skram> Yeh this sounds like Die Antwoord without Yolandi, DuB`
21:41:35 <DuB`> LOL
21:41:57 <DuB`> SA and RUS are same thing, baaaasically
21:42:20 <skram> Apparently
21:42:26 <skram> that mustache is a bloody disgrace though
21:42:48 <DuB`> I found those COLORS shows because Masego had a nice one
21:42:56 <DuB`> Some are cool, some are... like that
21:43:15 <skram> oh
21:43:23 <skram> I think you showed me this one at some point: https://www.youtube.com/watch?v=tYbzeQUnC7I
21:44:41 <DuB`> ooo ya
21:45:09 <skram> Yup editing still makes me nauseous lol
21:45:24 <DuB`> boomph boomph boomph boomph
21:45:52 <skram> oh oh
21:45:56 <skram> DuB`: https://www.youtube.com/watch?v=L_XJ_s5IsQc
21:46:31 <skram> This is some sorta mad fusion jazz thing but the muscicianship is tremendous
21:47:05 <DuB`> This is the most indie-jazzy-band band name I have ever seen.
21:49:10 <carcinization> runbun https://pbs.twimg.com/media/DqwUFhcWkAAzX6E.jpg
21:49:11 <skram> Theres like a 4 minute keyboard solo in it and the other key player gives up and just leaves
21:49:13 <skram> its great
21:49:18 <DuB`> rofl
21:50:15 <Bio> pony
21:50:32 <carcinization> .wiki deuteragonist
21:50:37 <carcinization> til ^
21:51:00 <DuB`> Huh!
21:51:23 <DuB`> Woulda thought the semiprotagonist or amateuragonist ;D
21:51:42 <carcinization> you were stream overwatch dub?
21:51:50 <DuB`> Just testing
21:52:00 <DuB`> Haven't turned on stream in like 3 years lol
21:52:32 <carcinization> hq practise range action
21:52:45 <carcinization> especially the dash into reload combo :p
21:52:49 <Zounds> ill be ready to play soon
21:52:53 <Zounds> just finishing something in FFXIV
21:53:04 <DuB`> ssshhh reif
21:53:15 <carcinization> i get snac then ready
21:53:27 <skram> TOO LATE
21:56:58 <Zounds> oki i plej
21:57:20 <DuB`> Finishing kimchi ramen
21:57:29 <Zounds> NAH or EUGH
21:57:31 <Zounds> That is to say
21:57:32 <Zounds> NA or EU
21:57:48 <skram> UGH
21:57:59 <DuB`> EW
21:58:37 <skram> well im on E U
21:59:35 <Zounds> b.net is being ass
21:59:49 <Zounds> blizzard agent went to sleep, attempting to wake it up it says
21:59:53 <Zounds> but does fuck all
22:00:41 <Zounds> ah well the 'ol turn it off and on again, then sigh and turn it off then on once more worked
22:00:52 <DuB`> lolol
22:07:02 <Bio> classic blizrad
22:39:53 -!- Crisium [~Crisium@c-73-174-151-51.hsd1.pa.comcast.net] has joined #tlponies
22:51:56 <DoT|Phone> cris pon!
22:52:03 <DoT|Phone> I sleep. Gnight
22:52:13 <skram> good night buddy!
22:52:51 <DoT|Phone> <3
23:06:13 <DuB`> <3 nn
23:15:43 <Bio> nn phonepon
23:20:14 <Bio> raid is kil
23:20:27 <Bio> i guess i strim some zleda
23:20:31 <Bio> SO RUST
23:27:50 <Bio> ?biostream
23:27:52 <Bio> alttpr
23:27:58 <Bio> R U S T Y  B O Y
