00:04:20 <Camail> do we want to 2v2
00:05:28 <Zounds> It's OW patch hypuu
00:05:36 <Zounds> I did DL the game though
00:34:06 <Phearlock> Mmmm soft creamy Brie cheese
00:34:18 <Phearlock> Dats the stuff
01:12:08 -!- Rawr|Fone [~AndChat52@84-217-62-32.customers.ownit.se] has joined #tlponies
01:28:43 <DuB`> Much oberewaj, ggs
01:28:56 <DuB`> Now no time for space, gotta study :P
01:29:18 <reification> space isn't going anywhere
01:30:45 <Phearlock> No but we are
01:31:28 <DuB`> D:
01:31:35 <DuB`> Are you all leaving me for 2 years?
01:31:45 <Phearlock> No like, we're moving through space
01:31:47 <Phearlock> really fast
01:32:06 <Phearlock> right now
01:33:24 <DuB`> Oh
01:33:26 <DuB`> Weeeee!~
01:33:36 <Phearlock> Yes =D
01:34:43 -!- Rawr|Fone [~AndChat52@84-217-62-32.customers.ownit.se] has joined #tlponies
02:10:59 <Micen> oh dang, had hex chat minimized. 
02:11:06 <Micen> I would have overwatched
02:50:42 -!- DuB` [~DuB@66-219-235-226.dynamic.ip.veracitynetworks.com] has joined #tlponies
02:50:46 <DuB`> Wha
02:50:50 <DuB`> Hmm
03:41:05 <Bio> dub
03:41:06 <Bio> PLS
03:52:46 <DuB`> Bio I just wanna get sprich but have to study >:(
03:52:48 <DuB`> Why is life
03:55:19 <Bio> the struggle 
03:55:21 <Bio> is real
04:14:10 <Bio> speaking of struggle
04:14:12 <Bio> is sleep
04:14:13 <Bio> time
04:14:14 <Bio> nn
07:16:26 -!- Golly [Golly@cm-84.212.249.112.getinternet.no] has joined #tlponies
07:25:09 <DoT|Phone> morning all
07:38:19 <Golly> mornin
08:02:21 -!- DoT|Phone [~Dot@148.252.129.227] has joined #tlponies
08:23:43 <DoT|Phone> how is your day Golly
08:31:56 <Golly> laundry day. playing warframe
08:33:58 <DoT|Phone> I played warframe years ago and it seemed very grindy with about 3 tilesets arranged a bit different every time
08:34:19 <DoT|Phone> by the amount dub plays it I assume it's come pretty far since then
08:44:41 <Golly> its still grindy tbh but of the fun variety mostly
08:45:15 <Golly> its a crazy amount of content for a f2p
09:17:18 <DoT|Phone> Rawr Rawr Rawr
09:45:32 <DoT|Phone> no Rawr. Sad day
10:12:27 -!- zk [~androirc@hades02.ict.nl] has joined #tlponies
10:15:55 <DoT|Phone> a zk
10:15:59 <DoT|Phone> at this time?
10:18:15 <DoT|Phone> probably a fake zk
10:18:40 <zk> No, it's real!
10:18:44 <DoT|Phone> hmm
10:18:50 <zk> I'm on phone at work
10:18:59 <DoT|Phone> .roll d20 to boop zk
10:19:03 <zk> You at work too dot?
10:19:07 <DoT|Phone> Yea
10:19:40 <DoT|Phone> tagging analogue devices in an hmi
10:19:42 <zk> .roll d20 to boop dot
10:19:48 <zk> Is that fun
10:19:56 <DoT|Phone> ha! finally I won
10:20:04 <DoT|Phone> better boop
10:20:31 <DoT|Phone> it's not fun. but I don't mind doing it
10:20:35 <zk> You win all the sometimes
10:20:56 <DoT|Phone> what you up to zk?
10:21:34 <zk> Work work
10:22:02 <zk> The improv troupe I made performing next Tuesday
10:22:18 <zk> And I got a decent part in play
10:22:32 <zk> Top 6, not a main, but just after
10:22:46 <zk> And I'll never leave stage apparently
10:22:46 <DoT|Phone> !!
10:22:57 <zk> Weird role
10:22:58 <DoT|Phone> quick progress up the acting ladder
10:23:06 <zk> Oh yes
10:24:15 <DoT|Phone> nice!
10:24:37 <zk> What you think of this serral person?
10:26:08 <DoT|Phone> I feel asleep at final but he seems ok at sc2
10:27:13 <DoT|Phone> what you think zk of the new pokemon movie?
10:27:24 <zk> Omg!
10:27:35 <zk> Is so cool!
10:27:41 <DoT|Phone> haha
10:27:42 <zk> I want to have dnd in there
10:28:01 <zk> I dunno how, but I want to
10:28:26 <zk> Realistic pokemon so awesome
10:28:28 <DoT|Phone> I was very against it till I saw the trailer
10:28:41 <zk> Yea same
10:28:47 <zk> Thought it would be so awful
10:28:51 <zk> But daaaaamn
10:29:48 <DoT|Phone> Yea
10:32:40 <DoT|Phone> coffee time
10:43:57 -!- zk [~androirc@hades02.ict.nl] has joined #tlponies
10:45:04 <zk> Coffee breaks are great
10:45:12 <zk> You still get paid for that
10:46:11 <DoT|Phone> ppl here take like 2 hour lunch breaks
10:46:17 <DoT|Phone> flexi time
10:46:28 <zk> Part of their 8 hours orrr?
10:46:39 <DoT|Phone> Yea
10:46:53 <DoT|Phone> suppose to be about 30 minutes
10:47:49 <DoT|Phone> but after the walk to the shops and the chat after. then the food. then getting another coffee after
10:48:06 <DoT|Phone> ends up far over
10:49:17 <DoT|Phone> this place is weird
10:52:43 <DoT|Phone> no one seems to care as long as the work gets done at some point
10:52:58 <DoT|Phone> very different from customer service
10:57:07 <zk> Huh yea
10:57:10 <zk> Pretty cool really
10:58:04 <zk> Do you join on those? Or not quick enough yet?
10:59:22 <DoT|Phone> apparently I'm ahead on work. my time is odd as half is billed to training and half to jobs. but I spend most of my time on the jobs
11:00:24 <DoT|Phone> and the current site I'm helping with was only set for  1 person so any work I do is extra
11:02:32 <DoT|Phone> how long is your play zk?
11:03:56 <zk> 45 pages?
11:04:13 <zk> I'm not sure how long it'll be
11:05:02 <DoT|Phone> Will there be a upload of it being performed. so I can critique you?
11:05:48 <zk> Oh maybe?
11:05:59 <zk> We have like 6 representstions
11:06:10 <zk> I have the longest monologue
11:08:37 <DoT|Phone> from that I can assume your the true villain
11:18:03 -!- zkay [~androirc@62.140.137.95] has joined #tlponies
11:18:38 <zkay> All characters are villains to themselves!
11:18:51 <zkay> But my monologue is just a story
11:23:15 <DoT|Phone> such evil characters
11:26:54 -!- zkk [~androirc@hades02.ict.nl] has joined #tlponies
11:27:30 <zk> Gonna be a fun original play
11:27:37 <zk> I really need to start learning my text
11:30:29 <zk> How many screens you have at work dot?
11:30:37 <DoT|Phone> 2
11:33:09 <DoT|Phone> everyone just left to get lunch
11:33:20 <DoT|Phone> it's only 11:30
11:40:03 <zk> Oh right you an hour behind
11:40:18 <zk> I eat lunch at that time too actually
11:40:33 <zk> And then we walk at noon
11:40:46 <zk> Lunch here is all sandwiches, but I have real food
11:41:01 <zk> Mm
11:42:03 <DoT|Phone> I make sandwiches in the morning
11:44:22 <DoT|Phone> I'm cheap
11:44:47 <DoT|Phone> does your company provide lunch?
11:45:42 <zk> Nope
11:45:56 <zk> I make like 6 lunches on Sunday
11:46:05 <zk> But then gf steals some
11:46:30 <DoT|Phone> I thought of that but by Friday then the bread will have started to go hard surely?
11:48:05 <zk> Oh yea, mine are pork, veggies and rice or potatoes
11:48:10 <zk> Then microwave
11:48:27 <DoT|Phone> that is fancy
11:48:32 <zk> I'd do chicken but I turned allergic to that lately
11:48:56 <DoT|Phone> mine are peanut butter. or marmite
11:49:03 <DoT|Phone> sometimes cheese
11:49:58 <zk> Simple!
11:50:10 <zk> I buy cheese a lot
11:50:14 <zk> I like gouda
11:51:10 <DoT|Phone> cheese is great
11:52:40 -!- reification [~reificati@cpc76294-cosh16-2-0-cust297.6-1.cable.virginm.net] has joined #tlponies
11:53:03 <DoT|Phone> reif!
11:53:09 <DoT|Phone> thoughts on cheese?
11:53:33 <zk> I miss my cheddar
11:54:09 <DoT|Phone> no cheddar in Holland?
11:55:09 <zk> Not as good
11:55:19 <zk> Miss my cheese curds
11:57:38 <DoT|Phone> and maple syrup?
12:05:08 <zk> I brought that with me!
12:10:45 <DoT|Phone> how much you bring??
12:10:57 <DoT|Phone> a barrel?
12:19:33 <zk> 6 L or so
12:19:53 <reification> dotties! https://twitter.com/unusualImagery/status/1060673711509065729
12:20:11 <reification> how long will that last you zk?
12:22:11 <DoT|Phone> like a week I suspect
12:27:53 <zk> Gf told me I can't drink it. :(
12:28:12 <zk> It sucks I want to do what I want!
12:29:34 <DoT|Phone> how uncanadian of her
12:31:31 <zk> I mean, she's French
12:40:12 -!- carcinization [~reificati@cpc76294-cosh16-2-0-cust297.6-1.cable.virginm.net] has joined #tlponies
12:53:34 -!- BioPone [~androirc@mobile-166-170-27-51.mycingular.net] has joined #tlponies
12:57:52 <DoT|Phone> bio
13:12:26 <zk> Mean
13:13:34 <DoT|Phone> rude American
13:14:35 -!- BioPhone [~androirc@12.33.239.117] has joined #tlponies
13:17:44 <zk> Biooo
13:20:09 <DoT|Phone> bio
13:38:18 <BioPhone> Zedkay
13:38:22 <BioPhone> Dotphon
13:38:29 <BioPhone> How do
13:38:37 <DoT|Phone> hedge
13:42:48 <zk> Do good
13:48:40 -!- BioPhone [~androirc@12.33.239.117] has joined #tlponies
13:59:54 -!- BioPhone [~androirc@12.33.239.117] has joined #tlponies
14:00:39 <BioPhone> Wifi is struggle
14:01:02 <DoT|Phone> please fix
14:05:38 <zk> Use 4g
14:06:19 <BioPhone> Pls
14:06:46 <DoT|Phone> be more first world
14:11:31 <BioPhone> I try
14:55:58 -!- BioPhone [~androirc@12.33.239.117] has joined #tlponies
14:59:11 -!- BioPhone [~androirc@12.33.239.117] has joined #tlponies
15:13:05 <DoT|Phone> pon pon
15:25:53 -!- DuB`class [~DuB@128.187.116.21] has joined #tlponies
15:40:09 <DuB`class> sshhhh
15:42:20 <DoT|Phone> DUB!
15:45:30 <carcinization> get back to your study young man!
15:46:30 <DuB`class> Pfff
15:46:35 <DuB`class> Just sitting in ez class
15:53:28 <carcinization> .tellm runbunny zounds, https://twitter.com/banihey718/status/1062306916020346880
15:58:30 <carcinization> https://twitter.com/animalIife/status/1062070562405670912
16:20:48 -!- skram [~skram@82.147.53.97] has joined #tlponies
16:28:12 <DoT|Phone> Skram!
16:38:24 <carcinization> .tellm runbunny dub`, https://twitter.com/amenochigalileo/status/1062450659553918976
16:42:43 -!- DuB`class [~DuB@128.187.116.21] has joined #tlponies
16:49:12 -!- DoT|Phone1 [~Dot@14.161.189.80.dyn.plus.net] has joined #tlponies
17:01:40 -!- Rawr|Phone [~AndChat52@m83-185-80-172.cust.tele2.se] has joined #tlponies
17:05:51 <DoT|Phone1> Rawr Rawr Rawr
17:06:10 -!- Dot [~quassel@14.161.189.80.dyn.plus.net] has joined #tlponies
17:07:57 <Rawr|Phone> Dot Dot Dot
17:08:11 <Dot> <3 <3 <3
17:08:15 <Dot> where you been all day?
17:10:16 <Rawr|Phone> <3 <3 <3
17:10:29 <Rawr|Phone> I have gotten a cold
17:13:39 <Dot> D:
17:13:59 <Dot> ill send runbun around as soon as possible
17:15:14 <Dot> .tell zk Dont forget! HSC 2018-11-22
17:29:08 <Dot> DuB` https://imgur.com/gallery/d53cZMP
17:29:12 <Dot> it has sound
17:39:10 <Dot> reif https://i.imgur.com/FnJA0cH.jpg
17:42:08 -!- reification [~reificati@cpc76294-cosh16-2-0-cust297.6-1.cable.virginm.net] has joined #tlponies
17:42:36 <Dot> reif https://i.imgur.com/FnJA0cH.jpg
17:45:01 <reification> lol
17:45:14 <reification> perfect
17:53:58 -!- Zounds [webchat@cloak-wmbqgxv5.14-2.cable.virginm.net] has joined #tlponies
17:55:21 <reification> hey zounds
17:56:36 <Zounds> reif
17:57:43 <Zounds> cute bunner reif
17:57:49 <Dot> hey zounds
17:57:52 <Dot> skram https://imgur.com/gallery/U8zG9JO
18:00:21 -!- carcinization [~reificati@cpc76294-cosh16-2-0-cust297.6-1.cable.virginm.net] has joined #tlponies
18:06:24 <Dot> DuB`class: https://imgur.com/gallery/vIdttpf
18:10:32 <DuB`class> :O
18:10:39 <DuB`class> Just woke up from fantastic nap
18:16:09 <skram> fuckin
18:16:10 <skram> aaaaaaaaaaaaah
18:17:34 <Dot> skram
18:20:13 <skram> YEAH BUD
18:21:15 <skram> Ive had to sit in a chair all frickin day listening to some dweeb go on and on about """HEALTH AND SAFETY"""
18:22:15 <DuB`class> Pls preserve skram's health and safety.
18:22:23 <skram> wear your helmet, hellz yeah bud, put your best boots on, fuckin donezo, dont lick the lightning snakes, n o t e d
18:27:28 <DuB`class> :D
18:48:29 <carcinization> rawr https://pbs.twimg.com/media/Dr-FcBaW4AA5_CE.jpg
18:49:07 <Zounds> if some dumbo does hurt himself he could sue the place for improper training without the proper Health and Safety stuff skram
18:49:23 <Zounds> So everyone must suffer
18:49:48 <carcinization> maybe everyone convulses because the lightning just tastes *that* good
18:51:31 <skram> Whenever someone gets the lightning inside them its almost always the persons own fault
19:13:43 <Zounds> what a weird way to put it
19:13:46 <Cane> Anyone want to see a young Han Solo?
19:13:53 <Cane> https://i.imgur.com/gejxHGU.jpg
19:13:59 <Cane> Probably me circa 2003ish.
19:14:10 <Cane> https://i.imgur.com/cyJcBmD.jpg I was just too cool for school, guys.
19:15:02 <skram> you look very regal with your floppy discs and dot matrix printer cane
19:15:33 <Cane> You know I copied that floppy.
19:15:40 <skram> Scandalous :p
19:16:12 <skram> I bet you even downloaded britney spears tracks on napster
19:18:23 <Zounds> villainy
19:18:51 <Cane> I actually found a setup file for like Lime-Wire or something on one of my backup CDs.
19:19:01 <Cane> It's been a trip down memory lane today.
19:22:47 <skram> Aaah, limewire. Where all the best music were .exe files
19:29:00 <Cane> Welp, I just found an installer from ICQ. I think I've gone back too far.
19:30:18 -!- DuB`class [~DuB@128.187.116.21] has joined #tlponies
19:30:20 <Zounds> older than rawr
19:30:33 <Zounds> not that that's saying much
19:38:05 <carcinization> WinMX is what i remember
19:39:51 -!- BioPhone [~androirc@12.33.239.117] has joined #tlponies
19:39:52 <carcinization> look for those sweet winamp skins cane
19:40:52 <Cane> Oh man
19:40:55 <skram> https://www.youtube.com/watch?v=HnoyL_ft9s4
19:56:22 -!- Phearlock [webchat@cloak-li6hn6bb.208.146.128.getinternet.no] has joined #tlponies
19:56:27 <Phearlock> Evening ponypons
19:56:44 <Phearlock> it is me
19:56:46 <Phearlock> the tired pon
19:56:52 <Phearlock> =)
19:57:44 <Dot> phear!
19:58:23 <Phearlock> you =)
20:06:38 <skram> i need a dang sleep
20:11:20 <Dot> gnight skram
20:22:31 <carcinization> zounds quit just when i want to speak to him D:
20:23:46 <DuB`class> So inconsiderate.
20:26:47 -!- Camail [~Camail@45.40.84.145] has joined #tlponies
20:26:47 -!- mode/#tlponies [+v Camail] by Q
20:29:21 <BioPhone> Nej
20:29:54 <DuB`class> Hej
20:30:21 <Dot> Hedge
20:31:17 <DuB`class> I need to go visit some neighborhoods in The Division as I do the housing search... :P
20:31:36 <DuB`class> Gotta see if there's good loot available, no apartment site seems to list that
20:44:13 <Dot> thats a lack of foresight there
20:49:36 -!- BioPhone [~androirc@12.33.239.117] has joined #tlponies
20:50:04 <Camail> dub why are you here while in class
20:50:07 <Camail> what a delinquent
20:51:16 <Dot> he wants to fail and not get the job he was hired for
20:55:31 <Dot> .tell skram https://i.imgur.com/YNB2Eoe.jpg
20:59:03 -!- skram [~skram@82.147.53.97] has joined #tlponies
20:59:11 <Dot> skram pls
20:59:18 <Dot> your suppose to be asleep
20:59:35 <Rawr|Phone> Maybe he is
21:01:05 -!- Zounds [webchat@cloak-wmbqgxv5.14-2.cable.virginm.net] has joined #tlponies
21:18:11 <carcinization> hey again zounds
21:18:24 <carcinization> https://www.twitch.tv/spiritow
21:18:25 <Zounds> hey
21:18:30 -!- DuB` [~DuB@66-219-235-226.dynamic.ip.veracitynetworks.com] has joined #tlponies
21:18:35 <Dot> dub
21:18:57 <carcinization> i hope you have done enough study dub
21:19:44 <Zounds> earliest spirit stream ever
21:20:01 <carcinization> he started like 2hours ago
21:22:09 <DuB`> Study now
21:22:10 <DuB`> :(
21:22:12 <DuB`> No spess
21:27:37 <Zounds> you around skram
21:36:01 -!- BioPhone [~androirc@12.33.239.117] has joined #tlponies
21:38:09 <DuB`> .CHOOSE sammich pasta
21:38:22 <Dot> but what kind??
21:38:36 <DuB`> Actually no pasta is warm I want that
21:39:14 <carcinization> have a pasta sandwich?
21:40:55 <BioPhone> Warm ur sammich
21:41:24 <BioPhone> Stick in toaster
21:41:32 <BioPhone> Whole sammich
21:42:15 <DuB`> Toasted peanut butterr and honey sounds not great
21:42:25 <DuB`> Maybe if I had ham+swiss!
21:43:09 <BioPhone> Have you never put p butter on toast
21:43:18 <BioPhone> Its fuckin delish
21:54:57 <Dot> phearlock https://66.media.tumblr.com/ee30b38863c196e5635993bd10d6ff1b/tumblr_pcte05zTSu1wgq6kao2_1280.jpg
21:56:47 <Phearlock> Yarrrr
22:07:50 <Dot> cane, you going to take a look at the STALKER mod Road to the North when it comes out?
22:08:19 -!- Phearlock [webchat@cloak-e3kb14bi.208.146.128.getinternet.no] has joined #tlponies
22:18:25 -!- BioPone [~androirc@mobile-166-170-27-69.mycingular.net] has joined #tlponies
22:23:34 -!- DoT|Phone [~Dot@14.161.189.80.dyn.plus.net] has joined #tlponies
22:47:18 -!- Bio [~BioPon@97.70.181.149] has joined #tlponies
22:47:29 <Bio> boy its nice to be home
22:47:31 <Bio> after wook
22:47:34 <Bio> work even
22:50:50 <Phearlock> word
22:51:33 <Bio> so nice
22:51:38 <Bio> i will eat a pizza
22:51:46 -!- Crisium [~Crisium@c-73-174-151-51.hsd1.pa.comcast.net] has joined #tlponies
22:51:48 <Bio> well, some of it
22:55:18 <Camail> eat 2 pizzas
22:59:29 <Bio> tempting
23:02:30 <DoT|Phone> I ate pizza and now it's all gone
23:02:35 <DoT|Phone> such is life
23:07:26 <Crisium> ever lasting pizza
23:51:14 -!- Rawr|Fone [~AndChat52@c-afb8e655.020-164-6d6c6d4.bbcust.telenor.se] has joined #tlponies
