00:01:27 <reification> night all
00:02:03 <Dot> gnight reif
00:04:03 <DuB`> Helium Rain game looks maybe nice, so few reviews for it though :o
00:38:00 -!- Crisium [~Crisium@c-73-174-151-51.hsd1.pa.comcast.net] has joined #tlponies
00:42:45 <Crisium> well i salty climbed up to 3984 SR and im gonna save attempt #12 for tomorrow
00:56:38 <Dot> dub https://imgur.com/gallery/SiQucwD
01:11:39 <Crisium> good birb
01:13:35 <DuB`> Great birb
01:24:32 <skram> hey DuB` how do you feel about heat attacks https://i.imgur.com/8QzGvvi.mp4
01:24:37 <skram> heart
01:25:54 <Crisium> yum
01:26:18 <DuB`> OST
01:26:51 <skram> yass
01:27:14 <DuB`> ostbrod
01:27:25 <skram> v good
02:51:51 <Camail> dub pls
03:26:20 -!- Rawr|Fone [~AndChat52@84-217-62-32.customers.ownit.se] has joined #tlponies
03:51:34 -!- Rawr|Fone [~AndChat52@84-217-62-32.customers.ownit.se] has joined #tlponies
06:46:19 -!- Rawr|Fone [~AndChat52@84-217-62-32.customers.ownit.se] has joined #tlponies
06:59:49 <Camail> ded
07:06:43 <DuB`> LIVE
07:25:53 -!- Rawr|Fone [~AndChat52@84-217-62-32.customers.ownit.se] has joined #tlponies
08:12:17 -!- Golly [Golly@cm-84.212.249.112.getinternet.no] has joined #tlponies
08:35:33 <Camail> .tell dub` i was 2 bosses aways from finishing the 20 boss achievement, if you could spec pure speed on your DH and just get me to all the places we can do it easily
08:46:33 <Rawr|Fone> 🐴🐴🐴
08:47:53 -!- Phearlock [~Phearlock@cm-84.209.250.127.getinternet.no] has joined #tlponies
08:47:58 <Phearlock> Morning pons
08:48:02 <Phearlock> Back in cozy norway
08:48:41 <CockRoach|42> morning hors
08:55:31 <Dot> mornign all
08:56:12 <Rawr|Fone> Dot Dot Dot
08:56:46 <Dot> Rawr Rawr Rawr
08:56:50 <Rawr|Fone> <3
08:56:52 <Dot> <3
08:57:29 <Phearlock> hey hey
08:57:50 <Dot> pear pon
09:01:58 <CockRoach|42> https://imgur.com/gallery/NO9mU4M
09:14:52 <CockRoach|42> .tell Rawr|Fone https://imgur.com/gallery/z6LdT91
09:20:05 <Rawr|Fone> .tell cockroach|42 <3
09:20:09 <CockRoach|42> <3
09:28:59 <CockRoach|42> https://insta-stalker.com/post/Bo0O6bzgLNH/
09:40:18 <Dot> https://www.deviantart.com/greyscaledraws/art/READING-A-BOOK-ON-A-SLEEPING-HORSE-EXE-768202674
09:40:24 <Dot> https://greyartpost.tumblr.com/image/178995212094
09:40:32 <Dot> pon
09:40:55 -!- Runbunny [~Runbunny@91.100.28.10.generic-hostname.arrownet.dk] has joined #tlponies
09:44:44 <Phearlock> cuute pons
09:45:06 <Phearlock> hors pillow
09:50:40 <Runbunny> Hai Phearlock.
09:50:53 <Phearlock> roonboon <3
09:57:53 <Camail> .tell dub` nvm
10:53:08 <Dot> rawr https://imgur.com/gallery/d0dmule
11:01:33 <CockRoach|42> .tell Rawr|Fone https://imgur.com/gallery/T8WtD3e
11:36:47 -!- reification [~reificati@cpc76294-cosh16-2-0-cust297.6-1.cable.virginm.net] has joined #tlponies
11:36:58 <reification> hello tlp
11:38:11 <Runbunny> Hai Reif.
11:39:14 <reification> hi bun
11:59:40 -!- tredc [~tredc@c83-251-171-164.bredband.comhem.se] has joined #tlponies
12:13:09 <Dot> hey reif
12:14:53 <reification> hi dotties
13:02:07 <Dot> time to leave land of intenret
13:02:17 <Dot> later horses
13:33:46 -!- carcinization [~reificati@cpc76294-cosh16-2-0-cust297.6-1.cable.virginm.net] has joined #tlponies
13:39:39 -!- skram [~skram@82.147.53.97] has joined #tlponies
13:49:37 -!- Crisium [~Crisium@c-73-174-151-51.hsd1.pa.comcast.net] has joined #tlponies
13:49:59 -!- tredc [~tredc@c83-251-171-164.bredband.comhem.se] has joined #tlponies
14:03:42 <carcinization> runbun https://twitter.com/BeardandHat/status/1051419764344725504
14:13:38 <Runbunny> oh boy.
14:14:37 <Runbunny> Stop building defense systems that require 100% focus between 2 people and/or for kids. 
14:31:52 <Phearlock> Build better kids
14:48:21 -!- Zounds [webchat@cloak-wmbqgxv5.14-2.cable.virginm.net] has joined #tlponies
14:48:37 <Zounds> horsebutts
14:52:44 <Phearlock> ye
14:56:06 <Crisium> butt
15:06:00 <Runbunny> Hai Zounds.
15:06:07 <Zounds> o/
15:16:05 -!- BioPhone [~androirc@12.31.71.58] has joined #tlponies
15:16:14 <BioPhone> Ohai
15:16:21 <BioPhone> Itsa me
15:16:27 <BioPhone> Horse man
15:17:59 <Rawr|Fone> A bio🐴
15:19:10 <BioPhone> Hej
15:19:21 <BioPhone> I had a rly fun week.
15:19:29 <BioPhone> Love my guildies
15:21:47 <BioPhone> One day I hope to see all of you horsen 😁
15:24:42 <Phearlock> Hey bio. Nice you had fun =3
15:28:10 <carcinization> hello bio
15:28:12 -!- Zounds [webchat@cloak-07ouvien.14-2.cable.virginm.net] has joined #tlponies
15:29:07 <carcinization> runbun if you haven't seen ep1 of zombieland saga you really should
15:29:13 <carcinization> it's something special
15:32:51 -!- DoT|Phone [~Dot@185.69.145.142] has joined #tlponies
15:32:56 <DoT|Phone> hedge
15:33:15 <BioPhone> Dottles!
15:37:28 <DoT|Phone> this bio
15:46:12 <BioPhone> This me
15:47:22 <DoT|Phone> you back home?
15:50:35 <BioPhone> Not quite. I'm in the airport. My flight leaves in roughly an hour.
15:50:53 <BioPhone> I'll be home in like 3 or 4 hours
15:51:26 <Phearlock> all the travelpons coming home
16:01:14 <BioPhone> To the place... I BELOOOONG
16:01:47 <BioPhone> IRC, Big travel hoorrrssseee. Take me home, pony roads
16:03:22 <Runbunny> carcinization, I heard some about it.
16:03:54 -!- reification [~reificati@cpc76294-cosh16-2-0-cust297.6-1.cable.virginm.net] has joined #tlponies
16:05:14 <DoT|Phone> does it have internet?
16:05:32 -!- tredc [~tredc@c83-251-171-164.bredband.comhem.se] has joined #tlponies
16:45:52 <Crisium> 0/12
16:46:00 <Crisium> this was one of the closer ones too
16:46:27 <Crisium> statistics are a lie
16:47:03 <DoT|Phone> hey Crispon
16:48:04 <Crisium> 0.024%
16:48:24 -!- tredc [~tredc@c83-251-171-164.bredband.comhem.se] has joined #tlponies
16:52:34 <Zounds> Well on the bright side you're staying in range consistently
16:52:53 <Zounds> Not falling too much in SR
16:57:04 <Crisium> but why can i win at 3950 about 40-50% of the time, and at 3980 0% of the time
16:57:25 <Crisium> even if that 40-50 drops to 25-35%, the chances of 0/12 are almost impossible
16:57:47 <Zounds> Fuck knows bud
17:04:36 <Runbunny> Yes.
17:12:10 -!- reification [~reificati@cpc76294-cosh16-2-0-cust297.6-1.cable.virginm.net] has joined #tlponies
17:25:45 <skram> its because you're cursed cris
17:27:43 <skram> my frens are doing cod apparently, the deluxe version is 130 euros
17:27:45 <skram> w h a t
17:29:14 <Zounds> x_x
17:29:26 <Phearlock> lol
17:29:45 <Runbunny> That's a lot of money, for zombie, multiplayer and battleroyale.
17:31:01 <Crisium> what does it come with
17:31:32 -!- tredc [~tredc@c83-251-171-164.bredband.comhem.se] has joined #tlponies
17:32:21 <skram> season pass and call of duty dollars(tm)
17:32:25 -!- DuB` [~DuB@66-219-235-226.dynamic.ip.veracitynetworks.com] has joined #tlponies
17:32:38 <skram> 4 additional all-new zombie experiences
17:32:38 <DuB`> Ohayou
17:32:49 <skram> zombies were cool in 2014
17:32:49 <DuB`> wha
17:32:53 <skram> catch up ya fuckin neeps
17:32:58 <skram> oh hi DuB`
17:33:09 <DuB`> ohi
17:33:10 <Zounds> Do normies still like CoD
17:33:11 <Runbunny> Hai Dub.
17:33:27 <Zounds> I know the battle royale is supposed to be decent
17:33:52 <skram> DuB` wanna do like 4 vaults in the diabalos w/me
17:33:57 <Runbunny> Yeah, that is what I thought as well. I haven't seen anything other than the battle royale.
17:34:22 <DuB`> Hek ye skram, lemme finish bagel :)
17:39:10 <DoT|Phone> Skram
17:39:25 <skram> hey buddy
17:40:29 <skram> how you bean
17:41:03 <DoT|Phone> Good
17:41:08 <DoT|Phone> and you?
17:41:54 <skram> i dropped a big heavy glass on my foot and then down the stairs
17:42:38 <skram> glass is fine, foot need amputation probably
17:42:39 <DuB`> https://imgur.com/gallery/b4qdj8J
17:42:44 <DuB`> yoota
17:43:10 <skram> can you bathe in the salt lake
17:43:36 <DoT|Phone> Skram. wear your safety gear please
17:43:52 <skram> i dont wear me ppe at home silly
17:43:55 <DuB`> If you want to get muddy and smelly yes you can bathe in it
17:45:14 <Zounds> why not skram
17:45:34 <Zounds> I've got my building site gear on right now
17:50:09 <skram> maybe i wanna get hurt
17:51:10 <DoT|Phone> please
18:46:25 <Crisium> 0/13
18:46:57 -!- tredc [~tredc@c83-251-171-164.bredband.comhem.se] has joined #tlponies
18:49:50 <carcinization> i think you're around my hideous poker streak from a couple of months ago now cris
18:49:53 <carcinization> ?stop
18:50:07 <Crisium> this is approching the level where when you round it off to 0%
18:50:36 <carcinization> .r stop https://www.youtube.com/watch?v=2k0SmqbBIpQ
18:54:10 <Runbunny> DuB`, DuB` https://i.imgur.com/VkPQeuN.mp4
18:54:42 <DuB`> loooooool
19:17:13 <Crisium> birb
19:17:37 -!- tredc [~tredc@c83-251-171-164.bredband.comhem.se] has joined #tlponies
19:22:48 <carcinization> silly birb
19:46:42 -!- Bio [~BioPon@97.70.181.149] has joined #tlponies
19:46:47 <Bio> ah
19:46:48 <Bio> hello
19:46:51 <Bio> it is i
19:46:53 <Bio> home pone
19:46:56 <Zounds> hi
19:47:11 <Bio> mr zoonds
19:47:15 <Bio> how goes your face
19:49:55 <Zounds> pretty good tbh
19:50:52 <DuB`> https://gfycat.com/UnlawfulCostlyHornedviper
19:56:19 <Crisium> wow
20:26:10 <Crisium> lmao, this one wasnt even close.  utterly outmatched
20:26:12 <Crisium> 0/14
20:27:11 <Crisium> if i were on the other team even if i had 1 hand i would have won.  feelsrngman
20:27:15 <Crisium> dont worry, it cant last forever
20:27:17 <Crisium> Kappa
20:34:15 <DuB`> T_T
20:36:31 <skram> poor cris
20:54:19 <Zounds> Punished Cris <A Man Denied His Promotion>
20:56:41 <skram> crisium is this how guns sound https://imgur.com/gallery/f2GfmCr
21:10:45 <Crisium> 14-0-1 now 
21:10:46 <Crisium> lol
21:10:54 <Crisium> 0-14-1*
21:11:01 <skram> sadness
21:11:14 <DuB`> Better than 015!
21:11:18 <Crisium> well at least i get to go agane
21:11:19 <DuB`> 0-*
21:11:22 <DuB`> ye
21:11:27 <skram> i believe
21:15:08 -!- Camail [~Camail@45.40.84.145] has joined #tlponies
21:15:08 -!- mode/#tlponies [+v Camail] by Q
21:27:39 <Crisium> https://cdn.discordapp.com/attachments/183385308186935296/501144036569120771/ScreenShot_18-10-14_17-26-40-000.jpg
21:28:05 <Zounds> gz Crisium 
21:28:11 <Zounds> you really earned it
21:28:15 <carcinization> \o/
21:28:27 <carcinization> wp cris <3
21:28:28 <Crisium> 1-14-1 lol
21:28:29 <Crisium> finally
21:28:50 <Zounds> you're officially not a shitter now
21:29:10 <Crisium> ty
21:29:22 <Crisium> good to be a big boi like skram
21:30:14 <DuB`> :D
21:30:18 <carcinization> well now it's my turn to get screwed by rng
21:30:26 <DuB`> Statistics finally won
21:30:32 <Crisium> the law of average
21:32:04 <carcinization> and almost again but managed full house over best straight...
21:32:32 <Crisium> you playing poker for money?
21:32:35 <Crisium> or funsies
21:32:54 <carcinization> in a $1m prizepool tourney cris
21:33:08 <Crisium> wow ur a millionaire
21:33:34 <carcinization> even if i win i don't get it all :/
21:34:22 <Crisium> wow you're a 100 grandaire
21:34:36 -!- tredc [~tredc@c83-251-171-164.bredband.comhem.se] has joined #tlponies
21:34:48 <DoT|Phone> gl Reif!
21:34:55 <Crisium> https://i.kym-cdn.com/photos/images/newsfeed/000/816/782/cce.jpg
21:35:06 <DoT|Phone> come visit if you win please
21:35:14 <DoT|Phone> or if you don't win
21:35:18 <DoT|Phone> either way
21:41:13 <Camail> dot pls
21:43:11 <DoT|Phone> cam
21:43:53 <DoT|Phone> I got a letter from isp. so they at least know where I live
21:44:02 <DoT|Phone> hopefully internet next week
21:44:09 <Camail> DuB` get any more wizard stuff?
21:44:28 <skram> got all primal ancients on 1st try
21:44:52 <Camail> damn, the dagger?
21:49:30 <Camail> i almost got a sub 2 minute rift
21:49:39 <Camail> you really need to get lucky with elites...
21:52:05 <Bio> oh ponies
21:52:13 <Bio> lazi night inc
22:04:08 <Bio> i think imma go get some foods
22:04:15 <Bio> not feeling the cooking thing bois
22:04:18 <Bio> brb
22:18:52 <Zounds> night pons
22:23:52 <carcinization> skram https://twitter.com/xxlfunny1/status/1051107818168885248
22:26:22 <DuB`> A lil' bit, Camail. 
22:26:38 <DuB`> Playing wizard kinda just made me want to play on my main non-season characters to super power them lol
22:27:24 <Camail> thats so much grinding tho
22:28:59 <carcinization> runbun https://twitter.com/bunnyarchive/status/1051208513542860800
22:43:34 <DuB`> I love buns
22:43:53 <carcinization> well, lost a flip. no big win today :(
22:45:03 <DuB`> Next time you will $$$
22:53:42 <carcinization> ty dub
22:53:57 <carcinization> runbun https://twitter.com/KaliYuga1984/status/1051204291543920640
22:57:14 <Camail> dub i think my comfortable limit is probably around 85
22:57:21 <Camail> i almost died during the boss on the 84
22:57:58 <Camail> but i think that this crus build doesnt want any vitality at all
23:04:39 <carcinization> dub have a music i found on twitter https://twitter.com/maldngflgh/status/1051487937731457024
23:10:02 <DuB`> Oooh :o
23:12:35 <DuB`> Camail, did 80 in 11min with skram without too much trouble.
23:25:16 <Bio> bek
23:25:22 <Bio> i had chikin
23:28:54 <carcinization> solid choice
23:29:06 <carcinization> unless it was soup
23:29:15 <carcinization> then it would be liquid choice
23:30:15 <DuB`> heheh
23:30:17 <Bio> mmm
23:30:23 <Bio> it was infact solid chicken
