00:00:30 -!- ZK|phone [~ZK@89.200.14.179] has joined #tlponies
00:02:23 <DuB`> o
00:02:39 <DuB`> evo stream is rebroadcast, is already finished?
00:02:41 <DuB`> I'm confused.
00:06:07 -!- ZK-phone [~ZK@a83-162-238-37.adsl.xs4all.nl] has joined #tlponies
00:08:22 -!- ZK [~ZK@89.200.0.54] has joined #tlponies
00:11:47 <Dot`> dub pls
00:13:59 -!- ZK-phone [~ZK@a83-162-238-37.adsl.xs4all.nl] has joined #tlponies
00:16:04 <Camail> evo japan
00:16:10 <Camail> its evo, but in japan
00:16:35 <Camail> https://www.youtube.com/watch?v=bpb3zZQNocE
01:04:11 <Camail> man, the story lines in e sports this weekend
01:04:16 <Camail> have been REAL good
01:04:32 <Camail> fairy tale weekend
01:07:29 <DuB`> juuuuuri
01:14:49 <DuB`> Maaan
01:14:49 <Camail> technically, shroud won a major
01:14:52 <Camail> not on active roster
01:15:03 <Camail> but he is still under contract for the professional csgo team c9
01:15:08 <DuB`> I'm not really supposed to eat solid food but I feel pretty ok right now and I'm staaaarving
01:15:12 <DuB`> lol
01:15:13 <Camail> dub
01:15:15 <Camail> fucking dont
01:15:23 <Camail> it will fuck your colon in like 5 hours
01:15:35 <DuB`> My organs are only bleeding a LITTLE BIT :P
01:15:42 <DuB`> Yeah yeah, ramen 'n chicken noodle...
01:16:08 <Dot`> dub, they really dont tell you that kind of stuff for no reason
01:17:13 <Dot`> dont be an idiot
01:17:20 <DuB`> o fine
01:17:32 <DuB`> I'm gonna overdose on salt with all this canned stuff though lol
01:18:04 <Dot`> just liquadise a pizza
01:22:31 <Camail> dub you did so much cardio your heart was too healthy
01:22:35 <Camail> we gotta harden that heart
01:22:40 <Camail> keep the blood out
01:23:11 <Dot`> we should drain his blood
01:23:21 <Camail> the old cures
01:23:24 <DuB`> That's what caused the problem in the first place!
01:26:27 <DuB`> I was doing so well on my exercise goal and now I just have to sit around for a week+ :(
01:42:43 -!- ZK|phone [~ZK@188.206.68.243] has joined #tlponies
01:44:37 <Camail> lmao everyone is talking about that b set up
01:44:54 <Camail> basically "thank god they won or else stewie would hate himself"
01:49:57 <Camail> they will 100% never run that strat again
01:50:17 <Camail> that was a "we're on fire we can out aim them and put them in the grinder"
01:50:32 <Camail> they out aimed but not THAT much
01:50:54 <Camail> they over estimated their individual skill in compared to essentially 4 of the top 10 in terms of aim
01:51:47 <Camail> which is fair, you have to commit to that strat without a whole lot of thought behind it, but its was still really dumb
01:58:04 -!- ZK-phone [~ZK@a83-162-238-37.adsl.xs4all.nl] has joined #tlponies
02:00:15 <Camail> interesting, csgo hit 1.1m on twitch, which broke the record for a single stream
02:00:19 <Camail> csgo > league
02:00:51 <DuB`> Way hype, more watchable
02:00:51 <DuB`> ez
02:14:39 <Camail> I tried not to watch the radar as much, usually I'm not even watching the game
02:15:04 <Camail> also its good practice to take a mental snapshot and let the information process while refocusing on the crosshair
02:23:21 <Camail> still riding this high
02:24:04 <Camail> dub i wish you could really appreciate how godlike that juri play from infiltration was
02:41:27 <DuB`> I just skimmed for now and bookmarked, will watch more later
03:27:23 -!- Dot`_ [~quassel@90.201.224.197] has joined #tlponies
03:44:55 <Camail> fun stats https://pbs.twimg.com/media/DUqpiKaXcAAPsza.jpg:large
04:21:45 -!- Dot` [~quassel@90.201.224.197] has joined #tlponies
04:50:30 -!- ZK|phone [~ZK@188.206.75.224] has joined #tlponies
05:06:16 -!- ZK-phone [~ZK@a83-162-238-37.adsl.xs4all.nl] has joined #tlponies
05:06:40 -!- Rawr|Fone [~AndChat52@84-217-62-32.customers.ownit.se] has joined #tlponies
05:11:59 -!- Bio [~BioPon@108-72-8-181.lightspeed.stlsmo.sbcglobal.net] has joined #tlponies
05:13:12 <Bio> wew lad
05:17:54 -!- ZK|phone [~ZK@188.206.77.136] has joined #tlponies
05:35:44 -!- ZK-phone [~ZK@a83-162-238-37.adsl.xs4all.nl] has joined #tlponies
05:40:04 -!- Dot`_ [~quassel@90.201.224.197] has joined #tlponies
05:40:29 <Bio> mr dot
05:40:35 <Bio> is bed time
06:05:00 -!- Golly [~Golly@1.92-221-121.customer.lyse.net] has joined #tlponies
06:07:46 -!- ZK|phone [~ZK@188.206.76.153] has joined #tlponies
06:09:21 -!- ZK [~ZK@a83-162-238-37.adsl.xs4all.nl] has joined #tlponies
06:43:37 -!- Dot` [~quassel@90.201.224.197] has joined #tlponies
07:59:45 -!- Dot`_ [~quassel@90.201.224.197] has joined #tlponies
08:34:03 <Rawr|Fone> 🐴🐴🐴
08:52:56 -!- Dot` [~quassel@90.201.224.197] has joined #tlponies
09:09:15 -!- Dot`_ [~quassel@90.201.224.197] has joined #tlponies
09:20:11 <CockRoach|42> .tell Dot` pls calm down
10:01:48 <Dot`_> hmmm
10:01:49 <Dot`_> odd
10:01:56 <Dot`_> morning
10:08:29 <Dot`_> Rawr rawr rawr
10:14:47 <Rawr|Fone> Dot dot dot
10:16:33 <Dot`> <3
10:22:00 <Rawr|Fone> <3
10:22:38 <Dot`> .tell skram https://www.reddit.com/r/UnearthedArcana/comments/7to4gb/path_of_the_mildly_irritated_for_the_barbarian/
10:30:40 <Dot`> hows your face rawr
10:35:38 <Rawr|Fone> Great!
10:35:45 <Dot`> This is good
10:35:45 <Rawr|Fone> What a boat your face dot
10:47:58 <Dot`> im ok rawr, work in 5 minutes
10:50:10 <Dot`> later pons
10:50:37 <CockRoach|42> be the best work you can be, Dot`!
11:17:17 -!- Rawr|Phone [~AndChat52@m83-185-91-219.cust.tele2.se] has joined #tlponies
11:42:46 -!- Golly [~Golly@1.92-221-121.customer.lyse.net] has joined #tlponies
11:55:37 -!- Dot`_ [~quassel@90.201.224.197] has joined #tlponies
12:11:12 -!- Dot` [~quassel@90.201.224.197] has joined #tlponies
12:42:06 -!- Dot`_ [~quassel@90.201.224.197] has joined #tlponies
13:13:32 -!- skram [~skram@109.203.14.204] has joined #tlponies
13:14:08 <skram> lads
13:25:05 <CockRoach|42> skram
13:29:30 <skram> CockRoach|42
14:04:40 <Bio> m8
14:07:57 <skram> bio my boi
14:08:10 <Bio> greetings
14:15:36 -!- reification [~reificati@cpc76294-cosh16-2-0-cust297.6-1.cable.virginm.net] has joined #tlponies
14:15:36 -!- mode/#tlponies [+v reification] by Q
14:15:58 <reification> hello tlp
14:16:05 <reification> https://i.imgur.com/nYLWUN2.gifv
14:16:17 <reification> rawr https://www.reddit.com/r/2healthbars/comments/7b1eqo/pure_golden_goodness/
14:16:41 <skram> good evening reef
14:17:02 <reification> where are you that it’s evening already?
14:17:22 <Bio> mornen
14:18:50 <skram> sun's about to go down reif
14:22:35 <Rawr|Phone> Thank you reef reef
14:22:48 <Rawr|Phone> Oh look it's the jonas
14:23:00 <Rawr|Phone> My favorite jonas in all the land
14:28:04 <skram> kjære henrik
14:29:05 <Rawr|Phone> My dearest jonas
14:29:19 <skram> <3<3
14:31:34 <Rawr|Phone> ❤❤
15:10:24 <Dot`_> I am home, hello horses
15:10:34 <skram> Bjørn old chum
15:11:04 <Dot`_> skram pal of mine
15:15:41 -!- tredc [~AdiIRC@c83-251-161-94.bredband.comhem.se] has joined #tlponies
15:19:14 <Rawr|Phone> Dot dot dot
15:22:54 <Dot`> Rawr rawr rawr
15:22:55 <Dot`> <3
15:23:50 <Rawr|Phone> <3
15:36:42 -!- Rawr|Fone [~AndChat52@84-217-62-32.customers.ownit.se] has joined #tlponies
15:42:33 <Bio> nej
15:43:21 <Bio> http://i0.kym-cdn.com/entries/icons/original/000/001/593/peopledie.jpg
15:43:46 <Dot`> skram, Bio, i dont know what to do
15:43:52 <Bio> be horse
15:43:53 <Dot`> [EOD]Killawatt - Today at 3:21 PM
15:43:53 <Dot`> anything between 7 and 10pm dont work for me
15:44:16 <Dot`> you know where we start dnd at 7 and end at 11
15:44:47 <Dot`> all i have right now is annoynace
15:45:01 <Dot`> no sollutions
15:45:03 <reification> dot it looks like you’re trying to organise ppl
15:45:36 <Dot`> who the fuck takes 3 hours to eat supper
15:45:42 <skram> like between 7 and 10 any time ever
15:45:51 <Dot`> i have also seen him gaming multiple times, most days, at those times
15:45:58 <Dot`> yes skram...
15:46:03 <skram> what the fuck Dot`
15:46:33 <reification> unless it’s some formal dinner 3hrs is silly
15:48:26 <skram> i can do 8:30
15:49:06 <skram> or like anytime honestly but 10 is 11 here
15:49:51 <skram> maybe you should just tell him to make time once a week to not eat for 3 fucking hours or just not bother at all
15:55:15 <Dot`> Bio, what time you up on saturdays
15:58:35 <Dot`> or sunday
16:22:55 <Dot`> https://celebi-yoshi.deviantart.com/art/Horse-book-pounce-661523366
16:28:15 <Rawr|Fone> Dot
16:30:26 <Dot`> rawr
16:33:12 <Bio> as of currently 
16:33:50 <Bio> noto doing anything sat or sun
16:35:03 <Bio> or god forbid eat for 3h DURING dnd
16:35:07 <Bio> not like i give a carp
16:39:17 -!- carcinisation [webchat@cpc76294-cosh16-2-0-cust297.6-1.cable.virginm.net] has joined #tlponies
16:44:16 <Rawr|Fone> How has your day been dot
16:45:13 <Dot`> was ok till i had to deal with attitude form someone when i am just trying to orginise dnd
16:45:41 <Rawr|Fone> People are the worst dot
16:45:50 <Dot`> they really
16:45:52 <Dot`> are
16:52:49 -!- Rawr|Phone [~AndChat52@m83-185-81-64.cust.tele2.se] has joined #tlponies
16:56:08 <Bio> R E P L A C E D
16:56:33 -!- tredc [~AdiIRC@c83-251-161-94.bredband.comhem.se] has joined #tlponies
17:02:54 -!- Zounds [webchat@cpc108453-cowc8-2-0-cust8.14-2.cable.virginm.net] has joined #tlponies
17:03:02 <Zounds> hi
17:09:00 <Rawr|Phone> Bye
17:26:30 <Bio> hi
18:05:06 <Dot`> ponies
18:13:38 <Bio> dot hors
18:14:50 <Dot`> how are you bio
18:23:02 <Bio> i am okei
18:23:22 -!- tredc [~AdiIRC@c83-251-161-94.bredband.comhem.se] has joined #tlponies
18:44:50 -!- skram [~skram@109.203.14.204] has joined #tlponies
18:45:12 <skram> whats the word Dot`
18:45:41 -!- DuB` [~DuB@66.219.235.64] has joined #tlponies
18:45:42 <DuB`> Oof
18:45:56 <DuB`> Man, internal organs are the WORST
18:46:09 <Bio> I disagree
18:46:13 <Bio> broke ones tho
18:46:15 <Bio> perhaps
18:46:31 <Dot`> the word skram is im still too livid with his attitude to even think about solutoins
18:47:27 <Bio> bird skram
18:47:31 <Bio> bird is the word
18:47:58 <Bio> OOH MA MA MAO MUH MUH OOH MUH MAO MAO
18:48:17 <DuB`> wat happen?
18:50:58 <skram> Yeah I get that buddy
18:51:03 <skram> Hey dubster
18:51:09 <DuB`> hiyo
18:51:12 <skram> How's your insides today
18:52:05 <DuB`> Quite ouchie
18:52:42 <skram> But they're not falling out?
18:53:18 <DuB`> I mean, still bleeding a bit but they seem to be staying put :P
18:54:48 <skram> Good, good
18:57:51 <DuB`> Oh, I didn't realize monster hunter was gonna come to PC
18:57:57 <DuB`> Not for like 8 months, but hey
18:58:02 <DuB`> Always wanted to try it
19:02:31 <skram> I wanted to buy a nintendo today DuB` but i dont know if im gonna enjoy zelda enough to justify spending 500 dollarinos on it
19:06:53 <Bio> the 500 dollarydoo game
19:08:06 -!- DoT|Phone [~Dot@90.201.224.197] has joined #tlponies
19:08:16 <DuB`> Hmm
19:08:22 -!- tredc [~AdiIRC@c83-251-161-94.bredband.comhem.se] has joined #tlponies
19:11:48 <DoT|Phone> please get better dub
19:14:45 <DuB`> oke
19:26:32 -!- Rawr|Fone [~AndChat52@m83-185-245-96.cust.tele2.se] has joined #tlponies
19:26:50 -!- tredc [~AdiIRC@c83-251-161-94.bredband.comhem.se] has joined #tlponies
19:44:52 <carcinisation> i made it up the spire with ms silent \o/
19:45:08 <Bio> garts!
19:45:49 <Bio> i used a poison block strat for my kill with her
19:45:59 <Bio> and a strength stacking deck for the warrior
19:46:23 <Bio> had like 200+ heavy blade hits lel
19:51:52 -!- Zounds [webchat@cpc108453-cowc8-2-0-cust8.14-2.cable.virginm.net] has joined #tlponies
20:05:59 <carcinisation> yep those seem like the best options
20:06:12 <carcinisation> i got over 1000 poison on one enemy :D
20:10:27 -!- Yolteotl [webchat@243.77.126.78.rev.sfr.net] has joined #tlponies
20:14:59 <Dot`> https://mirroredsea.deviantart.com/art/Against-Illusions-and-Reality-697048193
20:26:01 <DuB`> Boy o boy time for some more chicken noodle soup
20:26:02 <DuB`> T_T
20:26:30 <skram> yay chicken noodle soop!
20:27:50 -!- Phearlock [~Phearlock@cm-84.215.115.144.getinternet.no] has joined #tlponies
20:27:50 -!- mode/#tlponies [+v Phearlock] by Q
20:30:29 <Phearlock> Evening ponypons
20:30:38 -!- tredc [~AdiIRC@c83-251-161-94.bredband.comhem.se] has joined #tlponies
20:30:40 <skram> greetings mr Phearlock
20:30:56 <DuB`> alloo
20:30:57 <Phearlock> hay
20:31:48 <DuB`> Nightcore - "Do You Know Da Wae"
20:31:51 <DuB`> The internet was a mistake
20:33:17 <skram> what a time we live in
20:35:02 <Phearlock> That sounds amazing but I don't want to be anywhere near it
20:35:10 <Phearlock> A bit like a nuclear explosion really.
20:40:34 <skram> its just unfunny honestly
20:40:41 <Bio> po
20:40:42 <Bio> ne
20:40:49 <skram> bio
20:40:50 <skram> the
20:40:50 <skram> boi
20:40:57 <Bio> skrm
20:40:58 <Bio> the
20:41:00 <Bio> dorf
20:41:34 <Bio> but dub
20:41:39 <Bio> do you know da wae
20:43:31 -!- Camail [~Camail@45.40.84.145] has joined #tlponies
20:43:31 -!- mode/#tlponies [+v Camail] by Q
20:46:02 <Bio> Cam does know da wae
20:48:48 <Camail> nope
20:49:22 -!- tredc [~AdiIRC@83.251.161.94] has joined #tlponies
20:54:36 <skram> Dot`: https://www.youtube.com/watch?v=5im6jbhaRhw
20:59:03 <Dot`> i dont understnad whats happening skram
21:00:12 <skram> Well we're all waiting for shrimp heaven dot
21:00:27 <Bio> and we want it NOW
21:32:09 <Bio> man moira is fun
21:32:31 -!- tredc [~AdiIRC@c83-251-161-94.bredband.comhem.se] has joined #tlponies
21:33:58 <Yolteotl> hi pones :)
21:35:30 <CockRoach|42> hi yolt
21:35:53 <Phearlock> hey =)
21:43:32 <CockRoach|42> https://www.youtube.com/watch?v=YBbBbY4qvv4
22:07:15 <skram> Dot` https://i.imgur.com/J8NER20.mp4
22:08:41 <Dot`> you got any cute dogs? or otters
22:09:00 <skram> sorry i dont deal in dog gifs
22:25:20 <Dot`> you need to diversify skram
22:31:26 <DuB`> Gym time being forcibly removed from my schedule has left me wondering what to do
22:31:36 <DuB`> Hardly have any study to do for tomorrow, too
22:32:05 <Phearlock> Read fanfics?
22:32:13 <Phearlock> Grab a building game
22:32:17 <DuB`> OOH
22:32:18 <DuB`> Actually]
22:32:29 <skram> Read my immortal, DuB`
22:32:32 <skram> the pinnacle
22:32:34 <DuB`> That reminded me, the sequel to Worm was started
22:32:40 <DuB`> skram I dunno wat thta
22:32:43 <DuB`> taht
22:32:44 <DuB`> that
22:32:45 <DuB`> >_>
22:32:46 <Dot`> dub, also edgedancer
22:32:57 <Dot`> it will take up a couple hours
22:32:59 <skram> you need to find out, DuB`
22:33:49 <skram> its (mostly) gay harry potter erotica
22:33:51 <skram> its great
22:34:26 <DuB`> ...
22:35:45 <Phearlock> "great"
22:35:57 -!- tredc [~AdiIRC@c83-251-161-94.bredband.comhem.se] has joined #tlponies
22:38:15 <Phearlock> Reading an oldie that I never got around to earlier, "The Age of Wings and Steel". It's pretty nice so far. So many OC's though, worried they're all gonna die.
22:39:19 <DuB`> That's fine, plenty of basashi!
23:21:12 <Bio> dub
23:21:17 <Bio> the answer is obvious
23:21:19 <Bio> more vidja
23:21:23 <DuB`> o i c
23:21:50 <DuB`> But I hurt, dunno what would be good to plej
23:24:55 -!- Rawr|Phone [~AndChat52@84-217-62-32.customers.ownit.se] has joined #tlponies
23:25:15 -!- tredc [~AdiIRC@c83-251-161-94.bredband.comhem.se] has joined #tlponies
23:25:24 <Bio> something high energy and fast twitch movements
23:25:36 <skram> osu!
23:25:37 <Bio> i recommend OW Ranked
23:25:37 <skram> perfect
23:25:42 <Bio> OSU as well
23:25:49 <DuB`> ouchie
23:41:28 <Bio> you need to work out your guts dub
23:44:12 <DuB`> Already done
23:44:44 <Bio> train them to be like iron
23:47:14 <Bio> https://www.youtube.com/watch?v=FsNsUZ2SZ7I
23:48:04 <skram> aaw jeez
23:49:03 <DuB`> ow ow ow
23:49:06 <DuB`> stop make laugh pls
23:49:07 <DuB`> hahah
