00:47:08 -!- Crisium [~Crisium@c-73-174-151-51.hsd1.pa.comcast.net] has joined #tlponies
00:52:58 <skrm> cris
00:57:54 <Crisium> ahoy
01:28:04 -!- reification [~reificati@cpc76294-cosh16-2-0-cust297.6-1.cable.virginm.net] has joined #tlponies
01:28:04 -!- mode/#tlponies [+v reification] by Q
01:59:47 <reification> night all
02:04:37 <skrm> gnight reifmannen
02:53:20 <Camail> skram why did you kill chat
02:53:24 <Camail> its so ded
02:53:34 <Camail> and it was last scene with you, in an alley
02:56:35 <skrm> :(
02:56:42 <skrm> eat my sh o rts
02:57:26 <DuB`> :O
03:00:13 <Camail> wow
03:00:19 <Camail> DUB CR
03:00:22 <Camail> but you cant watch
03:00:26 <Camail> because you didnt catch up
03:00:29 <Camail> you dirty boy
03:00:43 <Camail> literally the most high strung episode yet
03:00:55 <Camail> this is as tense as the kevdak episode
03:07:51 <skrm> im gonna watch it and ruin the entire fuckin thing so ill never have to watch it agani
03:16:18 <DuB`> That sounds unfun.
03:21:01 <DuB`> MonteCristo x LilSusie getting married!
03:21:05 <DuB`> ... RIGHT NOW, on stream
03:21:06 <DuB`> lol
03:21:13 <DuB`> https://www.twitch.tv/MonteCristo
03:21:42 <Camail> why is semmler marrying ppl on twitch
03:21:47 <DuB`> rofl
03:24:24 <Camail> FIRST ROUND AND ITS SO HYPE
03:24:28 <Camail> i'll be gone now
03:24:32 <Camail> no spoilers from me
03:24:42 <DuB`> :O
03:30:04 <skrm> if i ever get married, i want semmler to do it
03:31:29 <Camail> why not just marry semmler
03:31:48 <Camail> i genuinely like semmlers casting, i just dont hear it anymore
03:32:01 <Camail> owl contracts are tight
03:32:07 <skrm> :(
03:59:02 <Camail> AAAHHHHHH
04:21:29 -!- Rawr|Fone [~AndChat52@84-217-62-32.customers.ownit.se] has joined #tlponies
05:26:11 <Camail> AAAAAAAAAAHHHHHHHH
05:30:24 <Camail> OH FUCK
05:37:40 <Camail> beau is horny for KNOWLEDGE
06:31:48 -!- Golly [~Golly@cm-84.212.249.112.getinternet.no] has joined #tlponies
06:57:49 -!- skram [~skram@82.147.53.97] has joined #tlponies
07:11:45 -!- DoT|Phone [~Dot@50.115.159.143.dyn.plus.net] has joined #tlponies
07:11:53 <DoT|Phone> morning
07:14:56 <DuB`> G'morn dot!
07:15:04 <DoT|Phone> dub dub
07:15:33 <DoT|Phone> what you up to
07:17:06 <skram> good morning dot
07:17:37 <DoT|Phone> a Skram too!
07:18:11 <skram> a real human bean
07:20:32 <DoT|Phone> how are you doing Skram
07:20:43 <skram> tired as h e c k
07:20:50 <skram> good though, its the weekend now
07:22:22 <DoT|Phone> which means DnD sooon
07:23:16 <DuB`>  :D
07:42:37 <Camail> ew
07:42:39 <Camail> its skram
07:48:34 <skram> suck my diiiiiiiiiiick
08:00:32 <DuB`> Oh good, I have a new theme song for my next assimilator AI gestalt consciousness playthrough in stellaris
08:00:32 <DuB`> https://www.youtube.com/watch?v=gYG_4vJ4qNA&app=desktop
08:00:47 -!- DoT|Phone [~Dot@185.69.144.4] has joined #tlponies
08:00:57 <DoT|Phone> I blame cam
08:28:29 -!- reification [~reificati@cpc76294-cosh16-2-0-cust297.6-1.cable.virginm.net] has joined #tlponies
08:28:29 -!- mode/#tlponies [+v reification] by Q
08:30:30 <DoT|Phone> hey Reif
08:46:15 <reification> hi dotties
08:46:21 <DuB`> Reif!
08:47:58 <reification> dawb!
09:01:21 <DuB`> Everyone has ignored my OW-play inquiries all week. :P
09:01:29 <DuB`> Maybe fri-sat-sun will be better
09:03:58 <reification> prob not for me tho
09:04:23 <reification> gonna be away today then sister visiting at weekend
09:04:46 <DuB`> T_T
09:04:53 <DuB`> I am depriiiiiived
09:05:00 <DuB`> Enjoy though, family is nice :D
09:06:18 -!- zk [~androirc@62.140.137.93] has joined #tlponies
09:06:58 <zk> Boop
09:07:25 <DuB`> zk!
09:07:27 <DuB`> How rare.
09:07:51 <zk> Hi dub!
09:08:04 <DuB`> Whatchu up to?
09:08:07 <zk> I come on every once in a while!
09:08:10 <zk> Work mostly
09:08:28 <zk> I do theatre and improv a lot too now
09:08:40 <DuB`> I will be the work, but not until next summer :P
09:08:46 <zk> Started own improv troupe, trying to find name
09:08:46 <DuB`> School and free time for now!
09:08:52 <DuB`> Oooh
09:09:00 <zk> Tried to go with dead pony society
09:09:04 <DuB`> Haha
09:09:15 <zk> But someone really hates dead poets society
09:09:44 <zk> Now is between purple pony society and Tickle Turtle Troupe
09:09:46 <zk> I think
09:09:59 <DuB`> Equally silly
09:10:08 <reification> both quite zk
09:10:09 <zk> Yes!
09:10:15 <zk> You awake late dub
09:10:20 <zk> Hi reif
09:10:31 <DuB`> 2am, no classes or responsibilties tomoro :D
09:11:13 <DoT|Phone> dub is a rebel
09:11:31 <DoT|Phone> .roll d20 to beep zk
09:14:06 <zk> .roll d20 to boop dot
09:14:30 <zk> How work for you dot?
09:15:23 <DoT|Phone> good. writing an fds then got to write the program bit
09:15:26 <DoT|Phone> you?
09:15:31 -!- carcinization [~reificati@cpc76294-cosh16-2-0-cust297.6-1.cable.virginm.net] has joined #tlponies
09:15:31 -!- mode/#tlponies [+v carcinization] by Q
09:15:49 <DuB`> Dot is a pro engineer
09:15:56 <DuB`> However I'm not sure he knows much about engines at all
09:17:11 <carcinization> what about ears?
09:17:16 <DoT|Phone> actually! most of my mechanical theory was about engines
09:17:37 <DoT|Phone> and a lot of my electrical was on motors/generators
09:17:55 <DuB`> Oh well then
09:18:00 <DuB`> The realest engineer
09:18:05 <DoT|Phone> all completely useless to what I do
09:18:18 <DuB`> I see I see
09:19:11 <DuB`> We shall make engines in Satisfactory
09:20:26 <DoT|Phone> yes
09:20:29 <DoT|Phone> and trains
09:20:41 <DoT|Phone> trains are the best part of factorio
09:23:39 <zk> Trains go fast
09:23:47 <zk> But not as fast as spaceships
09:24:06 <zk> I'm programming an app for delivery services
09:24:19 <zk> Cause they still use the same app since the 90s
09:25:15 <zk> I'm jealous of dub and his no responsibilities
09:26:31 <DuB`> Just for one more semester
09:26:35 <DuB`> Then BIG CITY and BIG WORK
09:28:27 <Rawr|Fone> 🐎🐎🐎
09:29:05 <DoT|Phone> Rawr Rawr Rawr
09:29:16 <Rawr|Fone> DoT DoT DoT
09:29:19 <DoT|Phone> 💖💖💖
09:29:20 <Rawr|Fone> 💖💖💖
09:29:36 <DoT|Phone> I had a dream we levelled up in DnD dub
09:29:36 <Rawr|Fone> The little dub is almost all grown up now dot
09:29:44 <DuB`> lolol DoT|Phone
09:29:46 <DoT|Phone> never going to happen though
09:30:17 <DoT|Phone> I'm very proud Rawr
09:30:34 <DoT|Phone> now you just have to choose what you want to do Rawr
09:30:47 <Rawr|Fone> 🤔🤔🤔
09:31:02 <DoT|Phone> nothing
09:31:09 -!- reification [~reificati@cpc76294-cosh16-2-0-cust297.6-1.cable.virginm.net] has joined #tlponies
09:31:09 -!- mode/#tlponies [+v reification] by Q
09:31:10 <zk> Why won't you level up? :o
09:31:14 <zk> Hi reif
09:31:39 <DuB`> Bio does not allow progress
09:31:41 <DuB`> Only frog slaughter
09:31:46 <DuB`> Frog genocide
09:32:54 <DoT|Phone> that one session of ottus being ok with mass murder is still haunting us
09:33:40 <zk> Who is ottus?
09:33:43 <DuB`> Frogs don't go to Dnd heaven
09:34:20 <DoT|Phone> my halfling paladin
09:35:16 <DoT|Phone> they seemed aggressive at the time!
09:36:37 <zk> Poor frogs
09:40:36 <DuB`> They WERE quite poor...
09:40:45 <DuB`> Just chests full of copper coins...
09:40:57 <DuB`> We slaughtered them for pennies.
09:41:18 <DoT|Phone> need to slaughter lizards too even it out
09:41:34 <DoT|Phone> it's all about balance
09:41:36 <DoT|Phone> right?
09:41:54 <DuB`> We should
09:42:41 <DoT|Phone> how badly you think we will mess with bio if we decide to go out to the battle
09:43:06 <DuB`> lul
09:43:35 <zk> Won't he tpk then?
09:43:47 <DoT|Phone> lol probably
09:44:04 <zk> I thought dot was running a campaign no?
09:44:13 <DoT|Phone> but dub can probably sit in the castle with bow and pot shot them
09:44:37 <DuB`> And skulker means I can do so without being revealed!
09:44:43 <DuB`> ... I never use that feat.
09:44:57 <DoT|Phone> I ran lmop zk and will run something once this module is done
09:45:22 <DoT|Phone> to give bio a break before he runs second part
09:47:06 <DoT|Phone> we can head back up to that ghost tower. we had a nice view there
09:48:36 <DoT|Phone> we killed about 20 frogs to unbalance the situation. so killing about 10 lizard folk should solve it.
09:48:52 <DoT|Phone> we will kill a few more just to be safe
09:49:52 <DuB`> Perfec
09:49:58 <DuB`> Now I 3am sleep >_>
09:51:55 <DoT|Phone> Gnight dubs
09:52:26 <zk> Ooh you actually finished it dot?
09:54:55 <zk> Oh wait, lost mine is pretty short
09:58:17 <DoT|Phone> yea
09:58:42 <DoT|Phone> going to run Waterdeep Dragon heist I think next
09:58:45 <DoT|Phone> also sort
09:58:48 <DoT|Phone> short
10:09:52 <zk> Oooh a heist
10:09:55 <zk> Fun
10:11:47 <zk> Oh damn, gonna have a sequel
10:11:52 <DoT|Phone> it actually has no heist in it lol. wotc lies
10:11:58 <zk> That brings characters from level 5 to 20
10:12:00 <DoT|Phone> but I'm going to add
10:12:09 <DoT|Phone> yes. mad mage
10:12:40 <reification> laters all
10:13:00 <DoT|Phone> later Reif
10:13:21 <DoT|Phone> but I'll go to storm kings thunder I think
10:13:23 <zk> 15 level dungeon crawl
10:13:26 <zk> Crazy
10:13:34 <DoT|Phone> if we decide to go on
10:13:39 <zk> Yea, it's prefer other ones to
10:13:42 <zk> I think
10:14:02 <zk> I miss dnd somewhat, kinda replaced it with improv now
10:26:14 -!- zk [~androirc@62.140.137.93] has joined #tlponies
11:07:15 <Rawr|Fone> Beep boop
11:08:37 <DoT|Phone> Rawr Rawr
11:09:21 <Rawr|Fone> DoT DoT
11:09:24 <Rawr|Fone> How ks
11:09:27 <Rawr|Fone> Is work
11:14:16 <DoT|Phone> it's good Rawr
11:16:56 <DoT|Phone> and how's pong ping
11:17:34 <Rawr|Fone> Gooood, just got a new bat
11:18:07 <DoT|Phone> a racket you mean?
11:18:13 <DoT|Phone> that's great
11:34:09 <Rawr|Fone> I have heard several different terms in english
11:34:24 <Rawr|Fone> Paddle, bat, racket, blade
11:37:06 <DoT|Phone> paddle is ping pong, bat is cricket. racket is tennis. don't know blade
11:38:01 <Rawr|Fone> I think they are all valid
11:38:17 <Rawr|Fone> The blade is the wooden part, without the rubbers
11:38:29 <DoT|Phone> there is no cricket racket or tennis bat
11:39:13 <DoT|Phone> snela
11:44:45 -!- Rawr|Phone [~AndChat52@m83-185-86-238.cust.tele2.se] has joined #tlponies
11:46:50 <DoT|Phone> zk. did you make it to hsc?
12:23:23 -!- tredc [~tredc@c83-251-171-176.bredband.comhem.se] has joined #tlponies
12:28:13 <zk> Oh yea, i was at hsc!
12:28:18 <zk> Was with team mates
12:28:18 -!- reification [~reificati@host86-131-101-143.range86-131.btcentralplus.com] has joined #tlponies
12:28:47 <zk> I'm in some pics, got a shot from stephano
12:28:51 <zk> Was nice
12:28:58 <reification> fame!
12:29:39 <zk> Next time we might rent a large airbnb and go with like 10 people
12:29:48 <zk> Will be fun
13:02:15 <Rawr|Phone> Dot search for table tennis bat and tell me what comes up
13:07:48 <reification> what exacty are you expecting to happen rawr?
13:08:35 <Rawr|Phone> Dot says it is not called a bat anywhere
13:10:33 <reification> how batty
13:10:46 <Rawr|Phone> Indeed
13:17:29 <DoT|Phone> I believe I said it's a paddle not that it wasn't a racket
13:23:43 <Rawr|Phone> What about bat though
13:24:27 <DoT|Phone> Rawr Google sea pancakes
13:25:41 <DoT|Phone> ppl on the internet always name things wrong
13:28:43 <Rawr|Phone> I do not see the problem
13:29:25 <zk> Sea Pancakes are cool
13:29:55 <DoT|Phone> Google is not a reliable source of proof Rawr. it's a paddle
13:30:11 <DoT|Phone> and hence can be used pon a row boat
13:31:20 <DoT|Phone> on*
13:32:59 <zk> Sea Pancakes for row boats?
13:33:07 <DoT|Phone> yes
13:33:22 <Rawr|Phone> You are not a reliable source dot
13:34:49 <DoT|Phone> very rude Rawr
13:44:05 -!- reification [~reificati@host86-131-101-143.range86-131.btcentralplus.com] has joined #tlponies
13:47:50 -!- Rawr|Fone [~AndChat52@84-217-62-32.customers.ownit.se] has joined #tlponies
13:50:33 -!- zka0y [~androirc@hades02.ict.nl] has joined #tlponies
14:06:44 <reification> https://gfycat.com/KindheartedIcyBoar
14:08:15 -!- Rawr|Phone [~AndChat52@m83-185-86-238.cust.tele2.se] has joined #tlponies
14:08:33 <zka0y> Go canada!
14:46:17 -!- Rawr|Fone [~AndChat52@84-217-62-32.customers.ownit.se] has joined #tlponies
15:07:54 <Rawr|Fone> 🐴🐴🐴
15:19:26 -!- DoT|Phone1 [~Dot@85.255.235.68] has joined #tlponies
15:37:06 <reification> 🦄🦄🦄
15:42:39 <DoT|Phone1> ponies please
15:43:59 <Rawr|Fone> .|📱🥇 pls
15:45:53 -!- skram [~skram@82.147.53.97] has joined #tlponies
15:46:19 <DoT|Phone1> Skram
15:48:31 <skram> yeah bud
15:49:41 <skram> oh, i think i got someone to knit you some socks, dot
15:52:04 <DoT|Phone1> what??
15:52:06 <DoT|Phone1> really??
15:52:20 <skram> yeh
15:52:54 <DoT|Phone1> Hahaha
15:53:03 <DoT|Phone1> amazing
15:54:13 <skram> I gave my coworker a bunch of chocolates I made and he said his wife would
15:56:11 <DoT|Phone1> :D
16:04:00 <DoT|Phone1> how are you doing otherwise Skram
16:15:03 <skram> ah its good
16:15:07 <skram> got me some pizza
16:15:15 <skram> how's work
16:16:07 <DoT|Phone1> heading back to Bakewell
16:16:11 <DoT|Phone1> there is pizza there
16:16:40 <skram> wonderful
16:21:14 -!- DoT|Phone [~Dot@85.255.235.68] has joined #tlponies
16:27:03 -!- DoT|Phone1 [~Dot@148.252.128.166] has joined #tlponies
16:29:36 <DoT|Phone1> reached the dales
16:29:39 <DoT|Phone1> back soon
16:29:55 -!- DoT|Phone [~Dot@148.252.128.166] has joined #tlponies
16:32:10 -!- DoT|Phone1 [~Dot@148.252.128.166] has joined #tlponies
16:37:19 <reification> lucky dot. socks for christmas :O
16:37:33 <reification> time for me to travel too. laters
16:38:27 <DoT|Phone1> this irc is useless
16:38:37 <DoT|Phone1> I told it to disconnect
16:39:03 <DoT|Phone1> it will be the best gift Reif
16:45:14 -!- DoT|Phone [~Dot@85.255.236.52] has joined #tlponies
16:53:08 -!- DoT|Phone1 [~Dot@85.255.233.98] has joined #tlponies
17:13:34 -!- Dot [~quassel@2.123.162.185] has joined #tlponies
17:13:49 <Dot> rses
17:13:55 <Dot> horses
17:13:58 <Dot> there we go
17:15:49 <Rawr|Fone> DoT
17:16:12 <Dot> RawR
17:16:49 <Rawr|Fone> 💖💖
17:18:35 <Dot> <3 <3
17:20:56 <skram> im going outside
17:20:59 <skram> wish me luck
17:21:09 <Dot> dont do it
17:21:12 <Dot> i did and now i am sick
17:21:19 <Dot> probably lack of warm sicks
17:21:21 <Dot> socks
17:48:55 -!- Dot` [~quassel@2.123.162.185] has joined #tlponies
18:34:52 -!- DuB` [~DuB@66-219-235-226.dynamic.ip.veracitynetworks.com] has joined #tlponies
18:34:58 <DuB`> Hallu
19:01:18 <DuB`> No hallu
19:10:35 -!- reification [~reificati@cpc76294-cosh16-2-0-cust297.6-1.cable.virginm.net] has joined #tlponies
19:10:35 -!- mode/#tlponies [+v reification] by Q
19:11:21 <Rawr|Fone> Hallu DuB`
19:11:25 <DuB`> Oh phew
19:11:27 <Rawr|Fone> And reef reef
19:11:30 <DuB`> I thought all the pons were ded
19:11:38 <Rawr|Fone> Almost
19:11:40 <reification> hello rawr and dubbles
19:23:54 -!- reification [~reificati@cpc76294-cosh16-2-0-cust297.6-1.cable.virginm.net] has joined #tlponies
19:23:55 -!- mode/#tlponies [+v reification] by Q
19:39:01 <Rawr|Fone> Where is dot
19:40:04 <reification> he was travelling back to bakewell
19:40:26 <reification> weren't you taking care of him while i was gone?!
19:46:49 <DuB`> I was all alone here when I arrived here D:
19:47:22 -!- Camail [~Camail@45.40.84.145] has joined #tlponies
19:47:22 -!- mode/#tlponies [+v Camail] by Q
19:49:37 -!- Dot [~quassel@2.123.162.185] has joined #tlponies
20:15:15 -!- Zounds [webchat@cloak-wmbqgxv5.14-2.cable.virginm.net] has joined #tlponies
20:20:20 <DuB`> Heyo zoundo
20:21:11 <Dot> DUB
20:21:14 <Dot> what you do
20:21:51 <DuB`> Nuffin
20:22:02 <DuB`> Sorta bore
20:22:03 <Dot> lies
20:22:55 <Dot> i found a thing phearlock must see but he isnt here D:
20:23:21 <DuB`> D:
20:23:28 <Dot> look dub, rarara https://66.media.tumblr.com/3f45663961345df63354cc497dea72db/tumblr_pizazbETMj1w75dofo4_1280.jpg
20:23:53 <Dot> its a fashion horse
20:24:07 <DuB`> v fashe
20:24:56 <DuB`> Ah, X4 came out today
20:25:05 <DuB`> Mixed steam reviews based on .5 hrs playtime :P
20:25:14 <Dot> lol
20:25:21 <Dot> did you end up triying star citizen for free?
20:25:27 <DuB`> o no
20:25:32 <Dot> rip
20:25:39 <Dot> you missed out on space
20:26:55 <DuB`> Is it REALLY free though?
20:26:58 <DuB`> Or is it $3000
20:29:41 <Zounds> is that game a thing yet
20:30:02 <Dot> not for another 40 years zounds
20:31:08 <DuB`> Never space
20:32:23 <Zounds> Ah it's too bad
20:38:40 <Camail> dub pls
20:39:02 <Camail> we all know you spent all your money on secret space stuff
20:43:53 <DuB`> Well that makes no sense
20:44:06 <DuB`> The only reason to spend money on space stuff is to show off to space friends
20:45:17 <Camail> you have secret space friends
20:51:51 -!- Dot [~quassel@2.123.162.185] has joined #tlponies
21:05:23 <DuB`> I need phear to get X4 first and give me an honest review :P
21:05:26 <DuB`> $50!
21:18:03 -!- skram [~skram@82.147.53.97] has joined #tlponies
21:18:32 <skram> i survived Dot
21:19:06 <DuB`> !
21:20:12 <skram> oh wow
21:20:14 <skram> a real dub
21:20:22 <DuB`> I think so.
21:20:31 <skram> wonderful
21:27:33 <Camail> zounds skram dub 2v2 shootbangs?
21:29:23 <Zounds> im up for it if the others are
21:30:07 <Dot> skram, great
21:30:27 <skram> can you do inhouse 2v2s cam
21:30:43 <Camail> we can find a communtiy server
21:30:59 <skram> i'd be up for that
21:31:01 <Camail> i saw a couple the first time i searched
21:31:05 <Camail> dub dub dub
21:38:07 <DuB`> Was about to ask if overwatches today :P
21:38:13 <DuB`> CSGO works too
21:41:09 <skram> discord bois?
21:44:52 <Camail> join 45.33.111.116:29015
21:45:02 <Camail> zounds do that
21:45:30 <Camail> sorry
21:45:32 <Camail> its 
21:45:34 <Camail> connect 45.33.111.116:29015
21:46:16 <Zounds> k
21:46:19 <Zounds> having mic issues
21:57:34 -!- Crisium [~Crisium@c-73-174-151-51.hsd1.pa.comcast.net] has joined #tlponies
21:59:30 -!- Golly [Golly@cm-84.212.249.112.getinternet.no] has joined #tlponies
22:07:28 <Camail> connect 94.250.213.70:27015
22:15:07 <Dot> Crisium!
22:15:13 <Crisium> howdy
22:17:14 <CockRoach|42> Dot: why do you hate doggos? :((((
22:17:18 <CockRoach|42> https://www.reddit.com/r/DnD/comments/a1tj0e/art_dungeons_and_doggos_78_spotads_shop/
22:17:29 <Dot> DOGGOS
22:18:23 <Dot> AAAAHHHHHH!!!
22:18:33 <CockRoach|42> :OOOOO
22:18:36 <CockRoach|42> AAAAAHHHHHH
22:53:11 <Dot> skram https://imgur.com/gallery/dl7E00X
22:56:45 <CockRoach|42> https://imgur.com/gallery/75b9TsG
23:14:43 -!- Bio [~BioPon@97.70.181.149] has joined #tlponies
23:14:44 <Bio> hej
23:14:49 <Bio> what a week
23:14:49 <Dot> hedge
23:14:58 <Bio> so fuckin busy
23:16:08 <Bio> but now
23:16:14 <Bio> i can put on my pikachu slippers
23:16:21 <Bio> and play the fuckin switch i just got
23:16:25 <Bio> hellz yeah bois
23:20:51 <Dot> this is unfair, i had to get a washing machine, bio got a switch
23:22:48 <Bio> this is why i went for the appt with one already in
23:23:14 <Dot> that would hve been a nice choice
23:25:13 -!- reification [~reificati@cpc76294-cosh16-2-0-cust297.6-1.cable.virginm.net] has joined #tlponies
23:25:13 -!- mode/#tlponies [+v reification] by Q
23:38:18 <CockRoach|42> .tell Rawr|Fone https://imgur.com/gallery/b1bmDu5
23:46:30 <Bio> asdf
23:51:44 <reification> https://twitter.com/bunnyarchive/status/1068326992624451584
