00:00:34 <Rawr|Phone> Dot shouldn't you be asleep
00:00:42 <Dot> probably
00:00:43 <Dot> and you rawr
00:00:55 <Rawr|Phone> Yes
00:01:00 <Rawr|Phone> Me too
00:01:17 <Dot> gnight rawr|hest
00:04:35 <Rawr|Phone> Gooooood night
00:13:09 <Dot> skram, you got your thing yet?
00:21:22 <skrma> no its sitting in the mail warehouse 20 minutes from me and has been for a goddamn week
00:21:36 <Dot> >:(
00:24:17 <Dot> one of merle's poficiencies is "Bleedling"
00:37:12 <skrma> well that sounds accurate
00:47:43 <Bio> pone
00:55:40 <Cane> Camail, rapha and DaHanG are finally playing.
00:55:42 <Cane> If you're tuning in.
01:00:11 -!- DuB` [~DuB@c-73-170-224-203.hsd1.ca.comcast.net] has joined #tlponies
01:01:15 <skrma> look at this guy though
01:02:44 <DuB`> Pls do not
01:02:53 <skrma> im lookin real hard
01:03:06 <skrma> this dub is friend shaped
01:03:22 <DuB`> tehe
01:04:55 <DuB`> OWL finals!
01:05:02 <skrma> how you been dubbles
01:05:03 <DuB`> I also have no bois sky now
01:05:13 <skrma> oh dang
01:05:22 <skrma> you should join me and camail in our quest for ???
01:05:34 <DuB`> Oh I do love ???
01:05:39 <DuB`> Also space
01:06:08 <skrma> well theres a lot of it
01:06:13 <DuB`> Now I can stop pretending to be an astrosplorer in Space Engine and ACTUALLY astrosplore
01:06:47 <skrma> We made poo iglos and stole eggs from the evil bugs
01:07:14 <DuB`> :D
01:07:24 <DuB`> I would like my own poogloo
01:07:40 <DuB`> (If my net allows stable connection)
01:08:03 <DuB`> Also, leaving this podunk east bay town in 2 week, back to good net
01:08:19 <skrma> woo!
01:08:55 <skrma> I went to an actual town yesterday and ate food
01:09:08 <skrma> such decadence
01:09:17 <DuB`> wew
01:09:26 <DuB`> SF is a USA Top 3 food city!
01:09:38 <DuB`> I get a different thing for lunch every day :D
01:10:13 <skrma> well I get all the boiled liver I can eat for lunch'
01:10:58 <DuB`> the wat now...
01:11:30 <DuB`> I got an onigiri with wasabi and tuna salad, and another with teriyaki tofu
01:11:37 <DuB`> v gud
01:12:02 <skrma> so metropolitan
01:13:03 <skrma> DuB`: https://www.youtube.com/watch?v=4FsxEYU5v4k
01:13:30 <DuB`> Also my assigned "buddy" mentor quit amidst drama and was escorted out of the building
01:13:36 <DuB`> So that was exciting
01:13:37 <DuB`> rofl
01:13:49 <skrma> wait hold on
01:14:01 <skrma> tell me about this drama
01:14:11 <DuB`> oke
01:14:11 <DuB`> so
01:14:11 <skrma> is it because you put tuna in the breakroom microwave
01:14:15 <DuB`> lolol
01:15:00 <DuB`> Our State and Local tax team is 2 partners, 2 managers, and 4 or 5 regular staff
01:15:20 <DuB`> Everyone but the partners and 1 manager knew she was gonna leave and had an offer from a competitor firm for the whole week
01:15:51 <DuB`> She had... aired some grievances... to a few of us in private
01:16:27 <DuB`> So we were all sittin' there this morning knowing she's about to drop this news on our boss outta nowhere
01:17:12 <DuB`> He didn't take it super well (understandably, I think)
01:17:18 <skrma> Its always good to burn your bridges on the way out
01:17:45 <DuB`> She intended it to be her prior notice of resignation or whatever, and was gonna stay next week
01:18:25 <DuB`> But boss invoked a policy about people moving to competitors where you have to leave immediately upon announcing - meant to protect confidential info and client relationships, etc
01:18:56 <DuB`> So boss and the rest of the team went out for coffee while she immediately cleared out her station and was escorted out of the building by HR folks
01:19:22 <DuB`> We went back upstairs, her desk was empty, and we resumed work as usual :P
01:19:27 <skrma> She sounds like a bit of a bitch, DuB`
01:19:28 <Crisium> nice
01:19:31 <Crisium> be gone!
01:19:36 <DuB`> lol
01:19:38 <DuB`> I mean
01:20:00 <DuB`> A lot of her complaints were reasonable
01:20:04 <DuB`> But she was
01:20:20 <DuB`> And a lot of her complaints were things that didn't need to be bottled up and could have been discussed with boss
01:20:41 <DuB`> 30% pay raise at competitor firm, too...
01:20:54 <skrma> oh dang
01:21:06 <skrma> for that kind of pay raise id even throw in a temper tantrum
01:21:13 <DuB`> ;D
01:21:49 <DuB`> It's one of the firms I'll be interviewing with for fulltime for next year 
01:22:02 <DuB`> So... I guess I have an inside reference now? :P
01:22:08 <skrma> hell yeah
01:23:41 <DuB`> Anyway
01:24:18 <DuB`> I've been killin' it, bossman likes me and said right out that I'd have a fulltime offer waiting for me at the end of the internship
01:24:48 <skrma> fuck yeah buddy
01:25:30 <DuB`> Right now I think I'd rather go Big 4 firm, but it's good to have option as backup or whatevs
01:25:46 <skrma> well at least you have something
01:26:06 <DuB`> yepyep
01:26:18 <skrma> finishing school and then having nothing to go to is a super shitty feeling
01:26:19 <skrma> trust me
01:26:40 <Bio> relatable
01:28:09 <skrma> yeah buddy
01:28:12 <Bio> skarmen i napped
01:28:17 <Bio> instead of doing dnd
01:28:22 <Bio> i'm the lazyest horse
01:28:39 <skrma> do you want me to help you out with the hat designs you'll need for next session?
01:28:44 <Bio> ye
01:29:07 <Bio> my excuse is the 1100 miles i drove in 2 days =P
01:29:10 <skrma> https://images-eu.ssl-images-amazon.com/images/I/41wuvVolF-L._US500_.jpg
01:29:30 <skrma> what town did you go to bio the boi
01:29:31 <DuB`> That's a lotta milos
01:29:52 <Crisium> wow Dub is gonna be SF forever
01:29:58 <Bio> some little manufacturing/engineering town in michigan
01:30:23 <skrma> detroit? :P
01:30:31 <Bio> fairly close actually]
01:30:52 <DuB`> Just a lil' place, detroit ;D
01:31:00 <DuB`> I mean, it's no SF buuuut
01:31:09 <Bio> its like
01:31:13 <Bio> 1h away from detroit
01:31:18 <Bio> maybe less
01:34:56 <DuB`> Did you
01:34:58 <DuB`> become human
01:35:10 <skrma> ??
01:35:47 <Camail> dub go home
01:36:17 <DuB`> home is faaaar
01:36:17 <Camail> you deserve to leave
01:36:19 <Camail> and never show your face again
01:36:20 <DuB`> o speaking of
01:36:36 <DuB`> It's not for 3 weeks but I go on airlane Aug18, no DnD
01:36:39 <DuB`> airplane
01:36:49 <Camail> sit on the tarmac
01:36:53 <Camail> for like 7 hours
01:36:57 <Camail> and just pretend to be a plane
01:37:12 <Camail> also dub lets fuckin do space stuff
01:37:17 <DuB`> yeooo
01:38:02 <DuB`> sec, maybe dinner now
01:38:44 <Camail> fine
01:38:53 <Camail> skram will be sitting here, crying
01:38:55 <Camail> in his space ship
01:39:06 <Camail> with his kinda offensive number of materials
01:39:10 <skrma> jokes on you
01:39:13 <skrma> im always crying
01:42:19 <DuB`> skrma I will be the one to make you happy
01:42:38 <skrma> theres only one seat in this space ship
01:43:36 <DuB`> Room for one is cozy cuddle room for two
01:44:10 <skrma> C:
01:48:23 <Camail> GAY
01:48:29 <Camail> but also you get your own ship
01:48:36 <Camail> and we need to find somewhere to build a base
01:48:46 <Camail> i should go make the b engine
01:48:49 <skrma> yess
01:50:53 <DuB`> Did they animated the bee movie using
01:50:59 <DuB`> the b engine
01:51:35 <Camail> /ban DuB`
01:51:54 <DuB`> probly ban
01:52:17 <DuB`> Why is bnet launcher showing OW price in euros
01:52:21 <Camail> i am back in discrawd for whenever u fuks decide to play
01:52:27 <DuB`> I am so far from euro
01:52:31 <Camail> because you are on the eu server, obv
01:53:00 <DuB`> I am in True American West land
01:53:48 <DuB`> salmon food time
01:58:34 <Cane> Camail, good timing, rapha+DaHanG are just about to start a 2v2 match.
01:58:39 <Cane> How you doin'?
01:59:01 <Camail> oh nice
01:59:12 <Camail> i'm doing good, glad to be playin stuff with tlp
02:06:38 <Cane> Yeah it's good stuff.
02:34:09 <DuB`> Salmon was ate
02:34:31 <skrma> goiod job
02:34:34 <DuB`> Let's see if space works
02:36:05 <skrma> SPAAAAAAAAAAAACEEEEEEE
06:51:56 -!- BioSC [~BioPon@108-72-8-181.lightspeed.stlsmo.sbcglobal.net] has joined #tlponies
07:32:15 -!- BioSC [~BioPon@108-72-8-181.lightspeed.stlsmo.sbcglobal.net] has joined #tlponies
07:56:21 -!- sweetiebot [~skybot@209.141.41.184] has joined #tlponies
08:09:30 <Dot> morning all
08:09:42 <Dot> DUB
08:23:19 <Dot> Dub is ignoring me, rip
08:43:21 <Rawr|Phone> Dot Dot Dot
08:43:36 <Dot> Rawr Rawr Rawr
08:43:37 <Dot> <3
08:43:51 <Rawr|Phone> <3
08:44:46 <Dot> how are you today rawr
08:45:27 <Rawr|Phone> Great!
08:45:33 <Rawr|Phone> How are you dot
08:46:10 <Dot> good rawr, you got ping pong today?
08:55:11 <Camail> Dot  dub is playing space game
08:55:18 <Camail> and getting attacked a lot
08:55:23 <Camail> maybe because he did a bunch of crimes
08:55:27 <Camail> we can't really know
08:56:00 <Dot> i always new dub would be a criminal
08:56:31 <Dot> right when he started studying accounting
09:01:04 <Rawr|Phone> Yes dot
09:05:43 <DuB`> DOT
09:05:45 <DuB`> Rood
09:05:47 <DuB`> Also <3
09:05:49 <Dot> DUB
09:05:50 <Dot> <3
09:06:15 <DuB`> I am currently sitting in my spaceship looking out at a barren desert
09:06:27 <DuB`> Waiting for a 140C firey dust storm to pass over
09:06:43 <Dot> sound srelaxing
09:07:16 <DuB`> There is some sort of reptilian deer frolicking among the stones in front of me, as if mocking
09:07:35 <Dot> you should run it over
09:11:01 <Dot> i want to watch crit roll dub but its only saturday, still ages before its on youtube
09:13:08 <CockRoach|42> hors hors
09:13:15 <Dot> cr!
09:18:33 -!- Bio [~BioPon@108-72-8-181.lightspeed.stlsmo.sbcglobal.net] has joined #tlponies
09:18:38 <Dot> bio
09:37:48 -!- tredc [~tredc@c83-251-163-99.bredband.comhem.se] has joined #tlponies
09:39:45 <DuB`> I'm like 5 episodes behind now
09:39:55 <DuB`> So little time, and so much of a pain to watch on this net
09:40:00 <DuB`> But I zZZ now!
09:43:48 -!- tredc [~tredc@c83-251-163-99.bredband.comhem.se] has joined #tlponies
10:35:54 <Rawr|Phone> 🐴🐴🐴
10:36:11 -!- Rawr|Fone [~AndChat52@84-217-62-32.customers.ownit.se] has joined #tlponies
11:15:57 <Dot> Rawr Rawr Rwr
11:15:59 <Dot> <3
11:16:30 <Rawr|Fone> Dot Dot Dt
11:16:32 <Rawr|Fone> <3
12:28:42 -!- BioSC [~BioPon@108-72-8-181.lightspeed.stlsmo.sbcglobal.net] has joined #tlponies
12:28:47 <Dot> bio
12:57:11 -!- tredc [~tredc@c83-251-163-99.bredband.comhem.se] has joined #tlponies
13:01:38 -!- Rawr|Fone [~AndChat52@84-217-62-32.customers.ownit.se] has joined #tlponies
13:23:40 -!- Crisium [~Crisium@c-24-3-158-64.hsd1.pa.comcast.net] has joined #tlponies
13:24:58 <Dot> cris hest
13:26:30 <Crisium> hej
14:02:41 -!- Phearlock [~Phearlock@cm-84.209.250.127.getinternet.no] has joined #tlponies
14:02:41 -!- mode/#tlponies [+v Phearlock] by Q
14:02:47 <Dot> pearclock!
14:03:58 <Phearlock> hi there
14:06:34 -!- Bio [~BioPon@108-72-8-181.lightspeed.stlsmo.sbcglobal.net] has joined #tlponies
15:10:22 <Cane> Spa 24 hour race. <3 https://www.youtube.com/watch?v=jgqSMt-lA7g
15:10:26 <Cane> .tell DuB` https://www.youtube.com/watch?v=jgqSMt-lA7g
15:10:34 <Cane> .tell skram https://www.youtube.com/watch?v=jgqSMt-lA7g
15:11:18 <Dot> hey cane <3
15:11:26 <Cane> Hi Dot. <3
15:23:22 <Crisium> now allowed to watch in america
15:25:32 <Cane> =(
15:25:44 <Cane> VPN that shit up. Opera should have an inbuilt one that should work.
15:25:49 <Cane> Otherwise I can probably find mirrors.
15:28:50 -!- skram [~skram@82.147.53.41] has joined #tlponies
15:28:55 <Crisium> skrim
15:30:17 <Cane> Hey skram. Hot enough for you?
15:30:24 <Cane> You weird søring.
15:30:38 -!- tredc [~tredc@c83-251-163-99.bredband.comhem.se] has joined #tlponies
15:31:20 <Dot> Skram!
15:31:40 <skram> Its only like 22c Cane!
15:31:53 <skram> Dot!
15:31:57 <skram> kris!
15:32:14 <Cane> wtf skram, can I come live with you?
15:32:18 <skram> I have also been promised thunderstorms all night long
15:32:27 <Cane> I ASK AGAIN
15:32:34 <Cane> PLS
15:33:28 <skram> Cane I live in a 100 year old bulding built in massive timber, by the time its 22c inside its probably 30 outside again
15:33:47 <Crisium> skram is so old
15:34:03 <Cane> To be honest I'd rather be at Spa today.
15:35:00 <Cane> Lulled to sleep by the comforting sounds of sixty-three V8 GT3 engines.
15:35:01 <skram> agreed
15:35:55 <skram> the bentley looks great though
15:36:12 <skram> its a race car with that a posh radiator grille
15:37:10 <Cane> Oh god yeah, and it's been doing really well so far.
15:37:54 <Cane> Here's the Aston Martin V8 Vantage onboard https://www.youtube.com/watch?v=6s6-8b8V24A
15:38:02 <Cane> Er, V12.
15:38:04 <Cane> So used to saying V8.
15:38:13 <Cane> But we've got a V12 here today.
15:39:06 <skram> is that a suede leather dash in the aston
15:39:32 <Cane> Well, of course darling, it's an Aston.
15:39:38 <skram> haha
15:40:12 <skram> merc looks pretty posh too
15:40:59 <Cane> AMG GT3 is one of my all time favorite cars. I tend to cheer for them whenever they're racing (and one of my favorite teams, Black Falcon, is fielding THREE today), and yet...
15:41:02 <Cane> I may be rooting f or the Aston.
15:41:32 <skram> The black falcons should have better looking liveries honestly
15:41:36 <Cane> I'll grant you that the Lamborghini looks really good going around the track...
15:41:37 <skram> the green one is pretty neat though
15:42:02 <Cane> Oh, and Earl Bramber & co. are back in the Porsche.
15:42:49 <skram> porsches are cool and all but the 911 is too pedestrian
15:42:57 -!- tredc [~tredc@c83-251-163-99.bredband.comhem.se] has joined #tlponies
15:43:25 -!- Golly [~Golly@1.92-221-121.customer.lyse.net] has joined #tlponies
15:43:35 <Cane> Yeah I'm with you.
15:44:08 <Cane> Just have to mention them because winning Nurburgring is a big deal for someone like Bamber.
15:45:57 <skram> is he on bernhards team
15:46:19 -!- Zounds [webchat@cloak-07ouvien.14-2.cable.virginm.net] has joined #tlponies
15:46:27 <Zounds> m'guys
15:46:39 <skram> m'zoons
15:47:02 <Cane> 'Allo Zounds.
15:47:14 <Phearlock> heyy
15:47:16 <Zounds> o/
15:49:00 -!- BioSC [~BioPon@108-72-8-181.lightspeed.stlsmo.sbcglobal.net] has joined #tlponies
15:49:08 -!- tredc [~tredc@c83-251-163-99.bredband.comhem.se] has joined #tlponies
15:49:14 <Crisium> zinds
15:51:27 <Zounds> cris
15:53:14 <Dot> zoonds!
16:08:15 <Dot> .tell biosc i still have acess to micen character sheet
16:09:54 <Phearlock> He just trusts you that much dot
16:10:10 <Dot> well i already changed a few things 2 weeks ago
16:10:24 <Dot> so he can take it away from me now ive messed around
16:15:23 <Phearlock> Keep sneaking in subtle jabs at the DM until he blames micen for it and lets you have his character.
16:17:39 <Dot> i didnt even think about that i could type as micens character
16:17:43 <Dot> thanks phear
16:21:02 <Cane> Uh oh.
16:21:03 <Cane> Who went off?
16:24:00 <skram> i still have no idea
16:24:26 <skram> 89 mercedes
16:24:33 <BioSC> prod the dm at your own peril
16:25:58 <Cane> I'm surprised no cameras caught anything about it.
16:27:55 <skram> they gotta have
16:32:45 <Cane> Aw.
16:33:25 <Cane> That was a good interview.
16:33:35 <Cane> This yellow flag has been up for ages now.
16:34:11 <skram> Didnt you hear? They're gonna finish the rest of the race with full yellow :P
16:35:09 <Cane> Oh good, congrats Aston Martin for the win after 2 hours of the 24 hour race.
16:35:35 <skram> Isnt the bentley in 1st?
16:35:49 <Cane> Greeeeeeen.
16:35:58 <Cane> lol that grill is not from a Bentley.
16:37:08 <skram> hmmm
16:37:10 <Cane> Ferrari 488 going too fast say it ain't so.
16:37:30 <skram> beemer broke down
16:37:32 <skram> sounds familiar
16:37:39 <Cane> Oh wow rly.
16:38:57 <Cane> Oh good overtake there.
16:39:04 -!- tredc [~tredc@c83-251-163-99.bredband.comhem.se] has joined #tlponies
16:45:39 <Cane> They've been really good at cutting to the Porsche whenever it goes for an overtake.
16:51:49 <skram> production level is pretty good on this broadcast
16:58:30 -!- DuB` [~DuB@c-73-170-224-203.hsd1.ca.comcast.net] has joined #tlponies
17:00:27 <DuB`> MORN
17:00:41 <skram> MORN
17:00:48 <skram> https://www.youtube.com/watch?v=jgqSMt-lA7g
17:00:56 <Dot> Hej dub
17:01:00 <DuB`> weeew
17:01:07 <DuB`> The uploader has not made this video available in your country.
17:01:27 <skram> RIP
17:03:56 <Dot> CockRoach https://imgur.com/gallery/tMUEy4D
17:08:15 <Zounds> hey DuB` 
17:09:09 <CockRoach|42> Dot: <3
17:09:14 <DuB`> Go Audi, go Nissan! Down with Porsche!
17:09:15 <Dot> <3
17:09:19 <DuB`> Yo zounds!
17:11:22 <DuB`> Found a a restream of motorsports.tv or something that shows instream ads for long stretches, at least -.-;
17:11:49 <DuB`> So weird to hear american accent next to british guy on racing commentary
17:12:43 <Dot> thats pretty racist dub
17:14:12 <DuB`> Americans gave up their rights to racing when they decided they prefer NASCAR
17:14:38 <Dot> but why would you want to turn more than 1 way in a race?
17:15:03 <skram> thats not true at all
17:15:06 <skram> you turn TWICE per lap
17:15:39 <Cane> DuB`!
17:15:41 <Cane> There you are. <3
17:15:51 <Cane> Managed to tune in huh?
17:15:54 <DuB`> <3
17:16:02 <DuB`> r/motorsportsstreams delivered
17:16:05 <Cane> Indeed.
17:16:16 <Dot> poni http://asksunshineandmoonbeams.tumblr.com/post/176373613505
17:18:13 <DuB`> Bentley in close 4th, huh :o
17:18:33 <DuB`> Go away dumb lambo, let the audi run up to fight for 1st!
17:19:03 <Cane> Yeah, the Bentley's been good the whole way.
17:22:15 -!- DoT|Phone [~Dot@90.197.151.215] has joined #tlponies
17:26:06 <skram> despite making cars mostly for people who play football and have bath tubs with claw feet on them, Bentley has a looong racing history dubster
17:27:28 <Cane> Oh crap.
17:27:39 <Cane> That's the other V12 Vantage. =(
17:43:49 -!- Runbunny [~Runbunny@91.100.28.10.generic-hostname.arrownet.dk] has joined #tlponies
17:44:09 <DoT|Phone> Runbun!
17:44:38 <Cane> Hey Runbunny. <3
17:45:28 <Cane> Bentley and Lexus in the lead. Won't last but I like seeing it.
17:48:21 <Cane> lol that's a Lamborghini with ripped off body work.
17:48:42 <Cane> "You may have some aero damage. Pit if you feel your lap times slowing down."
17:49:08 <Runbunny> Hai.
17:52:08 <Cane> DuB`, I don't suppose https://www.total24hours.com/live would work for you? Dunno which restream you're watching.
17:52:23 <Cane> That one's lagging for me a bit.
17:52:31 <Cane> I'm happy the YouTube thing works for me tbh.
17:53:41 <DuB`> I'm on http://acesports.win/motors.php
17:53:56 <Cane> Yeah I figured, just trying to give you alternatives in case it's butty.
18:05:09 <Dot> skram, when is dnd?
18:08:21 <skram> in 0-2 hours
18:09:14 <Dot> well im here, your here, as is phearlock
18:09:19 <Dot> bio was around
18:09:31 <skram> he's prepping i think
18:09:37 <Bio> we're not starting early
18:09:46 <Bio> i've gotten almost no prep done as is
18:10:30 <skram> He had him a run to make, Dot
18:10:43 <skram> there's beer in texarkana and the boys are thirsty up in atlanta
18:10:56 <Dot> that all makes no sense to me
18:11:20 <skram> https://www.youtube.com/watch?v=uHZJej98_T0
18:12:26 <Dot> have you seen any Final Space yet skram?
18:12:39 -!- Zounds [webchat@cloak-wmbqgxv5.14-2.cable.virginm.net] has joined #tlponies
18:13:00 <skram> nicht
18:18:14 <Dot> i am over half way though There be Gerblins skram
18:19:21 <skram> im still waiting for those useless fucks at the post office
18:19:34 <Dot> go visit them
18:19:41 -!- Zounds [webchat@cloak-wmbqgxv5.14-2.cable.virginm.net] has joined #tlponies
18:19:47 <Zounds> friggin' internet
18:19:47 <skram> well
18:19:53 <Dot> Zounds :/
18:19:57 <skram> not the post office, the post terminal warehouse thing
18:20:24 <skram> and if it was the proper royal mail types it would have been here forever ago, but its some private shipping company that sucks big ass
18:32:10 <Dot> rude
18:32:41 <Dot> hows no mans sky going?
18:32:55 <skram> im building a base
18:33:20 <Dot> fancy
18:33:21 -!- Micen [~Micen@h125.70.91.75.dynamic.ip.windstream.net] has joined #tlponies
18:34:37 <skram> its alright
18:34:48 <skram> easily worth the 30 dollarydoos it cost
18:36:20 <Micen> What is?
18:36:34 <skram> no mans sky
18:37:06 <skram> if it was released as an indie game it probably would've been brilliant from the start
18:37:50 <Phearlock> Yeah, if this was like the 1.0 patch of a game coming out of early access
18:37:56 <Cane> I think the world hated that it was billed as a AAA game with tons of ambition and sold for $60 as an epic experience.
18:37:58 <Phearlock> People would have been all over it
18:38:14 <Phearlock> But yeah I'm happy with it so far.
18:38:16 <Phearlock> It's cozy =3
18:38:23 <Cane> I like cozy. <3
18:38:47 <skram> also doesnt help that it was hyped to hell and fell short by a dang mile
18:39:14 <Phearlock> I mean it doesn't come close to subnautica for exploration. But that's a tough mark to hit. =P
18:39:29 <Phearlock> Handcrafted vs procedural etc
18:40:38 <Dot> im torn if i shold get it while its on sale
18:47:49 <Cane> Well, snap. Two Bentleys in the top 4.
18:54:10 <Cane> skram, DuB`, either of you know the technical difference between amateur and professional amateur?
18:54:13 <Cane> AM/PAM
18:54:45 <Bio> probably pay
18:55:09 <Cane> That's usually the distinction between amateur and professional, I just wonder if there's more to it.
18:55:23 <Cane> Classes in motorsports can be kind of weird.
18:55:40 <skram> yeah i got no idea
18:58:31 <Dot> dont be late skram
18:58:46 <skram> a wizard is never late
18:58:53 <skram> barbarians are though
18:59:03 <Phearlock> It's true, I'm already there
19:00:18 <Dot> dub? how the internet today?
19:00:33 <Zounds> pro-ams get paid but usually not enough for a full time job
20:13:03 <Zounds> Crisium
20:13:10 <Zounds> feel like playing any OW?
20:20:30 <Cane> Woah that's a hell of a shot of the blood moon.
20:34:33 <Crisium> watching OWL
20:34:37 <Crisium> grand finals
20:34:40 <Crisium> https://www.twitch.tv/overwatchleague
20:47:10 <Dot> skram, rawr https://i.imgur.com/n4KYLbt.jpg
20:55:47 -!- Golly [~Golly@1.92-221-121.customer.lyse.net] has joined #tlponies
21:14:01 <DuB`> I want to know why I can turn on both OWL finals stream and Spa 24h race stream just fine
21:14:15 <DuB`> But can't hear 3/4 of what is said on discord and have 2k ping
21:17:03 <Cane> Um. Hm.
21:17:08 <Cane> DuB`, want to try a different Discord server?
21:17:11 <Cane> Or is it all Discord servers?
21:17:41 <DuB`> It's been like this all summer with my crappy wifi setup
21:17:43 <DuB`> Dunno
21:17:44 <Dot> yea dubm we can move to the tlp discord see if it helps
21:18:06 <Cane> Dot can change the TLP Discord's server location a bunch too.
21:18:17 <Dot> sounds fancy
21:20:32 <Cane> Yeah, just right click server -> server settings -> overview -> server region. Change that.
21:20:45 <Dot> i found it after you mentioned it
21:20:46 <Cane> Maybe DuB` just has a shit connection to whatever region the server is in.
21:20:48 <Cane> Mmhmm.
21:21:16 <Cane> You could also make sure the channel you're in isn't using a 192837189263891723 bitrate or whatever.
21:21:37 <Cane> Just stick with 64 or below.
21:22:26 <Cane> Dot ^
21:22:41 <Dot> where do i see that one?
21:22:46 <Cane> Wheel icon on the channel.
21:22:50 <Cane> Edit Channel.
21:22:56 <Cane> Bitrate is under Overview again.
21:23:44 <Dot> ah, skram found it
21:23:47 <Dot> its on 64
21:36:30 <Dot> rawr https://imgur.com/gallery/DDEjEBu
21:41:09 <Rawr|Fone> Thank you very much dot
21:41:31 <Dot> only the best for you rawr <3
21:46:31 <Rawr|Fone> <3
21:49:29 <Zounds> nn pons
21:49:35 <Dot> gnight zounds
22:02:51 <Rawr|Fone> Dot http://imgur.com/gallery/qBjdQFM
22:03:10 <DuB`> R8 in front, Cane! :D
22:03:20 <Dot> such jelousy
22:04:13 <Cane> DuB`, it's about damn time. =)
22:10:00 <DuB`> No GT-R in top 10  >:T
22:13:41 -!- DvB` [~DuB@c-73-170-224-203.hsd1.ca.comcast.net] has joined #tlponies
22:13:59 -!- tredc [~tredc@c83-251-163-99.bredband.comhem.se] has joined #tlponies
22:18:51 <Cane> Woah.
22:32:36 -!- DuB` [~DuB@c-73-170-224-203.hsd1.ca.comcast.net] has joined #tlponies
22:43:23 -!- Phearlock_ [~Phearlock@cm-84.209.250.127.getinternet.no] has joined #tlponies
22:43:23 -!- mode/#tlponies [+v Phearlock_] by Q
22:57:04 -!- Phearlock__ [~Phearlock@cm-84.209.250.127.getinternet.no] has joined #tlponies
22:57:04 -!- mode/#tlponies [+v Phearlock__] by Q
22:59:45 -!- reification [~reificati@cpc76294-cosh16-2-0-cust297.6-1.cable.virginm.net] has joined #tlponies
22:59:45 -!- mode/#tlponies [+v reification] by Q
22:59:52 <Dot> reef
23:00:08 <reification> dotties
23:00:22 <reification> i am back. just a bit too early sadly
23:00:47 <reification> made it 8 hours of play into day 1
23:01:32 <reification> first hand back after break i go for big all in resteal with KQ and lost the flip to JJ 
23:01:43 <reification> no riches this time
23:09:09 <Dot> aww
23:21:18 -!- DvB` [~DuB@c-73-170-224-203.hsd1.ca.comcast.net] has joined #tlponies
23:29:13 <reification> i’m exhausted, time for sleep
23:29:15 <reification> night all
23:29:33 <Dot> gnight reif <3
23:29:48 -!- DuB` [~DuB@c-73-170-224-203.hsd1.ca.comcast.net] has joined #tlponies
23:46:02 -!- DvB` [~DuB@c-73-170-224-203.hsd1.ca.comcast.net] has joined #tlponies
23:54:42 <Dot> Dub :(
