00:04:11 -!- Rawr|Fone [~AndChat52@84-217-62-32.customers.ownit.se] has joined #tlponies
00:14:54 <Bio> entering gt at super pb pace
00:26:00 <Bio> oh baby
00:26:06 <Bio> pb by almost 20 s
00:26:38 <Bio> er
00:26:39 <Bio> make that mins
00:33:17 <DvB`> BIG
00:33:28 <Bio> BIG GAINS
00:34:28 <Bio> yay
00:34:30 <Bio> what a strim
00:34:34 <Bio> v fun
00:38:21 <Bio> thx 4 watching my dub
01:05:06 <Bio> i am the sleppy boi
01:05:10 <Bio> gnite horsemen
01:08:57 <Crisium> bye bio
01:45:00 -!- Rawr|Fone [~AndChat52@84-217-62-32.customers.ownit.se] has joined #tlponies
04:03:42 -!- Rawr|Fone [~AndChat52@84-217-62-32.customers.ownit.se] has joined #tlponies
04:24:33 -!- Dot [~quassel@90.217.214.149] has joined #tlponies
06:12:24 -!- Dot` [~quassel@90.217.214.149] has joined #tlponies
06:37:24 -!- Dot [~quassel@90.217.214.149] has joined #tlponies
06:41:57 -!- Dot` [~quassel@90.217.214.149] has joined #tlponies
06:57:38 -!- Dot [~quassel@90.217.214.149] has joined #tlponies
07:10:20 -!- Dot` [~quassel@90.217.214.149] has joined #tlponies
07:17:38 -!- Dot [~quassel@90.217.214.149] has joined #tlponies
07:28:30 -!- Dot` [~quassel@90.217.214.149] has joined #tlponies
07:31:15 <Dot`> Mornign all
07:41:59 <Rawr|Fone> Dot Dot Dot
07:46:02 <CockRoach|42> hors hors
07:46:05 <CockRoach|42> https://www.techdirt.com/articles/20180912/00230940625/uk-mp-thinks-secret-online-groups-are-root-all-evil-online-promises-to-regulate-large-online-groups.shtml
07:47:14 <Dot`> Rawr Rawr Rawr
07:47:15 <Dot`> <3
07:47:24 <Rawr|Fone> <3
08:21:51 -!- Rawr|Fone [~AndChat52@84-217-62-32.customers.ownit.se] has joined #tlponies
09:20:14 -!- Rawr|Fone [~AndChat52@84-217-62-32.customers.ownit.se] has joined #tlponies
09:22:11 -!- carcinisation [webchat@cloak-31qdxqjw.6-1.cable.virginm.net] has joined #tlponies
10:52:05 <Dot`> pon pon
10:55:46 <Rawr|Fone> Dot Dot
10:56:23 <Dot`> Rawr <3
10:56:26 <Dot`> hows your day?
10:56:31 <Rawr|Fone> <3
10:56:38 <Rawr|Fone> Not doing much today
10:56:46 <Rawr|Fone> How about yours dot
10:57:14 <Dot`> got some studies to do and doing maintanance on mother laptop
10:57:41 <Dot`> and should do some prep for moving
11:08:45 <Dot`> CockRoach|42 https://imgur.com/gallery/YO1wPYd
11:21:10 <CockRoach|42> <3
12:56:13 -!- carcinisation [webchat@cloak-31qdxqjw.6-1.cable.virginm.net] has joined #tlponies
12:56:31 <Dot`> reef!
12:57:51 -!- skram [~skram@82.147.53.97] has joined #tlponies
13:00:34 <carcinisation> any experts with opinions about this monitor? https://www.ebuyer.com/797222-acer-kg271abmidpx-27-full-hd-led-gaming-monitor-um-hx1ee-a05
13:01:23 <skram> 230 pound sterling for a 27" 144hz monitor?
13:01:26 <skram> thats hella cheap reifmannen
13:01:42 <carcinisation> looking for 27" 144hz freesync
13:02:01 <carcinisation> it does seem cheaper than others
13:03:28 <Dot`> is a TN panel type and not a IPS, but IPS are genraly more expensive and its hard to find one with a 1ms reponse
13:05:27 <carcinisation> i shouldn't have a problem with view angle and not doing print work etc. so colour perfection not vital
13:05:37 <carcinisation> but do care about price/gaming
13:05:46 <carcinisation> so TN seems the fix
13:09:35 <skram> Dot`
13:10:46 <Dot`> skram
13:10:52 <skram> hey buddy
13:11:08 <Dot`> Hello friend
13:20:36 <Dot`> how are you today?
13:33:38 <skram> i am quite well mr bjørn
13:33:41 <skram> hows your face
13:36:08 <Dot`> good
13:36:19 <Dot`> should get my tenancy agreement tomorow
13:36:31 <Dot`> then i can sign it and be sure i have a place to move to
13:44:27 <skram> thats pretty wild
13:44:50 <skram> do you have everything yuou need yet
13:46:31 <skram> do you need me to mail you some spoons
13:51:28 <Dot`> i have practicly nothing skram
13:51:36 <Dot`> there isnt much i need though
13:53:16 <skram> spoons are useful though
13:55:03 <skram> oh and 9 different types of forks
13:57:54 <Dot`> well of course
14:23:14 -!- Rawr|Fone [~AndChat52@m83-185-83-35.cust.tele2.se] has joined #tlponies
15:11:03 <Rawr|Fone> 🐴🐴🐴
15:11:14 <Dot`> Rawr|hest
15:14:01 <Rawr|Fone> DoT`
15:14:49 <Rawr|Fone> You are my favorite punctuation mark dot
15:19:38 <DoT`> oh you <3
15:22:50 <Rawr|Fone> <3
15:37:25 -!- Rawr|Fone [~AndChat52@m83-185-83-35.cust.tele2.se] has joined #tlponies
15:46:33 <DoT`> skram
16:00:31 <skram> bjørn
16:00:49 <DoT`> what you up to?
16:01:17 <skram> gonna do me a dinner
16:05:14 <DoT`> whats for dinner
16:13:09 -!- carcinisation [webchat@cloak-31qdxqjw.6-1.cable.virginm.net] has joined #tlponies
16:21:42 -!- DoT|Phone [~Dot@90.217.214.149] has joined #tlponies
17:17:13 -!- DuB_phone [~AndChat71@128.187.116.13] has joined #tlponies
17:20:41 <DoT|Phone> the best ever dub!
17:24:52 -!- Cane [~Cane@CaneCraft.users.quakenet.org] has joined #tlponies
17:24:52 -!- mode/#tlponies [+o Cane] by Q
17:25:23 <Cane> God damn. Biggest mistake I made recently was nabbing the name "Cane" on Epic Launcher. With Fortnite being more popular than god I get about 50 friend requests and a bunch of messages a day asking fori t.
17:26:26 <Cane> canef and Cane26, pls go poke someone else.
17:27:22 <Cane> It wouldn't be so bad if this shitty launcher had batch operations.
17:35:26 <Cane> Alright, I've cleaned the computer and the connectors of the GPU. Now installing latest drivers.
17:35:42 <Cane> Time to find out if my GPU is actually fried or if it's salvageable.
17:38:58 <DoT|Phone> gl cane!
17:39:35 <Cane> Man, nVidia really wants me to install their shitty Experience software.
17:49:22 -!- tredc [~tredc@c83-251-171-164.bredband.comhem.se] has joined #tlponies
18:01:02 -!- Zoonds [webchat@cloak-wmbqgxv5.14-2.cable.virginm.net] has joined #tlponies
18:01:57 <DoT`> Zoonds!
18:07:16 <Zoonds> hi
18:10:30 <DoT`> how are you today?
18:12:12 <Zoonds> quite alright
18:12:20 -!- CaneCraft [~Cane@CaneCraft.users.quakenet.org] has joined #tlponies
18:12:20 -!- mode/#tlponies [+o CaneCraft] by Q
18:27:38 <skram> i had a fish and some chips DoT`
18:27:49 -!- Cane [~Cane@CaneCraft.users.quakenet.org] has joined #tlponies
18:27:49 -!- mode/#tlponies [+o Cane] by Q
18:28:02 <Cane> RIP, the GPU is definitely fried.
18:28:02 -!- tredc [~tredc@c83-251-171-164.bredband.comhem.se] has joined #tlponies
18:28:08 <Cane> Bye bye 980Ti.
18:28:34 <skram> helloooooo gtx 2070
18:33:40 <DoT`> what you do to the poor tihng cane
18:43:07 <DuB_phone> D:
18:43:13 <skram> STALKER mods probably DoT`
18:43:26 <DoT`> too much cheeki beeki
18:43:31 <skram> dub are you using the fone in class?
18:51:44 <DuB_phone> A little
18:54:15 -!- Rawr|Phone [~AndChat52@84-217-62-32.customers.ownit.se] has joined #tlponies
18:58:15 -!- Camail [~Camail@45.40.84.145] has joined #tlponies
18:58:15 -!- mode/#tlponies [+v Camail] by Q
18:58:17 -!- Runbunny [~Runbunny@91.100.28.10.generic-hostname.arrownet.dk] has joined #tlponies
18:58:22 <DoT`> Runbun!
19:15:10 -!- Golly [~Golly@1.92-221-121.customer.lyse.net] has joined #tlponies
19:18:43 <Rawr|Phone> Beep boop
19:29:08 <DoT`> Boop
19:29:47 <Rawr|Phone> DoT` my dear friend
19:30:13 <DoT`> Best of Rawrs
19:31:08 <Rawr|Phone> How is your evening going
19:31:17 -!- tredc [~tredc@c83-251-171-164.bredband.comhem.se] has joined #tlponies
19:35:03 <DoT`> good rawr
19:35:20 <DoT`> i was lazy with studies today though, so im trying to get a bit more done
19:35:23 <DoT`> you ?
19:36:56 <DoT`> cane
19:36:58 <DoT`> https://www.youtube.com/watch?v=XuYxo66AbSI
19:37:15 <DoT`> i thought you may need these
19:37:16 <DoT`> again
19:44:43 <Rawr|Phone> I have just gotten home from table tennis dot
19:44:47 <Rawr|Phone> It went well
19:44:55 <DoT`> great!
19:55:12 <Cane> <3
19:55:21 <Cane> Just got back from my night time walk, now listening to STALKER guitar music.
19:55:26 <Cane> Tonight is a melancholy sort of night.
20:03:34 <DoT`> https://imgur.com/gallery/dk2TOsL
20:03:35 <DoT`> hmmm
20:11:59 -!- DuB [~DuB@66-219-235-226.dynamic.ip.veracitynetworks.com] has joined #tlponies
20:12:08 <DoT`> DUB
20:12:52 <CockRoach|42> https://imgur.com/gallery/MSM4Nr8
20:14:54 <DuB> DOT
20:15:12 -!- tredc [~tredc@c83-251-171-164.bredband.comhem.se] has joined #tlponies
20:46:36 <DuB> wat even do
20:48:15 <DoT`> your best
20:48:20 -!- Bio [~BioPon@97.70.181.149] has joined #tlponies
20:48:28 <Bio> henlo horsen
20:48:50 <DuB> best is boring
20:50:03 <Bio> dob pls
20:53:48 -!- DuB_phone [~AndChat71@45.56.50.29] has joined #tlponies
20:57:29 <Bio> how are my frinds this eve
20:59:37 <DuB> Somewhat bore
20:59:42 <DuB> But no homework, so that's nice
21:06:31 <Bio> this is gud
21:08:56 <DoT`> Dub, hows the tall building killing going?
21:10:17 <DuB> I unno
21:10:22 <DuB> Haven't in a couple o days
21:16:20 <Bio> it def comes and goes
21:23:10 -!- Crisium [~Crisium@c-73-174-151-51.hsd1.pa.comcast.net] has joined #tlponies
21:27:41 <Camail> the daily today is amazing
21:27:45 <Camail> only like 1 hour left
21:28:15 <Camail> but once you get to act 2 you can have a build that 1 shots every single monster and boss
21:28:35 <Camail> it's incredibly easy to get a nearly perfect score
23:05:32 <carcinisation> thanks for the heads up cam, that was a blast
23:06:14 <Camail> yea, steam isnt connecting for me so i cant check the leaderboard, but its worth doing just to get the synergy
23:06:42 <Camail> the best part is not upgrading one of the mind blasts and using it for the necronomicon 
23:06:58 <Camail> so you're doing 600 damage turn 1 at the end
23:07:11 <Camail> the only real challenge is the act 1 boss
23:08:41 <carcinisation> yep with necro i was 2dmg from 1card killing the final boss
23:09:23 <Camail> i ran it two times because the runs only take 15 minutes
23:09:59 <Camail> the first run i took the slime boss relic, which was a big mistake
23:10:11 <Camail> cant get those collector points if you do that
23:10:47 <Camail> i ended up taking the one that reduces for card choices because i didnt care what i was picking up anyway
23:10:55 <Camail> reduces your*
23:29:51 <carcinisation> night all
23:39:37 <DoT`> gnight reif
