00:17:29 <Crisium> im dumb
00:17:36 <Crisium> Mercy healing buff is only in Valk
00:17:45 <Crisium> reification
00:18:27 <reification> :(
00:23:26 <Bio> ?biostream
00:23:30 <Bio> wow wipes if u is bored
00:34:52 <reification> night all
00:59:25 <Crisium> bye reif
00:59:28 <Crisium> nn
01:11:52 <Camail> Crisium  james chen just said that sf4 was originally gonna be on model hit detection like tekken  instead of hitboxes before seth killian  lobbied against it
01:12:13 <Crisium> interesting
01:12:40 <Camail> based s kill
01:49:24 -!- Rawr|Fone [~AndChat52@84-217-62-32.customers.ownit.se] has joined #tlponies
03:03:44 -!- Phearlock [~Phearlock@cm-84.208.146.128.getinternet.no] has joined #tlponies
03:26:00 -!- DuB` [~DuB@h27.122.139.40.ip.windstream.net] has joined #tlponies
03:36:26 <DuB`> Made it to LA hotel alive
03:36:30 <DuB`> Time for critrole and foods
05:22:05 -!- DoT|Phone1 [~Dot@85.255.235.244] has joined #tlponies
05:56:12 <DoT|Phone1> morning all
05:56:16 <DuB`> Dot!
05:56:20 <DuB`> Good morn
05:56:43 <DoT|Phone1> dub!
05:59:38 <DoT|Phone1> how was the flight
06:00:12 <DuB`> Short
06:00:18 <DuB`> I looked at desert
06:00:27 <DuB`> Saw Las Vegas out my window!
06:07:59 <DoT|Phone1> when is interview?
06:10:13 <DoT|Phone1> Rawr Rawr Rawr
06:11:59 <DuB`> This is just office visit, already have offer here!
06:12:13 <DoT|Phone1> oh. nice!
06:12:16 <DuB`> Not until noonish tomorrow, not sure what to do all morning
06:12:19 <DoT|Phone1> wear a tie
06:12:22 <DuB`> Er, 2pm
06:12:27 <DuB`> No tie, is business casual ;D
06:12:33 <DoT|Phone1> explore the city
06:12:36 <DoT|Phone1> get mugged
06:15:47 <DuB`> Sounds good
06:15:51 <DuB`> Slepp now, I think
06:16:04 <DuB`> I am gonna have to try hard to not get sick this week...
06:16:17 <DuB`> Much exhausting stuff and 3 night flights
06:16:27 <Rawr|Fone> DuB`
06:16:40 <DuB`> Rawr|Fone
06:16:42 <Rawr|Fone> Sleep well fren
06:17:23 <DuB`> zZz
06:18:29 <Rawr|Fone> DoT DoT DoT
06:28:28 <DoT|Phone1> 💖💖💖
06:38:47 <DoT|Phone1> how are you Rawr
06:38:52 <CockRoach|42> hors hors
06:39:12 <DoT|Phone1> cr Hest
06:40:12 <DoT|Phone1> half way to doggo day
06:40:24 <CockRoach|42> YES!
06:43:29 <DoT|Phone1> how's the cold cr
06:43:37 <CockRoach|42> not too bad
06:43:54 -!- Golly [Golly@cm-84.212.249.112.getinternet.no] has joined #tlponies
06:46:31 <DoT|Phone1> good
07:22:12 <Rawr|Fone> DoT 💖💖💖
08:43:08 -!- Rawr|Phone [~AndChat52@m83-185-89-51.cust.tele2.se] has joined #tlponies
09:37:50 <DoT|Phone1> pon pon
10:02:57 <Rawr|Phone> DoT DoT
10:03:10 <Rawr|Phone> Are you working hard today
10:03:54 <DoT|Phone1> very much so Rawr. as always
10:04:20 -!- Phearlock [~Phearlock@cm-84.208.146.128.getinternet.no] has joined #tlponies
10:05:13 <Rawr|Phone> Very good
10:05:14 <DoT|Phone1> Phear Hest
10:05:20 <Rawr|Phone> I'm proud of you dot
10:05:42 <DoT|Phone1> thanks Rawr
10:05:53 <DoT|Phone1> and are you searching for a job
10:07:26 <Rawr|Phone> Yes, currently at the gym though
10:09:30 -!- Phearlock [~Phearlock@cm-84.208.146.128.getinternet.no] has joined #tlponies
10:13:27 <DoT|Phone1> good
10:21:08 -!- tredc [~tredc@c83-251-162-37.bredband.comhem.se] has joined #tlponies
10:44:20 -!- Rawr|Fone [~AndChat52@84-217-62-32.customers.ownit.se] has joined #tlponies
12:01:38 -!- reification [~reificati@cpc76294-cosh16-2-0-cust297.6-1.cable.virginm.net] has joined #tlponies
12:13:42 <reification> hello tlp
12:13:43 <reification> https://twitter.com/shackle_ton/status/1054904686724018176
12:15:46 <reification> .tell dub` https://twitter.com/MozMozbanana/status/1053382921858506753
12:16:24 <Rawr|Fone> Reef reef!
12:16:30 <reification> rawr rawr
12:18:08 <Rawr|Fone> Good afternoon
12:19:51 <DoT|Phone1> hey Reif
12:20:05 <reification> hi dotties
13:18:57 -!- DoT|Phone [~Dot@85.255.233.221] has joined #tlponies
13:20:44 -!- skrm [webchat@pioj.eid3.887x.ip] has joined #tlponies
13:23:26 <skrm> DoT|Phone
13:23:40 <skrm> every time :(
13:24:31 -!- DoT|Phone [~Dot@85.255.233.221] has joined #tlponies
14:37:45 <DoT|Phone> horse
14:52:12 <skrm> dot the phone
14:52:26 <skrm> every time i try to talk to you, you get dc'ed
14:52:28 <skrm> :((((8
14:55:56 <DoT|Phone> I'm sorry
14:56:05 <DoT|Phone> I wish I wasn't phone
14:56:20 <skrm> whens internet bud
14:56:28 <DoT|Phone> but can you please stop causing me to dc
14:56:38 <DoT|Phone> soon I hope
14:57:03 <skrm> well im sorry for being so bold as to say your name in the ircs
15:02:30 <DoT|Phone> it's ok
15:06:37 -!- Zounds [webchat@cloak-07ouvien.14-2.cable.virginm.net] has joined #tlponies
15:06:49 <Zounds> bwap
15:06:58 <Zounds> muh reification
15:07:11 <Zounds> cris lied to us, the mercy hps buff is just during her ult
15:09:37 -!- tredc [~tredc@c83-251-162-37.bredband.comhem.se] has joined #tlponies
15:10:32 <DoT|Phone> Zounds!
15:10:48 <Zounds> dawt
15:17:46 <DoT|Phone> I saw reports claiming snow later this week
15:29:19 <DoT|Phone> Skram send skis
15:29:26 <DoT|Phone> and skiing lessons
15:34:54 <reification> yes zounds, very unfortunate valeCry
16:01:05 -!- Dot [~quassel@85.255.233.221] has joined #tlponies
16:02:02 -!- Rawr|Phone [~AndChat52@m83-185-90-158.cust.tele2.se] has joined #tlponies
17:05:33 <Dot> hows work skrm
17:08:16 <skrm> vvvv busy
17:20:47 <Dot> well thats good, makes the day go fast
17:23:38 <Dot> unless its fire and panic, then thats not good
17:32:17 -!- DuB` [~DuB@h27.122.139.40.ip.windstream.net] has joined #tlponies
17:32:20 <DuB`> ayaya
17:33:02 <DuB`> Ooooooh new stellaris expansion announcement
17:33:03 <DuB`> weee
17:33:03 <Dot> DUB
17:33:09 <Dot> <3
17:33:13 <Dot> you see the place yet?
17:33:16 <DuB`> DOT <3
17:33:17 <DuB`> The wha
17:33:29 <Dot> you where going to see a work place
17:33:45 <Dot> you got on a plane and everything
17:34:00 <DuB`> Oh yeah!
17:34:01 <DuB`> Not until this afternoon! ;D
17:34:16 <Dot> i dont know american times
17:34:19 <Dot> they are weird
17:35:16 <DuB`> Only 10:30 here, I am very far
17:36:42 <Dot> ah
17:37:14 <Dot> Dub, we might get snow this week
17:37:29 <DuB`> !!
17:37:32 <DuB`> Hooray
17:43:01 -!- Runbunny [~Runbunny@91.100.28.10.generic-hostname.arrownet.dk] has joined #tlponies
17:43:23 <Dot> Best Bun
17:44:07 <reification> hello runbun
17:44:08 <DuB`> Bun alert!
17:45:39 <Runbunny> Hai.
17:50:09 -!- carcinization [~reificati@cpc76294-cosh16-2-0-cust297.6-1.cable.virginm.net] has joined #tlponies
17:53:35 <Runbunny> I'm tired as fuck.
17:54:00 <Dot> what you been up to runbun
17:54:37 <carcinization> running and bunning?
17:54:46 <Runbunny> Yes.
17:55:26 <Runbunny> Just working on my thing.
17:55:37 <Runbunny> But I was tired all day.
17:55:48 <Runbunny> Nearly fell asleep at the library.
17:56:09 <carcinization> well as long as you don't snore too loudly
18:02:40 <Runbunny> I was in the "silent section" though
18:02:47 <Runbunny> So might not have been a good idea.
18:09:31 <skrm> just people being rude and bad, Dot 
18:09:38 <skrm> how's the smuggeling project going
18:10:58 <Dot> im probably going to have to call ppl D:
18:13:09 <DuB`> o dear
18:33:17 <skrm> how is la DuB` 
18:33:29 <DuB`> Not sure what to do!
18:33:49 -!- Camail [~Camail@45.40.84.145] has joined #tlponies
18:33:49 -!- mode/#tlponies [+v Camail] by Q
18:49:27 <Zounds> hi Camail 
18:51:55 <Camail> hello
18:51:57 -!- Phearlock [~Phearlock@cm-84.208.146.128.getinternet.no] has joined #tlponies
18:55:09 -!- Phearlock [~Phearlock@cm-84.208.146.128.getinternet.no] has joined #tlponies
19:07:43 <skrm> cam
19:20:57 -!- Golly [Golly@cm-84.212.249.112.getinternet.no] has joined #tlponies
19:47:06 <carcinization> runbun https://twitter.com/Lordafj/status/1050569658619715586
20:16:56 <Camail> why does this rap battle have so many key frames
20:28:23 -!- Bio [~BioPon@97.70.181.149] has joined #tlponies
20:29:54 -!- Zounds [webchat@cloak-wmbqgxv5.14-2.cable.virginm.net] has joined #tlponies
20:32:00 <Bio> neigh
20:58:19 <carcinization> .tell skram https://www.reddit.com/r/rally/comments/9r2wuj/when_pushing_a_car_in_parc_ferm%C3%A9_is_not_legal_so/
21:03:15 -!- Crisium [~Crisium@c-73-174-151-51.hsd1.pa.comcast.net] has joined #tlponies
21:46:00 <Bio> gentlemen
21:46:10 <Bio> i have decided against warming up my leftover pasta
21:46:12 <carcinization> bio
21:46:23 <Bio> to partake in the commercial activity of pizza purchasing
21:47:39 <CockRoach|42> wise choice, horse of bio
21:47:45 -!- Rawr|Fone [~AndChat52@c-afb8e655.020-164-6d6c6d4.bbcust.telenor.se] has joined #tlponies
21:47:56 <Bio> thank
21:53:28 -!- skram [~skram@82.147.53.97] has joined #tlponies
21:56:46 <Crisium> za
21:57:25 -!- Gollie [Golly@cm-84.212.249.112.getinternet.no] has joined #tlponies
22:42:25 <motbob> [chiptune] https://www.youtube.com/watch?v=cOy47CU5Mr0
22:54:13 <Crisium> pretty good
22:57:02 <Camail> skram wanna do some bounties
23:25:36 <carcinization> bio https://pbs.twimg.com/media/DqFBEgsXcAI0TKh.jpg
23:26:57 <Bio> lel
23:33:01 <carcinization> .tell runbunny https://www.youtube.com/watch?v=VyX6akEAE1s
23:41:51 <Camail> tekken 7 has some decently nutty customization options
23:42:01 <Camail> but nothing compared to the phallic paradise of voldos
23:42:23 <Camail> they actually have waaaay too much freedom
23:43:03 <Camail> because it alters hitbox/hurtbox data, and everyone agrees they should be banned from ranked online play
23:43:16 <Crisium> https://i.redd.it/78diaftur2u11.jpg
23:44:21 <Camail> they might be able to make her model, but they'll never remake her s.lk
23:44:43 <Camail> the single worst part of usf4
23:47:23 -!- DoT|Phone [~Dot@85.255.233.221] has joined #tlponies
