00:03:39 <skrm> Dot`
00:03:44 <BioSC> skrm
00:03:46 <BioSC> ?biostream
00:03:53 <BioSC> normal ghuun, then some heroics
00:03:55 <skrm> bio m boy
00:04:05 <skrm> might turn in, i am doing the things at work currently
00:04:19 <DuB`> Ganbare
00:06:43 <BioSC> MY DUDE
00:06:45 <BioSC> caps
00:08:42 <Dot`> skrm
00:08:58 <Dot`> i need to sleep, work tomorow
00:09:04 <skrm> You've been quiet lately, are you alright Dot` 
00:09:26 <Dot`> you where not around all mornign skram\
00:09:35 <Dot`> then i had to go out
00:09:42 <skrm> thats true
00:10:10 <skrm> did you get your letter yet
00:10:31 <Dot`> i did
00:10:37 <Dot`> i thought i had told you
00:10:49 <Dot`> sry
00:11:12 <skrm> cool beans
00:11:15 <skrm> when do you start?
00:11:36 <Dot`> 1st oct
00:13:19 <skrm> soon!
00:13:27 <Dot`> yes
00:13:29 <Dot`> very
00:14:15 <skrm> are you picnicing yet
00:14:27 <Dot`> a week ago
00:16:34 <skrm> :D
00:16:55 <skrm> soon you too can waste your paychecks on lego
00:17:13 <Dot`> first i get to waste it on rent
00:17:39 <skrm> the biggest waste of them all
00:30:46 <BioSC> xD
01:22:32 <BioSC> Dot`, 
01:22:36 <BioSC> what company again?
01:42:07 <DuB`> 12*.2
01:42:15 <DuB`> Whoops
01:45:49 <BioSC> thats 2.4
01:46:16 <DuB`> My irc window lots a lot like my calculator window when alt-tabbing quickly :P
01:46:24 <DuB`> Thank you, calculator bio.
01:56:24 -!- Yolteotl [webchat@cloak-0g6xgbx4.oc.oc.cox.net] has joined #tlponies
01:56:44 <Yolteotl> hey pones
01:56:45 <Yolteotl> <3
01:56:55 <DuB`> Yolt!
01:57:39 <Yolteotl> Hi Dub
01:57:39 <Yolteotl> !
01:58:01 <Yolteotl> I did not come here for a while D:
02:01:19 <Yolteotl> how are you?
02:01:53 -!- Westy543 [Westy543@c-73-93-93-161.hsd1.ca.comcast.net] has joined #tlponies
02:01:57 -!- mode/#tlponies [+v Westy543] by Q
02:01:58 -!- Westy543 [Westy543@c-73-93-93-161.hsd1.ca.comcast.net] has left #tlponies
02:02:29 -!- Westy543 [Westy543@c-73-93-93-161.hsd1.ca.comcast.net] has joined #tlponies
02:02:29 -!- mode/#tlponies [+v Westy543] by Q
02:04:28 <DuB`> V good
02:04:34 <DuB`> Starting last year of school
02:04:39 <BioSC> HENLO
02:05:33 <Yolteotl> Wow, good luck
02:07:53 <BioSC> yeah don't fail!
02:08:24 <Yolteotl> or you won't authorize to come here anymore
02:09:03 <DuB`> Oh deary
02:09:38 <Yolteotl> that's the rule
02:09:43 <Yolteotl> only winners here
02:09:48 <Yolteotl> and Dot
02:14:27 -!- Phearlock [~Phearlock@cm-84.209.250.127.getinternet.no] has joined #tlponies
02:14:27 -!- mode/#tlponies [+v Phearlock] by Q
02:30:45 <Crisium> yolt the california
03:02:20 -!- Dot [~quassel@90.197.151.215] has joined #tlponies
03:18:58 <Yolteotl> Hi Foy!
03:19:00 <Yolteotl> DoT
03:31:47 <BioSC> dottles dottles
05:11:49 -!- Dot` [~quassel@90.197.151.215] has joined #tlponies
05:59:48 -!- skram [~skram@82.147.53.97] has joined #tlponies
06:36:00 -!- Dot [~quassel@90.197.151.215] has joined #tlponies
06:43:47 <Rawr|Phone> 🐴🐴🐴
06:53:00 <CockRoach|42> rawr! <3
06:53:09 <Rawr|Phone> Cr! <3
07:41:26 <Dot> hello pons
07:43:28 <skram> Good morning Dot
07:43:33 <skram> I h ave to go to bed now
07:43:34 <skram> <3
07:43:44 <Dot> aww
07:43:50 <Dot> gnight skram <3
07:43:52 <Dot> nap well
08:10:02 <Rawr|Phone> Dot Dot Dot
08:11:02 <Dot> Rawr Rawr Rawr
08:11:03 <Dot> <3
08:11:15 <Rawr|Phone> <3
08:12:53 <Dot> how are you today rawr?
08:16:42 <Rawr|Phone> Gooood goood goood
08:16:47 <Rawr|Phone> How are you dot
08:18:45 <Dot> im ok rawr
08:18:48 <Dot> work today
08:20:05 <Rawr|Phone> How is it going with the engineering thing? Do you know when you can move?
08:20:34 <Dot> nope, seen one propery so far, see another on Monday
08:20:37 <Dot> cutting it close
08:23:40 <Rawr|Phone> I'm sure you will make it
09:54:56 -!- reification [~reificati@cpc76294-cosh16-2-0-cust297.6-1.cable.virginm.net] has joined #tlponies
09:54:57 -!- mode/#tlponies [+v reification] by Q
10:06:04 <reification> hello tlp
10:06:11 <reification> bio https://twitter.com/hlartstudent/status/1036785755698257922
10:17:30 -!- tredc [~tredc@c83-251-171-164.bredband.comhem.se] has joined #tlponies
10:18:11 <Rawr|Phone> Reef reef!
10:23:25 <reification> roar roar!
10:23:31 <reification> dot are you here?
10:23:35 -!- tredc [~tredc@c83-251-171-164.bredband.comhem.se] has joined #tlponies
10:24:14 <Rawr|Phone> Dot probably left for work
10:24:30 <Rawr|Phone> Without saying bye!
10:24:32 <reification> :(
10:50:42 -!- Runbunny [~Runbunny@91.100.28.10.generic-hostname.arrownet.dk] has joined #tlponies
10:51:26 -!- Rawr|Fone [~AndChat52@84-217-62-32.customers.ownit.se] has joined #tlponies
10:51:32 <Rawr|Fone> Anders.
10:53:36 <reification> hei bun
11:50:29 <Phearlock> Morning pons
11:51:37 <reification> hi phear
11:51:55 <Phearlock> https://derpicdn.net/img/view/2018/9/6/1826065.png
11:53:32 <Phearlock> https://derpicdn.net/img/view/2018/9/6/1825962.png
11:53:36 <Phearlock> pon requires more slep
11:55:43 <CockRoach|42> awww
12:38:08 -!- BioPhone [~androirc@mobile-166-170-22-136.mycingular.net] has joined #tlponies
12:50:09 <BioPhone> Hoooorse
12:50:11 <BioPhone> Gmorn
12:55:29 -!- BioPone [~androirc@12.33.239.117] has joined #tlponies
13:00:19 <BioPone> Pone
13:12:36 <Phearlock> hey bio
13:12:46 <Phearlock> I'll repost this for you https://derpicdn.net/img/view/2018/9/6/1825962.png
14:10:36 <BioPone> What a cute
14:11:11 <BioPone> Time to put on my anti static slips and go probe some wires
14:42:09 -!- Golly [~Golly@1.92-221-121.customer.lyse.net] has joined #tlponies
14:55:25 <reification> make sure you don’t get them crossed bio
15:35:03 <reification> runbun https://pbs.twimg.com/media/DmaQAacVAAAI3j6.jpg
15:37:14 <reification> skram https://twitter.com/Jamie_Woodward_/status/1037460327993159680
15:50:19 <Dot> im home
15:50:42 <Dot> rawr rawr, sry, i had to sort some stuff before leaving and was not by my pc again
15:51:21 <Rawr|Fone> Dot Dot
15:51:27 <Dot> <3
15:51:44 <Rawr|Fone> It's okay, but don't make a habit out of it <3
15:52:51 <reification> dot are you available any days next week for me to visit?
15:53:24 <Dot> im working monday, wednesday, thursday, friday
15:53:46 <Dot> and tuesday, sunday is house stuff :/
15:54:35 <reification> by my calculations that leaves only saturday as a possibility…
15:54:59 <Dot> sorry reif, yea, on top of prep for new job i am trying to move and work now has need of me to do extra hours
15:55:11 <Dot> as ppl try to get holidays in before i leave so i can cover
15:55:25 <reification> is understandable
15:55:37 <reification> i suspected something like that would be the case
15:55:46 <Dot> i should have handed in my notice at least 2 weeks earlier
15:59:41 -!- skram [~skram@82.147.53.97] has joined #tlponies
15:59:54 <Dot> skram <3
16:00:19 <skram> dot <3
16:00:24 <BioPone> Poen
16:00:41 <skram> ay biolad
16:00:50 <skram> how did the raid go last night
16:00:51 <BioPone> Ayyyy
16:00:52 <reification> if you don’t mind my dad joining us we can do a few hours hiking on the saturday dot?
16:01:03 <BioPone> Didn't get much killed.
16:01:31 <BioPone> Ghuun stayed up, and mother was close but still up on heroic
16:01:52 <skram> mother was kinda tricky even on normal
16:02:13 <Dot> yea, we can do that reif
16:02:19 <BioPone> Yeah, ranged is a bit fucky this tier
16:02:25 <BioPone> Oh wells
16:02:51 <reification> neat. didn’t want to miss out on seeing you again <3
16:03:34 <BioPone> Prolly strim some zleda tonite
16:04:01 <reification> time for a new pb bio!
16:04:02 <Dot> <3
16:04:32 <Dot> reif https://imgur.com/gallery/tM0Hshd
16:05:13 <reification> heh
16:05:37 -!- tredc [~tredc@c83-251-171-164.bredband.comhem.se] has joined #tlponies
16:05:56 <Dot> skram https://imgur.com/gallery/rqOJy9S
16:06:20 <BioPone> Skrma this place is so chill about hours its nuts
16:06:49 <skram> what an absolute unit Dot
16:06:58 <BioPone> So long as I get to 40 they are fine
16:07:06 <skram> cool
16:07:15 <BioPone> Come in later? Leave later. Same with esrly
16:07:31 <Dot> Bio, my new place im going to start uses flexi hours too
16:07:32 <skram> luxury
16:07:37 <skram> start doing night shifts
16:07:38 <BioPone> Break for lunch? Just come back lol
16:08:02 <BioPone> Speaking of
16:08:15 <BioPone> Let's go eat muh sammich
16:08:33 <skram> is it a group activity? :D
16:09:24 <Dot> skrma if you come visit i will make a sandwich
16:10:23 <skram> woo
16:10:50 <Dot> both current places i am looking at, being the only 2 options to move to
16:10:53 <Dot> have 2 rooms
16:11:00 <Dot> bedroom*
16:11:21 <skram> one for your sleepy face, one for your computers
16:11:50 <Dot> the one ove seen so far has a lounge large enough i will just set up pc and bed in there
16:11:56 <BioPone> Call it an office, like I do with my 2nd bedroom
16:12:08 <skram> same
16:12:09 <Dot> then have 2 offices
16:12:53 <Dot> its really annoying i cant find anythng smaller within a reasnable distance
16:13:55 -!- carcinisation [webchat@cloak-31qdxqjw.6-1.cable.virginm.net] has joined #tlponies
16:14:15 <skram> your bed needs its own room Dot
16:14:32 <Dot> that seems like extra distance to walk
16:15:20 <skram> its much better having a room thats only a bed, makes it easier to sleep and you dont have to keep the same temperature as the living room
16:16:47 <BioPone> Yeah. I like having the comp in a dif room
16:23:12 <BioPone> I also like having a king size bed
16:26:41 <Dot> too large for 5 ft me
16:26:45 <Dot> i get lost
17:15:25 <BioPone> Love getting lost in my covers
17:41:38 -!- Rawr|Fone [~AndChat52@84-217-62-32.customers.ownit.se] has joined #tlponies
17:41:50 -!- tredc [~tredc@c83-251-171-164.bredband.comhem.se] has joined #tlponies
18:06:39 -!- Camail [~Camail@45.40.84.145] has joined #tlponies
18:06:39 -!- mode/#tlponies [+v Camail] by Q
18:07:43 -!- carcinisation [webchat@cloak-31qdxqjw.6-1.cable.virginm.net] has joined #tlponies
18:08:13 <Dot> no cam
18:09:01 <carcinisation> skram runbun are you around and willing to overwatch scrim atm?
18:27:41 <Camail> Dot  i dont have anything going on the next days/week so whenever we want to finish it up i'm good
19:02:49 -!- DoT|Phone [~Dot@90.197.151.215] has joined #tlponies
19:05:13 <Rawr|Fone> 🐴🐴🐴
19:07:35 <DoT|Phone> Rawr Rawr Rawr
19:08:39 <Rawr|Fone> DoT DoT DoT
19:08:42 <Rawr|Fone> 💖💖💖
19:17:09 <DoT|Phone> ❤❤❤
19:17:22 <DoT|Phone> how was your day Rawr
19:17:42 <Rawr|Fone> Very goooood!
19:17:48 <DoT|Phone> great
19:17:48 <Rawr|Fone> How about yours dot
19:17:56 <DoT|Phone> well enough Rawr.
19:21:33 <Rawr|Fone> Sounds nice
19:21:50 <Rawr|Fone> I got a job offer from a company in stockholm today
19:21:58 <Rawr|Fone> But I don't want to move that far
19:27:40 <Dot> doesnt someoen here live in or around stockholm
19:28:52 <Dot> nope
19:29:01 <Dot> i got my scandanavian places mixed
19:32:02 <Rawr|Fone> Divvies
19:32:15 <Rawr|Fone> I think
19:32:21 <Rawr|Fone> But he is ded
19:35:52 <Dot> rip
19:36:46 <Phearlock> rip =(
20:09:35 -!- Zoonds [webchat@cloak-wmbqgxv5.14-2.cable.virginm.net] has joined #tlponies
20:29:42 -!- BioPone [~androirc@97.70.181.149] has joined #tlponies
20:35:25 <BioSC> pon
20:35:27 <BioSC> i home
20:35:32 <BioSC> still can't be Bio
20:35:35 <BioSC> T_T
20:36:04 <Phearlock> =(
20:42:03 <carcinisation> punishedbio
20:53:54 <BioSC> A MAN FORSAKEN BY HIS NAME
21:13:14 -!- Crisium [~Crisium@c-24-3-152-64.hsd1.pa.comcast.net] has joined #tlponies
21:23:38 -!- skrm [webchat@unv2.iieq.zttm.ip] has joined #tlponies
21:25:24 <skrm> l ads
21:25:37 <Phearlock> skram
21:26:04 <Crisium> skrim
21:35:14 <skrm> Im so happy some fuccboi fresh outta business school decided to fix things that are working fine and in doing so fucks it up to such a degree that someone needs to hire an entire person to fix it again
21:36:49 <Dot> oh dear skrm
21:36:55 <Dot> this sounds like a bad start to your shift
21:37:00 <Dot> hey Crisium
21:37:06 <Crisium> howdy
21:37:12 <skrm> fuck me for demanding to get paid for the hours I work right
21:38:51 <skrm> People who wear shirts to work are the worst possible people, Dot 
21:39:14 <Crisium> skrm goes to work topless
21:39:49 <skrm> nah m8 i wear my ppe
21:40:32 <Dot> a hard hat and a high vis vest
21:40:38 <Dot> what about pants?
21:41:05 <skrm> fire-retardant gear dot
21:41:10 <skrm> and cotton t-shirts
21:41:16 <skrm> which are entirely different than shirts
21:44:01 <Dot> them white collars
21:44:06 <Dot> cant be trusted
21:45:24 <BioSC> oi
21:45:36 <BioSC> W E 
21:45:39 <BioSC> are white collars
21:45:54 <Crisium> lets fite skram
21:46:20 <carcinisation> ooh is it class war time?
21:46:25 <skrm> i demand to have my union representative present
21:51:01 <BioSC> ?biostream
21:51:04 <BioSC> ALTTPR
21:51:17 <Crisium> ASDFGH
21:52:00 <BioSC> OMGWTFBBQ
21:52:13 <carcinisation> zOMG
21:53:02 <skrm> wOw
21:55:33 -!- tredc [~tredc@c83-251-171-164.bredband.comhem.se] has joined #tlponies
22:00:20 -!- BioPone [~androirc@97.70.181.149] has joined #tlponies
22:06:28 -!- Dot [~quassel@90.197.151.215] has joined #tlponies
22:12:28 -!- DuB` [~DuB@66-219-235-226.dynamic.ip.veracitynetworks.com] has joined #tlponies
22:12:31 <DuB`> wew
22:12:43 <reification> hi dub
22:18:24 <DuB`> Weekend is now
22:19:40 <reification> it’s only thursday dub
22:20:04 -!- tredc [~tredc@c83-251-171-164.bredband.comhem.se] has joined #tlponies
22:20:13 <DuB`> Well no classes tomoro
22:20:39 <reification> lucky you
22:21:02 <Dot> dub dub
22:21:18 <DuB`> dot dot
22:21:52 <Dot> <3
22:23:14 <DuB`> <3
22:28:38 <DuB`> Four interviews for full-time this month D:
22:33:52 <Dot> gl hest
22:59:36 <reification> night all
23:01:40 -!- Phearlock_ [~Phearlock@cm-84.209.250.127.getinternet.no] has joined #tlponies
23:01:40 -!- mode/#tlponies [+v Phearlock_] by Q
23:02:04 <Dot> gnight reif!
23:02:07 <Dot> hey phear
23:29:54 <DuB`> I need Practical Guide to Evil to update EVERY DAY
23:29:58 <DuB`> waaah
23:43:23 <BioSC> 2 mins off my bp RIP
23:48:29 <BioSC> fun run tho
23:56:19 <Camail> dub are you ready for cr yet
