00:02:17 -!- DuB|fon [~androirc@128.187.116.6] has joined #tlponies
00:20:01 <Camail> if you dont want to name names, just describe what they look like
00:21:14 <Bio> its dub isn't it
00:23:04 <Camail> must be
00:23:18 <Camail> ha cant even spell phone
00:23:34 <Camail> let alone resist the sultry temptation of mauling skrams front-head
00:30:00 -!- DuBphon [~androirc@66.87.178.243] has joined #tlponies
01:00:18 <reification> night all
01:05:10 <Camail> nn
01:05:32 <Camail> bio wanna do 1 shoot game?
01:05:36 <Camail> is kinda late tho
01:07:10 <Bio> i'm good tonight. slep is soon
03:46:27 <Camail> woof, tough daily, nearly died...didnt play that well
04:51:07 -!- Rawr|Fone [~AndChat52@84-217-62-32.customers.ownit.se] has joined #tlponies
06:56:02 -!- DoT|Phone [~Dot@50.115.159.143.dyn.plus.net] has joined #tlponies
07:12:04 <DoT|Phone> I'm awake
07:21:30 <Rawr|Fone> Good job dot
07:23:11 <DoT|Phone> it's cold and wet today Rawr. I want to go back to sleep
07:23:31 <Rawr|Fone> D:
07:28:02 <DoT|Phone> how are you this morning Rawr
07:28:37 <Rawr|Fone> Hungry
07:28:49 <Rawr|Fone> Need breakfast
07:32:27 <DoT|Phone> pancakes!
07:50:55 <DoT|Phone> dub dub
07:58:20 -!- DoT|Phone1 [~Dot@148.252.128.180] has joined #tlponies
08:03:06 <DuB`> dot dot
08:03:36 <DoT|Phone1> how's you dub
08:03:42 <DuB`> Gewd
08:03:52 <DoT|Phone1> great
08:04:02 <DuB`> Yeah that too
08:04:06 <DoT|Phone1> you do any space?
08:04:10 <DuB`> Naw
08:04:23 <DuB`> Played some Divinity 1, micen had a spare copy laying around he gifted to me
08:04:31 <DuB`> And groupwork/study.
08:04:50 <DoT|Phone1> how is divinity?
08:05:07 <DuB`> Nice
08:05:25 <DuB`> On like hour 4 of wandering around a small town trying to figure out one murder is getting kinda meh though :P
08:05:36 <DoT|Phone1> Lol
08:06:27 <DoT|Phone1> you should probably just accuse someone
08:06:56 <DuB`> It was the half-deaf kindly old mayor who never leaves home!
08:07:00 <DuB`> Senile old fart
08:07:34 <DoT|Phone1> a cover years in three making
08:07:36 <DoT|Phone1> the
08:08:33 <DuB`> Yes
08:08:35 <DuB`> Now slepp
08:08:41 <DoT|Phone1> Gnight
08:10:09 <DoT|Phone1> bus is late
09:26:12 <DoT|Phone1> Did you find food Rawr?
09:38:35 <DoT|Phone1> maybe he starved to death
09:38:37 <DoT|Phone1> rip
10:07:12 <Rawr|Fone> Ded
10:07:38 <DoT|Phone1> snela
10:07:59 <Rawr|Fone> No u
11:14:34 -!- tredc [~tredc@c83-251-171-176.bredband.comhem.se] has joined #tlponies
11:22:37 -!- reification [~reificati@cpc76294-cosh16-2-0-cust297.6-1.cable.virginm.net] has joined #tlponies
11:22:37 -!- mode/#tlponies [+v reification] by Q
11:55:30 <DoT|Phone1> Reif!
12:05:59 <reification> dotties!
12:09:20 <DoT|Phone1> how's it going? it cold down south too?
12:09:54 <reification> yes
12:20:56 -!- Rawr|Phone [~AndChat52@m83-185-85-64.cust.tele2.se] has joined #tlponies
13:10:58 -!- Golly [Golly@cm-84.212.249.112.getinternet.no] has joined #tlponies
14:13:23 -!- Rawr|Fone [~AndChat52@84-217-62-32.customers.ownit.se] has joined #tlponies
14:15:27 -!- reification [~reificati@cpc76294-cosh16-2-0-cust297.6-1.cable.virginm.net] has joined #tlponies
14:15:27 -!- mode/#tlponies [+v reification] by Q
14:36:12 <DoT|Phone1> horse
14:38:01 <Rawr|Fone> Horse
14:39:15 <DoT|Phone1> how is your day Rawr?
14:39:45 <Rawr|Fone> Been to the gym and going to play table tennis soon
14:39:50 <Rawr|Fone> Pretty great so far
14:39:57 <Rawr|Fone> How is work dothorse
14:40:47 <DoT|Phone1> good Rawr hest. you ping pong?
14:40:56 <DoT|Phone1> oh
14:40:57 <DoT|Phone1> soon
14:50:47 <Rawr|Fone> Very soon
15:47:31 -!- Rawr|Phone [~AndChat52@m83-185-90-86.cust.tele2.se] has joined #tlponies
16:07:00 <DoT|Phone1> wonder if Skram is alive today
16:44:57 -!- DoT|Phone [~Dot@50.115.159.143.dyn.plus.net] has joined #tlponies
16:52:12 -!- Dot [~quassel@50.115.159.143.dyn.plus.net] has joined #tlponies
17:16:46 -!- skrm [webchat@unv2.iieq.zttm.ip] has joined #tlponies
17:17:34 <skrm> grr
17:20:57 <Dot> Jonas <3
17:21:06 <Dot> hows the brain today?
17:21:08 <Dot> still sore?
17:25:20 <skrm> a bit
17:25:55 <skrm> but better than yesterday
17:29:59 <Dot> :(
17:39:57 <Dot> did you take the day off work?
17:47:01 -!- BioPhone [~androirc@12.33.239.117] has joined #tlponies
17:47:06 <Dot> Bio!
17:47:34 <BioPhone> Me!
17:47:44 <BioPhone> Henlo!
17:50:13 <reification> hey bio
17:52:07 <BioPhone> Frinds
18:02:26 -!- BioPhone [~androirc@12.33.239.117] has joined #tlponies
18:25:35 -!- Zounds [webchat@cloak-07ouvien.14-2.cable.virginm.net] has joined #tlponies
18:25:43 <Zounds> hi
18:29:20 -!- Camail [~Camail@45.40.84.145] has joined #tlponies
18:29:21 -!- mode/#tlponies [+v Camail] by Q
18:34:35 <Dot> Hey zounds, cam
18:47:38 -!- BioPhone [~androirc@12.33.239.117] has joined #tlponies
18:55:29 <skrm> i need the moni Dot 
18:56:55 <BioPhone> Git the moni
19:03:44 <Dot> skrm pls
19:03:58 <Dot> you need your life too
19:05:48 <skrm> are you certain
19:07:33 <Dot> hmm
19:12:44 -!- Rawr|Fone [~AndChat52@84-217-62-32.customers.ownit.se] has joined #tlponies
20:01:38 -!- Rawr|Phone [~AndChat52@m83-185-90-86.cust.tele2.se] has joined #tlponies
20:07:52 <BioPhone> Life needs things to live
20:09:00 -!- BioPhone [~androirc@12.33.239.117] has joined #tlponies
20:14:52 <reification> shield battery?
20:17:05 <Dot> i need coffee
20:18:43 <reification> what is stopping you dot?
20:20:31 <Dot> its so cold
20:20:38 <Dot> why  is this country
20:21:51 <reification> visit skram then come back and it will seem warmer :p
20:23:08 <BioPhone> Is winter dort
20:23:20 <BioPhone> It does the cold now
20:25:22 <Dot> but my heating isnt working yet
20:25:29 <Dot> cant it wait?
20:25:59 <BioPhone> Man, I'd pay a little more for a working appt. Dot, so many issue!
20:26:28 <Dot> haha
20:26:52 <Dot> i had 2 options, the other was above a smelly fish and chips shop
20:29:13 <skrm> good choice
20:29:33 <skrm> also what you mean your heating isnt working yet
20:29:34 <skrm> dot its winter
20:29:38 <skrm> this is how people die
20:31:18 <Dot> the landlord thought it best to replace the old storage heaters
20:31:24 <Dot> with bran new electrical ones
20:31:55 <Dot> but it seems the circuite the heaters are on is timed to be on from midnight till 7 am
20:32:10 <skrm> ??
20:32:17 <skrm> thats like the opposite of what you want
20:34:28 <skrm> the chimney sweeper guy visited yesterday so now im allowed to set things on fire in my home
20:34:56 <Dot> you have so many fires in your life skram
20:37:20 <skrm> its a blessed life
20:40:19 <Camail> Cane https://www.twitch.tv/dahang
20:40:23 <Camail> watching DH vod
20:40:49 <reification> you better make sure these fires stay in the right place skram!
20:42:28 <reification> https://twitter.com/EnglishRussia1/status/1070015273909006336
20:43:13 <skrm> its fine, i know all the firemen by name now
20:47:45 <Camail> skram you should eat something tasty every time there is a fire
20:47:50 <Camail> so you associate fire with good feelings
20:47:57 <Camail> then you start lighting fires to feel alive
20:50:35 <skrm> hmm
20:50:38 <skrm> i like this plan
20:56:23 <BioPhone> Primal.
20:56:26 <BioPhone> I like it
21:24:10 -!- BioPone [~androirc@mobile-166-170-27-0.mycingular.net] has joined #tlponies
22:07:04 -!- Crisium [~Crisium@c-73-174-151-51.hsd1.pa.comcast.net] has joined #tlponies
22:08:51 <DoT|Phone> cris hest
22:08:53 <DoT|Phone> hello
22:09:05 <Crisium> henlo
22:14:31 <DoT|Phone> how you doing?
22:18:55 <Crisium> a bit le tired
22:31:34 -!- DuB` [~DuB@66-219-235-226.dynamic.ip.veracitynetworks.com] has joined #tlponies
22:31:40 <DuB`> Yahallo
22:33:24 <Camail> darb
22:33:34 <Camail> deb
22:33:37 <Camail> deeb
22:35:05 -!- Bio [~BioPon@97.70.181.149] has joined #tlponies
22:35:29 <DuB`> All of the above
22:35:33 <Bio> i am homehorse
22:38:33 -!- Rawr|Fone [~AndChat52@84-217-62-32.customers.ownit.se] has joined #tlponies
22:43:40 <Rawr|Fone> 🐎
22:48:14 <Bio> happy neighing
22:49:43 <DoT|Phone> dub!
22:50:00 <Camail> i'm sad we didnt really get to play inferno 2v2
22:50:01 <DoT|Phone> That's a full horse Rawr
22:50:09 <Camail> that and nuke i feel are legit
22:50:41 <Rawr|Fone> So are you dot
22:50:50 <reification> 🦓🦓🦓
22:59:12 -!- skram [~skram@82.147.53.97] has joined #tlponies
22:59:21 <skram> wow
23:00:15 <skram> what a bunch of n e r d s
23:01:46 <Camail> skram
23:01:49 <Camail> hullo
23:02:23 <skram> hey bud
23:02:48 <Camail> skram DuB` Bio  2v2?
23:04:28 <skram> im doing a farcry i think
23:05:16 <Camail> the hillbilly farcry?
23:05:26 <skram> yeh
23:05:30 <skram> its pretty stupid
23:05:50 <Camail> yea, farcry has gone down hill since 3
23:06:02 <Camail> they go all in on the villains and its just, meh
23:06:29 <skram> i mean its not a good game
23:06:31 <skram> but it is fun
23:08:09 <DoT|Phone> Skram
23:08:12 <DoT|Phone> Go sleep
23:08:23 <skram>  its my day off tomorrow dot
23:08:37 <Camail> skram, get fucked up and never sleep
23:08:42 <Camail> do drugs
23:08:51 <skram> im halfway there already
23:09:14 <Bio> snort a whole marywanna
23:10:12 <skram> get off my case, weed stoner
23:10:14 -!- carcinization [~reificati@cpc76294-cosh16-2-0-cust297.6-1.cable.virginm.net] has joined #tlponies
23:10:14 -!- mode/#tlponies [+v carcinization] by Q
23:10:27 <skram> gganja is for goons
23:14:03 <Bio> i think imma be a bum and play switch in bed till i fall aspleep
23:20:26 -!- reimeuk [~reificati@cpc76294-cosh16-2-0-cust297.6-1.cable.virginm.net] has joined #tlponies
23:20:26 -!- mode/#tlponies [+v reimeuk] by Q
23:22:16 <Camail> thats a good plan
23:31:11 <reimeuk> rawr https://www.bbc.co.uk/sport/av/football/46453844
23:54:23 -!- skrma [~skram@ip-9-146-106-77.eidsiva.net] has joined #tlponies
23:54:28 <Camail> i have pizza
