00:14:18 -!- BioPone [~androirc@97.70.181.149] has joined #tlponies
00:23:17 <BioSC> she was on an american nerd channel in like
00:23:23 <BioSC> early 2000s?
00:23:27 <BioSC> G4TV
00:23:38 <BioSC> p sure that game got me into Everquest
00:23:42 <BioSC> er, tv channel
00:23:48 <BioSC> then wow
00:23:50 <BioSC> speaking of
00:23:53 <BioSC> ?biostream
00:23:55 <BioSC> wow raid
00:35:40 <skram> Dot` someones got his hand stuck in a dinosaur butt
00:35:49 <BioSC> WOAH
00:35:54 <BioSC> that seems less than ideal
00:38:22 <Phearlock> Depends on how lewd the rpg is supposed to be
01:54:46 <Dot`> why you still awake skram
01:58:06 <skram> well you told me to watch this 3 hour long thing
01:58:14 <Dot`> ah, right
01:58:17 <Dot`> how is it?
01:59:24 <skram> its pretty good actually
01:59:26 <skram> i do like this dm
01:59:48 <BioSC> but skrm
01:59:52 <BioSC> i am stream!
02:00:09 <Dot`> i thought you might skram
02:00:18 <Dot`> more story focused than rules
02:00:43 <Dot`> Patrick just continues to make bad excuses to get advantage and perkins says yes
02:05:50 <skram> sounds wonmderful
02:05:59 <skram> wonder how having cooperative dms feel like
02:06:06 <Dot`> no idea
02:06:27 <Dot`> i wonder what communicative players are like
02:06:31 <BioSC> thats 50 dkp minus
02:12:13 <Dot`> skram, just how silly is this person? https://imgur.com/gallery/90goTFf
02:12:26 <Dot`> on a stupid to insane scale
02:13:02 <skram> not at all silly probably
02:13:18 <skram> mooses with babby are pretty agressive
02:13:28 <Dot`> riding so close to a moose?
02:13:33 <Dot`> seems pretty silly to me
02:13:50 <skram> ya thats the silly part
03:20:58 -!- Phearlock [~Phearlock@cm-84.209.250.127.getinternet.no] has joined #tlponies
03:20:58 -!- mode/#tlponies [+v Phearlock] by Q
03:39:15 <BioSC> DuB`, 
03:39:21 <BioSC> thanx for watchin m8
03:43:13 -!- Rarity [znc@Heartmender.users.quakenet.org] has joined #tlponies
03:56:09 -!- CockRoach|42 [~CR@CockRoach|42.users.quakenet.org] has joined #tlponies
03:56:09 -!- mode/#tlponies [+v CockRoach|42] by *.quakenet.org
04:27:10 -!- Rawr|Fone [~AndChat52@84-217-62-32.customers.ownit.se] has joined #tlponies
07:18:33 <Rawr|Fone> 🐴🐴🐴
07:23:14 -!- Rawr|Phone [~AndChat52@m83-185-84-19.cust.tele2.se] has joined #tlponies
07:40:36 -!- Phearlock_ [~Phearlock@cm-84.209.250.127.getinternet.no] has joined #tlponies
07:40:36 -!- mode/#tlponies [+v Phearlock_] by Q
08:27:11 <Dot`> mornign all
08:35:15 <CockRoach|42> morning dottie hors
08:52:09 <Dot`> cr hest <3
08:59:09 <Rawr|Phone> Dot` Dot` Dot`
09:01:21 <Dot`> Rawr Rawr Rawr
09:01:24 <Dot`> <3
09:01:28 <Rawr|Phone> <3
09:04:27 -!- Rawr|Fone [~AndChat52@84-217-62-32.customers.ownit.se] has joined #tlponies
09:55:39 -!- tredc [~tredc@c83-251-171-164.bredband.comhem.se] has joined #tlponies
10:26:39 -!- Golly [~Golly@1.92-221-121.customer.lyse.net] has joined #tlponies
11:33:15 <Dot`> Rawr Rawr
11:43:58 <Rawr|Fone> Dot Dot
11:44:00 <Rawr|Fone> <3
11:44:09 <Rawr|Fone> How is your day going dotpon
11:50:14 -!- BioPone [~androirc@mobile-166-177-57-249.mycingular.net] has joined #tlponies
12:00:34 <Dot`> good rawr
12:00:56 <Rawr|Fone> Great
13:54:19 -!- BioPone [~androirc@mobile-166-177-58-12.mycingular.net] has joined #tlponies
13:54:30 <BioPone> Horses
13:54:32 <Dot`> bio
13:55:25 <BioPone> Henlo
13:57:32 -!- Rawr|Fone [~AndChat52@84-217-62-32.customers.ownit.se] has joined #tlponies
14:13:33 -!- skrm [webchat@unv2.iieq.zttm.ip] has joined #tlponies
14:13:41 <skrm> nyello
14:16:23 <Dot`> skrm!
14:18:30 <skrm> dot my lad
14:23:00 <Rawr|Fone> Jonas darling
14:23:09 <skrm> Henrik my dear
14:23:47 <Rawr|Fone> Good afternoon
14:25:26 <skrm> God afton!
14:25:31 <skrm> How is your face today
14:25:40 <Rawr|Fone> Doing great
14:25:47 <Rawr|Fone> How about yours
14:31:43 <skrm> Not that good today, but hopefully will be better soon
14:40:26 <Dot`> did ppl break tihngs agian skr?
14:40:57 -!- tredc [~tredc@c83-251-171-164.bredband.comhem.se] has joined #tlponies
14:42:04 <skrm> Naw it just hurts
14:43:29 <Dot`> D:
14:54:10 <skrm> when you moving mr dot
15:01:42 <Dot`> week leading up to october
15:04:02 <skrm> did you go to ikea and buy your pots and pans yet
15:04:11 <skrm> do you have a shoe horn yet
15:04:15 <skrm> or a mop
15:04:18 <skrm> or a garlic press???
15:04:26 <skrm> SO MANY THINGS AAAAH
15:09:27 <Dot`> AAAAAAAHHHHHHHH
15:16:43 <BioPone> Pizza cutter
15:19:05 <skrm> need at least 3 pizza cutters
15:24:04 -!- DuB_phone [~AndChat71@128.187.116.24] has joined #tlponies
15:24:13 <DuB_phone> Wah
15:25:13 <skrm> WAH
15:25:28 <skrm> whats up waluigi
15:28:50 <DuB_phone> Wha
15:28:53 <DuB_phone> So
15:29:29 <DuB_phone> We started on production process balancing in my global supply chain management class
15:29:55 <DuB_phone> And I'm just sitting there thinking "PSH, I'VE PLAYED FACTORIO"
15:30:06 <Dot`> haha
15:30:07 <DuB_phone> ezpz
15:30:12 <Phearlock_> rofl
15:30:13 <Dot`> hey dubs <3
15:30:33 <DuB_phone> <3
15:31:00 <DuB_phone> Srs though I'mma ace this section
15:33:26 -!- skrm [webchat@pioj.eid3.887x.ip] has joined #tlponies
15:33:30 <skrm> D:
15:34:51 <Phearlock_> hi again
15:35:06 <DuB_phone> :D
15:37:04 <skrm> I wonder what im gonna do for lunch today
15:37:57 <skrm> i got cheese and pickled herring DuB_phone 
15:38:05 <skrm> maybe even a brie
15:38:13 <DuB_phone> Why
15:38:15 -!- tredc [~tredc@c83-251-171-164.bredband.comhem.se] has joined #tlponies
15:38:35 <skrm> what do you mean why
15:38:42 <DoT`> why skrm
15:38:45 <skrm> its what people eat so thats whats available
15:38:49 <DuB_phone> Imma have taco bell with no pickled anythings, especially fish
15:39:02 <skrm> fast food at work?!
15:39:06 <skrm> what the h e c k
15:39:28 -!- Phearlock [~Phearlock@cm-84.209.250.127.getinternet.no] has joined #tlponies
15:39:28 -!- mode/#tlponies [+v Phearlock] by Q
15:39:40 <DuB_phone> At skuul
15:41:29 <skrm> right
15:41:30 <skrm> still tho
15:41:42 <skrm> Phearlock this lad is eating fast food at lunch
15:41:44 <skrm> can you imagine?
15:41:57 <Phearlock> yes
15:42:06 <skrm> >:(
15:42:19 <Phearlock> I have a good imagination!
15:42:22 <Phearlock> dont' be jealous
15:42:40 <skrm> Ill be over here with my boiled pig liver, thanks
15:42:54 <Phearlock> I'll probably have Bacalao today
15:43:06 <Phearlock> klippfisk yum yum
15:43:48 <skrm> phearlock you're from drammen
15:43:52 <skrm> why do you have klippfisk
15:44:11 <Phearlock> Well I got it from the store
15:44:25 <Phearlock> I don't know how to make it myself.
15:44:40 <Phearlock> But it's pretty good
15:47:23 <skrm> world's gone mad
15:51:57 <DuB_phone> I applied to FIVE jobs yesterday
15:52:02 <DoT`> wow
15:53:02 <skrm> you only need 1 though
15:53:05 <skrm> dont be greedy
15:54:51 <DuB_phone> Allll mines now
15:56:02 <DoT`> dub going to have so much money with 5 jobs
15:56:15 <skrm> he's too powerful
15:56:18 <skrm> with all his jobs
15:56:41 <DuB_phone> 200hrs per week
15:56:59 <skrm> SO MUCH money though
15:57:55 <DuB_phone> Gonna need it to live in Manhattan kehehe
15:57:57 <Phearlock> He's stealing all the jobs
15:58:26 <Phearlock> Been binge watching the Great War history youtube channel the past couple of days. Brushing up on WWI history.
15:58:43 <Phearlock> Man I had no idea how fucking awful at war austria-hungary was.
15:58:54 <skrm> 4 years of weekly videos to catch up with
15:59:01 <Phearlock> ye
15:59:07 <skrm> yeah its a vvv good series
15:59:13 <DuB_phone> :o
15:59:15 <skrm> and trench warfare was the fucking worst
15:59:25 <Phearlock> Indeed
16:06:21 -!- Phearlock_ [~Phearlock@cm-84.209.250.127.getinternet.no] has joined #tlponies
16:06:21 -!- mode/#tlponies [+v Phearlock_] by Q
16:16:31 -!- Rawr|Phone [~AndChat52@m83-185-80-167.cust.tele2.se] has joined #tlponies
16:18:31 -!- Zoonds [webchat@cloak-wmbqgxv5.14-2.cable.virginm.net] has joined #tlponies
16:18:42 <DoT`> its that rude zounds
16:18:50 <Zoonds> hi
16:18:58 <Zoonds> rude? :)
16:19:10 <DoT`> leaving so quick yesterday
16:19:30 <Zoonds> ah sorry
16:20:12 <Zoonds> So thinking about the EU yesterday I noticed article 13 passed today
16:20:31 <Phearlock_> yeah that bit sucks
16:22:28 <DoT`> oh wow, i thought that got shut down weeks ago
16:22:34 <DoT`> i must have misread an article
16:23:02 <DoT`> oh. it was stopped, in july
16:23:07 <DoT`> then it carried on
16:24:37 -!- Phearlock__ [~Phearlock@cm-84.209.250.127.getinternet.no] has joined #tlponies
16:24:37 -!- mode/#tlponies [+v Phearlock__] by Q
16:33:04 <BioPone> Po
16:33:06 <BioPone> Neigh
16:33:11 <DoT`> horse
16:33:25 <Phearlock__> poh nay
16:40:10 <Zoonds> https://www.deviantart.com/harwicks-art/art/Cue-Dramatic-Swoon-763438954
16:41:25 <Phearlock__> <3 <3
16:48:43 -!- Phearlock_ [~Phearlock@cm-84.209.250.127.getinternet.no] has joined #tlponies
16:48:43 -!- mode/#tlponies [+v Phearlock_] by Q
16:49:09 -!- BioPhone [~androirc@mobile-166-177-56-16.mycingular.net] has joined #tlponies
16:49:09 -!- tredc [~tredc@c83-251-171-164.bredband.comhem.se] has joined #tlponies
16:56:41 -!- DuB_phone [~AndChat71@128.187.116.24] has joined #tlponies
17:20:41 -!- Zounds [webchat@cloak-wmbqgxv5.14-2.cable.virginm.net] has joined #tlponies
17:36:32 -!- reification [~reificati@host86-166-29-122.range86-166.btcentralplus.com] has joined #tlponies
17:36:50 <reification> evening all
17:42:15 <DoT`> reef
17:42:29 <reification> dawt
17:43:15 -!- DoT|Phone [~Dot@90.216.76.68] has joined #tlponies
17:43:29 <reification> went out hiking in Shropshire today.
17:43:40 <reification> it was very nice
17:46:42 <DoT`> rained here this mornign
17:46:48 <DoT`> but cleared up nicely
17:49:29 <DuB_phone> 🍞
17:54:29 <DoT|Phone> Reif. Was it this Saturday?
17:54:36 <skrm> shropshire
17:54:41 <skrm> that doesnt even seem like a real name reif
17:55:06 <DoT|Phone> most of England has fake names Skram
17:55:24 <DoT|Phone> to confuse the Germans during ww2 if they ever landed
17:56:14 <skrm> makes sense
18:05:16 <DuB_phone> Shirehamtonfield
18:05:47 -!- BioPhone [~androirc@mobile-166-177-56-16.mycingular.net] has joined #tlponies
18:11:15 <skrm> Dub are you having a stroke
18:12:40 <Zounds> yeh he meant fielton hampshire
18:18:00 <reification> yes dot this Saturday
18:21:14 <DoT|Phone> thought so
18:21:21 <DoT|Phone> what's the plan?
18:25:36 <reification> we arrive 11-12ish
18:27:33 <reification> do moderate hike (not more than 4hrs) monsal trail might be good
18:28:07 <reification> then we drive all the way back south in the evening
18:28:10 <DoT|Phone> sounds good. start at monsal head.
18:38:17 <reification> phones are leaving and so am I
18:38:23 <reification> laters all
18:40:46 <DoT`> he gone
18:41:11 <Zounds> D:
18:42:33 <Zounds> It's my birthday tomorrow DoT` 
18:42:35 <Zounds> go buy me a cake
18:42:40 <DoT`> will do
18:42:52 <DoT`> make sure to come here and we can go to the gin and pizza place
18:42:55 <Zounds> I'm not a fan of regular cakes but cheesecake or something is brilliant
18:42:58 -!- tredc [~tredc@c83-251-171-164.bredband.comhem.se] has joined #tlponies
18:43:08 <DoT`> Bakewell tart is all thats here
18:43:20 <Zounds> Not too bad
18:43:24 <Zounds> if you like cherries
18:44:16 <Zounds> apple spongecake with custard like my granny made
18:44:18 <Zounds> that's the good stuff
18:44:44 <DoT`> we got a new hard boiled sweet in the shop
18:44:47 <DoT`> apple and custard
19:13:44 <DoT`> skrm
19:13:49 <skrm> aye lad
19:13:57 <DoT`> is your face better yet?
19:14:03 -!- tredc [~tredc@c83-251-171-164.bredband.comhem.se] has joined #tlponies
19:16:30 <skrm> Its alright
19:17:19 <skrm> I did drugs and lifted some forks from vvv far away
19:26:56 <Zounds> what happened to it skrm
19:27:26 <skrm> nothing bad
19:27:30 <skrm> i just get migraines sometimes
19:27:48 <Zounds> oh
19:28:05 <Zounds> when dottles said face I envisioned something smacking you
19:28:19 <DoT`> skram said face
19:28:29 <DoT`> so i used those words
19:30:10 <skrm> well they do make your face hurt so it is not inaccurate
19:38:26 -!- BioPhone [~androirc@mobile-166-176-251-106.mycingular.net] has joined #tlponies
19:38:34 -!- tredc [~tredc@c83-251-171-164.bredband.comhem.se] has joined #tlponies
19:38:45 -!- DuB_phone [~AndChat71@128.187.116.24] has joined #tlponies
19:58:02 <Rawr|Phone> 🐴🐴🐴
19:59:48 -!- Camail [~Camail@45.40.84.145] has joined #tlponies
19:59:49 -!- mode/#tlponies [+v Camail] by Q
20:04:03 <Zounds> muh Camail 
20:04:34 <Camail> hullo
20:06:24 -!- BioPhone [~androirc@mobile-166-176-251-106.mycingular.net] has joined #tlponies
20:15:01 -!- DuB_phone [~AndChat71@45.56.50.29] has joined #tlponies
20:15:14 -!- DuB` [~DuB@66-219-235-226.dynamic.ip.veracitynetworks.com] has joined #tlponies
20:15:19 -!- tredc [~tredc@c83-251-171-164.bredband.comhem.se] has joined #tlponies
20:15:41 <DuB`> ayo
20:17:46 <DuB`> I ate four krispy kreme donuts today >_>
20:18:17 <skrm> v healthy
20:18:53 <DuB`> It's recruiting season so firms have their tables set up with a bunch of snacks and stuff in our building!
20:18:55 <DuB`> It's not my fault.
20:19:20 <skrm> well at least its not pickled herring
20:19:27 <skrm> You're allowed to say no, y'kno?
20:19:52 <skrm> You can just be like: NO thanks mr executive, 3 donuts is more than enough
20:21:08 <DuB`> But
20:21:10 <DuB`> sweets
20:21:14 <DuB`> I don't think you understand
20:21:31 -!- tredc [~tredc@c83-251-171-164.bredband.comhem.se] has joined #tlponies
20:22:04 <skrm> i totally do
20:42:30 <BioPhone> Horses are inevitably drawn to sweets
20:42:44 <Phearlock_> I cannot resist chocolate at all
20:42:52 <Phearlock_> If there is chocolate. I must snack it
20:42:53 <BioPhone> Also bio stream soon
20:55:30 <Zounds> I'm usually alright dodging sweets and desserts
20:55:38 <Zounds> it's stuff like pringles that ensare me
21:01:34 -!- Rawr|Fone [~AndChat52@84-217-62-32.customers.ownit.se] has joined #tlponies
21:15:10 -!- BioPhone [~androirc@mobile-166-176-251-106.mycingular.net] has joined #tlponies
21:22:33 -!- BioSC [~BioPon@97.70.181.149] has joined #tlponies
21:23:51 <Rawr|Fone> Horses
21:37:57 <DuB`> Snowbun https://i.imgur.com/NvZQvDQ.gifv
21:48:25 -!- BioPhone [~androirc@mobile-166-176-251-106.mycingular.net] has joined #tlponies
21:49:37 -!- skram [~skram@82.147.53.97] has joined #tlponies
21:50:18 <skram> is good to be home
21:51:10 <BioSC> yeh buddy
21:51:30 <BioSC> time to take out the GARBAGE
21:51:51 <skram> but i JUST got here
21:52:43 <DuB`> skram i do not believe he was talking about u
21:52:50 <DuB`> u r the opposite of garbage ya
21:53:15 <skram> dub u old flirt <3
21:55:08 <Zounds> skram
21:55:09 <Zounds> welcome home
21:55:20 <skram> thanks pal
22:01:25 -!- BioPhone [~androirc@mobile-166-176-251-106.mycingular.net] has joined #tlponies
22:04:39 <BioSC> yeh skrm
22:04:44 <BioSC> ur like
22:04:49 <BioSC> the trash king
22:05:05 <BioSC> or somth
22:05:14 <skram> flattery will get you anywhere bio
22:05:19 <BioSC> don't I know it
22:14:20 -!- Phearlock [~Phearlock@cm-84.209.250.127.getinternet.no] has joined #tlponies
22:14:20 -!- mode/#tlponies [+v Phearlock] by Q
22:50:38 <Zounds> what are muh horsies up to?
22:52:45 <BioSC> world queests 
22:52:48 <BioSC> be4 raid
23:00:20 <CockRoach|42> happy zounds day!
23:03:24 <Zounds> ay he's on the ball
23:03:29 <Zounds> cheers CR
23:04:00 <CockRoach|42> <3
23:05:43 <Zounds> g'night ponners
23:11:51 -!- Phearlock_ [~Phearlock@cm-84.209.250.127.getinternet.no] has joined #tlponies
23:11:51 -!- mode/#tlponies [+v Phearlock_] by Q
23:16:39 <Phearlock_> I love divos 2 combat.
23:17:00 <Phearlock_> Just did a usually hard fight super easily by dividing the enemy forces with a dressing panel.
23:17:07 <Phearlock_> placed in a doorway
23:17:12 <Camail> >_>
23:17:24 <Phearlock_> They did attack it to try break through it
23:17:30 <Phearlock_> but it took them 2 turns
23:18:19 <Camail> if you prepare pre-combat, most of the fights are simplified
23:18:35 <Camail> but if you just run around as a group of 4 prepare to be AOE'd yo death
23:18:53 <Phearlock_> Yeah that's how it works =D
23:19:49 <Camail> i walked into the final confrontation, got my ass blassted as they did 10k damage to my entire party
23:19:52 <Camail> then i quit for the night
23:20:25 <Camail> but my dwarf is strong as hell so i'm sure he'll do fine if he manges to live to his turn
23:20:44 <Phearlock_> that final fight was terrifying when I did it on honor mode
23:21:00 <Phearlock_> Almost went horribly but some camping saved the day
23:21:18 <Phearlock_> Just regular tactician this time though so when I eventually get to it I'm not really worried =P
23:21:59 <Camail> i've done a little bit of positional play throughout the game but cheesy wins have been the least satisfying experience
23:22:16 <Camail> i like winning inside the box, outside the box is too easy
23:23:01 <Camail> also some of my gear is lvl 15
23:23:18 <Camail> but i refuse to give up on that +1 warfare
23:23:38 <Phearlock_> Pre positioning to avoid silly AOE is required. But otherwise I enjoy doing most of the fights fairly.
23:24:16 <Phearlock_> And I have no qualms about repositioning to a really good spot once the fight is going.
23:24:43 <Phearlock_> My favorite fight in the game is the big oil field platform.
23:25:03 <Camail> my second playthrough vs sallow man i cheesed the hell out of it by accident and didnt feel like redoing it because the fight was never a challenge anyway
23:25:13 <Camail> yea phear, both times i did it i was a huge fan
23:25:34 <Camail> turns out you can talk to sallow man and aggro everyone else and kill them before he goes aggro
23:25:42 <Phearlock_> lol
23:25:50 <Phearlock_> Never did that, but sounds hilarious
23:25:58 <Camail> i found a lot of fucky things you can manipulate with characters in dialog
23:26:03 <Camail> like how time stops for them
23:26:21 <Camail> so you can buff them with everything, then wait for the cooldowns to run out, thne start the fight
23:26:39 <Phearlock_> Yeah
23:26:57 <Phearlock_> I usually only use the talks to do pre fight positioning if I forgot to do it beforehand.
23:27:19 <Phearlock_> Oh and for pickpocketing
23:27:23 <Phearlock_> Very important
23:27:28 <Phearlock_> Steal everyones skillbooks
23:27:38 <Phearlock_> my skills now
23:28:08 <Camail> yea, tho i never had money issues, just sitting with 150k and nothing else i care to spend it on
23:28:20 <Camail> i should probably shop around and actually get good armor?
23:28:49 <Phearlock_> Yeah especially at the end I try to shop around for good stuff
23:28:54 <Camail> i DID do one really scummy thing by making all my mercenaries kiss the spider
23:29:13 <Camail> 1 AP res scrolls are good
23:29:22 <Phearlock_> =D
23:30:06 <Phearlock_> And yeah you get so much money in this game.
23:30:12 <Phearlock_> I try to get even more money though
23:30:34 <Phearlock_> Usually have some + barter gear
23:30:36 <Camail> i ddi that my first run, but i didnt respect for theivery in the second run
23:30:51 <Phearlock_> bribe some guy to 100 reputation and then sell him everything
23:30:53 <Camail> i hate the portraits you get when your espec so i haven't done that with any of my characters
23:32:04 <Phearlock_> I wonder if they changed loremastery at all.
23:32:21 <Phearlock_> It was pretty useless before as it was easy enoguh to just find a store who could do it and pay them
23:32:24 <Phearlock_> As it was pennies really
23:32:52 <Camail> i just made fane do it
23:33:04 <Camail> i would never want to go back to town just to do that
23:33:23 <Camail> i'd identify inside the chest
23:34:35 -!- skram [~skram@82.147.53.97] has joined #tlponies
23:34:50 <skram> why did u reboot mr computer
23:45:00 <Camail> it was tired
23:45:02 <Camail> let it rest
23:45:14 <skram> no
