00:14:57 <Dot> skram pls
00:15:03 <skram> wat
00:19:16 <Dot> why wont you let bio poni
00:28:19 <skram> im just so jealous
00:28:45 <Dot> your the one on holiday
00:28:50 <skram> anyway my face stopped working so its time for bed i think
00:28:51 <skram> good night
00:29:17 <Dot> gnight, dream of one-shot DMing
00:38:20 -!- Camail [~Camail@45.40.84.145] has joined #tlponies
00:38:20 -!- mode/#tlponies [+v Camail] by Q
00:46:54 <Dot> so late camail
00:47:09 <Camail> very tired
00:47:33 <Dot> did you have to talk  to ppl today?
00:47:45 <Dot> that always makes me tired
00:57:04 -!- Bio [~BioPon@108-72-8-181.lightspeed.stlsmo.sbcglobal.net] has joined #tlponies
01:04:46 <Camail> no i just got like 4 hours of sleep
04:29:10 <Bio> Bot TI finals were amazing
05:50:18 -!- Dot` [~quassel@94.3.131.220] has joined #tlponies
06:38:40 -!- Dot [~quassel@94.3.131.220] has joined #tlponies
06:40:22 -!- Phearlock [~Phearlock@cm-84.209.250.127.getinternet.no] has joined #tlponies
06:40:22 -!- mode/#tlponies [+v Phearlock] by Q
07:31:14 <Dot> mornign all
07:31:34 <CockRoach|42> morning dot
07:34:56 <Dot> hey cr
08:47:52 <Dot> well i must go to work
09:48:08 -!- Dot` [~quassel@94.3.131.220] has joined #tlponies
10:26:34 -!- tredc [~tredc@c83-251-163-99.bredband.comhem.se] has joined #tlponies
10:48:36 -!- Dot [~quassel@94.3.131.220] has joined #tlponies
11:21:12 -!- skram [~skram@82.147.53.41] has joined #tlponies
11:21:23 -!- tredc [~tredc@c83-251-163-99.bredband.comhem.se] has joined #tlponies
12:08:25 -!- Dot` [~quassel@94.3.131.220] has joined #tlponies
12:47:44 -!- Golly [~Golly@1.92-221-121.customer.lyse.net] has joined #tlponies
12:55:44 -!- DoT|Phone [~Dot@79.77.172.39] has joined #tlponies
12:58:15 <DoT|Phone> horses
12:58:59 <skram> bjørn!
12:59:00 <DoT|Phone> Skram
12:59:06 <skram> heya bud
12:59:17 <DoT|Phone> hello friend
12:59:30 <DoT|Phone> what you up to on your first day off
12:59:53 <skram> i went outside
12:59:58 <skram> now im looking at cats
13:00:29 <DoT|Phone> any good cats ?
13:01:56 <skram> https://imgur.com/gallery/9DRzpQk
13:01:56 <skram> tons
13:02:14 <DoT|Phone> I can't look at cats at work
13:02:30 <DoT|Phone> How's the dnd prep
13:04:04 <skram> its not
13:05:06 <DoT|Phone> oh dear
13:07:40 <DoT|Phone> how will we get our dnd then Skram?
13:07:53 <skram> im not gonna enable your addictions dot
13:07:56 -!- tredc [~tredc@c83-251-163-99.bredband.comhem.se] has joined #tlponies
13:08:56 <DoT|Phone> please
13:10:07 <DoT|Phone> Maybe I'll just run a game then!
13:10:23 <skram> dot ytou're tearing this family apart
13:10:40 <DoT|Phone> I think you mean bringing it together
13:10:49 <DoT|Phone> to pay dnd and tear other things apart
13:11:09 <DoT|Phone> play
13:11:33 -!- carcinisation [webchat@cloak-4ooo1b5w.6-1.cable.virginm.net] has joined #tlponies
13:11:45 <DoT|Phone> hi Reif
13:17:00 <DoT|Phone> I'm off work tomorrow Skram. I could check interest tonight and then set up a one shot for Wednesday afternoon/ evening
13:17:56 <skram> yeah that sounds fun
13:18:09 <carcinisation> hi dotties
13:20:42 <DoT|Phone> are you going to play a dorf barbarian Skram?
13:22:26 <skram> wood elf ranger of course
13:22:42 <DoT|Phone> oh dear. the trend continues
13:22:47 <DoT|Phone> Skram is very I'll
13:22:50 <DoT|Phone> ill
13:25:14 <skram> i dont know what you're talking about
13:26:24 <Golly> that boy needs therapy
13:26:28 <DoT|Phone> Well back to work for me. later all
14:04:33 <Bio> gud
14:04:34 <Bio> morn
14:05:16 <Bio> i'm confuzzled, aren't we dnding with the imaginairy dragons on sat
14:05:36 <skram> well of course
14:05:55 <skram> dot wants to do a thing and you're gonna play in it
14:05:58 <skram> proably
14:06:00 <skram> if you want to
14:06:19 <Bio> my goodness
14:32:45 -!- Dot [~quassel@94.3.131.220] has joined #tlponies
16:10:37 -!- Dot` [~quassel@94.3.131.220] has joined #tlponies
16:12:42 <Dot`> i am home
16:13:18 <Dot`> yea bio, this is for wednesday, but would have to be earlier than gragons normaly starts
16:13:24 <Dot`> as i have work thursday
16:15:28 <Dot`> becuase you only run 1 session a weeknot enough dnd
16:21:07 <Dot`> skram
16:27:28 -!- reification [~reificati@cpc76294-cosh16-2-0-cust297.6-1.cable.virginm.net] has joined #tlponies
16:27:28 -!- mode/#tlponies [+v reification] by Q
16:27:34 <Dot`> hi reef
16:27:40 <reification> hello again dotties
16:27:52 <reification> i did walk at porchester castle
16:28:01 <reification> good excuse to have ice cream
16:28:19 <skram> dot old boy
16:30:01 <reification> .tell runbunny https://www.animemaru.com/elon-musk-diversifies-into-genetically-engineered-catgirls/
16:36:20 <Dot`> runbun needs to get hired by elon it seems
16:58:26 -!- Yolteotl [webchat@cloak-ombw39ij.oc.oc.cox.net] has joined #tlponies
16:58:34 <Yolteotl> CHAMPION DU MONDEEE
17:02:17 <skram> yes good evening yolt :p
17:03:36 <Yolteotl> they did it/
17:03:40 <Yolteotl> AAHH
17:05:19 <Dot`> Yolt
17:05:24 <Dot`> hello pon
17:06:14 <Yolteotl> <3
17:06:27 <Dot`> <3
17:06:35 <Dot`> hows america yolt?
17:06:35 -!- tredc [~tredc@c83-251-163-99.bredband.comhem.se] has joined #tlponies
17:06:39 <Dot`> Bio https://greyartpost.tumblr.com/post/175943099754/boom-headshot
17:07:07 -!- Yolteotl_ [webchat@cloak-ombw39ij.oc.oc.cox.net] has joined #tlponies
17:07:15 <Dot`> yolt pls
17:07:33 <Yolteotl_> I'm at work
17:48:28 -!- DoT|Phone [~Dot@94.3.131.220] has joined #tlponies
17:48:44 <skram> dot why are you a phone
17:49:26 <DoT|Phone> supper
17:49:32 <skram> oh
17:49:38 <skram> is it that late already
17:50:22 <DoT|Phone> you've been looking at too many cats
17:53:45 <skram> hmm
18:04:28 -!- Camail [~Camail@45.40.84.145] has joined #tlponies
18:04:28 -!- mode/#tlponies [+v Camail] by Q
18:33:18 <skram> cam
18:33:29 <Camail> skram
18:33:37 <DoT|Phone> kam
18:45:10 <Camail> ram
18:45:25 -!- tredc [~tredc@c83-251-163-99.bredband.comhem.se] has joined #tlponies
18:51:56 <CockRoach|42> .tell rawr|phone https://imgur.com/gallery/VY0xuXV
19:07:45 <Dot`> its after 8pm and no Crit role upload
19:14:55 <CockRoach|42> rip
19:18:51 <Dot`> Rawr
19:33:36 <Camail> Dot`  its the first show in the new studio, my guess is that they had some hiccups along the pipeline
19:34:28 <Dot`> its up now and by uplaod time claims it was up at 8
19:34:32 <Dot`> but its all lies
20:12:40 <Camail> if you have twitch prime you get tyranny for free
20:12:52 <Camail> which is a great deal because obisidan crpg
20:13:02 <Camail> i forgot it existed because it was between the pillars games
20:53:57 -!- Crisium [~Crisium@c-24-3-158-64.hsd1.pa.comcast.net] has joined #tlponies
20:57:23 <skram> cris
20:57:27 <Dot`> cris
20:57:50 -!- tredc [~tredc@c83-251-163-99.bredband.comhem.se] has joined #tlponies
20:59:31 <CockRoach|42> pls
21:02:36 <skram> cr whats wrong
21:08:59 <CockRoach|42> just calm down a bit, it's getting a bit rowdy in here
21:08:59 <Camail> skram  Dot` should we dauntless?
21:09:14 <Camail> also srsly anyone with amazon prime gets tyranny for free, that's sick
21:09:23 <Camail> cannot stress that enough
21:09:28 <skram> maybe we should
21:11:39 <Crisium> howdy
21:12:12 <Dot`> not for me cam, im going to watch crit role and try relax, im tired
21:12:26 <skram> weak
21:12:46 -!- Runbunny [~Runbunny@91.100.28.10.generic-hostname.arrownet.dk] has joined #tlponies
21:22:23 <skram> .tell cane https://imgur.com/gallery/MYx0HRN
21:23:41 <Cane> Woah.
21:24:15 <Cane> skram, someone decided to put microphones on your engine there.
21:24:22 <Cane> Should have that looked at.
21:25:51 <skram> Sometimes I sit in my leather lined engine bay and sing y'see
21:32:43 <Runbunny> Hmm.
21:33:41 <Runbunny> He hired the wrong people reification.
21:53:33 <Camail> ranban dauntless?
21:53:54 -!- tredc [~tredc@c83-251-163-99.bredband.comhem.se] has joined #tlponies
22:02:00 -!- carcinisation [webchat@cloak-31qdxqjw.6-1.cable.virginm.net] has joined #tlponies
22:02:16 <carcinisation> is it dot birthday today?!
22:02:27 <Dot`> no, it was 6 days ago
22:02:50 <carcinisation> good, i thought it had already happened
22:03:01 <carcinisation> discord was confusing me
22:03:06 <Runbunny> I'm just going to watch some anime and then sleep Camail.
22:03:34 <Camail> breaking new bnha new episode this weekend was good
22:03:38 <Camail> news*
22:16:01 <Cane> Camail, https://clips.twitch.tv/ShyAffluentOrcaYouDontSay
22:17:33 <Camail> ranger is kinda nuts when if they're just gonna design levels for him, jeez
22:37:43 <Cane> Camail, rapha and DaHanG are live, 2v2 scrims starting.
22:38:05 <Camail> watching day9 play bloodborne atm, might check it out later
23:40:15 <Dot`> skram
23:40:20 <skram> yaya
23:40:27 <Dot`> what you up to
23:40:54 <skram> trying not to fall asleep
23:41:10 <Dot`> why
23:41:54 <skram> i dont want to sleep?
23:42:42 <Dot`> you rebel
23:47:41 <reification> i want to sleep
23:47:44 <reification> night all
23:47:49 <Dot`> gnight reif
23:47:58 <skram> good night reif
23:52:42 <Runbunny> I really need to sleep.
23:53:00 <skram> .tell runbunny HVA FANDEN MAND
