00:00:19 <DuB`> Super good games today
00:00:39 -!- tredc [~AdiIRC@c83-251-161-94.bredband.comhem.se] has joined #tlponies
00:03:47 <carcinisation> yep. g'night all
00:05:50 <Dot`> gnight reif!
00:17:47 <skram> we're pretty great at this overwatch thing dub
00:18:24 <DuB`> HEK YE
00:19:22 <DuB`> Got some ana sleeps into solo kills, some great dva dives, a smooth genji game...
00:19:24 <DuB`> I am content.
00:19:36 <skram> dat one moira ult thoing
00:19:36 <skram> hnng
00:19:42 <DuB`> Heehee
00:20:48 <Crisium> torb double hammer kill
00:20:55 <skram> heck yeah
00:21:11 -!- tredc [~AdiIRC@c83-251-161-94.bredband.comhem.se] has joined #tlponies
00:21:53 <DuB`> when is superb owl
00:21:55 <DuB`> is now?
00:21:57 <DuB`> i dun even no
00:22:03 <Crisium> yes its been on
00:27:00 <skram> did they grease the poles for this one though
00:27:10 <skram> like they did in that other handegg match
00:27:24 -!- tredc [~AdiIRC@c83-251-161-94.bredband.comhem.se] has joined #tlponies
00:28:02 <DuB`> what the what
00:28:46 <skram> they put grease on lamp posts and stuff
00:28:58 <skram> because sports fans are idiots and climb on them i guess
00:31:52 <Crisium> probably
00:39:38 <Bio> hand egg
00:39:56 -!- tredc [~AdiIRC@83.251.161.94] has joined #tlponies
01:05:19 <DuB`> Pizza pockets in the oven mmmmmm
01:15:07 <Bio> I just finished my un-rolled pizza pockets
01:28:33 <Bio> https://i.redd.it/iaymva7j08e01.jpg
01:29:27 <DuB`> owos
02:03:27 -!- Camail [~Camail@45.40.84.145] has joined #tlponies
02:03:27 -!- mode/#tlponies [+v Camail] by Q
02:12:20 <Camail> pls
02:59:56 <Camail> ooh, the new assasins creed got cracked
03:19:07 <Micen|Slep> sports ball over
03:19:22 <Micen> the team i wanted to win won 
03:28:52 <Crisium> same
05:29:02 <Cane> Bloody hell that was a long stream.
05:45:13 <DuB`> Yeah!
05:45:29 <DuB`> My first time seeing one of those games, was cool.
05:52:14 <Rawr|Fone> 🐴🐴🐴
05:52:25 <Rawr|Fone> Hors hors
06:00:54 -!- Golly [~Golly@1.92-221-121.customer.lyse.net] has joined #tlponies
06:33:37 <Cane> DuB`, it's such a fun genre. =)
06:33:51 <Cane> The Sierra "Quest" games have a certain appeal
06:34:08 <Cane> I started strong though, Quest for Glory is my favorite of them all.
06:34:25 <Cane> King's Quest is the mainstream one but apart from KQ3, that may be my least favorite.
06:36:33 -!- Rawr|Phone [~AndChat52@m83-185-88-191.cust.tele2.se] has joined #tlponies
07:24:45 -!- Rawr|Fone [~AndChat52@84-217-62-32.customers.ownit.se] has joined #tlponies
08:13:13 -!- Rawr|Phone [~AndChat52@m83-185-88-191.cust.tele2.se] has joined #tlponies
08:47:00 -!- Dot`_ [~quassel@90.201.224.197] has joined #tlponies
08:53:21 <Rawr|Phone> 🐴🐴🐴
09:03:50 -!- Dot` [~quassel@90.201.224.197] has joined #tlponies
09:16:01 -!- Runbunny [~Runbunny@91.100.28.10.generic-hostname.arrownet.dk] has joined #tlponies
09:20:15 -!- Dot`_ [~quassel@90.201.224.197] has joined #tlponies
09:42:30 <Dot`_> mornign all <3
09:47:57 <Dot`_> rawr raw rrawr
09:48:18 <Rawr|Phone> Dot do tdot
09:48:27 <Rawr|Phone> <3
09:49:23 <Dot`> <3
09:52:21 <Dot`> .tell skram https://imgur.com/gallery/NrbBP
10:38:34 <CockRoach|42> hors hors
10:39:20 <Dot`> cr hest
10:42:08 <CockRoach|42> dot pon pon
10:49:37 <CockRoach|42> .tell Rawr|Phone https://imgur.com/gallery/ESLrG
10:50:39 <Dot`> i must go to work
10:50:42 <Dot`> later horses
11:00:04 <CockRoach|42> .tell Dot` https://imgur.com/gallery/HqLKV
11:00:09 <CockRoach|42> i sense that this wont work :/
11:47:38 -!- tredc [~AdiIRC@c83-251-161-94.bredband.comhem.se] has joined #tlponies
11:52:00 -!- Zounds [webchat@cpc108453-cowc8-2-0-cust8.14-2.cable.virginm.net] has joined #tlponies
12:09:25 <Rawr|Phone> Cockroach|42 <3
13:09:42 -!- Dot`_ [~quassel@90.201.224.197] has joined #tlponies
13:40:59 -!- Zounds [webchat@cpc108453-cowc8-2-0-cust8.14-2.cable.virginm.net] has joined #tlponies
14:45:41 <Bio> asdf
15:05:51 -!- skrm [webchat@185.7.220.32] has joined #tlponies
15:06:29 * skrm slaps Dot`_ around a bit with a large fishbot
15:06:29 <Zounds> fatpons
15:07:06 <skrm> ay you scottish son of a bitch
15:07:09 <skrm> how you been zounds
15:07:32 <Zounds> No bad muh lad
15:10:03 <skrm> i have a gift for you
15:10:04 <skrm> https://www.youtube.com/watch?v=NvS351QKFV4&list=RDNvS351QKFV4
15:11:36 <Zounds> hm this rings a bell
15:11:44 <Zounds> I think i've seen it before some years ago somehow
15:12:13 <skrm> well it is a classic
15:13:22 <Bio> old meme
15:13:24 <Bio> but good
15:15:10 <Bio> https://www.youtube.com/watch?v=A2w7i2mgDwg
15:15:15 <Bio> green moskau ranger
15:17:34 <skrm> red moskau ranger is pretty hot tho
15:19:54 -!- Rawr|Fone [~AndChat52@84-217-62-32.customers.ownit.se] has joined #tlponies
15:38:21 <Dot`_> i am home
15:38:23 <Dot`_> hello pons
15:39:27 <Bio> what a coincidence, me too!
15:39:46 <Dot`> its that gkasstaff boi
15:39:51 <Dot`> glasstaff
15:47:10 <Bio> yes
15:47:15 <Bio> now to enact my plan
15:47:21 <Bio> of taking over the redbrands
15:49:59 <Dot`> they all ded
15:50:16 <Dot`> micen, you up yet?
16:02:25 <Dot`> Bio https://i.redd.it/wvad0sjkabe01.png
16:05:01 <Bio> this is a nice meme
16:13:39 <skrm> bio dot
16:13:41 <skrm> my boys
16:13:48 <Bio> skarmman
16:18:54 <skrm> Are you ready to battle against magic brian?
16:19:20 -!- tredc [~AdiIRC@c83-251-161-94.bredband.comhem.se] has joined #tlponies
16:25:01 <Dot`> whos magic brian?
16:38:11 <Dot`> oh right, black spider
16:39:34 <Rawr|Fone> Dot
16:39:36 <Rawr|Fone> Pls
16:39:51 -!- tredc [~AdiIRC@c83-251-161-94.bredband.comhem.se] has joined #tlponies
16:41:20 <Dot`> Rawr, snela
16:42:38 <Rawr|Fone> 🤔🤔🤔
16:43:05 <Dot`> look https://imgur.com/gallery/9bgdE
16:43:26 <Rawr|Fone> That is a very nice picture dot
16:49:03 <Dot`> yes it is
16:53:05 -!- Rawr|Phone [~AndChat52@m83-185-87-179.cust.tele2.se] has joined #tlponies
17:07:38 <skrm> If that thing was running towards me i'd shit my pants Dot` 
17:20:07 <Dot`> its a cute dog skram and those dogs are very gentle
17:26:48 <Dot`> skram https://i.imgur.com/b6NXCqA.gifv
17:30:44 <Bio> nej
17:41:48 <Dot`> hej
17:48:05 -!- reification [~reificati@cpc76294-cosh16-2-0-cust297.6-1.cable.virginm.net] has joined #tlponies
17:48:06 -!- mode/#tlponies [+v reification] by Q
17:53:47 <reification> hello tlpons
17:57:08 <Bio> time to make a sandwitch
18:07:55 -!- DuB` [~DuB@66-219-235-64.dynamic.ip.veracitynetworks.com] has joined #tlponies
18:08:00 <DuB`> Wew
18:09:00 <Bio> lad
18:09:08 <DuB`> Oof no food
18:09:15 <Bio> rip
18:22:00 <skrm> Dot` they look like fucking bears
18:22:17 <skrm> now i do personally know a bear and he is quite gentle but i am not taking any chances
18:23:33 <DuB`> :o
18:37:55 <skrm> though he prefers his given name
18:37:58 <skrm> B J Ø R N
18:38:26 <DuB`> BUJOORN
18:38:55 <Bio> beeyorn
18:39:56 <skrm> do you think he misses the rain
18:39:58 <skrm> down in africa
18:40:20 <Bio> doesn't everyone?
18:41:17 <Bio> https://www.youtube.com/watch?v=U_IsGFQ-xXo
18:41:57 <skrm> ＨＵＲＲＹ　ＢＯＹ　ＩＴＳ　ＷＡＩＴＩＮＧ　ＴＨＥＲＥ　ＦＯＲ　ＹＯＵ
18:43:41 <skrm> I want you to know that I appreciate you a whole bunch, Bio
18:43:59 <Bio> F R I G H T E N E D  O F  T H I S  T H I N G  T H A T  I ' V E  B E C O M E
18:44:24 <Bio> right back atcha big guy
18:44:29 <Bio> *finger guns*
18:44:41 <Bio> H  U  R  R  Y     
18:44:41 <Bio>      B  O Y 
18:44:41 <Bio>         I  T  '  S 
18:44:41 <Bio>             W  A  I  T  I  N  G 
18:44:41 <Bio>                 T  H  E  R  E
18:44:42 <Bio>                       F  O  R 
18:44:44 <Bio>                          Y  O  U﻿
18:44:44 <skrm> aw heck yea
18:45:16 <skrm> aestethics
18:45:21 <skrm> the best ones
18:46:55 <Bio> https://i.redd.it/cmai3979pde01.png
18:47:03 <Bio> Sugary Boye
18:49:25 <Bio> freezing rain then snow tonight boys
18:49:30 <Bio> time to stay inside
18:49:31 <Bio> oh wait
18:49:36 <Bio> was gonna do that anyways
18:49:44 -!- tredc [~AdiIRC@c83-251-161-94.bredband.comhem.se] has joined #tlponies
18:51:13 <skrm> wish i could do that too
18:51:46 <skrm> i had to go outside and i had a bit of a dilemma actually
18:52:19 <skrm> its too hot for my cold weather jacket and its too cold for my regular jacket
18:56:26 -!- DoT|Phone [~Dot@90.201.224.197] has joined #tlponies
18:57:33 <skrm> breaker breaker there is a bear in the pasture over
18:58:47 <Dot`> skram, you horse
18:58:49 <Dot`> <3
19:01:11 <Dot`> https://imgur.com/gallery/TK5Po
19:01:47 <skrm> hey quick question, can clerics have familiars
19:02:23 <Dot`> if you get ritual caster as a feat at 4th level you could
19:02:53 <skrm> ok i have another question
19:03:24 <skrm> are there superbowls in your campaign
19:03:30 <skrm> and if so how do i make it my best frend
19:06:27 <Bio> I won an FFA as tracer
19:06:28 <Bio> neato
19:07:06 <Bio> pls skerm, if you want to play with my spider, all you h ave to do is ask
19:09:42 <skrm> i dun like spiders
19:10:03 <DuB`> nobuddy does
19:15:38 <DoT|Phone> rude
19:16:14 <DoT|Phone> Skram. there are many owls. and all owls are superb
19:18:17 <skrm> fair point
19:28:49 <DuB`> 250k watching the return of Doc O_O
19:29:01 <DuB`> https://www.twitch.tv/DrDisRespectLIVE
19:30:13 <skrm> is he the guy that admitted to cheating on his wife on stream
19:30:41 -!- tredc [~AdiIRC@c83-251-161-94.bredband.comhem.se] has joined #tlponies
19:43:24 <DoT|Phone> I don't get the appeal of the doc
19:44:04 <DoT|Phone> he's a dick and then goes "its all an act"
19:44:19 <DoT|Phone> just like those YouTube pranksters
19:48:32 <skrm> people like theater i guess
19:51:13 <Zounds> kids today and their twitch chats
19:51:24 <Zounds> nothing is a joke anymore, it's all "memes"
19:51:30 <Zounds> bleh
19:51:32 <Zounds> get off my lawn
19:53:18 <skrm> back in my day, memes was its own format of humor
19:54:12 <Zounds> yes
20:02:35 <DuB`> Well he's made more than a few thousand dollars in the last hour.
20:04:38 <Bio> who am i to judge, he's obviously doing something right
20:07:45 -!- Runbunny [~Runbunny@91.100.28.10.generic-hostname.arrownet.dk] has joined #tlponies
20:08:31 <Dot`> runbun
20:09:30 * skrm slaps Runbunny around a bit with a large fishbot
20:09:31 <DuB`> 10 AWM kills into win on first game, scripted as hek :P
20:09:40 <Runbunny> O:
20:09:42 <Runbunny> Hai.
20:10:02 <DuB`> ranban!
20:13:51 <Bio> dub pls stop hack
20:18:07 <DuB`> not me silly
20:18:13 <DuB`> I am OW pro only
20:21:58 <Bio> dub lets go to the gym
20:22:01 <Bio> i need a gym buddy
20:22:12 <Bio> going alone is the werst
20:23:22 <DuB`> ... I'mma need a lil' while longer to recover
20:23:33 <Bio> its ok, just be there
20:23:35 <DuB`> Last time I was at the gym my guts exploded.
20:23:41 -!- Rawr|Fone [~AndChat52@84-217-62-32.customers.ownit.se] has joined #tlponies
20:23:54 <Bio> don't have to do anything but be a support horse for me lel
20:24:01 <DuB`> Can I bring a book?
20:24:07 <Bio> ~yay~
20:24:10 <Bio> yes
20:25:29 <Zounds> how/s
20:25:40 <Zounds> how's work treating you skram*
20:28:30 <skrm> Been good so far
20:28:46 <skrm> hopefully it stays that way for another hour and a half
20:38:22 <Dot`> rawr
20:43:26 <DuB`> slippydog https://i.imgur.com/YLsRkih.gifv
20:43:28 <Rawr|Fone> Dot
20:43:59 <Dot`> <3
20:44:01 <Dot`> hows you rawr
20:44:35 <Rawr|Fone> <3
20:44:49 <Rawr|Fone> Very good dot, what a boat you?
20:45:20 <Dot`> im doing ok, though my book is almost finished
20:45:23 <Dot`> then what!
20:45:48 <DuB`> NEW BOOK
20:45:56 <Dot`> WHAT BOOK
20:46:04 <DuB`> LIBRARY BOOK
20:46:35 <Dot`> i do not know this book
20:46:41 <DuB`> There are many.
20:46:54 <Dot`> but wich one to read
20:47:13 <DuB`> Well
20:47:17 <Micen> good morning
20:47:19 <DuB`> There's always alphabetic order
20:47:44 <Dot`> hey micen
20:59:52 <Bio> milk and oreos
20:59:54 <Bio> yum
21:00:28 <Bio> fak
21:00:33 <Bio> dnd is fun dot
21:00:44 <Bio> thx for doing thing
21:02:14 <Dot`> aww <3 glad your enjoying it
21:02:16 <Dot`> make sme happy
21:03:07 <Micen> speaking of, we should talk about my character
21:04:52 <Bio> https://i.redd.it/5pyzq1f3hfe01.jpg
21:05:50 <Micen> funny
21:05:56 <Micen> made me laugh
21:11:06 -!- Camail [~Camail@45.40.84.145] has joined #tlponies
21:11:07 -!- mode/#tlponies [+v Camail] by Q
21:12:19 <Camail> on today's episode of "idiots almost kill me" we have a shitty driver who just really wanted to play chicken in the opposing traffic lane while searching for something on the floor
21:13:03 <Bio> oh shit
21:13:07 <Bio> did he hityou?
21:13:20 <Camail> nope, just got waaaay too close
21:13:28 <Camail> he didnt even look up the entire time
21:13:45 <Camail> if i didnt slam on my brakes he would've
21:13:56 <Camail> going from 65 to 0 is not the most fun i've had
21:14:08 <Bio> i bet
21:14:53 <Camail> so any emotions I've been having today got converted into anger that slowly needs to vent for the rest of the day
21:16:05 -!- mode/#tlponies [+vvvvvv Bio Dot` DuB` Golly Rawr|Fone Runbunny] by Cane
21:16:05 -!- mode/#tlponies [+vvv skrm tredc Zounds] by Cane
21:16:54 <Cane> Gonna stream Delver until it crashes again. https://www.twitch.tv/canecraft
21:16:58 <Cane> Liar.
21:17:14 <Cane> Also good morning.
21:17:17 <Bio> sweatie pls
21:17:35 <Dot`> hey cane, cam
21:17:38 <Bio> have a gud stream cane
21:17:42 <Dot`> i would rather you didnt die cam
21:17:44 <Cane> Thanks. <3
21:17:46 <Dot`> that would abe a pain
21:17:47 <Camail> me too
21:19:16 <Bio> aw man, apparently i made a whole pot of covfefe this morning instead of half. Rip.
21:39:39 -!- tredc [~AdiIRC@c83-251-161-94.bredband.comhem.se] has joined #tlponies
21:45:02 <Micen> looks like you have to drink it all
21:45:17 <Micen> dunk your oreos in the coffee
21:45:31 <Micen> that is the best liquid for dunking oreos.
21:59:37 <Runbunny> dooooot!
21:59:40 <Runbunny> Dot`, https://i.imgur.com/scSFMl2.mp4
22:00:24 <Dot`> pretty nice ferret
22:13:11 -!- Zounds [webchat@cpc108453-cowc8-2-0-cust8.14-2.cable.virginm.net] has joined #tlponies
22:13:38 <Dot`> Hey zounds
22:13:45 <Zounds> o/
22:16:27 <DuB`> lol Dot` https://twitter.com/itmeJP/status/960275821809295366
22:18:08 <Runbunny> O:
22:18:28 <Runbunny> Is it the Malazan book of the fallen?
22:18:41 <Dot`> no, Stormlight archive
22:18:52 <Dot`> I never did finish Malazan
22:19:21 <Dot`> that was really bad in how it loved jumping to a whole new set of 50 new people in the middle of sometihng
22:19:32 <Dot`> and then a book later maybe talking about who they are
22:19:43 <DuB`> I don't think I ever made it through the first book.
22:19:58 <Dot`> it got more jumpy dub
22:20:06 <Dot`> 2nd book never even touched on anyone from the first
22:20:17 <Dot`> then third went back to them a bit
22:20:22 <Runbunny> O:
22:20:28 <DuB`> ...
22:20:29 <DuB`> Yikes
22:20:32 <Runbunny> It's neat!
22:20:45 <Runbunny> Like you hear about a group of people in like book 4
22:20:59 <Runbunny> probably 5
22:21:08 <Runbunny> Then you hear about them again in book 9
22:21:25 <DuB`> But there's no way I'd remember so it'd be pointless!
22:22:10 <Runbunny> Sure there is
22:22:39 <Runbunny> One of the guys punched another guy in the face and broke his neck
22:22:42 <Runbunny> It was super cool.
22:22:51 <Runbunny> How could I forget.
22:24:23 <Dot`> how could you?!
22:25:09 <Runbunny> What makes it even more impressive is that they're maybe just imaginations of some other dude.
22:25:22 <DuB`> wuh
22:29:04 <Dot`> they where well written books, but i took a few weeks break after like the third book and couldnt get back into them
22:29:46 <DuB`> Huh, naf-fly in for jdm on liquidcsgo
22:30:12 -!- tredc [~AdiIRC@83.251.161.94] has joined #tlponies
22:30:51 <Dot`> dub, gib skram
22:31:01 <DuB`> wuh
22:31:57 <Dot`> later then dub
22:32:01 <Dot`> try not to explode
22:32:03 <Runbunny> Dub off Dot!
22:32:04 <DuB`off> Back in... 90 min
22:32:04 <Dot`> on the inside
22:38:03 <Runbunny> I'm going to sleep
22:38:29 <Dot`> gnight runbun!
23:01:02 -!- Crisium [~Crisium@24.3.158.64] has joined #tlponies
23:01:09 -!- tredc [~AdiIRC@c83-251-161-94.bredband.comhem.se] has joined #tlponies
23:01:09 <Dot`> hey cris pon
23:01:30 <Crisium> howdy
23:01:36 <Crisium> https://www.youtube.com/watch?v=mV1FNzORTRs
23:01:57 <Crisium> fighting is magic finally
23:13:54 -!- skram [~skram@109.203.14.204] has joined #tlponies
23:14:40 <Dot`> jonas
23:15:07 <skram> bjørn old boy
23:17:57 <Crisium> eh
23:18:25 <skram> howdy cris
23:39:24 <Bio> https://www.youtube.com/watch?v=1808bcUUPqQ
23:39:25 <Bio> skram
23:39:32 <Bio> are we approaching critical mass
23:39:36 <Bio> ? ? ? ? 
23:44:13 <skram> impossible
23:52:56 <Camail> lmfao blaz blue mane6 cross over
23:52:58 <Camail> that's amazing
23:54:14 <Camail> ...ew they did a MikeZ
23:54:24 <Camail> they have an esoteric IPS
23:54:34 <Camail> i guess its not as bad as skullgirls IPS + undizzy
23:57:09 <Camail> honestly? i am really glad it got delayed as much as it has
23:57:22 <Camail> because the pc fgc has really needed to grow
23:57:23 <Crisium> Bio this video is really speaking to me
23:57:40 <Camail> and sf5 and dbfz made it relevant
23:59:14 <Bio> I aim to please
