00:00:12 -!- BioHockey [~androirc@12.219.24.50] has joined #tlponies
00:00:31 <BioHockey> More or less. 8 rows up
00:04:29 <Crisium> nice
00:05:05 <BioHockey> Blues bench is just off to the left. Love our seats
00:05:37 <Camail> ok so rogue is so silent is waaaay harder than ironclad
00:05:40 <Camail> like wow
00:10:10 <BioHockey> Yeah, completely different playstyles
00:10:38 <BioHockey> I won with her by going block cards, cycle cards, and poison
00:25:58 -!- BioPhone [~androirc@12.219.24.50] has joined #tlponies
00:31:05 -!- DuB` [~DuB@66-219-235-64.dynamic.ip.veracitynetworks.com] has joined #tlponies
00:31:09 <DuB`> weooo
00:31:33 -!- tredc [~AdiIRC@83.251.161.94] has joined #tlponies
00:33:45 <skrm> dub my bud
00:35:56 <DuB`> skrm my mrks
00:36:04 <DuB`> Waypoint opacity OW option!
00:36:08 <DuB`> Playable
00:36:28 <BioPhone> Ah yes, that's what was holding me back from greatness
00:36:36 <DuB`> ;D
00:36:39 <DuB`> Maaaan
00:36:45 <DuB`> So I have a test tomorrow morning
00:36:53 <DuB`> ... but it should be preetty easy
00:36:54 <BioPhone> Rip
00:36:57 <DuB`> AND I JUST WANNT PLAAAAY
00:36:57 <BioPhone> Also
00:37:05 <DuB`> Also CritRole
00:37:07 <DuB`> Also OWL
00:37:07 <skrm> fuck studdy
00:37:13 <DuB`> r i p  m e
00:37:17 <BioPhone> Git gud
00:37:17 <skrm> wing it
00:37:43 <skrm> Also theres curling
00:37:47 <skrm> very important
00:37:57 <BioPhone> Yes
00:38:15 <DuB`> wat
00:38:18 <DuB`> Oh!
00:38:22 <DuB`> 'lympics
00:38:28 <skrm> heck yeah my boy
00:38:47 <skrm> SK is catching up to norway
00:39:00 <DuB`> Winter, which is much better than the track-and-swimming lympics
00:39:01 <Dot`> Dub <3
00:39:12 <DuB`> Dot <3
00:39:18 <skrm> obviously
00:40:44 <BioPhone> Swimming is best tho
00:41:04 <BioPhone> Luv
00:41:13 <BioPhone> Need to swim moar
00:42:27 <skrm> Man this is some quality stone skipping my boys
00:42:45 <DuB`> Huh, turns out watching the olympics free is USA is very difficult.
00:42:47 <DuB`> uggghhh
00:42:48 <skrm> She done did push that there stone right in the dang circle
00:44:09 <skrm> https://www.reddit.com/r/LifeProTips/comments/7w6qs5/lpt_if_you_cant_stand_nbcs_olympic_broadcasting/
00:45:14 -!- BioPon [~androirc@12.219.24.50] has joined #tlponies
00:45:31 <DuB`> Well, I can watch all of FIFTEEN FREE TRIAL MINUTES from NBC 
00:45:44 <DuB`> rip lympics
00:46:46 <skrm> its ok
00:46:56 <skrm> ill just tell you how many medals marit bjørgen wins
00:49:40 <DuB`> NBC site also blocks adblocker
00:49:41 <DuB`> Goodbye
00:49:46 <DuB`> Back to OWL!
00:53:00 -!- tredc [~AdiIRC@c83-251-161-94.bredband.comhem.se] has joined #tlponies
00:55:07 -!- BioPon [~androirc@mobile-166-175-57-144.mycingular.net] has joined #tlponies
00:58:27 <Dot`> pon pon
00:59:35 <BioPon> Neigh
01:07:13 <skrm> Very dramatic this curling game
01:07:19 <skrm> SK stepped on a stone and fell on the ice
01:09:30 <Cane> https://www.twitch.tv/canecraft
01:09:37 <Cane> Alright, let's see how this goes.
01:15:24 <Dot`> can epls :(
01:15:28 <Dot`> i must go to sleep
01:15:51 <Dot`> well guess i will watch 15 minutes then
01:32:49 <DuB`> HuK has Top 3 team now
01:32:50 <DuB`> memes
01:44:02 -!- Rawr|Fone [~AndChat52@84-217-62-32.customers.ownit.se] has joined #tlponies
01:57:05 <skrm> Cane: Is this the soundtrack for this session: https://www.youtube.com/watch?v=TPOKCMfKU-g
02:01:47 <BioPon> Hockey is gud so far
02:02:32 <skrm> any goals yet
02:03:26 <BioPon> Yeah! Just the one for my favorite team!
02:03:35 <BioPon> And there were fisticuffs
02:03:50 <skrm> fisticuffs is my favorite part
02:03:53 <DuB`> Ah, the true purpose of hockey.
02:03:56 <BioPon> Right at the start too, just like that joke
02:04:23 <BioPon> Penalty for fighting at... 3 seconds
02:09:08 <DuB`> CR in 1 hr
02:09:10 <DuB`> wewoo
02:12:59 <DuB`> AW POO
02:13:15 <DuB`> I got the new pharah legendary, not the one I wanted
02:13:21 <DuB`> Need mercygenjiwidow :(
02:16:39 <skrm> whatch ur profamity
02:45:16 -!- BioPon [~androirc@mobile-166-175-57-144.mycingular.net] has joined #tlponies
02:54:42 <Micen|Droid> Hello. CR in like 5ish minutes
02:56:41 -!- BioPon [~androirc@12.219.24.50] has joined #tlponies
02:56:47 <BioPon> Boys
02:57:01 <BioPon> My team scored 4! Goals!
02:57:15 <BioPon> And the other team only did one!
03:17:34 -!- Golly [~Golly@1.92-221-121.customer.lyse.net] has joined #tlponies
03:24:07 -!- BioPon [~androirc@mobile-166-175-57-114.mycingular.net] has joined #tlponies
03:44:18 <BioPon> Wew lads
03:44:30 <BioPon> Team did A win
03:57:12 <Camail> BioPon  i found a real dumb build, I am getting roughly 100+ block each fight
03:57:58 <Camail> it's a wordy explanation so once I get fucked or win I'll lay it out
04:04:08 <Camail> this is how you fucking get to lvl 3 warlock
04:04:12 <Camail> mercer you god dm
04:09:11 <BioPon> Seems good
04:09:32 <BioPon> Imma have yo catch the vod of critrole tonight
05:14:40 <Micen|Droid> Bio be prepared to laugh. The jokes are pretty good tonighg
05:23:32 <Camail> turns out that when you draw 10-14 cards a turn and have cards that say "every card in your hand costs 0" you win
05:24:13 <Camail> i finished the stage 3 boss with 250 block and like -4 hp
05:40:30 -!- Golly [~Golly@1.92-221-121.customer.lyse.net] has joined #tlponies
06:02:05 -!- Rawr|Phone [~AndChat52@m83-185-84-213.cust.tele2.se] has joined #tlponies
06:56:13 -!- skram [~skram@109.203.14.204] has joined #tlponies
08:02:29 -!- BioSC [~BioPon@108-72-8-181.lightspeed.stlsmo.sbcglobal.net] has joined #tlponies
09:30:02 <Rawr|Phone> 🐴🐴🐴
09:31:19 <Dot`> Mornign all
09:35:00 <Rawr|Phone> Dot dot dot
09:38:13 <Dot`> Rawr rawr rawr
09:38:15 <Dot`> <3
09:39:29 <Rawr|Phone> <3
