00:01:43 <DuB`> nuffin
00:05:44 <DuB`> https://twitter.com/PlayOverwatch/status/954866138533396480
00:05:46 <Dot`> yo ushoud do something
00:08:10 <DuB`> o
00:08:14 <DuB`> Like...
00:08:16 <DuB`> quickplay!
00:09:13 <Dot`> well you could, but not with me 
00:09:24 <Dot`> i should be reading DnD stuff for tomorow
00:09:44 <Dot`> instead i just got my ardiuno to put a txt on a SD card
00:12:58 <Dot`> Dub, has there been any more conspiricy about spaceX Zuma launch
00:15:04 <Dot`> Bio! its the edgiest of plushies https://www.reddit.com/r/mylittlepony/comments/7rq64h/tempest_shadow_plushie_by_nazegoreng/
00:15:55 <Bio> what a soft edge
01:00:35 -!- Rawr|Fone [~AndChat52@84-217-62-32.customers.ownit.se] has joined #tlponies
01:04:34 <Dot`> pon pon
01:05:24 <CockRoach|42> hors dot
01:05:35 <Bio> nej
01:05:38 <Bio> what to eat
01:05:40 <Bio> for dinner
01:05:43 <CockRoach|42> pls bio
01:05:59 <DuB`> sammich
01:10:28 <Dot`> pizza
01:15:36 <Bio> both solid options
01:27:08 <Bio> slay the spire is pretty fun
01:33:08 <Dot`> what kind of game?
01:36:08 <reification> night all
01:37:11 <Bio> rougelike/cardgame
01:38:09 <Dot`> gnight reif <3
01:43:01 <Dot`> DUB
01:43:21 <Dot`> i hear america is shut down
01:43:26 <Dot`> how is your pc on with no power
01:44:19 <DuB`> Force of will.
01:44:57 <Bio> shockingly, things get done without govment
01:44:58 <Bio> lel
01:55:49 <DuB`> Wow
01:56:24 <DuB`> So there's a dota tourney "Galaxy Battles II" going on in philippines, big arena and $500k prize pool and everything
01:56:40 <DuB`> And there are like a few dozen people in the thousands-of-seats arena
01:56:52 <DuB`> https://www.twitch.tv/beyondthesummit
01:56:55 <DuB`> This is sooo weird
01:57:44 <DuB`> https://www.reddit.com/r/DotA2/comments/7rpf2o/riki_cosplay_at_galaxy_battles_ii/
01:57:50 <Dot`> lol
02:57:40 <Dot`> sleeep
02:57:43 <Dot`> <3
05:47:23 -!- Golly [~Golly@1.92-221-121.customer.lyse.net] has joined #tlponies
06:01:26 -!- Rawr|Fone [~AndChat52@84-217-62-32.customers.ownit.se] has joined #tlponies
07:18:09 -!- Rawr|Fone [~AndChat52@84-217-62-32.customers.ownit.se] has joined #tlponies
07:52:28 -!- Rawr|Fone [~AndChat52@84-217-62-32.customers.ownit.se] has joined #tlponies
09:30:39 <Dot`> morning all
09:45:40 <Dot`> skram!
09:57:10 <Dot`> Rawr rawr rawr
09:58:42 <skram> bjørn old boy
09:59:51 <Dot`> that skram lad
10:00:04 <Dot`> https://imgur.com/gallery/7746M
10:00:24 <Dot`> like just over 8 hours till DnD
10:00:41 <skram> woo!
10:00:54 <Dot`> stress
10:03:43 <skram> i believe in u
10:07:06 <Dot`> oh yea, i should grab basic subscription to Roll20, and get that dynamic lighting
10:10:33 <CockRoach|42> hors!
10:11:19 <Dot`> cr!
10:33:27 <skram> im gonna have a nap so im refresh for your thing Dot`
10:33:38 <Dot`> didint you sleep D:
10:33:46 <Dot`> pls pon, rest well
10:33:46 <skram> for a bit
11:00:21 -!- ZK [webchat@a83-162-238-37.adsl.xs4all.nl] has joined #tlponies
11:21:30 <Dot`> a zk!
11:28:54 <ZK> hi a dot!
11:28:55 <ZK> how you?
11:29:02 <ZK> .roll d20 to boop Dot` 
11:31:30 <Dot`> .roll d20 to boop zk
11:31:42 <Dot`> its snowing! i am going to go for a hike
11:31:45 <Dot`> so i am good
11:31:47 <Dot`> you zk?
11:32:04 <ZK> im good! Im getting well established here! Theres board game night tomorrow :D
11:32:10 <ZK> hike seems nice :)
11:32:14 <ZK> no mountains here at all
11:32:22 <Dot`> nice, hows job?
11:32:59 <ZK> job is nice! I with young team, project uses newer technologies so its fun
11:33:22 <Dot`> cool
11:33:40 <Dot`> will talk later, got to go before it stops snowing!
11:33:43 <Dot`> glad your not dead
11:34:04 <ZK> gogo have fun!
11:47:58 -!- Golly [~Golly@1.92-221-121.customer.lyse.net] has joined #tlponies
12:42:46 -!- skram [~skram@109.203.14.204] has joined #tlponies
13:08:10 -!- Phearlock [~Phearlock@cm-84.215.115.144.getinternet.no] has joined #tlponies
13:08:10 -!- mode/#tlponies [+v Phearlock] by Q
13:08:32 <Phearlock> Hey hey
13:34:04 <CockRoach|42> hi phear
13:52:22 <ZK> hi phear
13:56:43 -!- Zounds [webchat@cpc108453-cowc8-2-0-cust8.14-2.cable.virginm.net] has joined #tlponies
13:56:49 <Zounds> Hello
14:09:08 -!- Rawr|Phone [~AndChat52@m83-185-93-61.cust.tele2.se] has joined #tlponies
14:18:43 -!- carcinisation [webchat@cpc76294-cosh16-2-0-cust297.6-1.cable.virginm.net] has joined #tlponies
14:20:22 <Rawr|Phone> Hors hors
14:26:27 <carcinisation> roar roar
14:26:41 <Rawr|Phone> Reef reef!
14:26:47 <Rawr|Phone> Good afternoon!
14:35:03 <ZK> good afternoon reif
14:35:06 <ZK> hi zounds
14:43:16 <Dot`> i am back
14:43:23 <Dot`> hike was nice
14:45:36 <carcinisation> hi zk. wb dotties
14:46:12 <Dot`> snow reif!
14:59:50 <ZK> did you roll in snow dot?
14:59:52 <ZK> cause you should!
15:03:01 <carcinisation> just rain here dot :(
15:03:14 <carcinisation> and cold
15:11:56 <Dot`> is skram awake
15:27:37 <Dot`> Rawr rawr
16:01:27 -!- tredc [~AdiIRC@c83-251-161-94.bredband.comhem.se] has joined #tlponies
16:09:19 <carcinisation> this looks promising http://www.siliconera.com/2018/01/18/nippon-ichi-software-announces-liar-princess-blind-prince/
16:16:43 <skram> i have risen from my slumber, Dot`
16:16:48 <Dot`> \o/
16:31:35 <Dot`> skram, like 2 hours to go , damn damn damn
16:31:39 <Dot`> still so much to do
16:31:46 <skram> it will go fine
16:31:52 <skram> i guarantee it
16:37:18 <Dot`> dynamic light is pretty fun to set up though skram
16:48:37 <ZK> wait, what you guys talking about? :o
16:52:58 <Dot`> dnd zk
16:53:10 <ZK> oooh, that still going on? Awesome!
16:53:17 <ZK> did you die again?
16:53:28 <ZK> oh wait, you dming Dot` ???
16:53:32 <Dot`> well second session today, as ppl where busy in holidays
16:53:50 <Dot`> halv has been moving and stuff so he hasnt been able to GM in a while
16:54:15 <ZK> sooo, you took the DM chair? :D
16:54:26 <ZK> How you like it so far?
16:54:31 <Dot`> i thought you knew i was runnign LMoP
16:55:08 <Dot`> a lot to remember zk, and I require prep for stuff, i cant improve like you
16:55:15 <Dot`> so a lot of work, so far so good though
16:55:38 <Dot`> i got tired of campagns that ended lvl 3
16:55:41 <ZK> Nope, just havent been on as much lately :/ I would have probly joined if I knew :P
16:55:55 <ZK> yeaaa, i would have kept going but dub had school and people left
16:56:05 <ZK> i guess  that happens a lot
16:56:07 <Dot`> YOU left
16:56:10 <Dot`> to another country
16:56:11 <Dot`> haha
16:56:17 <ZK> oh yea japan!
16:56:26 <Dot`> then Dutch land
16:56:29 <ZK> But i was willnig to go again in september, but then there was no one
16:56:37 <ZK> pfft, thats like your time zone though :P
16:56:39 <Dot`> yea, Dub is busy again :/
16:56:57 <Dot`> well zk, if you ever want to run another game I am always available
16:57:18 <ZK> im in eurotimezone now! But you in UK thingie
16:57:33 <Dot`> UTC best timezone
16:57:40 <ZK> silly
16:57:47 <ZK> but yea, kinda
16:58:06 <Dot`> unless you wwant to watch GSL, or critical roll
16:58:11 <Dot`> then rip
16:58:21 <ZK> gsl is rip everywhere
16:58:47 <ZK> at least wcs is still going!
16:59:11 <ZK> oh yea, come to think of it, i did improvise quite a bit
16:59:25 <ZK> but all the battles kind of were all pre planned, and thats what takes sooooo long
17:00:42 <ZK> so many battles we never went through, just there
17:00:55 -!- tredc [~AdiIRC@c83-251-161-94.bredband.comhem.se] has joined #tlponies
17:01:14 <Dot`> ones we missed/skipped, or ones we never got to
17:02:08 <Bio> asdf
17:02:23 <Dot`> Bio!
17:02:25 <Dot`> sooon
17:02:28 <Bio> morn
17:05:12 <Bio> how many much time
17:05:25 <Dot`> like hour and a half, 2 hours
17:05:30 <Bio> k
17:06:10 <ZK> both, many skipped, some we didn't get to cause i overprepared
17:06:17 <ZK> and we ended up staying in city wayyy longer than i thought
17:07:21 <ZK> and then i left for 3 weeks, and when i came back no one was left :(
17:07:45 <Dot`> no on one, skram and I where here
17:07:53 <Dot`> not no one*
17:09:10 <ZK> you and phear i think, no?
17:09:22 <ZK> dont recall if skram was in
17:09:42 <ZK> lost mines is a very fun campaign though :)
17:09:46 <ZK> first one i dmed too!
17:09:47 <Dot`> hmm, a game with no skram, that would be weird
17:10:04 <Dot`> but i tihnk your right, it was phear
17:10:32 <ZK> but doesnt lost mines also end at lvl 3?  For your always ending campaings there? :P
17:10:38 <ZK> maybe lvl 4 actually
17:10:40 <Dot`> lvl 5
17:10:49 <Dot`> abd it will mean finishing one!
17:10:50 <ZK> oh woah
17:10:55 <ZK> haha thats true!
17:11:11 <Dot`> also 2 of the ppl are friends irl and have never played before
17:11:14 <Dot`> so gettign them into it
17:11:21 <Dot`> nice short campaighn
17:11:25 <ZK> Woooo!
17:11:35 <ZK> Dot`the super experienced one :D
17:11:45 <ZK> you at that point now :')
17:12:01 <Dot`> easy to be if no one else knows anytihng!
17:19:33 <ZK> And if they dont know, you can just make it up :D
17:19:36 <ZK> yayyyy
17:27:58 <skram> dont worry
17:28:07 <skram> im sure we're gonna fuck it up somehow
17:28:20 <ZK> i believe in you skram
17:28:21 <ZK> do it
17:28:31 <skram> thanks bud
17:40:46 -!- DoT|Phone [~Dot@90.201.224.197] has joined #tlponies
17:46:06 <Bio> fireball the town?
17:46:10 <Bio> FIREBALL THE TOWN
17:50:51 <DoT|Phone> poor town
17:56:23 <skram> its an evil town though
17:57:15 <Bio> so what I'm hearing is to fireball the town
17:57:43 <Phearlock> It's the only way to be sure
17:59:57 <skram> https://i.imgur.com/mILY1VO.gif
18:00:03 <skram> this is what i want
18:29:08 <Bio> asdf
18:34:24 <ZK> ghjk
18:36:20 <Dot`> .roll d20 to boop Bio
18:38:24 -!- DuB` [~DuB@66-219-235-64.dynamic.ip.veracitynetworks.com] has joined #tlponies
18:38:26 <DuB`> Weooo
18:38:32 <DuB`> Everything is so snowy and prettyyyy
18:38:39 <Dot`> DUB
18:38:41 <Dot`> hej
18:39:06 <DuB`> <3
18:40:01 * Bio prods DuB` 
18:40:09 <DuB`> y u bio
18:40:24 -!- tredc [~AdiIRC@c83-251-161-94.bredband.comhem.se] has joined #tlponies
18:41:06 <Bio> i always bio
18:41:38 * ZK slaps DuB` around a bit with a large fishbot
18:41:42 <ZK> fishbot?
18:41:47 <ZK> wut is this
18:41:50 <Bio> beep boop
18:44:52 <Dot`> bio, where you?
18:45:28 <DuB`> Right over there above you  -->
18:46:01 <Dot`> pls
19:09:38 <skram> DuB`
19:09:39 <skram> hellp
19:09:42 <skram> o
19:10:18 <DuB`> hellpo
19:10:24 <skram> https://www.youtube.com/watch?v=3ruXOh74xRE
19:10:49 <skram> have you ever seen a bobblehead rip on the jazz bass
19:10:54 -!- Camail [~Camail@45.40.84.145] has joined #tlponies
19:10:54 -!- mode/#tlponies [+v Camail] by Q
19:12:24 <DuB`> Hahaha
19:12:28 <DuB`> Groovi
19:19:03 <Camail> ahh, i can taste food again
19:19:07 <Camail> best day ever
19:19:18 <DuB`> :o
19:19:25 <DuB`> Get over a cold or somethin'?
19:22:22 <Camail> still getting over, but yea
19:22:49 <Camail> which is why i was going afk to blow my nose during division
19:38:47 <Camail> also i was watching a video on that incursion and the turret didn't seem to be going after the guy holding the box
19:38:52 <Camail> or at least it didn't seem that way
19:39:00 <Camail> we should just...never do that one again
20:03:03 <CockRoach|42> https://scontent.fbma2-1.fna.fbcdn.net/v/t1.0-9/27066849_1782843181786214_2571981133198405693_n.jpg?oh=2f66dc76d39cf8c67e0e10afb15b5edb&oe=5AF5F4C4
20:13:38 -!- Methos [~methos@23.226.129.178] has joined #tlponies
20:25:39 -!- Micen [~Micen@162.40.142.242] has joined #tlponies
20:27:27 -!- Golly [~Golly@1.92-221-121.customer.lyse.net] has joined #tlponies
20:30:05 -!- Crisium [~Crisium@73.174.51.128] has joined #tlponies
20:32:07 <Dot`> crisium!
20:37:16 <skram> HOWDY PARDNER
20:39:20 <Rawr|Phone> Dot https://i.imgur.com/VvpRra4.jpg
20:39:44 <skram> henrik
20:39:46 <skram> yes
20:39:46 -!- tredc [~AdiIRC@c83-251-161-94.bredband.comhem.se] has joined #tlponies
20:39:59 <Rawr|Phone> Jonas
20:40:01 <Rawr|Phone> Yes
20:45:55 <Crisium> hey
20:46:03 -!- tredc [~AdiIRC@c83-251-161-94.bredband.comhem.se] has joined #tlponies
20:46:04 <Crisium> how'd you know i'd say howdy
20:46:24 <skram> Because you're a cowboy
20:46:29 <Crisium> Yee
20:56:48 -!- carcinisation [webchat@cpc76294-cosh16-2-0-cust297.6-1.cable.virginm.net] has joined #tlponies
20:57:36 <carcinisation> ah yip is streaming open div matches https://www.twitch.tv/yiptv
20:58:52 <ZK> oooh
20:58:57 <ZK> yip still there :o
20:59:08 <ZK> happy hes not dead
21:15:27 <Zounds> night pons
21:31:23 <ZK> woah, neeb lost a game :o
21:53:33 <Dot`> BIO
21:53:46 <Bio> mic cut out sec
22:15:02 <Bio> "Surely the party won't try to take on 19 bandits"
22:15:05 <Bio> -Dot
22:15:19 <DuB`> o deer
22:20:07 <skram> HEY GUISe i have an IDEA
22:20:30 <skram> Ill just persuade this guy here to bring all his friends out in manageable groups to murder town
22:22:14 <DuB`> https://imgur.com/gallery/YbVU2MQ
22:22:38 <DuB`> Not too far from my hometown, went on scout camps near here
22:23:03 <skram> Where's the chainsaw and the vodka
22:23:09 <skram> and why isnt he nude
22:23:18 <DuB`> wuh
22:24:23 <skram> https://www.youtube.com/watch?v=6plKMU0tTTk
22:24:27 <Bio> MURDER town is one of my favorite places
22:25:14 <DuB`> o i c
22:36:54 <Crisium> skram we did it
22:36:57 <Crisium> https://i.imgur.com/3P3VMM9.jpg
22:38:16 <skram> heck yeah my boy
22:38:26 <skram> congrats
22:38:30 -!- tredc [~AdiIRC@c83-251-161-94.bredband.comhem.se] has joined #tlponies
22:38:51 <DuB`> Nice Crisium!
22:38:58 <Crisium> ty
22:39:02 <Crisium> how long until decay btw?
22:39:08 <Crisium> will wait this out as long as i can lol
22:40:22 <skram> uuh unless its changed you can bank 5 days
22:40:30 <skram> and its 1 game per day i think
22:40:46 <skram> if you look at the page for season info or whatever you can see how long it is
22:48:36 -!- Rawr|Fone [~AndChat52@84-217-62-32.customers.ownit.se] has joined #tlponies
23:06:46 -!- Camail [~Camail@45.40.84.145] has joined #tlponies
23:06:47 -!- mode/#tlponies [+v Camail] by Q
23:20:40 <Camail> pls
23:21:26 <DuB`> SLP
23:22:06 -!- tredc [~AdiIRC@83.251.161.94] has joined #tlponies
23:24:14 <Crisium> pl0x
23:35:27 <carcinisation> nicely done cris
23:38:57 <DuB`> I should do my placements]
23:39:17 <DuB`> So I can duo with skram, go on a 10-win streak, get masters, and then stop playing for the rest of the season :P
23:39:31 <DuB`> Just like last time!
23:44:59 <skram> heck yeah
23:45:03 <Camail> TL is 1-2 at the major
23:45:10 <skram> we played with halvorg too didnt we
23:45:13 <Camail> it just sucks because they aren't allowed to use their full roster
23:45:27 <Camail> they made a change after the deadline so their coach is a stand in
23:45:42 <Camail> so this major is kind of a joke for some fans
23:48:28 <DuB`> skram: The crazy masters run we did started with zounds I think, but he left after 2-3 and we kept winning for like 3x that many
23:52:57 <Bio> HUZZAH MURDER
23:53:13 <skram> oh yah thats true DuB`
23:53:30 <skram> we likked 19 dudes i think
23:53:35 <skram> killed
23:53:38 <skram> ???
23:55:05 <Dot`> more overall
23:55:16 <Dot`> at least none where innocents, yet
23:55:25 <skram> there's still time
23:57:08 <Dot`> yea skram, i originaly thought, about 2 hours in town then break, and come back to 2 hours in the dungeon
23:57:21 <Dot`> instead, 3 hours of lureing bandits to thier deaths
23:57:34 <skram> we did spend about 2 hours fucking around though
23:58:07 <Bio> Bretty normal for dnd tbh
23:58:20 <Dot`> dynamic lighting worked good?
23:58:48 <skram> yeah boii
23:59:23 <Bio> yesh
