00:38:51 -!- carcinization [~reificati@cpc76294-cosh16-2-0-cust297.6-1.cable.virginm.net] has joined #tlponies
00:38:51 -!- mode/#tlponies [+v carcinization] by Q
00:52:10 <carcinization> night all
00:52:36 <Runbunny> Goodnight Reif.
01:43:46 -!- Camail [~Camail@45.40.84.145] has joined #tlponies
01:43:46 -!- mode/#tlponies [+v Camail] by Q
01:44:20 -!- Crisium|2 [~Crisium@c-73-174-151-51.hsd1.pa.comcast.net] has joined #tlponies
01:49:28 <Camail> pls
01:54:08 <skrm> no
01:55:27 <DuB`> I bought a big loaf of really good sourdough and have snacked 2/3 of it away in two days! D:
01:55:33 <DuB`> Almost gone :(
01:58:20 <Camail> scandalous
02:04:20 -!- Micen [~Micen@h123.2.17.98.dynamic.ip.windstream.net] has joined #tlponies
02:04:26 <Micen> Hello
02:05:36 <DuB`> Mousen!
02:05:38 <DuB`> Hallo
02:05:42 <skrm> I made like 14 waffles and now i kinda want to die
02:05:46 <skrm> hallo moocen
02:05:57 <Micen> Waffles are great!
02:05:58 <DuB`> lul
02:06:24 <Micen> https://vlipsy.com/vlip/a-very-harold-and-kumar-christmas-pancakes-are-fucking-gay-l4jTWx0C
02:06:28 <DuB`> I can be in Oslo in 15hr, gimme waffos
02:06:43 <skrm> absolutely
02:06:57 <Micen> Dub, stop by Louisville and come pick me up!
02:06:59 <skrm> do u want straberry jam and sour cream too
02:07:19 <Micen> Sour cream on waffle?
02:08:16 -!- skrm_ [webchat@pioj.eid3.887x.ip] has joined #tlponies
02:08:19 <DuB`> Odd
02:08:39 <skrm_> ur odd
02:10:09 <Micen> Anyone want to play video games. Like Overwatch or something 
02:10:51 <DuB`> Maaan, I should've gone for the $13 to keep my OW alt, game is back to $30 now
02:11:10 <DuB`> And some IRL friends have expressed interest in starting
02:11:10 <skrm_> im doing a work
02:11:20 <Micen> Dub did not make wise investment of money
02:11:58 <DuB`> Trooly
02:12:18 <Micen> wait till christmas week, there might be another sale
02:13:09 <skrm_> some accountant huh
02:13:11 <skrm_> :D
02:13:43 <Micen> too busy clicking a calculator to click buy now to be able to click heads
02:14:34 <Micen> dub, you up for mystery heroes?
02:14:40 <DuB`> Shore
02:14:49 <Micen> kk on NA
02:54:06 <Crisium|2> https://twitter.com/_savannah_t_/status/1070192088082305024
03:02:57 -!- Rawr|Fone [~AndChat52@84-217-62-32.customers.ownit.se] has joined #tlponies
03:28:30 <Camail> woo
03:28:34 <Camail> got front page on the daily
05:18:47 <skrm_> ah fuck
05:18:49 <skrm_> its on fire again
05:49:20 <Camail> stop it
07:22:25 <CockRoach|42> .tellm
07:22:54 <CockRoach|42> .tellm DoT|Phone phearlock, https://derpicdn.net/img/view/2018/12/9/1903938.gif
07:37:28 -!- skram [~skram@82.147.53.231] has joined #tlponies
07:37:48 <skram> u g h
07:38:54 <CockRoach|42> uguu~
07:41:08 <skram> you're up early cr
07:44:14 <CockRoach|42> not earlier than usual
07:45:57 <skram> i guess it is morning
08:01:37 <DoT|Phone> Morning
08:01:51 <skram> dot pal
08:02:43 <DoT|Phone> Skram. I slept through my alarms
08:02:49 <skram> fuck
08:03:19 <skram> your boss is gonna give you a stern talking-to probably
08:03:38 <DoT|Phone> flexi hours Skram
08:03:42 <skram> i had to call the fire department again today
08:03:53 <DuB`> D:
08:04:21 <DoT|Phone> you and for Skram
08:04:28 <DoT|Phone> fire
08:05:04 <skram> well ive met them 3 times in 3 weeks now
08:05:10 <skram> they probably think im an arsonist
08:05:34 <DoT|Phone> Haha
08:05:44 <DuB`> Hheheeh
08:06:58 <skram> its stupid
08:07:13 <skram> couldnt use the big fans designed to evacuate the smoke
08:07:23 <skram> because they burnt up last weekend
08:07:27 <skram> >______________________________________>
08:07:34 <DuB`> Oops
08:23:26 <DoT|Phone> please don't catch fire Skram
08:26:38 <skram> ill try
08:30:26 -!- DoT|Phone1 [~Dot@148.252.129.179] has joined #tlponies
09:02:40 <DoT|Phone1> made it to work by 9
09:02:58 <DoT|Phone1> only an hour later than I want to get to work
09:05:38 <Micen> good morning tlp
09:06:42 <Micen> I should be asleep
09:09:48 <DoT|Phone1> hej micn
09:10:45 <DoT|Phone1> Micen I think this had been the first dnd session you haven't hit either Skram or I with a spell
09:10:54 <DoT|Phone1> gj
09:11:00 <DoT|Phone1> character growth
09:12:53 <Micen> No, i didnt on the entire caravan part
09:13:17 <Micen> first time in awhile though
09:13:31 <Micen> and let me tell you, it needs to hurry up and be dnd day. 
09:17:11 <DoT|Phone1> Yea. but then dnd for WEEKS
09:17:19 <DoT|Phone1> no dnd
09:19:31 <Micen> Once we finish this campaign i want to read through it. 
09:20:43 <DoT|Phone1> So do I. but think it's best to wait till after the second part
09:20:49 <DoT|Phone1> Probably spoilers
09:23:40 <DoT|Phone1> I need Christmas time dnd
09:24:05 <Micen> i know!
09:24:45 <Micen> .choose finish putting lights on the Christmas tree, wait another 10 to 15
09:43:17 <Rawr|Fone> 🐴🐴🐴
09:43:23 <DoT|Phone1> Rawr Rawr Rawr
09:43:27 <DoT|Phone1> 💖💖💖
09:43:30 <DoT|Phone1> you horse
09:43:43 <Rawr|Fone> DoT DoT DoT
09:43:46 <Rawr|Fone> 💖💖💖💖
09:43:53 <Rawr|Fone> YOU horse
09:45:41 <CockRoach|42> how's the bestest ping ponger doing today?
09:45:59 <DoT|Phone1> I bet he is great
09:49:57 <DoT|Phone1> and good edge horse gif cr
09:50:09 <CockRoach|42> yes, very cute
10:09:12 -!- Golly [Golly@cm-84.212.249.112.getinternet.no] has joined #tlponies
10:17:43 -!- Gollie [Golly@cm-84.212.249.112.getinternet.no] has joined #tlponies
10:17:50 -!- Micen_ [~Micen@h123.2.17.98.dynamic.ip.windstream.net] has joined #tlponies
11:11:29 <DoT|Phone1> cr horse. How's Monday
11:22:59 -!- reification [~reificati@cpc76294-cosh16-2-0-cust297.6-1.cable.virginm.net] has joined #tlponies
11:22:59 -!- mode/#tlponies [+v reification] by Q
11:37:00 <DoT|Phone1> Reif!
11:37:08 <reification> dotties1
11:42:39 -!- Rawr|Phone [~AndChat52@m83-185-83-149.cust.tele2.se] has joined #tlponies
12:08:52 <CockRoach|42> DoT|Phone1: it's a monday
12:18:03 <CockRoach|42> .tell Cane https://www.deviantart.com/szafir87/art/Oh-Come-on-Luna-Animated-725445707
12:25:22 -!- tredc [~tredc@c83-251-171-176.bredband.comhem.se] has joined #tlponies
12:44:50 -!- DoT|Phone [~Dot@85.255.232.5] has joined #tlponies
13:01:43 -!- Runbunny [~Runbunny@91.100.28.10.generic-hostname.arrownet.dk] has joined #tlponies
13:02:32 <DoT|Phone> Runbun!
13:02:42 <DoT|Phone> How's the thing?
13:05:09 <Runbunny> Hai.
13:09:53 -!- DoT|Phone1 [~Dot@85.255.237.41] has joined #tlponies
13:12:57 <reification> hello bun
13:37:02 -!- Rawr|Fone [~AndChat52@84-217-62-32.customers.ownit.se] has joined #tlponies
14:04:27 -!- carcinization [~reificati@cpc76294-cosh16-2-0-cust297.6-1.cable.virginm.net] has joined #tlponies
14:04:27 -!- mode/#tlponies [+v carcinization] by Q
14:10:33 -!- reification [~reificati@cpc76294-cosh16-2-0-cust297.6-1.cable.virginm.net] has joined #tlponies
14:10:33 -!- mode/#tlponies [+v reification] by Q
14:11:59 -!- reimeuk [~reificati@cpc76294-cosh16-2-0-cust297.6-1.cable.virginm.net] has joined #tlponies
14:17:30 -!- reification [~reificati@cpc76294-cosh16-2-0-cust297.6-1.cable.virginm.net] has joined #tlponies
14:17:30 -!- mode/#tlponies [+v reification] by Q
14:19:00 -!- reification [~reificati@cpc76294-cosh16-2-0-cust297.6-1.cable.virginm.net] has joined #tlponies
14:19:00 -!- mode/#tlponies [+v reification] by Q
14:20:27 -!- Rawr|Fone [~AndChat52@84-217-62-32.customers.ownit.se] has joined #tlponies
14:29:11 <Golly> https://www.youtube.com/watch?v=BQLEW1c-69c omigosh omigosh 
14:29:33 <Golly> mxas is here boys
14:29:37 <Golly> xmas even
14:36:49 <Cane> <3
15:33:25 <DoT|Phone1> It's stalker 2 out yet cane?
15:33:43 <Cane> Let's see.
15:34:00 <Cane> r/stalker is nothing but shitposts. I have concluded it's not out.
15:35:48 <DoT|Phone1> Haha
15:40:41 <DoT|Phone1> that and banner Lord. 2 things to wait for
15:43:38 -!- Rawr|Phone [~AndChat52@m83-185-95-158.cust.tele2.se] has joined #tlponies
16:07:00 -!- carcinization [~reificati@cpc76294-cosh16-2-0-cust297.6-1.cable.virginm.net] has joined #tlponies
16:07:00 -!- mode/#tlponies [+v carcinization] by Q
16:38:37 -!- skram [~skram@82.147.53.231] has joined #tlponies
16:39:12 <DoT|Phone1> Skram!
16:42:22 <skram> ah
16:42:33 <skram> its my good friend bjørn
16:43:17 <skram> how is you old pal
16:52:13 <DoT|Phone1> walking home atm
16:52:17 <DoT|Phone1> It's all uphill
16:52:26 <DoT|Phone1> and you Skram?
16:53:00 <skram> well enough lad
16:53:21 -!- Zounds [webchat@cloak-07ouvien.14-2.cable.virginm.net] has joined #tlponies
16:53:28 <Zounds> pons
16:53:35 <skram> zoons
16:53:43 <DoT|Phone1> zounds
16:53:59 <DoT|Phone1> when you going to get better Skram
16:54:46 <Zounds>  o/
16:56:46 <skram> once things stop catching on fire probably
16:57:05 <DoT|Phone1> too much stress Skram
16:57:11 <DoT|Phone1> please take a holiday
17:00:53 <skram> i would if i could
17:01:13 <DoT|Phone1> please
17:01:31 <DoT|Phone1> indispensable man
17:17:44 -!- Dot [~quassel@50.115.159.143.dyn.plus.net] has joined #tlponies
17:22:51 -!- DoT|Phone [~Dot@50.115.159.143.dyn.plus.net] has joined #tlponies
18:06:19 -!- DuB` [~DuB@66-219-235-226.dynamic.ip.veracitynetworks.com] has joined #tlponies
18:06:23 <DuB`> Hullo!
18:06:33 <Dot> Hollu
18:16:14 <Zounds> dab
18:22:35 <carcinization> dawb
18:23:58 <DuB`> zond 'n riif
18:57:44 <skram> dub
18:57:54 <DuB`> skram
18:58:01 <Dot> skram
18:58:07 <skram> dot
19:23:46 -!- Rawr|Fone [~AndChat52@84-217-62-32.customers.ownit.se] has joined #tlponies
19:25:23 <Rawr|Fone> 🐎🐎🐎
19:45:04 -!- Camail [~Camail@45.40.84.145] has joined #tlponies
19:45:04 -!- mode/#tlponies [+v Camail] by Q
19:47:56 <Dot> rawr https://imgur.com/gallery/WdWTJVq
19:52:05 <Camail> dot
19:52:08 <Camail> go to sleep
19:52:13 <Dot> noooo
19:57:53 <Rawr|Fone> You heard him dot, off you go
19:58:03 <Dot> but raaawwwwr
19:59:15 <Rawr|Fone> No
19:59:36 <Rawr|Fone> You are getting up early dotpon
19:59:45 <Rawr|Fone> So you need to go to bed early
20:00:42 <Dot> well your not wrong
20:01:58 -!- Phearlock [webchat@cloak-li6hn6bb.208.146.128.getinternet.no] has joined #tlponies
20:02:04 <Phearlock> Evening ponypons
20:02:18 <Dot> pear!
20:02:32 <Dot> look https://www.deviantart.com/mequiloano/art/Celestia-acquires-third-degree-burns-776024088
20:02:52 <Phearlock> Awww <3
20:02:54 <Phearlock> Toasty pon
20:02:59 <Phearlock> very cute
20:03:52 <Phearlock> So many years of pone and they're still cute
20:03:57 <Phearlock> good pons
20:07:08 <Dot> indeed
21:20:48 <skram> DuB`
21:20:52 <skram> how 2 stellaris
21:24:21 <Phearlock> What you having trouble with skram? I got some hours in the new patch
21:24:44 <Phearlock> Can give bad advice
21:25:22 <Dot> skram is a space man now?
21:25:37 <Phearlock> Maybe a space mushroom
21:25:41 <Phearlock> You can choose
21:26:03 <Dot> skram probably picked the fox's
21:26:14 <Phearlock> the foxes are cute!
21:29:25 <Dot> skram has good taste
21:32:02 <Runbunny> Space foxes?
21:37:30 <skram> no im owlface
21:38:03 <Camail> so many space bois
21:38:12 <Camail> i should look up gameplay trialers of stellaris
21:38:14 <Phearlock> Colonize the fuck out of anything above 60%. Build a second sience ship early on for exploring and sweet survey bonuses.
21:38:16 <Camail> is it a 4x?
21:38:22 <Phearlock> it is
21:38:31 <Camail> ah, darn
21:38:45 <Phearlock> Slow paced RTS
21:38:56 <Camail> i've bought so many 4x games and never get more than an hour into any of them
21:39:14 <Camail> they are so damn cool and hook me so hard
21:39:22 <Camail> then i just drift awaaaaaay
21:39:48 <Dot> pew pew lasers
21:40:03 <Dot> though i actually find railguns cooler nowdays
21:40:13 <Camail> magnets
21:40:42 <Dot> magnets!
21:41:06 <Phearlock> You kinda want both in stellaris
21:41:53 <Phearlock> Also skram the default corvettes come with point defense and it's not that common for things to spam missiles early. So redesign them to 1 railgun 2 lasers.
21:42:07 <Phearlock> much better for actually killing things
21:43:57 <skram> im trying to figure out what the buttons do
21:44:14 <Phearlock> There is a tutorial
21:44:31 <skram> im doin it
21:45:04 <Phearlock> yay
21:49:47 <DuB`>  skram is spess!
21:49:48 <DuB`> Wew
21:50:06 <DuB`> Game is extra hard as of this week, update complicated everything :P
21:51:22 <Phearlock> My corporation game is going nicely
21:51:38 <Phearlock> I have all the money
21:51:50 <Phearlock> (So I can buy all the other resources)
22:36:01 <DoT|Phone> Gnight horses
22:36:24 <DuB`> nn dot!
22:36:32 <DoT|Phone> gl being a space empire Skram
22:36:57 <DoT|Phone> or space village. depending on your ambition
22:37:29 <DoT|Phone> dub <3
22:44:22 <skram> village is enough
22:44:25 <skram> good night DoT|Phone
23:03:58 <DuB`> skram what sort of spacefolk are ya?
23:04:09 <Phearlock> Oh my god the marauder raider race in my save are the adorable starfish
23:04:13 <Phearlock> this is great
23:04:19 <DuB`> Hahaha
23:04:29 <skram> im owl people
23:04:43 <DuB`> But are you spacefrens or spacefighters?
23:04:46 <Phearlock> https://www.dropbox.com/s/fx66nnr7aie9x6l/Screenshot%202018-12-11%2000.03.47.png?dl=0
23:04:49 <Phearlock> so scary
23:04:56 <skram> i dont know?
23:05:17 <skram> actually im still on the tutorial so dont know if theres baddies in this
23:05:33 <DuB`> Aha
23:05:38 <Phearlock> Baddies depends on perspective really
23:05:47 <Phearlock> except for a few edge cases =P
23:06:00 <Camail> the edge cases where everyone you disagree with is killed
23:06:57 <skram> i havent met anyone else yet
23:07:35 <Phearlock> Like if you're a ruthless slaver conglomerate
23:07:55 <Phearlock> the other authoritarian materalistic races will think you're a great guy and want to hang out with you
23:08:06 <Phearlock> While the democratic xenophiles maybe not so much
23:08:31 <skram> oh hey i just met some guy who was like leave me alone ok
23:08:42 <skram> i think he likes me because we're all good christian birdpeople
23:08:48 <DuB`> lolol
23:09:11 <DuB`> And Gestalt Consciousness AI don't give a hoot, you are just a dumb meatbag that needs to be integrated
23:09:52 <Phearlock> Not always true, if you embrace cybernetic enhancements for your people they might think you're being pretty cool
23:10:09 <DuB`> Only because you've done the first steps FOR them! :P
23:10:32 <Phearlock> Though if they're the borg AI or Exterminator AI's, yeah they still don't really like you
23:10:39 <DuB`> I guess I'm thinking specifically of the Drivin Assimilator type
23:10:47 <DuB`> Haha
23:12:27 <Phearlock> The rogue custodian AI are really nice most of the time
23:12:37 <DuB`> Yes
23:13:20 <DuB`> I ran into one lost in space, one thing led to another, and he has been efficiently leading my megacorp for decades now! :P
23:15:32 <Phearlock> How nice =)
23:16:11 <DuB`> Profit doesn't discriminate
23:17:50 <Phearlock> https://www.dropbox.com/s/7t3hibmw8qqzsoo/Screenshot%202018-12-10%2023.44.48.png?dl=0 My high tech corp and friends. Green guys to my left are friends. Gray and Red to my right are both subsidiaries giving me money after I killed all their ships and invaded their worlds.
23:18:27 <Phearlock> It's a cozy position right now.
23:19:28 <DuB`> I'm great friends with all but one neighbor but can't federate with any because of their criminal backgrounds :(
23:19:45 <Phearlock> =(
23:20:48 <DuB`> The "one neighbor" is  a former federation member and protectorate who went through a rebellious phase and went a bit genocidal against a neighboring AI empire...
23:20:57 <DuB`> They got mad when I wouldn't help and still don't like me :P
23:21:55 <Phearlock> Grumpy rebels
23:24:23 -!- Crisium [~Crisium@c-73-174-151-51.hsd1.pa.comcast.net] has joined #tlponies
23:25:31 <CockRoach|42> i thought DuB` was talking about an actual neighbor
23:25:58 <Phearlock> That sounds very exciting but wouldn't wish that on poor dub
23:26:18 <DuB`> I approached the old folks in the house across the street about joining my space federation but they have criminal backgrounds! :(
23:26:23 <DuB`> :P
23:31:23 <Camail> dub if everyone you know is a criminal...are you a crime boy as well?
23:31:31 <Camail> do you do the crimes!
23:31:35 <Camail> you have to tell the truth
23:32:22 <DuB`> If your corporation is the literally the one making the laws it's hard for your corporation to break the laws. ;D
23:32:33 <DuB`> If my neighbors don't want to abide by them then that's their loss.
23:40:52 <Camail> dub BR?brbr?
23:52:32 <DuB`> Doing lotsa final project writing today, no games.
