00:04:18 <Crisium> Opportunist wasnt changed
00:04:24 <Crisium> i think the patch notes were a mistake withthat
00:05:54 <Crisium> https://us.battle.net/forums/en/overwatch/topic/20762046101#post-5
00:06:10 <Crisium> Opportunist will only show thr walls below 50%
00:06:24 <Crisium> but it will show enemy health (not through walls) if they hurt at all
00:11:11 <Cane> In that case the world is normal and not broken.
00:39:17 <carcinisation> night all
00:41:02 <Dot`> gnight reif
01:23:58 -!- Rawr|Fone [~AndChat52@84-217-62-32.customers.ownit.se] has joined #tlponies
01:53:00 <Crisium> https://twitter.com/PlayOverwatch/status/963881659316645888
01:53:03 <Crisium> i got Pharah
01:53:27 <Micen> Mei
02:04:57 <DuB`> skram https://www.youtube.com/watch?v=10Jg_25ytU0
02:14:25 <Bio> streetpig
02:14:26 <Bio> ez
02:14:37 <Bio> best hero anyways
02:28:02 <Camail> evil donut fucked me again
02:28:30 <Zounds> nn pons GG
02:31:28 <Bio> nnnnnnnnn
03:01:28 <DuB`> NNNNNNNNN
03:01:37 <DuB`> ggs, long owstack on a WEEKDAY! 
03:01:37 <DuB`> wee
03:04:11 <Bio> !
03:05:18 <DuB`> !
03:07:06 <skram> this overwatch thing is so easy
03:07:24 <Bio> 3ez
03:16:42 <Crisium> gg ez
03:21:56 <DuB`> Tracer went really well today
03:21:59 <DuB`> I wanna do that more :o
03:22:23 <Crisium> Too slow!
03:22:24 <Micen|Droid> Dub tracer main confirmed
03:43:07 <Phearlock_> Fish game is nice. got a mech suit. It's nice to have something armored when you've been running around terrified of the scary fish for 8 hours.
03:43:30 <Phearlock_> Bedtime now though
03:43:49 <DuB`> Nice!
03:43:52 <DuB`> nn phear
03:49:36 <Bio> dub
03:49:37 <Bio> pls
03:49:43 <DuB`> bio
03:49:44 <DuB`> wat
03:49:48 <Bio> pls
04:00:22 <DuB`> bio u r great
04:05:53 <Bio> aww thx
04:09:44 <Bio> I try
05:01:17 <DuB`> oof
05:01:19 <DuB`> very hungerstarve
05:04:31 <Bio> eat a sammich
05:07:45 <DuB`> That's... actually what I just got lol
05:13:33 <DuB`> Time for some more PLANET EARTH
05:20:04 <Bio> sammichess are best
05:20:48 <DuB`> das why I had TWO
05:20:57 <Bio> fatpon
05:21:08 <Bio> =P
05:21:18 <Bio> I think its time to let dogs out then put them to bed
05:21:22 <Bio> then put me to bed
05:21:27 <DuB`> ;o
05:24:15 <skram> ill put you to bed luv
05:24:21 <DuB`> skram y u wake
05:24:21 <DuB`> slepp
05:24:35 <skram> i was going to but is my day off tomorro
05:25:14 <DuB`> :P
05:25:16 <DuB`> me2
05:25:18 <DuB`> GONNA PLEJ
05:26:13 <skram> PLEJ WO
05:31:15 <DuB`> wo
05:56:38 <Rawr|Fone> 🐴
05:56:51 <Rawr|Fone> Morning horse
06:01:14 -!- Golly [~Golly@1.92-221-121.customer.lyse.net] has joined #tlponies
07:18:06 -!- Rawr|Phone [~AndChat52@m83-185-95-181.cust.tele2.se] has joined #tlponies
07:46:14 -!- Golly [~Golly@1.92-221-121.customer.lyse.net] has joined #tlponies
07:51:16 -!- Rawr|Fone [~AndChat52@static-212-247-92-114.cust.tele2.se] has joined #tlponies
09:01:26 <Dot`> Morning all
09:10:57 <Rawr|Fone> Dot` Dot` Dot`
09:11:05 <Dot`> Rawr rawr rawr
09:11:06 <Dot`> <3
09:11:16 <Rawr|Fone> <3
09:50:04 <Dot`> hows you today rawr
10:08:11 <Dot`> wait... where is CR
10:43:22 -!- Phearlock_ [~Phearlock@cm-84.215.114.79.getinternet.no] has joined #tlponies
10:43:22 -!- mode/#tlponies [+v Phearlock_] by Q
10:47:51 <Dot`> phear <3
10:49:18 <Dot`> workhorse time
10:49:20 <Dot`> later pons
10:50:45 <Phearlock_> https://derpibooru.org/1656315 D=
10:51:00 <Phearlock_> Poor catbirb
10:51:47 -!- tredc [~AdiIRC@c83-251-161-94.bredband.comhem.se] has joined #tlponies
11:44:24 -!- Golly [~Golly@1.92-221-121.customer.lyse.net] has joined #tlponies
12:38:53 <Micen|Droid> Hello tlp
12:38:53 <Rawr|Fone> 🐴🐴🐴
12:39:00 <Rawr|Fone> Hi micen
12:46:22 <Micen|Droid> How are you rawr? 
12:47:04 <Rawr|Fone> Pretty good, in school doing school stuff
12:47:13 <Rawr|Fone> Almost done with school forever
12:47:30 <Micen|Droid> School to rhe best of your abilities then
12:57:49 <Rawr|Fone> I will try my best
12:57:58 <Rawr|Fone> Hiow are you today micen
12:58:00 <Rawr|Fone> How
12:58:23 <Micen|Droid> Dont know yet. Just rolling out of bed
12:58:36 -!- BioSC [~BioPon@108-72-8-181.lightspeed.stlsmo.sbcglobal.net] has joined #tlponies
13:10:13 -!- Rawr|Phone [~AndChat52@m83-185-94-26.cust.tele2.se] has joined #tlponies
13:31:21 -!- Rawr|Fone [~AndChat52@84-217-62-32.customers.ownit.se] has joined #tlponies
13:36:36 -!- BioHorse [~BioPon@108-72-8-181.lightspeed.stlsmo.sbcglobal.net] has joined #tlponies
13:54:57 -!- Dot`_ [~quassel@94.3.39.48] has joined #tlponies
14:51:35 -!- Rawr|Phone [~AndChat52@m83-185-80-198.cust.tele2.se] has joined #tlponies
14:58:57 -!- Dot` [~quassel@94.3.39.48] has joined #tlponies
14:59:17 -!- tredc [~AdiIRC@c83-251-161-94.bredband.comhem.se] has joined #tlponies
15:41:59 <Dot`> i am home
15:44:48 <Phearlock_> hi
15:47:18 <Dot`> .roll d20 to boop Phear
15:50:09 <Phearlock_> =3
16:21:36 <Dot`> Rawr rawr rawr
16:21:53 <Rawr|Phone> Dot dot dot
16:21:55 <Rawr|Phone> <3
16:24:31 <Dot`> <3
16:25:11 <Rawr|Phone> How was work
16:25:26 <Dot`> it was ok rawr
16:25:33 <Dot`> hows school?
16:25:46 <Rawr|Phone> Almost done
16:25:59 <Rawr|Phone> 3 months left
16:27:03 <Dot`> \o/
16:27:43 -!- tredc [~AdiIRC@83.251.161.94] has joined #tlponies
16:30:15 -!- Zounds [webchat@cpc108453-cowc8-2-0-cust8.14-2.cable.virginm.net] has joined #tlponies
16:30:25 <Zounds> pals
16:30:37 <Dot`> zounds
16:30:46 <Zounds> hello
16:31:20 <BioHorse> horsement
16:31:22 <Bio> hi
16:31:41 <Zounds> o/
16:31:41 <Dot`> hedge
16:44:25 -!- DuB` [~DuB@66-219-235-64.dynamic.ip.veracitynetworks.com] has joined #tlponies
16:46:14 <DuB`> GOOD MORN
16:52:37 <Phearlock_> hai dub
16:53:02 -!- CockRoach|42 [~CR@CockRoach|42.users.quakenet.org] has joined #tlponies
16:53:02 -!- mode/#tlponies [+v CockRoach|42] by Q
16:54:24 <Bio> asdf
17:04:46 <Zounds> muh dub
17:07:07 <DuB`> Guess what I'm gonna do today
17:09:29 <DuB`> I'MMA OBERWAJ
17:09:48 <DuB`> Also thursday critrole wooo
17:11:42 <Zounds> oberwaj was a good time yesterday
17:13:24 <DuB`> Last night I somehow ended up listening to a brazilian trap playlist
17:13:50 <DuB`> And then I ended up playing lucio on lijiang and went both rounds with 0 deaths and like 30 elims 
17:13:54 <DuB`> Stylin' on em
17:13:57 <DuB`> Was so fun haha
17:14:12 <Zounds> Oh right trap music
17:14:17 <Dot`> DUB
17:14:18 <Zounds> I was thinking men that looked like ladies
17:14:18 <Dot`> <3
17:14:33 <DuB`> lul
17:14:36 <DuB`> DOT <3
17:16:39 <Zounds> Lucio is one of those heroes I pretty much never pick but if I somehow end up on him I enjoy it
17:16:52 -!- tredc [~AdiIRC@c83-251-161-94.bredband.comhem.se] has joined #tlponies
17:19:37 <Zounds> I'm a bit torn on whether to focus on McCree or Soldier for practice
17:20:04 <Zounds> McCree is statistically my better hero despite what cris says
17:20:13 <Zounds> But soldier is a bit less frustrating to play with mobility and heals
17:20:18 <Zounds> Though not nearly as satisfying
17:20:22 <Zounds> but still fun
17:21:22 <Zounds> I guess it just depends on the map and the comp/enemy comp
17:22:36 <DuB`> ya ya
17:22:54 <DuB`> Agree with the "somehow end up on him -> enjoy" bit haha
17:23:06 -!- tredc [~AdiIRC@c83-251-161-94.bredband.comhem.se] has joined #tlponies
17:23:08 <DuB`> He's my second most-played but I never actually pick him myself
17:23:13 <DuB`> anymore*
17:26:24 <Zounds> Aye :P
17:26:35 <Zounds> Rein used to be like that for me too but I've been picking him more recently
17:26:46 <Zounds> I just try to embrace my badness
17:26:59 <Zounds> Feels like my shield just evaporates and I spend all my time swinging these days
17:27:32 <Zounds> I'll take Orisa if it's srs business though
17:27:46 <Zounds> Like that hold we did on Hollywood yesterday
17:28:16 <Zounds> When we held them close after the first cap
17:32:24 <DuB`> That was wild
17:40:11 -!- carcinisation [webchat@cpc76294-cosh16-2-0-cust297.6-1.cable.virginm.net] has joined #tlponies
18:05:34 -!- skram [~skram@109.203.14.204] has joined #tlponies
18:14:19 <Dot`> HI SKRAM
18:14:36 <skram> HI DOT
18:18:23 <DuB`> YAY SKRAM
18:18:44 <skram> GOOD MORNING DUBSTER
18:26:51 <Zounds> skram friend
18:29:26 <skram> zounds my buddy
18:42:38 <Micen> good afternoon horses. 
18:45:26 <Zounds> m'micen
18:56:07 -!- Runbunny [~Runbunny@91.100.28.10] has joined #tlponies
18:57:07 <Dot`> runbun!
18:57:21 -!- tredc [~AdiIRC@c83-251-161-94.bredband.comhem.se] has joined #tlponies
19:20:37 -!- DoT|Phone [~Dot@94.3.39.48] has joined #tlponies
19:25:20 <Runbunny> Dot.
19:28:04 <DuB`> Space Skram: The Game http://store.steampowered.com/app/548430/Deep_Rock_Galactic/
19:28:08 <DuB`> spess dorfs
19:28:10 -!- tredc [~AdiIRC@c83-251-161-94.bredband.comhem.se] has joined #tlponies
19:28:55 <skram> yes
19:28:56 <skram> YES
19:28:57 <skram> Y E S
19:33:38 <Bio> >Hardcore Space Mining
19:39:07 <skram> This is everything i've ever wanted¨
19:42:31 <DuB`> Well you CAN'T HAVE IT
19:42:32 <DuB`> yet
19:44:47 <DuB`> Man, this year's cars look crazy https://twitter.com/WilliamsRacing/status/964216156990181377
19:47:43 <skram> is that a roll bar
19:48:20 <DuB`> Ye they'll all have those lil things above the cockpit now
19:48:38 <skram> y tho
19:48:44 <skram> isnt the intake stronk enough
19:48:55 <DuB`> dunno
19:53:30 <Cane> Early access, RIP
19:54:04 <Cane> 4 player co-op. Ooo.
19:55:14 <Cane> Yeah that's a roll bar of sorts, it's to protect drivers from debris and rolls.
19:55:23 <Cane> Hence why it's right smack in the middle of the goddamned cockpit.
19:56:07 <DuB`> Yeah, after some reading it seems to be almost more for debris than anything
19:56:11 <DuB`> No tires to the face, etc
19:56:27 <Cane> Yup.
19:56:36 <Cane> I think it was mandated after a driver got a tire to the helmet.
19:57:20 <Cane> I drove one of these in a racing sim. It's awful when you don't have stereo vision with depth perception because it's just right there, and you can't see "past" it really.
19:57:27 <Cane> I'm sure it's fine irl though.
19:57:31 <Cane> Since it's very thin.
19:57:32 <DuB`> Right haha
19:58:01 <Cane> "25 items from your Steam wishlist are on sale!"
19:58:02 <Cane> Bloody hell.
19:58:11 <DuB`> lolol
19:58:32 <Cane> Lunar new year sale, okay yeah that would be why.
19:58:42 <DuB`> Oooooh
19:59:06 <DuB`> F1 2017 -50%, Just Cause 3 -75%
19:59:16 <DuB`> Too bad I have no money :P
19:59:39 <DuB`> Summer sale, maybe...\
20:06:36 <DuB`> The OWL Contenders teams being announced is pretty cool
20:06:47 <DuB`> Roolf, Gods, Pookz on the gladiators contenders team
20:07:48 <Zounds> Cane: we've been doing some pretty good TLP OW stacks lately
20:07:54 <Zounds> You should join one at some point
20:08:05 <Zounds> 6 stacking is good for the soul
20:08:08 -!- tredc [~AdiIRC@c83-251-161-94.bredband.comhem.se] has joined #tlponies
20:09:20 <Zounds> The way OW is meant to be played
20:13:57 -!- Camail [~Camail@45.40.84.145] has joined #tlponies
20:13:57 -!- mode/#tlponies [+v Camail] by Q
20:14:20 -!- tredc [~AdiIRC@c83-251-161-94.bredband.comhem.se] has joined #tlponies
20:14:30 <Camail> pls
20:15:53 -!- Zounds [webchat@cpc108453-cowc8-2-0-cust8.14-2.cable.virginm.net] has joined #tlponies
20:24:30 <DoT|Phone> no cam
20:39:04 <DuB`> PLAYTIME?
20:40:30 <DuB`> I'mma be playin', feel free whenever skram Zounds Micen carcinisation Cane DOT Runbunny
20:40:33 <DuB`> Lotsa EUfrends
20:41:41 <Zounds> I will join soon!
20:41:44 <Micen> sure dub lets play some overwatch
20:45:06 <DuB`> On EU for now
21:10:54 -!- Rawr|Fone [~AndChat52@84-217-62-32.customers.ownit.se] has joined #tlponies
21:10:59 <Rawr|Fone> Beep beep
21:11:03 <Rawr|Fone> I'm home
21:12:47 <skram> welcome home
21:12:49 <skram> henrik my dear
21:13:00 <Rawr|Fone> My beloved jonas
21:13:23 <Rawr|Fone> How are you doing today
21:13:47 <skram> i am perfectly fine
21:13:53 <skram> how about you my dear
21:15:42 <Rawr|Fone> Great!
21:15:49 -!- tredc [~AdiIRC@c83-251-161-94.bredband.comhem.se] has joined #tlponies
21:15:52 <Rawr|Fone> We won our match today 8-1
21:17:52 <skram> well done
21:19:28 <Rawr|Fone> Thank you dear
21:52:41 <carcinisation> i will join for ow soon
22:05:44 <Dot`> Rawr! well done pon!
22:05:52 <Rawr|Fone> Dot!
22:05:59 <Rawr|Fone> Many thanks hors
22:06:27 <CockRoach|42> .roll d20 to boop Rawr|Fone!
22:06:39 <Rawr|Fone> Cr pls
22:07:11 <CockRoach|42> pls calm down
22:08:30 <Rawr|Fone> No you
22:09:46 <CockRoach|42> <3
22:09:57 <Rawr|Fone> <3
22:15:52 -!- Crisium [~Crisium@24.3.158.64] has joined #tlponies
22:27:50 <Dot`> cris pon
22:35:51 <Crisium> howd
22:35:52 <Crisium> y
22:55:08 <Bio> subnautica
22:55:16 <Bio> is that the game that people have been liking
22:55:19 <Bio> recently
22:57:18 <Bio> forgot it was made by the people that did Natural Selection 2
23:07:47 <Phearlock_> It's pretty nice
23:07:59 <Phearlock_> it says survival but honestly it's exploration
23:08:30 <Phearlock_> got 15 hours in it so far
23:30:41 <Camail> It's a very forgiving game, it's certainly not trying to make it really hard to survive
23:31:02 <Camail> and if you dont like survival resource mechanics then they literally just let you turn them off
23:37:07 <Phearlock_> yeah it's not hard, but it's got a lovely atmosphere and it's really fun to get access to stuff to let you explore more things.
23:39:23 <Camail> some of those fish are big and toothy
23:44:09 <Phearlock_> It's a bit spooky sometimes =D
23:44:34 -!- tredc [~AdiIRC@c83-251-161-94.bredband.comhem.se] has joined #tlponies
