01:26:47 -!- DuB` [~DuB@65-130-50-48.slkc.qwest.net] has joined #tlponies
01:27:16 <DuB`> .choose 1 2 3
01:27:51 <DuB`> Ehhhh
01:27:54 <DuB`> .choose 1 2
01:28:40 <Dot> Dub!
01:28:46 <DuB`> Dot!
01:28:46 <Dot> .choose Dub Dub
01:28:47 <DuB`> You are awake!
01:28:53 <Dot> sleep soon
01:29:27 <Dot> i was seeing there is a new Banner Saga, i recall piriting the first one just after it came out
01:29:35 <Dot> really great game, never got far though
01:29:47 <Dot> the choices where hard
01:29:49 <Dot> :P
01:29:59 <DuB`> Google EVERYTHING
01:30:18 <Dot> pls dub
01:30:23 <Dot> what you up to?
01:31:00 <DuB`> Chillin'
01:31:07 <DuB`> Did some WF, did some OW dm
01:31:26 <DuB`> Gonna have dinner (pizza or burgers) and then some WF or division with friend+bro
01:31:28 <DuB`> Good ay.
01:31:29 <DuB`> day.
01:41:04 <Dot> what a life
02:08:24 <BioPone> Neigh
02:08:55 <BioPone> Attention. Shopkeeper girl is best. That is all.
02:47:06 <BioPone> Pls
03:31:57 -!- Dot` [~quassel@2.218.216.166] has joined #tlponies
03:57:14 -!- BioPone [~androirc@mobile-166-175-190-25.mycingular.net] has joined #tlponies
04:25:34 -!- BioPone [~androirc@mobile-166-175-190-25.mycingular.net] has joined #tlponies
04:26:07 -!- Crisium [~Crisium@c-73-174-151-51.hsd1.pa.comcast.net] has joined #tlponies
04:57:56 -!- Dot [~quassel@2.218.216.166] has joined #tlponies
04:59:53 <Camail> monhun is fun
05:21:19 -!- BioPone [~androirc@mobile-166-175-190-25.mycingular.net] has joined #tlponies
05:27:57 -!- BioPone [~androirc@mobile-166-175-190-25.mycingular.net] has joined #tlponies
05:34:58 -!- Dot` [~quassel@2.218.216.166] has joined #tlponies
06:01:19 -!- Dot [~quassel@2.218.216.166] has joined #tlponies
06:38:06 -!- skrm [webchat@pioj.eid3.887x.ip] has joined #tlponies
07:13:23 -!- Dot` [~quassel@2.218.216.166] has joined #tlponies
07:19:41 -!- Golly [Golly@cm-84.212.249.112.getinternet.no] has joined #tlponies
07:53:41 -!- Dot [~quassel@2.218.216.166] has joined #tlponies
08:40:30 -!- Dot` [~quassel@2.218.216.166] has joined #tlponies
08:57:28 <skrm> Dot` are you awake yet
09:10:11 <CockRoach|42> hors hors
09:16:26 <skrm> cr you old menace
09:16:31 <skrm> how you bean
09:38:45 <CockRoach|42> brilliant!
10:02:41 -!- Dot [~quassel@2.218.216.166] has joined #tlponies
10:03:46 <Dot> Mornign all
10:03:52 <Dot> skram
10:21:34 -!- mode/#tlponies [+vvv Dot Golly skrm] by Cane
10:21:40 <Cane> <3
10:21:42 <Dot> Hey cane <3
10:22:29 <Dot> skram https://imgur.com/gallery/Go8F182
11:25:32 -!- Micen [~Micen@h121.30.16.98.dynamic.ip.windstream.net] has joined #tlponies
11:27:03 <Micen> morning tlp
11:27:19 <Dot> Hey Micen
11:28:23 <Micen> how oges things
11:28:31 <Dot> it ogres well
11:28:56 <Dot> you?
11:29:19 <Micen> things here are finally returning to normal 
11:29:31 <Micen> ugg, got a new keyboard and im trying to adjust to it again. 
11:41:44 <Dot> might as well throw it out
13:05:32 <skrm> my car is dead again Dot 
13:05:42 <skrm> maybe i should actually buy a new one this time
13:11:08 <Dot> :(
13:17:41 <skrm> im so tired of this shit
13:22:40 <Dot> cars are the worst
14:31:27 <skrm> why couldnt it shit the bed on my off day or something
14:31:57 <skrm> but nooooooo it has to be the weekend where im busy literally the whole fuckin time
14:32:07 <skrm> A S D F
14:48:20 <Dot> :(
14:51:30 <Dot> did you try any dorf games yet skram?
14:56:41 <skrm> i did get to play the DWARVES a bit yesterday
14:56:45 <skrm> its pretty good
15:38:06 -!- Zounds [webchat@cloak-07ouvien.14-2.cable.virginm.net] has joined #tlponies
15:51:11 <Dot> good to hear
15:51:14 <Dot> Hey zounds
16:04:00 <Dot> skram https://imgur.com/gallery/GRNDye5
16:04:03 <Dot> kittys
16:06:15 <Zounds> hey
16:09:29 <skrm> just what i needed dot
16:46:15 <Dot> skram, you see the dorf music box?
16:54:06 -!- Crisium [~Crisium@c-73-174-151-51.hsd1.pa.comcast.net] has joined #tlponies
17:00:05 <Dot> hey Crisium
17:00:10 <Crisium> howdy
17:37:41 <Zounds> muh cris
17:37:49 <Zounds> you top 500 NA in OW yet?
17:38:39 -!- DuB` [DuB@65-130-50-48.slkc.qwest.net] has joined #tlponies
17:38:49 <DuB`> <3
17:39:31 <Zounds> SuB`s not DuB`s
17:42:56 <Dot> Dub dub
17:45:23 <Crisium> i havent played this season
17:45:26 <Crisium> ends soon so i should
17:49:21 <Zounds> Ah well
17:49:28 <Zounds> Top 500 in my heart cris
17:53:06 <Crisium> thats good, no more than 499 ppl ahead of me
17:54:32 <Zounds> We haven't stacked in a bit we should do that soon
17:56:55 <DuB`> Like TODAY!
18:00:19 <Crisium> :O
18:01:42 -!- Golly [Golly@cm-84.212.249.112.getinternet.no] has joined #tlponies
18:03:59 -!- Camail [~Camail@45.40.84.145] has joined #tlponies
18:04:00 -!- mode/#tlponies [+v Camail] by Q
18:06:43 <Dot> cammmm
18:08:11 <Dot> cam you want 2 week trial of escape from tarkov?
18:08:14 <Dot> i have a key it seems
18:10:33 <Golly> gratz Dubov
18:11:19 <Zounds> I'd be up for a stack today DuB` 
18:11:28 <Zounds> but I lack initiative so if one gets going ill join
18:16:06 <Crisium> Zounds DuB` Micen OW stack?
18:16:30 <Crisium> if not now, then when :o
18:16:34 <Crisium> im good now
18:16:52 <Zounds> I could now
18:17:04 <DuB`> Anytime in the next 6hr :P
18:17:12 <Crisium> now it is then
18:17:22 <DuB`> Finishing breakfast for 5min
18:17:33 <Crisium> 5 min it is then
18:20:44 <Zounds> takes me about that long to launch the game
18:23:30 <Camail> Dot  appreciate the offer but no thanks
18:25:56 -!- BioPhone [~androirc@mobile-166-175-190-25.mycingular.net] has joined #tlponies
18:26:00 <BioPhone> Pone
18:27:44 <Dot> BioHest
18:35:05 <Camail> Dot  DuB`  wanna play a game
18:35:12 <BioPhone> Hesten
18:35:20 <Camail> ideas: vemrintide, division, co-op codenames variant
18:36:03 <Camail> oh balls, i just remembered that divinity 2 would've been a good christmas gift
18:36:39 <Dot> i have supper in 5 minutes
18:37:06 <Camail> blend it into a smoothie
18:37:08 <Camail> ez
18:37:21 <Dot> i was tihnking to get Dub Ori, but then i see HE HAS IT ALREADY and just hasnt played it
18:37:27 <Dot> the litral worst
18:37:31 <Camail> DuB`  gasp
18:40:49 <DuB`>  I did
18:40:52 <DuB`> Some of it
18:41:53 <Camail> GASP
18:42:00 <Camail> (i havent played it either)
18:42:33 <Dot> THE WORST
18:43:23 -!- DoT|Phone [~Dot@2.218.216.166] has joined #tlponies
18:47:22 <BioPhone> Dub.
18:47:26 <BioPhone> PLS
18:50:28 <BioPhone> Cam.
18:50:31 <BioPhone> PLS
18:50:33 <Camail> bio
18:50:36 <Camail> pls
18:54:40 <DoT|Phone> bio. why are they like this
19:00:45 <BioPhone> Mysterious ways dot
19:02:27 <DoT|Phone> cr!
19:02:31 <DoT|Phone> https://www.reddit.com/r/DnD/comments/aabftf/art_dungeons_and_doggos_82_duskroot_delivered/
19:02:39 <DoT|Phone> doggos!
19:10:01 -!- Dot` [~quassel@2.218.216.166] has joined #tlponies
19:15:14 <BioPhone> Bork
19:20:53 -!- Dot [~quassel@2.218.216.166] has joined #tlponies
19:27:23 -!- Dot` [~quassel@2.218.216.166] has joined #tlponies
19:43:09 <Dot`> useless intenret
19:48:38 -!- BioPhone [~androirc@mobile-166-175-190-25.mycingular.net] has joined #tlponies
19:50:54 -!- skram [~skram@82.147.53.84] has joined #tlponies
19:51:05 <skram> Dot` i purchased an automobile
19:51:21 <Dot`> a lego one?
19:52:18 <skram> no a real one
19:54:01 <Zounds> skram do you wanna play overwatch
19:54:09 <Zounds> we're on NA if you do
19:54:21 <Zounds> Also we're there even if you don't
19:54:47 <skram> NAbro im gonna head to bed soon
19:57:41 -!- BioPhone [~androirc@mobile-166-175-190-25.mycingular.net] has joined #tlponies
20:01:47 <BioPhone> Neigh
20:02:17 <Dot`> Skram, what car?
20:02:34 <BioPhone> New car for skrm horse?
20:04:00 <skram> its just a crummy VW passat
20:05:23 <BioPhone> Oh nice, I looked at those
20:06:08 <skram> They're alright, but its done a few miles already
20:06:42 <skram> This is a TDI so the engines are usually pretty solid, except the lil EGR valve but the suspension is sort of dubious on this vintage
20:07:01 <DuB`> :O
20:07:02 <DuB`> carrr
20:19:22 -!- Phearlock [webchat@cloak-e3kb14bi.208.146.128.getinternet.no] has joined #tlponies
20:19:24 <Phearlock> Poni
20:23:44 <Dot`> hey phear
20:30:58 <Camail> skram go to sleep
20:33:13 <skram> ur not my real dad
20:51:10 -!- reification [~reificati@cpc76294-cosh16-2-0-cust297.6-1.cable.virginm.net] has joined #tlponies
20:51:10 -!- mode/#tlponies [+v reification] by Q
21:03:00 <reification> https://twitter.com/Johnny_suputama/status/1077910839859052545
21:03:37 <reification> zounds https://twitter.com/bunnyarchive/status/1078163102733078528
21:07:36 <Zounds> <3
21:21:30 -!- tredc [~tredc@c83-254-129-166.bredband.comhem.se] has joined #tlponies
21:33:06 <DuB`> ggs!
21:34:23 <DuB`> I hope to one day be as content as a capybara in a hot bath.
21:34:26 <DuB`> That is the dream.
21:59:53 <Golly> fruitbat eating banana/grapes
22:01:12 -!- carcinization [~reificati@cpc76294-cosh16-2-0-cust297.6-1.cable.virginm.net] has joined #tlponies
22:01:12 -!- mode/#tlponies [+v carcinization] by Q
22:21:52 <Camail> monhun is v good
22:22:01 <Camail> my cat is a samurai
22:25:45 <Dot`> thats very weeb cam
22:30:16 <Camail> a little
22:30:32 <Camail> tho monhun is fairly weeb in general
22:36:51 <Phearlock> have you hugged any monsters yet?
22:36:59 <Phearlock> All the fanart is of the monsters being cute
22:42:35 <Camail> i have hugged many
22:42:40 <Camail> but they usually fall down after
22:44:05 <Phearlock> aww, cute sleepy monsters =3
22:44:15 <DuB`> ... yep.
22:45:42 -!- reimeuk [~reificati@cpc76294-cosh16-2-0-cust297.6-1.cable.virginm.net] has joined #tlponies
22:45:42 -!- mode/#tlponies [+v reimeuk] by Q
22:55:37 <Dot`> all caught up on crit roll
22:59:48 <DuB`> Better than me, Dot`.
22:59:55 <DuB`> I'm like 4-5 behind now
23:19:40 <Camail> gj dot
23:19:50 <Camail> wasnt it exhausting
23:22:25 <Dot`> they did many things
23:24:35 -!- Runbunny [~Runbunny@91.100.28.10.generic-hostname.arrownet.dk] has joined #tlponies
23:24:48 <Dot`> runbn!
23:27:02 <Runbunny> Hai!
23:27:03 <Runbunny> Dot
23:27:07 <Runbunny> https://www.gog.com/game/soma free game?
23:27:16 <Dot`> i like free things
23:27:34 <Camail> oh cool, soma is a really good game
23:28:02 <DuB`> 2 spooky
23:29:28 <Runbunny> But Dub.
23:29:30 <Runbunny> Free.
23:29:38 <Runbunny> Stay free my friend.
23:32:13 <reimeuk> ty bun
23:32:34 <reimeuk> https://twitter.com/Targounius/status/1078723072453197824
23:33:35 <Runbunny> A fire retard?!?
23:33:50 -!- Rawr|Fone [~AndChat52@m83-185-86-251.cust.tele2.se] has joined #tlponies
23:42:40 <Camail> runbun i be hunting
23:43:10 <BioPhone> Hunt well sir
23:54:00 <Camail> bio any eta on not being a phone?
