00:04:23 <Zounds> Having my birthday dinner tomorrow dot
00:04:26 <Zounds> well, today I guess
00:04:35 <Zounds> anyway g'night horses
01:03:25 * skram slaps DoT` around a bit with a large trout
01:08:53 <skram> .tell zounds https://i.imgur.com/hv5YcZ2.mp4 ???
01:17:07 -!- Rawr|Fone [~AndChat52@84-217-62-32.customers.ownit.se] has joined #tlponies
02:02:50 -!- Rawr|Fone [~AndChat52@84-217-62-32.customers.ownit.se] has joined #tlponies
02:19:35 <Camail> https://www.twitch.tv/geekandsundry
02:37:23 -!- Rawr|Fone [~AndChat52@84-217-62-32.customers.ownit.se] has joined #tlponies
04:34:17 -!- Rawr|Fone [~AndChat52@84-217-62-32.customers.ownit.se] has joined #tlponies
05:04:20 -!- Golly [~Golly@1.92-221-121.customer.lyse.net] has joined #tlponies
06:09:43 -!- Rawr|Fone [~AndChat52@84-217-62-32.customers.ownit.se] has joined #tlponies
06:54:32 <Rawr|Fone> 🐴🐴🐴
07:01:21 <DoT`> Mornign all
07:06:30 <Rawr|Fone> DoT` DoT` DoT`
07:06:32 <Rawr|Fone> <3
07:07:07 <DoT`> Rawr Rawr Rawr
07:07:08 <DoT`> <3
07:52:13 -!- Rawr|Phone [~AndChat52@m83-185-95-23.cust.tele2.se] has joined #tlponies
08:06:34 <CockRoach|42> DoT`: thanks for puppies <3
08:15:14 <DoT`> <3
08:20:58 -!- ShotgunPrincess [Westy543@c-73-93-93-161.hsd1.ca.comcast.net] has joined #tlponies
08:21:05 -!- mode/#tlponies [+v ShotgunPrincess] by Q
08:23:33 <DoT`> work work
08:36:09 -!- Rarity [znc@Heartmender.users.quakenet.org] has joined #tlponies
08:36:09 -!- Methos [~methos@23.226.129.178] has joined #tlponies
08:36:09 -!- mode/#tlponies [+v Methos] by *.quakenet.org
08:39:30 -!- tredc [~tredc@c83-251-171-164.bredband.comhem.se] has joined #tlponies
08:41:54 -!- DoT|Phone [~Dot@79.77.172.39] has joined #tlponies
09:11:04 <Rawr|Phone> DoT|📱
09:23:24 <DoT|Phone> Rawr|hest
09:28:38 <DoT|Phone> how's you
09:34:20 <Rawr|Phone> Very good dot, just got done at the gym
09:34:23 <Rawr|Phone> How are you
09:34:30 -!- tredc [~tredc@c83-251-171-164.bredband.comhem.se] has joined #tlponies
09:52:32 -!- Rawr|Fone [~AndChat52@84-217-62-32.customers.ownit.se] has joined #tlponies
09:52:54 -!- tredc [~tredc@c83-251-171-164.bredband.comhem.se] has joined #tlponies
09:53:44 <DoT|Phone> work work Rawr
10:10:42 <Rawr|Fone> When is your last day dot
10:19:57 <DoT|Phone> Thursday
10:21:20 <Rawr|Fone> \o/
11:25:13 <DoT|Phone> pong pong tourney this weekend Rawr?
11:25:41 <Rawr|Fone> No tourney, but the league season starts on sunday
11:25:57 <Rawr|Fone> Playing in the national divisions this time
11:27:01 <DoT|Phone> oh boy! gl!
11:29:23 <Rawr|Fone> Thanks!
11:45:07 <CockRoach|42> u r best!
12:13:44 <DoT|Phone> cr! it's Friday!
12:13:48 <DoT|Phone> soon
12:29:37 <CockRoach|42> it is!
12:29:50 <CockRoach|42> and i'm soon allowed to go home
12:30:43 -!- Runbunny [~Runbunny@91.100.28.10.generic-hostname.arrownet.dk] has joined #tlponies
12:30:53 <Runbunny> It's me.
12:30:57 <CockRoach|42> mario?!
12:31:05 <Runbunny> no no.
12:31:11 <CockRoach|42> oh :(
12:34:36 <Runbunny> Sorry :/
12:35:59 <DoT|Phone> Angel!
12:36:25 <DoT|Phone> did you hand the thing in?
13:22:07 -!- tredc [~tredc@c83-251-171-164.bredband.comhem.se] has joined #tlponies
13:55:06 -!- DoT|Phone [~Dot@79.77.172.39] has joined #tlponies
14:43:49 -!- skram [~skram@82.147.53.97] has joined #tlponies
14:48:19 <DoT|Phone> Skram!
14:48:43 <skram> Dot!
14:49:14 <CockRoach|42> .roll d20 to hors
14:49:29 <skram> just a little hors i guess
14:49:30 <skram> he he
14:50:02 <DoT|Phone> oh you
14:52:54 <skram> what you up to mr dot
15:14:30 <DoT|Phone> Work
15:34:58 <DoT|Phone> You Skram?
15:36:35 <skram> imma twiddeling my thumbs
15:36:49 -!- tredc [~tredc@c83-251-171-164.bredband.comhem.se] has joined #tlponies
15:36:51 <skram> i have to leave for work in like 20 minutes
15:45:16 <DoT|Phone> no
15:45:41 <skram> oh
16:01:36 -!- tredc [~tredc@c83-251-171-164.bredband.comhem.se] has joined #tlponies
16:16:28 -!- DoT|Phone [~Dot@90.217.214.149] has joined #tlponies
16:18:15 -!- Dot [~quassel@90.217.214.149] has joined #tlponies
16:20:16 <Dot> i am home
16:21:43 <Dot> CR!
16:21:46 <Dot> CockRoach|42: https://www.reddit.com/r/DnD/comments/9frcxk/art_dungeons_and_doggos_67_say_cheese/
16:22:27 <Dot> tonka <3
16:27:07 <CockRoach|42> silly doggo :D
16:27:25 -!- BioPhone [~androirc@12.33.239.117] has joined #tlponies
16:31:10 <BioPhone> Hoooorsen
16:31:34 <Dot> Hest
16:32:25 -!- Rawr|Phone [~AndChat52@m83-185-80-154.cust.tele2.se] has joined #tlponies
16:32:26 <BioPhone> Hostener
16:32:34 -!- tredc [~tredc@c83-251-171-164.bredband.comhem.se] has joined #tlponies
16:32:55 <BioPhone> I get to make my own box dot
16:33:01 <BioPhone> With many wires
16:33:21 <Dot> did you probe those wires too?
16:38:32 <Rawr|Phone> Dot Dot Dot
16:38:45 <Dot> Rawr Rawr Rawr
16:38:46 <Dot> <3
16:38:50 <Rawr|Phone> <3
16:38:59 -!- BioPone [~androirc@mobile-166-170-22-70.mycingular.net] has joined #tlponies
16:38:59 <Rawr|Phone> How was work?
16:39:14 <Dot> it dragged on
16:39:20 <Dot> was not much happenign today
16:40:43 <Rawr|Phone> But you are finally on your last week!
16:40:54 -!- tredc [~tredc@c83-251-171-164.bredband.comhem.se] has joined #tlponies
16:41:13 <Dot> yes! no more customer service
16:43:17 <Rawr|Phone> Closer and closer to a real engineerpon
16:43:36 <Dot> woohoo
16:43:39 <Dot> soon rawr
16:43:47 <Dot> no longer is it "one day"
16:46:00 <Rawr|Phone> I'm very proud of you dot
16:46:11 <Dot> aww rawr <3
16:46:16 <Dot> you the best
16:46:22 <Rawr|Phone> <3
16:50:42 <Dot> cr https://imgur.com/gallery/dIU0k0M
16:54:16 -!- BioPone [~androirc@mobile-166-170-22-70.mycingular.net] has joined #tlponies
17:02:52 <CockRoach|42> Dot: <3
17:17:39 -!- BioPone [~androirc@mobile-166-170-22-70.mycingular.net] has joined #tlponies
17:18:01 -!- tredc [~tredc@c83-251-171-164.bredband.comhem.se] has joined #tlponies
17:34:10 -!- DoT|Phone [~Dot@90.217.214.149] has joined #tlponies
17:41:46 -!- skrm [webchat@unv2.iieq.zttm.ip] has joined #tlponies
17:45:12 <DoT|Phone> Skram
17:51:13 <skrm> Dot
17:54:01 -!- BioPone [~androirc@mobile-166-170-22-70.mycingular.net] has joined #tlponies
17:59:27 <DoT|Phone> is work ok today Skram?
18:07:26 -!- tredc [~tredc@c83-251-171-164.bredband.comhem.se] has joined #tlponies
18:08:00 <skrm> is alright DoT|Phone 
18:08:18 -!- BioPone [~androirc@mobile-166-170-22-70.mycingular.net] has joined #tlponies
18:08:33 <skrm> the people who pay my salary fucked up again though
18:08:57 <DoT|Phone> oh dear
18:09:13 <DoT|Phone> salary is pretty important
18:13:17 -!- BioPone [~androirc@mobile-166-170-22-70.mycingular.net] has joined #tlponies
18:13:38 -!- tredc [~tredc@c83-251-171-164.bredband.comhem.se] has joined #tlponies
18:24:47 <skrm> it is!
18:28:21 -!- Golly [~Golly@1.92-221-121.customer.lyse.net] has joined #tlponies
18:43:08 <skrm> how else am i gonna fund my lego addiction
18:45:50 <Dot> get a second job
19:21:42 <skrm> how am i gonna find time to asseble all the legos then dot
19:21:58 <Dot> get a job at lego
19:23:18 <skrm> ...
19:23:19 <skrm> yes
19:45:38 -!- Camail [~Camail@45.40.84.145] has joined #tlponies
19:45:39 -!- mode/#tlponies [+v Camail] by Q
19:48:31 <Rawr|Phone> So smart dot
20:13:43 -!- DuB` [~DuB@66-219-235-226.dynamic.ip.veracitynetworks.com] has joined #tlponies
20:14:01 <DuB`> hiyo
20:30:50 <DuB`> very sshhhh
20:31:13 <Dot> DUUUUUUUUB
20:31:35 <Camail> shh, tho
20:32:28 <DuB`> <3
20:58:28 -!- Crisium [~Crisium@c-73-174-151-51.hsd1.pa.comcast.net] has joined #tlponies
20:58:45 -!- tredc [~tredc@c83-251-171-164.bredband.comhem.se] has joined #tlponies
21:01:14 -!- BioPone [~androirc@mobile-166-170-22-10.mycingular.net] has joined #tlponies
21:02:37 -!- Zoonds [webchat@cloak-wmbqgxv5.14-2.cable.virginm.net] has joined #tlponies
21:02:42 <Zoonds> hi pons
21:03:49 -!- reification [~reificati@host109-152-90-196.range109-152.btcentralplus.com] has joined #tlponies
21:07:41 <Crisium> howdy
21:07:58 <reification> hi cris and friends
21:09:33 <Zoonds> o/
21:14:32 <reification> hey Zoonds
21:23:16 -!- BioSC [~BioPon@97.70.181.149] has joined #tlponies
21:23:32 <BioSC> po
21:23:34 <BioSC> NAIGH
21:23:40 <Bio> YUS
21:23:56 <Bio> asdf
21:25:06 <reification> hai bio
21:26:58 <Bio> it is I
21:27:01 <Bio> the Bio
21:27:05 <Bio> back from the work
21:27:22 <skrm> what did you do today bio
21:29:31 <Bio> lets see
21:29:42 <Bio> i had some coffee
21:29:46 <Bio> then some breakfast
21:29:56 <Bio> then we did some stuff on the computers
21:30:01 <Bio> went to lunch
21:30:14 <Bio> played some games with some co-workers over lunch
21:30:17 <Bio> came back
21:30:21 <Bio> did some design work
21:30:26 <Bio> then came home
21:30:32 <Bio> all in all a gud day
21:30:44 -!- reification [~reificati@host109-152-90-196.range109-152.btcentralplus.com] has joined #tlponies
21:49:47 <reification> night all
21:51:30 <reification> see you tomorrow dotties
21:53:48 <Dot> gnight reif!
21:53:50 <Dot> see you soon
22:08:24 <Crisium> Runbunny https://78.media.tumblr.com/b12f5d3b637c99bb035146e71cff5cd0/tumblr_pctjisWZWB1xyerp8o2_400.gif https://78.media.tumblr.com/5e962e9037d6dc01f5d3ba4dbdbafe31/tumblr_pctjisWZWB1xyerp8o1_400.gif
22:19:57 <Runbunny> Bunnies sure are cute.
22:32:01 <Bio> i almost wanna just nap
22:32:20 <Bio> maybe i nap
22:32:31 <Bio> imma adult
22:32:35 <Bio> i can nap if i wanna
22:45:04 <Dot> bun bun
22:54:16 -!- Golly [~Golly@1.92-221-121.customer.lyse.net] has joined #tlponies
23:33:19 -!- Rawr|Fone [~AndChat52@c-afb8e655.020-164-6d6c6d4.bbcust.telenor.se] has joined #tlponies
23:56:40 <Camail> the ending to divinity 2 wasn't even as close to satisfying as the ending to the main character side quest
23:56:56 <Camail> i dunno if they're all great, but Lohse's is basically perfect
23:59:15 <Dot> pony and birbs https://www.deviantart.com/holivi/art/Commission-763796757
23:59:28 <Dot> cam you butt
23:59:34 <Camail> maybe
23:59:37 <Dot> divinity 2 sounds like a long game
