00:50:27 <carcinization> night all
00:55:27 <Crisium> nn
01:59:48 <Camail> DuB`  what's the easiest third conquest
02:00:14 <Camail> beause that's the only thing i have to do other than farm for lvl 70 gems which is really easy
02:00:31 <Camail> the 8 set dungeons seems awful
02:05:11 <Camail> the speed run is meh...but i also dont want to play hardcore
02:07:12 <Camail> meh, the easiest is probably the setless 45
02:09:32 <DuB`> I think I remember doing that one, yeah
02:13:32 <Camail> the 20 bosses was fun
02:15:34 <DuB`> That doesn't even need to be solo, right?
02:15:39 <Camail> dont think so
02:15:43 <DuB`> ez
02:15:55 <Camail> none of them need to be solo
02:16:25 <Camail> honestly the only hard part about the boss rush was making sure to have movement speed and getting through the maps
02:16:33 <Camail> for a crus, that's a bit of a challenge
02:18:22 <skram> crusaders have that thing that makes you go nyooom
02:22:16 <Camail> yea i ended up using the steed
02:22:35 <Camail> but its still not very fast for very long
02:24:16 <DuB`> I have rolled a solid 6000bs for triumvirate offhand -.-;
02:24:45 <Camail> git gud?
02:24:54 <Camail> try upgrading source orbs
02:25:01 <Camail> or w/e they're called
02:25:14 <DuB`> They're only 25bs, would rather just go through that :T
02:26:00 <Camail> well its only fair
02:26:13 <Camail> your luck is all gone
02:26:21 <skram> srsly
02:30:33 <DuB`> fair fair
04:53:57 -!- Golly [Golly@cm-84.212.249.112.getinternet.no] has joined #tlponies
05:44:49 <Camail> oh god, dub i tried to make my own build for the setless 40gr, took it for a spin in t10 rift because its the same level...
05:44:58 <Camail> hammerdin really super doesnt work without the set
05:45:01 <DuB`> :o
05:45:02 <DuB`> Hahaha
05:45:15 <Camail> guess i have to build the thorns pieces...sigh
05:45:34 <Camail> i did ok! like, i didnt get my ass blasted as hard as i thought i would
05:45:47 <Camail> especially because i just cobbled it together with stuff i had
05:45:51 <DuB`> Yeah
05:45:54 <Camail> but boy did i not do enough damage
05:46:07 <DuB`> I remember saving all sorts of ancient legendaries that I found with good effects for a while before doing that
05:46:13 <Camail> its weird going from doing 300b minimum to doing 100m
05:53:03 <DuB`> I made some adjustments and have much better damage now
05:53:17 <DuB`> Sacrifices some toughness to be just shy of invincibility :P
06:01:05 -!- Rawr|Phone [~AndChat52@m83-185-95-208.cust.tele2.se] has joined #tlponies
06:13:37 <DoT|Phone> morning all
06:13:49 <DuB`> Dot <3
06:14:13 <DoT|Phone> dub <3
06:22:13 <DoT|Phone> how's it going dub
06:26:14 -!- Rawr|Fone [~AndChat52@84-217-62-32.customers.ownit.se] has joined #tlponies
06:30:54 <DoT|Phone> Rawr Rawr Rawr
06:31:07 <Rawr|Fone> Dot Dot Dot
06:31:11 <Rawr|Fone> 💖💖💖
06:31:47 <DoT|Phone> 💖💖💖
06:50:35 <DuB`> Well, dot!
06:50:45 <DoT|Phone> great
06:50:52 <DuB`> Got a test in ezclass either tomoro or tues, and then flyin' off to SF!
06:50:59 <DuB`> For thurs-fri
06:51:37 <DuB`> Missing so many classes this month lol
06:51:45 <DoT|Phone> lol
06:52:45 <CockRoach|42> dub pls
06:52:52 <DuB`> CR wat!
06:52:53 <CockRoach|42> be a good bookhors
06:54:25 <DuB`> Jobhors > bookhors
06:56:51 <CockRoach|42> fair point
06:58:25 <DoT|Phone> are you going to sf for job thing dub?
07:07:20 -!- Camail [~Camail@45.40.84.145] has joined #tlponies
07:07:20 -!- mode/#tlponies [+v Camail] by Q
07:08:19 <DuB`> Ye dot 
07:30:44 <DoT|Phone> nice
07:31:05 <DoT|Phone> they paying for the flight?
07:47:22 <DoT|Phone> rude
07:50:15 <Rawr|Fone> So rude
08:30:53 -!- Rawr|Phone [~AndChat52@m83-185-92-151.cust.tele2.se] has joined #tlponies
08:40:00 -!- Runbunny [~Runbunny@91.100.28.10.generic-hostname.arrownet.dk] has joined #tlponies
08:40:44 <DoT|Phone> Runbun
09:13:34 <Runbunny> Dot.
09:30:57 <DoT|Phone> how's it going
09:33:06 <Runbunny> It's alright. I am slacking a bit today though.
09:33:33 <DoT|Phone> Sounds like a good plan
09:41:55 -!- DoT|Phone1 [~Dot@185.69.144.22] has joined #tlponies
10:39:47 -!- Rawr|Fone [~AndChat52@84-217-62-32.customers.ownit.se] has joined #tlponies
10:48:14 <Rawr|Fone> 🐴🐴🐴
10:59:15 <Runbunny> Henrik.
10:59:32 <Rawr|Fone> Anders min käre vän.
11:28:16 -!- tredc [~tredc@c83-251-171-164.bredband.comhem.se] has joined #tlponies
12:39:31 <Cane> https://twitter.com/TeamLiquid/status/1038578980754878469
12:39:37 <Cane> TeamLiquid really is the best esports company.
12:48:20 -!- reification [~reificati@cpc76294-cosh16-2-0-cust297.6-1.cable.virginm.net] has joined #tlponies
12:53:38 -!- Pearclock [~Phearlock@cm-84.209.250.127.getinternet.no] has joined #tlponies
12:53:46 <reification> hello tlp
12:53:55 <reification> hey phear
12:55:19 <DoT|Phone1> hey Reif, Phear
13:02:02 -!- BioPhone [~androirc@12.33.239.117] has joined #tlponies
13:02:09 <BioPhone> Neigh
13:06:48 <DoT|Phone1> bio please
13:06:52 -!- carcinization [~reificati@cpc76294-cosh16-2-0-cust297.6-1.cable.virginm.net] has joined #tlponies
13:10:21 -!- reimeuk [~reificati@cpc76294-cosh16-2-0-cust297.6-1.cable.virginm.net] has joined #tlponies
13:32:14 -!- BioPhone [~androirc@12.33.239.117] has joined #tlponies
13:37:23 -!- reification [~reificati@cpc76294-cosh16-2-0-cust297.6-1.cable.virginm.net] has joined #tlponies
14:21:29 -!- skrm [webchat@pioj.eid3.887x.ip] has joined #tlponies
14:26:33 <DoT|Phone1> skrm
14:26:37 <skrm> dot
14:27:08 <DoT|Phone1> hedge
14:28:19 <skrm> hedge urslef
14:28:25 <skrm> hows your face
14:39:16 <DoT|Phone1> It's doing fine
14:39:17 <DoT|Phone1> you?
14:41:39 <skrm> well it is still attached
14:41:43 <skrm> so cant be too bad, right?
14:43:29 <skrm> whens internets
14:44:00 <DoT|Phone1> soon I hope
14:46:26 <skrm> One of my coworkers is an idiot, DoT|Phone1
14:46:29 -!- Golly [Golly@cm-84.212.249.112.getinternet.no] has joined #tlponies
14:47:13 <skrm> He opened a hatch on a giant filter and dropped about 16 m^3 of toxic flue ash on the goddamn floor
14:48:45 <DoT|Phone1> ...
14:49:14 <DoT|Phone1> did he at least wear a high vis jacket while doing it?
14:49:41 <skrm> helmet too
14:50:03 <DoT|Phone1> good
14:50:10 <skrm> wont stop you from dying because 8 tons of hot ash dropped on your head though
14:51:24 <DoT|Phone1> sure it will
14:51:52 -!- tredc [~tredc@c83-251-171-164.bredband.comhem.se] has joined #tlponies
14:55:08 <skrm> ye no
14:55:35 <DoT|Phone1> but did he die k
14:55:41 <DoT|Phone1> ?*
14:56:19 <skrm> thankfully not
15:05:28 -!- BioPhone [~androirc@12.33.239.117] has joined #tlponies
15:07:09 * skrm slaps BioPhone around a bit with a large fishbot
15:14:16 <BioPhone> Skrm pls
15:14:36 <skrm> come at me bro
15:21:41 -!- BioPhone [~androirc@12.33.239.117] has joined #tlponies
15:32:11 -!- BioPhone [~androirc@12.33.239.117] has joined #tlponies
15:44:47 <CockRoach|42> https://scontent.fmmx1-1.fna.fbcdn.net/v/t1.0-9/44054400_2221394301264431_3081477505454964736_n.jpg?_nc_cat=1&oh=0ac0ebf69dd2708fcd6aebb554a83a5d&oe=5C50737D
15:53:11 -!- BioPhone [~androirc@12.33.239.117] has joined #tlponies
15:53:27 -!- tredc [~tredc@c83-251-171-164.bredband.comhem.se] has joined #tlponies
15:54:45 -!- Rawr|Phone [~AndChat52@m83-185-87-7.cust.tele2.se] has joined #tlponies
15:56:35 -!- Zounds [webchat@cloak-wmbqgxv5.14-2.cable.virginm.net] has joined #tlponies
15:56:46 <Zounds> hi
15:59:25 <Runbunny> Hai.
15:59:40 -!- tredc [~tredc@c83-251-171-164.bredband.comhem.se] has joined #tlponies
16:02:56 -!- BioPhone [~androirc@12.33.239.117] has joined #tlponies
16:11:06 -!- Dot [~quassel@185.69.144.22] has joined #tlponies
16:11:17 <Dot> i home
16:11:26 -!- BioPhone [~androirc@12.33.239.117] has joined #tlponies
16:15:27 -!- BioPhone [~androirc@12.33.239.117] has joined #tlponies
16:27:21 <skrm> welcoem dot
16:32:50 -!- BioPhone [~androirc@12.33.239.117] has joined #tlponies
16:33:32 <Dot> hows work skrm
16:34:23 <BioPhone> Neigh
16:35:57 <Dot> oh look, a bio
16:36:02 <Dot> i hear they sometimes DM dnd
16:45:59 <BioPhone> Ever so rarely
16:56:05 -!- DuB_phone [~AndChat71@128.187.116.25] has joined #tlponies
16:58:18 -!- reification [~reificati@cpc76294-cosh16-2-0-cust297.6-1.cable.virginm.net] has joined #tlponies
17:00:53 <Dot> Duuub
17:01:08 <DuB_phone> Dooot
17:01:13 <reification> i'm back, lets hope things are more stable now
17:01:19 <reification> hello dubbles
17:01:40 <DuB_phone> I caved and got CoD to play with brother and friends lol 
17:01:55 <Dot> why you do this dub
17:02:09 <reification> he is weak dot
17:02:29 <DuB_phone> Weak frail lil pon
17:03:58 <DuB_phone> I haven't had a game to play with them since brother stopped playing OW ages ago
17:04:10 <DuB_phone> And friends only play fortnite...
17:04:12 -!- tredc [~tredc@c83-251-171-164.bredband.comhem.se] has joined #tlponies
17:04:20 <DuB_phone> So this will be nice
17:04:51 <Dot> friends dont play fortnite dub
17:05:41 <DuB_phone> I sure don't 
17:05:52 <Zounds> I don;t think its a game people actually play
17:06:00 <Zounds> ever clip I ever see is just obnoxious sounds and dancing
17:06:23 <skrm> you're showing your age Zounds 
17:07:46 <Zounds> :/
17:08:23 <Zounds> When I was a kid we played age of empires
17:08:36 <reification> https://www.reddit.com/r/CasualUK/comments/9oazgx/bit_of_an_overreaction_from_the_army/
17:10:58 <Zounds> Live feed reaction to baby news...
17:11:03 <Zounds> I'm endlessly amazed
17:11:08 <DuB_phone> Weee
17:20:32 -!- BioPhone [~androirc@12.33.239.117] has joined #tlponies
18:02:37 -!- BioPhone [~androirc@12.33.239.117] has joined #tlponies
18:18:26 <Zounds> so ponners
18:18:29 <Zounds> how's the day going
18:19:34 <Dot> great zounds, and you?
18:22:09 <reification> pretty good ty zounds
18:23:10 <reification> time for monday night pub quiz
18:25:36 <DuB_phone>  Win for us!
18:26:35 <reification> sadly we are one man down, newborn baby takes priority over us D:
18:36:23 <DuB_phone> Preposterous 
18:57:00 -!- Dot [~quassel@185.69.144.22] has joined #tlponies
18:58:25 <Dot> dub
18:59:30 -!- Pearclock [~Phearlock@cm-84.209.250.127.getinternet.no] has joined #tlponies
18:59:48 <Dot> Pearclock <3
18:59:49 <DuB_phone> Dot
19:00:19 <Dot> so is this trip to SF for one of the 2 jobs you hav eheard back about?
19:00:47 <Dot> and are these jobs for once oyu finsh studies or is it more internship stuff?
19:01:12 <DuB_phone> Full time after graduation in the spring 
19:01:19 <Dot> nice!
19:01:33 <DuB_phone> Have heard back from 3/4 now!
19:01:35 <Dot> dub almost qualified :D
19:02:46 <Dot> can you hold all these jobs dub?
19:02:59 -!- tredc [~tredc@c83-251-171-164.bredband.comhem.se] has joined #tlponies
19:03:22 <DuB_phone> The next part is how on earth to decide between SF/LA/NYC and the slightly different types of work each would be...
19:04:32 <DuB_phone> Ach
19:04:44 <Dot> such a tough life of opertunities dub
19:05:37 <Dot> are they all large companies?
19:06:17 <DuB_phone> Ye
19:07:06 <DuB_phone> The Big 4 accounting firms, and the offer still standing offer from the summer internship place
19:12:12 <Dot> fancy
19:12:24 <Dot> you like the ida of working for a big company?
19:13:21 <DuB_phone> Kinda need to in order to do the work I want 
19:14:39 <DuB_phone> If I were to stay in Utah and work for a local firm is have to be an individual/partnerships/small Corp generalist and that sounds yucky
19:14:50 <DuB_phone> I'd have to *
19:15:20 <Dot> even if you end up not liking working in a large company after a while its very good experience
19:15:43 <Dot> to have
19:15:47 <Runbunny> Yo reification. What the hele is going on in this zombieland saga ?!?!
19:16:59 <DuB_phone> Yeah 
19:17:25 -!- tredc [~tredc@c83-251-171-164.bredband.comhem.se] has joined #tlponies
19:17:27 <DuB_phone> Lots of people go Big4 for just a few years to have it on resume and then go to d 
19:17:40 <DuB_phone> Go find something else 
19:54:26 -!- DuB_phone [~AndChat71@ip-66-87-127-151.chynwy.spcsdns.net] has joined #tlponies
20:06:05 <Rawr|Phone> 🐴🐴🐴
20:06:14 <skrm> vrinsk
20:06:16 <Runbunny> Henrik.
20:06:24 <Runbunny> Jonas.
20:06:38 <Rawr|Phone> Anders.
20:06:46 <skrm> Anders.
20:06:48 <skrm> Henrik.
20:06:53 <Rawr|Phone> Jonas.
20:07:54 <Dot> Rawr
20:08:05 <Rawr|Phone> Dot
20:08:16 <Dot> how was your day?
20:08:25 <Rawr|Phone> It has been great
20:08:31 <Rawr|Phone> How about yours?
20:08:37 <Rawr|Phone> Is work still fun?
20:08:57 <Dot> yip, many things to learn
20:10:41 <Rawr|Phone> Good
20:10:45 -!- DuB` [~DuB@66-219-235-226.dynamic.ip.veracitynetworks.com] has joined #tlponies
20:11:14 <Rawr|Phone> DuB` DaB` DoB`
20:12:55 <DuB`> Rar Rur Ror
20:29:56 -!- BioPone [~androirc@mobile-166-176-251-255.mycingular.net] has joined #tlponies
20:34:06 <BioPone> Boys
20:34:23 <DuB`> Pons*
20:35:02 <BioPone> That feel when you can just go get whatever tf you want
20:35:05 <BioPone> Is nice
20:36:27 <DuB`> Spoiled!
20:36:59 <BioPone> I can just buy this switch I'm looking at.
20:37:11 <BioPone> And still have monies
20:37:15 <BioPone> Crazy
20:39:10 <reification> i bak
20:39:30 <reification> bio richpon
20:39:46 <reification> don't go too mad with power
20:40:11 <reification> runbun what part of zombieland is confusing you?
20:41:59 <reification> i did notice that all 3 series i picked up this season got grief for misleading promotion 
20:42:08 <BioPone> Muhahahahah
20:45:50 <Runbunny> Reif more like. What is happening is too crazy.
20:46:13 <reification> yes bun it's good like that
20:48:35 <Runbunny> And I definitely didn't expect it to be that kind of anime.
20:50:31 <reification> have you seen both eps or just the first?
20:50:46 -!- tredc [~tredc@c83-251-171-164.bredband.comhem.se] has joined #tlponies
20:50:48 <DuB`> otaku wa DETE IKE
20:51:53 <reification> rude
20:53:18 <DuB`> ya
20:53:20 <reification> shouldn't you be busy playing CoD dub
20:53:33 <DuB`> Naw, gonna drive home now for steak dinner and laundry doing :P
20:53:42 <DuB`> Gotta go grab my luggage so I can fly around!]
20:54:41 <DuB`off> I expect all you EUfriends to be asleep before I get back or you're in big trouble!
20:56:15 -!- Crisium [~Crisium@c-73-174-151-51.hsd1.pa.comcast.net] has joined #tlponies
20:56:57 <reification> :O
21:00:37 -!- Zounds [webchat@cloak-07ouvien.14-2.cable.virginm.net] has joined #tlponies
21:00:45 <Crisium> zoonds
21:00:51 <Zounds> Crisium
21:02:24 <reification> bio https://www.youtube.com/watch?v=GoZUjxstIZs
21:02:34 <reification> hey zounds
21:03:04 -!- Zounds [webchat@cloak-07ouvien.14-2.cable.virginm.net] has joined #tlponies
21:03:25 <Crisium> zounds do you like protoss or terran
21:04:10 <Zounds> terran
21:04:41 <Crisium> ok watch this game that starts at this time stamp, it shouldnt take up too much of your time https://www.twitch.tv/videos/295427049?t=1h42m00s
21:30:35 -!- tredc [~tredc@c83-251-171-164.bredband.comhem.se] has joined #tlponies
21:34:23 -!- Rawr|Fone [~AndChat52@84-217-62-32.customers.ownit.se] has joined #tlponies
21:40:37 <Runbunny> reification, I have seen both episodes.
21:41:06 <Runbunny> Sorry, I didn't see your reply till now.
21:41:14 <reification> np
21:41:34 <reification> i wonder how long they'll be able to keep up the pace
21:42:21 <Runbunny> Probably all the way through.
21:45:32 -!- BioPone [~androirc@97.70.181.149] has joined #tlponies
21:51:01 -!- BioPone [~androirc@97.70.181.149] has joined #tlponies
21:59:50 -!- BioPone [~androirc@97.70.181.149] has joined #tlponies
22:00:32 -!- Camail [~Camail@45.40.84.145] has joined #tlponies
22:00:33 -!- mode/#tlponies [+v Camail] by Q
22:01:23 -!- Bio [~BioPon@97.70.181.149] has joined #tlponies
22:01:56 <Bio> i did not end up buying that switch boys
22:02:03 <Bio> i am resillient
22:03:50 <Zounds> sorry Crisium I find it difficult to sit through an entire sc match now
22:04:02 <Crisium> oh its less than 7 mins
22:04:18 <Zounds> I saw the first game with the 7 kill probe
22:04:25 <Zounds> was there something in particular you wanted me to see?
22:04:25 <Crisium> yeah thats all i wanted to show you lol
22:04:29 <Zounds> oh haha
22:04:37 <Crisium> just how badly terran can get bullied
22:04:42 <reification> probes are scary
22:04:59 <Zounds> Yeah well he fucked his scv shield for his marines
22:05:02 <Crisium> theres another good 30 second highlight from another game
22:05:03 <Zounds> kinda had it coming
22:05:12 <Bio> beep boop mother fucker
22:06:05 <Crisium> another good terran beating here https://www.twitch.tv/videos/295427049?t=2h43m40s
22:06:06 <Zounds> I cannot into esports of any kind these days
22:07:47 -!- skram [~skram@82.147.53.97] has joined #tlponies
22:08:35 <Zounds> wanna do any of the overwatching cris
22:08:39 <Zounds> or are you a retired pro now
22:08:42 <Crisium> lol
22:08:46 <skram> grandmaster cris*
22:08:48 <Crisium> i want to do deathmatch again
22:08:54 <Crisium> but we need a good group
22:09:03 <Zounds> you don't want to 1v1 me bro?
22:09:16 <Crisium> get skram and we have a mexican standoff
22:09:23 <Zounds> if he's up for it
22:09:44 <Zounds> his brain has rotted thanks to mindless diablo though most likely
22:09:46 <Zounds> ;)
22:09:57 <Crisium> point and click adventures too mind rotting
22:09:58 <skram> he eatin but he'd be up for some qp or whatever
22:10:05 <Zounds> qp you say
22:10:18 <Zounds> make cris's grandmaster games look like babies first wood league
22:10:19 <Crisium> QP against T500 6 stacks
22:11:28 <skram> ez
22:12:54 <Zounds> pz
22:13:20 <Zounds> I do have a newbie friend I wonder if he would drag it down a bit
22:13:29 <Crisium> we already know thats not true
22:13:30 <Zounds> or if he was just be slaughtered mercilessly
22:13:42 <Zounds> Aye, we do =(
22:14:05 <Crisium> Silver + Plat + Plat + Diamond + Masters + Masters = 3 GMS + 1 Master + 1 Diamond + 1 hidden profile
22:14:08 <Crisium> that literally happened
22:17:11 <Camail> skram i finished the seasonal stuff
22:17:26 <Camail> the setless 45 grift was probably the most fun part of it
22:17:26 <Zounds> camail
22:17:28 -!- tredc [~tredc@c83-251-171-164.bredband.comhem.se] has joined #tlponies
22:17:30 <Zounds> join for some overwatch customs!
22:17:32 <Zounds> we need more people
22:17:42 <Camail> i would have to download it, also no thanks
22:17:48 <Camail> very much not my game
22:17:56 <Zounds> Fair enough
22:18:13 <Zounds> Spilling pon blood makes up for a lot but I get ya
22:18:18 <Crisium> just do mccree only death match
22:18:22 <Crisium> no abilities
22:18:30 <Crisium> its like desert eagle
22:18:41 <Zounds> Less satisfying sound though :(
22:18:51 <Runbunny> no items, fox only, final destination.
22:18:58 <Crisium> the way OW was meant to be played
22:19:09 <Crisium> torb only, turrets only
22:19:57 <Zounds> Is it possible to DM in CSGO with no teams what so ever
22:20:04 <Zounds> I'd do that
22:20:34 <Zounds> I'm happy to click on or near pons in any game
22:20:36 <Crisium> well we could quake could we not?
22:20:47 <Crisium> i havent quaked in months, id be up for it
22:20:50 <Runbunny> I think there are custom servers that does that.
22:31:47 <Zounds> blargh I should open steam more than once a month
22:31:53 <Zounds> always so much stuff to update
22:32:01 <Crisium> yeah im downloading a 3gb update
22:32:03 <Zounds> Or I suppose I could just uninstall a ton of stuff heh
22:35:20 -!- BioPone [~androirc@97.70.181.149] has joined #tlponies
22:59:13 <Camail> oh, he's gone
22:59:29 <Camail> because there are ffa dms on community servers
23:09:18 <Runbunny> Yeeeeeeeh
23:09:21 <Runbunny> I was right
23:09:25 <Runbunny> Anyhoo sleep for me.
23:09:28 <Runbunny> Goodnight.
23:28:05 <Camail> .tell dub` hey if you power level my monk we could do some duo rift progress like real boys
23:47:21 -!- Rawr|Fone [~AndChat52@84-217-62-32.customers.ownit.se] has joined #tlponies
