00:06:24 <Crisium> nn dot
00:24:18 <Camail> skram DuB`  dauntless?
00:26:03 <skram> i can go for an hour or so
00:26:05 <skram> is a bit late
00:28:52 <Camail> true
00:29:19 <Camail> rub a dub dub you wanna fuck up some isolationist, non-violent animals?
00:29:27 * skram slaps DuB` around a bit with a large trout
00:35:18 <Camail> is he afk
00:35:34 <Camail> what a fuc
00:35:58 <skram> fuckin rude
01:47:40 <Camail> https://www.twitch.tv/geekandsundry
01:47:45 <Camail> dub scared away skram
01:47:50 <Camail> we must report this to the police
02:02:27 <Bio> i had a dinner
02:03:37 <Crisium> did u eat horse
02:04:19 <Bio> chicken
02:04:23 <Bio> close enough
02:13:45 -!- DoB` [~DuB@c-73-170-224-203.hsd1.ca.comcast.net] has joined #tlponies
02:15:43 -!- DuB` [~DuB@c-73-170-224-203.hsd1.ca.comcast.net] has joined #tlponies
02:18:19 <DuB`> O sorry Camail, didn't have pings set up yet
02:18:27 <Camail> BAN HIM
02:41:22 <Bio> travis was a swimmer
02:41:28 <Bio> he looks like a freestyler
02:41:32 <Bio> knew i liked him
05:07:55 -!- Golly [~Golly@1.92-221-121.customer.lyse.net] has joined #tlponies
05:32:22 -!- Rawr|Fone [~AndChat52@84-217-62-32.customers.ownit.se] has joined #tlponies
06:13:12 -!- Dot` [~quassel@90.205.76.24] has joined #tlponies
07:19:16 -!- Dot [~quassel@90.205.76.24] has joined #tlponies
07:51:32 -!- Phearlock_ [~Phearlock@cm-84.209.250.127.getinternet.no] has joined #tlponies
07:51:32 -!- mode/#tlponies [+v Phearlock_] by Q
08:08:57 <Rawr|Fone> 🐴🐴🐴
08:12:27 -!- Rawr|Phone [~AndChat52@m83-185-90-56.cust.tele2.se] has joined #tlponies
08:21:27 <Dot> Mornign all 
08:22:42 <Rawr|Phone> Dot Dot Dot
08:24:36 <Dot> Rawr rawr rawr
08:24:37 <Dot> <3
08:24:43 <Rawr|Phone> <3
08:25:39 <Dot> how are you today rawr
08:25:51 <Rawr|Phone> Gooood
08:26:30 <Rawr|Phone> About to get my hair cut
08:27:46 <Dot> i need to get that done too soon
08:28:45 <Rawr|Phone> Pls dot
08:28:57 <Dot> what rawr
08:29:19 <Rawr|Phone> Plssss
08:36:09 <CockRoach|42> hors hors
08:41:42 <Dot> rawr you pls
08:41:45 <Dot> hey cr
08:42:42 <CockRoach|42> pls be less rude
08:49:11 <Dot> .tell cane https://www.reddit.com/r/dwarffortress/comments/8pm8k1/using_cbt_to_treat_depressed_dwarves/
08:52:56 -!- reification [~reificati@cpc76294-cosh16-2-0-cust297.6-1.cable.virginm.net] has joined #tlponies
08:52:56 -!- mode/#tlponies [+v reification] by Q
08:53:13 <Dot> hey reif <3
08:53:26 <reification> hi dotties
08:53:31 <reification> <3
08:53:40 <reification> this mean internet has returned :D
08:54:53 <reification> .tell runbunny https://pbs.twimg.com/media/DffZiIUV4AAQZjO.jpg
09:11:53 <reification> .tell bio https://twitter.com/kanyewest/status/1006680756779798528
09:18:41 <DuB`> G'morn reif 'n dot!
09:23:49 <Dot> DUUUUB
09:23:56 <Dot> your sleep patterns is pretty screwed
09:25:19 <DuB`> Only 2am! :P
09:25:48 <DuB`> There were so many blue dudes and red guys to shoot!
09:25:52 <DuB`> And warframe sorties to do
09:28:02 <DuB`> dauntles tomoro
