00:02:11 <skram> good cheese?
00:02:55 <Dot> yea, one was a chillie and lime, good stuff
00:06:33 <carcinisation> night all
00:06:51 <skram> lime cheese sounds weird dot
00:06:59 <Dot> gnight reif!
00:07:06 <Dot> i agree skram, but it tasted great
00:15:23 <Crisium> "Fixed a bug that caused Moiras Fade visual effects to indicate the direction she was traveling in when she used the ability"
00:15:28 <Crisium> so, a straight up, buff
00:15:33 <Crisium> disguised as bug fix
00:15:51 <Crisium> thought it was supposed to be like Sombra where you can tell
00:20:06 <Bio> pan
00:29:03 <Camail> DuB`  fite?
00:33:28 <Dot> yea dub
00:36:13 <Bio> yea dub
00:41:30 <DuB`> O sorry was still OW
00:41:34 <DuB`> Now foods
00:46:29 <Camail> fite after food
01:10:01 <Camail> cmoooon dub
01:26:11 -!- BioPon [~androirc@108-72-8-181.lightspeed.stlsmo.sbcglobal.net] has joined #tlponies
01:50:53 -!- Micen|Droid [~Micen@h125.227.130.174.dynamic.ip.windstream.net] has joined #tlponies
01:51:04 <Micen|Droid> https://jadedjynx.deviantart.com/art/Twimage-586676707
01:59:11 <DuB`> Oof, sorry
01:59:37 <DuB`> Was cooking and got roped into cleaning
01:59:44 <DuB`> Still fite Camail?
02:00:09 <Camail> i am still here
02:00:27 <Camail> finding set ups isn't quite as fun as skullgirls but I'm kinda figuring it out
02:01:33 <Camail> I'm in official 5
02:17:12 <Bio> micen
02:17:26 <Bio> i just had a 10 mil icelance on the argus adds
02:25:42 -!- BioPon [~androirc@108-72-8-181.lightspeed.stlsmo.sbcglobal.net] has joined #tlponies
02:46:37 <Camail> 2 more
02:51:24 <DuB`> enuf o that
02:55:23 <Camail> sonicfox plays velvet, i think he has some vods on twitch
02:57:05 <Camail> then i got possibly the most laggy person in history
03:00:34 <Camail> you pushblocked and stuff, its just about learning how to use her zoning moves
03:01:11 <Camail> something she has is holding her crystal missile thing for when you get caught in a block string
03:01:29 <Camail> if it's angled properly i cant really pressure you up in your face if you just block and then let it go
03:03:36 <Camail> should try entering a lobby and playing randoms
04:21:02 <DuB`> .tell Dot https://www.youtube.com/watch?v=kJ1BKaoEay4
05:30:27 -!- Rawr|Fone [~AndChat52@84-217-62-32.customers.ownit.se] has joined #tlponies
06:01:21 -!- Rawr|Phone [~AndChat52@m83-185-95-42.cust.tele2.se] has joined #tlponies
06:03:00 -!- Rawr|Phone [~AndChat52@84-217-62-32.customers.ownit.se] has joined #tlponies
06:03:44 -!- Golly [~Golly@1.92-221-121.customer.lyse.net] has joined #tlponies
06:18:53 -!- Rawr|Fone [~AndChat52@m83-185-95-42.cust.tele2.se] has joined #tlponies
07:26:23 -!- Dot` [~quassel@94.3.39.48] has joined #tlponies
08:04:16 -!- Dot [~quassel@94.3.39.48] has joined #tlponies
08:05:55 <Dot> mornign pons
08:12:36 <Dot> .tell zounds https://glitterstar2000.deviantart.com/art/Applejack-and-Applebloom-736282784
08:22:42 -!- Rawr|Phone [~AndChat52@89.255.242.40] has joined #tlponies
08:23:06 <Rawr|Phone> Dot dot dot
08:23:17 <Dot> rawr rawr rawr <3
08:26:33 <Rawr|Phone> <3
08:34:56 <Dot> hows you today rawr
08:35:08 <Rawr|Phone> Gooooood
08:35:12 <Rawr|Phone> How are you dot
08:36:18 <Dot> im doing ok rawr
08:36:57 <Rawr|Phone> Sounds nice
08:41:56 <CockRoach|42> hors hors
08:42:09 <Dot> cr hest!
09:01:05 <CockRoach|42> dot!
10:59:29 -!- BioSC [~BioPon@108.72.8.181] has joined #tlponies
11:11:45 -!- tredc [~AdiIRC@83.251.161.94] has joined #tlponies
12:05:07 <Dot> pons
12:23:53 -!- Zounds [webchat@cpc108453-cowc8-2-0-cust8.14-2.cable.virginm.net] has joined #tlponies
12:24:07 <Zounds> hi
12:31:22 -!- skram [~skram@95.169.45.169] has joined #tlponies
12:41:16 <Zounds> muh skram
12:41:24 <Rawr|Phone> Zoonds
12:41:26 <Rawr|Phone> Jonas
12:41:30 <skram> m'zoons
12:41:36 <skram> henrik gamle ørn
12:43:32 <Rawr|Phone> How is the jonas feeling today?
12:44:10 <skram> pretty well so far
12:44:14 <skram> how about mr henrik
12:44:40 <Rawr|Phone> Very gooooood
12:44:44 <Rawr|Phone> At work
13:06:46 -!- Dot` [~quassel@94.3.39.48] has joined #tlponies
13:51:30 <Zounds> I enjoyed the apple sisters you linked me dot`
13:51:51 -!- tredc [~AdiIRC@83.251.161.94] has joined #tlponies
14:18:25 <Dot`> Zounds!
14:18:29 <Dot`> thats good
14:41:51 -!- reification [~reificati@cpc76294-cosh16-2-0-cust297.6-1.cable.virginm.net] has joined #tlponies
14:41:51 -!- mode/#tlponies [+v reification] by Q
15:02:27 <Zounds> hi reif
15:03:10 <reification> hey zounders
15:28:14 -!- Rawr|Fone [~AndChat52@m83-185-83-54.cust.tele2.se] has joined #tlponies
15:28:44 -!- Rawr|Fone [~AndChat52@89.255.242.40] has joined #tlponies
15:30:10 -!- Micen|Droid_ [~Micen@99-203-5-75.pools.spcsdns.net] has joined #tlponies
15:30:35 -!- Rawr|Phone [~AndChat52@m83-185-83-54.cust.tele2.se] has joined #tlponies
15:33:19 -!- Micen|Droid [~Micen@h125.227.130.174.dynamic.ip.windstream.net] has joined #tlponies
15:45:16 -!- Dot [~quassel@94.3.39.48] has joined #tlponies
15:50:04 <Bio> hemnlo
15:51:11 <Phearlock> hai
15:51:43 -!- tredc [~AdiIRC@83.251.161.94] has joined #tlponies
15:52:45 <Dot> hey pons, back again
15:56:51 <Rawr|Phone> Dot dot dot
15:59:47 <Dot> rawr rawr rawr
15:59:48 <Dot> <3
16:01:02 -!- DoT|Phone [~Dot@94.3.39.48] has joined #tlponies
16:01:13 <Rawr|Phone> <3
16:01:28 <DoT|Phone> how's you
16:02:58 <Rawr|Phone> Gooooood 
16:03:09 <Rawr|Phone> About to go to table tennis practice
16:03:19 <DoT|Phone> yay a
16:03:20 <Rawr|Phone> How is your day going dot
16:03:21 <DoT|Phone> !
16:03:38 <DoT|Phone> good Rawr. just got back from lunch
16:13:55 -!- Rawr|Fone [~AndChat52@84-217-62-32.customers.ownit.se] has joined #tlponies
16:21:27 <Bio> ponyponyony
16:24:47 <Phearlock> https://derpicdn.net/img/view/2018/3/21/1686742.jpeg poni?
16:27:43 <Rawr|Fone> That seems like a late lunch dot
16:32:00 <DoT|Phone> it was a bit Rawr
16:34:12 -!- Runbunny [~Runbunny@91.100.28.10.generic-hostname.arrownet.dk] has joined #tlponies
16:34:18 <Dot> runbun!
16:34:52 -!- DoT|Phone1 [~Dot@94.3.39.48] has joined #tlponies
16:42:59 -!- Rawr|Phone [~AndChat52@m83-185-83-54.cust.tele2.se] has joined #tlponies
16:48:13 <Dot> https://www.twitch.tv/ogaminginter
17:24:14 -!- Zounds [webchat@cpc108453-cowc8-2-0-cust8.14-2.cable.virginm.net] has joined #tlponies
17:35:50 <Runbunny> Oh hai
17:36:03 <Runbunny> I logged on IRC and then went to cook dinner.
17:41:11 -!- DuB` [~DuB@66-219-235-64.dynamic.ip.veracitynetworks.com] has joined #tlponies
17:41:16 <DuB`> wha
17:41:28 <DuB`> Why does it feel like undersleeping and oversleeping have the exact same effect? T_T
17:42:14 <Bio> need more covfefe
17:42:24 <DuB`> hot cocoa?
17:42:27 <DuB`> Mmmmm
17:42:30 <Bio> also something something rem cycles
18:02:43 <Zounds> Was it delicious runbunny
18:03:46 <reification> runbun https://twitter.com/animalculum/status/976428489040711685
18:06:24 <DuB`> Hehe
18:07:03 <Dot> dub dub
18:07:11 <DuB`> dot dot
18:11:05 <DuB`> wat do
18:11:07 <DuB`> do play?
18:12:58 <reification> oh i got paid for open division season 1
18:13:19 <reification> a whole £7.20 esports monies!
18:13:24 <DuB`> Yay!
18:13:35 <Bio> literally professional esporter
18:13:41 <DuB`> Do you get to be on https://www.esportsearnings.com/ list?
18:13:44 <DuB`> :P
18:14:24 <Bio> Recent Player Earnings: Riefication = 7.20
18:14:36 <Zounds> That's a good few steak bakes from greggs
18:14:40 <Zounds> nice
18:15:17 <DuB`> Now to launder your dirty esports money through lootboxes
18:16:34 <reification> well starcraft remastered is on sale
18:16:58 -!- tredc [~AdiIRC@c83-251-161-94.bredband.comhem.se] has joined #tlponies
18:19:47 <DuB`> Hmm
18:20:01 <DuB`> Anyone pley or do I go do new warframestuff?
18:20:50 <Bio> dub
18:20:51 <Bio> PLS
18:21:02 <DuB`> ??
18:23:56 <Zounds> I will play a bit later dub
18:24:05 <Zounds> go play with your robot suits for now
18:24:13 <Bio> i can plej after talking to this intel person today
18:34:30 <Runbunny> Neat Reif!
18:49:57 -!- Zounds [webchat@cpc108453-cowc8-2-0-cust8.14-2.cable.virginm.net] has joined #tlponies
18:56:55 <Bio> oh bby
18:57:16 <Bio> the hr lady at intel is gonna move my resume around
18:57:19 <Bio> thats yuuuge
19:20:56 <Golly> very nice
19:25:10 <Zounds> do you wanna do the shoots now dub?
19:27:55 <Runbunny> btw Zounds my food was very delicious.
19:28:08 <DuB`> I want to shoot so many things.
19:28:09 <Runbunny> just buy a spice mix and some meat and veggies.
19:28:16 <Runbunny> How many things?
19:28:37 <DuB`> Hopefully a majority of the things.
19:28:45 <DuB`> Regardless of how many things there are.
19:30:12 -!- Golly [~Golly@1.92-221-121.customer.lyse.net] has joined #tlponies
19:30:16 <Zounds> yes
19:30:26 <Zounds> I share that desire
19:30:35 <DuB`> Anyone else? 
19:30:36 <DuB`> EU?
19:31:05 <Zounds> skram: Bio Micen|Droid reification
19:31:11 <Zounds> Overwatch?
19:31:18 <Zounds> EU or NA no skin off my scrote
19:31:27 <DuB`> wha
19:31:43 <Zounds> I don't mind which region
19:33:01 <Zounds> NA excuses my badness somewhat
19:33:20 <Zounds> EU means I don't get hit by so many firestrikes
19:34:48 <DuB`> Everbody else so quiet :T
19:34:55 <Bio> onypony
19:35:18 <Zounds> yes
19:35:24 <reification> not atm zounds
19:35:51 <Zounds> I could call micen on discord
19:35:54 <Zounds> maybe he'll pick up
19:35:55 <Bio> i will mace/face
19:38:15 <Zounds> good
19:38:17 <Zounds> what about that skram guy
19:38:34 <Zounds> could use some europeans around here
19:39:02 <Bio> ponypony
19:39:10 <DuB`> Gotta dilute the FREEDOM n' HAMBURGERS concentration
19:39:32 <Bio> NEVER
19:41:59 <DuB`> There's also that Dot who keeps saying "later".
19:42:48 <skram> what a lad
19:43:40 <Zounds> I capped a base in our guild name in planetside 2 earlier runbun
19:43:47 <Zounds> we lost it 10 mins later but it was a proud 10 mins
20:01:39 <Golly> that game is a pound your head against a wall simulator
20:03:03 <Zounds> It can be depending on what you're doing
20:03:16 <Zounds> I prefer it as a genocide simulator
20:05:50 <Dot> duuub pls
20:06:24 <skram> calm down dot
20:07:56 <Dot> nu
20:08:35 <Zounds> skram come ow
20:08:40 <Zounds> or tell me to stop asking
20:08:42 <Zounds> either is fine
20:15:12 <skram> im off to work in a lil bit zounds
20:16:12 <Zounds> aw ok
20:21:39 -!- Camail [~Camail@45.40.84.145] has joined #tlponies
20:21:40 -!- mode/#tlponies [+v Camail] by Q
20:29:05 <Runbunny> That's the spirit Zounds!
20:29:18 <Runbunny> Sorry, I am a bit distracted from playing CS atm :/
20:38:37 <Zounds> shoot 'em dead
20:57:59 -!- Crisium [~Crisium@24.3.158.64] has joined #tlponies
20:59:00 <Crisium> howdy
21:05:52 <Rawr|Phone> Howdy
21:13:06 <Zounds> sugarsphere
21:58:03 -!- Rawr|Fone [~AndChat52@84-217-62-32.customers.ownit.se] has joined #tlponies
22:09:45 <Zounds> ow stack going atm Camail 
22:09:51 <Zounds> DuB`: Crisium and I right now
23:13:54 -!- skrm [webchat@185.7.220.32] has joined #tlponies
23:14:02 <skrm> b utts
23:18:26 <Zounds> ponbutts :)
23:20:22 <Zounds> Celestia top tier ponbutt
23:21:11 <Zounds> 4 out of 5 phearlock s agree
23:40:34 <reification> what does the other phear say?!
23:42:18 <Zounds> "What a weird question to ask? are you a pervert?"
23:55:46 <Runbunny> Dang.
23:55:50 <Runbunny> That's rough.
23:57:29 <Dot> horses
23:57:31 <Dot> hows all
23:58:26 <Crisium> pon
23:58:32 <Dot> pon
23:58:35 <Dot> dub https://imgur.com/gallery/3SYmo2h
23:58:39 <Micen|Droid> Pon
23:59:03 <DuB`> hehe
