00:39:40 -!- Rawr|Fone [~AndChat52@84-217-62-32.customers.ownit.se] has joined #tlponies
01:00:38 <Runbunny> DoT|Phone, https://i.imgur.com/ZM5nmRj.mp4
01:08:03 <carcinization> night all
01:09:00 <DuB`> nn!
01:22:58 <Camail> dub you should slay some spires
01:23:02 <Camail> is good for your brain
01:23:53 <Camail> ok they are doing a daily cycle that looks like garbage
01:33:03 <Bio> streaming is fun
01:33:08 <Bio> i really ought to do it more
01:33:11 <Bio> alas
01:33:16 <BioSleep> nnnnnnnnnnnnnnn
01:55:23 <Runbunny> fuck I need to sleep
03:57:04 <Cane> If anyone listens to liquid DnB send me some tracks already. <3
04:51:39 -!- skram [~skram@82.147.53.97] has joined #tlponies
05:31:15 -!- Rawr|Fone [~AndChat52@84-217-62-32.customers.ownit.se] has joined #tlponies
05:46:41 -!- Golly [Golly@cm-84.212.249.112.getinternet.no] has joined #tlponies
06:10:41 -!- Rawr|Fone [~AndChat52@84-217-62-32.customers.ownit.se] has joined #tlponies
07:11:32 <DoT|Phone> morning all
07:15:12 <Golly> mørnings
07:16:05 <DoT|Phone> hey Golly!
07:26:46 <Golly> I finished thronebreaker, now existence is meaningless again
07:38:51 <DoT|Phone> such is life
07:55:54 -!- Rawr|Fone [~AndChat52@84-217-62-32.customers.ownit.se] has joined #tlponies
08:21:22 <DoT|Phone> Rawr Rawr Rawr
08:29:45 <Rawr|Fone> Dot Dot Dot
08:29:49 <Rawr|Fone> 💖💖💖
08:31:53 <DoT|Phone> 💖💖💖
08:32:11 <DoT|Phone> another day of gym and pong ping?
08:39:43 -!- Rawr|Phone [~AndChat52@m83-185-82-92.cust.tele2.se] has joined #tlponies
10:43:12 <Rawr|Phone> Yes dot
10:43:20 <Rawr|Phone> Just got done at the gym
10:43:49 <DoT|Phone> do you even lift Rawr?
10:44:56 <Rawr|Phone> I try my best
10:56:14 -!- Rawr|Fone [~AndChat52@host-90-232-177-108.mobileonline.telia.com] has joined #tlponies
11:14:12 <DoT|Phone> good Rawr
11:23:52 -!- DoT|Phone1 [~Dot@85.255.234.164] has joined #tlponies
11:38:33 -!- tredc [~tredc@c83-251-162-37.bredband.comhem.se] has joined #tlponies
11:49:45 -!- Rawr|Fone [~AndChat52@m83-185-82-92.cust.tele2.se] has joined #tlponies
11:54:16 -!- Rawr|Phone [~AndChat52@host-90-232-121-148.mobileonline.telia.com] has joined #tlponies
12:09:00 -!- Rawr|Fone [~AndChat52@host-90-232-121-148.mobileonline.telia.com] has joined #tlponies
12:18:13 -!- Rawr|Phone [~AndChat52@m83-185-82-92.cust.tele2.se] has joined #tlponies
12:31:36 -!- Rawr|Fone [~AndChat52@84-217-62-32.customers.ownit.se] has joined #tlponies
13:10:59 <DoT|Phone1> pon pon
13:36:38 <CockRoach|42> hors hors
13:37:22 <DoT|Phone1> I'm so tried since lunch
13:37:34 <DoT|Phone1> need a nap
13:38:58 <CockRoach|42> pls dot
13:40:04 <DoT|Phone1> why
13:40:49 <CockRoach|42> so lazy
13:41:34 <DoT|Phone1> but I'm working hard
14:06:45 <Rawr|Fone> You can be lazy and be working hard at the same time
14:23:29 -!- reification [~reificati@cpc76294-cosh16-2-0-cust297.6-1.cable.virginm.net] has joined #tlponies
14:29:03 <reification> afternoon tlp
15:12:54 <reification> .tell zounds scotland.txt https://www.reddit.com/r/LegalAdviceUK/comments/9spmav/kicked_a_dwarf/
15:21:14 <DoT|Phone1> Rawr snela
15:21:18 <DoT|Phone1> hey reef
15:21:46 -!- skram [~skram@82.147.53.97] has joined #tlponies
15:34:30 -!- carcinization [~reificati@cpc76294-cosh16-2-0-cust297.6-1.cable.virginm.net] has joined #tlponies
15:45:03 -!- Rawr|Phone [~AndChat52@m83-185-90-161.cust.tele2.se] has joined #tlponies
15:48:14 -!- Runbunny [~Runbunny@91.100.28.10.generic-hostname.arrownet.dk] has joined #tlponies
16:14:58 <DoT|Phone1> how's the horses
16:15:33 <DoT|Phone1> Skram!
16:30:22 -!- DuB` [~DuB@66-219-235-226.dynamic.ip.veracitynetworks.com] has joined #tlponies
16:31:06 <DuB`> morn
16:35:16 <DoT|Phone1> dub!
16:35:27 <DuB`> dot!
16:36:17 <DoT|Phone1> ah! battery!
16:36:27 <DuB`> Ach!
17:09:04 -!- Zoonds [webchat@cloak-wmbqgxv5.14-2.cable.virginm.net] has joined #tlponies
17:09:10 <Zoonds> hors
17:09:16 <DuB`> zunds
17:09:20 <DuB`> Dot 'sploded
17:09:43 <DuB`> He was a phone and went kaput
17:10:09 <Zoonds> hm
17:10:55 -!- Dot [~quassel@85.255.237.125] has joined #tlponies
17:11:01 <DuB`> o he survived
17:11:33 <Dot> i back
17:12:21 <Zoonds> hi Dot 
17:12:29 <Zoonds> how's the cheeki and the breeki
17:12:38 <Dot> still no internet
17:13:01 <Zoonds> why live
17:13:43 <Dot> suffering
17:13:53 <carcinization> but if there is no internet how is dot talking to us?
17:14:16 <carcinization> must be a spooky ghost!
17:14:50 <Zoonds> Would be the day for it I guess
17:15:00 <DuB`> ooooooOOOooOOoo
17:19:11 -!- ZK_ [webchat@cloak-w7qj1h0m.adsl.xs4all.nl] has joined #tlponies
17:19:38 <Dot> .roll d20 to boop zk
17:19:46 <ZK_> .roll d20 to boop Dot 
17:19:53 <ZK_> hi dottoes
17:19:54 <ZK_> how you
17:21:09 <Dot> well enough
17:21:10 <Dot> you?
17:23:36 <ZK_> pretty good
17:23:44 <ZK_> have theater tonight
17:23:53 <Dot> gl!
17:23:58 <ZK_> we been practicing for a month, still havent gotten our roles
17:24:05 <ZK_> but i think i get a side character
17:29:59 <DuB`off> Back in an hour or so!
17:30:09 <Dot> later dub
17:30:14 <ZK_> bye dubb
17:30:23 <Dot> sounds good zk, are the oher ppl in the group as new as you?
17:31:21 <ZK_> we are all expats, but one is an actress, another is an aspiring actor who takes a lot of classes, and a few others have done lots of theater stuff
17:31:36 <ZK_> ive done some improv, so got that :P
17:31:57 <ZK_> thought i was good, but last time director told me that i act too much
17:32:07 <ZK_> blehhhh, it's hard!
17:36:48 <Dot> lol
17:57:03 <Dot> Rawr Rawr Rawr
17:57:27 <Dot> zk, next dnd i epxect far more from your RP :P
17:58:54 <ZK_> now that im an actor? :o
17:58:55 <ZK_> with training?
17:59:05 <Dot> exactly
17:59:09 <Dot> very professional
17:59:13 <ZK_> improv stuff will help a lot too
17:59:19 <ZK_> cause i already improv my games a lot :P
18:01:39 <ZK_> so in sc2, ive been opening stargate in all matchups lately
18:01:41 <ZK_> its hard, but a lot of fun
18:01:54 <Dot> rottu builds?
18:01:59 <Dot> rotti*
18:02:35 <ZK_> na, zest and trap mostly :P
18:02:45 <ZK_> i like my warpgate :P
18:04:53 <Dot> when is HSC?
18:04:57 <Dot> thats getting closer
18:05:46 <ZK_> november 22!
18:05:50 <ZK_> 3 weeks from now
18:05:53 <ZK_> blizzcon this weekend too
18:06:03 <ZK_> but ill be in greece and gonna miss it :(
18:20:21 -!- Camail [~Camail@45.40.84.145] has joined #tlponies
18:20:21 -!- mode/#tlponies [+v Camail] by Q
18:23:21 <Dot> zk leaves and cam shows up. coincidence??
18:23:27 <Camail> no
18:31:53 <DuB`> ZK leaves and dub gets back, also not coincidence.
18:32:14 <DuB`> oi
18:32:19 <DuB`> Hardstyle is TOO POWERFUL
18:32:30 <DuB`> I'mma end up killing myself by trying to exercise to that music
18:32:44 <DuB`> "music"
18:34:09 <carcinization> or maybe you become one punch man?
18:34:26 <DuB`> Good plan
18:34:40 <DuB`> Welp, I'm already done with everything for the day and ready to play anything ;D
18:40:46 <carcinization> runbun https://pbs.twimg.com/media/Dq2PIcqUwAEdMH6.png
19:00:06 <Runbunny> Me?
19:00:21 <Runbunny> oh neat.
19:05:16 <DuB`> Yes that is a picture of runbunny.
19:05:34 <Zoonds> I kinda wanna OW some more later
19:05:42 <Zoonds> Feel like getting my McCree on
19:08:33 <Zoonds> Back in a bit men of the horse
19:10:49 <carcinization> seems appropriate that fallout76 has a bug where it nukes itself :D
19:18:42 <Dot> its not a bug its a feature
19:43:31 <skram> dot pal
19:44:00 <Dot> Skram friend
19:44:32 <skram> whats up with your face today
19:45:49 <Dot> not much
19:45:58 <Dot> have a traning course the next 2 days
19:46:04 <Dot> the standard one so i can go to sites
19:46:10 <Dot> probably very boring
19:46:33 <skram> did you get your helmet yet
19:49:34 <Dot> nope
19:49:39 <Dot> but work will buy it when i do
19:52:45 <skram> what color
19:54:20 <Dot> probably white
20:01:01 <skram> well you're the newbie so yours will probably be pink
20:01:10 <skram> or is hazing not a thing in englando
20:01:47 <Dot> i have yet to be hazed, but this friday we are going out to mini golf as a team, so will see what happens
20:02:18 <Dot> mini golf place that serves you cocktails while you play apparently
20:02:24 <Dot> i would like to be home with internet
20:02:24 <DuB`> fun
20:02:44 <skram> In apprenticeship businesses theres usually a sort of hierarchy you know
20:02:52 <skram> at least where i went
20:04:32 <Dot> im no apprentice skram!
20:04:52 <skram> right
20:05:26 <skram> oh yeah you had apprenticeship offers but you just put on your big lad pants and skipped all that didnt ya
20:05:36 <Dot> i did!
20:05:51 <Dot> also i have been keeping an eye out for hazing, nothing yet, im very suspicious
20:06:02 <DuB`> <_<
20:06:03 <DuB`> >_>
20:06:36 <skram> I need to plan a prank on one of my coworkers
20:06:43 <skram> its revenge
20:06:56 <skram> he wrote a joke on my helmet, whats the appropriate amount of escalation?
20:07:02 <Dot> salt in the sugur
20:07:27 <skram> or sugar in the salt
20:09:53 <Runbunny> crumble his cookies.
20:10:18 <skram> you guys are bad at this
20:10:32 <Dot> the good old windows upsidown screen? with screenshot of correct way up set as background
20:11:34 <skram> what if i fill his locker with packing peanuts
20:12:01 <Dot> or snakes
20:12:16 <skram> can you buy snakes on amazon
20:12:21 <Dot> probably
20:12:33 <Dot> also i will be sending your choclate this weekend skram
20:12:47 <skram> coolio
20:12:48 <Dot> i went to talk to them last saturday and forgot post office is closed on sunday
20:13:04 <skram> did you get it sorted legally or did you have to use your underground contacts again
20:13:21 <Dot> i went and asked them and had them check
20:13:30 <Dot> explained the choclate was milkless
20:14:31 <skram> Even if it wasnt, the norwegian Health Authorities say dairy from EEA is fine
20:14:33 <skram> its weird
20:14:38 <skram> we're probably gonna go to jail
20:14:43 <skram> ill try to get you extradited
20:14:48 <DuB`> :D
20:14:49 <Runbunny> Well Jonas. I usually don't bully people.
20:15:01 <Runbunny> anti bully ranger transform and all that.
20:15:15 <skram> its not bullying
20:15:19 <skram> it was funny
20:15:47 <Runbunny> bully!
20:15:58 <skram> im the one being bullied then???
20:16:17 <skram> you should be proud of me for standing up for myself
20:17:06 <Runbunny> What did that other guy write on your helmet?
20:17:27 <Runbunny> It was probably "Jonas" or something.
20:17:45 <skram> something about Jazz
20:18:03 <skram> out of context it doesnt sound bad, but i assure you my honor has been besmirched
20:18:14 <Runbunny> The harlot!
20:20:35 <skram> See, Anders gets it.
20:20:53 <skram> I practiced my danish again today Anders, im like 40% fluent now
20:20:59 <skram> I even know like 3 of the numbers.
20:22:09 <Camail> dont you already speak a version of danish
20:22:22 <skram> first of all how fucking dare you
20:23:09 <skram> second of all you dont know anything about glorious socialist utopia
20:23:28 <Camail> no, but i've read fairytales so i have an idea
20:23:42 -!- Zoonds [webchat@cloak-wmbqgxv5.14-2.cable.virginm.net] has joined #tlponies
20:23:50 <Runbunny> There are some good ones as well.
20:24:25 <skram> which fairytales
20:24:29 <skram> maos little red book?
20:24:29 <Runbunny> but technically skram does speak a version of danish.
20:24:55 <Runbunny> lille lilla møjhætte og pulven. Jonas.
20:24:58 <Runbunny> Surely.
20:25:50 <skram> what the fuck are you even saying
20:26:26 <Runbunny> It's a eventyr Jonas.
20:27:09 <skram> probably not
20:38:12 <Zoonds> muh pons
20:38:17 <Zoonds> what's good
20:38:21 <skram> m'zoons
20:38:59 <skram> i got sucked into the early 2000s music video vortex on youtube again
20:39:37 <Zoonds> Sounds alright
20:39:40 <Camail> that's dangerous
20:44:07 <skram> i almost forgot about dre
20:54:15 <Camail> dont you ever, EVER, say that again
20:54:21 <Camail> even if you do forget, dont admit it
20:54:25 <Camail> or they'll come for you
20:57:05 -!- Crisium [~Crisium@c-73-174-151-51.hsd1.pa.comcast.net] has joined #tlponies
20:57:37 <Zoonds> muh Crisium 
20:58:06 <Crisium> henlo
20:58:15 -!- Zounds [webchat@cloak-07ouvien.14-2.cable.virginm.net] has joined #tlponies
21:10:32 -!- DoT|Phone [~Dot@85.255.237.125] has joined #tlponies
21:13:41 <Rawr|Phone> Jonas stay away from the danish language
21:39:42 <Zounds> skram: DuB` Crisium carcinization 
21:39:51 <Zounds> any desire for overwatching
21:45:03 -!- BioSleep [~BioPon@97.70.181.149] has joined #tlponies
21:45:06 <Bio> NEIGH
21:46:02 <DuB`> Yes Zounds
21:46:05 <DuB`> Alway
21:46:19 <Bio> po
21:46:21 <Bio> neigh?
21:46:22 <Zounds> nito
21:46:30 <DoT|Phone> bio
21:46:41 <carcinization> hello bio
21:46:44 <Crisium> neigh tonite
21:46:50 <carcinization> could happen zounds
21:46:55 <Bio> *horse noises*
21:47:32 <Zounds> could it reif
21:47:40 <Zounds> because your participation decides EU or NA
21:48:10 <DuB`> oooh
21:48:28 <carcinization> eu then
21:49:04 <Zounds> on my way
21:59:52 -!- Golly [Golly@cm-84.212.249.112.getinternet.no] has joined #tlponies
22:17:05 <DoT|Phone> Gnight all <3
22:17:13 <Zounds> nn
22:17:22 <skram> good night bud
22:21:05 -!- Rawr|Fone [~AndChat52@84-217-62-32.customers.ownit.se] has joined #tlponies
22:53:30 <carcinization> night dotties
23:39:02 <DuB`> Went to the bathroom and the stack was gone when I came back ! D:
23:45:46 <Runbunny> Stacks can topple in the blink of an eye.
23:47:44 <DuB`> T_T
