00:00:03 -!- skram [~skram@82.147.53.97] has joined #tlponies
00:33:08 <Camail> oh dub you're lucky you are watching cr vods, the live show had serious audio issues
00:34:05 <Camail> it was amazing tho, lots of travis being overwhelmed and afraid
00:37:54 <DuB`> Haha
00:38:04 <DuB`> vod watching is pretty nice tbh
00:38:11 <DuB`> Can PAUSE and go to the BATHROOM
00:48:55 <Camail> only pee when they pee
00:49:02 <Camail> it immerses you more
03:34:35 -!- Rawr|Fone [~AndChat52@c-afb8e655.020-164-6d6c6d4.bbcust.telenor.se] has joined #tlponies
04:57:18 -!- Yolteotl [webchat@cloak-0g6xgbx4.oc.oc.cox.net] has joined #tlponies
05:29:40 -!- Rawr|Fone [~AndChat52@c-afb8e655.020-164-6d6c6d4.bbcust.telenor.se] has joined #tlponies
06:10:20 -!- DoT|Phone [~Dot@85.255.232.39] has joined #tlponies
06:11:30 <DoT|Phone> morning
06:15:52 -!- Rawr|Fone [~AndChat52@c-afb8e655.020-164-6d6c6d4.bbcust.telenor.se] has joined #tlponies
06:22:53 -!- Rawr|Fone [~AndChat52@c-afb8e655.020-164-6d6c6d4.bbcust.telenor.se] has joined #tlponies
06:43:42 <DoT|Phone> Rawr Rawr Rawr
06:50:05 <CockRoach|42> .roll d20 to hors
06:50:26 <DoT|Phone> much horse
06:50:35 <CockRoach|42> pretty good horse
06:54:53 <DoT|Phone> what you up to today cr
06:55:00 <CockRoach|42> worky work
06:55:47 <CockRoach|42> did you know that danes are the worst?
06:57:08 <DoT|Phone> unless they are great Danes. then they are the best
06:57:15 <CockRoach|42> true
06:57:34 <CockRoach|42> i doubt i talk to any great danes
06:59:33 -!- Rawr|Fone [~AndChat52@c-afb8e655.020-164-6d6c6d4.bbcust.telenor.se] has joined #tlponies
07:02:48 <DoT|Phone> you never know in the internet
07:03:03 <DoT|Phone> on
07:05:32 <DoT|Phone> where is that Rawr
07:05:48 <DoT|Phone> probably sleeping in
07:05:52 <DoT|Phone> lazy horse
07:05:53 <Rawr|Fone> Pls DoT
07:06:00 <DoT|Phone> Rawr!
07:06:05 <Rawr|Fone> DoT!
07:06:14 <DoT|Phone> how's you
07:06:22 <Rawr|Fone> Pretty gooooood
07:06:29 <Rawr|Fone> How are you
07:06:30 <DoT|Phone> great
07:06:37 <DoT|Phone> I'm sick
07:08:39 <Rawr|Fone> D:
07:23:45 <CockRoach|42> pls dot :(
07:25:01 <DoT|Phone> wasn't my idea
08:45:25 <CockRoach|42> .tell DoT|Phone https://orig00.deviantart.net/2bd8/f/2018/260/5/7/blazing_vengeance_by_calvinlaudrensio-dcn2q3k.jpg
08:51:43 -!- Rawr|Fone [~AndChat52@c-afb8e655.020-164-6d6c6d4.bbcust.telenor.se] has joined #tlponies
09:59:16 -!- Rawr|Fone [~AndChat52@c-afb8e655.020-164-6d6c6d4.bbcust.telenor.se] has joined #tlponies
10:04:40 -!- Golly [Golly@cm-84.212.249.112.getinternet.no] has joined #tlponies
10:10:20 -!- Rawr|Fone [~AndChat52@c-afb8e655.020-164-6d6c6d4.bbcust.telenor.se] has joined #tlponies
10:18:05 <DoT|Phone> Rawr snela
10:21:53 -!- Rawr|Fone [~AndChat52@m83-185-85-106.cust.tele2.se] has joined #tlponies
10:48:53 -!- Rawr|Fone [~AndChat52@84-217-62-32.customers.ownit.se] has joined #tlponies
11:00:36 -!- motbob [~motbob@185.21.216.197] has joined #tlponies
11:05:26 <DoT|Phone> what's all up to
11:14:07 <DoT|Phone> Rawr. how was lunch
11:15:00 <Rawr|Fone> It was nice
11:15:09 <Rawr|Fone> How is work going dot
11:15:19 <Rawr|Fone> Or are you staying home
11:16:01 <DoT|Phone> I'm at work. feeling a bit meh
11:16:10 <DoT|Phone> forgot to make lunch today
11:17:27 <Rawr|Fone> D:
11:21:18 <DoT|Phone> more cv stuff now Rawr?
11:58:13 <Rawr|Fone> I really should
11:58:23 <Rawr|Fone> But I keep getting distracted
12:00:53 <DoT|Phone> please Rawr. no procrastination
12:02:08 -!- Runbunny [~Runbunny@91.100.28.10.generic-hostname.arrownet.dk] has joined #tlponies
12:02:32 <Rawr|Fone> I think it's mostly about the fact that I don't really want to
12:02:41 <Rawr|Fone> But I have to, so I will do it
12:02:48 <Rawr|Fone> Eventually
12:33:09 <CockRoach|42> :D
12:35:45 -!- reification [~reificati@cpc76294-cosh16-2-0-cust297.6-1.cable.virginm.net] has joined #tlponies
12:36:10 <reification> hello tlp
12:36:11 <reification> https://twitter.com/GaiusThad/status/1047940862531891200
12:37:11 <CockRoach|42> hi reification 
12:37:51 <CockRoach|42> serval <3
12:38:26 <Runbunny> oh hello.
12:38:32 <CockRoach|42> henlo Runbunny 
12:42:01 <DoT|Phone> hey Reif
12:45:44 <reification> hey dotties, cr|42, runbun
13:19:48 -!- Rawr|Phone [~AndChat52@m83-185-94-202.cust.tele2.se] has joined #tlponies
13:48:34 <DoT|Phone> tired
14:05:33 -!- skram [~skram@82.147.53.97] has joined #tlponies
14:07:00 <DoT|Phone> Skram
14:07:19 <skram> DoT|Phone
14:18:15 <DoT|Phone> how's you
14:21:01 <skram> SLEEPY
14:21:04 <skram> always sleepy
14:27:29 -!- DuB_phone [~AndChat71@ip-66-87-127-75.chynwy.spcsdns.net] has joined #tlponies
14:29:13 <DuB_phone> Ayi
14:29:21 <DuB_phone> Whoops
14:29:33 <skram> dub stay with the mountains
14:30:42 <DuB_phone> :T
14:30:49 <DuB_phone> I gotta goooo
14:31:06 <DuB_phone> Utah has 0 of the work I want :(
14:31:22 <skram> change ur wishes
14:32:25 <DuB_phone> I cri
14:33:01 <DuB_phone> I can come back fornski trips and family anytime, it's fiiiiine
14:33:16 <DuB_phone> For  ski*
14:34:33 -!- DuB|phone [~AndChat71@45.56.50.29] has joined #tlponies
14:36:33 -!- DuB` [~DuB@66-219-235-226.dynamic.ip.veracitynetworks.com] has joined #tlponies
14:36:43 <skram> SO many dubs
14:36:46 <skram> what a gift
14:36:48 <DuB`> :D
14:37:06 <DuB`> Oooh, new Bleep Bloop album
14:37:19 <DuB`> So much new ear-breaking type music to hear this week
14:37:47 <DuB`> AND a practical guide chapter today! Perfect.
14:38:20 <skram> you're an odd sort, dub
14:38:39 <DuB`> You know AS AWOL was cool
14:38:41 <DuB`> u knooo
14:38:47 <skram> i knooo
15:00:33 <DuB`> OWL 2019 details are out!
15:00:54 <DuB`> 8 new teams, fewer games for each team per week
15:01:29 <DuB`> https://overwatchleague.com/en-us/news/22546499/get-ready-for-overwatch-league-s-2019-season
15:10:23 -!- Rawr|Fone [~AndChat52@84-217-62-32.customers.ownit.se] has joined #tlponies
15:20:38 <Runbunny> I got to go.
15:21:14 <Rawr|Fone> .tell Runbunny bye friend
15:27:22 -!- Rawr|Phone [~AndChat52@m83-185-94-202.cust.tele2.se] has joined #tlponies
15:38:03 <DoT|Phone> Time to go home
15:40:22 <DuB`> yey
15:44:36 <DoT|Phone> dub you horse
15:50:05 <DuB`> !
15:50:48 <DoT|Phone> how are you
15:53:24 <DuB`> perfec
15:53:30 <DuB`> how u?
15:53:45 <DoT|Phone> Sick
15:54:15 <DoT|Phone> going to go home and wollow
15:54:52 <DuB`> whaaa D:
15:54:55 <DuB`> o no
15:55:57 <DoT|Phone> Iblame lack of internet
15:56:36 <DuB`> Disconnectivitis!
15:58:42 <DoT|Phone> play any Tarkov dub?
15:59:33 <DuB`> nu
15:59:38 <DuB`> Was OW all day
16:00:03 <DoT|Phone> tough life
16:00:05 <DuB`> Probably lost anything I had insured if you have to grab it every day
16:00:34 <DoT|Phone> Rip
16:01:36 <DoT|Phone> oh
16:01:40 <DoT|Phone> me too
16:01:50 <DoT|Phone> and I had a lot
16:02:27 <DoT|Phone> 6 fully kitted ak's for a start
16:07:29 -!- Zounds [webchat@cloak-wmbqgxv5.14-2.cable.virginm.net] has joined #tlponies
16:16:32 <DoT|Phone> Zounds
16:16:37 <Zounds> hi
16:26:24 <DuB`> Welcom
16:33:38 <DuB`> O ya I forgot about the new OW color options
16:33:50 <DuB`> Wanna try yellow enemies
16:47:49 -!- Dot [~quassel@85.255.232.39] has joined #tlponies
17:08:20 <Zounds> oh i might mess around with that too
17:08:40 <Zounds> do you know if it changes stuff like rein barriers and stuff?
17:08:53 <Zounds> apparently stuff is the word of the day
17:10:27 <reification> no zounds
17:10:45 <reification> there was a bug with the league skins that could do it
17:12:04 <Zounds> aw too bad
17:15:19 <DuB`> .tell skram https://gear.blizzard.com/us/game/overwatch/lego-overwatch-bastion-blizzard-exclusive
17:35:31 <Dot> dub
17:35:37 <DuB`> dot
17:35:51 <Dot> you see satisfactory game survey for alpha?
17:35:59 <DuB`> ?
17:36:21 <Dot> dont you ? me
17:36:27 <Dot> satisfactory
17:36:33 <Dot> 1st person factorio
17:36:39 <DuB`> o o o
17:36:46 <DuB`> I seen nothin
17:37:07 <Dot> check spam?
17:37:26 <DuB`> nop
17:37:31 <Dot> mine arrived apprently 30 minutes ago, you signed up before me so thought you would get it sooner
17:37:49 <DuB`> Re signed up just now
17:38:05 <Dot> gl
17:41:34 <DuB`> I want D:
17:49:48 <DuB`> Looks like 2019 rumors for borderlands 3
17:49:53 <DuB`> weee
17:50:08 <Dot> \o/
17:50:09 <Dot> hype
17:53:32 <DuB`> Oooh yeah, yellow enemies and neon blue allies is nice
17:56:50 <Zounds> Anything unfamiliar is gonna be good for a while
17:57:08 <Zounds> the trick will be to change it often so you don't get used to any particular colour
17:57:11 <Zounds> so it always stands out
18:13:42 <DuB`> I don think it's coming, dot. :(
18:14:41 <Cane> Rael has 2 kidney stones.
18:14:43 <Cane> What the fuck is his body.
18:15:34 -!- Rawr|Fone [~AndChat52@84-217-62-32.customers.ownit.se] has joined #tlponies
18:15:57 <Zounds> The fun has been doubled
18:19:30 <DuB`> Oh gosh
18:36:23 -!- Dot [~quassel@85.255.232.39] has joined #tlponies
18:48:23 <Zounds> you tried new pharah out yet DuB` ?
18:48:47 <Zounds> I was watching Spirit play her last night and he was kicking some ass
18:48:54 <Zounds> though he did that before the change too
18:49:36 <DuB`> I haven't
18:58:46 -!- Rawr|Phone [~AndChat52@m83-185-94-202.cust.tele2.se] has joined #tlponies
18:58:51 <Dot> rawr rawr
18:59:02 <Rawr|Phone> Dot sot
18:59:04 <Rawr|Phone> Dot
18:59:08 <Dot> Rawr
18:59:11 <Dot> <3 <3
18:59:13 <Dot> <3
18:59:20 <Rawr|Phone> <3 <3 <3
18:59:28 <Rawr|Phone> Are you feeling better dot
18:59:46 <Dot> nope, but will tomorow im sure
19:00:15 <Rawr|Phone> Good
19:07:09 -!- carcinization [~reificati@cpc76294-cosh16-2-0-cust297.6-1.cable.virginm.net] has joined #tlponies
19:09:18 <DoT|Phone> cane. tell rael to stop hogging and share with those more in need
19:09:35 <DuB`> No, no. He can have them.
19:10:48 <DoT|Phone> I can think of a few ppl dub that need them
19:12:21 <DuB`> Fair
19:17:10 <Zounds> spiteful dot
19:18:47 -!- skram [~skram@82.147.53.97] has joined #tlponies
19:19:05 <DoT|Phone> maybe Zounds
19:19:14 <DoT|Phone> hedge Skram
19:21:22 <skram> hedge DoT|Phone
19:22:56 <Rawr|Phone> Jonas 
19:23:59 <skram> Henrik
19:24:06 <Rawr|Phone> Häck
19:27:35 <DuB`> A rare Hedge Horse!
19:27:58 <Zounds> skram DuB` either of you interested in a junkenstein or two shortly?
19:28:09 <Zounds> carcinization: too
19:28:25 <carcinization> could be
19:28:53 <skram> sure
19:28:59 <Zounds> in the process of munching my dinner but i will be done soon
19:32:41 <DuB`> oooooooooberwaj
19:37:12 <Zounds> alright boys ready to rumble
19:38:19 <Zounds> skram my lad it is time
19:39:33 <skram> aye
19:49:11 <Zounds> sorry skram
19:49:12 <Zounds> now
20:20:03 -!- Rawr|Fone [~AndChat52@m83-185-94-142.cust.tele2.se] has joined #tlponies
20:46:18 -!- Zounds [webchat@cloak-07ouvien.14-2.cable.virginm.net] has joined #tlponies
20:52:50 -!- Golly [Golly@cm-84.212.249.112.getinternet.no] has joined #tlponies
21:18:34 -!- Camail [~Camail@45.40.84.145] has joined #tlponies
21:18:34 -!- mode/#tlponies [+v Camail] by Q
21:19:51 <Camail> hmm
21:20:10 <skram> dont you hmm me young man
21:20:16 <Camail> HHHMMMMMMMMMMMMMMMMMMMMMMM
21:20:28 <Camail> skram they just changes csgo in a major way
21:20:44 <Camail> the scoped rifles are only $50 more than the m4/ak
21:20:59 <Camail> also the first loss round bonus at the start of the game is 1900
21:21:08 <Camail> so you only eco once after pistol
21:21:15 <Camail> its nutty
21:21:16 <skram> good
21:21:44 <skram> scoped rifles = auto snipers?
21:22:32 <Camail> the sg and the other one
21:22:43 <Camail> aug?
21:23:05 <Camail> the ct one is still pretty shit but the sg kinda replaces the ak
21:24:02 <Camail> but yea round 3 is the new buy round
21:24:24 <Camail> hell, you could have a potential buy round 2 as T if you plant
21:25:45 <Camail> its actually a complete guess no as cts that win pistol if you should get rifles or smgs
21:27:19 <skram> right right
21:27:22 <skram> i kinda like the aug
21:33:05 -!- Crisium [~Crisium@c-73-174-151-51.hsd1.pa.comcast.net] has joined #tlponies
21:36:27 <Zounds> muh Crisium 
21:36:34 <Crisium> yo
21:39:45 <Crisium> Zounds are you overguying
21:40:04 <Zounds> yeah eu
21:40:13 <Crisium> QP or event?
21:40:20 <Zounds> qp
22:13:59 -!- tredc [~tredc@c83-251-171-164.bredband.comhem.se] has joined #tlponies
23:34:01 -!- Rawr|Fone [~AndChat52@c-afb8e655.020-164-6d6c6d4.bbcust.telenor.se] has joined #tlponies
