00:01:33 <Dot`> rawr
00:02:00 <Dot`> dub
00:11:28 <skram> dub
00:12:29 <BioSC> neigh
00:16:37 <DuB`> .tell Zounds I'm only here for 2 months and I'm a guest/housesitting while my hosts are off on vacation for these two weeks, not gonna go drilling any holes in the walls :P
00:16:54 <Dot`> dub, your not dead!
00:17:00 <Dot`> skram said you where
00:17:03 <Dot`> were
00:17:07 <Dot`> uhm, one of those
00:18:29 <Camail> DuB`  thats literally the BEST time
00:18:32 <Camail> they cant say no
00:18:39 <Camail> hang a painting up if it goes too badly
00:19:12 <Camail> also can you please like...make a pc out of some copper wiring and a cheese grater
00:19:19 <Camail> anything, really
00:19:44 <DuB`> More nap
00:19:45 <DuB`> lol cam
00:49:22 <DuB`> Hm
00:50:03 <DuB`> So I got "packaged and ready to ship" notification early yesterday so I had just assumed it'd ship today
00:50:31 <DuB`> But no tracking number or anything yet. If I got unlucky it won't get sent until monday and I'll get it later in the week
00:50:35 <DuB`> Hoping not
00:57:26 <Dot`> D:
00:57:30 <Dot`> but duuuuub
00:58:41 <Dot`> bio, you ready for dnd
01:00:40 <BioSC> ya
01:00:54 <Bio> are u
01:01:12 <Dot`> i tihnk, i have yet to find my notes from session 1 still
01:01:24 <Dot`> but everting else is now in a oneNote doc
01:15:20 <Bio> good lad
01:16:15 <Bio> liquid dota is gonna be so late
01:16:27 <Bio> well, i guess early
01:16:29 <Bio> 6 am
02:14:15 <Dot`> skram, hows book
02:15:46 <skram> talking cats dude
04:54:42 <Bio> asdf
05:28:43 -!- Dot [~quassel@2.124.198.80] has joined #tlponies
05:35:25 -!- Golly [~Golly@1.92-221-121.customer.lyse.net] has joined #tlponies
05:36:48 <DuB`> Huh, they work LATE
05:36:58 <DuB`> Just got email that PC shipped
05:38:17 <DuB`> Expected by end of day monday like I thought
05:38:19 <DuB`> oke oke
05:45:06 <DuB`> Time for dotowatch
05:45:55 <DuB`> Liquid game not for another 5hr >_>
05:49:24 -!- Dot` [~quassel@2.124.198.80] has joined #tlponies
05:49:51 -!- Rawr|Fone [~AndChat52@84-217-62-32.customers.ownit.se] has joined #tlponies
06:35:18 -!- Dot [~quassel@2.124.198.80] has joined #tlponies
06:47:30 -!- Dot` [~quassel@2.124.198.80] has joined #tlponies
07:32:12 <Dot`> morning pons
08:04:02 <Rawr|Fone> Dot dot dot
08:04:43 <Dot`> rawr rawr rawr
08:04:44 <Dot`> <3
08:05:15 <Rawr|Fone> <3
08:18:39 -!- Runbunny [~Runbunny@91.100.28.10.generic-hostname.arrownet.dk] has joined #tlponies
08:19:32 <Dot`> Runbuuun
09:08:45 <Dot`> rawr
09:09:08 <Rawr|Fone> Dot
09:10:35 <Dot`> is there ping pong today?
09:22:48 <Rawr|Fone> Yes!
09:22:59 <Dot`> \o/
09:30:22 <CockRoach|42> be the best ping ponger, Rawr|Fone!
09:32:50 <Rawr|Fone> I will do my best
09:42:45 <CockRoach|42> \o/
11:55:47 -!- reification [~reificati@cpc76294-cosh16-2-0-cust297.6-1.cable.virginm.net] has joined #tlponies
11:55:47 -!- mode/#tlponies [+v reification] by Q
11:55:59 <Dot`> reif!
11:56:07 <reification> dotties!
11:56:09 <reification> hi tlp
11:56:51 <reification> TIL don’t trust blue horse https://twitter.com/41Strange/status/1005145990347644928
11:57:11 <reification> runbunny https://twitter.com/KitoriJP/status/1004909960457748480
12:11:24 <reification> .tell dub` you need meishi like this https://twitter.com/tomimin/status/1001326647042166785
12:27:40 <reification> dot runbun it’s good to see bbc news focusing on the important things https://www.bbc.co.uk/news/uk-england-wiltshire-44368853
12:31:21 <Runbunny> Hehe.
12:33:39 <CockRoach|42> https://imgur.com/gallery/7GtwvCF
12:36:15 <reification> winky face
12:53:23 <CockRoach|42> https://i.imgur.com/8ThbSIE.jpg
13:01:00 -!- Zoonds [webchat@cloak-wmbqgxv5.14-2.cable.virginm.net] has joined #tlponies
13:01:04 <Zoonds> scraw
13:01:32 <Dot`> the zounds
13:15:45 <CockRoach|42> .tell Rawr|Fone https://imgur.com/gallery/fOvZVh5
13:26:59 -!- skram [~skram@82.147.53.77] has joined #tlponies
13:27:20 <Zoonds> skram
13:27:30 <Dot`> Jonas
13:28:14 <skram> Zounds, bjørn
13:36:29 <reification> hi zounds, skram
13:37:00 <Zoonds> o/
13:49:08 <skram> what doing lads
13:50:45 <Dot`> not much skrammen
13:50:46 <Dot`> you?
13:51:01 <skram> thinkin' about cats
13:51:01 <reification> is puzzle competition day. just done nikoli puzzle championship, later is uk sudoku open
13:51:19 <Dot`> gl reif!
13:52:14 <skram> dont commit sudoku reif
13:58:47 <Bio> morn
13:58:57 <Bio> woke up for liquid doto
13:59:01 <Bio> seem to bee winn
13:59:28 <Golly> looking good yea
14:03:54 <Dot`> morn bio
14:09:21 <reification> hello bio
14:13:50 <Dot`> i miss RedEye in sc2
14:19:25 <Bio> he's p gud
14:27:25 <skram> kuro best dota person
14:27:26 <skram> change my mind
14:30:04 <Bio> another miracle tinker game
14:30:09 <Bio> rip lgd
14:34:34 <skram> liquid is so good in doters bio
14:35:17 <Bio> does my old stone heart good skram
14:35:29 <skram> :)
14:37:25 <skram> mistakes
14:37:26 <skram> oh no
14:39:25 <Bio> its all good skrma
14:39:45 <Bio> trust in the miracle
14:41:34 <skram> LIGHT OF HEAVEN??
14:43:07 <Bio> visage ult is so much stronger now
14:43:13 <Bio> than last I played
14:43:20 <Bio> the birds dmg don't fall off anymore
14:43:30 <skram> yeah visage is really good now
14:43:58 <Bio> too bad i cant micro lel
14:44:14 <skram> micro in dota is kinda tricky :p
14:45:43 <Bio> the reign of tinker begins
14:48:15 <Bio> maphack kuro
14:55:28 <skram> its all falling apart bio
14:55:29 <skram> aaaaaah
14:56:06 <Bio> they still have like 15 m
14:56:12 <Bio> late game will be rough
14:56:31 <Bio> lucky troll went bkb into going Battlefury
14:56:52 <Bio> won't be much of a factor
14:58:13 <skram> wew
14:58:32 <Bio> march goes through bee kay beeeee
14:58:33 <Bio> xD
14:58:52 <skram> well
14:58:54 <skram> some of it?
14:59:08 <Bio> yeah, half
14:59:13 <skram> march is like half physical half magical iirc
14:59:32 <Bio> but theres so many wittle machines
14:59:46 <skram> SO many
15:00:32 <Bio> JEBAITED
15:00:48 <skram> BUY TEEPEEZ
15:01:00 <Bio> FURRYION CAN U TP TAWP
15:01:05 <Bio> x100000
15:01:16 <skram> cyka blyat
15:01:23 <skram> uses ult to kill ur creeps
15:03:44 <Bio> birds so stronk
15:04:28 <Bio> ROONS U BABOONS
15:06:41 <Bio> GG
15:06:45 <skram> gege
15:15:42 <reification> gg
15:15:58 <Bio> Liquid TEE EYE CHAMPS SOON
15:25:26 -!- tredc [~AdiIRC@c83-251-161-94.bredband.comhem.se] has joined #tlponies
15:29:14 <Bio> dotes is over
15:29:20 <Bio> now to wait until dnds
15:30:40 <tredc> pony!
15:30:52 <Dot`> oh 
15:30:55 <Dot`> ?streams
15:31:43 <Dot`> photo poni
15:31:53 <Bio> OH
15:31:55 <Bio> DEAR
15:31:58 <Dot`> EVVVIIIIILLL
15:32:00 <Bio> SUDDENLY EVIL
15:37:10 <Bio> that was some occult shit
15:37:30 <Dot`> poor flutters
15:38:25 <Dot`> HAHA
15:39:12 <Dot`> sassy twi
15:42:55 <Bio> evil twi would rule the werld
15:43:06 -!- tredc [~AdiIRC@c83-251-161-94.bredband.comhem.se] has joined #tlponies
15:45:07 <Dot`> pinkie so usefull
15:45:40 <Dot`> lol
15:46:48 <Dot`> squirrel party!
15:50:00 <Dot`> D:
15:50:17 <Bio> T_T
15:50:20 <Dot`> BIO
15:50:23 <Dot`> THIS IS AWEFUL
15:50:55 <Bio> PONES PLS
15:53:47 <Dot`> Rara Gollum
15:54:44 <Dot`> 127 hours
15:54:51 -!- Rawr|Phone [~AndChat52@m83-185-91-15.cust.tele2.se] has joined #tlponies
15:59:38 <Dot`> well that went morbid
15:59:56 <Bio> jesus christ how horrifying
16:00:27 <Bio> angryshy/10
16:00:27 <Dot`> and they never found out??!?!
16:01:29 <tredc> good episode
16:02:44 <Dot`> was good, but sad ponies are sad
16:02:55 <Dot`> and ponies having the life sucked out of them are scaryt
16:03:06 <Dot`> now to wait for dnd
16:03:16 <Dot`> skram, you had your preDnD nap yet?
16:08:45 <Rawr|Phone> Maybe he is in the middle of it already
16:13:26 <Bio> grumpy skrm is funny skrm
16:13:32 <Bio> truely in character
16:25:33 -!- DuB` [DuB@c-73-170-224-203.hsd1.ca.comcast.net] has joined #tlponies
16:25:52 <DuB`> G'mooorn
16:38:36 <Dot`> dab <3
16:40:26 <DuB`> Dot!
16:40:32 <DuB`> PC will be Monday :)
16:40:55 <DuB`> Got the "shipped" notification laaaate last night, someone was working overtime. :P
16:40:58 <Dot`> aww, not ready for weekend
16:41:04 <Bio> rip
16:41:04 <Dot`> but monday is good too
16:41:09 <Bio> moar lagdub
16:42:15 <DuB`> Ordered an 85' ethernet cable, should help 
16:42:18 <DuB`> Haha
16:43:23 <Bio> v excess
16:43:27 <Bio> but nice
16:43:32 <Bio> how much is cable nowadays
16:43:52 <DuB`> $12
16:44:05 <DuB`> 80 feet was the MINIMUM, main modem is quite far!
16:44:35 <Bio> i'm using the wall outlet adapter, seems to be ok
16:45:51 <DuB`> Woah
16:46:04 <DuB`> Actually, the package is already in Hayward which is the next town over
16:46:08 <DuB`> I could bike over there in 20 min!
16:46:09 <Dot`> i use ethernet over power, but my internet does drop randomly and it may be due to that
16:46:21 <Dot`> go get it dub
16:46:39 <DuB`> Couldn't carry it back on bike though :P
16:47:19 <Dot`> 2 trips
16:47:30 -!- tredc [~AdiIRC@c83-251-161-94.bredband.comhem.se] has joined #tlponies
17:08:29 <DuB`> Well poo
17:08:37 <DuB`> They ship/move things on saturday but don't deliver
17:08:47 <Dot`> :(
17:08:55 <DuB`> So PC will spend the weekend in the warehouse 10 min away T_T
17:09:54 <skram> distance makes the heart grow fonder DuB`
17:10:05 <DuB`> But it is not far??
17:10:23 <skram> so fond
17:12:06 <DuB`> Well dnd and owl today will keep me busy
17:12:14 <DuB`> And there's csgo and doto things to watch
17:12:18 <skram> did u see my snape chat
17:12:20 <DuB`> And I have book!
17:12:27 <DuB`> o nop
17:12:28 <DuB`> sec
17:12:33 <DuB`> Waow!
17:12:48 <DuB`> Does is go fas
17:12:58 <skram> like 30 speed
17:13:43 <skram> theres a new one too with the bugatti chiron thats even bigger
17:13:47 <skram> i needs it
17:15:05 <DuB`> :D
17:15:41 <skram> ...or the millenium falcon which is like 800£
17:16:23 <skram> or maybe i should just be a big boi and not waste all my hard earned monies on T H I N G S
17:17:01 <DuB`> Gotta spend it on SOMETHING
17:17:05 <DuB`> Like CLOTHES
17:17:31 <skram> dub i only wear tshirts and jeans
17:17:41 <DuB`> PSH
17:18:28 <DuB`> There's a Zara Men's in the mall downtown and I spent my entire clothes shopping budget there :P
17:19:05 <skram> ...I just get like 10 shirts online and that'll do me for a year >_>
17:20:31 <DuB`> Do you not wear PANTS?
17:21:25 <skram> jeans last forever dub
17:22:02 <DuB`> Almost like my UNDYING LOVE FOR YOU.
17:22:11 <skram> <3<3
17:22:40 <DuB`> Maaan I should've ordered my conpyuter ONE DAY earlier :P
17:22:58 <DuB`> o well
17:23:01 <skram> You shoulda done it before you went to san fran
17:23:27 <DuB`> I was going to before they said that there might not be a spot to put it and the net was bad
17:23:38 <DuB`> That made me hem and haw and be indecisive
17:23:42 <DuB`> mistake
17:24:06 <skram> mistakes were made
17:24:24 <DuB`> o E3 is start
17:25:23 -!- Camail [~Camail@45.40.84.145] has joined #tlponies
17:25:24 -!- mode/#tlponies [+v Camail] by Q
17:31:03 <Camail> vampyr is actually not that bad of a game
17:31:19 <DuB`> O hey, warriors won NBA
17:31:27 <DuB`> I'm supposed to like them now!
17:31:29 <Camail> poor lebron
17:31:34 <Camail> dub pls
17:31:38 <Camail> dont do this to us
17:32:04 <DuB`> The home arena is just one train stop north of me! 
17:32:24 <Camail> i tihnk you need to go to at least one game
17:32:28 <Camail> or watch one game
17:32:37 <Camail> or watch any game of basketball from any team
17:32:49 <DuB`> I watched the first two finals games.
17:33:49 <Camail> why tho
17:34:15 <Camail> well, good for you
17:34:23 <Camail> and your team, your favorite team
17:34:33 <DuB`> My hosts are big sports folks, was sitting with them watching after dinner
17:34:36 <DuB`> Baseball too!
17:34:37 <DuB`> lol
17:35:02 <Camail> sports are fun
17:35:12 <Camail> i can get into them for like 10 minutes
17:35:31 <Camail> then i get distracted by anything else
17:35:53 <skram> I like the olympics :p
17:37:48 <Camail> hi skram
17:39:45 <skram> heya cam
17:41:35 <Camail> i will be gone from today to monday night so i wont be able to play dauntless for a few days
17:41:44 <Camail> which isn't bad, cant go too hard on a game
17:41:57 <Camail> well, i already did, but you two are baby casuals and i respect that
17:42:05 <skram> haha
17:42:11 <skram> nah its good to take breaks
17:42:37 <Camail> i can get dub up to speed in th emonster fights
17:43:01 -!- Dot [~quassel@2.124.198.80] has joined #tlponies
17:44:36 <DuB`> What if I want to play Ps2 and OW? :P
17:46:30 <Camail> .tell bio https://twitter.com/karekareo/status/1005451618324631553
17:46:55 <Camail> i'd play ps2
17:47:16 <Bio> def as kewl as it was in my head
17:49:25 -!- Zounds [webchat@cloak-wmbqgxv5.14-2.cable.virginm.net] has joined #tlponies
18:11:06 <DuB`> Oh boy FIFA NINETEEN
18:13:12 <DuB`> And a BR mode in BF5? lolol
18:26:56 <skram> BR is the New Thing
18:27:20 -!- tredc [~AdiIRC@c83-251-161-94.bredband.comhem.se] has joined #tlponies
18:47:46 <DuB`> Nathanias helping introduce EA mobile game wat
18:47:49 <DuB`> lol
18:48:12 <DuB`> With incontrol playing
18:48:58 <skram> ????
18:50:46 <Golly> so nice to be reminded that they ran C&C into the ground
19:00:37 -!- Micen [~Micen@h172.217.117.75.dynamic.ip.windstream.net] has joined #tlponies
19:11:46 <Dot> horse face https://derpibooru.org/1736013
19:21:06 <skram> Runbunny explain https://i.imgur.com/l7J029k.jpg
19:25:33 <Runbunny> Hahaha :D
19:49:33 -!- Rawr|Fone [~AndChat52@c-a6c7db54.020-164-6d6c6d4.bbcust.telenor.se] has joined #tlponies
20:00:44 -!- Crisium [~Crisium@c-24-3-158-64.hsd1.pa.comcast.net] has joined #tlponies
20:00:51 <Dot> cris pon, you missed pony
20:00:57 <Crisium> yeah i know
20:01:03 <Crisium> ill catch up
20:02:02 <Crisium> lets go glads!
20:04:20 <DuB`> WEW
20:04:34 <Dot> dub https://imgur.com/gallery/pZvfzs7
20:22:25 <Crisium> doomfist
20:22:32 <Crisium> good hold
20:28:50 <Crisium> welp
20:30:39 -!- Rawr|Fone [~AndChat52@c-a6c7db54.020-164-6d6c6d4.bbcust.telenor.se] has joined #tlponies
20:47:58 <Dot> https://derpicdn.net/img/2018/6/9/1753848/large.png
20:51:50 <reification> finish half the sudokus in time and didn’t make any mistakes. not too bad
20:51:58 <Dot> nice
21:23:38 <DuB`> Crisium, that round O_O
21:50:50 -!- Rawr|Fone [~AndChat52@c-a6c7db54.020-164-6d6c6d4.bbcust.telenor.se] has joined #tlponies
22:33:05 -!- Rawr|Fone [~AndChat52@c-a6c7db54.020-164-6d6c6d4.bbcust.telenor.se] has joined #tlponies
22:53:53 <Dot> .tell rawr|fone https://imgur.com/gallery/NeNHQ5w
22:54:12 -!- Phearlock [~Phearlock@cm-84.209.250.127.getinternet.no] has joined #tlponies
22:54:12 -!- mode/#tlponies [+v Phearlock] by Q
23:14:57 <Dot> hows the book going skram
23:19:28 -!- Rawr|Fone [~AndChat52@c-a6c7db54.020-164-6d6c6d4.bbcust.telenor.se] has joined #tlponies
23:19:37 <Dot> rawr!
23:24:18 <Rawr|Fone> Dot!
23:24:28 -!- tredc [~AdiIRC@c83-251-161-94.bredband.comhem.se] has joined #tlponies
23:24:54 <Dot> up so late
23:25:04 <Dot> how was ping pong?
23:25:19 <Rawr|Fone> It went well
23:25:32 <skram> i have not read it today Dot but i did like 400 pages yesterday
23:25:35 <Rawr|Fone> About to go to bed 
23:25:35 <skram> its very exciting
23:25:51 <skram> my favorite part is the cats doing competitive indifference
23:25:51 <Dot> gnight rawr <3
23:26:03 <Rawr|Fone> <3
23:26:06 <Dot> HAHA, that part is great skram
23:26:15 <DuB`> Catbook?
23:27:56 <skram> AERONAUTS WINDLASS
23:28:29 <skram> There's talking cats and a Brigitte
23:28:37 <DuB`> Steampunk cats
23:28:39 <DuB`> I see I see
23:28:41 <Dot> its a nice book
23:28:45 <Dot> i saw patrick touthfuss today streaming Oxygen not Included
23:28:51 <Dot> why is he not writing???
23:29:15 <skram> i dont know who that is
23:29:15 <DuB`> Brandon Sanderson hasn't even STARTED on next stormlight :P
23:29:29 <Dot> go tell him i am upset with him dub
23:29:42 <DuB`> Progress bars on his website still show Oathbringer (Stormlight 3) release -- 100%
23:30:22 <Dot> Kingkiller chronicles skram
23:30:39 <skram> i have not heard of this
23:32:27 <Dot> you should read dresden files too skram, kingkiller will still take a long time to finish
23:32:43 <skram> Yes its on my list
23:33:39 <Bio> I have foods
23:33:43 <Rawr|Fone> I don't think there will ever be a third kingkiller book
23:44:33 <Dot> no faith rawr
23:45:11 -!- Rawr|Phone [~AndChat52@m83-185-88-42.cust.tele2.se] has joined #tlponies
