05:47:40 -!- Pearclock [~Phearlock@cm-84.209.250.127.getinternet.no] has joined #tlponies
06:18:26 -!- Dot [~quassel@90.217.214.149] has joined #tlponies
06:28:52 -!- Golly [~Golly@1.92-221-121.customer.lyse.net] has joined #tlponies
06:43:42 -!- Dot` [~quassel@90.217.214.149] has joined #tlponies
08:17:00 -!- Dot [~quassel@90.217.214.149] has joined #tlponies
08:24:11 <Dot> mornign all
08:36:42 <Cane> Hiya Dot. <3
08:36:52 <Dot> <3
08:36:58 <Cane> I'm having a haircut today. Might not have my giant lion's mane any more.
08:38:07 <Dot> how will you posture to defend yourself on your night walks?
08:58:09 <Dot> here cane https://imgur.com/gallery/ukye79l
09:59:51 -!- Runbunny [~Runbunny@91.100.28.10.generic-hostname.arrownet.dk] has joined #tlponies
10:12:37 <Dot> runbun!
10:17:50 <Rawr|Phone> Dot Dot Dot
10:19:25 <Runbunny> Hai.
10:19:35 <Rawr|Phone> Anders.
10:27:13 <Runbunny> Henrik.
10:27:21 <Runbunny> How are you friend?
10:29:26 <Dot> Rawr Rawr Rawr
10:29:27 <Dot> <3
10:32:30 -!- reification [~reificati@cpc76294-cosh16-2-0-cust297.6-1.cable.virginm.net] has joined #tlponies
10:32:46 <Dot> reef!
10:33:00 <reification> dot!
10:54:01 <reification> .tell bio https://twitter.com/MemesSurreal/status/1045053248720306177
10:57:45 <Rawr|Phone> .tell Dot <3
10:58:00 <Rawr|Phone> I am currently at the gym Anders
10:59:09 <Dot> lift the things rawr
10:59:53 <Rawr|Phone> I am doing my best, but the things are getting heavier and heavier
11:00:56 <Dot> such is life
11:02:09 <reification> runbun https://twitter.com/rumeruwu/status/1045488089869799424
11:02:39 <reification> .tell skram https://twitter.com/videocats/status/1045285258537517056
11:02:56 <reification> also rawr dot ^
11:04:00 <Dot> haah
11:05:38 <Rawr|Phone> This is a nice video reef reef
11:07:42 <Dot> .tell phearlock why is grey such a great asrtist https://greyartpost.tumblr.com/post/178524069869/cilantro-and-ludicrous
11:11:27 <reification> .tell bio https://twitter.com/pheazandt/status/1044997014424039424
11:59:31 -!- Rawr|Fone [~AndChat52@84-217-62-32.customers.ownit.se] has joined #tlponies
12:03:40 -!- skram [~skram@82.147.53.97] has joined #tlponies
12:04:27 <Rawr|Fone> Jonas!
12:07:24 <skram> Henrik!
12:07:26 <skram> God morgon.
12:08:09 <Rawr|Fone> How are you doing this fine afternoon my fantastic friend
12:09:02 <skram> i slept forever and im making dinner for breakfast
12:09:10 <skram> this is a good day, henrik
12:09:14 <skram> what about you
12:09:59 <Rawr|Fone> That sounds great, I have just gotten home from the gym
12:10:10 <Rawr|Fone> So far it's a good day
12:12:51 <Dot> skram!
12:13:17 <skram> Dot!
12:13:21 <skram> did you get internet yet
12:13:42 <Dot> nope
12:14:00 <skram> dang
12:14:09 <skram> wait how are you on the internets then???
12:15:51 <Rawr|Fone> He is an engineer after all skrammypants
12:16:16 <Rawr|Fone> Maybe just some string and a hamster wheel
12:16:27 <skram> thats a good point
12:18:01 <Dot> in bakwell today skram
12:19:00 <skram> oooh
12:19:06 <skram> when are you moving 4ever
12:19:13 <Dot> sunday
12:19:19 <Dot> saturday im there for a bit
12:19:23 <Dot> then back here for DnD
12:56:11 <Dot> what you up to skram
13:56:16 <Dot> .tell cane https://i.imgur.com/YmEoWmq.png
14:04:31 <Cane> <3
14:04:51 <Cane> I think I'll STALKER it up once the first snows hit.
14:05:27 <Cane> Brew some cocoa, turn down the lights, sit in front of my computer with the snows falling past my window while I sneak around Bloodsuckers.
14:06:37 <Dot> and play stlker guitar tracks on repeat
14:11:50 <skram> dot im raiding some tombs
14:11:55 <skram> its p good
14:12:00 <Dot> the new tombs?
14:12:03 <skram> yah yah
14:12:06 <Dot> nice
14:12:21 <skram> its like the other 2 new ones
14:12:27 <skram> but this time with JAGUARS
14:14:54 <Dot> very fancy
15:00:47 <Dot> skram
15:01:02 <Dot> buck mid sneeze https://i.redd.it/otmvkkz8wmo11.jpg
15:01:17 <Dot> stag
15:01:52 <Dot> i went south african there
15:03:59 <skram> never go south african again
15:04:00 <skram> pls
15:04:33 <Dot> its not my fault you northern ppl dont use th eword buck for every animal
15:15:28 -!- tredc [~tredc@c83-251-171-164.bredband.comhem.se] has joined #tlponies
15:50:30 -!- DuB` [~DuB@66-219-235-226.dynamic.ip.veracitynetworks.com] has joined #tlponies
15:50:34 <Dot> DAAAB
15:50:35 <Dot> <3
15:50:39 <DuB`> DAAAT
15:50:40 <DuB`> <3
15:50:41 <Dot> are you all done now
15:50:47 <Dot> got all 4 jobs?
15:51:00 <DuB`> No, interview in 3 hr
15:51:27 <DuB`> And then 2nd round interviews starting Oct 5 if I get 'em
16:01:04 <Dot> what fun
16:13:01 <DuB`> I kinda want to stellaris but the big overhaul update coming out soon makes the current version feel lame D:
16:13:18 <Dot> big changes happening again?
16:13:26 <DuB`> ye
16:14:11 <Dot> i loved Sins of a solar empire and this is basicly a newer better version but i just cant seem to get into it
16:14:33 <DuB`> Completely redoing the way planets and all resources work, adding trade value/routes system etc
16:14:58 <Dot> dub, what notes you got form last dnd session? mine are sparse
16:23:13 <Dot> skram, im being told by ISP's that my place doesnt exist
16:23:18 <Dot> still
16:23:30 -!- tredc [~tredc@c83-251-171-164.bredband.comhem.se] has joined #tlponies
16:23:40 <Dot> i even sent them a pic of google maps showing it
16:24:38 <Runbunny> I ordered food but it's not here yet
16:24:39 <Runbunny> :/
16:25:02 <Dot> maybe your place doesnt exist either?
16:26:14 <Runbunny> Hmm.
16:26:27 <Runbunny> So you're saying that I don't exist?
16:26:54 <Dot> maybe
16:26:59 <Dot> how do we know?
16:31:44 <Runbunny> It arrived, now I am a real boy again.
16:32:05 <Dot> \o/
16:35:42 <Rawr|Fone> What a relief
16:35:56 -!- tredc [~tredc@c83-251-171-164.bredband.comhem.se] has joined #tlponies
17:51:54 <Runbunny> reification, https://i.imgur.com/hdp7sIO.png
18:04:04 -!- DoT|Phone [~Dot@90.217.214.149] has joined #tlponies
18:11:28 <DoT|Phone> pon
18:18:10 <reification> heh runbun
18:18:18 <reification> dot
18:20:25 <DoT|Phone> Reif. How's the life of a gambler
18:20:28 <Runbunny> Dot, https://i.imgur.com/otv4j0q.mp4
18:22:48 <DoT|Phone> this seems backwards
18:30:20 <reification> today has mostly been winning so far dot
18:30:32 <reification> no joy in sky super weekend yet tho
18:31:28 <DoT|Phone> gl
18:31:49 <Runbunny> are you cheating money from people Reif?
18:33:30 <skram> hasardspill og kvinner, Runbunny
18:33:54 <Runbunny> I should have known. Reif was such a person all along.
18:39:58 <DoT|Phone> calm down Skram
18:59:19 -!- Pearclock [~Phearlock@cm-84.209.250.127.getinternet.no] has joined #tlponies
18:59:41 -!- tredc [~tredc@c83-251-171-164.bredband.comhem.se] has joined #tlponies
18:59:49 <DoT|Phone> Phear pon
19:04:24 <Runbunny> reification, the boo "story" is kinda sad https://imgur.com/gallery/k8AyFwI
19:04:41 -!- Phearlock [~Phearlock@cm-84.209.250.127.getinternet.no] has joined #tlponies
19:20:35 <Phearlock> dats some cute pons dot
19:20:49 <Phearlock> <3 sister princessessessess
19:27:35 -!- Golly [~Golly@1.92-221-121.customer.lyse.net] has joined #tlponies
19:30:11 -!- BioPhone [~androirc@mobile-166-177-57-211.mycingular.net] has joined #tlponies
19:30:14 <BioPhone> M8s
19:30:18 <BioPhone> Henlo
19:30:28 -!- tredc [~tredc@c83-251-171-164.bredband.comhem.se] has joined #tlponies
19:30:39 <Phearlock> hi
19:31:57 <BioPhone> Was hoping to have some prep time tonight. But apparently I scheduled my dmv appt. For like a month from now instead of today rip
19:31:59 -!- Camail [~Camail@45.40.84.145] has joined #tlponies
19:31:59 -!- mode/#tlponies [+v Camail] by Q
19:46:24 <BioPhone> I'll be ready tho bois
19:52:39 <Phearlock> don't worry just put a clothes store somewhere
19:57:16 <Phearlock> we'll spend the whole session getting skram some clothes
19:57:22 <BioPhone> Ez prep
19:59:16 <reification> i was just reading that elsewhere bun and gonna link it to you...
19:59:52 <Runbunny> :D
20:17:52 <Rawr|Fone> Beep boop horsepons
20:18:58 <BioPhone> There's a dude here with a flat earth society hoodie on in here
20:19:15 <BioPhone> I thought it was just a meme
20:19:24 -!- tredc [~tredc@c83-251-171-164.bredband.comhem.se] has joined #tlponies
20:19:30 <BioPhone> You don't meme irl like that
20:20:37 <Rawr|Fone> But it's true
20:20:49 <BioPhone> Rawr PLS
20:21:16 <Rawr|Fone> I want a hoodie like that
20:27:55 <Runbunny> Flat earth has been gaining traction lately.
20:28:29 <Runbunny> Might be due to celebrities "promoting it"
20:30:21 <BioPhone> A sphere planet would gain more traction, I think
20:30:45 <Dot> sphere planet meme
20:37:07 <Dot> cr https://imgur.com/gallery/ZY0FXDk
20:42:30 <DuB`> IT IS DONE
20:42:34 <DuB`> I survived this week!
20:42:36 <Dot> GJ
20:42:40 <DuB`> Now time to get as comfy as possible
20:42:45 <Dot> I am proud dubbles
20:43:02 <DuB`> Would hot cocoa or ice cream snack be more comfy
20:43:03 <DuB`> hmmm
20:43:18 <DuB`> .choose hotcocoa icechoco
20:43:23 <Dot> both
20:43:59 <DuB`> Combine for room-temperature choco
20:53:46 <skram> my fave
20:54:11 <skram> also
20:54:19 <skram> icechoco = chocolate milk ??
20:57:46 <DuB`> Ice CREEEAM
20:57:58 <skram> u silly
21:09:40 <Cane> skram, https://www.youtube.com/watch?v=L0M_a8S4Y4c&t=44s <3
21:17:34 <skram> damn
21:17:39 <skram> this is pretty great, Cane
21:17:56 <skram> the isle of man race is INSANE
21:22:46 -!- BioPone [~androirc@97.70.181.149] has joined #tlponies
21:23:10 <Runbunny> skram, Dot https://i.imgur.com/WPLCBBB.mp4
21:23:36 -!- Bio [~BioPon@97.70.181.149] has joined #tlponies
21:23:45 <Bio> pon
21:23:46 <Bio> ies
21:24:53 <Bio> ah yes
21:24:54 <Bio> memes
21:24:56 <Bio> love
21:29:33 <Runbunny> Did you get to argue with flat earther Bio?
21:30:08 <Bio> nah dawg
21:30:20 <Bio> i quietly stewed in my mental superiority
21:30:21 <skram> did you even try??
21:30:24 <Bio> as is tradition
21:32:05 <Bio> im goin to a piano bar tonight boies
21:32:11 <Bio> got fuckin PAID
21:32:17 <skram> fuck yeah
21:32:31 <skram> put some 20s in that pianists underpants
21:33:49 <Cane> I thought you'd like that video skram. <3
21:41:30 <Bio> time to shower work off of me
21:41:31 <Bio> brb
22:50:09 -!- carcinization [~reificati@cpc76294-cosh16-2-0-cust297.6-1.cable.virginm.net] has joined #tlponies
22:50:16 <Bio> time to go listen to piano
22:50:20 <BioPiano> bbl
22:52:02 -!- reimeuk [~reificati@cpc76294-cosh16-2-0-cust297.6-1.cable.virginm.net] has joined #tlponies
22:58:58 -!- Crisium [~Crisium@c-73-174-151-51.hsd1.pa.comcast.net] has joined #tlponies
22:59:24 -!- tredc [~tredc@c83-251-171-164.bredband.comhem.se] has joined #tlponies
23:05:21 <Cane> Norway is getting colder.
23:05:33 <Cane> My cold autumn night walks will give way to winter walks in a while.
23:05:35 -!- tredc [~tredc@c83-251-171-164.bredband.comhem.se] has joined #tlponies
23:05:45 <Dot> snow walks!
23:05:50 <Cane> Crunch, crunch, crunch.
23:10:54 <Crisium> just eat the snow so it goes away
23:23:04 <skram> THATS HOW YOU GET WORMS, CRIS
23:23:52 <Crisium> oh so thats how
23:24:00 -!- tredc [~tredc@c83-251-171-164.bredband.comhem.se] has joined #tlponies
23:31:31 <Cane> Make someone stream. I need nighttime entertainment.
23:33:58 <Dot> bio pls
23:38:03 <reimeuk> night all
23:38:13 <Crisium> nn
