01:14:49 <Bio> gngifth
01:18:37 -!- DuB` [DuB@c-73-170-224-203.hsd1.ca.comcast.net] has joined #tlponies
01:19:29 <Crisium> dab
01:19:42 <DuB`> crus
01:20:58 <Crisium> OWL playoffs
01:21:04 <Crisium> Glads game 1 in 40 min
01:31:25 <Bio> how D E G E N E R A T E
01:34:33 <DuB`> Net MIGHT get me a 360p stream :P
01:34:42 <Bio> dot
01:34:44 <DuB`> I have little hope.
01:34:44 <Bio> dob
01:34:49 <Bio> what car should i get
01:34:55 <DuB`> wha
01:34:56 <Bio> my old car is the S H I T
01:34:59 <Bio> and I don't know cars
01:35:04 <DuB`> I R L car
01:35:05 <DuB`> Oooh
01:35:22 <Bio> yes
01:35:23 <DuB`> Well hopefully one that goes vrooom
01:35:27 <Bio> preferredly
01:36:52 <DuB`> Dun ask me :P
01:37:02 <DuB`> We have a lil Mazda 3 hatchback we love
01:37:53 <Bio> I was looking at the maz 3
02:12:13 -!- Dot` [~quassel@94.3.131.220] has joined #tlponies
02:26:48 <DuB`> No fissure
02:26:51 <DuB`> uh ohs
03:04:33 -!- Dot [~quassel@94.3.131.220] has joined #tlponies
03:06:46 <DuB`> Surecreeee 
03:07:41 <DuB`> MWAHAHA
03:10:46 -!- Dot` [~quassel@94.3.131.220] has joined #tlponies
03:21:30 <Bio> po
03:21:32 <Bio> NEIGH
03:36:50 <DuB`> GLADS LOOOL
03:36:56 <DuB`> MAD GLAD LADS
03:39:02 <DuB`> WAHAHAHA
03:40:24 <DuB`> Probably the best trick play I've seen 2+ years of OW :P
03:50:53 <Cane> https://clips.twitch.tv/DeterminedBlushingSamosaBibleThump
03:50:56 <Cane> I had to find it.
03:51:00 <Cane> That is the best Overwatch thing I have ever seen.
03:54:30 <Cane> DuB`, how fucking good was that? =)
03:55:24 <Bio> p kewl
03:58:33 <DuB`> Even more enjoyable when they're your favorite team ;D
06:05:16 -!- Phearlock [~Phearlock@cm-84.209.250.127.getinternet.no] has joined #tlponies
06:05:16 -!- mode/#tlponies [+v Phearlock] by Q
07:24:10 <Dot`> Mornign all
07:51:15 <Dot`> Rawr Rawr Rawr
09:28:06 -!- Dot [~quassel@94.3.131.220] has joined #tlponies
11:14:03 -!- Golly [~Golly@1.92-221-121.customer.lyse.net] has joined #tlponies
13:42:13 <Bio> gud
13:42:14 <Bio> morn
13:42:15 <Bio> pons
14:02:40 -!- skram [~skram@82.147.53.41] has joined #tlponies
14:02:52 <skram> lads
14:08:19 <Bio> lad
14:08:54 <skram> Bio old Boi
14:08:56 <skram> how you bean
14:22:15 <Bio> same old same old im afraid
14:23:26 -!- ZK [webchat@cloak-411vb15g.adsl.xs4all.nl] has joined #tlponies
14:33:11 <skram> Well im glad you're here Bio, the Boi
14:38:02 <Bio> thx lad
14:48:26 -!- Phearlock [~Phearlock@cm-84.209.250.127.getinternet.no] has joined #tlponies
14:48:26 -!- mode/#tlponies [+v Phearlock] by Q
14:53:52 -!- Runbunny [~Runbunny@91.100.28.10.generic-hostname.arrownet.dk] has joined #tlponies
14:54:03 -!- Kittybunny [~Runbunny@91.100.28.10.generic-hostname.arrownet.dk] has joined #tlponies
14:54:06 <skram> Anders.
14:55:19 <Kittybunny> Hai
14:55:58 <Kittybunny> I think I am a bit sick Skram.
14:56:02 <Kittybunny> Is not good.
14:56:17 <skram> Oh dear
14:56:22 <skram> Whats going on, Anders?
14:56:37 <skram> Does it hurt when you pee
14:59:09 <skram> Do you need me to call an ambulance
14:59:32 <Kittybunny> No
15:00:05 <Kittybunny> But my head is hurting and I might have a fever.
15:01:02 <skram> do some drugs
15:04:08 -!- tredc [~AdiIRC@c83-251-163-99.bredband.comhem.se] has joined #tlponies
15:09:29 <Kittybunny> I ordered pizza.
15:09:54 -!- tredc [~AdiIRC@c83-251-163-99.bredband.comhem.se] has joined #tlponies
15:24:19 <skram> Same thing, Anders
15:25:55 -!- Dot` [~quassel@94.3.131.220] has joined #tlponies
15:26:24 <skram> is that a real life Dot`
15:32:14 -!- Phearlock_ [~Phearlock@cm-84.209.250.127.getinternet.no] has joined #tlponies
15:32:14 -!- mode/#tlponies [+v Phearlock_] by Q
15:37:40 <Kittybunny> Fake dot.
15:37:43 <Kittybunny> It would seem
15:44:28 -!- Dot [~quassel@94.3.131.220] has joined #tlponies
16:22:35 -!- Zounds [webchat@cloak-wmbqgxv5.14-2.cable.virginm.net] has joined #tlponies
16:24:13 <Bio> dot
16:24:14 <Bio> PLS
16:24:20 <Bio> gonna stream
16:24:27 <Bio> if pepl wan watch
16:24:49 <Bio> gonna get a lunch then strim
16:24:54 <Bio> MORE RANDO AKTION
16:41:50 <Bio> going live mah bois
16:42:00 <Bio> after downloading streamlabs update
16:43:36 -!- tredc [~AdiIRC@c83-251-163-99.bredband.comhem.se] has joined #tlponies
16:44:38 <Bio> ?biostream
16:44:48 <Bio> lets go rando
16:50:57 <Bio> starting NAO
17:11:37 -!- DoT|Phone [~Dot@82-132-223-187.dab.02.net] has joined #tlponies
17:11:55 <DoT|Phone> horses. I'm tired
17:12:16 <skram> dot old boy
17:12:18 <skram> where you at
17:13:32 <DoT|Phone> on my way home
17:13:42 <skram> where have you been
17:13:44 <skram> its late!
17:14:58 <DoT|Phone> went straight from work to a  apprenticeship  fair thing and had to talk and be interactive for like a  hour and a half
17:15:20 -!- tredc [~AdiIRC@c83-251-163-99.bredband.comhem.se] has joined #tlponies
17:15:23 <DoT|Phone> Skram. find me a  apprenticeship please
17:16:45 <skram> how about the rubbish bin factory
17:17:19 <DoT|Phone> Haha
17:20:12 <skram> well was the fair thing helpful at all
17:20:53 <DoT|Phone> I talked to MANY ppl
17:21:07 <DoT|Phone> my brain is tired
17:22:53 <skram> did you talk to any good people tho
17:23:06 <skram> who were like
17:23:15 <skram> i like ur memes kid, you start on monday
17:24:08 <DoT|Phone> it's all machining or software development
17:24:20 <DoT|Phone> no mechatronics
17:25:03 <skram> well cnc machining is sorta related?
17:28:52 <DoT|Phone> kinda
17:29:35 <skram> running a cnc rig is a bit beneath your talents though
17:32:50 -!- Dot` [~quassel@94.3.131.220] has joined #tlponies
17:37:53 -!- DoT|Phone1 [~Dot@82.132.187.208] has joined #tlponies
17:41:12 <DoT|Phone1> Skram
17:45:01 -!- Camail [~Camail@45.40.84.145] has joined #tlponies
17:45:02 -!- mode/#tlponies [+v Camail] by Q
17:45:08 <skram> Yeah buddy?
17:45:11 <skram> Cam ail
17:45:17 <Camail> yo
17:45:19 <DoT|Phone1> cam butt
17:45:24 <Camail> ew
17:45:29 <Camail> ur so small
17:45:36 <Camail> and portable
17:46:11 <skram> naughty
17:46:30 <DoT|Phone1> irl too
17:55:44 -!- DoT|Phone [~Dot@94.3.131.220] has joined #tlponies
18:00:16 <Dot`> home
18:00:35 -!- tredc [~AdiIRC@c83-251-163-99.bredband.comhem.se] has joined #tlponies
18:01:01 <skram> welcome
18:01:04 <skram> we're watching bio do things
18:01:21 <Dot`> is he doing them in under 2 hours?
18:01:47 <skram> maybe?
18:12:18 <Dot`> vermintide skram?
18:12:45 <skram> not today i think
18:12:50 <skram> im sleepy af
18:16:57 <Dot`> https://www.twitch.tv/starcraft
18:17:00 <Dot`> poor mana
18:21:26 -!- DoT|Phone1 [~Dot@94.3.131.220] has joined #tlponies
18:31:41 <Dot`> .tell dub` https://imgur.com/gallery/rynZii7
18:42:46 <skram> i think im just gonna go to bed
18:42:48 <skram> im passing out
18:42:52 <skram> good luck Bio
18:43:10 <Dot`> gnight skram <3
19:46:06 -!- sweetiebot [~skybot@209.141.41.184] has joined #tlponies
20:41:53 <Dot`> runbun
21:05:35 <Dot`> Phearlock_ https://www.deviantart.com/evehly/art/The-Mighty-Rooster-of-Canterlot-753724704
21:08:03 <Phearlock_> majestic
21:08:10 -!- tredc [~AdiIRC@c83-251-163-99.bredband.comhem.se] has joined #tlponies
21:29:31 <Bio> asdf
21:31:25 <Dot`> bio <3
21:33:16 <Bio> wish i was better
21:33:22 <Bio> wish i didn't tilt sometimes
21:33:48 <Phearlock_> Everyone has a tilt threshold
21:42:00 <Bio> the alttp tourney race that just finished had a 1:15
21:42:02 <Bio> gebus
22:07:40 <Dot`> Kittybunny
22:08:14 <Kittybunny> Dot.
22:10:05 <Dot`> hello
22:10:12 <Dot`> hows it going?
22:11:00 <Kittybunny> I'm not sure. I should really be sleeping.
22:13:17 <Dot`> then sleep
22:13:22 <Dot`> and dream of blood
22:13:47 <Dot`> .tell skram https://imgur.com/gallery/x7cW09P
22:17:29 -!- reification [~reificati@cpc76294-cosh16-2-0-cust297.6-1.cable.virginm.net] has joined #tlponies
22:17:30 -!- mode/#tlponies [+v reification] by Q
22:17:39 <Dot`> reef\
22:17:40 <reification> hello tlp
22:17:58 <reification> i bak from the city
22:18:10 <Dot`> you shouldnt go to the city
22:18:33 <reification> it’s not always an option dot
22:19:20 <Dot`> true
22:19:31 <Dot`> glad you made it out
22:22:56 -!- Crisium [~Crisium@c-24-3-158-64.hsd1.pa.comcast.net] has joined #tlponies
22:26:25 <reification> me too
22:31:04 <reification> https://pbs.twimg.com/media/DhrycBvXcAIXBo1.jpg
22:34:16 <reification> bio burg thread https://twitter.com/satherax/status/1017191226502733830
22:34:43 <Bio> :clap:
22:44:09 <Dot`> Crisium!
22:52:36 <Camail> anyone quake
22:52:40 <Camail> also dot go to sleep
22:52:49 <Camail> it's like, tomorrow over there
22:54:10 <Crisium> ahoy
22:56:38 <Dot`> nah ah
22:56:45 <Dot`> 4 more minutes of today
22:57:36 <Camail> well, enjoy them
22:58:51 <Dot`> i shall
22:59:18 -!- tredc [~AdiIRC@c83-251-163-99.bredband.comhem.se] has joined #tlponies
22:59:18 <Dot`> is crit role todday?
23:01:27 <Bio> I believe so
23:07:42 <Bio> https://i.redd.it/4uaurwy66k911.jpg
23:07:57 <reification> heh
23:13:29 <Cane> I was just looking for something to watch, and then rapha and DaHanG go live. How considerate.
23:13:40 <Cane> Camail, if you're looking for something to watch.
23:13:59 <Camail> i'd rather play
23:18:04 <Dot`> cam, replace your arms with cyborg ones so you can play without pain
23:18:05 <Dot`> pls
23:18:51 <Camail> meh
23:23:16 <reification> night all
23:35:52 -!- Micen [~Micen@h42.72.23.98.dynamic.ip.windstream.net] has joined #tlponies
23:47:43 <Camail> man i cant figure out how to comfortably get to 400 all the time, getting like 370-380
23:48:49 <Camail> rapha destroyed them that game
23:49:57 <Cane> Camail, yeah I've been working on movement in custom games.
23:49:58 <Cane> Is hard.
23:50:37 <Cane> I've been relying on Crutch. Whenever I take the training wheels off though I slow right down.
23:50:47 <Cane> At least Slash is fun.
23:50:53 <Camail> getting speed is easy, but having control feels impossible
23:50:56 <Cane> Yep.
23:51:13 <Camail> and being able to get 400 immediately is nuts
23:51:28 <Cane> Well. I still struggle with the getting up to speed bit at times.
23:51:46 <Cane> Chaining strafe jumps into circle jumps into etc etc is brutal.
23:52:48 <Camail> if you run diagonally its pretty easy to
23:53:09 <Camail> so i think when they start running they turn sideways just to get that initial diagonal acceleration
23:53:19 <Camail> then i guess transition into strafe jumps
23:53:25 <Camail> dont really know at that point
23:54:22 <Cane> I've been learning the 90 degree turn jump to get up to speed right away, seems to be the most consistent way of doing it.
23:54:28 <Camail> lg feels like garbage vs protection
23:54:29 <Cane> So far it consistently rams me into walls tho.
23:54:59 <Camail> yea the actual directional control comes from strafing, but the mouse movements are pretty strict
23:55:24 <Cane> I need to just grind it for a week, but that's effort.
23:57:40 <Camail> yea, but it's just better to just do it in a match
23:58:12 <Camail> gonna have to juggle everything anyway, and being a lab monkey isn't that satisfying in this game
23:58:21 <Camail> unless you're already good
23:58:44 <Camail> these fade away rails are great
