00:03:25 <Bio> pls
00:16:47 <DuB`> https://www.twitch.tv/overwatchleague
00:24:21 <DuB`> Crisium we're just watching in discord now, you could come back. :P
00:27:45 <Runbunny> Dot`, https://i.imgur.com/04L4oSQ.mp4
00:28:14 <Dot`> skittish ferret
00:31:20 <Crisium> oh im in another discord sry
00:31:32 <Dot`> Dub https://imgur.com/gallery/fYeRK2f
00:31:48 -!- tredc [~AdiIRC@c83-251-161-94.bredband.comhem.se] has joined #tlponies
00:56:10 <reification> night all
00:56:14 <Bio> nn
00:56:36 -!- tredc [~AdiIRC@c83-251-161-94.bredband.comhem.se] has joined #tlponies
01:16:31 -!- Phearlock [~Phearlock@cm-84.215.115.144.getinternet.no] has joined #tlponies
01:16:31 -!- mode/#tlponies [+v Phearlock] by Q
01:18:01 <Dot`> Phear pon!
01:18:04 <Phearlock> Alright, That's Divinity 2 honor mode done.
01:18:10 <Bio> garts
01:18:32 <Phearlock> Not that hard tbh
01:18:54 <Phearlock> But had to not die.
01:53:56 <DuB`> Another Seoul 4-0
01:54:09 <DuB`> Now time for the two worst teams to compete for the bottom
01:59:24 <Dot`> i sleep now, gnight pons
01:59:25 <Dot`> <3
01:59:35 <skram> good night dot <3
02:00:21 <DuB`> nn dot!
02:01:50 <Dot`> dont forget to reread your spells skram, lest you forget how to fingergun
02:02:19 <skram> got it boss
02:02:40 <Dot`> we wouldnt want that
02:04:06 -!- Camail_ [~Camail@45.40.84.145] has joined #tlponies
02:04:06 -!- mode/#tlponies [+v Camail_] by Q
02:40:36 <skram> DuB` team florida should just change name to florida man
02:40:42 <skram> much better name
02:40:55 <DuB`> They're all ridiculous enough for the name to fit.
02:41:06 <CockRoach|42> .tell Rawr|Fone https://imgur.com/gallery/xW5yYDx
02:41:45 <skram> true true
02:43:13 <DuB`> CockRoach|42 that's amazing
02:49:01 <CockRoach|42> :)
02:53:16 <Camail_> DuB`  we need to play the division at some point
02:53:27 <Camail_> once we start getting exotics i imagine its somewhat fun
03:04:42 <Bio> when do crit role vods come out
03:04:55 <Bio> missed most of it
03:05:07 <DuB`> Monday?
03:05:15 <DuB`> Yeah Cam I'm free all tomorrow
03:05:29 <Camail_> cool
03:20:45 <Camail_> yea, and now they're public on youtube on day 1 so you don't have to use their website
05:22:08 -!- Golly [~Golly@1.92-221-121.customer.lyse.net] has joined #tlponies
05:54:20 -!- Rawr|Fone [~AndChat52@84-217-62-32.customers.ownit.se] has joined #tlponies
08:28:44 -!- Phearlock [~Phearlock@cm-84.215.115.144.getinternet.no] has joined #tlponies
08:28:44 -!- mode/#tlponies [+v Phearlock] by Q
09:01:48 <Dot`> Morning all
09:05:07 <DuB`> >_>
09:05:09 <DuB`> Good night.
09:07:16 <Dot`> gnight Dub!
09:07:17 <Dot`> <3
09:12:52 <Dot`> why you up so late
09:28:52 <Dot`> .tell skram https://imgur.com/gallery/41wXH
09:29:02 <DuB`> I was plej games
09:29:03 <DuB`> ACK
09:56:20 <CockRoach|42> https://78.media.tumblr.com/5665d0683d2116ca9944c85a0e0b9ae5/tumblr_inline_p1077wtCkx1tukj6h_540.jpg
10:52:43 -!- BioSC [~BioPon@108-72-8-181.lightspeed.stlsmo.sbcglobal.net] has joined #tlponies
10:53:35 <Dot`> bio?
10:54:43 <Dot`> .tell Dub` https://imgur.com/gallery/BaAnG
11:05:29 <Dot`> pon pon
11:05:31 <Dot`> Rawr rawr rawr
11:06:41 <Rawr|Fone> Dot dot dot
11:06:46 <Rawr|Fone> <3
11:07:03 <Dot`> <3
11:07:11 <Rawr|Fone> .tell CockRoach|42 <3
11:08:17 <CockRoach|42> <3
11:11:44 -!- reification [~reificati@cpc76294-cosh16-2-0-cust297.6-1.cable.virginm.net] has joined #tlponies
11:11:44 -!- mode/#tlponies [+v reification] by Q
11:12:20 <reification> hello tlp
11:12:22 <reification> https://twitter.com/AwardsDarwin/status/954172828026327041
11:13:26 <reification> .tell bio … https://pbs.twimg.com/media/DT7EfD-VwAALcHn.jpg
11:14:55 <Rawr|Fone> Good afternoon reef reef
11:15:45 <reification> good morning roar roar
11:15:54 <reification> .tell runbunny https://twitter.com/DatingSims/status/954471014800543744
11:16:21 <Dot`> hey reif
11:16:36 <reification> hey dotties
11:17:14 <reification> .tell DuB` :O https://twitter.com/MemeKaiserKrieg/status/954608292105355264
11:17:41 <reification> .tell runbunny https://pbs.twimg.com/media/DT-bn0TWkAAZFij.jpg:large
11:31:38 -!- Golly [~Golly@1.92-221-121.customer.lyse.net] has joined #tlponies
11:36:48 <Dot`> .tell dub` https://imgur.com/gallery/LuU63
11:57:42 -!- Rawr|Phone [~AndChat52@m83-185-90-44.cust.tele2.se] has joined #tlponies
12:01:08 -!- skram [~skram@109.203.14.204] has joined #tlponies
12:25:57 <Dot`> Skram!
12:30:08 <skram> Dot!
12:38:52 <Dot`> hows you
12:38:53 -!- carcinisation [webchat@cpc76294-cosh16-2-0-cust297.6-1.cable.virginm.net] has joined #tlponies
12:51:01 -!- BioHorse [~BioPon@108-72-8-181.lightspeed.stlsmo.sbcglobal.net] has joined #tlponies
12:55:56 -!- Bio [~BioPon@108-72-8-181.lightspeed.stlsmo.sbcglobal.net] has joined #tlponies
13:03:17 <carcinisation> .tell DuB` https://www.youtube.com/watch?v=IxS9XRTMAWI
13:17:53 <Dot`> what you up to skram
13:24:32 <skram> im playing cossacks, dot
13:24:35 <skram> its decent
13:24:38 <skram> what a boat you
13:24:48 <Dot`> nothinng!
13:24:54 <Dot`> i should do something
13:45:13 -!- carcinisation [webchat@cpc76294-cosh16-2-0-cust297.6-1.cable.virginm.net] has joined #tlponies
13:50:02 <carcinisation> .tell runbunny https://cdn.discordapp.com/attachments/352682011648851968/404242367541936128/ylmw8kaou0b01.png
13:51:37 <carcinisation> .tell dub` https://cdn.discordapp.com/attachments/400368104103870466/404169031239729152/image.jpg
14:17:42 -!- Bio [~BioPon@108.72.8.181] has joined #tlponies
14:17:52 <Dot`> bio
14:23:06 -!- Bio [~BioPon@108.72.8.181] has joined #tlponies
15:18:03 <Dot`> skram
15:48:57 <skram> YEAH BUDDY
15:53:24 <Dot`> HELLO
15:53:32 <Dot`> i forgot why i pinged you
15:54:34 <Rawr|Phone> Do you need a reason dot
15:55:07 <Dot`> probably not
15:56:09 <skram> i was destroying poland
15:56:50 <Dot`> how very german of you
15:57:05 <skram> thanks!
15:59:43 <skram> Dot`: https://imgur.com/gallery/KZjJv
16:02:47 <Dot`> you want stickers dont you skram
16:03:35 <skram> yes pls
16:04:06 <Dot`> if you earn it, of course you cna have stickers
16:31:02 <Dot`> skram, i wanted to buy a book but i needed to spend 20 pounds to get free shipping
16:31:17 <Dot`> i couldnt find anything for around 6 pounds i cared to aquire
16:31:40 <Rawr|Phone> D:
16:36:28 <Bio> get some chocolate
16:57:07 -!- DuB` [~DuB@66-219-235-64.dynamic.ip.veracitynetworks.com] has joined #tlponies
16:57:08 <DuB`> Weooo
16:57:29 <DuB`> FOUR .tells, waow
17:07:32 <Rawr|Phone> How popular you are dub
17:08:41 <DuB`> Only with ponies :P
17:19:30 <skram> Oh man
17:19:47 <Micen> dub could be popular anywhere
17:20:00 <skram> I went outside to start up my car and the friggin key wouldnt turn
17:20:21 <skram> now ive replaced ignition locks on old VWs outside in the cold before and let me tell you, its not a good time
17:20:36 <Micen> try melting the key, make it bend by any means possible. 
17:20:40 <DuB`> reification: "Oh, I'm in hot water! Better start rocking the boat!"
17:20:45 <skram> last time it took me 8 hours and it was -20c at the time
17:20:46 <DuB`> - xQc
17:21:02 <skram> FORTUNATELY, i was able to convince it with half a can of wd40
17:21:34 <skram> Dot`: Get Westerfield's LEVIATHAN series
17:21:36 <skram> its 5/7
17:23:38 <Bio> I just put in a new door latch on my old saturn ksrm
17:24:47 <skram> old cars are !FUN!
17:38:07 -!- Camail [~Camail@45.40.84.145] has joined #tlponies
17:38:07 -!- mode/#tlponies [+v Camail] by Q
17:39:49 <Camail> DuB`  Dot`  division in ~10 minutes?
17:41:50 <DuB`> oke
17:57:16 <DuB`> Game takes about 10 minutes to boot up and connect anyway...
18:00:28 <Camail> k, just finished up cleaning out some inventory
18:00:38 <Camail> Dot`  y/n?
18:05:36 <Dot`> i went to have a nap
18:05:43 <Dot`> hey dub, cam
18:05:55 <DuB`> Back just in time! :P
18:05:57 <Camail> we be playing division
18:06:28 <Dot`> i will join in a bit
18:06:42 <Camail> discrawd
18:07:36 <Camail> what does 'a bit' mean
18:07:42 <Camail> as in your joining now or in like 10 minutes
19:03:04 -!- tredc [~AdiIRC@c83-251-161-94.bredband.comhem.se] has joined #tlponies
19:11:30 <carcinisation> spitfire torb hype \o/
19:33:32 <Dot`> i back
19:33:35 <Dot`> hello horses
19:33:42 -!- tredc [~AdiIRC@c83-251-161-94.bredband.comhem.se] has joined #tlponies
19:34:11 <CockRoach|42> .roll d20 to hors hors
19:35:53 <Dot`> much horse
19:36:26 <Dot`> rawr rawr
19:36:45 <Rawr|Phone> Dot dot
19:36:51 <Rawr|Phone> <3
19:36:51 <Dot`> <3
19:36:56 <Dot`> did you win ping pong?
19:39:57 -!- tredc [~AdiIRC@c83-251-161-94.bredband.comhem.se] has joined #tlponies
19:46:07 <carcinisation> wb dotties
20:04:03 -!- Rawr|Fone [~AndChat52@c-a6c7db54.020-164-6d6c6d4.cust.bredbandsbolaget.se] has joined #tlponies
20:09:36 <Rawr|Fone> I am playing tomorrow dot
20:19:47 -!- Runbunny [~Runbunny@91.100.28.10.generic-hostname.arrownet.dk] has joined #tlponies
20:20:15 <Runbunny> Hai.
20:21:28 <Runbunny> oh carcinisation, my thesis is sorta kinda about that.
20:23:03 <carcinisation> :D
20:28:52 <Dot`> course it is runbun
20:30:08 <Runbunny> O:
20:41:58 -!- Rawr|Phone [~AndChat52@m83-185-90-44.cust.tele2.se] has joined #tlponies
20:44:25 <Dot`> i found a gif for you runbun https://i.imgur.com/2vufrSJ.gifv
20:49:50 <carcinisation> 5th map hype \o/
21:33:55 <Camail> https://gamerant.com/division-beat-incursion-clear-sky-guide/
21:36:41 -!- Golly [~Golly@1.92-221-121.customer.lyse.net] has joined #tlponies
21:45:29 <carcinisation> .tell bio pls enjoy terrible meme https://www.youtube.com/watch?v=8ggmvJpPI-s
21:45:39 <Bio> fuk yeh dawg
21:46:08 <Bio> ScatterTHOT
21:46:10 <Bio> my sides
21:57:29 <skram> what do you mean by terrible memes
21:57:45 -!- tredc [~AdiIRC@c83-251-161-94.bredband.comhem.se] has joined #tlponies
21:57:54 <skram> this is pretty great
22:00:56 <Dot`> jonas
22:01:44 <skram> bjørnas
22:02:03 <Dot`> hows you
22:02:27 <skram> i wanna sleep Dot`
22:02:32 <Dot`> nooo
22:03:29 <skram> oh and i bought gin
22:03:31 <skram> for dnd tomorrow
22:04:11 <Dot`> haha
22:06:31 <Dot`> skram https://imgur.com/gallery/kzOblZk
22:07:10 <skram> adorable
22:14:33 <Dot`> skram https://imgur.com/gallery/bK3ffcm
22:15:04 <skram> where do i buy alpacas dot
22:15:13 <Dot`> amazon
22:16:31 <CockRoach|42> .tell phearlock https://68.media.tumblr.com/5de6d9939ec0090ec6c9b58590e51cbf/tumblr_p2f82kPjnc1saxdrlo1_1280.png
22:20:42 -!- Crisium [~Crisium@73.174.51.128] has joined #tlponies
22:22:05 <Dot`> skram! https://imgur.com/gallery/43lZUJK
22:22:08 <Dot`> hey Crisium
22:22:16 <Crisium> howdy
22:25:02 <skram> darn tootin
22:30:03 <DuB`> I wonder how many weeks it'll take for a korean team to lose a single match.
22:31:17 <Crisium> not counting korea vs korea hehe
22:32:45 <carcinisation> spitfire game was good today
22:48:31 <Dot`> skram, the internet has good stuff today https://imgur.com/gallery/YqnLQRy
22:48:50 <skram> yeah its pretty great
22:48:56 <Dot`> Dub` https://imgur.com/gallery/MOt5m
22:49:48 <skram> smug looking fucker
22:51:01 <DuB`> hAHA
22:51:34 <DuB`> caps
22:52:00 <DuB`> Korean teams 12-0 in matches and 40-7 in games
23:02:19 <skram> semmler looks old now
23:09:17 <Camail> the only esport where NA is the strongest is marvel
23:09:25 <Camail> i really think that's the only one
23:32:44 <Dot`> skram its like 60 pounds for me to get to norway, i should visit for a weekend
23:32:47 <Dot`> i hear you have snow
23:35:18 <DuB`> Oh, I hadn't looked outside yet today lol
23:35:20 <DuB`> SNOOOOOOOOOOOOOOOOOOOOO
23:35:22 <DuB`> LOTSA SNOOO
23:35:31 <Dot`> SNOW
23:36:28 <Runbunny> O:
23:36:36 <Runbunny> well I have work tomorrow.
23:36:47 <DuB`> http://lswebcam.byu.edu/mjpg/LSB
23:37:03 <Dot`> this is snow!
23:37:09 <DuB`> https://marvin.byu.edu/Weather/cgi-bin/getTimpImage
23:37:27 <DuB`> Also this one lolol https://nexusapi.dropcam.com/get_image?width=1900&uuid=0731a258218a462f9c822c967170d36d
23:38:04 <Dot`> haha
23:42:12 <Dot`> https://amarynceus.deviantart.com/art/Daily-Doodle-531-726500823
23:54:53 <Dot`> https://amarynceus.deviantart.com/art/Daily-Doodle-523-725296595
23:54:57 <Dot`> panic horse
23:55:03 <Dot`> https://harwicks-art.deviantart.com/art/Dragon-of-Renown-726438709
23:55:16 <Dot`> https://sherwoodwhisper.deviantart.com/art/Swamp-Dweller-720781346
23:55:45 <Dot`> .tell phearlock https://inuhoshi-to-darkpen.deviantart.com/art/In-a-New-Light-725439318
23:56:01 <Dot`> https://the-wizard-of-art.deviantart.com/art/Days-Gone-By-719511585
23:58:28 <Dot`> skram must have gone to nap :(
23:58:39 <Dot`> what you up to dub
