00:14:18 <skrma> hey Cane are they doing grand finals today or is that tomorrow
00:14:36 <Cane> Today after collegiate, apparently.
00:14:48 <Cane> So I guess in about an hour maybe.
00:14:52 <skrma> collegiate?
00:15:04 <Cane> The college 2v2 finals coming up yeah.
00:15:08 <Dot> toothpaste skram
00:15:18 <Cane> After that should be the 2v2 open finals with Liquid vs Tox+Clawz.
00:15:23 <skrma> thats a very american thing
00:15:26 <skrma> college sports
00:16:55 <skrma> Dot: https://shop.lego.com/en-NO/Rough-Terrain-Crane-42082
00:17:08 <Dot> want
00:17:12 <skrma> same
00:17:18 <skrma> man if i had a million king haralds
00:17:20 <skrma> so many legos
00:17:50 <Bio> is that a lego crane to help you build larger legos
00:17:54 <Camail> i havent paid attention, is there a bracket
00:18:08 <Camail> is TL still in
00:18:15 <skrma> probably bio
00:18:26 <skrma> TL is playing the grand finals cam ail
00:18:36 <Camail> cool
00:18:44 <Camail> predictable but still nice
01:38:20 <Camail> is time?
01:40:53 <Camail> https://www.twitch.tv/quake
01:47:41 <skrma> very close so far
01:55:16 <Camail> holy shit
01:55:19 <skrma> what a fucking game
01:55:54 <Camail> dahang clutched that out hard
01:56:43 <skrma> quad take was clutch too
01:56:52 <Bio> 4 boxen of thing so far
01:57:26 <skrma> bio go to ikear and buy twice as many boxer than you think you need
01:57:47 <Bio> man doesn't ikea have like super flat boxen
01:58:07 <skrma> ya but you make them the big
01:58:09 <skrma> its their thing
01:58:46 <Bio> i c
01:59:01 <skrma> also, protip, dont make them the heavy
01:59:11 <skrma> better carry many small than few heavy
02:07:05 <Bio> true
02:07:12 <Bio> but i'll at least have help movin in
02:23:32 -!- Rawr|Fone [~AndChat52@84-217-62-32.customers.ownit.se] has joined #tlponies
02:27:07 <Camail> welp liquid kinda figured them out
02:28:00 <skrma> looks like it
02:28:31 <skrma> some great fuckin rails are helping too i bet
02:39:54 <Camail> 13-3, woof
02:51:20 <Camail> gg
06:25:34 -!- Dot` [~quassel@90.197.151.215] has joined #tlponies
07:17:29 -!- Dot [~quassel@90.197.151.215] has joined #tlponies
07:39:44 -!- Runbunny [~Runbunny@91.100.28.10.generic-hostname.arrownet.dk] has joined #tlponies
07:56:35 <CockRoach|42> https://scontent.fmmx1-1.fna.fbcdn.net/v/t1.0-9/39002819_2103203996416796_4065893037719420928_n.jpg?_nc_cat=1&oh=82bc457fa28d4be9240f4625e532e463&oe=5C00EDBC
08:50:05 <Dot> mornign all
08:50:31 <Runbunny> Hai Dot.
09:28:27 -!- Dot` [~quassel@90.197.151.215] has joined #tlponies
09:34:10 -!- BioSC [~BioPon@108-72-8-181.lightspeed.stlsmo.sbcglobal.net] has joined #tlponies
10:39:32 -!- Rawr|Phone [~AndChat52@m83-185-83-203.cust.tele2.se] has joined #tlponies
10:43:07 <Dot`> Rawr Rawr Rawr
10:45:34 <CockRoach|42> hors hors
10:46:13 <Dot`> cr 
10:46:17 <Dot`> hows your weekend?
10:46:41 <CockRoach|42> it's ok
10:50:48 <Rawr|Phone> Dot Dot Dot
10:51:10 <Dot`> <3
10:51:20 <Rawr|Phone> <3
11:02:29 -!- skram [~skram@82.147.53.128] has joined #tlponies
11:07:05 <Dot`> Skram <3
11:07:43 <skram> dot <3
11:26:51 -!- Dot [~quassel@90.197.151.215] has joined #tlponies
11:28:38 <Dot> how are you today skram
11:29:27 <skram> i have to go to work tomorrow
11:31:06 <Dot> D:
12:15:03 <Dot> do you tihnk a west marches could work skram? becuase the main reasons im looking at it is, its player driven, the group size can be anywhere from 4 to 50, and scheduling is loose
12:22:08 <skram> maybe
12:22:14 <skram> if we get 4 lads or more
12:30:04 -!- DoT|Phone [~Dot@90.197.151.215] has joined #tlponies
12:37:38 -!- Dot` [~quassel@90.197.151.215] has joined #tlponies
12:50:41 -!- carcinisation [webchat@cloak-31qdxqjw.6-1.cable.virginm.net] has joined #tlponies
12:50:50 <carcinisation> hello tlpons
12:50:53 <carcinisation> TIL https://en.wikipedia.org/wiki/Frank_Eugene_Corder
12:52:10 <DoT|Phone> hmm Skram. the idea is to have enough ppl that you mix and match ppl as available
12:52:17 <DoT|Phone> hey Reif!
12:53:56 -!- tredc [~tredc@c83-251-163-99.bredband.comhem.se] has joined #tlponies
12:56:40 <Runbunny> here DoT|Phone https://i.imgur.com/pXo89bd.mp4
12:56:44 <Runbunny> To save your day.
12:58:31 <carcinisation> hey dotties
12:59:40 <DoT|Phone> this had indeed improved my day
13:00:03 -!- tredc [~tredc@c83-251-163-99.bredband.comhem.se] has joined #tlponies
13:30:06 -!- Dot [~quassel@90.197.151.215] has joined #tlponies
13:30:31 -!- Zounds [webchat@cloak-wmbqgxv5.14-2.cable.virginm.net] has joined #tlponies
13:30:51 <Zounds> hey
13:31:58 -!- Dot`_ [~quassel@90.197.151.215] has joined #tlponies
13:33:36 <skram> haaay
13:37:14 <DoT|Phone> Zounds!
14:24:16 <Cane> https://www.twitch.tv/quake 1v1 duel tourney today. Shouldn't go too long.
14:24:28 <Cane> Probably won't be as interesting as 2v2 but there should be some good gameplay.
14:40:49 <Dot`_> Hey cane <3
14:50:18 <Cane> I made steak, salad, and fries. 
14:50:21 <Cane> I'd invite you all, but it's mine.
14:50:46 -!- Zounds [webchat@cloak-07ouvien.14-2.cable.virginm.net] has joined #tlponies
14:51:38 <Zounds> I'm nightshift 19:00 - 07:00 from tuesday to friday next week
14:51:52 <Zounds> gonna be a slow start to the WoW expac for me
14:52:26 <Zounds> I don't care much for the initial rush anyway so I'm not bothered much
14:52:53 <Zounds> I missed the current expac launch by a week and a bit and it was just fine :D
15:06:50 <skram> ach
15:06:57 <skram> 12 hour shifts are the worst zounds
15:12:51 <Zounds> They do make regular 8 hour shifts seem to pass in the blink of an eye though
15:12:56 <Zounds> ^^
15:13:21 <Cane> BioSC, still good https://clips.twitch.tv/BrightFragileOryxKappa
15:13:41 <skram> do you have stuff to do at least zounds
15:15:32 <Zounds> Mostly just patrols, I'm guarding equipment that is being dismantled
15:16:02 <Zounds> Gotta ward off any sneaky buggers who wanna mess with it during the night since it's in a public park
15:16:45 <Dot`_> will you get to shout at ppl with a thick scottish accent?
15:17:33 <Zounds> If I have to I suppose
15:17:58 <skram> do you have a truncheon
15:18:25 <Zounds> Nah
15:18:59 <Zounds> Only thing I have is a license that lets me put hands on with reasonable force without being charged with assault
15:19:33 <skram> so stern words and loving embraces
15:20:18 <Zounds> aye
15:20:43 -!- tredc [~tredc@c83-251-163-99.bredband.comhem.se] has joined #tlponies
15:20:59 <skram> so if im feelin lonely ill just break into your park
15:21:45 <Zounds> reasonable force can be quite varied
15:22:13 <Zounds> I had a colleague who had to incapacitate a drunk giant guy who was swinging at him by hitting him with a fire extinguisher
15:22:28 <Zounds> he wasn't punished for that
15:22:39 <skram> yeah and you wouldnt do that to someone doing a piss behind a park bench or something
15:22:51 <Zounds> No ofc :P
15:22:54 <skram> or it probably wouldnt be reasonable :p
15:23:34 <Zounds> Really we just have the same powers as almost anybody else, we're not police
15:23:45 <Zounds> We just might be more likely to use our powers of citizen arrest or something
15:24:12 <skram> ya exactly
15:52:12 -!- Rawr|Fone [~AndChat52@84-217-62-32.customers.ownit.se] has joined #tlponies
15:52:16 <BioSC> gmorn
15:52:24 <Bio> i slep in
15:52:45 <Dot`_> bio
15:53:39 <Bio> henlo
15:55:24 -!- Crisium [~Crisium@c-24-3-158-64.hsd1.pa.comcast.net] has joined #tlponies
15:57:36 <Dot`_> a Crisium!
15:57:47 <Crisium> tis a dot
16:02:33 <Rawr|Fone> A Dot`_
16:02:41 <Dot`_> Rawr!
16:02:46 <skram> .
16:04:20 <Rawr|Fone> 🐴🐴🐴
16:04:34 <Rawr|Fone> ●●●
16:09:12 <Dot`> rawr pls
16:09:14 <Dot`> calm down
16:10:33 <Rawr|Fone> Nvr
16:10:40 <Rawr|Fone> U pls
16:10:45 -!- tredc [~tredc@c83-251-163-99.bredband.comhem.se] has joined #tlponies
16:17:19 <Zounds> muh Crisium 
16:17:32 <Crisium> ahoy
16:36:27 <Zounds> do you fancy some overwatch Crisium ?
16:37:50 <carcinisation> oh no skram, it's bacKK again https://i.imgur.com/8FWqW1G.png
16:40:46 <skram> haha
16:41:15 <skram> did you go all in before the river card?
16:52:01 <Crisium> i need even boxes so i might  suffer though mystery heroes actually
16:53:42 <Zounds> you must really want boxes :o
16:54:47 <Zounds> its better hta
16:54:51 <Zounds> than nothing* though
16:54:58 <Zounds> so Ill join you if you do that
16:55:15 -!- tredc [~tredc@c83-251-163-99.bredband.comhem.se] has joined #tlponies
16:56:57 -!- DoT|Phone [~Dot@90.197.151.215] has joined #tlponies
17:03:12 <Crisium> lets go zounds
17:03:27 <carcinisation> i was all in preflop skram!
17:04:38 <Zounds> ok
17:20:52 <Zounds> skram: carcinisation care to join for some mystery heroes? NA server
17:27:45 <carcinisation> maybe in a bit if i bust sky tourney
17:28:09 <carcinisation> which is in 10mins or so
17:33:03 -!- Camail [~Camail@45.40.84.145] has joined #tlponies
17:33:03 -!- mode/#tlponies [+v Camail] by Q
17:54:33 -!- Rawr|Fone [~AndChat52@84-217-62-32.customers.ownit.se] has joined #tlponies
17:59:32 <Dot`> nah cam
18:00:22 <Camail> dot
18:06:47 <Dot`> .tell dub` https://imgur.com/gallery/7dlffwd
18:07:07 <CockRoach|42> 4/win 3
18:13:57 <Camail> https://www.twitch.tv/quake
18:14:52 <Camail> god 1v1 is slow
18:18:58 -!- DoT|Phone1 [~Dot@90.197.151.215] has joined #tlponies
18:31:18 <Cane> Yeah it is.
18:31:23 <Cane> There have been some hype games today though.
18:31:26 <Cane> How you doing Camail?
18:31:43 <Camail> doing well, started playing Tyranny, finally
18:31:48 <Camail> got it free on twitch awhile ago
18:32:12 <Camail> it's much more different than i expected
18:32:24 <Cane> Oh yeah, that Obsidian game I forgot existed. Hmm.
18:32:39 <Cane> I think there was a reason I skipped it, but I no longer remember what that reason was.
18:32:49 <Cane> It's probably a solid game.
18:47:44 <Bio> asdf
18:58:34 <Camail> it's been really fun so far, the spell crafting is pretty interesting
18:58:45 -!- tredc [~tredc@c83-251-163-99.bredband.comhem.se] has joined #tlponies
18:59:09 -!- Rawr|Fone [~AndChat52@84-217-62-32.customers.ownit.se] has joined #tlponies
19:50:45 <Cane> ggs
20:06:45 <Camail> tho it's really getting annoying that every fight has 2-3 ranged enemies targeting my healer the entire time
20:06:54 <Camail> it makes sense, it just isn't very fun
20:07:06 <Camail> never had that problem in either poe game
20:53:46 <Phearlock_> Hm, trying to remember if I even had a dedicated healer in tyranny
20:58:51 <Phearlock_> yeah I did. but I also had a lot of supportive abilities across the party which was neat.
20:59:02 <Phearlock_> Everyone had access to the small heal
21:00:14 <Phearlock_> Magic system was really neat in that game
21:00:30 <Phearlock_> Everyone could get access to some of the basic stuff with minimal investment
21:50:17 <Dot`> skram
21:51:23 <skram> yeah buddy?
21:58:41 <Dot`> hows you friend?
22:01:45 <skram> pretty brilliant lad
22:01:48 <skram> hows your face been
22:04:02 <Dot`> im doing ok
22:15:47 <Dot`> hows the lego skram?
22:15:50 <Dot`> all done yet
22:30:08 <skram> not yet
22:30:09 <skram> soon
22:45:04 <Dot`> your runnign out of time!
23:01:51 <Zounds> night horse
23:03:35 <Dot`> AH
23:03:43 <Dot`> hes gone. just like that
23:06:36 <Runbunny> Dot`, https://i.imgur.com/OL55vMD.mp4
23:06:44 <Dot`> awww hes so sad
23:10:45 -!- tredc [~tredc@c83-251-163-99.bredband.comhem.se] has joined #tlponies
23:15:15 <carcinisation> night all
23:19:19 <Cane> Nighty. <3
23:29:31 <Dot`> gnight reif!
23:47:41 -!- Camail [~Camail@45.40.84.145] has joined #tlponies
23:47:42 -!- mode/#tlponies [+v Camail] by Q
