00:05:49 <Crisium> not 50 matches!
00:08:01 <Camail> it just wants to keep your mmr down
00:08:06 <Camail> so the games are easier for you
00:09:10 <Runbunny> What a wholesome fox.
00:19:32 <Bio> https://i.imgur.com/PtLblwu.gifv
00:21:49 <Runbunny> Someone just rang my doorbell.
00:22:05 <Runbunny> It's 1:21 am.
00:25:49 <skram> open the fuckin door Runbunny
00:26:11 <Runbunny> I turned on the speaker but no one answered.
00:27:47 <Bio> spooks are not over for u
00:33:37 <Runbunny> :/
00:39:56 <Camail> it was me
00:39:59 <Camail> pranking you
00:47:22 <Runbunny> How nice of you to come by.
00:48:38 -!- DoT|Phone [~Dot@85.255.234.106] has joined #tlponies
00:48:43 <DoT|Phone> hedge
00:48:56 <DoT|Phone> I survived the drunk ppl of Leeds
00:49:27 <skram> did you do gin and tonics
00:49:30 <skram> without the gin of course
00:49:40 <DoT|Phone> Skram snela
00:49:46 <skram> i am snel as heck
00:50:01 <DoT|Phone> I had so much coke
00:50:25 <Runbunny> O:
00:50:32 <skram> uh oh
00:51:55 <DoT|Phone> as someone that's just been on a 2 day health and safety course I can guarantee all those places I went to should provide ear protection
00:52:03 <DoT|Phone> bloody awful rackets
00:52:30 <skram> you're such a SQUARE, DoT|Phone
00:52:33 <DoT|Phone> "music"
00:53:02 <DoT|Phone> playing bad music more loudly doesn't make it better Skram!
00:53:08 <skram> Not that my life is any more exciting, mind. I spent my friday evening peeling almonds
00:53:19 <skram> uh excuse you but as we all know more loud = more better
00:53:42 <DoT|Phone> Skram living the life
00:54:17 <skram> im reminiscing about all the times I DIDNT have the hiccups because now I do and I wish I was in a coma instead
00:54:32 <DoT|Phone> oh dear
00:55:14 <Runbunny> Boo Jonas.
00:55:36 <DoT|Phone> what exciting stuff you get up to Runbun
00:57:34 <Runbunny> I was watching some youtube videos to distract me from the ghost that rang my doorbell 40 min ago.
00:57:56 <DoT|Phone> always kick ghosts
00:58:08 <DoT|Phone> they are weak to boots
00:59:55 <Runbunny> But aren't ethereal beings strong versus physical objects?
01:00:13 <Runbunny> Maybe I don't own the right brand of ghost kicking boots.
01:00:32 <DoT|Phone> but shoes have souls
01:01:27 <Runbunny> Yes...?
01:01:37 <Runbunny> Elucidate me Dot.
01:01:54 <DoT|Phone> I did already
01:02:08 <Runbunny> I'll buy a hint more then.
01:02:29 <DoT|Phone> and I should sleep. I am up in about 5 hours
01:02:54 <Runbunny> I should sleep as well.
01:03:03 <DoT|Phone> Runbun trust me. you see a ghost. especially the small kind around Halloween. kick it
01:03:04 <DoT|Phone> hard
01:03:05 <Runbunny> But Ghost-chan. :/
01:05:54 <Runbunny> DoT|Phone, skram https://i.imgur.com/8LsMxiZ.mp4
01:07:08 <skram> ill take 9
01:25:26 <Runbunny> well I am going to go sleep.
01:27:18 <skram> no
01:31:51 <Runbunny> Yes~
01:39:08 <Bio> I SPENT MY FRIDAY ON THE COMPUTER
01:39:13 <Bio> EVERYTHING I EVER DREAMED
01:39:24 <Bio> https://i.imgur.com/qa0qfLa.gifv
01:39:27 <Bio> have a thing skram 
01:41:45 <Crisium> https://twitter.com/all_nations2/status/1058246088514134018
01:43:56 <skram> ah fuck yeah bud
02:23:33 <skram> crisium old pal, did you do placements yet
02:23:38 <Crisium> god no
02:23:55 <Crisium> i always wait a while cause once i start i have to play every week to avoid decay
02:24:20 <skram> i got breaking news for ya
02:24:23 <skram> doomfist still fuckin sucks
02:24:33 <Crisium> by sucks you mean hes OP?
02:24:48 <Crisium> Jeff said nerf to Rocket Punch next PTR
02:32:40 <skram> just remove him entirely
02:33:33 <Crisium> are you comping skram
02:33:38 <skram> ye
02:33:49 <Crisium> oh no
03:02:49 <skram> think im done now
03:02:50 <skram> >:(
03:05:17 <Crisium> oh no
03:06:51 <skram> overwatch suuuuuuucks
03:16:31 <Crisium> no u
03:52:15 <skram> cris u left so quick
04:37:48 -!- Rawr|Fone [~AndChat52@84-217-62-32.customers.ownit.se] has joined #tlponies
05:32:31 -!- Rawr|Fone [~AndChat52@84-217-62-32.customers.ownit.se] has joined #tlponies
05:47:37 -!- Rawr|Fone [~AndChat52@84-217-62-32.customers.ownit.se] has joined #tlponies
06:32:08 <DoT|Phone> morning
06:37:00 <skram> good morning dot old pal
06:37:11 <skram> you're up early considerin' its a saturday and all
06:37:13 <DoT|Phone> Skram my friend
06:37:21 <DoT|Phone> as are you
06:37:31 <skram> aye i shoulda been in bed ages ago
06:37:47 <DoT|Phone> you need to be awake for the DnD
06:38:11 <skram> are we doin dnd today?
06:38:17 <skram> i thought dub was gone again
06:39:35 <DoT|Phone> pretty sure bio plans to carry on
06:39:47 <skram> alright then
07:07:21 <skram> well better get to bed then if I wanna wake up before 9
07:27:21 -!- DoT|Phone1 [~Dot@85.255.232.91] has joined #tlponies
07:29:27 -!- DoT|Phone2 [~Dot@148.252.129.105] has joined #tlponies
07:38:05 -!- DoT|Phone [~Dot@148.252.129.105] has joined #tlponies
07:39:35 -!- DoT|Phone1 [~Dot@148.252.129.105] has joined #tlponies
07:42:59 -!- DoT|Phone [~Dot@148.252.129.105] has joined #tlponies
07:48:48 -!- DoT|Phone1 [~Dot@85.255.237.239] has joined #tlponies
07:50:31 -!- DoT|Phone [~Dot@185.69.145.117] has joined #tlponies
07:52:42 -!- DoT|Phone2 [~Dot@185.69.145.117] has joined #tlponies
07:57:50 <DoT|Phone2> woops
08:18:49 -!- DoT|Phone [~Dot@2.124.199.240] has joined #tlponies
08:18:57 -!- Golly [Golly@cm-84.212.249.112.getinternet.no] has joined #tlponies
08:22:32 -!- DoT|Phone1 [~Dot@2.124.199.240] has joined #tlponies
08:30:45 -!- Dot [~quassel@2.124.199.240] has joined #tlponies
08:43:19 <Rawr|Fone> Dot pls
08:43:24 <Dot> rawr
08:43:26 <Dot> i fixed it
08:43:45 <Rawr|Fone> Good job!
08:51:26 <Dot> thanks rawr
08:51:35 <Dot> you got ping pong practice today
08:53:05 <Rawr|Fone> Yes
08:59:20 <Dot> good
09:03:01 <Rawr|Fone> What are your plans for today my dear dot
09:03:41 <Dot> i dont know rawr
09:03:46 <Dot> relax i guess
09:07:20 <Dot> .tell phearlock https://greyartpost.tumblr.com/image/179566357889
09:50:52 -!- tredc [~tredc@c83-251-162-37.bredband.comhem.se] has joined #tlponies
12:02:45 -!- reification [~reificati@cpc76294-cosh16-2-0-cust297.6-1.cable.virginm.net] has joined #tlponies
12:03:07 <Dot> reif!
12:08:43 <reification> dotties!
13:57:07 -!- DuB_phone [~AndChat71@207.110.29.138.ptr.us.xo.net] has joined #tlponies
13:57:46 <DuB_phone> Formally accepter PwC NYC job, it's official!
13:57:46 <reification> dot https://www.reddit.com/r/CasualUK/comments/9tltxj/a_what_you_mean_a_pasty_found_in_america/
13:58:45 <Dot> america is the weirdest
14:00:05 <DuB_phone> Haha 
14:06:36 <Dot> DUB
14:06:40 <Dot> its so cold
14:13:32 <DuB_phone> DOT
14:13:39 <DuB_phone> Get cozy!
14:25:20 <DuB_phone> Oh they announced mobile Diablo by a third party company lol
14:25:26 <DuB_phone> And got booed LOL
14:25:36 <reification> it was not well received
14:25:49 <Dot> i like that one red shirted guys question
14:30:55 <DuB_phone> So sad to be missing owwc today T_T
14:30:59 <DuB_phone> Canadaaaaaa
15:01:37 <DuB_phone> Gonna go check out and get some RAMEN
15:01:44 <Dot> gl
15:25:03 <Bio> neigh
15:25:20 <Dot> bio
15:25:48 <Bio> morn
15:26:52 <Dot> is dnd still thing today bio?
15:27:12 <Bio> yup
15:47:02 -!- Crisium [~Crisium@c-73-174-151-51.hsd1.pa.comcast.net] has joined #tlponies
16:10:27 -!- Westy543 [~Westy543@c-73-93-93-161.hsd1.ca.comcast.net] has joined #tlponies
16:10:31 -!- mode/#tlponies [+v Westy543] by Q
16:22:48 <Rawr|Fone> 🐴🐴🐴
16:38:47 <Dot> Rawr Rawr Rawr
16:39:07 <Rawr|Fone> Dot Dot Dot
16:39:16 <Dot> <3 <3 <3
16:39:17 <Rawr|Fone> <3
16:39:23 <Rawr|Fone> <3 <3
16:39:25 <Bio> pony ony
16:39:26 <Bio> <3
16:39:56 <Crisium> Yeet
16:40:23 <Bio> *dabs furiously*
16:50:01 -!- DuB_phone [~AndChat71@207.110.29.138.ptr.us.xo.net] has joined #tlponies
16:54:14 <Dot> daab
16:55:08 <DuB_phone> daat
16:56:42 <Dot> hows the big city?
16:59:15 <DuB_phone> Always good 
16:59:35 <DuB_phone> Had some ramen+gyuudon and about to explode 
16:59:42 <DuB_phone> 2much food 
17:01:12 <Dot> where is skram
17:01:23 <Dot> .tell skram https://imgur.com/gallery/04zgpbY
17:18:30 -!- Camail [~Camail@45.40.84.145] has joined #tlponies
17:18:31 -!- mode/#tlponies [+v Camail] by Q
17:18:57 <Dot> well, then there's cam
17:19:38 <Bio> asdf
17:55:26 <Camail> yup
17:59:34 -!- skram [~skram@82.147.53.97] has joined #tlponies
17:59:50 <Bio> its a skramalam
17:59:56 <Dot> Skram!
18:01:06 <skram> ayy lads
18:01:10 <skram> ive been BAKIN
18:01:22 <Bio> What a lad
18:02:05 <skram> alls i need now is some belgian choc o lat
18:02:15 <Dot> oh dear
18:03:49 <skram> trust me im a responsible adult
18:06:54 <Bio> i have some belgian choc icecream
18:07:21 <skram> ice cream in november??
18:07:23 <skram> bio u cray
18:07:37 <Bio> its cozy af in my apartment tho
18:08:02 <skram> damn son
18:08:33 <skram> did you get some mother fuckin fairy lights up in this bitch?
18:10:08 <Dot> tried to play dorf fort, had 3 layers of aquifiers :/
18:10:14 <Bio> i dont even know what that is skrm
18:10:18 <Bio> rip
18:10:31 <Bio> i turn that shit O F F 
18:10:43 <Dot> i forgot
18:11:11 <Dot> but normaly its not too bad, you just dig a large block out and drop it in
18:11:19 <Dot> and it collapses through the layer
18:11:41 <Dot> creating a nice vertical tunnel through 
18:11:52 <skram> bio my son, its how take the coziness to another fuckin level
18:12:04 <skram> gonna b so cozy you aint gonna wanna leave
18:12:07 -!- DuB_phone [~AndChat71@ip-99-203-55-55.pools.spcsdns.net] has joined #tlponies
18:12:30 <skram> whats up sk8r boi
18:12:43 <Bio> fuckin love being cozy
18:16:58 -!- Rawr|Phone [~AndChat52@m83-185-82-15.cust.tele2.se] has joined #tlponies
18:28:35 <DuB_phone> :D
18:44:19 <Crisium> :O
18:52:28 <skram> kris
18:52:35 <Bio> neigh
18:58:29 <Dot> skram
18:58:32 <Dot> you horse
19:00:01 <skram> how fuckin dare you
19:01:24 <DuB_phone> Aeroroplain back in 1hr
19:01:26 <DuB_phone> Zzz
19:08:35 <Bio> https://www.youtube.com/watch?v=Acz2cPiaqKw
19:58:01 <Dot> skram rawr https://imgur.com/gallery/0RvpXpX
20:05:02 <Dot> phearlock https://www.deviantart.com/crispytee/art/Charity-Event-Trixie-681761018
20:06:57 <Dot> https://66.media.tumblr.com/c4d0963ffe01eec6c9eb81b4ebcff6a0/tumblr_ph610sOJBu1w75dofo4_1280.jpg
20:19:47 <Crisium> pangolin
20:40:30 <skram> .tell dub` https://imgur.com/gallery/y9xmyEc
20:51:59 -!- Runbunny [~Runbunny@91.100.28.10.generic-hostname.arrownet.dk] has joined #tlponies
20:52:08 <Runbunny> MY headset isn't working anymore :/
20:52:19 <Runbunny> I am mildly upset.
20:55:13 <CockRoach|42> :|
21:05:47 <Dot> this is not good runbun
21:07:43 <Runbunny> I only have a bluetooth speaker to replace it.
21:13:24 -!- Zounds [webchat@cloak-wmbqgxv5.14-2.cable.virginm.net] has joined #tlponies
21:13:37 <Zounds> hi pons
21:13:42 <Runbunny> Hai Zounds.
21:14:04 <skram> zounds pal
21:14:07 <Zounds> Seems like overwatch world cup was a rare highlight of UK esports
21:14:11 <skram> where you been all day
21:14:23 <Zounds> work my dood
21:16:31 <skram> did you get to bounce any chavs
21:17:30 <Zounds> we don't have chavs here
21:17:34 <Zounds> they are called neds
21:18:04 <skram> oh right
21:18:22 <Zounds> I didn't have to bounce any today
21:18:30 <skram> do you have pikeys though
21:18:39 <Zounds> Spent some time talking to an old school ned though
21:18:58 <Zounds> we do have pikeys
21:19:05 <Zounds> though that's a slur I think
21:19:54 <Dot> https://www.twitch.tv/starcraft
21:20:25 <Zounds> not that I've ever met a gypsy/traveller/pikey who wasn't human garbage
21:20:33 <Zounds> but whatever
21:28:03 <Runbunny> Dot, https://i.imgur.com/hBNlPvv.mp4
21:28:07 <Runbunny> Water puppies.
21:28:59 <Dot> runbun https://imgur.com/gallery/QWLV3rg
21:32:52 <Runbunny> Like if you ever need to move a lion or a tiger, just but a cardboard box in a cage and it'll go in there all by it self.
21:32:58 <Runbunny> You probably don't need a cage at all.
21:48:52 <Dot> skram https://imgur.com/gallery/ZaFEzcs
21:56:02 <Dot> runbun https://imgur.com/gallery/snBMYt3
22:08:17 <Runbunny> Those are some pristine teeth
22:40:32 <Dot> where is that dub
22:40:35 <Dot> such a long flight
22:43:27 <Runbunny> Held up at the airport?
22:43:37 <skram> "random" search
23:31:25 <Bio> THIS MAN IS A HORSE
23:31:32 <Dot> lvl 6 skram!
23:31:37 <Dot> never thought i would see the day
23:32:06 <Dot> this adventure was to 8 or 9 or something
23:32:10 <Dot> i cant recall
23:47:25 <Bio> 7 or 8 yeah
23:48:45 <Bio> also
23:48:48 <Bio> ?biostream
23:48:56 <Bio> alttp rando
23:49:06 <Dot> ORI
23:59:33 <Dot> cane, there is now ori in Bio rando runs!
23:59:50 <Cane> Oooo <3
23:59:53 <Cane> Yes pls.
23:59:57 <Cane> Watching SC2 grand finals though.
