00:00:54 <reification> ok i'm on na
00:01:01 <Bio> pls
00:01:13 <Bio> i try my darndest to slay the folks
00:01:18 <Bio> but they always win
00:01:32 <DuB`> Usually dot-slaying
00:01:47 <Bio> Man, i only killed dot that one time
00:02:38 <Dot> 2 of the 4 crits you rolled where against me and you only missed 3 times against my high AC  
00:03:02 <Dot> im just going to multiclass sorceror and get shield bio
00:03:04 <Dot> its fine
00:04:26 <Cane> Camail, DaHanG + rapha 2v2 streams.
00:04:36 <Bio> licherally unhittable
00:04:47 <Bio> (unless i crit, cuz i do that a bunch)
00:10:13 <Dot> and never show your dice
00:10:33 <Bio> yup
00:11:01 <Bio> cuz i couldn't figure it out how to change it and its far to late to change now
00:11:04 <Bio> :)
00:11:19 <Dot> its litrally in bright red at the top of character sheets
00:11:39 <Dot> dub why do other ppl get to play Satisfactory
00:12:04 <Bio> :)
00:12:42 <DuB`> I dunno Dot T_T
00:12:46 <DuB`> Never luck
00:14:01 <Bio> i don't even know what that is
00:15:39 <Dot> no gaming for you bio, you have to read DM stuff and prepare encounters
00:17:47 <Bio> yeh rip
00:19:00 <Dot> https://www.youtube.com/watch?v=4-7TtPX5uhg
00:19:10 <Dot> Toady does presentations in paint
00:19:11 <Dot> lol
00:42:01 <Dot> Bio https://www.satisfactorygame.com/
00:42:11 <Dot> its first person factorio
00:49:59 <Dot> Tarn is a smart man
00:50:13 <Dot> time for sleep
00:50:16 <Dot> gnight
01:40:58 <reification> night all
01:48:33 <Zounds> nn reif
01:48:35 <Zounds> and nn pons
02:54:30 <Crisium> https://www.twitch.tv/sfshock
02:54:40 <Crisium> valiant vs shock
03:05:05 <DuB`> California cup with no LAG!
03:05:06 <DuB`> pff
03:20:51 -!- Rawr|Fone [~AndChat52@84-217-62-32.customers.ownit.se] has joined #tlponies
03:58:02 <DuB`> MMMM In 'n Out
06:26:11 -!- Rawr|Fone [~AndChat52@84-217-62-32.customers.ownit.se] has joined #tlponies
08:34:22 <Camail> Thronebreaker is a really fun game
08:34:47 <Camail> gwent is almost entirely different, but still quite fun
08:35:31 <Camail> obviously it's a better game. the only problem is that once you have a real deck then it becomes easy, and kinda one-note
09:02:08 -!- Dot [~quassel@2.124.199.240] has joined #tlponies
09:02:32 <Dot> mornign all
09:10:55 <CockRoach|42> morning
09:15:54 <Dot> cr!
09:27:29 <CockRoach|42> <3
09:32:28 <Dot> <3
09:51:24 <Dot> Rawr Rawr RAwr
09:52:14 <Rawr|Fone> Dot Dot DOt
09:52:18 <Dot> <3
09:52:22 <Rawr|Fone> <3
09:52:25 <Dot> how was ping pong yesterday?
09:52:55 <Rawr|Fone> It didn't go very well
09:53:06 <Dot> :(
09:55:25 <Dot> more today?
09:55:28 <Rawr|Fone> What is it like having real internet dot
09:55:33 <Rawr|Fone> Rest day today
09:56:22 <Dot> its great rawr
11:25:54 -!- Golly [Golly@cm-84.212.249.112.getinternet.no] has joined #tlponies
12:38:58 -!- DoT|Phone [~Dot@2.124.199.240] has joined #tlponies
13:39:39 -!- Dot [~quassel@2.124.199.240] has joined #tlponies
14:11:17 <CockRoach|42> https://imgur.com/gallery/ehM3wYw
14:38:30 -!- reification [~reificati@cpc76294-cosh16-2-0-cust297.6-1.cable.virginm.net] has joined #tlponies
14:40:27 <Dot> reif!
14:40:47 <reification> dotties!
14:41:35 <reification> i applied for the satisfactory alpha thing as you keep talking about it :p
14:44:13 <CockRoach|42> .tell Rawr|Fone https://imgur.com/gallery/XeKUtXa
14:48:04 <reification> .tell runbunny https://twitter.com/bunnyarchive/status/1057214170888892416
14:57:21 <Dot> watch you get into it now reif while dub and I languish without it
15:15:29 <DoT|Phone> I kinda want to play don't starve again
15:15:34 <DoT|Phone> I never got past winter
15:39:31 -!- carcinization [~reificati@cpc76294-cosh16-2-0-cust297.6-1.cable.virginm.net] has joined #tlponies
15:51:19 -!- DoT|Phone [~Dot@185.69.145.234] has joined #tlponies
16:19:21 -!- skram [~skram@82.147.53.97] has joined #tlponies
16:25:33 -!- BioPhone [~androirc@97.70.181.149] has joined #tlponies
16:28:24 <Bio> morn
16:28:42 <Bio> i need to go store
16:28:46 <Bio> and purchase foods
16:38:28 -!- DoT|Phone [~Dot@85.255.237.135] has joined #tlponies
16:42:07 <DoT|Phone> pon
16:44:53 <skram> dot
16:45:22 <DoT|Phone> Skram!
16:45:43 <DoT|Phone> hello friend
16:46:07 <skram> old buddy old pal
16:46:10 <skram> hows the you
16:46:42 <DoT|Phone> good. a bit sleepy
16:46:44 <DoT|Phone> you?
16:47:31 <skram> mostly good i think
16:47:36 <skram> gettin kinda hungry tho
16:47:55 <DoT|Phone> do you have more cake?
16:49:36 <skram> nope
16:49:45 <skram> i think it got ate or something
16:50:24 <DoT|Phone> Oh dear
16:51:34 <skram> thats a good thing dot
16:53:16 -!- Zounds [webchat@cloak-wmbqgxv5.14-2.cable.virginm.net] has joined #tlponies
16:57:01 -!- BioPone [~androirc@mobile-166-176-249-63.mycingular.net] has joined #tlponies
16:57:01 -!- BioPhone [~androirc@mobile-166-176-249-63.mycingular.net] has joined #tlponies
17:07:10 <Zounds> blap
17:07:14 <Zounds> whats up pons
17:15:01 <DoT|Phone> hey Zounds
17:15:47 -!- Dot [~quassel@108.48.198.146.dyn.plus.net] has joined #tlponies
17:16:43 -!- Rawr|Fone [~AndChat52@84-217-62-32.customers.ownit.se] has joined #tlponies
17:36:44 <Dot> .tell dub` https://imgur.com/gallery/VJkwOqZ
17:45:54 <carcinization> dot we could do some not starving this evening?
17:51:46 -!- BioPone [~androirc@mobile-166-176-249-63.mycingular.net] has left #tlponies
17:51:53 <BioPhone> Neigh
17:53:27 <BioPhone> I saw a bird at the pet store today
17:53:31 <BioPhone> It did a lick
17:56:54 <Dot> hmmm
18:00:09 <Dot> skram https://imgur.com/gallery/6BvQNXD
18:01:18 <skram> very effective
18:03:20 <skram> its fine
18:03:23 <skram> nobody lost limbs
18:03:50 <skram> unless ear drums are considered limbs of course
18:07:55 <Dot> no one in view*
18:14:38 <Dot> do you recall how to not starve reif?
18:14:46 <Dot> becuase i recall very little
18:14:56 <Dot> besides entire plantations burning
18:16:05 <carcinization> look i was about to die as the last player and needed light. sacrifices had to be made
18:16:09 <carcinization> :p
18:16:26 <carcinization> i can't remember much
18:21:43 <skram> druffalo hats
18:24:03 <Dot> BEEFALO
18:25:35 <skram> haha yes
18:48:25 -!- Zounds [webchat@cloak-wmbqgxv5.14-2.cable.virginm.net] has joined #tlponies
18:52:43 -!- BioPone [~androirc@38.142.65.19] has joined #tlponies
18:56:58 <Dot> i got 5 choc chip cookies for 25 pence
18:57:09 <Dot> they are larger than my palm
18:58:41 <Golly> strange flex but ok
19:00:53 <skram> how large is your palm Dot
19:01:50 -!- Crisium [~Crisium@c-73-174-151-51.hsd1.pa.comcast.net] has joined #tlponies
19:05:19 <Dot> pretty small skram
19:05:23 <Dot> hey Crisium
19:05:32 <Crisium> oi
19:15:08 <Dot> .tell runbunny https://imgur.com/gallery/n4MMydN
19:19:44 -!- Rawr|Fone [~AndChat52@84-217-62-32.customers.ownit.se] has joined #tlponies
19:20:13 <Dot> rawr rawr rawr
19:21:58 -!- BioPone [~androirc@mobile-166-176-249-100.mycingular.net] has joined #tlponies
19:22:26 <Rawr|Fone> dot dot dot
19:22:34 <Dot> <3
19:22:38 <Rawr|Fone> <3
19:22:40 <Dot> how was your rest day?
19:24:00 <Crisium> https://twitter.com/PicturesFoIder/status/1061656725793751040
19:24:07 <Rawr|Fone> Not very eventful dot
19:24:56 <Dot> sounds nice
19:52:16 <Dot> .tell phearlock https://greyartpost.tumblr.com/image/179985466689
19:58:13 -!- DuB` [~DuB@66-219-235-226.dynamic.ip.veracitynetworks.com] has joined #tlponies
19:58:23 <DuB`> Watashi ga kita kara!
19:58:40 <Dot> calm pls
19:59:20 <Zounds> hi dub
19:59:28 <DuB`> Hallu
20:00:55 <DuB`> This is a fantastic dump, dot
20:01:11 <DuB`> manybirb
20:02:57 <carcinization> https://www.youtube.com/watch?v=yuiovsy_SLs
20:03:21 <carcinization> .r nicebird https://www.youtube.com/watch?v=yuiovsy_SLs
20:14:25 <Dot> birb
20:22:24 <DuB`> TL v Astralis in major finals http://live.intelextrememasters.com/
20:23:11 <carcinization> i saw liquid rather dumpstered faze in the latter parts of the semis
20:23:22 <DuB`> Yup haha
20:30:31 -!- Rawr|Fone [~AndChat52@84-217-62-32.customers.ownit.se] has joined #tlponies
20:30:37 -!- Camail [~Camail@45.40.84.145] has joined #tlponies
20:30:38 -!- mode/#tlponies [+v Camail] by Q
20:31:37 <Bio> n
20:31:39 <Bio> e
20:31:39 <Bio> i
20:31:39 <Bio> g
20:31:40 <Bio> hg
20:33:10 <DuB`> nuh uh
20:33:41 <Bio> yeah huh
20:33:46 <Bio> i did enough adulting today
20:34:00 <Bio> time to be horse
20:34:29 <Zounds> you are an adult bio
20:34:32 <Zounds> anything you do is "adulting"
20:34:42 <Bio> :thinking:
20:42:38 <Dot> bio, be horse alll the time
20:42:52 <Zounds> Crisium DuB` skram carcinization Micen any OW stack this evening?
20:43:58 <carcinization> not just yet for me
20:44:01 <DuB`> Yus of course
20:44:23 <Zounds> ping me when folks wanna go for it
20:47:25 -!- tredc [~tredc@c83-251-162-37.bredband.comhem.se] has joined #tlponies
20:51:44 <Micen> Works for me
20:52:03 <Micen> ping me in discord should i not respond here
20:53:49 <Camail> oh snap, AC odyssey got cracked
20:55:02 <Bio> nice
20:58:44 <Camail> https://www.twitch.tv/esl_csgo
20:58:55 <Camail> DuB`  ^
21:00:17 <DuB`> Am watching!
21:00:31 <DuB`> Watched semis thrashing of faze last night too :D
21:04:52 <Zounds> maybe we should in-house some csgo
21:04:58 <Zounds> 2v2 at one bombsite
21:08:13 <DuB`> Oooh
21:08:52 <Camail> we would need a private server
21:11:17 <Zounds> bah
21:12:03 <Camail> or find a community server that has wingman set up
21:12:52 <Camail> yea, there's a few
21:13:03 <Camail> just hopping on a community server wont be hard
21:13:42 <Zounds> nice
21:13:43 <Camail> whoever wants to do it would just need the ip
21:14:02 <Zounds> I need to install the game and stuff but i'd be up for shooting some pons tomorrow evening
21:14:12 <Zounds> camail you're on my team
21:16:16 <DuB`> Haha
21:18:09 <Camail> sounds good
21:29:14 <DuB`> carcinization gogo?
21:29:35 <carcinization> i almost finished reading
21:30:19 <Camail> tl will probably lose
21:30:24 <Camail> astralis hasnt lost on nuke yet
21:30:41 <Camail> and getting pistol on t side is basically victory
21:31:06 <Camail> because tl force boguht on r2? weird
21:34:11 -!- Rawr|Fone [~AndChat52@84-217-62-32.customers.ownit.se] has joined #tlponies
21:44:55 <Zounds> micen eu
21:45:08 <Crisium> you forming the stack?
21:45:21 <Zounds> yes
21:45:33 <Zounds> 5 if yourself and micen appear
21:45:55 <DuB`> 3EU 2NA if no skram ;D
21:46:01 <DuB`> Er, the other way around
21:46:27 <Crisium> NA it is then
21:46:34 <Zounds> yepp
21:49:46 <Camail> NITRO
21:49:48 <Camail> WHAT THE FUCK
22:28:46 -!- DoT|Phone [~Dot@108.48.198.146.dyn.plus.net] has joined #tlponies
22:41:24 <Bio> bois
22:41:26 <Bio> henlo
22:42:26 <DoT|Phone> hedge
22:44:55 <Bio> henlo
23:18:16 <Camail> astralis win, surprising no one
23:18:33 <DoT|Phone> I'm shocked
23:18:56 <skram> They didnt choke?
23:19:12 <DoT|Phone> and now I'm up late again because reading
23:19:16 <DoT|Phone> Gnight all
23:19:22 <skram> good night buddy
23:20:53 <DoT|Phone> <3
23:27:00 <Bio> nn mr dot
23:27:02 <Bio> cya tom
23:28:10 <skram> whos tom
23:29:18 <Bio> *narrows eyes*
23:29:24 <Bio> don't worry about it
23:29:46 <skram> good job
23:29:50 <skram> you made me worried now
23:30:07 <Bio> *squints eyes further*
23:30:10 <Bio> I said.
23:30:21 <Bio> Don't.
23:30:21 <Bio> Worry
23:30:39 <skram> you're the worst person
23:30:49 <Bio> *closes eyes*
23:30:52 <Bio> I.
23:30:54 <Bio> Can't.
23:30:55 <Bio> See.
23:31:43 <carcinization> https://www.youtube.com/watch?v=IXukcYlUZCc
23:31:44 <Bio> what shall i have for dinner skrm
23:31:59 <Bio> Classic meme
23:32:26 <skram> how bout my gd fist u rude ass b i t h
23:32:52 <Rawr|Fone> Jonas snela
23:33:05 <skram> well you made sunday roast on a friday so pizza i guess??
23:33:13 <skram> henrik, i am snel as frick
23:33:38 <Rawr|Fone> True
23:33:46 <Bio> Jonas.
23:33:48 <Bio> Pls.
23:33:48 <Rawr|Fone> The snellest
