00:14:47 <BioSC> skrma
00:14:51 <BioSC> raid in 10 mins
00:14:52 <BioSC> strim up
00:15:11 <DoT`> is skrim up though?
00:18:42 <BioSC> i no know
00:20:35 <DoT`> gl woth tihng 
00:20:38 <DoT`> with
00:23:39 <BioSC> thx
00:42:51 -!- Rawr|Fone [~AndChat52@84-217-62-32.customers.ownit.se] has joined #tlponies
02:21:17 <BioSC> DuB`
03:11:49 <BioSC> Fun strim
03:11:53 <BioSC> lets do it again tomorrow
07:17:07 -!- Dot [~quassel@90.197.151.215] has joined #tlponies
07:49:34 <Dot> mornign
08:12:57 <DoT`> Rawr Rawr Rawr
08:20:34 <Rawr|Fone> DoT` DoT` DoT`
08:21:28 <DoT`> <3
08:21:32 <Rawr|Fone> <3
08:21:33 <DoT`> how are you today?
08:21:50 <Rawr|Fone> Great!
08:21:57 <Rawr|Fone> How are you dot
08:22:31 <DoT`> im doing good rawr
08:27:32 <CockRoach|42> morning horses
08:29:32 <Rawr|Fone> Cr!
08:29:49 <Rawr|Fone> Do you have work today dot
08:33:51 <DoT`> no rawr
08:34:49 <DoT`> going through to Clayton west to look at places to rent later
08:34:55 <DoT`> so no relaxing
08:35:41 <Rawr|Fone> Well that should be fun
08:38:20 -!- reification [~reificati@cpc76294-cosh16-2-0-cust297.6-1.cable.virginm.net] has joined #tlponies
08:38:20 -!- mode/#tlponies [+v reification] by Q
08:39:16 <DoT`> reif <3
08:39:22 <reification> dotties <3
08:40:01 <reification> .tellm dub` bio, http://shitpic.net/p/b62c97e.png
08:40:33 <reification> .tell runbunny https://twitter.com/EndlessRz/status/1036711124027236353
08:41:49 <reification> https://twitter.com/_HelenDale/status/1037009757045960704
08:42:32 <Rawr|Fone> Reef reef!
08:42:37 <Rawr|Fone> Good morning
08:43:56 <reification> roar roar!
08:54:29 <reification> escape room + mgs = https://mysterycircus.jp/realstealthgame-mgs/
09:40:20 <DoT`> https://www.twitch.tv/gsl
09:40:27 <DoT`> NEED
09:40:31 <DoT`> NEEB*
09:54:40 -!- tredc [~tredc@c83-251-171-164.bredband.comhem.se] has joined #tlponies
10:01:45 -!- Rawr|Phone [~AndChat52@m83-185-95-117.cust.tele2.se] has joined #tlponies
10:05:31 <DoT`> come on neeb
10:07:21 <DoT`> GG!
10:22:08 <DoT`> hes doing it
10:46:38 <reification> draw lul
11:20:47 <DoT`> aww gg
11:20:58 <DoT`> og, i thought it was bo5
11:26:44 <DoT`> well there it is
11:26:46 <DoT`> GG
11:29:39 -!- Rawr|Fone [~AndChat52@84-217-62-32.customers.ownit.se] has joined #tlponies
11:54:55 <Rawr|Fone> 🐴🐴🐴
12:13:05 -!- Dot [~quassel@90.197.151.215] has joined #tlponies
12:22:16 -!- Rawr|Phone [~AndChat52@m83-185-95-117.cust.tele2.se] has joined #tlponies
12:30:45 -!- skram [~skram@82.147.53.239] has joined #tlponies
12:33:08 <Rawr|Phone> Jonas
12:36:01 <Dot> Skram
12:41:27 -!- Dot` [~quassel@90.197.151.215] has joined #tlponies
12:46:10 <Dot`> i go
12:46:11 <Dot`> later pons
12:46:20 -!- tredc [~tredc@c83-251-171-164.bredband.comhem.se] has joined #tlponies
13:17:37 -!- Dot [~quassel@90.197.151.215] has joined #tlponies
13:32:14 -!- Dot` [~quassel@90.197.151.215] has joined #tlponies
13:35:49 -!- Dot`_ [~quassel@90.197.151.215] has joined #tlponies
14:03:13 -!- Rawr|Fone [~AndChat52@84-217-62-32.customers.ownit.se] has joined #tlponies
15:03:30 -!- Dot [~quassel@90.197.151.215] has joined #tlponies
15:07:49 -!- tredc [~tredc@c83-251-171-164.bredband.comhem.se] has joined #tlponies
15:09:00 -!- carcinisation [webchat@cloak-31qdxqjw.6-1.cable.virginm.net] has joined #tlponies
15:09:26 -!- Dot` [~quassel@90.197.151.215] has joined #tlponies
15:30:15 -!- DoT|Phone [~Dot@82.132.185.136] has joined #tlponies
15:30:42 <DoT|Phone> pon pon
15:35:04 <DoT|Phone> Skram. Rawr
15:40:44 <Rawr|Fone> DoT|📱
15:41:02 -!- DoT|Phone1 [~Dot@82.132.185.136] has joined #tlponies
15:42:48 <carcinisation> dot dot
15:43:26 <Rawr|Fone> DoT|📱1
15:54:15 <Rawr|Fone> How rude
15:57:34 <Golly> https://www.youtube.com/watch?v=SjugsyOKNvg
15:57:52 <Golly> supr serious reviews by this dude
15:58:02 -!- tredc [~tredc@c83-251-171-164.bredband.comhem.se] has joined #tlponies
16:02:18 -!- Dot [~quassel@90.197.151.215] has joined #tlponies
16:04:53 -!- Rawr|Phone [~AndChat52@m83-185-95-117.cust.tele2.se] has joined #tlponies
16:21:27 <carcinisation> denmark is being silly https://twitter.com/Coral/status/1037367212426899458
16:28:29 <CockRoach|42> denmark pls
16:28:54 -!- tredc [~tredc@c83-251-171-164.bredband.comhem.se] has joined #tlponies
16:31:04 -!- DoT|Phone [~Dot@82.132.185.136] has joined #tlponies
17:10:00 <skram> Whats silly is expecting anything else from denmark, carcinisation :P
17:19:08 <carcinisation> to be fair they gave us lego and danish pastries
17:21:25 <Golly> not the danish though, ironically
17:22:20 -!- Camail [~Camail@45.40.84.145] has joined #tlponies
17:22:21 -!- mode/#tlponies [+v Camail] by Q
17:58:37 -!- Dot` [~quassel@90.197.151.215] has joined #tlponies
18:19:37 -!- Dot [~quassel@90.197.151.215] has joined #tlponies
18:19:58 -!- tredc [~tredc@c83-251-171-164.bredband.comhem.se] has joined #tlponies
18:29:48 -!- Dot` [~quassel@90.197.151.215] has joined #tlponies
18:43:28 -!- Runbunny [~Runbunny@91.100.28.10.generic-hostname.arrownet.dk] has joined #tlponies
18:44:22 <Runbunny> Dot`, skram Rawr|Phone https://i.imgur.com/84IpHZd.mp4
18:44:43 -!- tredc [~tredc@c83-251-171-164.bredband.comhem.se] has joined #tlponies
18:52:02 -!- DoT|Phone [~Dot@90.197.151.215] has joined #tlponies
18:52:34 <Dot`> i am home
18:52:40 <Dot`> runbun, i like this dog
18:56:33 <Runbunny> This is very good.
18:56:49 <Runbunny> Now summon rawr so he can enjoy it as well.
18:57:00 <Dot`> Rawr Rawr Rawr
19:00:48 <Dot`> hmm, thast never failed
19:07:53 -!- DoT|Phone [~Dot@90.197.151.215] has joined #tlponies
19:09:56 <DoT|Phone> how's the  monster hunting going Runbun?
19:13:41 <DoT|Phone> Runbun. look up Yorkshire sculpture garden. someone has made sculptures of you
19:13:47 <DoT|Phone> I was there a bit today
19:17:53 -!- Phearlock [~Phearlock@cm-84.209.250.127.getinternet.no] has joined #tlponies
19:17:53 -!- mode/#tlponies [+v Phearlock] by Q
19:18:33 <DoT|Phone> hey pear
19:19:29 <Phearlock> hey hey hey
19:20:48 <Camail> Phearlock  it was wild going back to act 1 and actually knowing how to play them game
19:21:01 <Camail> i spent hours on the alexander fight in my first playthrough
19:21:33 <Camail> took maybe 10 minutes? i almost feel like you lose a lot fo the game if you dont play in tactician mode
19:24:44 <Phearlock> Honestly, I didn't find too much of a difference between tactician and classic.
19:25:40 <Phearlock> Then again. I did do tactician right after I finished classic and did a lot of refinement.
19:26:10 <Phearlock> So that they ended up feeling the same in difficulty is probably just that I still had everything fresh
19:30:06 <Phearlock> I got distracted from this playthrough though so if stuff is radically different in act 3 no spoils xD
19:30:13 <Phearlock> Cause I won't get there for a while
19:30:17 -!- tredc [~tredc@c83-251-171-164.bredband.comhem.se] has joined #tlponies
19:54:03 <Rawr|Phone> Beep boop
19:54:11 <Rawr|Phone> Very nice dog runbunny
19:55:05 <Runbunny> Good Henrik, you made it. I was worried.
19:56:04 <Rawr|Phone> I just finished table tennis practice Anders
19:56:25 <Runbunny> Was it nice?
20:00:26 <Rawr|Phone> It was fantastic
20:04:15 <Runbunny> That's pretty neat.
20:06:55 <Rawr|Phone> So is your face
20:11:06 -!- DuB` [~DuB@66-219-235-226.dynamic.ip.veracitynetworks.com] has joined #tlponies
20:11:10 <DuB`> holo
20:11:50 <Phearlock> wololo
20:12:06 <Dot`> daab
20:28:32 -!- Phearlock_ [~Phearlock@cm-84.209.250.127.getinternet.no] has joined #tlponies
20:28:32 -!- mode/#tlponies [+v Phearlock_] by Q
20:34:27 <DuB`> Have to add another class to my schedule :T
20:34:59 <DuB`> Probably a good idea to do 15 credit hours both of my last semesters instead of 12 now and 18 in the spring
20:35:00 <DuB`> lol
20:52:43 <Dot`> gl
21:09:53 -!- Crisium [~Crisium@c-24-3-152-64.hsd1.pa.comcast.net] has joined #tlponies
21:13:35 <Dot`> cris pon
21:13:46 <DuB`> cripon
21:16:24 <Crisium> dut
21:16:26 <Crisium> dob
21:17:11 -!- skrm [webchat@unv2.iieq.zttm.ip] has joined #tlponies
21:17:19 <Dot`> skrm
21:17:39 <skrm> hey buddy
21:18:27 <skrm> brb
21:19:11 -!- Zounds [webchat@cloak-wmbqgxv5.14-2.cable.virginm.net] has joined #tlponies
21:19:19 <Zounds> horses
21:19:28 <DuB`> All the frens arriving!
21:19:30 <DuB`> Hallu
21:19:40 <Zounds> hit fren
21:19:43 <Zounds> hi*
21:19:44 <Zounds> not hit
21:21:49 -!- skrm [webchat@unv2.iieq.zttm.ip] has joined #tlponies
21:22:07 <Zounds> skrm how was your raid
21:23:13 <skrm> pretty dang fun actually, had to leave early because work though
21:23:43 <Zounds> I see I see
21:24:12 <Zounds> Well i'm doing heroic on sunday, prob gonna try and pug a normal or something between then and now
21:24:26 <skrm> My friends and I dont really have a big guild or anything so everyone sorta just shows up
21:24:46 <Zounds> yeh me neither I just play with friends
21:24:49 <skrm> And there were 30 of us which surprised me bunch
21:24:53 <Zounds> most of whom aren't even in my guild
21:25:49 <skrm> Was good fun though, everything was still new and we had to learn as we went along
21:26:01 <Zounds> \o/
21:26:42 <Zounds> I did a few mythic+
21:28:01 <Zounds> +4 freehold was comfy enough with an almost freshly dinged hunter
21:28:35 <skrm> Yeah m+ is alright too but its just more of the same, really
21:28:46 <Zounds> I like it because it's always there
21:28:47 <skrm> did +4 temple and it was stressful as heck as a healer
21:29:35 <Zounds> Yeah I would imagine sethrallis would be tougher
21:29:50 <Zounds> do the respawning little guys drop sanguine pools when they die? :P
21:35:45 <skrm> thankfully
21:36:00 <skrm> not
21:37:17 <skrm> bosses are easy but trash pakcs are friggin brutal
21:37:52 <Zounds> yeh fortified is on this week so that doesn't help matters
21:38:15 <skrm> at least i got a bunch of good loot
21:38:44 <skrm> got 2 items from 4 bosses
21:38:48 <skrm> its only 355 but still
21:57:18 <Crisium> https://internetofshit.net/content/images/2018/04/0d5mykssybzz.jpg
22:11:13 <BioSC> YO
22:11:14 <BioSC> i bek
22:11:32 <BioSC> werkin horse retruns
22:11:49 <Zounds> Hio BioBreak
22:12:00 <Zounds> DuB`: Crisium wanna play a little overwatch? :O
22:12:11 <Crisium> yes
22:12:56 <Zounds> excellent
22:15:51 <BioSC> biohome
22:15:58 <BioSC> bio raid in 2h
22:21:47 <DuB`> YA
22:21:55 <DuB`> Just a coupla hours, got some reading to do.
22:41:54 -!- Phearlock__ [~Phearlock@cm-84.209.250.127.getinternet.no] has joined #tlponies
22:41:54 -!- mode/#tlponies [+v Phearlock__] by Q
23:02:34 <Dot`> pon pon
23:27:22 <Crisium> pata pon
23:48:17 <Dot`> fashion pon
23:48:19 <Dot`> https://derpicdn.net/img/view/2018/9/4/1824975__safe_artist-colon-whitediamonds_rarity_clothes_cloud9_commission_esports_female_headset_hoodie_league+of+legends_looking+at+you_mare_pony_smil.jpeg
