00:10:41 <reification> .tell bio http://existentialcomics.com/comic/227
00:27:12 <Dot> no  dub
00:29:01 -!- BioPon [~androirc@mobile-166-170-220-29.mycingular.net] has joined #tlponies
00:29:08 <DuB`> no dot
00:31:00 <Dot> nuu
00:31:33 <Dot> hows dub
00:33:16 <reification> g’night all
00:33:57 <Dot> gnight reif <3
00:38:42 <DuB`> Oof
00:38:46 <DuB`> Busybusy Dot
00:38:54 <skram> didnt you finish all the things???
00:38:59 <DuB`> NU
00:39:24 <skram> u a real rude boi
00:39:41 <DuB`> WHA
00:40:45 <skram> U
00:40:46 <skram> HERD
00:40:46 <skram> ME
01:32:56 -!- BioPon [~androirc@mobile-166-170-220-86.mycingular.net] has joined #tlponies
01:42:43 -!- BioPon [~androirc@mobile-166-170-220-86.mycingular.net] has joined #tlponies
02:07:35 -!- Cane [~Cane@CaneCraft.users.quakenet.org] has joined #tlponies
02:07:35 -!- mode/#tlponies [+o Cane] by Q
02:21:38 -!- Westy543 [~Westy543@c-73-93-93-161.hsd1.ca.comcast.net] has joined #tlponies
02:21:42 -!- mode/#tlponies [+v Westy543] by Q
03:28:23 <BioHockey> icepuck
03:28:27 <Bio> NICE PUCK
