00:12:55 <carcinization> no horse
00:12:59 <carcinization> night all
00:17:35 <Runbunny> Goodnight Reif.
00:50:02 -!- Crisium [~Crisium@c-73-174-151-51.hsd1.pa.comcast.net] has joined #tlponies
02:04:33 -!- Rawr|Fone [~AndChat52@84-217-62-32.customers.ownit.se] has joined #tlponies
04:24:27 -!- Rawr|Fone [~AndChat52@84-217-62-32.customers.ownit.se] has joined #tlponies
04:33:11 -!- skram [~skram@82.147.53.231] has joined #tlponies
05:35:14 -!- Golly [Golly@cm-84.212.249.112.getinternet.no] has joined #tlponies
05:42:19 -!- Rawr|Fone [~AndChat52@84-217-62-32.customers.ownit.se] has joined #tlponies
07:11:41 <DoT|Phone1> morning pons
07:23:40 <CockRoach|42> morning dot
07:25:59 <DoT|Phone1> cr!
07:34:00 <CockRoach|42> <3
07:44:27 <DoT|Phone1> <3
08:04:51 -!- DoT|Phone [~Dot@85.255.236.4] has joined #tlponies
08:10:56 -!- Rawr|Fone [~AndChat52@84-217-62-32.customers.ownit.se] has joined #tlponies
08:15:02 <DoT|Phone> Rawr Rawr Rawr
08:15:25 <Rawr|Fone> DoT DoT DoT
08:15:34 <Rawr|Fone> 💖💖💖
08:15:39 <DoT|Phone> 💖💖💖
10:01:00 -!- Rawr|Phone [~AndChat52@m83-185-91-182.cust.tele2.se] has joined #tlponies
10:05:36 -!- tredc [~tredc@c83-254-129-166.bredband.comhem.se] has joined #tlponies
10:28:53 <DoT|Phone> how's the horses?
10:34:34 <Rawr|Phone> 👌👌👌
10:34:40 <Rawr|Phone> How are you dot
10:41:30 <DoT|Phone> I'm good Rawr. holiday starts Friday
10:54:25 -!- Runbunny [~Runbunny@91.100.28.10.generic-hostname.arrownet.dk] has joined #tlponies
10:56:21 -!- skrm [webchat@pioj.eid3.887x.ip] has joined #tlponies
11:03:04 <DoT|Phone> Anders, Jonas
11:03:27 <Runbunny> Bjørn.
11:04:47 <skrm> Anders, Bjørn
11:06:49 <Rawr|Phone> Jonas, Anders.
11:10:16 <Runbunny> Jonas, Henrik.
11:14:44 <skrm> Good. You're all here.
11:17:49 <DoT|Phone> so it would seem
11:20:52 <Runbunny> I want to remind you all.
11:21:06 <Runbunny> https://www.youtube.com/watch?v=KxGRhd_iWuE
11:21:14 <Runbunny> Because I sure as hell had forgotten.
11:26:27 -!- Golly [~Golly@cm-84.212.249.112.getinternet.no] has joined #tlponies
11:30:11 <Rawr|Phone> I believe in you runbun
11:49:51 -!- Gollie [~Golly@cm-84.212.249.112.getinternet.no] has joined #tlponies
12:21:47 -!- DoT|Phone [~Dot@85.255.237.122] has joined #tlponies
12:41:55 -!- reification [~reificati@host81-152-192-5.range81-152.btcentralplus.com] has joined #tlponies
12:42:13 <reification> hello tlp
12:42:16 <DoT|Phone> hey Reif
12:43:41 <reification> hi dotties
14:16:01 -!- reification [~reificati@host81-152-192-5.range81-152.btcentralplus.com] has joined #tlponies
14:37:18 <DoT|Phone> how's it going Reif
14:37:51 <reification> not too bad. am in london, have been fed
14:51:55 <Rawr|Phone> Sounds nice
14:54:48 -!- skram [~skram@82.147.53.231] has joined #tlponies
15:00:45 <Runbunny> Have you been fed Skram?
15:00:59 <skram> not yet
15:01:11 <Runbunny> A travesty.
15:03:50 <skram> why, are you offering?
15:05:25 <Runbunny> Not really. I guess I could offer you a green banana. But I can't really make anything atm nor eat anything atm either.
15:05:39 <skram> oh i love banyana
15:06:17 <Runbunny> Nyaa~ha ha, really?
15:06:32 <skram> https://clips.twitch.tv/ChillyRoughSeahorseYouWHY
15:08:20 -!- BioPhone [~androirc@12.33.239.117] has joined #tlponies
15:08:30 <Runbunny> Hmm.
15:08:38 <Runbunny> reification, https://danbooru.donmai.us/posts/3352086
15:11:39 <reification> nice sunflowers
15:11:40 <DoT|Phone> bio
15:11:52 <reification> vtuber is good trend runbun
15:20:22 <Runbunny> I don't really watch it myself.
15:20:29 <Runbunny> but https://prtimes.jp/i/13447/49/resize/d13447-49-933642-0.jpg
15:20:32 <Runbunny> Looks cool.
15:26:53 <reification> skram https://i.redd.it/8f4yq2wgkt421.jpg
15:28:01 <reification> rawr https://i.imgur.com/eL7LxoS.gifv
15:36:25 <BioPhone> Neigh
15:37:28 <skram> cats are the best reif
15:45:04 <BioPhone> Neigh
15:45:14 <BioPhone> Horse only channel
15:45:25 <skram> fite me
15:46:16 <BioPhone> Any horse time any horse place
15:46:25 <BioPhone> 🐎🦄🐴
15:52:42 <reification> 🦓
16:06:07 <Rawr|Phone> 🐫
16:22:35 -!- BioPhone [~androirc@12.33.239.117] has joined #tlponies
16:30:04 -!- BioPhone [~androirc@12.33.239.117] has joined #tlponies
16:39:53 -!- Dubtop [~DuB@128.187.116.3] has joined #tlponies
16:39:57 <Dubtop> Yaho
16:40:09 <Dubtop> On campus for an ez final 
16:46:58 <DoT|Phone> win the thing dub
16:53:49 -!- Zounds [webchat@cloak-07ouvien.14-2.cable.virginm.net] has joined #tlponies
16:57:59 <Dubtop> Will do
17:03:08 <DoT|Phone> Zounds!
17:14:02 -!- BioPhone [~androirc@12.33.239.117] has joined #tlponies
17:14:13 <Dubtop> Test done, home time. :P
17:14:14 <Dubtop> eeeeeeeeee
17:14:16 <Dubtop> zzzzzzz
17:16:12 <BioPhone> What a horse
17:25:56 -!- Dot [~quassel@50.115.159.143.dyn.plus.net] has joined #tlponies
17:27:48 <BioPhone> It's a dot
17:29:17 <Dot> The best Bio
17:41:02 <Dot> Bio https://imgur.com/gallery/g6kc0HQ
17:41:03 -!- BioPone [~androirc@mobile-166-176-248-130.mycingular.net] has joined #tlponies
17:41:15 <BioPone> Intranet
17:41:17 <BioPone> Is hard
17:41:32 <Dot> why you dc as i try link you a think
17:41:35 <Dot> thing
17:41:37 <Dot> https://imgur.com/gallery/g6kc0HQ
17:44:16 <BioPone> These are good thing
17:50:24 -!- Phearlock [webchat@cloak-e3kb14bi.208.146.128.getinternet.no] has joined #tlponies
17:50:33 <Phearlock> evening pones
17:51:59 <Zounds> phear
18:06:32 -!- DuB` [~DuB@66-219-235-226.dynamic.ip.veracitynetworks.com] has joined #tlponies
18:06:53 <DuB`> Took longer to get to/from campus than to take the final :P
18:08:54 <Dot> you free now dub?
18:09:06 <DuB`> One more final to take by Thurs
18:09:23 <DuB`> The only actual big one that'll take some real stoody
18:13:25 <Zounds> muh DuB` 
18:13:38 <DuB`> M'zond
18:14:06 <Phearlock> nice dub
18:15:47 <Dot> Hey phear
18:16:21 <Phearlock> hi
18:16:33 <Phearlock> I finally gave in and got myself a switch for christmas =P
18:17:08 <Zounds> I might be doing the same thing soon
18:17:09 <Zounds> we'll see
18:17:18 <DuB`> :D
18:23:14 <Phearlock> It's pretty neat
18:23:27 <Phearlock> Great for cold winter days
18:23:36 <Phearlock> can snuggle up under the blanket and play games =3
18:33:14 <DuB`> Socozy
18:40:40 <Zounds> im mostly interested in smash
18:41:09 <Zounds> BotW and Mario aswell ofc
18:42:53 <Phearlock> yeah I nabbed smash and BotW
18:50:25 <Dot> rawr
19:02:31 <Rawr|Phone> Dot
19:02:40 <Dot> there you are
19:02:52 <Rawr|Phone> I was playing table tennis
19:02:52 <Dot> look at this! https://i.imgur.com/TRXOQsQ.jpg
19:02:55 <Dot> Runbunny too
19:02:55 <Rawr|Phone> Going home now
19:03:09 <Rawr|Phone> That is a very nice dog dot
19:04:42 -!- BioPhone [~androirc@12.33.239.117] has joined #tlponies
19:10:08 <Runbunny> Hello.
19:10:17 <Runbunny> What a cute dog.
19:12:27 <Phearlock> it is =D
19:29:41 -!- BioPhone [~androirc@12.33.239.117] has joined #tlponies
19:33:45 <BioPhone> Neighing
19:46:28 <DuB`> Nay
19:58:54 -!- reification [~reificati@host81-152-192-5.range81-152.btcentralplus.com] has joined #tlponies
20:02:51 -!- BioPhone [~androirc@12.33.239.117] has joined #tlponies
20:09:39 -!- BioPhone [~androirc@12.33.239.117] has joined #tlponies
20:14:35 -!- DoT|Phone1 [~Dot@85.255.235.188] has joined #tlponies
20:15:20 -!- DoT|Phone2 [~Dot@50.115.159.143.dyn.plus.net] has joined #tlponies
20:21:00 <Rawr|Phone> 🐴🐴🐴
20:26:17 -!- Rawr|Fone [~AndChat52@84-217-62-32.customers.ownit.se] has joined #tlponies
20:26:33 -!- skram [~skram@82.147.53.231] has joined #tlponies
20:26:44 <Runbunny> Dot, Rawr|Fone https://i.imgur.com/f1A5aB0.mp4
20:29:31 <skram> beep boop
20:29:32 <Rawr|Fone> 🤨🤨
20:29:40 <Rawr|Fone> Dusty puppy
20:29:45 <Rawr|Fone> Jonas
20:33:03 <skram> Henrik
20:36:05 <Rawr|Fone> Have you arrived home from work skrammypants
20:37:07 <skram> I have been outside for a bit
20:37:13 <skram> is vv snowy
20:37:55 <Rawr|Fone> We had some snow but it didn't stay
20:38:46 -!- Camail [~Camail@45.40.84.145] has joined #tlponies
20:38:46 -!- mode/#tlponies [+v Camail] by Q
20:38:54 <skram> unlucky
20:44:28 -!- reification [~reificati@host81-152-192-5.range81-152.btcentralplus.com] has left #tlponies
20:44:46 <Camail> ur face
20:44:53 <Zounds> I'll be in aberdeen tomorrow again skram
20:45:03 <Zounds> I'll wave but it will be dark you might not see me
20:45:14 <skram> holla at me zounds
20:45:25 <skram> maybe ill hear some angry scottish out from the sea
20:45:42 <Zounds> I'll be wearing some high vis gear that should help
20:46:22 <skram> ill keep an eye out
20:46:35 <Dot> cam you butt
20:46:39 <Camail> yes
20:52:11 -!- BioPhone [~androirc@12.33.239.117] has joined #tlponies
21:03:18 <Dot> Phearlock!
21:03:20 <Dot> https://66.media.tumblr.com/ee610e6a9263c752a3dded291818a2e2/tumblr_pjv945Orkh1y1dqqto2_1280.png
21:03:29 <Dot> https://66.media.tumblr.com/7ccd1b74fbea68ecced3d900dc4b23e8/tumblr_pjvdmkxOPi1y1dqqto1_1280.png
21:45:45 <Dot> skram
21:49:35 <Dot> see runbun, all the time
21:56:08 <Camail> skram so rude
22:08:29 <DuB`> One more final by thurs, and my motivation is kaput
22:10:50 <Camail> thats 3 days to do games and 1 morning to study
22:10:53 <Camail> ez
22:11:24 <DuB`> Something like that.
22:13:02 -!- Rawr|Fone [~AndChat52@84-217-62-32.customers.ownit.se] has joined #tlponies
22:33:14 -!- BioPhone [~androirc@mobile-166-176-248-30.mycingular.net] has joined #tlponies
22:33:14 -!- BioPone [~androirc@mobile-166-176-248-30.mycingular.net] has joined #tlponies
22:41:35 -!- reification [~reificati@cpc76294-cosh16-2-0-cust297.6-1.cable.virginm.net] has joined #tlponies
22:41:35 -!- mode/#tlponies [+v reification] by Q
22:46:06 <BioPhone> Pone
22:46:12 <DuB`> nopon
22:46:54 <reification> gone
22:47:10 <BioPhone> Pls
22:47:18 -!- BioPone [~androirc@mobile-166-176-248-30.mycingular.net] has left #tlponies
22:59:28 <DoT|Phone2> don't be rude dub
22:59:39 <DoT|Phone2> ?pony
23:00:14 <DoT|Phone2> I sleep. Gnight <3
23:02:14 <CockRoach|42> night dotties
23:02:29 <DuB`> nn dot
23:02:45 <CockRoach|42> .tellm 
23:02:54 <CockRoach|42> .tellm DoT|Phone2 Phearlock, https://www.deviantart.com/foughtdragon01/art/A-Nice-Cup-of-Cocoa-776140081
23:03:47 <Phearlock> She is a cutie =#
23:03:50 <Phearlock> =3 *
23:13:05 <Camail> tumblr is rip
23:13:15 <DuB`> O ya that was today
23:14:08 -!- BioPone [~androirc@rrcs-98-100-17-238.central.biz.rr.com] has joined #tlponies
23:17:16 <BioPone> Hej
23:17:39 <BioPone> I got a good review from my boss today
23:17:45 <BioPone> Feels super good man
23:20:47 <DuB`> :)
23:22:37 <BioPone> Celebrating with some wingz
23:22:47 <BioPone> And maybe even one alchohol
23:24:23 <reification> gj bio
23:39:07 <BioPone> Thx reif mannen
23:39:18 <BioPone> Nice to be recognized
23:41:47 -!- Rawr|Fone [~AndChat52@84-217-62-32.customers.ownit.se] has joined #tlponies
23:54:24 -!- BioPhone [~androirc@rrcs-98-100-17-238.central.biz.rr.com] has joined #tlponies
23:54:34 <BioPhone> Why fi?
23:54:38 <BioPhone> Why so spotty
