00:15:27 <Bio> omnomnom
00:29:46 <Bio> yall wanna watch some DANKEST dungeon?
00:29:50 <Bio> if so
00:29:53 <Bio> ?biostream
00:30:09 <Bio> eta 10 min
00:36:00 <Cane> Oh snap.
00:36:12 <Cane> I have timing.
00:36:42 <Bio> THEN LETS GO
00:44:17 -!- Rawr|Fone [~AndChat52@84-217-62-32.customers.ownit.se] has joined #tlponies
01:36:08 <skrm> DuB`
01:40:42 <DuB`> skrm
01:41:19 <skrm> are you alright
01:43:37 <DuB`> Ye!
01:43:42 <DuB`> Free brownies are pretty great...
01:51:29 <skrm> Are they though
02:15:59 -!- Golly [~Golly@1.92-221-121.customer.lyse.net] has joined #tlponies
03:11:54 -!- Phearlock [~Phearlock@cm-84.211.169.226.getinternet.no] has joined #tlponies
03:11:54 -!- mode/#tlponies [+v Phearlock] by Q
03:13:19 -!- Micen|Droid [~Micen@h196.171.91.75.dynamic.ip.windstream.net] has joined #tlponies
04:33:55 <Bio> DUB
04:34:04 <Bio> the heck u doin m8
04:34:08 <Bio> not watching biostream
04:53:01 -!- Rawr|Phone [~AndChat52@m83-185-93-109.cust.tele2.se] has joined #tlponies
05:17:29 <Cane> Thanks for strim Bio.
05:17:35 <Bio> I fuckin LOVE streaming
05:18:04 <Bio> holy shit
05:18:09 <Bio> =D
05:19:54 <Cane> It's fun. =)
05:21:11 <Bio> didn't drop a single frame either
05:21:14 <Bio> VERY nice
05:26:22 <Bio> thoughts on the silly gifs and music and such? xD
05:28:35 <Rawr|Phone> Good morning horses
05:28:41 <Bio> henlo rawr
05:28:52 <Bio> if you like darkest dungeon
05:28:54 <Bio> and memes
05:28:59 <Bio> then BOY do I have a vod for you
05:29:31 <Rawr|Phone> I hate memes
05:29:38 <Bio> b
05:29:40 <Bio> but
05:29:43 <Bio> b-b-but 
05:29:45 <Bio> WHY
05:30:13 <Bio> http://i0.kym-cdn.com/photos/images/original/001/072/629/cdc.jpg
05:32:15 <Rawr|Phone> Memes are the reason god has left us
05:32:27 <Bio> you take that back
05:33:09 <Bio> everyone knows that ANIME is the reason for our races decadent downfal
05:33:10 <Bio> l
05:51:25 <Cane> <Bio> thoughts on the silly gifs and music and such? xD
05:51:29 <Cane> Rael and me were laughing a lot in Discord.
05:51:31 <Cane> I think it's a win.
05:51:49 -!- skram [~skram@95.169.43.146] has joined #tlponies
05:51:59 <Cane> skram, go collapse.
06:00:52 <skram> I got a second wind
06:03:49 <Cane> Well hi then. <3
06:07:52 <skram> <3
07:14:04 -!- Rawr|Fone [~AndChat52@89.255.242.40] has joined #tlponies
07:17:25 <Rawr|Fone> 🐴🐴🐴
07:18:27 <CockRoach|42> rawr|<3
07:24:33 <Rawr|Fone> <3
07:57:12 <Dot> Mornign all
08:00:49 -!- Micen|Droid_ [~Micen@h196.171.91.75.dynamic.ip.windstream.net] has joined #tlponies
08:01:52 <CockRoach|42> such a majestic birb http://keyhollow.tumblr.com/post/173135340895/robert-the-redhead-lover-dvandom
08:13:32 <Dot> haha
08:21:23 -!- Cane [~Cane@CaneCraft.users.quakenet.org] has joined #tlponies
08:21:23 -!- mode/#tlponies [+o Cane] by Q
08:21:58 <Dot> Hey cane
08:24:25 <Rawr|Fone> Dot dot dot
08:24:30 <Dot> Rawr rawr awr
08:24:32 <Rawr|Fone> <3
08:24:33 <Dot> <3
09:33:53 -!- tredc [~AdiIRC@c83-251-161-94.bredband.comhem.se] has joined #tlponies
10:03:10 -!- Phearlock_ [~Phearlock@cm-84.209.250.127.getinternet.no] has joined #tlponies
10:03:10 -!- mode/#tlponies [+v Phearlock_] by Q
10:04:28 -!- Dot` [~quassel@2.218.218.147] has joined #tlponies
10:04:36 -!- tredc [~AdiIRC@c83-251-161-94.bredband.comhem.se] has joined #tlponies
10:23:48 -!- Dot [~quassel@2.218.218.147] has joined #tlponies
10:29:11 -!- tredc [~AdiIRC@c83-251-161-94.bredband.comhem.se] has joined #tlponies
10:31:37 -!- Dot` [~quassel@2.218.218.147] has joined #tlponies
11:35:54 -!- Runbunny [~Runbunny@91.100.28.10.generic-hostname.arrownet.dk] has joined #tlponies
11:45:53 <Rawr|Fone> Anders.
13:02:49 <Runbunny> Henrik.
13:02:58 <Runbunny> It's raining a lot.
13:03:03 <Runbunny> Thunder as well.
13:03:34 <Runbunny> Just look at it http://en.blitzortung.org/live_lightning_maps.php?map=11
13:16:30 <Rawr|Fone> Yes
13:16:47 <Rawr|Fone> Good thing I brought an umbrella this morning
13:16:47 -!- tredc [~AdiIRC@c83-251-161-94.bredband.comhem.se] has joined #tlponies
13:19:34 <Runbunny> I went home early today, I most certainly don't regret that decision.
13:21:37 <Rawr|Fone> I am going to go home early too
13:23:10 -!- Zounds [webchat@cpc108453-cowc8-2-0-cust8.14-2.cable.virginm.net] has joined #tlponies
13:23:22 <Zounds> m'pons
13:24:22 <Phearlock_> zoundsy
13:31:24 <Rawr|Fone> Zoonds
13:31:48 <Zounds> o/
13:37:46 -!- Rawr|Phone [~AndChat52@m83-185-80-36.cust.tele2.se] has joined #tlponies
13:47:05 <Micen|Droid_> Good morning
13:55:07 <Rawr|Phone> Good morning micen
13:57:21 <Micen|Droid_> https://i.imgur.com/WbUT7nm.gifv
14:20:30 <Runbunny> Hai Zounds.
14:38:38 -!- Rawr|Fone [~AndChat52@84-217-62-32.customers.ownit.se] has joined #tlponies
15:12:17 <Dot`> i am home
15:12:20 <Dot`> hello horses
15:13:32 <Phearlock_> hello dot
15:17:59 <Dot`> Phear <3
15:24:24 <Dot`> Phearlock https://imgur.com/gallery/isjE1Ox
15:25:10 <Phearlock_> awwww
15:44:03 <Dot`> rawr rawr rawr
15:45:14 <Rawr|Fone> Dot dot dot
15:45:25 <Rawr|Fone> <3
15:45:30 <Dot`> <3
16:12:36 -!- Rawr|Phone [~AndChat52@m83-185-85-100.cust.tele2.se] has joined #tlponies
16:17:45 -!- tredc [~AdiIRC@c83-251-161-94.bredband.comhem.se] has joined #tlponies
16:43:09 -!- DuB` [~DuB@66-219-235-64.dynamic.ip.veracitynetworks.com] has joined #tlponies
16:43:11 <DuB`> weoo
16:44:39 <Dot`> Dub dub
16:53:50 -!- Zounds [webchat@cpc108453-cowc8-2-0-cust8.14-2.cable.virginm.net] has joined #tlponies
16:53:53 <DuB`> Breakfast brownies? Yes.
16:57:30 <DuB`> Seems like my connection to blizz servers might be better?
16:57:37 <DuB`> 7% packloss instead of 40% lol
17:03:31 <Zounds> I'm grilling some burgers
17:03:43 <Zounds> I'd share
17:03:51 <Zounds> But you are too far away for me to have to follow up on that
17:04:08 <DuB`> I had a burger last night!
17:04:15 <DuB`> With swiss+pastrami
17:04:39 <Zounds> excellent
17:09:18 <DuB`> Also some of the best french fries I've ever had
17:09:20 <DuB`> MMmmmm
17:09:55 -!- Zounds [webchat@cpc108453-cowc8-2-0-cust8.14-2.cable.virginm.net] has joined #tlponies
17:10:17 <Dot`> Dub, when dnd
17:12:34 <DuB`> TODEY? :D
17:25:20 <Dot`> hmm, should be
17:34:44 <Zounds> Doesn't that take like 8 hours
17:34:50 <Zounds> Kinda late in the day to start
17:37:00 <Dot`> 8?
17:37:07 <Dot`> its like 4
17:37:17 <Dot`> less time than a standard OW stack goes
17:38:18 <Bio> NEIGH
17:38:19 <Zounds> Shows what I know ^^
17:38:58 <Dot`> Bio
17:39:30 -!- tredc [~AdiIRC@c83-251-161-94.bredband.comhem.se] has joined #tlponies
17:41:30 <Dot`> how did the dungeons go bio?
17:41:39 <Bio> dank
17:41:46 <Bio> many memes were had
17:43:16 <DuB`> SPEAKING OF OW STACK
17:43:27 <DuB`> Actually I should go try my connection ingame first
17:43:28 <Bio> no one speaks of this
17:43:33 <Bio> shhhhh
17:43:40 <DuB`> I DO
17:43:53 <Dot`> and your connection is now bad
17:43:56 <Dot`> see what happens
17:45:31 <Bio> tried to warn him
17:45:45 -!- tredc [~AdiIRC@c83-251-161-94.bredband.comhem.se] has joined #tlponies
17:47:31 <DuB`> My dad drove down to help us start moving some stuff out last night, I only have one monitor for the day now D:
17:47:34 <DuB`> I CAN'T SEEE ANYTHING
17:49:11 <Zounds> Laggy and blind
17:49:15 <Zounds> Tough times for dubblet
17:50:49 <Bio> Dazed. Reeling. About to Break...
17:55:22 -!- skram [~skram@95.169.43.146] has joined #tlponies
17:55:40 <DuB`> Connection is fine now
17:55:46 <DuB`> 40fps lower than usual though??
17:55:48 <DuB`> Ach
17:56:03 <skram> wyd dub
17:56:07 <Dot`> Jonas
17:56:09 <DuB`> wYd
17:56:20 <skram> bjørn my dear
17:56:25 <DuB`> Ah, fixed fps prublem
17:56:34 <DuB`> GOOD TO GO
18:00:11 <skram> whats going on Dot`
18:00:36 <Dot`> not much
18:00:50 <Dot`> just got to get through tomorow then i actually have a weekend
18:00:56 <Dot`> it will be a nice change
18:01:09 <skram> yeah i hear ya
18:01:33 <Dot`> and then DnD saturday
18:01:40 <skram> Woooo!
18:01:41 <Dot`> wooo
18:04:33 <Dot`> one last try to kill you all
18:09:57 <DuB`> Anyone plej?
18:10:11 <DuB`> I will I be forced to clean and pack and go for errands? :P
18:10:42 <Zounds> I'll plej in a few mins =o
18:10:51 <DuB`> YEY
18:11:03 <DuB`> Micen skrrrm?
18:11:07 <DuB`> my frens
18:11:39 <skram> gimme 5
18:12:04 <DuB`> I'll give ya SIX
18:12:14 <DuB`> Extra 20% for free!
18:12:19 <skram> wooo!
18:12:40 <Bio> Compassion is a Rarity, in these times...
18:13:01 <Zounds> And Rarity is a pretty pon
18:13:30 <Zounds> One of the prettiest even
18:13:33 <Bio> dignified neighing
18:13:58 <Zounds> NA or EU jake my boy
18:14:45 <DuB`> Looks like EU, no moucen
18:14:55 -!- carcinisation [webchat@cpc76294-cosh16-2-0-cust297.6-1.cable.virginm.net] has joined #tlponies
18:19:54 <skram> Dot` at what time is DnDeez
18:20:13 <Dot`> Dot` - Yesterday at 5:27 PM
18:20:13 <Dot`> Saturday 2pm UCT confirmed by everyone
18:20:37 <skram> right on
18:23:18 <Dot`> https://i.imgur.com/zBi8aRt.jpg
18:25:57 <Phearlock_> https://derpicdn.net/img/view/2018/4/26/1717467.jpeg Not quite the dnd icon I was looking for
18:26:41 -!- tredc [~AdiIRC@c83-251-161-94.bredband.comhem.se] has joined #tlponies
18:46:59 <Bio> neih
18:47:00 <Bio> neigh
18:47:23 <Bio> imma have me some delicious ramen today
18:47:27 <Bio> then come home and strim
19:20:00 -!- Golly [~Golly@1.92-221-121.customer.lyse.net] has joined #tlponies
19:25:43 -!- Rawr|Fone [~AndChat52@84-217-62-32.customers.ownit.se] has joined #tlponies
19:32:25 <Rawr|Fone> 4 day weekend after tomorrow wooo
19:34:07 <skram> heck yeah buddy
19:34:11 <Bio> skram
19:34:14 <Bio> i have a thing 
19:34:16 <Bio> just for you
19:34:19 <Bio> no one else
19:34:20 <Bio> K?
19:34:26 <skram> oh boy
19:34:31 -!- tredc [~AdiIRC@c83-251-161-94.bredband.comhem.se] has joined #tlponies
19:34:33 <Bio> https://www.youtube.com/watch?v=dFUFiyIUXjk
19:34:40 <Bio> ROFL
19:34:48 <Bio> with the amount of legos in that title
19:34:51 <Bio> you KNOW its good
19:34:57 <skram> hahah
19:35:09 <skram> oh fuck yeh
19:35:31 <Bio> this is M A X I M U M  A E S T H E T I C
19:36:18 <skram> N O I S E  A N D  C O N F U S I O N
19:36:48 <Zounds> Oy oy oy
19:36:48 <Bio> I  H E A R  T H E  V O I C E S  W H E N  I ' M  D R E A M I N G
19:37:06 <skram> d o n t y o u c r y n o m o r e
19:37:40 <Rawr|Fone> 🤨🤨🤨
19:38:44 <Bio> Looks like we're not in Kansas anymore,
19:38:44 <Bio> we're in K A N S A S﻿
19:39:59 <skram> K A N S A S
19:40:08 <skram> My favorite P L A C E
19:59:51 <Bio> welp
19:59:52 <Bio> WELP
19:59:59 <Bio> streaming today is rekt
20:00:10 <Dot`> D:
20:00:13 -!- tredc [~AdiIRC@c83-251-161-94.bredband.comhem.se] has joined #tlponies
20:00:20 <skram> what happen!
20:00:24 <Bio> dad needs my help doing shit
20:00:27 <Bio> so no time
20:00:32 <skram> well tell him to fuck off
20:00:34 <Bio> then ill get back and itll be critroll time
20:00:36 <Bio> lel
20:00:38 <skram> daddy needs his darkest dungeon stream
20:00:53 <Bio> tell ya WHUT
20:01:03 <Bio> i'll stream erly tomorrow
20:01:44 <skram> <3
20:01:59 <Bio> for now tho, i need some motha effin pizza
20:03:16 <Zounds> hmm
20:03:19 <Zounds> gotta share bio
20:03:20 <Zounds> gotta care
20:03:45 <Zounds> a wise pink pink horse said that once
20:04:00 <Bio> true
20:04:06 <Bio> come on over mr zouds
20:04:14 <Bio> but i gotta leave in like 1.5 hrs
20:04:16 <Bio> so hurry
20:11:42 <skram> fuck
20:25:12 <Dot`> Runbunny https://imgur.com/gallery/zcp0a2i
20:27:40 <Bio> why are those ferrets attacking that poor fox
20:29:43 <Dot`> nature is a visious place
20:33:31 <Runbunny> Friends!
21:05:01 -!- Crisium [~Crisium@c-24-3-158-64.hsd1.pa.comcast.net] has joined #tlponies
21:06:54 -!- skrm [webchat@185.7.220.32] has joined #tlponies
21:07:24 <Dot`> skrm
21:07:27 <Dot`> Crisium
21:07:36 <Crisium> yo
21:08:03 <skrm> Dot`
21:08:05 <Dot`> cane, you going to stream? as Bio has failed us
21:08:06 <skrm> Crisiminium
21:08:19 <Dot`> he will never be a streamer now
21:10:03 <skrm> weak
21:14:19 <Zounds> ggs boyz
21:14:22 <Zounds> zen best hero
21:14:27 <Crisium> cant wait for the skram strims
21:15:06 <skrm> Im gonna stream myself shitposting on reddit
21:15:16 <Crisium> good
21:15:19 <Runbunny> Neat.
21:41:39 <DuB`> https://i.imgur.com/VCZAl6r.gifv
21:44:51 <DuB`> Oh NO
21:45:04 <skrm> w hat
21:45:13 <DuB`> With the stack ended I have no more reason to avoid doing all the cleaning I need to do T_T
21:46:15 <skrm> responsebilities
21:46:17 <skrm> the real killer
21:47:58 -!- tredc [~AdiIRC@c83-251-161-94.bredband.comhem.se] has joined #tlponies
21:49:00 <Bio> bbl horsemen
21:49:36 <skrm> BYE
21:49:45 <DuB`> I have to clean the BATHROOM D:
21:50:11 <DuB`> Actually my bedroom might be worse, haven't dusted back corners etc in my 3 years hehe
21:53:40 <skrm> get the fire hose
21:53:43 <skrm> very effective
21:54:18 <DuB`> Maybe AFTER I pack up my PC? :P
21:54:59 <skrm> o ya
21:55:05 <skrm> wait where you gon live in summer
21:55:13 -!- tredc [~AdiIRC@c83-251-161-94.bredband.comhem.se] has joined #tlponies
21:55:49 <DuB`> At parents' house for May, then off to SF
21:56:37 <skrm> exciting
21:56:55 <skrm> wait dont you have another year at skool before you graduate?
21:56:59 <skrm> or are you doing a summer job thing
21:57:04 <skrm> or do you intership BEFORE you graduate
21:57:23 <Dot`> school systems are confusing
21:58:07 <skrm> the confusingest
22:01:49 <DuB`> One more year
22:01:53 <DuB`> This is for summer internship
22:01:55 <DuB`> Just 2month
22:02:34 <skrm> but summer is for video games, dub :((
22:03:43 <DuB`> May is!
22:04:02 <Dot`> all the dnd
22:04:28 <DuB`> Every day in May, and then weekends for the rest o' summer
22:04:51 <skrm> And then you boost me to Masters in August?
22:05:12 <DuB`> YE
22:05:23 <DuB`> ezi pzi
22:06:06 <skrm> glad we got that sorted
22:07:21 <DuB`> Watching a streamer playing low silver ranked
22:07:24 <DuB`> It's so WEIRD haha
22:07:34 -!- tredc [~AdiIRC@c83-251-161-94.bredband.comhem.se] has joined #tlponies
22:07:51 <skrm> whats the silver meta these days
22:08:30 <DuB`> Double orisa into "nobody ever dies on either side"
22:08:40 <DuB`> Also "don't react to things"
22:09:01 <Zounds> Sounds sorta familiar
22:13:33 <Crisium> lol
22:13:46 -!- tredc [~AdiIRC@c83-251-161-94.bredband.comhem.se] has joined #tlponies
22:14:12 <DuB`> Man
22:14:24 <DuB`> If it was ethical I'd want a silver smurf, these games look fun :P
22:19:11 <DuB`> I think streamer might not realize that dva can fly
22:23:53 <skrm> you should tell him
22:26:21 <DuB`> She* is lvl500, should probably know by now!
22:30:08 <Dot`> probably faking being bad for viewers then
22:32:11 <DuB`> All 10 viewers
22:32:15 <DuB`> Anyway, chores time!
22:32:21 -!- tredc [~AdiIRC@c83-251-161-94.bredband.comhem.se] has joined #tlponies
22:32:24 <Dot`> needs to be MORE bad
22:32:29 <Dot`> later dubs
23:16:49 <Micen> good morning pons
23:30:42 <carcinisation> good night all
23:30:53 <Micen> good night
23:45:48 -!- Camail [~Camail@45.40.84.145] has joined #tlponies
23:45:48 -!- mode/#tlponies [+v Camail] by Q
23:56:21 -!- Rawr|Fone [~AndChat52@84-217-62-32.customers.ownit.se] has joined #tlponies
23:57:12 <DuB`> LAG up 2-0 over London :O
23:57:26 <DuB`> Gladiators are still the only team london has never beaten
23:57:45 <Micen> :O I forgot it was OWL time
23:59:10 <skrm> is brig in yet
23:59:35 <Micen> not till next stage(I think)
23:59:41 <skrm> then I DONT CARE
23:59:44 <skrm> >:(
23:59:49 <DuB`> :(
