00:02:37 -!- Camail_ [~Camail@45.40.84.145] has joined #tlponies
00:02:37 -!- mode/#tlponies [+v Camail_] by Q
00:18:02 <Bio> time to bed boys
00:18:09 <Bio> erly flight in the am
00:18:13 <Bio> <3
01:52:52 <DuB`> https://twitter.com/EmericTimelapse/status/1049184361042477056
01:53:06 <DuB`> SpaceX Cali takeoff timelapse
02:21:14 -!- Camail_ [~Camail@45.40.84.145] has joined #tlponies
02:21:14 -!- mode/#tlponies [+v Camail_] by Q
03:14:20 <Camail_> nothings more disappointing in a spie run than having a powers build and your last boss is that feathery fuck
03:14:27 <Camail_> thats so...its just boring
06:25:25 -!- DoT|Phone [~Dot@185.69.144.177] has joined #tlponies
06:25:33 <DoT|Phone> morning pons
06:28:25 <CockRoach|42> morning dot
06:32:28 <DoT|Phone> cr <3
06:33:41 <DuB`> Morning!
06:34:56 <DoT|Phone> dub dub
06:36:52 <Rawr|Fone> Dub go to bed
06:37:02 <Rawr|Fone> It's late
06:37:03 <DuB`> o oke
06:37:10 <Rawr|Fone> Good
06:38:41 <Rawr|Fone> .tell DuB` I'm proud of you
07:04:07 <DoT|Phone> Rawr you scared him off
07:05:21 <CockRoach|42> wow... rude!
07:06:53 <Rawr|Fone> Good, he has to sleep in time
07:07:01 <Rawr|Fone> Dub is a big boi now
07:20:13 <DoT|Phone> how's the cv Rawr
07:33:02 <Rawr|Fone> Not doing great
07:39:53 <DoT|Phone> oh dear
07:40:26 <DoT|Phone> Rawr your always doing great, please
09:15:27 -!- reification [~reificati@cpc76294-cosh16-2-0-cust297.6-1.cable.virginm.net] has joined #tlponies
09:15:34 <reification> morn 
09:41:45 <DoT|Phone> hey Reif
09:54:34 <DoT|Phone> how's it going
10:01:40 -!- tredc [~tredc@c83-251-171-164.bredband.comhem.se] has joined #tlponies
10:08:50 -!- Golly [Golly@cm-84.212.249.112.getinternet.no] has joined #tlponies
10:09:00 -!- carcinization [~reificati@cpc76294-cosh16-2-0-cust297.6-1.cable.virginm.net] has joined #tlponies
10:09:11 <carcinization> it's def going dotties
10:25:35 <carcinization> rawr https://twitter.com/BoringEnormous/status/1048320945428082689
10:25:46 <carcinization> also https://twitter.com/BoringEnormous/status/1048095439428489216
10:40:49 <Rawr|Fone> Thanks reef reef
10:41:00 <Rawr|Fone> These are some very nice dogs
10:53:54 <DoT|Phone> lunch time
10:53:57 <DoT|Phone> how's all
11:36:29 -!- BioPhone [~androirc@mobile-166-170-25-139.mycingular.net] has joined #tlponies
11:36:42 <BioPhone> Mornen horsen
11:46:02 <DoT|Phone> morn bio
11:46:27 -!- tredc [~tredc@c83-251-171-164.bredband.comhem.se] has joined #tlponies
11:51:30 <BioPhone> How is my dot horse
12:04:18 <BioPhone> Man, Americana Diners is my M O O D right now. Top tier A E S T H E T I C.
12:41:25 <DoT|Phone> some of us peasants have to work bio
12:48:35 <carcinization> ＢＩＯ ＰＬＳ
12:54:42 -!- DoT|Phone1 [~Dot@148.252.129.29] has joined #tlponies
13:24:32 -!- skram [~skram@82.147.53.97] has joined #tlponies
13:38:12 <DoT|Phone1> Skram
13:38:26 <skram> DoT|Phone1
13:38:27 <skram> my frend
13:38:27 -!- tredc [~tredc@c83-251-171-164.bredband.comhem.se] has joined #tlponies
13:38:46 <skram> :(
13:39:18 -!- DoT|Phone [~Dot@148.252.129.29] has joined #tlponies
13:39:22 <skram> DoT|Phone
13:40:26 <DoT|Phone> Skram
13:40:31 <skram> hi
13:41:16 <DoT|Phone> hello
13:41:27 <skram> hows you
13:41:57 <DoT|Phone> tired
13:42:07 <skram> what did you do today
13:43:33 <DoT|Phone> just didn't sleep well
13:43:48 <skram> were you up all night playing your nintendos again
13:46:57 <DoT|Phone> I wish
13:51:38 <DoT|Phone> how you Skram
13:52:03 <skram> not sure yet
13:52:05 <skram> so far so good though
13:53:51 <DoT|Phone> Good
13:54:05 -!- BioPhone [~androirc@mobile-166-175-190-24.mycingular.net] has joined #tlponies
13:54:13 <BioPhone> Henlo
13:54:21 <BioPhone> I have flown
13:54:33 <skram> and BOY are your arms TIRED!
13:54:39 <skram> hej bio
13:54:41 <BioPhone> 1h flight across timezones
13:54:49 <skram> does that mean you went back in time
13:54:51 <BioPhone> So I T E L E P O R T E D
13:55:27 <BioPhone> I was in Detroit at 850, I am in Chicago at 851
13:55:39 <skram> neat
13:55:58 <BioPhone> Can't explain that
13:55:59 <BioPhone> Cue x files theme
13:56:20 <BioPhone> Hej skrammmmmmmen
13:56:33 <BioPhone> How is your wonderful face
13:57:02 <skram> still attached thankfully
13:57:08 -!- reification [~reificati@cpc76294-cosh16-2-0-cust297.6-1.cable.virginm.net] has joined #tlponies
14:01:16 <BioPhone> The best place for it to be really
14:12:58 -!- DuB_phone [~AndChat71@45.56.50.29] has joined #tlponies
14:13:04 <DoT|Phone> dub
14:13:17 <skram> everyone is a fone now
14:13:36 <DoT|Phone> dub didn't get 8 hours of sleep
14:18:14 -!- BioPhone [~androirc@mobile-166-175-190-24.mycingular.net] has joined #tlponies
14:19:27 <DuB_phone> rip
14:20:31 <DoT|Phone> don't die dub
14:23:36 <BioPhone> Riiiiiip
14:23:37 <DuB_phone> I try not to
14:23:41 <DuB_phone> Every day
14:23:48 <DoT|Phone> thank you
14:23:48 <skram> well you're doing a great job so far
14:28:22 <DuB_phone> :D
14:37:40 <DoT|Phone> and then he failed
14:57:39 -!- DuB_phone [~AndChat71@128.187.116.21] has joined #tlponies
14:57:57 <skram> PRAISE BE
15:02:58 <DuB_phone> WHA
15:03:11 <skram> the dub lives
15:03:41 <DuB_phone> Forever 
15:05:35 <skram> <3<3<3
15:10:03 <BioPhone> Neigh horse
15:41:48 <DoT|Phone> I walk home now
15:41:55 -!- tredc [~tredc@c83-251-171-164.bredband.comhem.se] has joined #tlponies
15:41:59 <DoT|Phone> Skram please join
15:56:56 <DoT|Phone> what you up to dub
16:12:20 -!- Rawr|Phone [~AndChat52@m83-185-83-71.cust.tele2.se] has joined #tlponies
16:13:55 -!- DuB_phone [~AndChat71@128.187.116.21] has joined #tlponies
16:27:59 -!- Dot [~quassel@148.252.129.29] has joined #tlponies
16:28:51 <Dot> hmm
16:29:12 <BioPhone> Time to fly again
16:29:16 <BioPhone> Brb
17:09:42 -!- Dot` [~quassel@148.252.129.29] has joined #tlponies
17:10:47 <DuB_phone> This 2hr of downtime between classes is so zzzzz
17:14:21 <DuB_phone> Dot 
17:14:53 <DuB_phone> We got MORE snow on the mountains!
17:17:01 <Dot`> SO UNFAIR
17:23:24 <DuB_phone> Wonder if we'll have a white halloween
17:28:13 <DuB_phone> Skram have some indiesomething https://youtu.be/we5nubnIeUg
17:28:20 -!- tredc [~tredc@c83-251-171-164.bredband.comhem.se] has joined #tlponies
17:34:43 -!- Zounds [webchat@cloak-07ouvien.14-2.cable.virginm.net] has joined #tlponies
17:38:00 <Zounds> pals
17:38:02 <Zounds> lads
17:38:16 <Zounds> friends
17:38:40 <DuB_phone> A zond!
17:38:50 <DuB_phone> Hoo ray
17:39:25 <reification> hey zounds
17:43:00 <Zounds> hi
17:48:16 <DuB_phone> Whatchu do
17:51:23 <Zounds> Nothing particularly exciting right now phonedub
17:52:28 <Zounds> heh gale adelade got a twitch emote done by shadman
17:52:31 <Zounds> the balls on that guy
17:53:51 <Zounds> Probably gonna incite a moral panic in the greater OW community tho
17:53:58 -!- tredc [~tredc@83.251.171.164] has joined #tlponies
17:56:08 <Dot`> zounds!
18:00:17 <DuB_phone> Haha
18:08:42 -!- Dot [~quassel@148.252.129.224] has joined #tlponies
18:21:00 <reification> well i've lost all 5 placement games on my low sr account so far and now games are getting rather silly...
18:21:14 <reification> there is update out now tho dub zounds
18:23:45 <Zounds> neat
18:25:58 <DuB_phone> Ooooh
18:26:10 <DuB_phone> Gotta go get arcade win boxes 
18:27:13 <reification> this dub and his lootboxes
18:27:46 <reification> eu or na?
18:28:08 <reification> i guess it might not be na yet
18:28:19 <reification> 4000 queue...
18:28:56 <DuB_phone> Still 2h for me
18:31:36 <Zounds> I'll prob be on a bit later
19:06:05 <reification> getting errors, will try later
19:21:58 <DuB_phone> I have 14k overmoneys to spend on skins!
19:23:50 <skram> waow
19:27:47 -!- reify [webchat@cloak-4ooo1b5w.6-1.cable.virginm.net] has joined #tlponies
19:30:39 <Zounds> so much funbucks
19:32:56 <DuB_phone> Not enough for all 7 legendary skins :o
19:33:34 <reify> dub richpon
19:34:44 <DuB_phone> If only I could pay rent with overwatch credits....
19:56:36 -!- DuB_phone [~AndChat71@ip-66-87-126-53.chynwy.spcsdns.net] has joined #tlponies
19:59:04 -!- Dot` [~quassel@85.255.234.149] has joined #tlponies
20:00:26 -!- carcinization [~reificati@cpc76294-cosh16-2-0-cust297.6-1.cable.virginm.net] has joined #tlponies
20:03:08 -!- Dot`_ [~quassel@85.255.232.39] has joined #tlponies
20:03:15 <Dot`_> hmm
20:03:26 <DuB_phone> 🤔
20:04:05 <Dot`_> sometihng just dled about 200 mb 
20:05:11 <Dot`_> so now only 100 mb left
20:07:26 <reify> oh dear
20:08:25 -!- tredc [~tredc@c83-251-171-164.bredband.comhem.se] has joined #tlponies
20:12:43 -!- DuB` [~DuB@66-219-235-226.dynamic.ip.veracitynetworks.com] has joined #tlponies
20:12:46 <DuB`> Home!
20:12:51 <skram> welcome
20:13:36 -!- reimeuk [~reimeuk@cpc76294-cosh16-2-0-cust297.6-1.cable.virginm.net] has joined #tlponies
20:15:50 <skram> DuB are we plej
20:16:59 <DuB`> O ya
20:17:01 <DuB`> V pley
20:17:06 <reimeuk> 🦄🦄🦄
20:17:37 <DuB`> OOOOOH
20:17:56 <DuB`> I get to fly to sf AND la this month for office visits / final interviews
20:17:57 <DuB`> weee
20:19:09 <DuB`> EU?
20:20:40 <reimeuk> i be there in a bit
20:20:53 -!- tredc [~tredc@c83-251-171-164.bredband.comhem.se] has joined #tlponies
20:27:50 <skram> Zounds
20:36:04 <Zounds> ill join soon
20:44:42 -!- Crisium [~Crisium@c-73-174-151-51.hsd1.pa.comcast.net] has joined #tlponies
21:11:45 -!- Camail [~Camail@45.40.84.145] has joined #tlponies
21:11:45 -!- mode/#tlponies [+v Camail] by Q
23:29:03 -!- reimeuk [~reificati@cpc76294-cosh16-2-0-cust297.6-1.cable.virginm.net] has joined #tlponies
23:29:47 <reimeuk> night all
23:30:08 <DuB`> nn!
23:30:08 <DuB`> ggs
23:57:25 -!- Rawr|Fone [~AndChat52@c-afb8e655.020-164-6d6c6d4.bbcust.telenor.se] has joined #tlponies
