00:20:04 <Camail> .tell Cane https://clips.twitch.tv/BlueMushyGiraffePJSugar
01:30:27 <skram> Dot
01:46:02 <DuB`> He left you, skram
01:46:09 <DuB`> But it's okay because I'm here for you!
01:46:22 <skram> hold me, DuB`
01:46:57 <skram> did you see me go NYOOOOM
01:47:00 <skram> earlier
01:47:01 <DuB`> As long as you keep sending me videos of you extending your crane
01:47:02 <DuB`> Haha
01:49:13 <skram> it was p windy so i was a bit scared
01:58:36 <Camail> this dub/dot/skram love triangle is weird
02:00:22 <Camail> https://www.twitch.tv/geekandsundry
02:00:27 <skram> is it though
02:00:37 <skram> or do you wanna make it a square
02:00:50 <Camail> i dont consider dub or dot much competition
02:01:26 <DuB`> >:T
02:01:57 <Crisium> toxic
02:45:13 <Camail> this episode is dark as fuck
03:46:57 -!- Dot` [~quassel@90.217.214.149] has joined #tlponies
04:26:29 <Camail> caleb with the boss nullifier
04:31:55 <Camail> i kinda want to do a divinty 2 run of all archers
04:32:25 <Camail> the problem being it's hard to keep high ground advantage
04:32:57 <Camail> but speccing into auerothurge for teleports miiiiight make it work
04:39:38 -!- Dot [~quassel@90.217.214.149] has joined #tlponies
05:03:59 <Camail> these guys really know how to make a plan fubar
05:21:45 <Camail> OH MY GOD JESTER YOU ARE A GOD
05:44:38 <Camail> well
05:44:50 <Camail> meight nein have a new vehicle
05:44:57 <Camail> mighty*
05:52:08 -!- Golly [~Golly@1.92-221-121.customer.lyse.net] has joined #tlponies
05:58:58 <Camail> one pet down, lul
06:42:10 -!- Golly [~Golly@1.92-221-121.customer.lyse.net] has joined #tlponies
07:15:34 <Dot> mornign all
07:36:57 <Dot> .tell dub` https://imgur.com/gallery/oKcpyrR
07:37:06 <Dot> cam pls
07:37:14 <Camail> no
08:11:09 -!- Runbunny [~Runbunny@91.100.28.10.generic-hostname.arrownet.dk] has joined #tlponies
08:12:02 <Dot> sickbun
08:12:52 <Runbunny> That's me.
08:13:08 <Runbunny> My throat is killing me this morning so we can add that to the list.
08:13:18 <Runbunny> At least I have hot chocolate.
08:21:32 -!- tredc [~tredc@c83-251-171-164.bredband.comhem.se] has joined #tlponies
08:30:40 <CockRoach|42> .tell Rawr|Fone https://imgur.com/gallery/g5JpJIf
08:37:56 <Rawr|Fone> .tell cockroach|42 <3 <3
08:38:34 <CockRoach|42> <3
08:38:41 <CockRoach|42> https://imgur.com/gallery/iG2eUr9
08:42:31 <CockRoach|42> https://imgur.com/gallery/HeWW5WV
08:44:05 -!- Rawr|Phone [~AndChat52@m83-185-89-194.cust.tele2.se] has joined #tlponies
08:46:39 <CockRoach|42> https://imgur.com/gallery/oila1cS
09:04:22 <Dot> Rawr Rawr Rawr
09:07:40 <Rawr|Phone> Dot Dot Dot
09:07:42 <Rawr|Phone> <3
09:10:04 <Dot> <3
09:10:22 -!- tredc [~tredc@c83-251-171-164.bredband.comhem.se] has joined #tlponies
10:14:54 -!- Rawr|Fone [~AndChat52@84-217-62-32.customers.ownit.se] has joined #tlponies
11:33:40 <Cane> Can streamers stop having Discord sounds on? fahsurhqwel
11:34:42 <Dot> i heard a skype sound on one a few weeks back and STILL checked
11:35:08 <Cane> Hahah I'd probably have a Pavlovian response to that even though I uninstalled it like a couple of years ago.
11:37:10 <Cane> .tell Camail That DaHanG clip. <3 Here, have one back. https://clips.twitch.tv/AttractiveDelightfulAdminDoritosChip
11:41:23 <Dot> .tell phearlock http://dstears.tumblr.com/post/178279263186/new-recruit-i-like-the-head-canon-that-tempest-is
11:41:33 <Dot> look CockRoach, its edgehorse
11:46:39 -!- BioPone [~androirc@mobile-166-176-249-146.mycingular.net] has joined #tlponies
11:47:06 <CockRoach|42> edge hors is quite good
12:18:13 -!- Rawr|Fone [~AndChat52@84-217-62-32.customers.ownit.se] has joined #tlponies
13:05:53 -!- carcinisation [webchat@cloak-31qdxqjw.6-1.cable.virginm.net] has joined #tlponies
13:29:49 -!- skrm [webchat@unv2.iieq.zttm.ip] has joined #tlponies
13:47:20 <Dot> skrm!
13:51:12 <Rawr|Fone> Jonas
13:51:23 -!- tredc [~tredc@c83-251-171-164.bredband.comhem.se] has joined #tlponies
13:56:47 <skrm> Bjørn! Henrik!
13:57:32 <Rawr|Fone> How are you doing today my dear
13:58:33 <skrm> Its alright
13:58:47 <skrm> Im trying to do a thing in excel but excel is the worst thing ever
13:59:33 <skrm> what are you up to old boy
14:02:01 <Rawr|Fone> I am watching the european championships in table tennis
14:03:43 <skrm> ooh
14:17:23 <skrm> who is winning rawr
14:18:47 <Rawr|Fone> Currently the swedish player is winning
14:20:06 <skrm> woo
14:21:51 <Rawr|Fone> They are only at the ro32 though, so there is a fair bit left
14:22:00 -!- tredc [~tredc@c83-251-171-164.bredband.comhem.se] has joined #tlponies
14:22:34 -!- BioPone [~androirc@12.33.239.117] has joined #tlponies
14:30:17 -!- BioPone [~androirc@12.33.239.117] has joined #tlponies
14:41:40 <skrm> There's fuckery afoot, Dot 
14:43:30 <Dot> genrally is
14:44:10 <Dot> its pizza night skram!
14:50:17 <skrm> no pizza for me today
14:50:21 <skrm> :(((((((((((
14:50:23 <Dot> D:
14:59:51 <Dot> whats up today skram
15:06:25 <Dot> CockRoach|42!!! https://www.reddit.com/r/DnD/comments/9hqg0u/art_dungeons_and_doggos_68_zoeys_plan/
15:06:27 <Dot> FRIDAY
15:06:38 <CockRoach|42> DOT!
15:07:51 <CockRoach|42> good doggo!
15:12:53 <Cane> skrm, https://i.redd.it/7nece7t21kn11.jpg woah
15:18:04 <Runbunny> Help me Dot.
15:18:25 <Dot> im here runvun
15:18:28 <Dot> runbun
15:18:37 <Runbunny> It's horrible.
15:20:00 <skrm> Yoooo
15:20:27 <Dot> what is?
15:20:43 <skrm> That thing is bloody magnificent, Cane 
15:20:55 <Cane> I know right?
15:23:08 <Golly> dat ass
15:23:13 <skrm> only 40 will be made
15:23:32 <skrm> 48 million king haralds for one and they're probably all sold
15:24:46 <skrm> Of course, Bugatti is a part of VAG
15:24:55 <skrm> Which means that my lil jetta is basically a bugatti
15:24:58 <skrm> right? right.
15:26:52 <Dot> they are all just cars skram
15:29:42 <skrm> rude
15:45:47 <Cane> skrm, they're already all gone. It took less than a day for the 40 preorders to come in, for almost $6mil a pop.
15:46:16 <Cane> What a stunning looking thing though.
15:51:32 <skrm> Cant wait for the life sized lego model of it
15:51:33 <skrm> :D
15:55:39 -!- DuB` [~DuB@66-219-235-226.dynamic.ip.veracitynetworks.com] has joined #tlponies
15:56:01 <DuB`> G'morn!
15:56:46 <Dot> DUB
15:57:06 <DuB`> DOT
16:00:15 <skrm> dub
16:04:31 <DuB`> skrm
16:04:38 <DuB`> Dot these birbs are the greatest
16:04:46 <Dot> :)
16:04:51 <DuB`> And so relateable
16:18:21 <skrm> are they though
16:18:30 -!- tredc [~tredc@c83-251-171-164.bredband.comhem.se] has joined #tlponies
16:19:07 <DuB`> Yes very sleppy https://imgur.com/gallery/oKcpyrR
16:24:53 -!- Yolteotl [~androirc@wsip-98-173-4-66.oc.oc.cox.net] has joined #tlponies
16:25:03 <Yolteotl> HI
16:25:05 <Yolteotl> PONES
16:25:40 <Yolteotl> Oh my gosh oh my gosh oh my gosh
16:25:43 <Yolteotl> https://comicbook.com/anime/2018/09/21/avatar-the-last-airbender-live-action-tv-series-netflix-composer-jeremy-zuckerman/
16:28:11 <Dot> Hey yolt
16:29:49 <Yolteotl> Dot!!
16:29:53 <Yolteotl> Look!
16:30:01 <Yolteotl> Airbenders!
16:30:06 <Dot> i saw
16:30:16 <Yolteotl> You hyped?
16:30:16 <Dot> hope is doesnt go the way of the movie that never existed
16:30:22 <Yolteotl> Ahahah
16:30:24 <Yolteotl> Sure
16:33:55 <Yolteotl> But all the directinng is there
16:37:41 <Dot> is it just a remake of the enimated show or on later in aangs life?
16:38:05 -!- tredc [~tredc@c83-251-171-164.bredband.comhem.se] has joined #tlponies
16:41:16 <skrm> im sorry yolt
16:41:20 <skrm> but this is gonna suck
16:41:32 <DuB`> haha
16:42:02 <skrm> aww
16:43:07 <Dot> so mean
16:51:07 -!- BioPone [~androirc@12.33.239.117] has joined #tlponies
16:51:24 <carcinisation> .tag skram rudepon
16:52:56 <carcinisation> wait no he said sorry
16:53:18 <carcinisation> .untag skram rudepon
16:53:33 <carcinisation> .tag skram meanpon
16:53:34 <Dot> he is still rude
16:58:56 <skrm> Its an intervention, Dot 
16:59:04 <skrm> Sometimes the truths gonna hurt
17:17:04 -!- sweetiebot [~skybot@209.141.41.184] has joined #tlponies
17:19:54 -!- CockRoach|42 [~CR@31.209.34.60] has joined #tlponies
17:19:54 -!- Emily [emily@falconspy.org] has joined #tlponies
17:19:54 -!- mode/#tlponies [+v Emily] by *.quakenet.org
17:24:09 -!- Twi [znc@Twi.users.quakenet.org] has joined #tlponies
17:36:12 -!- carcinisation [webchat@cloak-4ooo1b5w.6-1.cable.virginm.net] has joined #tlponies
17:36:56 <Dot`> skram, ive come to the conclusion i own even less than i thought i did
17:38:22 <carcinisation> minimalism is very fashionable dot
17:38:24 <Dot`> i tried to start packing today as everyone has been telling me to do for a week
17:38:53 <Dot`> i found 4 items to pack that i probably wont need, but might
17:39:28 <Dot`> there is nothing else i can pack without probably needing to unpack before then
17:39:40 -!- tredc [~tredc@c83-251-171-164.bredband.comhem.se] has joined #tlponies
17:41:01 -!- DoT|Phone [~Dot@90.217.214.149] has joined #tlponies
17:55:14 <DoT|Phone> dub
18:01:45 <DuB`> DUT
18:01:47 <DuB`> caps
18:03:46 <DoT|Phone> ah dub. how's your Friday
18:04:12 -!- tredc [~tredc@c83-251-171-164.bredband.comhem.se] has joined #tlponies
18:04:35 <DoT|Phone> are you getting pizza?
18:05:02 <DuB`> Mebbe!
18:05:17 <DuB`> Been going out to different restaurants around town with friends on friday this semester
18:05:27 <DuB`> Found some gud stuff
18:07:29 <DoT|Phone> extravagant
18:09:35 <carcinisation> runbun bio from z32o https://twitter.com/Josejusejo/status/1042147027403108352
18:17:04 -!- skrm [webchat@pioj.eid3.887x.ip] has joined #tlponies
18:21:28 <skrm> dot
18:24:43 <DoT|Phone> Skram!
18:31:03 <Dot`> rawr https://imgur.com/gallery/Q7gg5KC
18:31:45 <skrm> :D
18:31:47 <Rawr|Fone> Thanks dot
18:31:59 <skrm> ^:D
18:32:19 <Dot`> are you ok skrm?
18:32:34 <skrm> Its literally that doggos face
18:32:35 <skrm> look
18:32:44 <Dot`> uncanny
18:43:19 -!- Camail [~Camail@45.40.84.145] has joined #tlponies
18:43:19 -!- mode/#tlponies [+v Camail] by Q
18:44:28 <Runbunny> Dot`, https://i.imgur.com/JfBaez9.mp4
18:48:28 -!- tredc_ [~tredc@c83-251-171-164.bredband.comhem.se] has joined #tlponies
18:59:24 -!- CockRoach|42 [~CR@31-209-34-60.cust.bredband2.com] has joined #tlponies
18:59:24 -!- CockRoach|42 [~CR@CockRoach|42.users.quakenet.org] has joined #tlponies
18:59:24 -!- mode/#tlponies [+v CockRoach|42] by Q
19:09:37 <DuB`> Torb rework update https://www.youtube.com/watch?v=J3TjlwUNuSg&feature=youtu.be
19:10:01 <DuB`> Armor packs gone, that ability replaced with downgraded form of old ult
19:10:22 <DuB`> New ult is magma puddle gun thing?
19:10:32 <DuB`> No more turret levels, and he can toss is some distance
19:11:04 <DuB`> toss it*
19:15:11 <DoT|Phone> what level is turret?
19:15:52 -!- skrm [webchat@pioj.eid3.887x.ip] has joined #tlponies
19:15:59 <skrm> dang webchat u stink
19:16:18 <DuB`> Probably lv 1.5 equivalent if I were to guess, dunno if he said
19:16:53 -!- carcinisation [webchat@cloak-4ooo1b5w.6-1.cable.virginm.net] has joined #tlponies
19:17:05 <DuB`> Where is micen
19:17:22 -!- Emily [emily@falconspy.org] has joined #tlponies
19:17:23 <DuB`> He needs to know about TORBAJORN
19:34:50 <skrm> tell me a boat it DuB` 
19:40:31 <carcinisation> rip armour packs
19:40:39 <DuB`> Well if you'd connected 2 minutes earlier you'd have seen my summary :P
19:40:55 <DuB`> <DuB`> Armor packs gone, that ability replaced with downgraded form of old ult
19:40:55 <DuB`> <DuB`> New ult is magma puddle gun thing?
19:40:55 <DuB`> <DuB`> No more turret levels, and he can toss is some distance
19:46:19 <DuB`> Pharah getting a bit less rocket splash because apparently she's OP on console lol
19:46:30 <DuB`> Hopefully in exchange for some other slight buff
19:56:30 -!- carcinisation [webchat@cloak-4ooo1b5w.6-1.cable.virginm.net] has joined #tlponies
19:56:49 -!- tredc [~tredc@c83-251-171-164.bredband.comhem.se] has joined #tlponies
19:59:54 -!- Emily [emily@falconspy.org] has joined #tlponies
20:00:44 <Runbunny> Rawr|Fone, Dot` https://i.imgur.com/bB8V6KY.mp4
20:06:32 <Rawr|Fone> Is this a cat runbun
20:15:07 <Runbunny> A small wiener dog to steal your heart.
20:15:14 -!- tredc [~tredc@c83-251-171-164.bredband.comhem.se] has joined #tlponies
20:15:25 <DuB`> I want to play somegame with frens
20:15:29 <DuB`> What is tlp plej
20:15:32 <Rawr|Fone> You stole my heart long ago anders
20:19:35 <carcinisation> i am plej pokers dub
20:19:52 <DuB`> alas
20:19:53 <carcinisation> would you like to come and donate your monies?
20:20:33 <carcinisation> oh wait that's not one of the freedoms you muricans have :p
20:23:07 <DuB`> My monies are for food an rent!
20:25:08 <DuB`> Man 
20:25:17 <DuB`> I had probably my best mccree game ever yesterday
20:25:36 <DuB`> 60% acc and a 20 killstreak over 26 elims on numbani defense
20:39:09 <CaneCraft> RIP my ability to play anything right now or I might have joined you. <3
20:39:19 <Cane> Apparently my ISP hiccuped some time in the day.
20:39:45 -!- mode/#tlponies [+vvvvvv Bio Dot` DuB` Golly motbob Rarity] by Cane
20:39:45 -!- mode/#tlponies [+vvvvv Rawr|Fone Runbunny sweetiebot tredc Twi] by Cane
20:58:29 -!- Emily [emily@falconspy.org] has joined #tlponies
20:58:35 <Camail> cane did you see the clip i .told you
20:58:43 <Cane> Yes, did you see the one I sent you in return? =P
20:58:43 <Camail> thats a yes
20:58:46 <Cane> lol
20:59:30 <Camail> when you dont think you need to juke
20:59:33 <Camail> and get rekt
21:02:37 <Cane> The pure burst damage in that clip reminded me of https://clips.twitch.tv/CarelessRoundCockroachVoteNay
21:04:41 <Cane> Rapha is streaming btw.
21:06:46 <Camail> they havent done any 2v2s in awhile
21:06:56 <Camail> must be a duel tourny soon
21:07:05 <Camail> boy is this format boring
21:07:25 <Cane> zzz
21:07:33 <Cane> The next tournament is duel only.
21:07:40 <Cane> I think next 2v2 tourney is DHW?
21:07:50 <Cane> They said they'll do a lot more 2v2 grind leaning up to that.
21:08:01 <Camail> yea makes sense
21:08:10 <Camail> i just dont get what TOs see in duels
21:08:25 <Camail> or if its the devs
21:09:07 <Camail> in 2v2 the abilities are in service of the fundamentals of quake, you use them for item advantage and positional advantage
21:09:14 <Camail> in duels you just use them to get a kill
21:09:21 -!- tredc [~tredc@c83-251-171-164.bredband.comhem.se] has joined #tlponies
21:09:28 <Camail> because kills are just so much more important than anything else
21:10:28 <Cane> I've developed Stockholm syndrome a little over the past couple of weeks, just because there's nothing else Quake wise to watch.
21:10:37 <Cane> So duel got a bit better, but it's still deeply flawed.
21:11:15 <Cane> I hate how getting creative and flashy in duel is how you start losing. Stay safe, stay boring, pick away at your enemy for like 2 minutes straight, run around the map...
21:11:19 <Cane> That's how you win duels.
21:11:29 <Cane> Run around until you have ability then go for some kind of play.
21:11:34 <Camail> yea duels going to time make me change channels
21:11:41 <Cane> Mmhmm.
21:11:54 <Camail> i've never finished watching a set that went to time
21:11:58 <Cane> Been watching DaHanG the past few days 'cause he's finally been streaming again.
21:12:01 <Cane> He always complains about it.
21:12:02 <Camail> there are still cool moments tho
21:12:20 <Cane> He'll die by doing a push or something, he goes "I tried to get too flashy and fancy. Sigh. Time to just play boring again."
21:12:28 <Cane> And with anyone else you'd just go "Yeah yeah excuses"
21:12:35 <Cane> But then he plays boring and safe and FUCKING MURDERS EVERYONE and nobody has a chance.
21:12:43 <Cane> So players are just fighting their own boredom threshold.
21:13:18 <Camail> yea when you've won every duel tourny you can have an opinion
21:13:24 <Cane> Pretty much.
21:13:53 <Camail> because he knows what the best play is but he doesn't want to do it anymore
21:14:14 <Camail> the lack of freedom has made the game stagnate before it's even out
21:14:48 <Cane> And they need to remove Blood Run from the pool. That's the biggest run-away-and-pick-away-slowly map of the lot.
21:15:30 <Cane> But yeah, like I said, slight Stockholm syndrome right now because everyone is grinding duel and I like watching Quake.
21:15:31 <Camail> more maps without rail pls
21:15:37 -!- tredc [~tredc@c83-251-171-164.bredband.comhem.se] has joined #tlponies
21:16:32 <Cane> At least GniK isn't good enough to run around for 5 minutes.
21:17:01 <Cane> HAHAHAHAHA
21:17:03 <Cane> Brb clip
21:18:09 <Bio> whaddup bois
21:18:13 <Bio> i bek
21:18:16 <Bio> is friday
21:18:25 <Bio> woop
21:18:57 <Cane> https://clips.twitch.tv/SuaveDeliciousRingKAPOW
21:18:59 <Cane> Roof.
21:20:10 <Camail> damn
21:20:12 <Camail> that's rough
21:39:32 -!- Crisium [~Crisium@c-73-174-151-51.hsd1.pa.comcast.net] has joined #tlponies
21:46:34 <Dot`> Crisium!
21:46:38 <Crisium> ahoy
21:51:52 <Bio> cane did u watch the vod
21:51:54 <Bio> of me
21:51:58 <Bio> i saved it
21:52:16 <Cane> I bookmarked it, gonna watch it tonight or tomorrow when I'm done with programming.
21:52:24 <Cane> It was a little bit too interesting to just be background noise.
21:52:42 <Bio> noice
21:52:46 <Bio> what u workin on
21:53:06 <Cane> Camail, 2v2 PUGs happening.
21:53:15 <Camail> woo
21:53:21 <Cane> rapha+GniK vs dramiS+nosfa.
21:53:49 <Cane> From what I can tell nosfa is a really good Brazilian player, solid aimer/fragger but without the game sense of the high tier players.
22:01:17 -!- skram [~skram@82.147.53.97] has joined #tlponies
22:01:30 -!- tredc [~tredc@c83-251-171-164.bredband.comhem.se] has joined #tlponies
22:08:17 -!- Crisium [~Crisium@c-73-174-151-51.hsd1.pa.comcast.net] has joined #tlponies
22:12:53 <Camail> his dodging is the most obviously flawed part of his game
22:13:11 <Camail> puts himself in trapped situations often
22:22:38 <DuB`> https://eu.forums.blizzard.com/en/overwatch/t/overwatch-ptr-patch-notes-september-22-2018/9007
22:43:57 <skram> Dot`
22:44:07 <Dot`> Skram
22:44:26 <skram> how you bean
22:46:55 <DuB`> lolol new molten core is basically splatoon
22:47:08 <DuB`> But with LAVA
22:47:12 <Dot`> good skram, playing tarkov and loosing all my gear atm
22:48:41 <skram> make tj carry you
23:06:25 -!- Crisium [~Crisium@c-73-174-151-51.hsd1.pa.comcast.net] has joined #tlponies
23:06:30 <Crisium> new torb is kinda fun
23:06:36 <Crisium> pharah buffs are actually wild tho
23:12:58 <Dot`> how are you skram
23:25:11 <Cane> How's new Torb? I haven't looked at changes.
23:28:55 <Cane> Camail, rapha+dooi now and I think that might be unfair.
23:29:29 <Camail> its no TL but yea that's gonna be fun to fight
23:32:03 <DuB`> Torb changes are all good and make him more enjoyable
23:32:07 <DuB`> Dunno about his ult tho
23:32:21 <DuB`> I like it but it seems too easy to just... not walk in the puddles of lava
23:38:15 <DuB`> https://twitter.com/PlayOverwatch/status/1043266453263151104
23:40:42 <Cane> Holy crap what a scramble from rapha+dooi to bring it back.
23:42:14 <DuB`> queke!
23:45:08 <Camail> dub the clearest examples i could see would be area denial, so around corners, behind the payload, maaaaybe somewhere on a cp, but that one seems bad
23:50:56 <DuB`> Was doing some custom games
23:51:14 <DuB`> You can just jump on someone and unload it all for a pretty guaranteed kill
23:51:24 <DuB`> Otherwise only useful in very tight chokes or small rooms 
23:52:04 <DuB`> Hard to even cover a whole control point, but it'd still disrupt a fight at least
23:55:55 <Crisium> torb + hammond ult gonna be so annoying
23:56:05 <DuB`> Haha
23:56:12 <Crisium> been playing a lot on the PTR, im not convinced the turret isnt worse.  but torb himself is much better
23:56:29 <Crisium> the 10 second cooldown to build a turret after it is destroyed really hurts
23:56:57 <Camail> i've always felt it weird for overwatch to have an engineer class, so making it more player dependent makes sense to me
