00:44:07 -!- Phearlock_ [~Phearlock@cm-84.209.250.127.getinternet.no] has joined #tlponies
00:44:07 -!- mode/#tlponies [+v Phearlock_] by Q
00:46:49 <Dot`> cam, slram, phear, depending how the interview goes tomorow i will try get out the 3 starter quests in the evening
00:46:59 <Dot`> then you can orignise when you want to get going
01:36:20 <Crisium> .tell DuB` https://twitter.com/SeoulDynasty/status/1031707781219241984
02:09:21 <Camail_> we should make dub play
02:09:39 <DuB`> o wha
02:23:25 <Camail_> we're playing dnd rng edition
02:27:41 <DuB`> O ya that
02:27:43 <skrm> YEAH DUB
02:27:51 <skrm> you can be a druid too
02:29:29 <DuB`> A ROBOT durid?
02:29:32 <Camail_> i'm a ighter....it works out because i'm kinda designed to make sure weak clothlings dont get fucked
02:29:36 <Camail_> fighter*
02:29:45 <skrm> ressurect vanessa
02:29:55 <DuB`> AGAIN? :p
02:29:59 <skrm> haha
02:30:04 <skrm> wait i got it
02:30:12 <skrm> you can be the rookie dwarf
02:30:15 <skrm> ill be the grumpy one
02:30:34 <Camail_> all dwarfs are grumpy
02:31:24 <skrm> halfling then
02:33:01 <Camail_> which would be fun because i speak halfling
02:33:10 <Camail_> we can tlak shit about dwarfs all day
03:06:16 -!- DvB` [~DuB@65-130-54-166.slkc.qwest.net] has joined #tlponies
03:59:40 -!- DuB` [~DuB@65-130-88-185.slkc.qwest.net] has joined #tlponies
04:03:44 * skrm slaps DuB` around a bit with a large fishbot
04:29:32 -!- DvB` [~DuB@65-130-16-101.slkc.qwest.net] has joined #tlponies
04:32:03 -!- DuB` [~DuB@65-130-59-27.slkc.qwest.net] has joined #tlponies
06:08:06 -!- skram [~skram@82.147.53.120] has joined #tlponies
06:13:41 -!- Bio [~BioPon@108-72-8-181.lightspeed.stlsmo.sbcglobal.net] has joined #tlponies
06:15:50 -!- BioSC [~BioPon@108-72-8-181.lightspeed.stlsmo.sbcglobal.net] has joined #tlponies
06:24:52 -!- Rawr|Fone [~AndChat52@84-217-62-32.customers.ownit.se] has joined #tlponies
06:38:02 -!- Golly [~Golly@1.92-221-121.customer.lyse.net] has joined #tlponies
07:05:26 -!- Dot [~quassel@90.197.151.215] has joined #tlponies
07:16:15 -!- Dot` [~quassel@90.197.151.215] has joined #tlponies
07:18:10 -!- Camail [~Camail@45.40.84.145] has joined #tlponies
07:18:10 -!- mode/#tlponies [+v Camail] by Q
07:31:34 -!- Dot [~quassel@90.197.151.215] has joined #tlponies
07:42:05 -!- Micen_ [~Micen@h125.70.91.75.dynamic.ip.windstream.net] has joined #tlponies
07:42:45 -!- Dot` [~quassel@90.197.151.215] has joined #tlponies
07:43:59 <Dot`> silly disconnects
07:44:01 <Dot`> mornign all
07:52:26 <CockRoach|42> pls dot
07:58:17 <Dot`> snela
08:26:46 <Rawr|Fone> Dot` Dot` Dot`
08:29:02 -!- Micen__ [~Micen@h125.70.91.75.dynamic.ip.windstream.net] has joined #tlponies
08:29:19 <Dot`> Rawr Rawr Rawr
08:29:19 <Dot`> <3
08:29:23 <Rawr|Fone> <3
08:29:39 <Rawr|Fone> Interview today dot?
08:29:51 <Dot`> yea, about to get ready
08:29:57 <Dot`> its in 2 and a half hours
08:30:29 <Rawr|Fone> Tell them I think you are the bestest horse
08:30:45 <Dot`> i will do rawr
08:30:51 <Dot`> ty
08:31:16 <Rawr|Fone> No problem
08:49:04 <Dot`> right, im ready,  now to just sit and wait to leave
09:14:43 <Dot`> well i should go, later pons <3
10:36:57 -!- Runbunny [~Runbunny@91.100.28.10.generic-hostname.arrownet.dk] has joined #tlponies
10:39:18 -!- Golly [~Golly@1.92-221-121.customer.lyse.net] has joined #tlponies
12:06:07 -!- tredc [~tredc@c83-251-163-99.bredband.comhem.se] has joined #tlponies
12:12:02 -!- DoT|Phone [~Dot@82-132-236-131.dab.02.net] has joined #tlponies
12:12:47 <DoT|Phone> ponies
12:17:40 <CockRoach|42> hors|dot
12:24:43 -!- DoT|Phone [~Dot@82-132-223-167.dab.02.net] has joined #tlponies
12:48:02 -!- DoT|Phone [~Dot@82-132-223-167.dab.02.net] has joined #tlponies
12:48:09 <DoT|Phone> internet please
12:48:37 <DoT|Phone> Runbun. Rawr.
13:15:14 -!- Dot [~quassel@90.197.151.215] has joined #tlponies
13:15:19 <Dot> horses! i home now
13:20:08 <Dot> Rawr Rawr Rawr
13:44:48 <CockRoach|42> good horse
13:53:01 <Dot> hey cr
13:53:03 <Dot> hows you
13:54:07 <Runbunny> Dot.
14:00:20 <Dot> runbun!
14:22:44 <Dot> i think i was just made an offer by a compnay...
14:23:08 <Rawr|Fone> !
14:24:25 <Runbunny> Congratulations Dot.
14:28:40 <Rawr|Fone> Great work dot
14:29:13 <Dot>  liek they offering me a trainee position instead of an apprenticeship which i interviewed for
14:30:09 <Runbunny> Is that better?
14:30:23 <Dot> it ceraintly pays a lot more...
14:30:28 -!- tredc [~tredc@c83-251-163-99.bredband.comhem.se] has joined #tlponies
14:31:53 <Dot> i think it is better, they are happy for me to still study and get qualifications
14:32:11 <Runbunny> Nice.
14:34:13 <Rawr|Fone> That seems wonderful dot
14:34:47 <Dot> im still in shock rawr
14:44:38 * Dot hugs rawr
14:44:54 <Runbunny> Aww.
14:44:57 <Runbunny> Cute.
14:53:13 <Rawr|Fone> Of course they want you dot
14:53:22 <Rawr|Fone> You are great
14:53:34 <Rawr|Fone> The bestest horse, as I said
15:00:42 <Dot> <3
15:01:05 -!- tredc [~tredc@c83-251-163-99.bredband.comhem.se] has joined #tlponies
15:01:50 <Rawr|Fone> <3
15:03:10 <Runbunny> <3
15:10:49 <Dot> runbun <3
15:31:12 -!- skram [~skram@82.147.53.120] has joined #tlponies
15:31:41 <Dot> SKRAM
15:32:41 <skram> DOT
15:32:43 <skram> WOOOO
15:32:53 <Dot> im confused though, when do i make the dum celebration purchase? 
15:33:02 <skram> right now
15:33:07 <Dot> AH
15:33:08 <skram> get a face tattoo and then get arrested
15:33:08 <Dot> im late
15:33:12 -!- tredc [~tredc@c83-251-163-99.bredband.comhem.se] has joined #tlponies
15:34:07 <skram> does this mean that you have to move too
15:34:31 <Dot> well yea, no matter what option i take i will have to move
15:34:41 <Dot> no more gin and pizza place
15:34:43 <skram> what were the other optionms
15:34:53 <skram> well obviously we're going there at some point regardless
15:35:24 <Dot> AMRC, the people i met them through and was going to do a degree apprenciship with
15:35:35 <Dot> its still an option, but they seem least keen on that
15:36:03 <Dot> there is a far more relevant degree apprenticeship at sheffield hallam they could get me into
15:36:16 <Dot> or i take a trainee position there 
15:36:40 <Dot> and then next year can if i want start an apprenticeship or some other studies
15:36:47 <BioSC> pony
15:36:56 <Dot> Bio <3
15:37:08 <Bio> today i pack the computer
15:37:09 <Bio> T_T
15:37:11 <skram> :D
15:37:26 <skram> Have you decided which option Dot
15:37:33 <Dot> nope
15:37:36 <Dot> gl bio
15:38:30 <Dot> I am leaning to trainee though skram, it gets me into engineering, gives me more options
15:39:48 <skram> Like the on at cougar?
15:40:32 <Dot> yea, cougar automation would hire me as a trainee engineer
15:40:54 <skram> cool cool
15:43:03 -!- DuB` [DuB@65-130-59-27.slkc.qwest.net] has joined #tlponies
15:43:11 <DuB`> G'morn!
15:43:15 <Dot> DUB <3
15:43:46 <skram> good morning dubster
15:43:52 <DuB`> <3
15:43:57 <DuB`> Oooh lotsa more doto today
15:48:26 <Runbunny> Dubbu Dubbu. Whenever I happen upon birb videos I think of you.
15:48:48 <DuB`> This is good
15:49:01 <DuB`> Whenever I happen upon cute buns I think of you
15:49:02 <DuB`> https://twitter.com/bunnyarchive/status/1031256262913212417
15:49:31 <Runbunny> Bunnies!
16:00:24 -!- carcinisation [webchat@cloak-31qdxqjw.6-1.cable.virginm.net] has joined #tlponies
16:03:15 -!- Zoonds [webchat@cloak-07ouvien.14-2.cable.virginm.net] has joined #tlponies
16:03:29 <Zoonds> awright lads
16:03:48 <carcinisation> hello zounds
16:03:58 <Zoonds> reif buddy
16:04:25 <DuB`> ARRIGHT
16:07:36 <Bio> asdf
16:07:44 <DuB`> Zonds didn't stick around long D:
16:07:48 <DuB`> Mah bahyo
16:09:28 -!- Zoonds [webchat@cloak-07ouvien.14-2.cable.virginm.net] has joined #tlponies
16:14:19 <skram> zounds lad
16:14:54 <Zoonds> o/
16:22:22 <carcinisation> well it took them about 3 weeks but grosvenor have finally fixed their poker software to give me the tokens i'm due
16:22:34 <Dot> \o/
16:22:39 <Dot> riches reif!
16:23:14 <DuB`> £€$
16:27:38 -!- Rawr|Phone [~AndChat52@m83-185-94-141.cust.tele2.se] has joined #tlponies
16:28:31 <carcinisation> let's hope so
16:48:54 <Runbunny> Reif.
17:03:24 <Dot> Reef
17:06:11 <DuB`> Huh
17:06:31 <DuB`> Apparently the widow noire skin from preorder is worth like $60 now haha
17:06:44 <DuB`> Or that's what those game keys are going for
17:18:17 <Dot> .roll d20
17:22:13 <Zoonds> what are folks up to
17:22:48 <DuB`> Did some OW mystery heroes, waiting for doto watching
17:23:57 <Bio> dob
17:23:58 <Bio> pls
17:24:21 <Zoonds> Do you want to do more OW meanwhile you wait DuB` ?
17:26:05 <DuB`> Busy eatin' ice cream :P
17:26:07 -!- DoT|Phone [~Dot@90.197.151.215] has joined #tlponies
17:26:17 -!- tredc [~tredc@c83-251-163-99.bredband.comhem.se] has joined #tlponies
17:26:57 <Bio> i move tomorrow boys
17:27:11 <Bio> scarry
17:27:17 <Zoonds> moving is a pain in the ass
17:30:31 <carcinisation> dub it's sad, i considered buying keys when they were about $2
17:31:07 <carcinisation> i was busy eating sea bass then cheesecake zounds
17:33:44 <Runbunny> Dot, DuB` https://i.imgur.com/fYp1JWj.jpg
17:35:55 <DuB`> Magestik
17:36:15 <Zoonds> Why does that dog have a rabbit head photoshopped on
17:37:42 <DoT|Phone> cute
17:48:50 <DuB`> Oh yeah, haha
17:48:58 <DuB`> The clapping along to earthshaker
17:49:00 <DuB`> love it
17:51:03 <DoT|Phone> dub dub
17:54:27 <DuB`> dot dot
18:01:20 <DoT|Phone> How's it going?
18:03:29 <DuB`> v relaxe
18:09:10 <DoT|Phone> great
18:09:42 <DuB`> Interview done?
18:09:59 <DoT|Phone> I did thing
18:26:40 -!- Camail [~Camail@45.40.84.145] has joined #tlponies
18:26:40 -!- mode/#tlponies [+v Camail] by Q
18:26:45 <Dot> cam
18:26:50 <Camail> dort
18:34:14 <Dot> tis I
18:34:38 -!- tredc [~tredc@c83-251-163-99.bredband.comhem.se] has joined #tlponies
18:45:31 -!- Dot [~quassel@90.197.151.215] has joined #tlponies
18:51:31 -!- Rawr|Fone [~AndChat52@84-217-62-32.customers.ownit.se] has joined #tlponies
18:54:15 <Rawr|Fone> 🐴🐴🐴
18:55:23 <CockRoach|42> rawr|<3
18:58:42 <Rawr|Fone> Cr|<3<3
18:59:10 -!- tredc [~tredc@c83-251-163-99.bredband.comhem.se] has joined #tlponies
19:22:48 <Runbunny> Rawr.
19:23:04 <Rawr|Fone> Runbunny.
19:23:31 <Runbunny> Link me music you listen before pingis match.
19:24:01 <Rawr|Fone> I don't listen to anything before a match
19:24:39 <Runbunny> Do they have that on youtube?
19:25:30 <Rawr|Fone> You can search for it I guess
19:25:43 -!- tredc [~tredc@c83-251-163-99.bredband.comhem.se] has joined #tlponies
20:12:00 <Camail> dub what class are you playing
20:12:26 <Camail> you should try a magic rogue or a magic fighter, or a magic not magic
20:19:21 <Dot> yea dub
20:19:27 <Dot> i back from walk
20:23:40 <Dot> .roll d20
20:24:54 <Camail> https://www.twitch.tv/rapha
20:28:55 <Bio> my TI bracket is so bad rofl
20:59:45 <Dot> Bio https://www.reddit.com/r/mylittlepony/comments/994tyb/happy_pony_dance/
21:10:31 -!- Dot [~quassel@90.197.151.215] has joined #tlponies
21:15:49 -!- Crisium [~Crisium@c-24-3-158-64.hsd1.pa.comcast.net] has joined #tlponies
21:15:55 <Dot> Crisium! <3
21:16:02 <Crisium> howdy
21:23:35 <Dot> .tell skram https://imgur.com/gallery/o2NskBT
21:29:29 <Dot> dub https://www.reddit.com/r/DnD/comments/994zaz/art_puff_the_kenku_monk_of_the_sun/
21:29:32 <Dot> is birb
22:00:44 <Zoonds> hi Crisium 
22:02:06 <Crisium> mr zound
22:19:52 -!- skrm [webchat@unv2.iieq.zttm.ip] has joined #tlponies
22:20:19 <Dot> skrm!
22:21:19 <Camail> dub is dead
22:22:04 <Dot> that poor lad
22:22:09 <skrm> rip
22:22:13 <skrm> did you decide yet Dot 
22:22:44 <Dot> nope, need to wait for the reply to my email
22:22:53 <Dot> i asked for more info on the trainee position
22:22:57 -!- tredc [~tredc@c83-251-163-99.bredband.comhem.se] has joined #tlponies
22:23:45 <skrm> :D
22:32:41 <Crisium> what is Dot doing
22:32:49 <Crisium> was he elected president of england
22:34:48 <skrm> yes he is the queens boyfriend now
22:35:16 -!- tredc [~tredc@c83-251-163-99.bredband.comhem.se] has joined #tlponies
22:39:41 <Dot> Crisium, i got offered a position by a engineering company
22:39:58 <Dot> they offered me a choice of apprenticeship or going straight to them as a trainee
22:40:11 <Dot> so need to choose
22:45:22 <Zoonds> Are you quick playing or comping Crisium ?
22:45:31 <Crisium> QP but im gonna comp soon
22:45:34 <Crisium> i decayed today :O
22:45:40 <Crisium> oh nice Dot
22:45:45 <Zoonds> Alright
22:46:25 <skrm> i dont understand the difference Dot 
22:47:16 <skrm> to be an engineer you need to finish an apprenticeship
22:47:29 <skrm> if you go in as a trainee what does that mean
22:47:39 <Dot> well this is what im trying to find out about the trainee thing
22:49:14 <Dot> all the info i have about the trainee thing is the pay, and that if next year i want to do an apprenticeship its an option
22:49:36 <skrm> damn
22:49:41 <skrm> they seem keen on having you
22:49:44 <skrm> thats pretty great
22:50:19 <DuB`> Am back
22:50:30 <DuB`> Oooh, dot! Sounds like good news :D
22:50:31 <Dot> from the dead dub?
22:51:08 <Dot> thansk skram <3
22:51:29 <skrm> back from the dead just in time for a KICKASS DANCE NUMBER??
22:52:34 <DuB`> I ain't got no tunes to dance to
22:52:46 <DuB`> Dot, hold out for a CEO position offer
22:53:16 <skrm> good strategy
22:53:21 <Dot> cam, did the incite to the dnd discord time out for you?
22:53:27 <Dot> will do dub
22:54:13 <Camail> ya
22:54:18 <skrm> Dot, dont listen to dub, he's a bad influence
22:56:03 <carcinisation> congrats dotties
22:56:09 <carcinisation> i sleep now. night all
22:57:54 <skrm> good night
22:57:58 <Camail> oh so we arent rolling for gold if we take our class items?
23:02:57 <Dot> gnight reif <3
23:03:29 <Dot> yea, standard rules there, you either roll gold and buy with wat you roll or you take the defaults given
23:03:51 <Camail> oh right
23:04:56 <Dot> rolling on This is your life might get you extra gold/stuff
23:05:16 <skrm> anyone watching TI
23:05:22 <DuB`> Of course
23:05:34 <Dot> that reminds me, skram can you send the results you got for your enemy?
23:06:56 <skrm> oh
23:06:59 <skrm> wait didnt we roll
23:07:03 <skrm> its in the roll20 bio
23:07:49 <Dot> oh, is that where you put it
23:07:53 <Dot> ok, will check tomorow
23:09:40 <Dot> i have dub down as an eldritch knight aarakokra cam, is that right?
23:10:10 <Camail> i have no idea, so yes,
23:11:28 <skrm> i think he said yesterday that he was going to be a dwarf
23:11:32 <DuB`> wha
23:11:37 <DuB`> I never even said I'm playing!
23:11:46 <skrm> unless its a dwarf
23:11:50 <Dot> but there is a 1 dorf limit skram
23:11:54 <skrm> is what i believe you said
23:11:58 <skrm> haha of course there isnt dot
23:11:59 <skrm> silly
23:14:40 <Camail> eh, xanathars isn't my thing
23:18:40 <Dot> no free stuff then
23:25:23 <Camail> dub why do you hate creativity
23:25:48 <Camail> i never took you for such a cold-hearted anti-nerd
23:26:06 <Dot> isnt he plannign to be an acountant? thier job is to be creative with numbers
23:26:35 <Dot> like maths, the thing dub doesnt do
23:33:39 <DuB`> Yuck math
23:36:46 <Camail> dub i've been throwing around the idea of playing modded terraria, bio seemed interested
23:36:53 <Camail> just fyi for if it eventually happens
23:44:09 <Camail> man, glaives are so cool
23:44:22 <Camail> but i'm not gonna let this +2 ac go in a game like this
23:44:59 <Camail> maybe the character after this one is gonna use a glaive 
23:58:33 <Camail> oh no, i got stuck in the transistor ost again
23:58:50 <Camail> i got hit by that vortex
