00:52:20 <Crisium> https://us.forums.blizzard.com/en/overwatch/t/overwatch-ptr-patch-notes-november-14-2018/250302
00:54:29 <DuB`> Die, doomfist! Die, brig!
00:55:05 <Bio> fuckin rood boy
00:55:13 <Bio> brig is a fuckin sweetie
00:57:27 -!- Rawr|Fone [~AndChat52@c-afb8e655.020-164-6d6c6d4.bbcust.telenor.se] has joined #tlponies
01:01:06 <Crisium> not looking forward to Bastion sentry accuracy buff
01:01:30 <Crisium> it's already a boss fight to kill it, now even more so
01:17:56 <Crisium> https://twitter.com/Hangzhou_Spark/status/1062874940175613953/video/1
01:17:59 <Crisium> this color scheme
01:26:43 <DuB`> PINK
01:26:45 <DuB`> I love it haha
01:26:54 <DuB`> Team bubblegum
01:39:56 -!- Rawr|Fone [~AndChat52@c-afb8e655.020-164-6d6c6d4.bbcust.telenor.se] has joined #tlponies
01:57:36 <skram> stupid computer i told you to sleep
01:57:50 <Bio> skorm pls
01:58:13 <skram> please urslef u pervert
01:58:44 <Bio> nou
02:40:03 -!- Rawr|Fone [~AndChat52@c-afb8e655.020-164-6d6c6d4.bbcust.telenor.se] has joined #tlponies
05:28:16 -!- Rawr|Fone [~AndChat52@c-afb8e655.020-164-6d6c6d4.bbcust.telenor.se] has joined #tlponies
05:49:23 -!- skram [~skram@82.147.53.97] has joined #tlponies
07:01:00 -!- Rawr|Fone [~AndChat52@m83-185-80-224.cust.tele2.se] has joined #tlponies
07:09:50 -!- Golly [Golly@cm-84.212.249.112.getinternet.no] has joined #tlponies
07:23:09 <DoT|Phone> morning all
07:25:11 <skram> good morning lad
07:26:34 <DoT|Phone> Skram <3
07:32:49 <DuB`> Friends!
07:32:51 <DuB`> Good morns
07:35:47 <CockRoach|42> henlo
07:41:03 <Micen> good morning
07:45:38 <skram> I got paid today DoT|Phone
07:46:30 <Rawr|Fone> Early horses
07:46:33 <Rawr|Fone> So many
07:46:43 <Micen> I dont know how long im up. 
07:47:00 <Micen> I think im getting sick and its throwing off my schedule :(
07:47:03 <skram> I dont know what to waste it on bjørnen
07:47:18 <skram> demons in the blood, micen
07:47:26 <skram> you should do cocaine about it
07:47:38 <Micen> so should you with all your money!
07:47:55 <Micen> hookers and blow is always the answer for what to spend money on!
07:48:03 <skram> I dont even know where to get drugs anymore Micen
07:48:21 <skram> There arent shady africans standing in dark alleys here, theres only forest
07:48:33 <DoT|Phone> Skram. buy me presents
07:48:41 <skram> ok whatchu want
07:49:03 <skram> do you want another 2 kilos of fancy chocolate
07:49:03 <Micen> skram Go to the club,  then
07:49:05 <skram> :P
07:49:11 <Micen> https://www.youtube.com/watch?v=98k05_bM2e4
07:49:14 <skram> haha
07:49:25 <DoT|Phone> hmm. I don't know. don't normally get this far
07:49:41 <DuB`> Yeah those norwegian forest clubs
07:49:52 <DuB`> Go woo the farmer lass, skram
07:50:57 <Micen> Or go buy a ticket to America and ambush dub in whatever city he is going to be flying to.
07:53:23 <DoT|Phone> buy a bike Skram. and a helmet
07:53:45 <DoT|Phone> then rude around the Norwegian country side
07:54:44 <skram> I have both those things and I do
07:55:06 <skram> ...Less than I should
07:55:08 <DuB`> Do you ride around or rude around
07:55:17 <skram> I live on a hill and I thought I would DIE last time
07:55:17 <DuB`> Important distinction
07:55:18 <skram> Yes both
07:56:55 <DuB`> Well I think I'm ready enough for test, should slepp now :T
07:56:57 <DuB`> bleh
07:57:10 <DuB`> Oh MAN I'mma be happy tomoro evening
07:57:27 <DuB`> Basically free for 10 days for thanksgiving break once I get test over with
07:57:43 -!- DoT|Phone1 [~Dot@148.252.129.231] has joined #tlponies
07:58:09 <DoT|Phone1> Gnight dub
07:59:52 <DuB`> <3
08:08:43 <DoT|Phone1> you learning to be safe again today Skram?
08:10:45 <skram> DoT|Phone1 https://imgur.com/gallery/cik0tte
08:11:00 <skram> nah im not dot
08:12:59 <DoT|Phone1> I kind of want to see a H&S character in DnD going through a dungeon
08:14:07 <DoT|Phone1> has a checklist. meets the wizard at the end and presents him with the list is grievances
08:15:10 <skram> Whats PPE for adventurers
08:15:22 <DoT|Phone1> 10 ft pole
08:16:29 <DoT|Phone1> " make sure to secure your weapons so they don't slip out and hurt someone"
08:21:03 <DoT|Phone1> what you up to today Skram
08:22:02 <skram> Bloody wizards, if you can make fire with your HANDS you need to wear fire retardant gear!
08:22:13 <skram> im doing an overwatch, maybe do a nap, maybe make a food
08:22:53 <DoT|Phone1> an ISO3000 approved dungeon
08:23:10 <skram> Mr. Barbarian, this "reckless attack" is ENTIRELY against our HSE philosophy!
08:23:17 <DoT|Phone1> players would still manage to hurt themselves
08:26:22 <DoT|Phone1> hidden traps with warning signs and danger tape outlining them
08:27:39 <skram> haha
08:27:55 <skram> need to write accident reports on 1s on attack rolls
08:28:27 <DoT|Phone1> Haha
08:36:26 <DoT|Phone1> that was a cold walk to work Skram
08:36:58 <Golly> https://www.youtube.com/watch?v=8WytgfPwQQ8
08:42:25 <skram> put a scarf on DoT|Phone1
08:49:25 <DoT|Phone1> can I add that to the socks to be knitted
08:52:51 <skram> theres a 9 month wait on scarfs atm
08:58:18 <DoT|Phone1> D:
08:58:24 <DoT|Phone1> but I'm going to freeze
09:05:33 <Rawr|Fone> 🌨
09:05:42 <DoT|Phone1> Rawr Rawr Rawr
09:05:53 <Rawr|Fone> Dot Dot Dot
09:06:03 <Rawr|Fone> 💖💖💖
09:06:24 <Rawr|Fone> .|📱🥇
09:07:04 <DoT|Phone1> 💖💖💖
09:07:18 <DoT|Phone1> how are you Rawr? any better?
09:08:13 <Rawr|Fone> Yes
09:09:50 <DoT|Phone1> great
09:13:52 <Rawr|Fone> Like your face!
09:18:04 -!- Rawr|Phone [~AndChat52@84-217-62-32.customers.ownit.se] has joined #tlponies
09:47:55 <DoT|Phone1> are you off today Skram?
09:48:33 <skram> fuckin landlord
09:48:58 <skram> suddenly theres a bunch of burly dudes drilling holes in the foundation of the house and fucking about in my cellar
09:49:17 <DoT|Phone1> RUDE
09:49:36 <skram> nnow its not my house and blah blah blah but fucking cunts gotta tell me because it sounds like someone is sawing the god damn house in half
09:50:37 <DoT|Phone1> go shout some Danish at them
09:56:19 -!- DoT|Phone [~Dot@185.69.145.50] has joined #tlponies
09:56:49 -!- tredc [~tredc@c83-251-162-37.bredband.comhem.se] has joined #tlponies
10:07:46 <skram> its not really their fault i guess
10:07:51 <skram> i did go down there and was like wtf m8
10:27:30 <DoT|Phone> loxodons got changed Skram
10:27:36 <DoT|Phone> elephant ppl
10:28:00 <DoT|Phone> they no longer have stone cunning. but gained some other stuff
10:28:25 <DoT|Phone> like they can use their trunk for things
10:30:50 <skram> can they toot it now
10:32:58 <DoT|Phone> they can grapple ppl
10:45:41 <skram> with their FACE?
10:47:27 <DoT|Phone> yes!
10:55:19 <Golly> https://old.reddit.com/r/commandandconquer/comments/9x1zcz/cc_remastered_announcement_from_ea/
10:55:48 <Golly> *cautious optimism*
11:01:47 <DoT|Phone> hmm
11:09:10 <skram> thats dangerous golly
11:09:40 <Golly> i do like that its petroglyph whos doing it
11:10:51 <Golly> a lot of the old crew, and Klepacki for the music
11:40:14 <DoT|Phone> give back Westwood
11:40:30 <DoT|Phone> and bulldog while we are at it
11:40:36 <DoT|Phone> bullfrog
11:55:10 <DoT|Phone> laptop BSOD
11:55:12 <DoT|Phone> rip
12:03:40 <DoT|Phone> lol. after restart is begins updates
12:04:29 <DoT|Phone> so Windows update bsod my pc. thanks
12:52:49 -!- BioPone [~androirc@mobile-107-92-123-138.mycingular.net] has joined #tlponies
13:07:40 -!- Rawr|Fone [~AndChat52@84-217-62-32.customers.ownit.se] has joined #tlponies
13:08:15 <DoT|Phone> bio
13:29:51 -!- reification [~reificati@cpc76294-cosh16-2-0-cust297.6-1.cable.virginm.net] has joined #tlponies
13:39:25 <DoT|Phone> reef!
13:40:58 <reification> dotties!
13:55:17 <reification> our mp has resigned her ministerial position i see
13:58:53 <CockRoach|42> is that good?
14:01:40 <reification> it is probably wise of her
14:02:00 <reification> she is one of several resigning today already
14:02:09 <CockRoach|42> :O
14:06:32 <reification> pretty sure there would have been a leadership challenge already if
14:06:44 <reification> a) there were any good candidates
14:07:01 <reification> b) it wasn't a poisoned chalice atm
14:30:44 -!- carcinization [~reificati@cpc76294-cosh16-2-0-cust297.6-1.cable.virginm.net] has joined #tlponies
16:10:14 <DoT|Phone> Skram
16:19:48 -!- skram [~skram@82.147.53.97] has joined #tlponies
16:30:55 <DoT|Phone> Skram
16:34:05 <DoT|Phone> rude
16:34:13 <Rawr|Fone> So rude
16:34:24 <DoT|Phone> how you Rawr
16:34:43 <Rawr|Fone> Gonna try playing table tennis today
16:34:50 <Rawr|Fone> Feel a little bit better
16:35:03 <DoT|Phone> this is good
16:36:18 <Rawr|Fone> I missed a day of gym for the first time in 16 weeks though :(
16:36:37 <DoT|Phone> that's not good Rawr
16:36:44 <DoT|Phone> 16 weeks straight
16:36:51 <DoT|Phone> you need rest days
16:37:44 <Rawr|Fone> I didn't train every day silly
16:37:58 <DoT|Phone> good
16:38:06 <DoT|Phone> I was worried
16:39:42 <reification> won't become one punch man like that
16:45:52 -!- DoT|Phone1 [~Dot@14.161.189.80.dyn.plus.net] has joined #tlponies
17:09:29 -!- Dot [~quassel@14.161.189.80.dyn.plus.net] has joined #tlponies
17:14:19 <reification> skram https://i.redd.it/e7ld4g6cchy11.jpg
17:19:09 -!- Zoonds [webchat@cloak-wmbqgxv5.14-2.cable.virginm.net] has joined #tlponies
17:19:15 <Zoonds> pons
17:24:35 -!- BioPhone [~androirc@12.33.239.117] has joined #tlponies
17:26:34 <reification> zonds
17:28:07 <Zoonds> reef
17:30:37 <Dot> hey reif
17:31:52 <Dot> Zounds
17:32:01 <Dot> i already said heelo to reif
17:36:25 <Zoonds> heelo meester dotman
17:43:23 -!- BioPhone [~androirc@12.33.239.117] has joined #tlponies
18:01:54 -!- BioPhone [~androirc@12.33.239.117] has joined #tlponies
18:08:00 <Dot> skram https://imgur.com/gallery/DSw0a9N
18:20:53 -!- DuB_phone [~AndChat71@128.187.116.9] has joined #tlponies
18:23:07 <Dot> DUB
18:23:11 <Dot> you win the test?
18:24:56 <BioPhone> Pone
18:28:20 <Dot> Bio
18:36:55 -!- Camail [~Camail@45.40.84.145] has joined #tlponies
18:36:55 -!- mode/#tlponies [+v Camail] by Q
18:38:10 <Camail> another day
18:38:12 <Camail> another draw
18:38:25 <Camail> this years chess is...frustrating
18:40:14 <Dot> haha
18:41:07 <reification> https://www.youtube.com/watch?v=5GSfqcVSb-8
18:41:08 <Dot> i thought at first carlson was happy to just draw games out long knowing he has far more experience to cope
18:41:29 <Dot> but then game 3 and 4 where quick
18:48:57 <Camail> i think he took game 1 long on purpose to feel out the dynamic between them, but now he's fine accepting draws
18:49:08 <Camail> the're both very good, and very young
18:49:23 <Camail> i doubt stamina will come into play
18:50:24 <Camail> i think carlsen is better at faster chess, so if it comes down to game 13 then he'll win
18:50:37 <Dot> that too
18:50:55 <Camail> it's awlays caruana that goes down to the last minutes before 40
18:51:29 <Camail> this game only hit 30 and carlsen was up 8 minutes
18:52:17 <Camail> that also might be a tactic, always keep caruana on the play? i don't know much about him so i dunno
18:55:33 -!- Zounds [webchat@cloak-07ouvien.14-2.cable.virginm.net] has joined #tlponies
19:17:06 -!- Rawr|Phone [~AndChat52@m83-185-87-148.cust.tele2.se] has joined #tlponies
19:21:28 -!- BioPhone [~androirc@12.33.239.117] has joined #tlponies
19:35:41 <Zounds> hows the study dab
19:52:13 -!- BioPhone [~androirc@12.33.239.117] has joined #tlponies
19:54:42 <BioPhone> Dab on that study
20:10:06 -!- Micen_ [~Micen@h32.138.40.162.dynamic.ip.windstream.net] has joined #tlponies
20:18:04 -!- Golly [Golly@cm-84.212.249.112.getinternet.no] has joined #tlponies
20:24:04 -!- BioPhone [~androirc@12.33.239.117] has joined #tlponies
20:40:51 -!- Golly [Golly@cm-84.212.249.112.getinternet.no] has joined #tlponies
21:12:22 -!- DoT|Phone [~Dot@14.161.189.80.dyn.plus.net] has joined #tlponies
21:14:43 <DoT|Phone> pon
21:32:13 <Rawr|Phone> Pon
21:32:36 <CockRoach|42> hors hors
21:34:55 <DoT|Phone> you two horses
21:52:14 -!- Crisium [~Crisium@c-73-174-151-51.hsd1.pa.comcast.net] has joined #tlponies
21:55:50 <DoT|Phone> cris pon
21:56:56 -!- BioPhone [~androirc@12.33.239.117] has joined #tlponies
21:59:18 -!- BioPone [~androirc@mobile-166-176-248-22.mycingular.net] has joined #tlponies
22:10:40 <Crisium> hola
22:13:29 <skram> kris
22:22:10 <DoT|Phone> Skram
22:22:48 <skram> Dot
22:24:49 -!- Bio [~BioPon@97.70.181.149] has joined #tlponies
22:29:09 <DoT|Phone> how you been today Skram
22:30:42 <skram> oh its been alright, did a nap and then went outside
22:30:51 <skram> what you been up to
22:32:53 <Golly> https://imgur.com/gallery/OTscg#zEMkcFq wut
22:33:15 <Dot> i had work skram
22:34:25 <skram> do anything interesting at work?
22:34:35 <Dot> i didnt get fired
22:34:39 <Dot> thats pretty neat
22:35:30 <skram> yeah thats pretty good
22:53:00 <Crisium> yay Dot
22:53:21 <Crisium> my company has layoffs in a week and a half so i get to find out if im lucky soon ^_^
22:54:19 <Dot> gl <3
22:55:19 <Bio> neigh pony
22:55:22 <Bio> i am home
22:55:27 <Bio> and its snowy af
22:56:36 <Crisium> ice has begun falling from the sky here
23:02:48 -!- DuB` [~DuB@66-219-235-226.dynamic.ip.veracitynetworks.com] has joined #tlponies
23:02:52 <DuB`> YAY I'm freeee!
23:03:15 <Bio> dob
23:03:16 <Bio> PLS
23:03:37 <DuB`> bio
23:03:38 <DuB`> WAT
23:03:40 <skram> Has master given you a sock, dubby?
23:03:41 <skram> :D
23:03:46 <Dot> DUB
23:03:48 <Dot> you win?
23:03:54 <DuB`> Ye
23:04:01 <DuB`> Blew through test in 1hr
23:04:36 <Dot> dub is the guy who hands in the test after an hour
23:05:18 <DuB`> Now I'mma eat taco bell and watch MAIDRAGON
23:05:28 <DuB`> Perfectly cozy
23:19:50 <skram> what the heck is maidragon
23:21:19 <Camail> an anime
23:21:27 <Camail> a perverse den of evil
23:22:49 <DuB`> It is cozy and wholesome.
23:22:51 <DuB`> >:T
23:23:19 <skram> wholesome like loli hitler?
23:24:58 <DuB`> If psycho loli hitler is wholesome then maidragon is heavenly divine.
23:29:10 <Bio> anime was a mistake
23:34:52 <reification> yes look at the degeneracy https://i.kym-cdn.com/photos/images/original/001/232/904/78c.jpg
23:42:11 <Bio> the hussy
23:56:23 <Camail> despicable
23:57:38 -!- Rarity [znc@Heartmender.users.quakenet.org] has joined #tlponies
