00:03:20 -!- BioPon [~androirc@mobile-166-173-248-149.mycingular.net] has joined #tlponies
00:13:39 -!- Golly [~Golly@1.92-221-121.customer.lyse.net] has joined #tlponies
00:49:19 -!- BioPon [~androirc@mobile-166-173-248-149.mycingular.net] has joined #tlponies
01:20:57 <Dot> horses
01:20:59 <Dot> what doing
01:21:23 <skram> thinking about cats, Dot
01:21:29 <Dot> good cats?
01:22:05 <skram> the best
01:23:45 <skram> what about you dot
01:23:48 <skram> its very late
01:24:01 <BioPon> I'm going back to condo
01:24:15 <BioPon> Going to bed slightly more browned
01:24:36 <skram> like a fried chicken
01:24:51 <Dot> i am playing oxygen not included and watching youtubes skram
01:24:56 <Dot> but bed soon
01:25:18 <DuB`> We just had a 4-ult-long fight on Hanamura attack
01:25:52 <DuB`> 27 elims worth of rein w+m1
01:26:12 <skram> classic 2cp
01:27:54 <skram> is oxygen not included any good bjørn
01:32:05 <Dot> well i enjoy it, as does my brother
01:32:17 <Dot> so like factorio, we compare designs and ideas
01:39:15 <BioPon> I heard that game was aiight
01:42:12 <Dot> i would say its a good game, but more niche
01:42:40 <Crisium> PON
01:42:43 <Crisium> pon
01:42:56 <Dot> crisp pon
01:48:05 <Dot> dub
01:48:54 <DuB`> dot
01:50:00 <Dot> hedge
01:57:44 <Micen|Droid> Critical role in a few 
02:00:12 <Camail> DUB CR TIME
02:02:41 <Camail> jesus christ
02:02:46 <Camail> JESUS CHRIST
02:02:56 <Camail> JEEEEEEEEEESUUUUUUUUUS CHRIIIIIIIIIIIIST
02:02:58 <Camail> sam no
02:03:02 <Camail> no no no no no no
02:04:10 <Camail> that hurt me
02:09:20 <DuB`> I never caught last week VOD, gotta do that first :T
02:09:38 <Camail> wow pls
02:33:03 -!- DoB` [~DuB@66-219-235-64.dynamic.ip.veracitynetworks.com] has joined #tlponies
02:35:32 -!- skrma [~skram@95.169.45.169] has joined #tlponies
02:37:43 -!- Methos [~methos@23.226.129.178] has joined #tlponies
02:42:06 -!- Emily [emily@falconspy.org] has joined #tlponies
03:19:53 -!- Westy543 [~Westy543@c-73-93-93-161.hsd1.ca.comcast.net] has joined #tlponies
03:19:53 -!- DoB` [~DuB@66-219-235-64.dynamic.ip.veracitynetworks.com] has joined #tlponies
03:19:53 -!- BioPon [~androirc@mobile-166-173-248-149.mycingular.net] has joined #tlponies
03:19:53 -!- Golly [~Golly@1.92-221-121.customer.lyse.net] has joined #tlponies
03:19:53 -!- Dot [~quassel@2.218.218.147] has joined #tlponies
03:19:53 -!- Twi [znc@Twi.users.quakenet.org] has joined #tlponies
03:19:53 -!- Camail [~Camail@45.40.84.145] has joined #tlponies
03:19:53 -!- Cane [~Cane@CaneCraft.users.quakenet.org] has joined #tlponies
03:19:53 -!- mode/#tlponies [+ov Cane Camail] by *.quakenet.org
04:29:38 -!- Camail [~Camail@45.40.84.145] has joined #tlponies
04:29:38 -!- mode/#tlponies [+v Camail] by Q
04:29:51 <Camail> why is marisha playing such an annoying character
04:36:33 -!- Rawr|Fone [~AndChat52@84-217-62-32.customers.ownit.se] has joined #tlponies
05:38:40 <DoB`> skrma
05:39:33 <skrma> yeah buddy
05:40:14 <DoB`> ur "a" is out of place
05:40:32 <skrma> yep
05:40:37 <skrma> your u is missing as well
05:41:09 -!- Golly [~Golly@1.92-221-121.customer.lyse.net] has joined #tlponies
05:41:35 <DoB`> o deer
05:42:03 <DoB`> Ranked in the morn
05:42:44 <skrma> r u master yet
05:42:50 <DoB`> Nu
05:42:51 <DoB`> tomoro
05:42:56 <skrma> disgraceful
05:43:07 <DoB`> r
05:43:11 <DoB`> U???
05:43:38 <skrma> Yes on my CANADIAN ALT ACCOUNT
05:45:02 <DoB`> skrmaple
05:45:14 <skrma> yes precisely
05:51:39 <Camail> WOOO
05:51:43 <Camail> CALLBACKS
05:52:01 <DoB`> :O ???
05:52:04 <DoB`> Wha for
06:14:14 <Micen|Droid> Mollys real name?
06:15:27 -!- Rawr|Phone [~AndChat52@m83-185-87-55.cust.tele2.se] has joined #tlponies
06:22:36 <Rawr|Phone> 😊
06:44:28 <Micen|Droid> Hi rawr. How you? 
06:51:53 <Rawr|Phone> Gooood micen, on my way to work
06:51:58 <Rawr|Phone> How are you?
06:52:32 <Micen|Droid> Resting a few hours before getting up to do some more computer work. 
06:52:50 <DoB`> Computer games > computer work
06:56:10 <Rawr|Phone> DoB` snela
06:56:28 <Micen|Droid> The computer work is games DoB` 
06:57:23 <Micen|Droid> Strim set up, another  5 hours of testing and tweaking audio levels and cam exposure and that sort of thing. 
06:57:35 <DoB`> :D
06:57:45 <Micen|Droid> Im invested in doing the streaming thing. 
06:57:53 <DoB`> Then you can strim all our quickplay flailings about
06:58:20 <Micen|Droid> To quote Hunter S. Thompson: If you're going to do something worth doing. Goddammit man. Do it right. 
06:58:49 <DoB`> YA
06:58:51 <DoB`> Hmm
06:58:58 <DoB`> I should sleep but surefour stream!
06:59:08 <DoB`> Got a lunch date
06:59:21 <skrma> OOOOOOOOOOH
06:59:28 <skrma> tell me more
06:59:37 <DoB`> Haha, nothin' like that
07:00:03 <DoB`> She's the gal who was my next door neighbor as a kid and recently started at my uni
07:00:18 <DoB`> She's looking at the accounting program and wanted some advice so I suggested we just lunch and chat
07:00:18 <skrma> do you LIKE her though
07:00:43 <DoB`> Naw
07:01:07 <skrma> aww
07:01:54 <Micen|Droid> DoB`, don't try anything lewd. Like hand holding. 
07:02:40 <DoB`> What kind of pervert holds hands on the first date
07:03:59 <Micen|Droid> I have a feeling you would. 
07:04:16 <skrma> people with hairy palms im sure
07:04:57 <DoB`> ... do people have hariy palms?
07:05:27 <skrma> perverts do
07:05:29 <Micen|Droid> DuB is sasquatch
07:05:40 <Micen|Droid> Jk. I've seen dub
07:05:50 <Micen|Droid> Old photo. With the scard
07:05:52 <Micen|Droid> Scarf
07:06:09 <CockRoach|42> pls calm down
07:06:10 <skrma> that photo is like 5 years old at this point i think
07:06:12 <DoB`> !
07:06:17 <DoB`> Freshman year pic lul
07:06:26 <DoB`> 2012-13
07:06:29 <Micen|Droid> We need an updated picture 
07:06:34 <skrma> thats a long time
07:06:34 <CockRoach|42> such a young child
07:08:48 <DoB`> slep time
07:08:54 <skrma> so late!
07:08:57 <skrma> good night mr dub
07:09:07 <DoB`> 1am, surefour streams always at the awfulest times
07:09:17 <skrma> what a JERK
07:16:01 -!- BioPon [~androirc@mobile-166-173-248-149.mycingular.net] has joined #tlponies
07:37:24 -!- BioPon [~androirc@mobile-166-173-248-149.mycingular.net] has joined #tlponies
08:04:15 -!- BioPon [~androirc@mobile-166-173-248-149.mycingular.net] has joined #tlponies
08:14:31 -!- BioPon [~androirc@mobile-166-173-248-149.mycingular.net] has joined #tlponies
08:22:51 <Dot> mornign all
08:27:06 <Rawr|Phone> Dot dot dot
08:37:54 <Dot> rawr rawr rawr
08:37:55 <Dot> <3
08:38:13 <Rawr|Phone> <3
08:52:43 <Dot> .tell runbunny https://imgur.com/gallery/2FJ43
08:56:28 <CockRoach|42> morning dot
08:57:11 <Dot> CR!
08:57:14 <Dot> its doggo day cr
08:57:17 <Dot> now we wait
09:03:17 <CockRoach|42> it is!
09:03:50 <CockRoach|42> .tell Rawr|Phone https://i.imgur.com/oTK6hie.jpg
09:04:17 <Dot> this is good dog
09:06:37 <Dot> rawr, you been watchign the ping pong in the commonwealth games?
09:07:05 <Rawr|Phone> Only highlights
09:07:13 <Rawr|Phone> No defenders though
09:08:10 <Dot> silly of them
09:08:14 <Dot> .tell skram https://imgur.com/gallery/P4r1u
09:10:14 <Rawr|Phone> A 14 year old beat the world #1 in the asian games
09:12:12 <Dot> wow
09:12:22 <Dot> that means you still have time rawr!
09:12:25 <Dot> 2 more years
09:14:08 <Rawr|Phone> Yes!
09:14:59 <Dot> .tell skram https://imgur.com/gallery/cn9OdJk
10:05:08 <Dot> Hero good at starcraft
10:08:05 <Dot> free stuff!
10:08:07 <Dot> http://store.steampowered.com/app/203770/Crusader_Kings_II/
12:22:55 -!- Rawr|Fone [~AndChat52@89.255.242.40] has joined #tlponies
12:57:52 <BioPon> Gud mornen
12:57:57 <Dot> Bio
13:05:39 <BioPon> Dort
13:08:19 <Dot> hows the sun?
13:36:15 <Dot> Crit role time
13:45:26 <BioPon> I will have to wait until min prolly for critrole
13:45:32 <BioPon> Mon
13:45:37 <Dot> rip
13:49:46 <BioPon> Such is live
14:03:15 <Micen|Droid> Hello pons
14:03:21 -!- Crisium [~Crisium@24.3.158.64] has joined #tlponies
14:04:14 <Dot> crisium!
14:04:18 <Crisium> hola
14:04:20 <Micen|Droid> Hi Cris
14:12:20 -!- Zounds [webchat@cpc108453-cowc8-2-0-cust8.14-2.cable.virginm.net] has joined #tlponies
14:12:30 <Zounds> hey
14:12:47 <Crisium> ho
14:15:20 <Dot> Zoonds
14:16:11 <Zounds> o/
14:28:25 <Zounds> early for you cris
14:28:28 <Zounds> day off today?
14:28:33 <Crisium> yee
14:28:50 <Zounds> neat
14:32:29 <CockRoach|42> hors hors!
14:33:55 -!- Rawr|Phone [~AndChat52@m83-185-87-130.cust.tele2.se] has joined #tlponies
14:37:00 <BioPon> Many horsen
14:37:33 <Dot> Bio, you enjoying the book?
14:55:00 <BioPon> So far
14:55:08 <BioPon> Pretty saf
14:59:51 -!- Rawr|Fone [~AndChat52@84-217-62-32.customers.ownit.se] has joined #tlponies
15:05:20 -!- tredc [~AdiIRC@c83-251-161-94.bredband.comhem.se] has joined #tlponies
15:26:04 -!- skram [~skram@95.169.45.169] has joined #tlponies
15:28:29 <Dot> sktam!
15:29:25 <skram> dtot!
15:29:41 -!- tredc [~AdiIRC@c83-251-161-94.bredband.comhem.se] has joined #tlponies
15:29:55 <skram> these are good cats, bjørn
15:30:54 <Dot> ty
15:32:57 <BioPon> Got one moar day on beach, then back home
15:33:01 <BioPon> T_T
15:34:02 <Dot> turns out bio, spell slots are weird if you multiclass
15:37:49 -!- DuB` [~DuB@66-219-235-64.dynamic.ip.veracitynetworks.com] has joined #tlponies
15:37:53 <DuB`> Ohayoouu
15:38:47 <Dot> AAHHH
15:38:48 <Dot> DUB
15:38:53 <DuB`> AAHHH
15:38:53 <DuB`> DOT
15:39:16 -!- Dot` [~quassel@2.218.218.147] has joined #tlponies
15:39:17 <Dot`> weird...
15:39:30 <Dot`> turns out of you click the tray icon for irc it closes it
15:39:33 <DuB`> o hello dot
15:39:38 <DuB`> Welcome back
15:39:38 <Dot`> Hey dub!
15:40:06 <Crisium> y dub make noises
15:42:18 <DuB`> wha
15:42:39 <Crisium> hua
15:43:48 <skram> WHEEE
15:44:00 <skram> cris did u skip work today
15:44:17 <Crisium> i have vacation days that i spread throughout the year
15:44:27 <Zounds> Wah!
15:44:31 <Zounds> What are we gonna do on the bed?
15:44:38 <DuB`> https://playoverwatch.com/en-us/blog/21671840
15:44:48 <DuB`> I need to go skool some nerd at these
15:46:29 <skram> Apparently I might have to strike next week
15:47:06 <DuB`> ??
15:48:20 <skram> My union is negotiating our working conditions and they didnt agree
15:48:34 <skram> So we're gonna have a temper tantrum
15:48:36 <Zounds> Is it the stand in the cold and beat scabs with picket signs type of strike?
15:48:47 <Zounds> or the stay at home and wish you were being paid kind of strike
15:48:57 <skram> I dont know Zounds, the latter probably
15:49:24 <Dot`> you can come here and eat pizza while you have time off skram
15:49:36 <skram> and gin?
15:49:41 <Dot`> sure
15:49:45 <skram> yass
15:50:06 <DuB`> u and ur jin
15:50:49 <skram> like eating a spruce tree
15:50:50 <skram> perf
15:50:54 <DuB`> Um
15:51:04 <DuB`> If that's what you're into
15:51:11 <DuB`> So
15:51:13 <DuB`> I can play for 90 minutes now then will be gone for an hour-ish, then can play for the rest of the day after that!
15:51:31 <Crisium> plej?
15:51:57 <skram> oh yeh we wanna do some comp kris
15:52:09 <Crisium> i like those
15:52:13 <Crisium> 7v1 comp stomp fastest map
15:52:49 <DuB`> I literally woke up from a OW dream just now
15:52:53 <skram> ill plaj later this evening mr dub
15:52:59 <DuB`> Genji on eichenwalde attack
15:53:06 <DuB`> oke skarma
15:53:07 <Crisium> iv gotten OW dreams a couple times
15:53:17 <Dot`> what you up to skram
15:53:27 <Zounds> ill join later too if we're stacking
15:53:31 <skram> food and then i have to do some errands
15:53:55 <Crisium> how can you check if you're gonna decay
15:54:42 <Crisium> crap i decayed
15:54:57 <Crisium> 14 points!
15:55:10 <skram> frick
15:55:24 <DuB`> tsk tsk
15:55:31 <DuB`> I need to go check when today I decay
15:55:37 <DuB`> MIght have to do one right now
15:55:45 <Crisium> how does 1 check
15:56:09 <Zounds> Right click on Competitive play I think
15:56:12 <DuB`> Ye
15:56:20 <Crisium> doesnt show it anywhere
15:56:27 <Zounds> Should say time to decay
15:56:52 <Zounds> Have no fear we'll get those points back later
15:56:55 <Crisium> not on my screen
15:59:08 <Crisium> shows it on my alt account
15:59:11 <Crisium> 1 day until decay there
15:59:14 <Crisium> not that i care that much
15:59:17 <Crisium> my main tho
16:00:10 <DuB`> 18 hours
16:00:11 <DuB`> Safe!
16:00:29 -!- Crisium [~Crisium@24.3.158.64] has joined #tlponies
16:00:37 <Crisium> at least whne i decay i get worse opponents
16:01:04 <DuB`> Not much though, hidden MMR is what really decides that
16:01:07 <DuB`> And doesn't decay.
16:01:22 <Crisium> even better then
16:01:36 <Crisium> so ill get more points for winning
16:01:44 <Crisium> which i have been this whole season luckily
16:02:18 <Crisium> low masters players cant handle my elite mercy
16:02:28 <Crisium> such clicks
16:02:41 <Dot`> CR! its time!
16:02:42 <Dot`> https://www.reddit.com/r/DnD/comments/8aa4cr/art_dungeons_and_doggos_44_a_tooting_good_time/
16:06:01 <DuB`> Woohoo, my first thing is up: https://internationalhub.org/country-quirks/lifetime-employment-japan/
16:06:31 <Dot`> wow
16:06:39 <Dot`> Fame!
16:10:53 <DuB`> o bye zonds
16:13:58 <Dot`> Dub, the whole job switching thing is a very new concpt from my perspective
16:14:19 <Dot`> company loyalty was sometihng i was brought up with being told, and then it was gone by the time i had to get a job
16:14:30 <skram> haha
16:14:32 <skram> same
16:14:38 <Dot`> maybe it just lasted longer in South africa than EU/USA
16:15:03 <Dot`> 3rd world behind the times 
16:19:12 <DuB`> :o
16:19:27 <DuB`> Mebbe I oughta interview you guys and write another lil thing :D
16:22:41 <DuB`> Gahhh I wanna plaaaay
16:23:00 -!- tredc [~AdiIRC@c83-251-161-94.bredband.comhem.se] has joined #tlponies
16:23:25 <Dot`> then play
16:23:51 <DuB`> Not without my FRENDS
16:27:41 <Crisium> queing for comp on my main right now
16:27:45 <Crisium> unless you want to join me dab
16:28:03 <DuB`> I will for one yeah
16:28:13 <Crisium> gotta play hard tho
16:28:17 <Crisium> pick torb
16:28:19 <Crisium> or sym
16:37:46 -!- Zounds [webchat@cpc108453-cowc8-2-0-cust8.14-2.cable.virginm.net] has joined #tlponies
16:56:44 <DuB`> Me 3430 Cris 3730, game average 3600
16:56:49 <DuB`> Win -> Cris gets more SR than I do
16:56:50 <DuB`> Wha
16:59:07 <Zounds> weird
16:59:14 <Zounds> don't stack too hard, leave some for later
16:59:32 <DuB`> Yeah was just doing one
16:59:51 <DuB`> I'm leaving in 30, will be back in 1-2 hrs
17:00:10 <Zounds> Cris decayed a bit right? maybe it's to help get him to his targeted MMR quicker
17:00:28 <DuB`> He decayed like 15SR :P
17:01:41 <Crisium> they might have made changes to stacking to prevent boosting
17:02:04 <DuB`> But I CARRIED! ;D
17:02:06 -!- tredc [~AdiIRC@c83-251-161-94.bredband.comhem.se] has joined #tlponies
17:02:09 <Crisium> cause a 3999 player can queue with a diamond
17:02:15 <Crisium> i know dub lol
17:02:26 <Crisium> but in general they probably dont let lower ranked climb ez anymore in duos
17:02:34 <Zounds> you gonna stack later aswell cris?
17:02:39 <Zounds> on your alt or whatever
17:02:45 <Crisium> probably
17:02:57 <Zounds> \o/
17:05:12 <DuB`> 31 SR from masters...
17:05:45 <Crisium> 2 more wins
17:10:38 <DuB`> skram is this ur house https://imgur.com/gallery/0fb4D
17:12:48 <Dot`> i back from town
17:12:59 <Dot`> skram, why you not sharing this house with us?
17:14:33 <Crisium> wheres the january photo tho
17:19:10 <Dot`> no dub
17:22:02 <DuB`off> yes dot
17:23:08 <Dot`> good
17:24:15 <Dot`> https://www.twitch.tv/ogaminginter
17:24:44 <Dot`> i want mcanning to win but that would mean rooting for USA
17:24:58 <Dot`> and they threw out tea in the harbour
17:25:21 <Crisium> we just wanted to let the fishes drink it
17:25:48 <Dot`> ITS COLD
17:25:52 <Dot`> Ice tea is not real tea
17:26:12 <Dot`> its an abomanation
17:28:39 <Zounds> ice tea is gud tho
17:29:13 <Zounds> very rare around these parts though
17:29:45 <Zounds> Are you not a filthy coffee drinker anyway dot?
17:29:51 <Zounds> Like some...
17:29:52 <Dot`> That i am
17:29:53 * Zounds spits
17:29:54 <Zounds> american
17:31:13 <Dot`> Coffee originaly comes from ethiopia, so African
17:33:02 <Dot`> Rip mcanning
17:43:11 <Crisium> go avilo
17:43:42 <Dot`> Neeb will just have to reverse all kill
17:44:54 <Micen|Droid> =
17:45:42 <Dot`> communist micen
17:46:20 <Crisium> he just wants to live in starlights glorious village
17:53:16 <Dot`> what is showtime doing
17:53:35 -!- tredc [~AdiIRC@83.251.161.94] has joined #tlponies
17:54:34 <Dot`> good enough it seems
18:03:22 -!- Camail [~Camail@45.40.84.145] has joined #tlponies
18:03:22 -!- mode/#tlponies [+v Camail] by Q
18:08:26 -!- DoT|Phone [~Dot@2.218.218.147] has joined #tlponies
18:14:47 <Zounds> hi bandicam
18:24:13 <Crisium> so sombra EMPs me when im Zen
18:24:17 <Crisium> thinks she gets ez kill
18:24:25 <Crisium> but i have 200hp still thanks to brig armor lul
18:24:35 -!- tredc [~AdiIRC@83.251.161.94] has joined #tlponies
18:38:11 <skram> dot zounds no fighting please
18:38:15 <skram> remember you are both english
18:39:33 <DuB`off> WIN TIME?
18:40:02 <skram> all aboard the sadness train
18:40:09 <skram> choo choo ;_; choo choo
18:40:11 <DoT|Phone> gl horses
18:40:39 <DuB`> I just need a +2 win differential at any point during the day
18:40:43 <DuB`> SHUD BE EZ
18:40:53 <skram> which region we gon play on
18:41:03 <skram> do we want to be carried by cris or zounds
18:41:04 <DuB`> Dunno
18:41:08 <DuB`> OR DUB
18:41:09 <DuB`> PLS
18:41:11 <skram> hahah
18:41:13 <skram> ok
18:41:18 <skram> i jest, i jest
18:41:32 <DuB`> I had 4 gold and multiple bomb/barrages eaten as dva in 3600 game today already
18:41:38 <DoT|Phone> Skram must carry
18:41:54 <DuB`> Crisium Zounds
18:42:04 <skram> i cant even carry myself dot
18:42:29 <Crisium> oof
18:42:46 <Zounds> go choke on some köttbullar skram
18:42:52 <Zounds> you filthy swede
18:42:59 <Crisium> just played another game on my main.  3900+ average SR, so I got +29 for the win
18:43:01 <skram> UNCALLED
18:44:52 <Zounds> Sorry it's my national duty to pretend to be offended if someone implies I'm English
18:45:08 <Zounds> omw to OW
18:45:22 <Crisium> TrashKnight#11623
18:45:23 <Camail> you are vaguely english
18:45:30 <Camail> as am i
18:45:33 <skram> im just waiting for the bagpipes and the yelling
18:45:46 <Camail> but both of our ancestors killed british people so it's all good
18:46:08 <Zounds> I'm no anglo
18:46:13 <Zounds> celtic all the way down!
18:46:21 <Zounds> (unlikely)
18:47:25 <Camail> some people underestimate how much everyone liked having sex with everyone else, heritage is tricky
18:47:54 <skram> im a mudblood
18:48:04 <skram> at some point in history there was a swede involved
18:48:41 <Crisium> in order... Polish, Syrian, Slovak/Hungarian, German
18:48:45 <Crisium> mud
18:49:00 <Zounds> Look at zis american mutt
18:49:40 <Camail> I'm mostly german, but that's just the freshest layer
18:50:03 <DuB`> I have like a full 1/8 of Swiss, but the rest is American Mix :P
18:51:14 <Camail> is that a cereal?
18:51:23 -!- tredc [~AdiIRC@c83-251-161-94.bredband.comhem.se] has joined #tlponies
19:00:35 -!- Micen|Droid_ [~Micen@99-203-5-172.pools.spcsdns.net] has joined #tlponies
19:01:42 -!- Micen|Droid [~Micen@h38.28.16.98.dynamic.ip.windstream.net] has joined #tlponies
19:13:48 <CockRoach|42> Dot`: good doggos!
19:21:24 <Dot`> yes indeed
19:24:50 -!- Phearlock [~Phearlock@cm-84.215.114.79.getinternet.no] has joined #tlponies
19:24:50 -!- mode/#tlponies [+v Phearlock] by Q
19:24:56 <Dot`> Phear!
19:25:02 <Phearlock> hey there
19:27:39 <BioPon> Horse
19:31:37 <DuB`> Masters league secured~
19:34:08 <DuB`> Micen wanna OW today? I'm gonna need some QP to undo all this ranked tryharding :D
19:34:35 -!- tredc [~AdiIRC@c83-251-161-94.bredband.comhem.se] has joined #tlponies
20:18:19 <Dot`> rawr rawr
20:44:04 <Micen|Droid> You still going DuB` 
20:44:33 <Micen|Droid> I was having entertainment discussions with my brother and his girlfriend. 
20:44:56 <DuB`> Still comp for now, probly not much more for me though
20:45:33 <Micen|Droid> Let me know when you are QPing and I'll join in. 
20:46:17 <Micen|Droid> Give me a call on discord to let me know when so I hear it. 
21:01:54 -!- BioPhone [~androirc@mobile-166-173-248-149.mycingular.net] has joined #tlponies
21:02:00 <BioPhone> Po
21:02:03 <BioPhone> Neigh
21:02:31 <Dot`> pon
21:02:47 <Micen|Droid> How is beach life bio? 
21:02:59 <Micen|Droid> But more importantly, hows the food? 
21:05:40 -!- Runbunny [~Runbunny@91.100.28.10.generic-hostname.arrownet.dk] has joined #tlponies
21:08:03 <BioPhone> Both great
21:08:17 <BioPhone> And quickly coming to a close
21:08:27 <DuB`> Break for foods 'n stuff then can QP Micen|Droid
21:08:47 <DuB`> And Cam dot whoever
21:08:50 <Micen|Droid> Okay. So like, 30 then DuB? 
21:08:54 <DuB`> Shoor
21:09:12 <Micen|Droid> Sounds good. 
21:11:10 <BioPhone> Good luck with stack attack horse men
21:18:41 <Zounds> comp stack was decent
21:18:48 <Zounds> did well till that last game :P
21:19:33 <Zounds> Runbunny smells
21:19:39 <Runbunny> No way.
21:19:43 -!- tredc [~AdiIRC@c83-251-161-94.bredband.comhem.se] has joined #tlponies
21:20:02 <skram> confirmed
21:20:53 <Runbunny> This is Dub in my heart https://www.youtube.com/watch?v=XsLn28TPUT0
21:21:40 <DuB`> That is one of my favorite videos on the whole internet.
21:23:47 <Zounds> nice birdie
21:24:04 <skram> having a bird sounds exhausting
21:24:29 <DuB`> They do screm
21:26:44 <skram> well
21:26:47 <skram> so do you sometimes
21:26:55 <DuB`> wha
21:27:00 <skram> yeah like that
21:27:27 <skram> how did your DATE go
21:32:15 <Runbunny> Too personal Jonas.
21:34:12 <Dot`> did runbun have a date?
21:35:23 <DuB`> I did
21:35:23 <DuB`> Sorta
21:35:52 <Dot`> well how did it go
21:35:56 <Dot`> jonas needs to know
21:36:07 <DuB`> Gewd
21:38:34 <skram> did you hold hands
21:38:40 <DuB`> No 
21:38:41 <Dot`> lewd
21:38:43 <DuB`> We had lil' pizza
21:39:25 <DuB`> I'm up for QP now
21:39:31 <DuB`> No more trying hard.
21:39:38 <skram> did you touch
21:39:40 <skram> the butt
21:39:43 <DuB`> ...
21:39:53 <skram> next time then
21:46:10 <Zounds> i'll join some qp
21:46:16 <Zounds> I was enjoying comp but its not the same without crisbro
21:46:26 <Zounds> 4 stack may suck in qp but its good in comp
21:46:38 <Zounds> since you've a much higher chance of getting a guy who picks something that isn't dps
21:47:27 <Zounds> come join me skram
21:47:31 <Zounds> and Runbunny 
21:47:32 <Zounds> and Camail 
21:47:44 <Zounds> and... Dot` :P
21:48:07 <Runbunny> I'm eating late dinner currently.
22:09:01 <skram> im so sleepy but i dont wanna sleep
22:09:02 <skram> what dooooooooo
22:09:12 <Zounds> come qp with dub micen and i
22:09:29 -!- tredc [~AdiIRC@83.251.161.94] has joined #tlponies
22:09:40 <skram> i dont wanna play with dub any more, he is insufferable now with his shiny badge
22:09:53 <Zounds> its qp though so his badge is not visible
22:10:09 <skram> ooh look at me im a masters player eat my bu tt
22:32:07 <Zounds> Runbunny: there was a pS2 patch so you should download it when you get a chance
22:32:14 <Zounds> save you some time when you next wanna play
22:39:53 <Runbunny> Oh.
22:40:25 -!- tredc [~AdiIRC@c83-251-161-94.bredband.comhem.se] has joined #tlponies
23:08:23 -!- BioPhone [~androirc@166.173.248.149] has joined #tlponies
23:08:28 <Camail> https://shop.tcgplayer.com/magic/urza's-saga/tolarian-academy
23:09:25 <Micen|Droid> Camail Byron is wearing a salmon pink suit 
23:09:33 <Camail> cool
23:09:37 <Camail> hey micen close overwatch?
23:09:40 <Camail> you're still in the game
