00:02:52 -!- Phearlock_ [~Phearlock@cm-84.209.250.127.getinternet.no] has joined #tlponies
00:02:52 -!- mode/#tlponies [+v Phearlock_] by Q
00:05:25 -!- Phearlock__ [~Phearlock@cm-84.209.250.127.getinternet.no] has joined #tlponies
00:10:30 <Micen|Droid> Hello
00:14:39 <Phearlock__> Hey micen
00:14:42 <Phearlock__> Doing ok?
00:39:32 <Micen|Droid>  What are horses up to
00:42:27 <Phearlock__> Getting ready for bed atm =D
00:45:02 -!- Phearlock [~Phearlock@cm-84.209.250.127.getinternet.no] has joined #tlponies
00:45:02 -!- mode/#tlponies [+v Phearlock] by Q
00:57:57 -!- Rawr|Fone [~AndChat52@c-a6c7db54.020-164-6d6c6d4.cust.bredbandsbolaget.se] has joined #tlponies
02:01:08 <Crisium> ugh
02:01:11 <Crisium> Pens lost
02:01:55 <Crisium> well cant win every year
02:05:14 <Camail> i think I'm just gonna abandon the game
02:05:21 <Camail> doesnt seem to be syncing up
02:05:25 -!- Micen|Droid [~Micen@h165.170.91.75.dynamic.ip.windstream.net] has joined #tlponies
02:05:52 <Camail> will probably have to do that day over again but that's fine cuz i kinda want to plant better
02:15:19 <DuB`> Ye no prob
02:17:23 <Bio> ez
02:19:01 <Camail> life will be easier once we get sprinklers and greenhouse
02:19:26 <Camail> the end game is mostly just scaling out your stuff
02:20:06 <Camail> i guess the goal is to get the community center
02:40:28 -!- Phearlock_ [~Phearlock@cm-84.209.250.127.getinternet.no] has joined #tlponies
02:40:28 -!- mode/#tlponies [+v Phearlock_] by Q
03:17:42 -!- Rawr|Fone [~AndChat52@c-a6c7db54.020-164-6d6c6d4.cust.bredbandsbolaget.se] has joined #tlponies
04:21:03 -!- Rawr|Fone [~AndChat52@c-a6c7db54.020-164-6d6c6d4.cust.bredbandsbolaget.se] has joined #tlponies
04:42:57 -!- Rawr|Fone [~AndChat52@m83-185-90-2.cust.tele2.se] has joined #tlponies
05:49:59 <Dot> mornign all
05:50:04 <DuB`> Dot!
05:50:16 <DuB`> So early morning
05:50:19 <Dot> dub <3
05:50:25 <Dot> well i have been up almost every hour
05:50:33 <DuB`> :(
05:52:45 <Dot> hows you dub
05:53:00 <DuB`> Things are nice
05:53:04 <Dot> is cane stream coming back?
05:53:11 <DuB`> Watched lotsa stalker today
05:53:30 <Dot> you played stalker dub?
05:53:35 <DuB`> I did some
05:53:40 <DuB`> Been a while though.
05:55:44 <DuB`> .tell skram My guilty pleasure is songs that are more "sound design" than "music" >:P https://www.youtube.com/watch?v=NtEuwWisFcI
06:04:51 <DuB`> oke slepp
06:05:40 <Dot> gnight dubs <3
06:21:23 <Dot> rawr rawr rawr
06:25:50 <Rawr|Fone> Dot dot dot
06:25:57 <Dot> <3
06:25:59 <Rawr|Fone> <3
06:26:10 <Rawr|Fone> How come you are up so early doy
06:26:11 <Rawr|Fone> Dot
06:26:27 <Dot> couldnt sleep rawr
06:26:34 <Rawr|Fone> :/
06:27:37 <Rawr|Fone> Do you have work today?
06:28:58 <Dot> nope
06:29:08 <Dot> and you rawr? what you up to
06:30:00 <Rawr|Fone> That's good
06:30:08 <Rawr|Fone> I'm at the gym before work
06:30:15 <Dot> fit horse
06:30:22 <Dot> .tell Bio` https://rodrigues404.deviantart.com/art/Mah-Book-743938904
06:30:32 <Dot> i dont tihnk ive ever been to a gym rawr
06:30:37 <Dot> too many ppl for me
06:32:11 <Rawr|Fone> Well if I go in the morning before work, it's pretty empty
06:38:42 <Dot> cane, you see mephs new tileset
06:40:21 <Cane> Oh, no, is it good?
06:41:02 <Dot> requires 4k screen
06:41:11 <Dot> http://www.bay12forums.com/smf/index.php?topic=161047
06:41:50 <Dot> latest update https://imgur.com/a/XIaYOi4
06:47:04 <Cane> Okay wow.
06:47:23 <Cane> But why does it require a 4k screen? Won't the game just be zoomed in, NetHack style?
06:47:42 <Dot> it can run on smaller but it simplifies the sprites apparently
06:48:10 <Cane> Hmm.
06:49:02 <Dot> "why you buying a 4k screen?"  "For dorf fort, that ascii game"
06:50:57 <Cane> lol it's definitely tempting.
06:51:03 <Cane> I do like my dorfs.
06:51:46 <Dot> im so glad tantrum spirals are back
06:52:18 <Dot> and also in the latest patch when "dorf cant reach item" it shows you THE ITEM
06:52:20 <Dot> and not the dorf
07:03:53 <Dot> is there more cane stream today?
07:04:37 <Cane> Maybe some Keen. I'm STALKER'd out for now.
07:06:07 <Dot> did the last run die?
07:06:23 <Dot> i was awake hourly so was keeping a check on how it was going
07:07:57 <Dot> some of the new artifacts seem stupid strong
07:25:34 <Cane> Yeah, Zaton bug again. =(
07:25:38 <Cane> I've lost like three characters up there now.
07:25:49 <Dot> dam :/ 
07:25:50 <Cane> It was a good run though, 2 days and another hour of play before it died.
07:26:00 -!- Phearlock [~Phearlock@cm-84.209.250.127.getinternet.no] has joined #tlponies
07:26:00 -!- mode/#tlponies [+v Phearlock] by Q
07:26:04 <Cane> Couple of close calls but it was good.
07:26:09 <Cane> New run is shaping up to be solid though.
07:26:25 <Cane> And yeah, a few of the new artifacts are super good, but at the same time I don't really mind the new influx of *stuff* to do.
07:26:33 <Cane> They're part of Lost to the Zone, so take it or leave it basically.
07:26:56 <Cane> And I kind of realized that I didn't use the old artifacts that much.
07:27:22 <Cane> I mostly used things like Goldfish to increase my carry capacity, and otherwise swapped out for resistance ones when I needed to go into an anomaly field.
07:27:43 <Cane> The new ones are giving me a lot more options, but I do think some of them are probably brokenly good.
07:27:48 <Cane> Heart of the Oasis now is stupid.
07:28:14 <Cane> But for Iron Man runs it doesn't matter too much 'cause you rarely have enough slots to use them, and honestly, anything to avoid being instagibbed by enemies spawning in behind me.
07:28:37 <Dot> yea,, makes sense
07:59:02 -!- reification [~reificati@cpc76294-cosh16-2-0-cust297.6-1.cable.virginm.net] has joined #tlponies
07:59:02 -!- mode/#tlponies [+v reification] by Q
08:00:41 <Dot> hey reif <3
08:01:19 <reification> morning dotties <3
08:03:30 <Dot> i tihnk i may go for a short walk
08:12:14 -!- Rawr|Fone [~AndChat52@89.255.242.40] has joined #tlponies
09:37:49 -!- Dot` [~quassel@90.197.149.26] has joined #tlponies
10:03:52 <Dot`> i back
10:03:54 <Dot`> hows all
10:05:30 <Cane> Hai Dot`. <3
10:05:41 <Cane> How was walk?
10:05:48 <Dot`> nice
10:05:55 <Dot`> first walk in a few weeks
10:06:07 <Dot`> take some painkillers and it was a nice stroll
10:15:30 <Dot`> what you up to cane?
10:15:57 <Cane> Nursing a headache, watching streams, procrastinating my own streaming, the usual.
10:19:30 <Dot`> nice, nice
10:19:43 <Dot`> drink more water, its what your bot on twitch keeps saying
10:23:27 <Cane> Oh, that's just Stay Hydrated Bot. He lets me know when my STALKER character has to drink vodka.
10:25:28 -!- tredc [~AdiIRC@c83-251-161-94.bredband.comhem.se] has joined #tlponies
10:34:53 <Cane> Dot`, https://clips.twitch.tv/BlushingCourteousClipzWOOP
10:35:43 <Dot`> the HIGHT of AI
10:38:59 -!- BioSC [~BioPon@108-72-8-181.lightspeed.stlsmo.sbcglobal.net] has joined #tlponies
10:52:27 -!- Rawr|Phone [~AndChat52@89.255.242.40] has joined #tlponies
11:00:45 -!- skram [~skram@ip-166-146-106-77.eidsiva.net] has joined #tlponies
11:15:28 <Dot`> skram!
11:17:33 <skram> hi dot
11:18:11 <skram> how's your face
11:18:21 <Dot`> painkillers still in effect
11:18:23 <Dot`> so great
11:18:28 <skram> haha
11:19:09 <Cane> Explain painkillers pls.
11:19:31 <Dot`> you take drugs and pain go
11:20:34 <skram> would you say it kills the pain
11:20:56 <Dot`> but it comes back stronger than ever
11:21:38 <Dot`> and how are you jonas
11:25:16 <skram> my head hurts dot
11:25:32 <skram> will you share some drugs with me
11:27:45 <Dot`> of course
11:35:59 -!- BioHorse [~BioPon@108-72-8-181.lightspeed.stlsmo.sbcglobal.net] has joined #tlponies
11:41:52 <Cane> But Dot`, why does your face hurt enough that you need them? <3
11:42:45 <Dot`> beccuase i stress too much and caused stomach ulcers/inflamed stomach
11:42:51 <Cane> Doh.
11:42:59 <Dot`> and now first prescribed medication i have ever been on :/
11:43:14 <Cane> I hope painkillers work and that walking helps you. <3
11:43:22 <Cane> Love you man, feel better.
11:49:49 <Dot`> <3
11:50:50 <skram> If you're very stressed why dont you go to the tavern and spend a week drinking
11:51:05 -!- tredc [~AdiIRC@c83-251-161-94.bredband.comhem.se] has joined #tlponies
11:51:22 <Dot`> im poor
11:51:56 <skram> 800 gold is a bit much, I agree
11:55:50 -!- Dot [~quassel@90.197.149.26] has joined #tlponies
12:48:33 <Rawr|Phone> 🐴🐴🐴
12:50:31 <Dot> rawr rawr rawr
12:50:50 <Rawr|Phone> Dot dot dot
12:50:55 <Rawr|Phone> <3
12:51:16 <Dot> <3
12:54:30 <Rawr|Phone> How is your day going dot
12:59:37 -!- Zounds [webchat@cpc108453-cowc8-2-0-cust8.14-2.cable.virginm.net] has joined #tlponies
12:59:45 <Zounds> hi
13:25:10 <Dot> Hey zounds
14:43:20 <Dot> rawr rawr
14:43:25 <Dot> its going ok
14:45:10 <Rawr|Phone> Dot dot
14:45:15 <Rawr|Phone> Sounds good
14:53:37 <BioHorse> dot
14:53:39 <BioHorse> PLS
14:53:43 <Bio> no be stress
14:53:49 <Dot> bio
14:54:47 <Bio> i heff work today dot
14:54:51 <Bio> well, i don't HAVE to work
14:54:59 <Bio> as i'm independant contractor
14:55:04 <Bio> but i like monies
14:55:06 -!- tredc [~AdiIRC@c83-251-161-94.bredband.comhem.se] has joined #tlponies
14:55:56 <skram> MERCENARY
14:56:04 <Bio> https://i.redd.it/iil7jucykkw01.jpg
14:56:09 <Bio> pretty much
15:12:39 <Dot> what you up to skrma
15:13:58 <skram> almost nothing dot
15:18:15 <Zounds> the almost has me intrigued
15:18:20 <Zounds> almost
15:19:01 <Dot> CockRoach https://imgur.com/gallery/YJK6yvT
15:21:56 <CockRoach|42> awww
15:23:45 -!- Rawr|Fone [~AndChat52@m83-185-86-96.cust.tele2.se] has joined #tlponies
15:25:44 -!- Rawr|Pone [~AndChat52@m83-185-86-96.cust.tele2.se] has joined #tlponies
15:47:16 <Dot> rawr snela
15:47:41 <Rawr|Pone> Dot snela
15:48:01 <Dot> skarpning
15:48:17 <Dot> so ends canes 1 hour stream
15:48:52 <Bio> rip in peps
15:48:56 <BioWork> bbl
15:49:01 <Dot> it only lasted 4 hours
15:49:09 <Dot> later bio, earn all that monies
15:56:40 -!- DuB` [~DuB@65-130-16-140.slkc.qwest.net] has joined #tlponies
15:56:41 <DuB`> G'morn!
15:56:48 <Dot> dab
15:57:18 <DuB`> dat
15:57:34 <DuB`> Just woke up from a dream where I was playing on hanamura... as Invoker
15:57:35 <DuB`> lol
15:57:37 <DuB`> Was quite fun.
15:58:18 <Zounds> Hanamura is a map in Heroes of the Storm
15:58:27 <Zounds> play kael'thas there and you're getting pretty close
15:58:32 -!- tredc [~AdiIRC@c83-251-161-94.bredband.comhem.se] has joined #tlponies
15:59:09 <DuB`> Heheh
16:00:32 <DuB`> FPS invoker tho
16:01:14 <Zounds> deafening blast / chaos meteor and tornado would be prett sick on hanamura
16:01:33 <Zounds> you could even ghost walk to do it from behind
16:44:11 <Zounds> How was the dnd yesterday
16:44:16 <Zounds> Any survivors?
16:45:31 <Dot> skram was dead from the start, does that couunt?
16:45:57 <DuB`> Psh, none dead!
16:46:01 <DuB`> I headshot many bad guys
16:46:13 <DuB`> And lent some arrows to a guard but he just missed
16:46:24 <Dot> wasted arrows on wetlanders
16:47:05 <DuB`> Haha
16:49:11 <Zounds> :D
16:55:32 <DuB`> Well now I want to doto or oberwaj.
17:07:47 <Dot> cane, thoughts on Escape from tarkov? i have sene some screenshots that give me a very STALKER feel
17:08:49 <DuB`> pewpew
17:10:03 <DuB`> $45
17:10:16 <Dot> ?
17:10:20 <DuB`> Tarkov
17:10:32 <Dot> ah
17:10:32 <DuB`> Was just lookin' at it
17:16:53 <DuB`> LOL
17:17:15 <DuB`> So a place called "Fuku Sushi" just opened up in my town and apparently some locals have complained about the name.
17:17:37 <DuB`> ???
17:20:14 <Dot> ppl like to complain
17:27:53 <Zounds> I don't get it
17:33:38 <Zounds> i'd also like to stack OW or doto
17:33:48 <Zounds> where all the pons
17:39:46 <DuB`> pleeeeej
17:40:29 <DuB`> FUKU looks like a "Bad Word"!!!!
17:40:35 <DuB`> ??
17:41:10 -!- Camail [~Camail@45.40.84.145] has joined #tlponies
17:41:10 -!- mode/#tlponies [+v Camail] by Q
17:46:44 -!- DoT|Phone [~Dot@90.197.149.26] has joined #tlponies
17:47:36 <Zounds> hey cam
17:48:00 <Camail> yo
17:55:45 -!- carcinisation [webchat@cpc76294-cosh16-2-0-cust297.6-1.cable.virginm.net] has joined #tlponies
17:56:01 -!- tredc [~AdiIRC@c83-251-161-94.bredband.comhem.se] has joined #tlponies
18:06:48 <Zounds> dub let's just stack eu maybe I can covince some people to join soon
18:08:00 <Zounds> unless you already found something better to do ;P
18:08:22 -!- tredc [~AdiIRC@c83-251-161-94.bredband.comhem.se] has joined #tlponies
18:08:44 <DuB`> About to head to bank to set up a new card, will be back in <30
18:09:12 -!- Dot` [~quassel@90.197.149.26] has joined #tlponies
18:10:17 <Zounds> oki doki loki
18:51:06 <Zounds> Beede is gonna join us DuB` 
18:51:27 -!- tredc [~AdiIRC@c83-251-161-94.bredband.comhem.se] has joined #tlponies
18:55:30 <Dot`> hows all
19:00:44 -!- Phearlock [~Phearlock@cm-84.209.250.127.getinternet.no] has joined #tlponies
19:00:44 -!- mode/#tlponies [+v Phearlock] by Q
19:00:55 <Dot`> hi phear
19:02:20 <Zounds> xxF33lTh3PH34R
19:03:52 <Phearlock> hey there
19:03:57 -!- Runbunny [~Runbunny@91.100.28.10.generic-hostname.arrownet.dk] has joined #tlponies
19:04:27 <Zounds> Hey Runbunny you like mercy skins right
19:04:32 <Zounds> load up OW and check the new one
19:04:35 <Runbunny> Hai.
19:04:48 <Runbunny> Is this a trick?
19:04:51 <Zounds> No
19:04:58 <Zounds> you can also find a picture of it somewhere if you cba
19:05:06 <Dot`> ruuunbuuuun
19:12:32 <Runbunny> you have to buy it!!!!
19:12:44 <Zounds> yeh some charity thing
19:13:03 <Runbunny> It's 15 quid!!!
19:13:57 <Zounds> yeah I aint buying it
19:14:01 <Zounds> cute pigtails though
19:17:28 <Dot`> phear, hows Pillars of eternity 2?
19:17:59 <Phearlock> just got home
19:18:03 <Phearlock> gonna do an hour of fites then try
19:18:10 <Phearlock> so err, I'll get back to you
19:18:18 <Dot`> gl
19:20:28 <skram> good evening lads
19:20:37 <Dot`> skram
19:20:59 <Dot`> come look after me till im better pls
19:22:10 <skram> oh buddy
19:22:17 -!- tredc [~AdiIRC@c83-251-161-94.bredband.comhem.se] has joined #tlponies
19:22:55 -!- Golly [~Golly@1.92-221-121.customer.lyse.net] has joined #tlponies
19:23:07 <skram> whats wrong
19:23:38 <Dot`> still the same except now my back hurts too
19:23:51 <Dot`> probably all the odd ways ive been lying to try get comfortable
19:23:54 <Dot`> im falling apart
19:25:11 <skram> It'll be alright in time Dot`, just gotta push through
19:25:18 <skram> do you want me to find you some cats to ease the pain
19:25:38 <Dot`> and dogs pls
19:25:58 <Runbunny> Jonas.
19:26:01 <Runbunny> Godaften
19:26:11 <skram> Anders. Takkdetsamme.
19:27:09 <skram> Dot`: http://i.imgur.com/CS9sszt.gifv
19:28:16 <skram> Dot`: https://i.imgur.com/YoWVOVN.jpg
19:28:32 -!- tredc [~AdiIRC@c83-251-161-94.bredband.comhem.se] has joined #tlponies
19:31:21 <skram> Dot`: http://i.imgur.com/K7attzM.gif
19:32:06 <skram> I dont know where to find dogs on the internet, Dot`
19:32:18 <Dot`> the cats are nice skram
19:34:10 <skram> I dont know what this is: https://i.imgur.com/ytqNYTS.mp4
19:36:05 <CockRoach|42> it's runbunny the early years
19:39:55 <skram> Zounds are we playing the overwatch
19:40:20 <Zounds> I was gonna play qp with dub
19:40:27 <Zounds> but he vanished
19:40:36 <Zounds> so im just messing around in a custom game with my friend
19:42:40 -!- DuB_phone [~AndChat71@66-87-126-111.pools.spcsdns.net] has joined #tlponies
19:43:08 <DuB_phone> Taking a while :T
19:43:46 <Zounds> beede and I will play with you when you get back dubz0r
19:44:40 <DuB_phone> Gud gud
19:49:40 <skram> what are you doing dub
19:53:13 <DuB_phone> Getting a credit card
19:53:25 <DuB_phone> Omw home now 
20:29:20 -!- BioPhone [~androirc@mobile-166-170-222-139.mycingular.net] has joined #tlponies
20:29:24 <BioPhone> Hors
20:31:18 -!- tredc [~AdiIRC@c83-251-161-94.bredband.comhem.se] has joined #tlponies
20:31:49 -!- BioPhone [~androirc@mobile-166-170-222-139.mycingular.net] has joined #tlponies
20:32:17 <BioPhone> Asdf
20:55:30 -!- Crisium [~Crisium@c-24-3-158-64.hsd1.pa.comcast.net] has joined #tlponies
21:23:06 <Zounds> dc brb
21:29:28 <BioPhone> Neigh
21:30:01 <Zounds> it's a phone man
21:31:21 <Camail> pls
21:53:13 <BioPhone> Pls pls
22:02:23 <DuB`> 1 spot in NA 5stack
22:09:28 <carcinisation> eu not na
22:09:30 <Zounds> EU
22:12:25 <Runbunny> Dub is NA in his heart.
22:16:35 <DuB`> o ya
22:27:17 <Zounds> had to restart my pc not sure what problem is
22:27:33 <Zounds> I thnk i'll call it there though...sorry for tech probs
22:27:42 <Zounds> good stack overall
22:28:26 <Phearlock> "Yo pick one of these 3 choices for your party member, this cannot be changed later" Pillars why u giving me dese hard choices.
22:28:43 <DuB`> Just play game 3 times!
22:28:43 <DuB`> ez
22:28:49 <Zounds> Choose the funny one
22:28:51 <Zounds> If there is one
22:28:56 <Phearlock> Dub knows how it works.
22:33:45 <Crisium> gg zounds
22:42:18 -!- DoB` [~DuB@65-130-16-140.slkc.qwest.net] has joined #tlponies
23:02:45 <skram> ah fuck i missed the eurovision semi finals
23:02:47 <skram> what a shame
23:10:58 <Zounds> UK always had a weird relationship with eurovision
23:11:14 <Zounds> Terry Wogan was the entire reason to watch it
23:11:26 <Zounds> And he just took the piss the whole time
23:19:20 <DoB`> symmtorb SIGH
23:19:30 <DoB`> They add so much to overwatch
23:21:11 <DoB`> Time for another HAM SAMMICH
23:21:31 <DoB`> With swiss 'n mayo 'n grey poupon 'n tomato 'n lettuce
23:21:34 <DoB`> WEOOOO
23:23:51 <Camail> settle down
23:24:03 <DoB`> I will not
23:24:11 <DoB`> GREY POUPON, CAM!
23:24:14 <DoB`> TOMATO, CAM!
23:24:19 <DoB`> How can I calm down!
23:24:19 <Camail> tomato is gross
23:24:26 <Zounds> Isn't grey pupoupon a brand
23:24:26 <skram> do you HAVE SOME GREY POOOPOUN
23:24:36 <skram> the fanciest of all the mustard brands, zounds
23:24:41 <Zounds> Dijon mustard
23:24:53 <Zounds> It's good stuff
23:25:21 -!- DuB` [~DuB@65-130-16-140.slkc.qwest.net] has joined #tlponies
23:25:28 <Zounds> Gotta share dub
23:25:39 <DuB`> Okay I'mma pretend nobody slandered TOMATO just now.
23:25:54 <Zounds> It was cam
23:25:57 <Zounds> may aswell be nobody
23:26:01 <DuB`> Ssshhh
23:26:08 <Camail> 99% of tomatoes are gross
23:28:26 <Phearlock> gossly tasty
23:28:41 <Zounds> English mustard is one of the most delicious things
23:28:47 <Zounds> Or Colemans if we're naming brands
23:29:34 <skram> what makes the 1% not gross cam
23:30:06 <Camail> i had a tomato in italy once and it was godlike
23:30:16 <Camail> so some are really good
23:30:27 <Camail> but american tomatoes are kinda ass
23:31:18 <Camail> raw tomatoes are universally immoral tho
23:32:50 <skram> homegrown tomatoes are pretty great though
23:33:11 -!- tredc [~AdiIRC@c83-251-161-94.bredband.comhem.se] has joined #tlponies
23:36:16 <DuB`> We always have a few plants in our garden
23:36:35 <DuB`> Being able to just go grab a tomato and stick it right on a sammich all summer is great
23:37:21 <skram> My mother is selling her house soon
23:37:25 <DuB`> Also ggs stack, the widow games went really well which is really all I wanted out of today :P
23:37:34 <DuB`> Put practice into practice?
23:37:36 <DuB`> skram :O
23:37:55 <skram> My lil garden patch is rip
23:38:00 <DuB`> :(
23:38:03 <skram> including my strawberry plants
23:43:06 <Camail> now you have a digital farm, tho
23:46:04 <Zounds> Can stack again tomorrow
23:46:18 <Zounds> hopefully I can grab beede again too
23:47:01 <Zounds> Let's double sniper next time DuB` 
23:47:07 <Zounds> That shit is obnoxious to deal with
23:47:22 <Zounds> you widow and i'll be the HANZO GOD
23:47:36 <DuB`> Kehehe
