00:00:06 <skram> build a new floor on top of the cord
00:02:42 -!- DoB` [DuB@c-73-170-224-203.hsd1.ca.comcast.net] has joined #tlponies
00:02:43 <skram> police academy is on netflix
00:02:51 <skram> i know what im doing now
00:07:25 <skram> did you trip on your cord dub
00:07:36 <DuB`> :P
00:07:45 <DuB`> Had to DC from the wifi
00:08:37 <skram> a transplant
00:08:38 <skram> right
00:08:54 <DuB`> Heheh
00:09:04 -!- tredc [~AdiIRC@c83-251-161-94.bredband.comhem.se] has joined #tlponies
00:19:36 <Dot`> skram, its so late already, i must try sleep 
00:19:46 <Dot`> because work 
00:19:52 <Dot`> blarg
00:20:02 <skram> that sounds like a good idea bjørn
00:54:42 -!- Dot [~quassel@90.205.76.24] has joined #tlponies
01:09:13 -!- Cane [~Cane@CaneCraft.users.quakenet.org] has joined #tlponies
01:09:13 -!- mode/#tlponies [+o Cane] by Q
01:11:33 -!- Dot` [~quassel@90.205.76.24] has joined #tlponies
01:11:54 <DuB`> 2x Dot
01:12:21 <Bio> best
01:36:22 -!- Dot [~quassel@90.205.76.24] has joined #tlponies
02:05:38 <Crisium> oh quake champions is free this week
02:05:42 <Crisium> gotta recruit some more pons
02:17:55 <Bio> I have a heavy signing fee
02:31:22 -!- Dot` [~quassel@90.205.76.24] has joined #tlponies
02:57:18 -!- Yolteotl [webchat@cloak-0g6xgbx4.oc.oc.cox.net] has joined #tlponies
02:57:51 <Yolteotl> hi pones!
03:17:03 -!- Dot [~quassel@90.205.76.24] has joined #tlponies
03:26:44 <Bio> good evening
03:34:14 -!- Dot` [~quassel@90.205.76.24] has joined #tlponies
03:54:06 -!- Dot [~quassel@90.205.76.24] has joined #tlponies
04:06:17 -!- Dot` [~quassel@90.205.76.24] has joined #tlponies
04:17:18 -!- Dot [~quassel@90.205.76.24] has joined #tlponies
04:20:22 <Bio> dot pls
04:20:35 <Yolteotl> dot is the worst
04:21:09 <Bio> always slep dc
04:22:17 <Yolteotl> I got a cat!
04:22:38 <Bio> garts
04:24:30 <Yolteotl> https://www.facebook.com/valentin.offner.79/videos/177725446403415/
04:24:51 <Yolteotl> https://www.facebook.com/valentin.offner.79/posts/177220553120571
04:31:35 <Bio> what a cute meow lad
04:34:39 <Yolteotl> <3
04:58:16 -!- Dot [~quassel@90.205.76.24] has joined #tlponies
05:07:35 -!- Dot [~quassel@90.205.76.24] has joined #tlponies
05:22:27 -!- Dot` [~quassel@90.205.76.24] has joined #tlponies
05:38:26 -!- Dot [~quassel@90.205.76.24] has joined #tlponies
06:06:05 -!- Dot` [~quassel@90.205.76.24] has joined #tlponies
06:20:31 -!- Golly [~Golly@1.92-221-121.customer.lyse.net] has joined #tlponies
06:26:20 -!- Dot [~quassel@90.205.76.24] has joined #tlponies
06:42:16 -!- Dot` [~quassel@90.205.76.24] has joined #tlponies
07:13:12 -!- Dot [~quassel@90.205.76.24] has joined #tlponies
07:31:21 <Dot> mornign all
07:31:30 <Dot> what is with this oc and dcing at night
07:43:44 <Dot> .tell CockRoach|42 https://imgur.com/gallery/vN70pke
07:55:35 <Dot> Rawr Rawr Rawr
07:58:18 <Dot> DUB
07:58:31 <DuB`> DOT
07:58:34 <DuB`> :O
07:58:43 <Dot> its monday, you got pc yet?
07:59:03 <DuB`> It is sunday
07:59:10 <DuB`> Because I haven't gone to slepp yet!
07:59:12 <DuB`> Not yet tomoro
08:01:02 <Dot> how is ori so cute dub, like a fox but not
08:01:24 <DuB`> :D
08:01:39 <Dot> now ori has owl friend!
08:01:53 <Dot> birb
08:06:25 <DuB`> REally??
08:06:26 <DuB`> Wow
08:16:48 <Dot> dub, what you doing up still
08:16:55 <DuB`> Terrarrer
08:17:13 <Dot> you kill everything yet?
08:17:43 <CockRoach|42> Dot: <3
08:17:48 <Dot> <3
08:19:12 <DuB`> Not quite
08:19:51 -!- motbob_ [~motbob@185.21.216.197] has joined #tlponies
08:36:22 -!- Methos [~methos@23.226.129.178] has joined #tlponies
08:39:05 <DuB`> NOW slepp
08:39:12 <DuB`> zzz
09:06:42 -!- Dot` [~quassel@90.205.76.24] has joined #tlponies
09:42:30 <Rawr|Fone> Dot Dot Dot
09:42:38 <Dot`> <3
09:42:43 <Dot`> almost too late rawr!
09:43:03 <Rawr|Fone> <3
09:43:08 <Rawr|Fone> D:
09:44:30 <Dot`> i must go to work <3
09:44:31 <Dot`> later all
10:32:26 -!- tredc [~AdiIRC@c83-251-161-94.bredband.comhem.se] has joined #tlponies
11:43:34 -!- Golly [~Golly@1.92-221-121.customer.lyse.net] has joined #tlponies
12:25:39 -!- Rawr|Fone [~AndChat52@84-217-62-32.customers.ownit.se] has joined #tlponies
12:55:11 -!- DoT|Phone [~Dot@79.77.172.39] has joined #tlponies
12:55:19 <DoT|Phone> AAAAAH
12:55:33 <DoT|Phone> 5 minute break to eat and sit
12:56:01 <DoT|Phone> Rawr Rawr
12:56:06 <DoT|Phone> how's your day
12:56:11 <Rawr|Fone> Dot Dot
12:56:19 <Rawr|Fone> Not doing much yet
12:56:28 <Rawr|Fone> Table tennis soon
12:56:38 <Rawr|Fone> How is work?
12:56:57 <DoT|Phone> boring. as usual.
12:57:06 <DoT|Phone> You going to win ping pong?
12:57:42 <Rawr|Fone> We'll see
12:59:01 <DoT|Phone> snela
12:59:22 <Rawr|Fone> Snela u
13:00:06 <DoT|Phone> skarpning
13:00:35 <DoT|Phone> I go
13:00:35 -!- tredc [~AdiIRC@c83-251-161-94.bredband.comhem.se] has joined #tlponies
13:52:51 -!- skrm [webchat@unv2.iieq.zttm.ip] has joined #tlponies
13:56:48 <Rawr|Fone> Jonas
13:59:44 <skrm> Henrik
14:00:15 -!- reification [~reificati@cpc76294-cosh16-2-0-cust297.6-1.cable.virginm.net] has joined #tlponies
14:00:15 -!- mode/#tlponies [+v reification] by Q
14:02:39 <reification> afternoon tlp
14:02:55 <reification> paper of the day “The Surprising Creativity of Digital Evolution” https://arxiv.org/pdf/1803.03453.pdf
14:05:08 <Rawr|Fone> How is your day going today my dear jonas
14:05:14 <Rawr|Fone> Good afternoon reef reef
14:07:50 <reification> science finally being used for the important things! https://static.googleusercontent.com/media/research.google.com/en//pubs/archive/46507.pdf
14:08:09 -!- tredc [~AdiIRC@c83-251-161-94.bredband.comhem.se] has joined #tlponies
14:10:52 <skrm> Its alright my dear boy Henrik
14:10:55 <skrm> What are you up to
14:20:29 <Rawr|Fone> No school anymore, so not doing much
14:24:11 <reification> idle hooves are the devil’s workshop
14:30:49 <Rawr|Fone> 🤔🤔
14:50:34 <skrm> do a lego
14:50:35 <skrm> :D
15:11:02 <reification> be careful, one lego may lead to another!
15:13:53 -!- Dot [~quassel@90.205.76.24] has joined #tlponies
15:14:03 <Dot> i home
15:14:05 <Dot> hedge pons
15:19:19 <Rawr|Fone> Dot dot
15:20:19 <Dot> Rawr rawr
15:20:21 <Dot> <3
15:20:33 <Rawr|Fone> <3
15:26:18 <reification> wb dotties
15:38:38 <skrm> Its true reif, lego addiction is more expensive than most drugs
15:38:48 <skrm> welcome home bjørn of bjørns
15:38:55 <Dot> jonas <3
15:39:05 <Dot> lego addiction still better than playing warhammer
15:39:34 <skrm> warhammer is basically heroin
15:49:46 <Bio> good morn
15:49:48 <Bio> i woke
15:50:03 <Dot> bio woke
15:51:56 -!- Rawr|Phone [~AndChat52@m83-185-90-180.cust.tele2.se] has joined #tlponies
15:52:54 <Bio> how are my horsefrinds
15:54:01 <Dot> good and you horse?
15:54:28 -!- tredc [~AdiIRC@c83-251-161-94.bredband.comhem.se] has joined #tlponies
15:55:55 <Bio> asdf
16:04:51 <Bio> i'm v glad i am too poor to do warhammer
16:04:53 <Bio> cause man
16:04:58 <Bio> that would be so much moni
16:07:56 <Dot> then you would be poor
16:10:37 <Bio> yeh
16:10:41 <Bio> and i'm already poor
16:10:51 <Bio> but man the figures r so kewl dot
16:11:02 <Dot> i use to play
16:11:32 <Dot> 13th company Space wolves
16:11:40 <Dot> had like 4 squads in 1500 points army
16:12:05 <Dot> each unit is super point expensive :P
16:12:13 <Dot> poor mans way to play 
16:13:30 <Bio> i played for a short time in HS
16:13:53 <Bio> had a small tyrannid army
16:13:57 -!- tredc [~AdiIRC@c83-251-161-94.bredband.comhem.se] has joined #tlponies
16:15:55 <Dot> Bio https://imgur.com/gallery/hYW5kRr
16:20:06 <Bio> bet e3 then
16:26:35 <Dot> "Biologists Have Discovered an Underwater Octopus City And They're Calling It Octlantis"
16:48:41 -!- DuB` [DuB@c-73-170-224-203.hsd1.ca.comcast.net] has joined #tlponies
16:48:43 <DuB`> Weeeoo
16:55:01 <Dot> DUB
16:55:04 <Dot> is it there?
16:55:16 <DuB`> "Out for deliver" an hour ago
17:01:03 <Dot> soon
17:12:43 <DuB`> NOT SOON ENOUGH AAAA
17:31:55 -!- Zounds [webchat@cloak-07ouvien.14-2.cable.virginm.net] has joined #tlponies
17:32:04 <Zounds> blargh
17:32:06 <Zounds> hey ponns
17:38:01 <DuB`> Hallu Mssr. Zounds
17:42:00 <Dot> Zoonds!
17:42:13 <Zounds> ay
17:43:04 <Zounds> DuB`: I'm two days late but https://www.techadvisor.co.uk/test-centre/network-wifi/best-powerline-adapters-for-2018-3490638/ these sort of things are what I was talking about
17:43:28 <Zounds> however you were likely cheaper just buying cable :)
17:44:36 <Zounds> I got one because I didn't like cable trailing through my house but if it was short term I wouldn't have bothered
17:45:31 <DuB`> Yup yup
17:46:00 -!- tredc [~AdiIRC@c83-251-161-94.bredband.comhem.se] has joined #tlponies
17:46:09 <skrm> DuB` please calm down
17:47:31 <DuB`> I am sorry to inform that, unfortunately, this is not an option.
17:49:35 <skrm> oh ok
17:51:32 <skrm> i fixed a thing
17:51:38 <skrm> gonna be cruisin that wave for days now
17:52:48 <DuB`> :D
17:53:15 -!- tredc [~AdiIRC@c83-251-161-94.bredband.comhem.se] has joined #tlponies
17:54:09 <Dot> you are the smartest horse skram
17:55:25 <skrm> nah im just a big nerd that read P&IDs for fun >_>
17:57:52 <skrm> DuB` did you get a prebuilt box or did you get a box of parts
18:00:34 -!- DoT|Phone [~Dot@90.205.76.24] has joined #tlponies
18:01:23 <DuB`> Prebuildo
18:01:33 <DuB`> Did some shopping around and could make it worth it to do on my own
18:01:39 <DuB`> couldn't*...
18:13:08 <skrm> prebuilt is nice though
18:14:25 <skrm> spent too much of my life trying to figure out why this dang thing wont work only to find out i've missed the 8pin connector that goes on the motherboard or whatever
18:14:26 <skrm> :P
18:14:49 <DuB`> Ye, compared 4 or 5 builders and ended up with best deal+shipping with ibuypower, and my brother's ibp has been perfect for him
18:14:57 <skrm> ALSO
18:15:19 <skrm> motortrend is doing live coverage of lemans, no idea how good it is but its 5 dollarydoos for a month
18:15:49 <DuB`> Please I am LOYAL to my bootleg streams and I'm offended that you would suggest otherwise
18:15:51 <DuB`> ;D
18:16:11 <skrm> haha
18:16:50 <skrm> how presumptuous of me
18:17:00 <skrm> my most sincere apologies
18:20:59 <DuB`> TAQUITO time
18:21:20 <skrm> wew
18:36:47 -!- Runbunny [~Runbunny@91.100.28.10.generic-hostname.arrownet.dk] has joined #tlponies
18:46:32 <Bio> welp
18:46:37 <Bio> i finished a randomizer run
18:46:41 <Bio> for the first time in a while
18:46:47 <Bio> 2.5h
18:46:56 <Bio> ruf
18:54:48 <Runbunny> Nice Bio.
18:57:08 <Bio> still looking for that elusive sub 2h
18:57:20 <Bio> this was a daisy chain of a seed tho
18:57:25 <Bio> lots of items all over the place
19:05:31 <Zounds> muh Runbunny 
19:05:36 -!- Phearlock [~Phearlock@cm-84.209.250.127.getinternet.no] has joined #tlponies
19:05:36 -!- mode/#tlponies [+v Phearlock] by Q
19:05:41 <Zounds> muh Phearlock 
19:06:00 <Phearlock> Pons
19:06:01 <Phearlock> Zounds
19:06:15 <DuB`> naka naka konai naaa
19:06:19 <DuB`> GAAAAH
19:06:33 <Runbunny> Hai Zounds.
19:08:37 <Zounds> I'm working at a christian evangelist event this friday and weekend
19:08:41 <Zounds> I have no idea what to expect
19:09:16 <Zounds> well some idea in regards to crowd size and stuff obviously
19:09:27 <Zounds> but the actual content of the event is a mystery
19:10:22 <Phearlock> Interestin
19:10:42 <Phearlock> Hopefully they're not crazy
19:11:30 <Zounds> Billy Grahams Evangelistic Association
19:12:00 <Zounds> It seems alright from their website...
19:12:07 <Runbunny> How did you get scammed into doing that Zounds?
19:12:30 <Zounds> I work in event security
19:13:53 <Runbunny> oh.
19:15:01 <Zounds> Ah well I'm usually working at raves and stuff
19:15:09 <Zounds> Christian event might be a nice change of pace
19:15:13 <Zounds> probably less MDMA being handed around
19:16:21 <Dot> Runbun!
19:16:54 <Dot> look! https://imgur.com/gallery/PvRbfM8
19:22:37 <Phearlock> Zounds there will be some robots soon. poke if you want to shoot the robots too.
19:23:30 <Zounds> That sounds ideal
19:23:46 <Zounds> Will a prod suffice?
19:23:50 * Zounds prods Phearlock 
19:26:25 -!- Rawr|Fone [~AndChat52@84-217-62-32.customers.ownit.se] has joined #tlponies
19:27:54 <Runbunny> Dot!
19:28:01 <Runbunny> Are you working with Otters yet?
19:28:25 <Dot> no  :(
19:37:15 <Zounds> you otter remedy that
19:56:31 <skrm> AYYYY
19:56:55 -!- tredc [~AdiIRC@c83-251-161-94.bredband.comhem.se] has joined #tlponies
19:57:17 <skrm> Bjørn
19:57:22 <skrm> the bjørn of all the bjørns
19:59:48 <Dot> Jonas
20:00:10 <skrm> Hi
20:00:16 <skrm> hows you
20:00:17 <Dot> Hello
20:03:08 <Dot> im ok, no work tomorow
20:05:15 <skrm> woo!
20:05:18 <DuB`> o no ubisoft wat is u doin
20:12:09 <Dot> how you skrm
20:12:55 <skrm> bit tired but well enough i think
20:18:22 <Bio> asdf
20:18:23 <Bio> asdf
20:18:26 <Bio> henlo
20:18:34 <Bio> i hate jobsearching boys
20:21:41 <Dot> is rough bio
20:23:33 <skrm> i hear ya bud
20:24:11 <Phearlock> roll for jerb
20:26:24 <Bio> .roll d20 for jerb
20:26:30 <Bio> but dm
20:26:32 <Bio> what is DC
20:26:35 <Bio> ASDF
20:26:51 <Dot> DC: 50
20:27:07 <Dot> Degree give +2
20:32:48 <Phearlock> can expend one luck per week to randomly give you +0 to +30 on your roll
20:34:48 <skrm> depends if you lie or not on your resume
20:40:06 <DuB`> Quake Champs free trial today through June 17
20:44:41 <DuB`> 1.5m watching E3 on twitch :O
20:46:00 <Dot> thats a few
20:47:14 <DuB`> Dot PC when T_T
20:48:43 <reification> not soon enough dub
20:49:45 <Dot> 5 minutes dub
20:49:52 <DuB`> ! :O
20:50:36 <DuB`> bio i wish u luck https://i.imgur.com/AOYHLan.jpg
20:52:09 <Golly> i didnt know pirate ships had suped up engines down below
20:59:38 <Dot> was i right dub?
20:59:58 <DuB`> No you were not right and I feel betrayed and continue to wallow in boredom
21:00:05 <DuB`> jk I have book and E3 but STILL
21:00:23 <Dot> oh well, would have been great if i was
21:00:54 <DuB`> :P
21:10:01 <Bio> asdf
21:10:27 <Bio> i shall wallow in my sadness in some dotes
21:10:41 <DuB`> wallo wallo
21:13:07 <Dot> is there bio strim?
21:13:27 <Bio> of doets? nah, can't
21:18:33 <reification> you can just spectate in game dot
21:19:22 -!- Camail_Phone [~camailpho@25.sub-174-221-129.myvzw.com] has joined #tlponies
21:20:14 <Camail_Phone> No i have not died
21:20:30 <Dot> hmm
21:20:33 <Dot> acceptable
21:20:55 <Dot> that soundssilly reif
21:21:02 <Dot> and i would have to open the game
21:21:20 <Camail_Phone> Dot have you gotten full hellion armor +4 yet
21:22:14 <Camail_Phone> I’ll take the deafening silence as a yes
21:22:18 <Dot> all i need is the bits and i can do it
21:22:37 <Camail_Phone> The bits are the entire game dort
21:22:44 <Dot> sshh
21:22:54 <Camail_Phone> I’m so strongly considering switching to sword
21:23:47 <Camail_Phone> Oh dub, new pc?
21:23:58 <DuB`> SOMETIME today
21:24:01 <DuB`> ALLEGEDY
21:24:09 <DuB`> Out for delivery for the last SIX HOURS
21:24:18 <Camail_Phone> You sound frustrated
21:24:27 <Camail_Phone> Justified
21:24:30 <reification> careful not to die of suspence
21:24:53 <Camail_Phone> Did they hide it under the door mat
21:25:14 <Camail_Phone> Does it come with OS preinstalled?
21:25:28 <Camail_Phone> It so, fire thing you gotta do is look for bloatware
21:25:28 <DuB`> Ye
21:25:36 <Camail_Phone> First*
21:25:57 <Dot> delete windows
21:26:05 <Camail_Phone> Look at all the programs that run on start up, too. Might be some dumb stuff in there
21:27:34 <Camail_Phone> Also install dauntless
21:28:28 <Camail_Phone> .butt dub’s pc
21:28:36 <Camail_Phone> .butt pc
21:28:42 <Camail_Phone> Damn
21:29:15 <Camail_Phone> Well i could fix it but then that would ruin my rigging
21:29:23 <Camail_Phone> And thats mire important
21:30:30 <CockRoach|42> https://twitter.com/day9tv/status/1006034787805495296
21:30:51 -!- tredc [~AdiIRC@c83-251-161-94.bredband.comhem.se] has joined #tlponies
21:31:59 <Dot> day9 went for another walk and forgot where he put his stuff?
21:33:02 -!- Crisium [~Crisium@c-24-3-158-64.hsd1.pa.comcast.net] has joined #tlponies
21:33:21 <Dot> the cris pon
21:33:49 <Crisium> hay bay
21:35:44 <CockRoach|42> Dot: :D
21:51:28 -!- skram [~skram@82.147.53.77] has joined #tlponies
21:52:38 <Crisium> skrom
21:53:20 <skram> kris
21:53:53 -!- Camail [~Camail@45.40.84.145] has joined #tlponies
21:53:53 -!- mode/#tlponies [+v Camail] by Q
21:54:16 <skram> kam
21:59:20 <Camail> i am pc
21:59:24 <Camail> unlike dub
21:59:25 <Camail> lul
21:59:31 <Camail> LuL, even
21:59:40 <DuB`> GUH
22:00:44 <Crisium> poor dab
22:00:59 <skram> oooooh snap
22:06:24 <Bio> i was like
22:06:31 <Bio> imma play 4 quick turbo dota games
22:06:35 <Bio> gotta spend my tokens
22:06:38 <DuB`> kitaaaaaaaaaaaaaaaaaaaaa
22:06:38 <Bio> every time i bet i lose
22:06:40 <Bio> every time
22:07:27 <Bio> i just want to do cavern stuff
22:07:28 <DuB`> Looks like cool big 3d factorio :O
22:07:32 <DuB`> Looks nice
22:07:39 <DuB`> v big factori
22:16:55 <Runbunny> Dub Dub.
22:17:08 <DuB`> run bun
22:17:21 <Runbunny> Me!
22:18:51 <skram> aNDERS
22:19:33 <Runbunny> Isn't this the game that Cane played?
22:21:34 <Runbunny> Dot, skram https://i.imgur.com/nyux4uh.mp4
22:21:55 <Dot> angry kitty
22:22:42 <skram> poor kitty
22:31:23 <Bio> three games in a row thrown by the same idiot trying to backdoor with lycan
22:31:24 <Bio> fuck me
22:32:53 <reification> :(
22:33:03 -!- tredc [~AdiIRC@c83-251-161-94.bredband.comhem.se] has joined #tlponies
22:36:51 <skram> thats how you play lycan bio
22:37:43 <Bio> idk
22:38:34 <Dot> i hope dub left becuase his pc arrived and he is setting it up
22:38:51 <skram> ya i got a snap
22:38:52 <Bio> probably
22:38:54 <skram> looks v pretty
22:50:43 <Dot> one day i may get the snap thing
22:53:32 <Crisium> snapu?
22:56:25 <Runbunny> Slepu
22:56:32 <Dot> gnight runbun
22:56:42 <Runbunny> Goodnight.
23:01:45 <skram> you should Dot
23:02:49 <Dot> but these social media things annoy me by thier existence most of the time
23:03:13 <Dot> im a grouchy old man
23:03:54 <reification> i like twitter. you may have noticed
23:04:04 <skram> well
23:04:16 <skram> you only get pictures of stuff from your frens
23:04:28 <skram> and theres likea whole page of random shit by random people thats easy to ignore
23:05:40 <skram> theres weird noises in my headphones
23:05:41 <skram> b r b
23:07:50 -!- DuB` [~DuB@c-73-170-224-203.hsd1.ca.comcast.net] has joined #tlponies
23:07:55 <DuB`> WEEEEEEEEOOOOOO
23:07:56 <Dot> IT DONE?
23:08:02 <Dot> \o/
23:08:06 <DuB`> YE
23:08:12 <Dot> Praise pony
23:08:25 -!- skram [~skram@82.147.53.77] has joined #tlponies
23:08:36 <Dot> jonas
23:08:43 <Dot> you missed the moment
23:08:47 <skram> Dot
23:08:49 <DuB`> HMM
23:08:51 <skram> what moment
23:08:55 <DuB`> Can't remember what IRC font I had haha
23:08:56 <skram> AYY
23:08:58 <DuB`> Everything looks WEIRD
23:08:59 <Dot> the return of dub
23:09:00 <skram> welcome home dub
23:09:09 <DuB`> Skram ur talking in an accent
23:09:32 <skram> ??
23:09:44 <DuB`> Oke I think that's it
23:09:46 <DuB`> Font fixed
23:11:24 <Camail> any bloatware?
23:11:49 -!- tredc [~AdiIRC@c83-251-161-94.bredband.comhem.se] has joined #tlponies
23:11:54 <Crisium> the returb of dub
23:12:03 <skram> well theres windows presumably
23:12:16 <Dot> still better than the other options skram
23:12:46 <skram> true dat
23:13:28 <skram> How's ubuntu these days
23:14:11 <Camail> it doesnt run games, that's what
23:14:11 <DuB`> Nothing, is very clean
23:14:25 <skram> is it w10
23:14:37 <Camail> i dont believe you have that choice anymore
23:14:41 <Camail> sans pirating 7
23:14:43 <DuB`> Yeah haha
23:14:51 <skram> probably true
23:14:54 <Camail> anyway
23:15:05 <Camail> dub get a fuckin game on that and lets PLAY SHIT
23:15:10 <skram> theres a bunch of information gathering tracking stuff you might wanna disable
23:15:22 <Dot> windows 10 was bad at launch, then got far better, and recently with the 1807 update took a bit of a dip
23:15:27 <Camail> yea and other shitty preferences
23:15:33 <Dot> oh yea,
23:15:43 <Camail> the OS is fine, just filled with "convenience options"
23:15:47 <Camail> like audio ones
23:15:48 <skram> I only run it on my slaptop and its good enough for shitposting on reddit
23:15:59 <Camail> do you slap people with it
23:16:04 <skram> yes, hence the name
23:16:12 <Camail> ah
23:17:19 <skram> i think my work computer is running an enterprise version of it?
23:17:56 <DuB`> Forgot password -> Try entering a past password -> ... That IS your current password, so you're good to go...
23:17:59 <DuB`> Oh. Okay.
23:18:06 <skram> thank
23:18:27 <skram> what specs is your new confuser
23:18:48 <DuB`> i7, 16gb RAM, 1070
23:19:05 <skram> 6th or 7th gen
23:19:10 <DuB`> uh uh uh
23:19:37 <skram> no
23:19:38 <skram> 7th or 8th
23:20:00 <skram> actually i have no idea how much that matters so its cool either way
23:20:01 <skram> :P
23:22:11 <DuB`> 8th gen
23:22:14 <DuB`> 8700k
23:22:18 <skram> oooh
23:26:09 <Crisium> oh the hex core
23:26:11 <Crisium> sex core
23:28:59 <DuB`> So many thing to do
23:30:22 <Dot> skram https://www.reddit.com/r/DnD/comments/8qcciq/uneearthed_arcana_june_2018_giant_soul_sorcerer/
23:30:31 <Dot> you now need a dorf sorceror
23:30:49 <skram> magic is EVIL
23:31:08 <Dot> read the first comments
23:31:24 <Dot> giant stompy grumpy dorf
23:32:02 <skram> They warned me that the devil would be attractive
23:32:06 <DuB`> :P
23:32:23 <Dot> grab a dragon by the neck like its a goose
23:32:41 <DuB`> The conpyuter is so SHINY
23:32:46 <DuB`> And bright and colors
23:33:19 <Dot> dub, what games you got so far?
23:34:36 <DuB`> About 30% of OW and 20% of planetside :P
23:41:01 <Crisium> pics of pc or didnt happen
23:42:30 <Bio> welp 5 losses in a row time to not play for another week
23:42:53 <skram> welcome to dota :(
23:44:56 <DuB`> In #gaming, Crisium
23:51:38 <Bio> i'm fully aware of dota
23:51:43 <Bio> yet i still piss myself off
23:51:44 <Bio> why
23:53:12 <DuB`> Doto is worth watching, not playing :P
23:54:12 <skram> ah
23:54:19 <skram> but THIS time im gonna win, I just know it!
23:58:30 <DuB`> Apparently battlenet is stronger than steam
23:58:43 -!- tredc [~AdiIRC@c83-251-161-94.bredband.comhem.se] has joined #tlponies
23:58:50 <DuB`> Having both DL at once and seeing which get more per second :P
