00:00:08 <Camail> https://sites.google.com/site/imikemar/gaming_guides/quake_champions?pli=1#TOC-Installing-ReShade-Using-Colorblind-Support-
00:31:53 -!- Rawr|Fone [~AndChat52@84-217-62-32.customers.ownit.se] has joined #tlponies
00:37:56 <Camail> wingman is fun, especially when the other players are kinda garbage
02:15:17 -!- DuB` [~DuB@12.226.98.147] has joined #tlponies
02:15:24 <DuB`> wew
02:36:26 <Rawr|Fone> 🐴🐴🐴
02:50:01 <Camail> dub are you still a laptop
02:54:54 <DuB`> ye
02:56:42 <Camail> any diablo stuff you want to work on
02:58:26 -!- Dot [~quassel@2.124.199.240] has joined #tlponies
03:11:55 <DuB`> Can't decide if I want to get more wiz stuff together or keep polishing the DH
04:23:51 -!- skram [~skram@82.147.53.97] has joined #tlponies
05:37:09 <Camail> ugh, really struggling with gr 95
05:37:28 <Camail> if i get the right rng i think that's gonna be my season high and i'll just be done with solos
06:41:47 -!- Dot` [~quassel@2.124.199.240] has joined #tlponies
07:17:13 <Rawr|Fone> Hors hors
07:40:42 -!- Phearlock [~Phearlock@cm-84.208.146.128.getinternet.no] has joined #tlponies
07:57:15 -!- Rawr|Phone [~AndChat52@m83-185-90-135.cust.tele2.se] has joined #tlponies
08:17:31 -!- Golly [Golly@cm-84.212.249.112.getinternet.no] has joined #tlponies
08:20:57 -!- Dot [~quassel@2.124.199.240] has joined #tlponies
08:35:49 -!- Dot` [~quassel@2.124.199.240] has joined #tlponies
09:20:04 -!- tredc [~tredc@c83-251-171-164.bredband.comhem.se] has joined #tlponies
09:32:00 <Dot`> mornign all
09:32:22 -!- tredc [~tredc@c83-251-171-164.bredband.comhem.se] has joined #tlponies
09:39:57 <Rawr|Phone> Dot Dot Dot
09:40:00 <Rawr|Phone> You are late
09:41:18 <Dot`> Rawr Rawr Rawr
09:41:21 <Dot`> its weekend rawr
09:41:22 <Dot`> <4
09:44:07 -!- Runbunny [~Runbunny@91.100.28.10.generic-hostname.arrownet.dk] has joined #tlponies
10:03:23 <Rawr|Phone> <5
10:04:25 <Dot`> runbn!
10:04:27 <Dot`> its weekend
10:13:27 <Runbunny> Hai
10:13:30 <Runbunny> Yes.
10:13:47 <Runbunny> I'm doing stuff all day today though
10:52:42 -!- ZK_ [webchat@cloak-w7qj1h0m.adsl.xs4all.nl] has joined #tlponies
10:52:50 <ZK_> .roll d20 to boop Dot` 
10:53:22 <ZK_> wut, someone else is using zk :o
10:54:33 <Dot`> .roll d30 to boop zl
10:54:37 <Dot`> 30?
10:54:57 <Dot`> zk, you shouldnt avoid us for so long or another will move in
10:56:06 <ZK_> i should start using irc on my cell more!
10:56:09 <ZK_> how you dot? How work?
11:00:48 <ZK_> watcha doing now?
11:10:27 <Runbunny> I am out. 
11:14:37 <Dot`> i am a control systems engineer zk!
11:15:01 <Dot`> currently putting together an LOI for a system
11:18:34 <ZK_> daaamn
11:18:57 -!- tredc [~tredc@c83-251-171-164.bredband.comhem.se] has joined #tlponies
11:18:59 <ZK_> watcha gonna do with all those monies?
11:28:25 <Dot`> im only a trainee engineer techincly, so most monies go to rent and stuff
11:30:21 <Dot`> hows your work zk?
11:37:39 -!- Dot [~quassel@2.124.199.240] has joined #tlponies
11:38:18 <Dot> hmm
11:41:42 <Dot> zk, next HSC is sooon
11:42:17 <ZK_> work still fine
11:42:21 <ZK_> im going to next HSC again!
11:42:35 <ZK_> I'll be in a hotel room wtih some british folks actually
11:42:39 <ZK_> from my clan
11:47:41 <Dot> oh nice
11:47:45 <Dot> you GM yet?
11:49:55 <ZK_> almost
11:49:59 <ZK_> im at diamond atm
11:50:01 <ZK_> so really close
11:50:17 <ZK_> only like 1200 mmr away
11:52:26 <ZK_> oh hey mc is back and streaming
12:03:57 <Dot> MC!
12:04:06 <Dot> hike time, back soon horses
12:04:06 <Dot> <3
12:57:37 -!- Dot` [~quassel@2.124.199.240] has joined #tlponies
13:46:29 -!- Bio [~BioPon@97.70.181.149] has joined #tlponies
13:47:33 <Bio> gud morn
13:53:09 -!- Crisium [~Crisium@c-73-174-151-51.hsd1.pa.comcast.net] has joined #tlponies
14:10:26 -!- Dot [~quassel@2.124.199.240] has joined #tlponies
14:11:18 <Crisium> 2 dorts
14:24:25 -!- reification [~reificati@cpc76294-cosh16-2-0-cust297.6-1.cable.virginm.net] has joined #tlponies
14:25:01 <Bio> so many dorts to go around
14:31:26 <ZK_> they never stop coming
14:39:47 <Dot> i back#
14:39:51 <Dot> hike was nice
14:39:57 <Dot> useless internet
14:40:01 <Dot> at least it IS internet
14:57:41 <ZK_> is it if its useless?
14:58:25 -!- Zounds [webchat@cloak-07ouvien.14-2.cable.virginm.net] has joined #tlponies
14:58:33 <Zounds> hi
14:59:13 <Crisium> howdy
15:02:57 <Zounds> how you doing Crisium 
15:13:00 <ZK_> hi crisi, hi zounds
15:16:10 <Zounds> o/
15:18:05 <ZK_> \o
15:18:19 -!- tredc [~tredc@c83-251-171-164.bredband.comhem.se] has joined #tlponies
16:33:30 <Crisium> zounds did you want to play
16:33:44 <Zounds> i did actually
16:34:07 <Crisium> ill play
16:34:18 <Zounds> cool
16:39:15 -!- Rawr|Fone [~AndChat52@84-217-62-32.customers.ownit.se] has joined #tlponies
16:52:42 -!- DuB_phone [~AndChat71@ip-66-87-119-98.sanjca.spcsdns.net] has joined #tlponies
16:53:57 <DuB_phone> Getting on aeroplane home now, might be even later than I said before because no one can come pick me up at the airport right away  :T
16:57:04 <Zounds> nobody loves poor dub :(
17:03:19 <DuB_phone> Bio Dot
17:03:31 <Dot> DUB
17:03:45 <Dot> why you do this
17:04:40 <DuB_phone> D:
17:06:07 <DuB_phone> I don't know how long I'll be!
17:06:19 <DuB_phone> But 2h was optimistic 
17:09:44 -!- Phearlock [~Phearlock@cm-84.208.146.128.getinternet.no] has joined #tlponies
17:09:47 <Phearlock> Evening ponypons
17:10:01 <Phearlock> and I guess, morning US pons =P
17:11:23 <Bio> is more like after noons
17:11:37 <Phearlock> Yeah that's like, when I usually get up
17:11:39 <Phearlock> sounds like morning to me
17:11:41 <Bio> but hello =D
17:11:50 <Bio> also poor dob
17:11:55 <Phearlock> oh is he RIP?
17:12:05 <Bio> he may be even later
17:12:09 <Phearlock> ouchies
17:12:14 <Phearlock> Well I got an energy drink.
17:12:19 <Phearlock> And nothing to do tomorrow
17:12:21 <Bio> its looking B A D for our heroes
17:12:30 <Bio> the dragons are getting them
17:12:37 <Phearlock> I blame dub
17:29:54 <ZK_> dragons are stronk
17:31:51 <Phearlock> big powerful arms
17:31:53 <Phearlock> good huggers
17:31:55 <Dot> PHEAR
17:31:58 <Phearlock> dot
17:32:05 <Dot> i found pons to give you yesterday and you where not here
17:32:10 <Phearlock> oh
17:32:14 <Dot> https://greyartpost.tumblr.com/image/179187755574
17:32:16 <Dot> LOOK
17:32:18 <Bio> big storm here i guess
17:32:26 <Bio> much lightining
17:32:30 <Dot> https://greyartpost.tumblr.com/image/179185042909
17:32:34 <Phearlock> these are some great ponies
17:36:14 -!- skram [~skram@82.147.53.97] has joined #tlponies
17:37:08 <skram> m'hors
17:37:51 <skram> i went to my favorite kebab shop today but it has been closed by the food safety authority :(
17:39:53 <Dot> dont die skram
17:40:05 -!- tredc [~tredc@c83-251-171-164.bredband.comhem.se] has joined #tlponies
17:52:30 <Phearlock> The forbidden fru... kebab is the most tempting
18:03:05 <Golly> you would think kebab joints would be exempt
18:03:18 <Golly> they are supposed to be seedy
18:04:34 <skram> yeah
18:04:58 <skram> dang government
18:07:04 <Zounds> the roach droppings just add flavour
18:07:38 <Golly> for skram i think it would be squirrels?
18:10:36 <skram> moose droppings
18:10:44 -!- tredc [~tredc@c83-251-171-164.bredband.comhem.se] has joined #tlponies
18:11:15 <skram> Dot did you sign up for the generation zero beta
18:12:36 <Dot> the what
18:12:57 <skram> its dayz with robots
18:13:15 <skram> its coop and all that i want tlp to get it so we can play because its not bad
18:13:37 <Dot> give link?
18:13:59 <Dot> oh
18:14:01 <Dot> its on steam
18:14:07 <skram> https://generationzero.com/en/
18:14:20 <skram> website doesnt work
18:15:26 <Dot> i dont see a beta sign up
18:15:53 <Dot> supper time, will look when i get back
18:15:55 <Bio> bek
18:15:58 <Bio> bois
18:16:07 <Bio> my electric was almost 200 bucks cheaper this month
18:16:10 <Bio> fuck my AC tho
18:16:13 <skram> alright buddy
18:16:20 <skram> thats a lot of bucks bio
18:16:23 <Bio> yeh buddy
18:16:47 -!- DoT|Phone [~Dot@2.124.199.240] has joined #tlponies
18:17:22 <Bio> turns out turning ur ac off for a whole month really decreases the electric bill
18:18:10 <skram> how bigs ur place
18:18:25 <Bio> like 940 sqr feet or someth
18:18:53 <Bio> i feel like it wasn't sealed or somth was up
18:19:02 <Bio> i had them fuckin check my seals and shit
18:19:06 <skram> thats pretty nice though
18:19:14 <skram> big
18:19:19 <Bio> i can't complain
18:19:32 <skram> 200 buxx in power is p expensive though
18:19:39 <Bio> yeh
18:19:47 <Bio> 53 is far more reasonabl
18:19:56 <skram> yeh boii
18:19:56 <DoT|Phone> heating and cooling is expensive
18:20:32 <skram> i got electric heaters and its gonna be cold as balls apparently this winter so im curious to see how fuckin expensive its gonna be
18:20:59 <DoT|Phone> hot water bottle and blanket
18:21:02 -!- tredc [~tredc@c83-251-171-164.bredband.comhem.se] has joined #tlponies
18:21:20 <skram> theres a guy who lives in the forest that tells the future by reading fish scales or something and he said its gonna b cold as fuuuk
18:21:27 <skram> i trust him
18:23:40 <DoT|Phone> I would
18:24:10 <DoT|Phone> don't you live in the forest and east fish Skram
18:24:43 <skram> im not a prophet though
18:24:51 <DoT|Phone> yet
18:25:16 <Zounds> Crisium: if you wanna do any more shoots let me know, done eating etc
18:46:47 <DoT|Phone> Skram
18:46:52 <DoT|Phone> http://imgur.com/gallery/V5mmP3a
18:47:08 -!- Dot` [~quassel@2.124.199.240] has joined #tlponies
18:51:38 -!- tredc [~tredc@c83-251-171-164.bredband.comhem.se] has joined #tlponies
18:55:06 <skram> whath the heck Dot`
18:55:28 <skram> this is some sorta wizardry
18:57:14 <DoT|Phone> magic!
19:03:33 <skram> there was a sale on ice pop things today Dot`
19:03:35 <skram> i got like 30
19:10:07 <DoT|Phone> good
19:12:29 <skram> episode 2 of the adventure zone comic is out for preorder already
19:12:37 <skram> gonna be released in july 2019
19:13:08 <DoT|Phone> oh boy
19:13:13 <DoT|Phone> but so far
19:13:17 <Crisium> https://twitter.com/MegaKewlie/status/1053380842993737731
19:13:28 <DoT|Phone> also. Will need to tell dub http://imgur.com/gallery/RrTD2TK
19:14:04 <skram> poor cat cris
19:14:14 <skram> baby birds are the ugliest thing Dot`
19:14:18 <skram> they all look like train wrecks
19:17:28 <DoT|Phone> because all birds are train wrecks
19:17:34 <DoT|Phone> also Skram http://imgur.com/gallery/3UqzzWp
19:18:00 <skram> :D
19:23:40 -!- Dot [~quassel@2.124.199.240] has joined #tlponies
19:49:53 <skram> Dot
19:51:22 <Dot> skram
19:51:37 <skram> how's work
19:51:41 <Dot> great
19:51:45 <Dot> im an engineer
19:51:51 <skram> i know!
19:51:55 <Dot> i tihnk you might be tired of hearing it :P
19:52:01 <skram> never
19:52:29 <Dot> <3
19:53:05 <skram> did you do anything neato tho
19:55:02 <skram> did you build a death ray yet
19:55:18 <skram> that might be a 2nd year project
20:15:05 <Dot> i started an LOI from scratch for a new expansion on a water treatment plant
20:15:15 <skram> oooh
20:15:24 <skram> water treatment huh
20:15:31 <skram> lotsa neat processes involved there
20:16:35 <Bio> I don't suppose we have an eta on dub do we
20:17:27 <skram> dont know why he's so reticent to give proper answers sometimes Bio
20:18:06 <Bio> idk mang
20:18:08 <skram> but we're +1 hour now arent we
20:18:29 <Bio> he said at least another hours
20:18:31 -!- tredc [~tredc@c83-251-171-164.bredband.comhem.se] has joined #tlponies
20:18:36 <Bio> in discrawds
20:18:43 <skram> ah ok
20:19:18 <Bio> do you work next weekend skrma
20:19:27 <skram> i do
20:19:32 <skram> night shifty
20:20:23 <Bio> if I were to wake up erly would that be better or is it a bit much
20:20:52 <skram> bit much still im afraid
20:21:18 <skram> i leave at 6 in the evening and get out of bed like 5:45
20:22:56 <Bio> asdf
20:23:34 <Phearlock>  F
20:23:47 <skram> thank
20:32:13 <Bio> asdf
20:32:34 <skram> are you ok
20:32:40 <Bio> not really
20:33:02 <Bio> i should have been car shopping today
20:33:24 <skram> ive decided that you should get a golf
20:33:29 <Bio> but who knows if I can even scratch together the down payment
20:33:42 <skram> dont you already have one though
20:34:02 <Bio> yes, but I need to replace its old ass before winter. 
20:34:20 <skram> y tho
20:35:06 <Bio> because winters are rough here, this car has electrical problems that randomly cause it to turn off for no fuckin reason, and i'm afraid its not gonna start up in the cold
20:35:21 <skram> fair enough
20:37:06 <skram> get a RWD toyota and initial d songs on CASSETTE
21:01:29 <reification> night all
21:01:45 -!- tredc [~tredc@c83-251-171-164.bredband.comhem.se] has joined #tlponies
21:05:46 <Zounds> nn reif
21:07:31 <skram> what are you up to zounds
21:07:59 -!- tredc [~tredc@c83-251-171-164.bredband.comhem.se] has joined #tlponies
21:08:34 <Zounds> nothing mind blowing
21:08:45 <Zounds> some vidya and some trailer park boys on netflix
21:11:56 <Zounds> what about you skram
21:13:05 <skram> im really bored
21:13:58 -!- Camail [~Camail@45.40.84.145] has joined #tlponies
21:13:59 -!- mode/#tlponies [+v Camail] by Q
21:14:14 -!- tredc [~tredc@c83-251-171-164.bredband.comhem.se] has joined #tlponies
22:01:08 <Camail> skram pls
22:02:50 <skram> whaddup you slut
22:04:26 <Camail> ur face
22:06:30 <skram> lovely
22:57:19 <Camail> hey skram wanna play cs 2v2
23:12:27 <skram> eeeeh
23:12:34 <skram> i havent played cs in probably 2 years nmow
23:58:47 -!- Dot` [~quassel@2.124.199.240] has joined #tlponies
