00:46:28 -!- skrm [webchat@pioj.eid3.887x.ip] has joined #tlponies
02:02:04 -!- Rawr|Fone [~AndChat52@84-217-62-32.customers.ownit.se] has joined #tlponies
02:19:26 -!- skrm [webchat@unv2.iieq.zttm.ip] has joined #tlponies
02:32:04 <skrm> DvB`
02:51:31 <Camail> pls
02:51:43 <Camail> thanksgiving is a full day thing
03:00:03 <skrm> what are you so bloody thankful for anyway
03:00:04 <skrm> guns?
03:00:11 <skrm> jesus?
03:01:06 <Camail> first one, then the other
03:47:46 <Camail> dub you need to finish your placement matches in cs, bio is back in
04:40:05 <DvB`> ACTUAL csgo?
04:40:06 <DvB`> pffff
04:40:11 <DvB`> Sounds hard
04:40:20 <DvB`> skrm I saved some apple pie
04:54:54 <skrm> <3!
06:31:29 <Camail> real csgo is fun
06:31:33 <Camail> we are pretty low rank
06:53:03 -!- skram [~skram@82.147.53.97] has joined #tlponies
06:55:52 <skram> oh
07:07:25 -!- DoT|Phone [~Dot@14.161.189.80.dyn.plus.net] has joined #tlponies
07:07:30 <DoT|Phone> morning all
07:08:18 <skram> good morning old pal
07:08:26 <DoT|Phone> Skram
07:08:33 <DoT|Phone> you survived work. great
07:08:44 -!- Rawr|Fone [~AndChat52@84-217-62-32.customers.ownit.se] has joined #tlponies
07:08:49 <skram> that sounds like sarcasm dot
07:09:15 <skram> i thought we was frens
07:09:40 <DoT|Phone> is not
07:09:55 <DoT|Phone> I just can't help but sound sarcastic
07:09:59 <DoT|Phone> English curse
07:10:22 <skram> its getting proper cold out DoT|Phone
07:10:24 <skram> its pretty great
07:11:06 <DoT|Phone> it would bee if I didn't have to get up for work
07:11:34 <DoT|Phone> and my Windows where properly sealed
07:11:56 <skram> just get some proper sealer and smash it on
07:15:57 <DoT|Phone> how was work?
07:16:48 <skram> pretty good actually
07:17:16 <skram> AND i get about a million dollars for showing up probably
07:18:13 <DoT|Phone> that's SO many Lego
07:18:38 <skram> Probably gonna have to spend it on a new car :(
07:19:04 <DoT|Phone> New Lego car*
07:19:26 <skram> im afraid i need a real one this time
07:22:17 <DoT|Phone> at least you can get a nice one for a million monies
07:22:56 <skram> its gonna be red and its gonna be SO FASt
07:23:35 <DoT|Phone> get it in safety vest yellow
07:23:45 <DoT|Phone> safest car ever
07:23:50 <skram> my favorite color
07:51:55 -!- DoT|Phone1 [~Dot@85.255.237.82] has joined #tlponies
07:53:17 -!- DoT|Phone2 [~Dot@85.255.237.82] has joined #tlponies
08:12:06 <DoT|Phone2> how's the socks coming Skram
08:13:56 <DoT|Phone2> he gone
08:14:05 <DoT|Phone2> Rawr Rawr
08:29:09 <DoT|Phone2> cr pls
08:29:48 <CockRoach|42> what? :(
08:31:02 <DoT|Phone2> it's doggo day!
08:56:03 <CockRoach|42> it is!
09:05:52 <Rawr|Fone> DoT DoT
09:06:00 <Rawr|Fone> 💖💖
09:14:29 <DoT|Phone2> 💖💖
09:14:36 <DoT|Phone2> how are you Rawr
09:18:12 <Rawr|Fone> Sleeepy
09:18:18 <Rawr|Fone> How are you dot
09:18:22 <DoT|Phone2> you still unwell?
09:31:02 <Rawr|Fone> No just tired
09:35:46 <DoT|Phone2> more pong ping should help
09:43:09 -!- Golly [Golly@cm-84.212.249.112.getinternet.no] has joined #tlponies
09:47:08 <Rawr|Fone> Probably
10:19:58 -!- DoT|Phone [~Dot@85.255.237.84] has joined #tlponies
10:25:03 -!- reification [~reificati@cpc76294-cosh16-2-0-cust297.6-1.cable.virginm.net] has joined #tlponies
10:25:03 -!- mode/#tlponies [+v reification] by Q
10:27:42 <DoT|Phone> hey Reif
10:31:51 -!- Rawr|Phone [~AndChat52@m83-185-92-110.cust.tele2.se] has joined #tlponies
11:01:21 <reification> hi dotties 
11:07:01 <DoT|Phone> I'm so tired I've had 3 coffees and am craving more
11:07:09 <DoT|Phone> I may have an addiction
11:10:37 <reification> well caffeine is a drug
11:11:21 <reification> .wiki caffeine
11:12:05 <DoT|Phone> and it's great
12:15:30 -!- Rawr|Fone [~AndChat52@84-217-62-32.customers.ownit.se] has joined #tlponies
12:20:55 <Rawr|Fone> Coffee is bad dot
12:25:27 <DoT|Phone> yes Rawr, but also great
12:26:26 <Rawr|Fone> It's called stockholm syndrome dot
12:41:06 -!- carcinization [~reificati@cpc76294-cosh16-2-0-cust297.6-1.cable.virginm.net] has joined #tlponies
12:41:06 -!- mode/#tlponies [+v carcinization] by Q
12:44:57 -!- reification [~reificati@cpc76294-cosh16-2-0-cust297.6-1.cable.virginm.net] has joined #tlponies
12:44:58 -!- mode/#tlponies [+v reification] by Q
14:04:55 -!- carcinization [~reificati@cpc76294-cosh16-2-0-cust297.6-1.cable.virginm.net] has joined #tlponies
14:04:55 -!- mode/#tlponies [+v carcinization] by Q
14:34:44 <Bio> mornen
14:34:50 <Bio> is nice to have the no work
14:37:55 <DoT|Phone> bio
14:41:30 <Bio> is i
14:42:03 <DoT|Phone> I have a headache
14:42:04 <CockRoach|42> wow
14:42:08 <CockRoach|42> so lazy, bio
14:42:10 <DoT|Phone> why is life
14:43:57 <Bio> the struggle continues
14:44:15 <CockRoach|42> https://derpicdn.net/img/view/2015/3/27/858458__safe_edit_princess+cadance_-colon-%7C_absurd+res_close-dash-up_everything+is+ruined_face_hi+anon_looking+at+you_meme_pok%C3%A9mon_pure+unfilter.png
14:44:22 <CockRoach|42> https://derpicdn.net/img/view/2018/5/1/1721965__safe_artist-colon-greyscaleart_rarity_twilight+sparkle_book_bust_comic_dialogue_duo_eyes+closed_female_glowing+horn_grayscale_kindle_magic_mar.png
14:44:34 <CockRoach|42> https://derpicdn.net/img/view/2013/12/5/489928__safe_edit_applejack_fluttershy_pinkie+pie_rainbow+dash_rarity_twilight+sparkle_oc_oc-colon-anon_anatomy_cropped_equestria+in+anon_heart_horgans.png
14:50:55 <Bio> those are some large links u have
14:51:09 <Bio> but theres a purple, so i'll allow it
14:53:39 <CockRoach|42> thank you kind sir
15:58:49 -!- skram [~skram@82.147.53.97] has joined #tlponies
15:59:48 <DoT|Phone> Skram
16:00:40 <skram> dot
16:01:15 <DoT|Phone> I have a migraine. I'm going home
16:02:13 <skram> aww
16:02:15 <skram> get some caffeine
16:17:08 <Rawr|Fone> 🤔
16:18:24 <skram> henrik lad
16:23:26 <Rawr|Fone> Älskade jonas
16:26:05 -!- DoT|Phone1 [~Dot@14.161.189.80.dyn.plus.net] has joined #tlponies
16:35:38 -!- Dot [~quassel@14.161.189.80.dyn.plus.net] has joined #tlponies
16:35:50 <Dot> skram irl https://i.imgur.com/5mWTYS7.jpg
16:36:16 <skram> hmph!
16:49:12 <Dot> https://www.twitch.tv/taketv
16:49:15 <Dot> MANA
16:54:29 <Dot> that mana
17:09:42 <skram> who are the commentator/panel dudes Dot
17:09:46 <skram> i dont recognize any of em
17:11:59 <Dot> just sorting supper out so missed it
17:12:12 <Dot> you dont know harstem? or lambo?
17:12:20 <Dot> they have been around since before i started watching
17:13:43 <skram> not as a commentator though
17:13:52 <skram> then again its been like 7 years since i watched
17:14:03 <Dot> its HSC skram
17:14:13 <Dot> where players do the casting, remember
17:14:39 <Dot> they have i tihnk 3 actual ycasters there and none are on atm
17:14:48 <skram> ye suppose so
17:15:01 <skram> whos the actual casters/hosts though
17:15:08 <skram> is geoff doing things anymore
17:19:37 <Golly> streaming and selling out to promote the c&c mobile game
17:21:42 <skram> :(
17:21:45 <Dot> geoff, rotti
17:21:51 <Dot> zombiegrub
17:21:52 <skram> wait, mobile?
17:22:44 <Golly> https://www.youtube.com/watch?v=Uz_mcAxtI-M
17:22:46 <skram> did the bring back the old westwood guys for a mobile game?
17:22:56 <skram> or was that a different cnc
17:22:57 <Dot> DONT LOOK SKRAM
17:23:09 <Golly> nah, the remaster is different
17:23:24 <skram> right
17:25:17 <Dot> CR!
17:25:26 <Dot> CockRoach|42 ! https://www.reddit.com/r/DnD/comments/9zp3w7/art_dungeons_and_doggos_77_stay_put/
17:39:51 -!- DuBphon [~androirc@65-130-0-98.slkc.qwest.net] has joined #tlponies
17:41:16 <Dot> db
17:42:32 <skram> he's been turned into a phone too
17:42:32 <skram> rip
17:45:21 -!- DuB|fon [~androirc@65-130-0-98.slkc.qwest.net] has joined #tlponies
17:45:26 <DuB|fon> Uhh
17:45:30 <carcinization> .tellm runbunny zounds, https://twitter.com/oshiridesu/status/1065871346729533440
17:45:38 <DuB|fon> New phon is confus
17:45:52 <skram> did you go outside on the black friday
17:45:56 <DuB|fon> Ya
17:46:08 <skram> see any good fights?
17:46:25 <DuB|fon> Nu
17:46:46 <DuB|fon> We saw a bunch of neighbors I hadn't seen in a long time and had great fun
17:46:56 <skram> ugh
17:46:58 <skram> too wholesome
17:47:06 <DuB|fon> Neighborhood party at the Best Buy! :P
17:48:08 <DuB|fon> And Galaxy s9+ was on deep enough sale that we decided to jump on it
17:48:21 <DuB|fon> My s6 was poopy and like 4 yrs old
17:48:29 <DuB|fon> Battery lasted all of 1hr
17:49:17 <skram> a whole hour of fun in games! back in my day blahblahblah
17:49:52 <skram> I miss the home button on my galaxy
17:49:59 <DuB|fon> Haha
18:20:13 <Golly> https://www.rockpapershotgun.com/2018/11/23/fallout-76-player-begs-bethesda-for-the-sweet-relief-of-death/
18:20:17 <Golly> lul
18:30:46 -!- Micen|Droid_ [~Micen@ip-66-87-153-69.nsvltn.spcsdns.net] has joined #tlponies
18:35:29 <Bio> pones
18:36:10 <Bio> how goes the thing
18:41:02 <Dot> Bio
18:41:11 <skram> B I O
18:41:23 <skram> did you eat the turkey
18:41:48 <Bio> nein
18:41:52 <Bio> only the chicken
18:42:13 <skram> thats basically the same thing
18:43:44 <Bio> p much
18:44:27 -!- Micen|Droid [~Micen@ip-99-203-29-13.pools.spcsdns.net] has joined #tlponies
18:46:31 -!- Micen|Droid__ [~Micen@ip-66-87-153-226.nsvltn.spcsdns.net] has joined #tlponies
18:46:37 -!- DuBphon [~androirc@66.87.178.82] has joined #tlponies
18:46:38 <carcinization> bio pls do things properly D:
18:47:03 <Bio> i try
18:47:12 <Bio> didn't get to go home this yr.
18:47:26 <Bio> old car is shit and probably couldn't make it home
18:47:36 <Bio> new car isn't bought yet and doesn't have insurance
18:47:42 <Bio> flights are xpensive
18:47:59 <Bio> such is my curse
18:48:09 <skram> theres always next year bud
18:48:11 <Bio> oh wells, i'll have a good long xmas vaca
18:48:18 <skram> what car did you get
18:48:32 <Bio> 2018 impala premier
18:48:49 <skram> they still make impalas???
18:48:50 <skram> shit dude
18:48:53 <Bio> yessir
18:48:59 <Bio> they have a 2019 too
18:49:11 <Dot> Future car???
18:49:18 <Bio> the futurest
18:49:27 <Bio> i can't afford the future car tho
18:49:45 <skram> what specs did you get
18:50:19 <Bio> p much all the standard ones
18:50:36 <skram> i need the deets bio
18:50:53 <Bio> 3.6L V6 engine
18:51:08 <Bio> FWD
18:51:09 <skram> sweeeet
18:51:26 <Bio> got dat leather seating standard boi
18:52:11 <Bio> got the infotainment shit, 6 speed automatic transmission (RIP Manual)
18:52:54 <skram> how many horses does it contain
18:53:00 <Bio> 306
18:53:07 <Bio> all the horses i could ever desire
18:53:42 <skram> daaang
18:53:55 <skram> thats SO MANY MORE HORSES than i got
19:00:13 -!- Micen|Droid [~Micen@ip-66-87-152-177.nsvltn.spcsdns.net] has joined #tlponies
19:11:39 <Bio> its a v nice car
19:18:21 -!- Camail [~Camail@45.40.84.145] has joined #tlponies
19:18:21 -!- mode/#tlponies [+v Camail] by Q
19:27:20 -!- DuBphon [~androirc@66.87.178.82] has joined #tlponies
19:34:20 -!- DuB|fon [~androirc@66.87.178.82] has joined #tlponies
19:34:51 -!- DuBphon [~androirc@66.87.178.82] has joined #tlponies
19:39:29 <reification> bio will be able to travel in style
19:51:45 -!- tredc [~tredc@c83-251-162-37.bredband.comhem.se] has joined #tlponies
20:29:12 -!- DuB|fon [~androirc@65-130-0-98.slkc.qwest.net] has joined #tlponies
20:32:14 <Bio> nerd fone
20:34:57 <Dot> dub is dying
20:35:00 <Dot> BIO
20:35:07 <Dot> DnD so soon!
20:38:00 <Bio> yarp
20:45:58 <DuB|fon> Not sure when I'll be back
20:46:49 <DuB|fon> Thought we were going back tonight but I guess not
20:46:56 <Bio> RIP
20:47:16 <Bio> everyone thank dub
20:47:24 <Bio> dnd CaNcElLeD
20:47:33 <Bio>  ./s
20:58:15 <CockRoach|42> DoT|Phone1: <3
21:06:49 -!- DoT|Phone [~Dot@85.255.237.90] has joined #tlponies
21:08:06 -!- Micen|Droid [~Micen@ip-66-87-153-207.nsvltn.spcsdns.net] has joined #tlponies
21:09:33 <DoT|Phone> rip dnd dreams
21:14:20 -!- Crisium [~Crisium@c-73-174-151-51.hsd1.pa.comcast.net] has joined #tlponies
21:21:00 -!- Micen|Droid_ [~Micen@ip-66-87-153-20.nsvltn.spcsdns.net] has joined #tlponies
21:22:45 <reification> https://twitter.com/VesselOfSpirit/status/1065845238709673984
21:23:46 -!- DuBphon [~androirc@66.87.179.184] has joined #tlponies
21:34:30 -!- Micen|Droid [~Micen@ip-66-87-153-20.nsvltn.spcsdns.net] has joined #tlponies
21:36:44 -!- DoT|Phone [~Dot@85.255.237.90] has joined #tlponies
21:38:11 -!- Micen|Droid__ [~Micen@ip-66-87-152-243.nsvltn.spcsdns.net] has joined #tlponies
21:40:18 -!- DoT|Phone [~Dot@85.255.237.90] has joined #tlponies
21:40:37 <Bio> neigh
21:46:23 -!- Micen|Droid [~Micen@ip-66-87-152-183.nsvltn.spcsdns.net] has joined #tlponies
21:52:11 -!- DuBphon [~androirc@66.87.179.184] has left #tlponies
21:52:33 -!- DuBphon [~androirc@66.87.179.184] has joined #tlponies
21:56:28 -!- Micen|Droid_ [~Micen@ip-66-87-153-94.nsvltn.spcsdns.net] has joined #tlponies
22:00:54 -!- Micen|Droid [~Micen@ip-66-87-152-183.nsvltn.spcsdns.net] has joined #tlponies
22:06:01 <Camail> bio skram bang bang?
22:06:14 -!- Micen|Droid_ [~Micen@ip-99-203-14-179.pools.cgn.spcsdns.net] has joined #tlponies
22:10:04 -!- Micen|Droid [~Micen@ip-99-203-15-91.pools.cgn.spcsdns.net] has joined #tlponies
22:11:11 <skram> im going to bed soon i think cam
22:11:25 <Camail> zzz
22:11:27 <Camail> thats you
22:11:30 <Camail> thats what you sound like
22:14:31 <skram> sound more like a jet fighter taking off honestly
22:15:08 <Camail> zZZzzZZzZzZ
22:15:15 <Camail> ur a bee
22:15:19 <skram> perfect
22:18:30 <Crisium> ur a skram
22:22:05 <Camail> man, every time sts does sealed for the dailies its so fun
22:22:08 <skram> it could be worse
22:22:14 <Camail> i'd play so much more if they did sealed all the time
22:22:22 <Camail> skram have you tried being dub instead
22:22:48 <Camail> its a really really fun run 
22:23:09 <Camail> reification  if you havent done it, still has 1.5 hours left on the timer
22:23:09 <skram> i dont know what that is
22:23:40 <Camail> sealed is when you choose a sub set of cards from a single pile of cards
22:27:59 <reification> will try it cam
22:35:03 -!- DoT|Phone [~Dot@90.211.162.216] has joined #tlponies
22:41:23 <Camail> the one thing i never knew about hex boi is that his first attack is dependent on your hp
22:41:28 -!- Dot [~quassel@90.211.162.216] has joined #tlponies
22:42:04 <Camail> i couldnt get a perfect on him because i went in on full health, but if you take damage beforehand you can really easily block the initial attack
22:46:45 -!- Rawr|Fone [~AndChat52@84-217-62-32.customers.ownit.se] has joined #tlponies
22:51:49 <reification> oh interesting, hadn't realised that
22:55:14 <Camail> yea at full health he does 8x5 and i couldnt block that on turn 2, but if you go in with like 20 health he does like 5 damage
23:31:18 <DuBphon> Looking at asking for a hard mousepad for Christmas
23:31:47 <DuBphon> Played around with one a little and seems nice
23:39:55 <Camail> i hand one for a long time, they killed my mice over time
