00:22:38 <Cane> I really like DaHanG, but I feel like rapha is still a stronger player. His callouts are just nuts and he's so confidently aggressive.
00:29:35 <Camail> dahang has the better tourny record atm, but i think rapha has the best gamesense in quake so it's easy for him
00:30:07 <Camail> the calls aren't really substantive, mostly just timing reminders
00:33:50 <Camail> ranger looks fun to play
00:39:08 <Cane> Champions that look fun to play: Slash, Ranger, Nyx. Champions I can play: Clutch.
00:39:10 <Cane> Not the best overlap.
00:46:08 <Camail> everyone can play clutch
00:46:19 <Camail> shield up then have a nice cup of tea
00:46:30 <Camail> then remember you're playing quake and aim at them
00:47:11 <Camail> galena is really fun
00:47:20 <Camail> i've played pretty much only her
00:47:36 <Cane> Oh yeah? I should try her more. If we were gonna do 2v2 stuff at some point I was thinking one of us should Galena just for the ez mode heal.
00:47:55 <Camail> i think she's map dependent, she needs places to hide the totem
00:48:11 <Camail> the map they're playing right now is good for her
00:49:22 <Cane> What's the Skaal drone dude's name again? I kinda like him.
00:49:59 <Camail> i cant recall, he is fun tho. kinda squishy but the drone is nuts
00:50:30 <Camail> you have to be confidant in your map control to use him tho, it's like if junkrat actually took brains
00:54:59 <Cane> God damn, Nyx looks so good. That ghostwalk is great.
00:55:16 <Cane> And she has a wall jump so she can reach shit better.
00:55:40 <Cane> As far as movement abilities go, phasing through enemies and projectiles is a pretty good one.
00:56:14 <Bio> pani
01:00:41 <Camail> her only issue is she's basically already dead, even when she's stacked it's not great
01:01:51 <Camail> i dont like having 50 armor
01:04:31 <Camail> man, i use twitch clips 99% of the time to rewatch something i misheard
01:06:52 <Camail> https://clips.twitch.tv/InspiringCrypticLatteKeyboardCat comments on The Play
01:07:13 <Camail> hmmm, apparently i didnt write anything for clips
01:07:29 <Camail> oh right i did vods, but clips didnt exist
01:07:36 <Camail> i should add that
01:08:13 <Camail> keel is so strong for extended fights
01:13:26 <Cane> Omg such a hipster.
01:21:05 -!- DuB` [DuB@c-73-170-224-203.hsd1.ca.comcast.net] has joined #tlponies
01:25:31 <Cane> Second game in a row where they've had trouble.
01:25:59 <Camail> those are the games yenom got the ringer
01:26:13 <Camail> maybe its a playstyle change
01:26:48 <Camail> this one is closer than the last
01:28:30 <Camail> nvm...
01:41:48 <Camail> dub pls
01:46:25 <DuB`> wha
01:49:16 <Camail> probably not even gonna watch cr tonight
01:49:20 <Camail> just cuz you "cant"
01:49:25 <Camail> and dont have "stable internet"
01:49:36 <Camail> pathetic, really
01:49:48 <DuB`> I mean I don't disagree
02:05:54 <Micen> This is the best sam bit. 
02:16:38 <Camail> welp they're gone forever
02:26:37 <Camail> woooo
03:20:37 -!- Dot [~quassel@94.3.131.220] has joined #tlponies
03:21:42 <Bio> dot
03:21:44 <Bio> henlo
03:37:42 <Camail> jesus SAM
05:59:43 <Camail> fun episode
05:59:45 <Camail> i miss jester
06:01:04 <Camail> here. we. go.
06:16:38 <Camail> percy with the flanking
06:42:34 <Micen> WHAT!
06:44:35 <Camail> lol
06:45:06 <Camail> campaign 3? cant wait
06:45:48 <Micen> Molly has the necklace
06:45:55 <Micen> that if he drops he comes back. 
06:47:45 <DuB`> zzz
06:56:47 <Camail> first real death of CR
06:57:08 <Camail> vax totally doesnt count
06:58:13 <Camail> ugh can you imagine the kind of people online who are gonna actually complain about the stuff they did
07:04:28 <Micen> yeah, its going to be rough, i do not envy the cast over the next few days. 
07:04:42 <Micen> I may actually have to tune in for Talks this week though. 
07:41:51 <Dot> Mornign all
07:51:32 -!- Golly [~Golly@1.92-221-121.customer.lyse.net] has joined #tlponies
08:04:10 <Dot> .tell rawr|fone https://imgur.com/gallery/8GNC8RH
08:57:07 -!- Dot` [~quassel@94.3.131.220] has joined #tlponies
09:44:58 -!- reification [~reificati@cpc76294-cosh16-2-0-cust297.6-1.cable.virginm.net] has joined #tlponies
09:44:58 -!- mode/#tlponies [+v reification] by Q
09:45:05 <reification> morning all
09:45:20 <reification> just found a stray 5 euro note in a book :D
09:45:37 <Dot`> \o/
09:45:42 <Dot`> hey reef
09:46:55 <reification> hi dotties
10:07:13 <Dot`> CockRoach https://imgur.com/gallery/c4C42Dc
10:26:38 -!- Rawr|Fone [~AndChat52@m83-185-93-117.cust.tele2.se] has joined #tlponies
10:33:20 <CockRoach|42> hors hors!
10:37:49 <Dot`> cr hors!
10:37:54 <Dot`> Rawr Rawr Rawr
10:37:55 <Dot`> <3
10:38:06 <Rawr|Fone> Dot Dot Dot
10:38:08 <Rawr|Fone> <3
10:43:55 <reification> .tell runbunny https://twitter.com/hamukukka/status/1017460116461793280
10:51:31 -!- Golly [~Golly@1.92-221-121.customer.lyse.net] has joined #tlponies
10:57:19 -!- Rawr|Phone [~AndChat52@84-217-62-32.customers.ownit.se] has joined #tlponies
11:45:27 <Dot`> .when
11:45:47 <Micen> i am so far behind
11:47:34 <Micen> 7 episodes unseen
11:48:12 <Micen> thats over half, i just realized. 
12:14:56 <Dot`> no passion
12:16:57 <Micen> there is a little left
12:17:18 <Micen> i got excited when I saw Build-a-bear now has best pony
12:19:02 <Micen> https://www.buildabear.com/my-little-pony-sunset-shimmer-furry-friend/025813.html
12:28:09 <Dot`> micen probably doesnt even know sc2 is on
12:28:10 <Dot`> https://www.twitch.tv/starcraft
12:28:29 <Micen> my attention is so split already
12:29:38 <Micen> i am watching live sport, a synctube thing with my brother and his Australian, and doing wow stuff before big patch 
12:32:47 -!- Zounds [webchat@cloak-wmbqgxv5.14-2.cable.virginm.net] has joined #tlponies
12:32:53 <Dot`> Zoonds!
12:33:19 <Micen> Hey zounds, we need to stack ow soon, its been awhile
12:33:35 <Zounds> hullo
12:33:41 <Zounds> yeah it has
12:34:56 <Zounds> is hamster ball guy out yet? we can prob get a stack going this weekend if he is
12:35:40 <Micen> looking
12:35:54 <Micen> no he isnt
12:37:09 <Zounds> aw
12:38:09 <Micen> and i doubt he is going to be out next week since wow has its big patch and blizz doesn't like to overlap big content updates 
13:04:49 <Bio> fell asleep during the last fight
13:04:53 <Bio> gmorn
13:05:00 <Dot`> BIO
13:05:01 <Dot`> Hedge
13:05:09 <Bio> had the twitch on, and it came back in right where I left off
13:07:36 <Dot`> DnD tomorow Bio!
13:11:30 <Bio> yarp
13:17:20 <Dot`> Snute pls
13:21:52 <Dot`> gg
14:24:28 -!- skrm [webchat@pioj.eid3.887x.ip] has joined #tlponies
14:24:34 <skrm> l a d s
14:24:40 <Bio> BOI
14:26:36 <skrm> oib
14:27:47 <Dot`> Jonas
14:30:54 <skrm> Bjørn
14:32:48 <Dot`> hello
14:32:53 <skrm> Did you check your letterbox today
14:35:23 <Bio> https://i.redd.it/786ot32fop911.png
14:35:26 <Bio> me next week
14:35:51 <Bio> also fug i have to get my glowy bear
14:36:53 <Dot`> yes skram and there was nothing
14:42:18 <Dot`> how are you today skram
14:43:23 <skrm> Well theres always tomorrow!
14:43:35 <skrm> Im alright dot, bit stressed tho
14:43:37 <skrm> hows you
14:49:42 <Dot`> why D:
14:49:47 <Dot`> i myself am tired
14:53:18 <Dot`> lol neeb
14:53:35 <Dot`> gg
14:54:02 <skrm> lots of stuff going on
14:54:30 <Dot`> but are you not on holiday next week?
14:57:41 -!- Golly [~Golly@1.92-221-121.customer.lyse.net] has joined #tlponies
15:00:13 <skrm> yea
15:00:29 <Dot`> Bio. how much dnd you got planned for next week?
15:00:57 <Bio> somewhere between all of the adventure and none of it
15:02:58 <Dot`> great
15:03:11 <Dot`> i can play monday, tuesday, wednesday
15:03:16 <Dot`> and the other days of the week
15:04:12 <Dot`> Bio https://i.imgur.com/G6NvdiP.jpg
15:05:44 <Bio> lol just linked the wow version of that maymay
15:06:35 <Dot`> yea, reminded me i saw a list of them on imgur ealier
15:06:50 <Dot`> so i went bacck to get that one for you
15:10:18 <Dot`> CockRoach!
15:10:20 <Dot`> DOGGO TIME
15:10:22 <Dot`> https://www.reddit.com/r/DnD/comments/8ykms1/art_dungeons_and_doggos_58_the_innkeeper/
15:14:34 <Dot`> Bio https://www.deviantart.com/amarynceus/art/Daily-Doodle-620-754271778
15:51:40 <Bio> cute best horse
15:51:55 <Dot`> .tell dub` https://xkcd.com/2019/
16:14:05 <skrm> i wanna go home Dot` 
16:14:12 <Dot`> aww :(
16:14:28 <Dot`> are they being mean to you at work skram and causing you stress?
16:15:41 <skrm> nah im just tired
16:18:06 <Dot`> how long till you go home?
16:19:48 <skrm> 40 minutes now!
16:20:51 <Dot`> \o/
16:32:22 <Dot`> skram https://imgur.com/gallery/8WyyH6f
16:33:14 <Dot`> i have updated me OneNote doc for BioDnD, it was a few sessions behind
16:38:55 <skrm> i dont think i have access to that
16:39:22 <Dot`> nope, its my notes
16:39:29 <Dot`> and im really bad at keeping them up to date
16:39:42 <Dot`> i only just wrote last weeks session notes
16:39:50 <Dot`> luckly nothing really happned
17:24:19 -!- Camail [~Camail@45.40.84.145] has joined #tlponies
17:24:19 -!- mode/#tlponies [+v Camail] by Q
17:32:46 -!- carcinisation [webchat@cloak-31qdxqjw.6-1.cable.virginm.net] has joined #tlponies
17:34:51 -!- DoT|Phone [~Dot@94.3.131.220] has joined #tlponies
17:41:08 -!- skram [~skram@82.147.53.41] has joined #tlponies
17:43:31 <skram> boys
17:45:26 <carcinisation> skram
17:48:18 <skram> hallo reif
17:55:01 <carcinisation> hello skram, how's you?
17:56:02 <skram> ah im alright, busy day though
17:56:08 <skram> how's your ow career going
17:56:42 <carcinisation> was in london yesterday so no scrim
17:57:38 <carcinisation> we appear to be organising actual written plans for each map now so that could be good
17:58:01 <skram> very professional
18:06:17 -!- Zounds [webchat@cloak-07ouvien.14-2.cable.virginm.net] has joined #tlponies
18:09:31 <Zounds> i've played so much dark souls recently
18:09:38 <Zounds> too bad my scholar of the first sin is on ps4 :(
18:23:05 -!- Golly [~Golly@1.92-221-121.customer.lyse.net] has joined #tlponies
18:24:10 -!- Rawr|Fone [~AndChat52@84-217-62-32.customers.ownit.se] has joined #tlponies
18:31:27 -!- Luna [~Cane@CaneCraft.users.quakenet.org] has joined #tlponies
18:31:27 -!- mode/#tlponies [+o Luna] by Q
18:34:37 <Dot`> skram
18:34:44 <skram> yeah?
18:34:50 <Dot`> how you doing now?
18:37:17 <skram> well enough dot
18:37:24 <skram> p sleepy tho
18:42:17 <Dot`> Hey cane <3
18:42:28 <Dot`> well reif, no more sun for england, its all rain now
18:43:24 <skram> wish i had some rain
18:43:57 <Dot`> skram, if you posted yourself instead of a letter, you could have had rain
18:44:11 <Dot`> well actually you would still be in the royal mail system atm
18:44:17 <Dot`> but close to rain
18:44:42 <skram> i dont think your letterbox is big enough for a whole skram
18:45:27 <Dot`> well not with that attitude
18:55:00 <Camail> pls
18:55:09 <Camail> we already tried sending runbunny through the mail
18:55:16 <Camail> and that wasn't worth it
18:59:31 <Dot`> isnt there a extra tax on danish though?
19:00:01 <skram> theres a ban on danish people in the post
19:00:06 <skram> they all tried to escape
19:02:55 <Dot`> is dnd in 23 or 24 hours?
19:13:57 -!- tredc [~AdiIRC@83.251.163.99] has joined #tlponies
19:14:46 <skram> dunno
19:53:18 <Camail> despite amazon being kind of a terrible company for warehouse workers, it's nice getting things 12 hours after you order them
20:50:49 -!- Crisium [~Crisium@c-24-3-158-64.hsd1.pa.comcast.net] has joined #tlponies
20:52:37 <Dot`> hey Crisium
20:52:47 <Crisium> hey bey
21:10:21 <Bio> poen
21:13:02 <carcinisation> peon
21:15:31 <Camail> games, anyone?
21:17:45 <Zounds> Anyone here play For Honor?
21:17:55 <Zounds> That game seems to be making a bit of a resurge recently
21:18:11 <Zounds> Ubisoft repeating a R6 Seige hopefully :P
21:21:43 <Camail> eh, 3d fighting games aren't my thing
21:26:29 <Cane> I can now succesfully run around a Quake arena as something other than Clutch. On the other hand, when I play Clutch I crash into walls.
21:26:30 <Cane> Progress?
21:35:10 <Camail> sounds right
21:35:35 -!- tredc [~AdiIRC@c83-251-163-99.bredband.comhem.se] has joined #tlponies
21:44:27 <Camail> finding matches takes a million years tho
21:56:19 <Camail> then getting a match 3v4...sigh
22:28:18 <Camail> https://www.twitch.tv/eleaguetv
22:40:43 <Camail> man i wish punk won evo
22:45:28 <Cane> Camail linked me a commercial break. I'm so thankful.
22:46:01 <Camail> that's what happens when you do tv stuff
22:47:44 <Camail> oh jesus its problem x vs batman
22:47:50 <Cane> How's Problem X been in SFV?
22:48:03 <Cane> I liked him in 4 but he wasn't really competitive. He was getting there when it died.
22:48:25 <Camail> he hits top 8s, won an NA tourny earlier this year, cant recall which
22:48:50 <Cane> Good to hear he's getting really solid.
22:55:02 <Cane> Who's the really good Urien player again?
22:56:24 <Cane> Daigo's still prty gud.
22:57:17 <Camail> nemo
22:57:26 <Camail> dogura's also pretty good
22:58:20 <Cane> That's right, Nemo's doing Urien things.
23:13:01 <Cane> "Yolochi"
23:13:03 <Cane> Fuck you Zhi.
23:21:13 <Dot`> cane, Dorf fort https://i.redd.it/41kzhn5was911.jpg
23:26:52 <reification> night all
23:26:57 <Dot`> gnight reif
23:27:07 -!- tredc [~AdiIRC@c83-251-163-99.bredband.comhem.se] has joined #tlponies
23:37:24 <Camail> holy shit
23:37:29 <Camail> smug actually beat him
23:37:46 <Camail> damn, fujimura is like top 2 players right now
23:45:11 <Camail> rimworld seems fun, but its simultaneously too much to learn all at once, and also absolutely nothing to do because your goals are self determined
23:45:17 <Camail> i dont think the dorf genre is for me
23:45:41 -!- tredc [~AdiIRC@c83-251-163-99.bredband.comhem.se] has joined #tlponies
23:47:25 <Dot`> dorf fort use to be a lot harder to just not lose
23:47:34 <Dot`> so many things could go wrong, normaly tantrum spirals
23:48:27 <Dot`> but yea, if you dont want to read a wiki for 6 hours probably not fun for you
23:49:55 <Camail> all i need is a story
23:50:04 <Dot`> i have to be in a very particular mood for dorf fort as its depth is unriviled but it can be a slog to learn
23:53:27 <Dot`> Rimworkd is like a basic dorf fort thats actually playable without hours of reading
23:53:31 <Dot`> AND has graphics
23:53:34 <Dot`> very fancy
