00:22:56 <reification> night all
00:27:42 <Crisium> gn
00:30:50 <Bio> poni?
00:31:42 <Crisium> ni
00:45:52 <Dot> gnight reif
00:55:11 <Dot> .tell Phearlock https://imgur.com/gallery/oClb1
00:58:07 <Phearlock> Seen this.
00:58:29 <Phearlock> Cute dragon <3
01:29:11 <Bio> tfw you will never have a cute baby dragon frind
01:31:10 <Phearlock> I know =(
01:31:22 <Phearlock> Give that dragon all the luvs and cuddles
01:57:47 <Bio> T_T
04:26:39 -!- skram [~skram@95.169.45.169] has joined #tlponies
05:19:33 -!- Rawr|Phone [~AndChat52@m83-185-94-103.cust.tele2.se] has joined #tlponies
05:45:23 -!- Golly [~Golly@1.92-221-121.customer.lyse.net] has joined #tlponies
06:43:42 -!- Dot` [~quassel@2.218.218.147] has joined #tlponies
07:27:11 -!- Bio [~BioPon@108-72-8-181.lightspeed.stlsmo.sbcglobal.net] has joined #tlponies
08:06:00 <Dot`> morning all
08:13:02 -!- tredc [~AdiIRC@c83-251-161-94.bredband.comhem.se] has joined #tlponies
08:21:32 <Dot`> Rawr rawr awr
08:21:33 <Dot`> rawr
08:31:11 <CockRoach|42> morning
08:31:19 <Dot`> cr!
08:31:22 <Dot`> no rawr
08:31:28 -!- tredc [~AdiIRC@c83-251-161-94.bredband.comhem.se] has joined #tlponies
08:34:01 <CockRoach|42> he's probably lazy
08:34:33 <Dot`> too much ping pong
08:40:49 -!- Phearlock [~Phearlock@cm-84.215.114.79.getinternet.no] has joined #tlponies
08:40:49 -!- mode/#tlponies [+v Phearlock] by Q
08:41:32 <Dot`> Phear hest <3
08:42:11 <Rawr|Phone> Dot dot dot
08:42:17 <Rawr|Phone> I was in a meeting
08:44:29 <Dot`> <3
08:44:35 <Dot`> Corprate horse!
08:46:31 <Rawr|Phone> <3
08:46:48 <Rawr|Phone> Just planning for the coming two weeks
08:57:28 -!- Rawr|Fone [~AndChat52@89.255.242.40] has joined #tlponies
09:15:10 -!- BioSC [~BioPon@108.72.8.181] has joined #tlponies
09:15:15 <Dot`> BIO?
10:23:05 -!- Dot [~quassel@2.218.218.147] has joined #tlponies
10:23:17 -!- tredc [~AdiIRC@c83-251-161-94.bredband.comhem.se] has joined #tlponies
11:07:39 -!- Rawr|Phone [~AndChat52@m83-185-81-174.cust.tele2.se] has joined #tlponies
11:09:23 -!- Rawr|Pone [~AndChat52@89.255.242.40] has joined #tlponies
11:10:13 <Micen|Droid_> Blah. Morning tlp
11:36:35 -!- Dot` [~quassel@2.218.218.147] has joined #tlponies
11:54:54 -!- Dot [~quassel@2.218.218.147] has joined #tlponies
11:55:00 -!- Bio [~BioPon@108-72-8-181.lightspeed.stlsmo.sbcglobal.net] has joined #tlponies
12:12:36 -!- Runbunny [~Runbunny@91.100.28.10.generic-hostname.arrownet.dk] has joined #tlponies
12:22:03 -!- DoT|Phone [~Dot@79.77.172.39] has joined #tlponies
12:22:20 -!- tredc [~AdiIRC@83.251.161.94] has joined #tlponies
12:22:43 <DoT|Phone> pons
12:24:54 -!- Cane [~Cane@CaneCraft.users.quakenet.org] has joined #tlponies
12:24:54 -!- mode/#tlponies [+o Cane] by Q
12:25:01 <DoT|Phone> cane!
12:26:08 -!- CockRoach|42 [~CR@CockRoach|42.users.quakenet.org] has joined #tlponies
12:26:08 -!- mode/#tlponies [+v CockRoach|42] by Q
12:34:40 -!- Bio [~BioPon@108-72-8-181.lightspeed.stlsmo.sbcglobal.net] has joined #tlponies
12:35:51 <DoT|Phone> bio
12:36:37 <DoT|Phone> Rawr
12:36:44 <DoT|Phone> please
12:36:53 <Rawr|Pone> Dot
12:37:00 <DoT|Phone> ty
12:37:05 <DoT|Phone> <3
12:37:08 <Rawr|Pone> 🐴
12:37:11 <Rawr|Pone> 💖💖💖
12:37:15 <DoT|Phone> how's your work Rawr
12:38:09 <Rawr|Pone> Pretty goooood
12:38:16 <Rawr|Pone> How is yours
12:38:50 <DoT|Phone> mines ok. apparently on Saturday I insulted someone and they complained
12:39:17 <DoT|Phone> I've been asked to joke less with customers
12:39:23 <Rawr|Pone> Did you tell them they were being silly
12:39:48 <DoT|Phone> I save that for you
12:40:19 -!- BioSC [~BioPon@108-72-8-181.lightspeed.stlsmo.sbcglobal.net] has joined #tlponies
12:40:46 <DoT|Phone> English ppl are very silly though.
12:40:52 -!- tredc [~AdiIRC@c83-251-161-94.bredband.comhem.se] has joined #tlponies
12:46:01 <BioSC> v silly
12:46:50 <DoT|Phone> bio!
12:47:03 <BioSC> henlo!
12:47:09 <DoT|Phone> maybe we finish lmop this weekend
12:47:14 <Bio> woop
12:47:15 -!- tredc [~AdiIRC@83.251.161.94] has joined #tlponies
12:47:30 <DoT|Phone> the bio campaign!
12:47:35 <DoT|Phone> then
12:47:59 <Bio> woop
12:50:42 <DoT|Phone> back to work
12:51:11 <Bio> gl horse, godspeed
13:04:46 -!- Dot` [~quassel@2.218.218.147] has joined #tlponies
13:05:46 -!- skram [~skram@95.169.45.169] has joined #tlponies
13:05:57 <skram> asdf
13:06:23 <Bio> right back at ya big guy
13:07:01 <Bio> My A E S T H E T I C this morning is D2 Tristram theme
13:07:09 <Bio> just need me some covfefe
13:07:14 <skram> oh heck yeah
13:07:36 <skram> I've been at the FORKLIFT DRIVING SCHOOL all day
13:08:00 <skram> its very boring and i didnt even get to lift any forks
13:08:05 <Bio> oh noes!
13:08:23 <Bio> how come there is a liftfork skol with no fork lifts?
13:09:10 <skram> Well we spent the entire 1st day on like rules and stuff
13:09:44 <skram> tomorrow is all HOW IS MADE and probably without the excellent puns too
13:10:03 <Bio> the werst
13:10:23 <skram> life is hard
13:10:33 <skram> and then you get squished in a freak forklift accident probably
13:13:12 <Bio> life is cheap, much like dnd
13:54:40 -!- Zounds [webchat@cpc108453-cowc8-2-0-cust8.14-2.cable.virginm.net] has joined #tlponies
13:54:49 <Zounds> hi
13:54:59 <Bio> hullo horseman
13:55:15 -!- reification [~reificati@81.104.233.42] has joined #tlponies
13:55:15 -!- mode/#tlponies [+v reification] by Q
13:55:34 <reification> hey tlpons
13:55:42 <Zounds> hio bio
13:55:45 <Zounds> and reifer madness
13:56:57 <reification> finance fun today… i had a non-qualifying investment in my ISA :/
13:57:28 -!- tredc [~AdiIRC@c83-251-161-94.bredband.comhem.se] has joined #tlponies
14:02:48 <skram> I dont know what that means, reif
14:03:10 <CockRoach|42> he's doing drugs!
14:03:11 <reification> ISA = tax free investment/savings account
14:03:50 <skram> Why didnt your investment qualify? Did you fail the drug test?
14:04:44 <reification> it was a warrant which are considered too speculative :(
14:17:11 <skram> .tell dub` https://www.youtube.com/watch?v=CqaAs_3azSs
14:25:35 -!- Dot [~quassel@2.218.218.147] has joined #tlponies
14:32:44 <Zounds> skram buddy
14:32:53 <Zounds> how has your day been so far?
14:33:44 <skram> It was boring and made me sleepy
14:33:51 <skram> what you been up to mr zounds
14:34:47 <Zounds> putting circles on a map mostly
14:35:13 -!- Bio [~BioPon@108-72-8-181.lightspeed.stlsmo.sbcglobal.net] has joined #tlponies
14:35:32 <skram> whats up with that
14:35:36 <Zounds> I didn't even get much input on where the circles where going
14:35:42 <skram> are you planning something again
14:35:44 <Zounds> I just got told where to put them
14:35:50 <skram> very suspicious
14:35:56 <Zounds> Naw I was mapping a deployment
14:42:33 <Zounds> Do you want to do more of the comp OW this evening skram?
14:42:59 <skram> sure sure
14:43:20 <skram> gonna go watch a hockey game first though
14:43:25 <Zounds> Hopefully we can get cris and dub too
14:44:07 <Zounds> I have my doubts about jakey boy though since he's sitting pretty in masters
14:44:19 <Zounds> Only when he's about to decay will he deign to play with us peasants
14:49:02 <skram> ya i guess he got what he wanted so he wont bother no more
14:49:14 <skram> which is sorta shitty i guess
14:52:48 <Zounds> Nah I wouldn't wanna force him to play if he didn't want to
14:53:24 <Zounds> Comp can be a bit draining compared to QP so if you're not in the mood for it there's no point
14:55:27 <Zounds> I'll soon be a "dps main" by playtime in comp
14:56:01 <skram> heck yeah
14:56:04 <skram> we need one of those
14:56:21 <Zounds> Yeah
14:56:44 <Zounds> Means I can insta lock dps every game no matter what
14:56:49 <Zounds> And screech at anyone who questions me
14:57:42 <skram> yup
14:58:01 <reification> i don’t think there are any skill or playtime restrictions on doing that :p
14:58:02 -!- tredc [~AdiIRC@c83-251-161-94.bredband.comhem.se] has joined #tlponies
14:58:51 <Zounds> It's for the best anyway
14:59:05 <Zounds> I'm a decent Orisa and my Winston is kinda suicidal but okay
14:59:09 <Zounds> And I play a decent Zen
14:59:43 <Bio> po
14:59:44 <Bio> ny
14:59:51 <Zounds> But my offtanks / rein and most of my healers suck
15:00:04 <Zounds> I can play Moira decently but so can anyone
15:00:27 <Zounds> Ana is alright but she dies way too easy atm
15:01:28 <Zounds> My gengu is in the workshop and will be ready for comp soon I think
15:04:16 <Zounds> How would you describe the ponies bio
15:04:54 <Zounds> skinny?
15:09:20 <Bio> marshmallow
15:09:24 <Bio> fluf
15:16:35 <Runbunny> When is the overwatch event thing?
15:16:41 <Bio> tom
15:16:42 <Runbunny> Like with new skins and some such?
15:16:46 <Runbunny> Really?
15:16:47 <Bio> yeh
15:16:55 <Runbunny> I'll play some tomorrow then.
15:17:10 <Bio> I need to get my weekly argus kill tonite
15:17:23 <Bio> dum vacation interrupting my sad solo wow ness
15:21:21 -!- Rawr|Fone [~AndChat52@m83-185-81-185.cust.tele2.se] has joined #tlponies
16:18:07 <Dot> i home
16:21:22 <Dot> what, Chris perkins didnt do the pax east dnd?
16:21:23 <Dot> silly
16:23:48 <Micen> hello
16:47:24 <Zounds> hi micen
16:57:22 <Micen> How are you today Zounds?
17:07:19 <Runbunny> Dot, https://i.imgur.com/Quyv8u8.mp4
17:11:08 <Dot> bun!
17:15:16 -!- DuB` [~DuB@66-219-235-64.dynamic.ip.veracitynetworks.com] has joined #tlponies
17:15:18 <DuB`> GMORN
17:15:39 <Micen> gmorn dub
17:16:37 <DuB`> skram
17:17:01 <DuB`> Hiyo micenfrend
17:17:20 <Zounds> not bad micen
17:18:13 <DuB`> skram, my irl friends came over one night and said "you gotta see this music video" and put this one on, and I was like PFFF YOU THINK I DON'T KNOW LORN'S EVERYTHING ALREADY?
17:18:17 <DuB`> :P
17:18:42 <Dot> Dub!
17:18:44 <Dot> <3
17:18:49 <DuB`> Dot!
17:18:50 <DuB`> <3
17:34:27 <Dot> hows you dub
17:35:46 <DuB`> Gooood
17:35:51 <DuB`> Maybe kinda busy week :T
17:39:59 <Zounds> no fun allowed
17:41:33 <Dot> rip fun
17:49:36 -!- carcinisation [webchat@cpc76294-cosh16-2-0-cust297.6-1.cable.virginm.net] has joined #tlponies
18:01:16 <Bio> horsey poney
18:01:41 <Bio> time for launch
18:01:45 <Bio> leftovers go
18:02:13 <DuB`> We are go for launch
18:13:09 <Bio> dubbles
18:13:23 <Bio> lets do a sctoo coop
18:14:36 <Runbunny> What is getting launched?
18:15:00 <Bio> food
18:15:04 <Bio> into MUH BELLEH
18:15:20 <DuB`> Gotta werk
18:15:28 <Bio> dub pls
18:17:01 -!- DoT|Phone [~Dot@2.218.218.147] has joined #tlponies
18:17:18 <Bio> Pls, Dub
18:17:29 <DoT|Phone> dub please
18:17:35 <DuB`> ??
18:20:03 <DuB`> I have another free garlic bread coupon.
18:20:21 <Bio> eat it
18:20:21 <DuB`> But I know if I go use it I'm gonna end up getting pizza anyway.
18:20:26 <DuB`> And then another coupon D:
18:20:31 <Bio> eat the coupon
18:20:33 <Bio> cycle broken
18:20:37 <DuB`> Oh that would work
18:20:59 <Bio> of course it'll work
18:22:12 <DuB`> But then no warm deliciousness :T\
18:22:30 -!- tredc [~AdiIRC@c83-251-161-94.bredband.comhem.se] has joined #tlponies
18:23:33 <Bio> the struggle is yours
18:42:16 <DoT|Phone> poor pon
18:48:44 <DoT|Phone> Skram. Rawr!
18:48:51 <DoT|Phone> https://imgur.com/gallery/V913z
19:00:43 <Bio> poen
19:02:27 <Dot> Bio
19:02:55 <Bio> dot
19:03:44 <Dot> Hedge
19:04:15 <Bio> Bush
19:06:47 <Dot> hows it going bio?
19:07:27 <Bio> I am good
19:07:35 <Bio> just started watching last weeks critrole
19:08:09 <Dot> i watched the first half on a rebroadcaste
19:08:19 <Dot> will need to try finish it sometime
19:08:34 <Dot> I also need to watch new season of poni
19:12:29 <DuB`> I'm 2 episodes of CR behind now D:
19:12:57 <DuB`> Probably gonna be 3, tests this week and then finals soon
19:13:13 <DuB`> Oh well, will have all of May free 
19:16:40 -!- Phearlock [~Phearlock@cm-84.215.114.79.getinternet.no] has joined #tlponies
19:16:41 -!- mode/#tlponies [+v Phearlock] by Q
19:16:56 <Phearlock> Hey ponypons
19:17:48 <Zounds> You sit a lot of tests
19:17:49 <Zounds> hi phear
19:18:03 -!- tredc [~AdiIRC@c83-251-161-94.bredband.comhem.se] has joined #tlponies
19:18:15 <Phearlock> How u?
19:18:23 <Zounds> Fairly decent
19:18:31 <Phearlock> nice
19:20:07 <Dot> Hey phear <3
19:20:09 <Phearlock> Work was nice. Weather is great
19:26:06 -!- Golly [~Golly@1.92-221-121.customer.lyse.net] has joined #tlponies
19:32:18 -!- Rawr|Phone [~AndChat52@84-217-62-32.customers.ownit.se] has joined #tlponies
19:50:24 <DuB`> Spring in Utah is so perfect
19:50:24 <DuB`> MMMM
19:54:53 <Rawr|Phone> Nah
19:55:10 -!- tredc [~AdiIRC@c83-251-161-94.bredband.comhem.se] has joined #tlponies
19:58:57 <Zounds> No time to plej at all today I guess DuB` ?
20:03:22 <DuB`> Ye
20:34:34 <skram> lads
20:37:47 <Zounds> jonas
20:38:11 -!- tredc [~AdiIRC@c83-251-161-94.bredband.comhem.se] has joined #tlponies
20:38:20 <skram> dave
20:38:53 <DuB`> Sssssssssssssskram
20:39:24 <Zounds> How was the icestick?
20:39:46 <skram> jake
20:39:53 <skram> it was pretty great actually
20:40:21 <skram> we beat em
20:44:10 -!- Crisium [~Crisium@24.3.158.64] has joined #tlponies
20:44:25 -!- tredc [~AdiIRC@c83-251-161-94.bredband.comhem.se] has joined #tlponies
20:50:06 -!- Camail [~Camail@45.40.84.145] has joined #tlponies
20:50:07 -!- mode/#tlponies [+v Camail] by Q
20:52:49 <Dot> ca
20:52:51 <Dot> m
20:52:59 <Crisium> bu
20:53:00 <Crisium> tt
20:53:10 <skram> ho
20:53:10 <skram> w
20:53:11 <skram> dy
20:53:19 <Crisium> skr
20:53:19 <Crisium> am
21:09:12 <Zounds> hi cam, cris
21:09:16 <Camail> yo
21:10:35 <Camail> dort you watch critical role yet
21:10:55 <Bio> i'm at the break now
21:12:30 <Camail> this campaign is turning out interesting
21:12:52 <Camail> they are taking their characters seriously, so the group still doesnt trust each other
21:13:16 <Camail> but i bet in their home game they were so new they quickly let their irl friendships make the characters form a cohesive group
21:13:38 <Bio> yeh 
21:13:39 <Bio> its fun
21:13:41 <Camail> because after 12 episodes, that's kinda as many sessions as they had in campaign 1 pre-stream
21:14:20 <Camail> they played once every few months before the stream, so we get to see a more thorough growth that comes from a slower pace at the beginning
21:14:59 <Camail> nott is the BEST
21:15:27 <Bio> vod watching is the best
21:15:37 <Bio> skipperino the commercials
21:15:46 <Camail> and skipping boring bits
21:38:37 <reification> i bak
21:41:03 <Runbunny> Dot, Dot Rawr|Phone https://i.imgur.com/HRChT41.jpg
21:41:47 <Rawr|Phone> Thanks runbun
21:47:03 <Runbunny> You are welcome friend.
22:37:53 <reification> the stream i’m watch just started singing a “runbun” song :O
22:38:19 <reification> (they’re playing fortnite in easter bunny costume)
22:39:57 <Runbunny> O:
22:40:05 <Runbunny> What is a runbun song?
22:41:03 <reification> song about how the bun needs to run (he was in storm)
22:45:19 <Runbunny> Dang.
22:59:14 <reification> night all
22:59:17 <Dot> gnight reif
23:18:14 <Dot> Phearlock https://www.reddit.com/r/DnD/comments/8ayuxe/art_kip_kobold_fighter/
23:18:52 <Phearlock> Cute!
23:36:19 <Bio> remember that when they are all trying to murder you
23:36:57 <Dot> phear should play a kobold, then just collect them to his cause
23:37:00 <Dot> easy win
23:44:11 -!- Micen|Droid [~Micen@h38.28.16.98.dynamic.ip.windstream.net] has joined #tlponies
23:49:51 <DuB`> Where is skrm >:T
23:50:26 <Crisium> durgon
23:50:43 <Crisium> skrim was here earlier
23:51:35 <Bio> he's prolly slep
23:51:53 -!- tredc [~AdiIRC@c83-251-161-94.bredband.comhem.se] has joined #tlponies
