00:00:02 <Crisium> https://colorochka.deviantart.com/art/the-great-and-powerful-728232033
00:00:41 <Crisium> https://the-keyblade-pony.deviantart.com/art/Nightmare-s-Retirement-728232684
00:01:05 <DuB`> Wat are these creatures
00:03:34 <Dot`> pastel coloured marshmellows
00:03:42 -!- tredc [~AdiIRC@c83-251-161-94.bredband.comhem.se] has joined #tlponies
00:03:46 <DuB`> Sounds tasty
00:04:44 <Dot`> you spent too long in japan
00:05:01 <skram> ponies are not good eatin'
00:05:02 <skram> too fat
00:05:14 <DuB`> ??
00:05:22 <DuB`> How could marshmallows ever be bad!
00:11:57 -!- Cane [~Cane@CaneCraft.users.quakenet.org] has joined #tlponies
00:11:57 -!- mode/#tlponies [+o Cane] by Q
00:12:03 <Dot`> hi cane
00:17:22 <Crisium> https://bugplayer.deviantart.com/art/Coffee-Princess-727183907
00:19:29 <skram> coem carry me cris
00:22:10 <Crisium> na, they nerfed mercy
00:22:14 <Crisium> cant do it any more
00:23:16 <skram> stroke my hair and tell me it will be all right then
00:26:39 <carcinisation> at least moira is still op
00:32:05 <skram> eh not really
00:32:17 <skram> well unless people are coordinated
00:46:21 -!- BioPhone [~androirc@mobile-166-175-57-81.mycingular.net] has joined #tlponies
00:46:30 -!- tredc [~AdiIRC@c83-251-161-94.bredband.comhem.se] has joined #tlponies
00:46:36 <BioPhone> Horse men
00:46:45 <Micen> hi bio
00:46:47 <BioPhone> I'm doing a hockey watch
00:46:56 <BioPhone> Irl even!
00:47:22 <Micen> what hockey u watch?
00:51:55 <Crisium> https://kibbiethegreat.deviantart.com/art/Glim-Glam-Now-in-Stereo-726213101
00:53:40 <Micen> good horse
01:11:02 -!- tredc [~AdiIRC@c83-251-161-94.bredband.comhem.se] has joined #tlponies
01:11:06 -!- BioPhone [~androirc@mobile-166-175-57-81.mycingular.net] has joined #tlponies
01:27:37 <reification> night all
01:27:48 <Dot`> gnight reif
01:32:08 -!- BioPhone [~androirc@mobile-166-175-57-81.mycingular.net] has joined #tlponies
01:47:51 <BioPhone> blues Canada
02:02:51 -!- BioPhone [~androirc@mobile-166-175-57-81.mycingular.net] has joined #tlponies
02:20:22 <Dot`> time for sleep
02:20:25 <Dot`> gnight 
02:20:29 <DuB`> enjoy spleep
02:20:46 <DuB`> Me too soon, wanna get like 9-10 hours tonight :P
02:24:47 -!- stegosaurus [~stegosaur@c-69-250-194-177.hsd1.dc.comcast.net] has joined #tlponies
02:44:15 -!- BioPhone [~androirc@166.175.57.81] has joined #tlponies
02:48:21 <BioPhone> Horse men horse men
02:48:28 <Crisium> man horse
02:57:56 -!- skram [~skram@109.203.14.204] has joined #tlponies
03:14:49 -!- BioPhone [~androirc@mobile-166-175-57-81.mycingular.net] has joined #tlponies
03:36:28 -!- BioPhone [~androirc@mobile-166-175-57-81.mycingular.net] has joined #tlponies
04:12:17 -!- Rawr|Fone [~AndChat52@84-217-62-32.customers.ownit.se] has joined #tlponies
04:38:21 -!- BioPon [~androirc@108.72.8.181] has joined #tlponies
04:41:58 <Bio> i bek
04:42:03 <Bio> blues beat the habs
04:42:05 <Bio> gud night
04:52:18 -!- Rawr|Fone [~AndChat52@84-217-62-32.customers.ownit.se] has joined #tlponies
04:58:36 <DuB`> biowat
05:53:39 <Rawr|Fone> 🐴🐴🐴
06:19:11 -!- Rawr|Phone [~AndChat52@m83-185-87-251.cust.tele2.se] has joined #tlponies
07:11:39 -!- Rawr|Fone [~AndChat52@84-217-62-32.customers.ownit.se] has joined #tlponies
07:29:49 -!- Rawr|Phone [~AndChat52@m83-185-87-251.cust.tele2.se] has joined #tlponies
08:35:25 -!- Dot`_ [~quassel@90.201.224.197] has joined #tlponies
08:37:18 -!- Phearlock [~Phearlock@cm-84.215.115.144.getinternet.no] has joined #tlponies
08:37:18 -!- mode/#tlponies [+v Phearlock] by Q
09:11:40 -!- Dot` [~quassel@90.201.224.197] has joined #tlponies
09:43:01 -!- Dot`_ [~quassel@90.201.224.197] has joined #tlponies
10:03:20 -!- Dot` [~quassel@90.201.224.197] has joined #tlponies
10:03:36 <Dot`> morning all
10:05:26 <Rawr|Phone> Dot dot dot
10:05:40 <Dot`> Rawr rawr rawr
10:05:41 <Dot`> <3
10:05:44 <Rawr|Phone> <3
10:09:56 <Dot`> how are you doing rawr
10:10:21 <Rawr|Phone> Pretty good, in school right now
10:18:33 <CockRoach|42> hors pon
10:18:41 <Dot`> cr!
10:34:42 <CockRoach|42> !!!
10:36:40 <Dot`> .tell skram https://imgur.com/gallery/0QaqC
10:46:22 <Dot`> rawr https://imgur.com/gallery/EaSfj
10:48:45 <Rawr|Phone> Dot dot
10:48:52 <Rawr|Phone> No work today?
10:51:10 <Dot`> nope
10:51:14 <Dot`> tomrow work
10:52:06 <Rawr|Phone> 🤔🤔🤔
11:29:16 <Dot`> Micen
11:49:51 -!- Dot`_ [~quassel@90.201.224.197] has joined #tlponies
11:56:56 <Dot`_> rawr, when you working again?
11:57:22 <Rawr|Phone> In march
12:27:35 <Micen> yes dot?
12:27:44 <Micen> sorry. i was laying down
12:28:14 <Dot`_> i wanted to see how you where doing
12:28:22 <Dot`_> havnt talked to you in a bit
12:28:43 <Micen> I am doing okay i guess. still been feeling mentally meh, but it feels like its starting to clear up
12:29:22 <Micen> havent got any art done, on account of me doing some rendering for game streaming im going to start doing soon
12:29:33 <Dot`_> nice
12:29:43 <Dot`_> what games you thinking streaming
12:30:12 <Micen> just doing the variety stream thing. mostly Blizzard
12:30:28 <Micen> still havent seen a single second of Ori and the Blind Forest after buying it a few years ago
12:30:35 <Micen> might blind stream that. 
12:30:55 <Dot`> yes, do that
12:31:13 <Micen> my backlog is huge right now
12:31:54 <Dot`> i dont know if i follow your twtich stream, hmmm
12:31:59 <Dot`> maybe only your art one
12:32:04 <Dot`> link?
12:32:23 <Micen> I got a new one with better branding. Twitch.tv/ItsMicen
12:32:59 <Micen> im going all out developing my assets before i even start.
12:33:57 <Dot`> ha! followed
12:34:15 <Dot`> i am first
12:39:43 -!- reification [~reificati@cpc76294-cosh16-2-0-cust297.6-1.cable.virginm.net] has joined #tlponies
12:39:44 -!- mode/#tlponies [+v reification] by Q
12:39:53 <reification> hello tlpons
12:40:19 <Micen> Want to see the first screen I rendered?
12:40:45 <reification> hey micen have you been arting?
12:40:59 <Micen> nope, getting stuff set up for game streaming
12:41:15 <Dot`> hey reif
12:41:19 <Dot`> yes, gib micen
12:41:20 <reification> ooh, what will you be streaming?
12:41:22 <Micen> just some simple after effects 
12:41:28 <reification> hi dotties
12:41:31 <Micen> just doing the variety stream thing. mostly Blizzard
12:41:31 <Micen> <Micen> still havent seen a single second of Ori and the Blind Forest after buying it a few years ago
12:41:31 <Micen> <Micen> might blind stream that. 
12:42:41 <Micen> twitch.tv/ItsMicen
12:43:06 <Micen> helps if i remember to grab stream key for the account
12:43:06 <reification> i should go back and try to finish ori
12:44:03 <reification> i can only be second follower, dot beat me to it…
12:44:50 <reification> .tell runbunny !!! https://twitter.com/redditships/status/957597101374017537
12:44:50 <Micen> sorry, linked it to dot ten mins ago.
12:45:05 <CockRoach|42> third!
12:45:12 <reification> early worm gets the bird
12:45:23 <Micen> or in this case, the pokemon?
12:45:35 <Micen> god damnit professor oak
12:45:50 <Micen> you have ruined that phrase
12:46:45 <CockRoach|42> "micen started livestreaming in 3 seconds"
12:47:49 <reification> firefox pls
12:47:53 <Micen> wow
13:07:55 <reification> https://twitter.com/Naan_Binary_/status/958390401831985152
13:09:22 <Dot`> haha
13:09:57 <reification> also https://twitter.com/wrathofgnon/status/958525716651417600
13:17:49 <reification> meanwhile in spain https://twitter.com/trenodin/status/958482224571146240
13:23:42 -!- tredc [~AdiIRC@c83-251-161-94.bredband.comhem.se] has joined #tlponies
13:25:57 <reification> space https://www.pscp.tv/w/1LyGBRXzenkGN
13:33:17 <Dot`> SPAAAAACE
13:36:07 <Dot`> we have a light snow
13:39:39 <Dot`> damn, stopped already
13:46:11 <Micen> i like how nasa is restreaming a youtube feed
13:46:24 <Micen> they were doing it on the nasa tv channel as well
14:03:52 <Micen> there we go, have more of those cards rendering for later, now i sleep
14:27:48 <reification> .tell runbunny https://twitter.com/raikoart/status/958013366814965761
14:27:55 <reification> dot https://pbs.twimg.com/media/DUwPj_PXcAELUsJ.jpg
14:37:27 -!- skram [~skram@109.203.14.204] has joined #tlponies
14:38:14 <reification> hei skram
14:38:26 <skram> hei reif
14:47:02 <Rawr|Phone> Jonas my dear
14:48:18 <skram> Henrik, kjære venn
15:04:08 <Dot`> i back
15:04:15 <Dot`> hedge pones
15:04:54 <Bio> pone!
15:04:59 <Dot`> Bayo
15:05:49 <Dot`> so what ppl think of a tentative saturday evening DnD? nothing concrete as i dont know if i need to get a new person
15:06:10 <Bio> sure
15:06:51 <reification> more space https://twitter.com/Rainmaker1973/status/958256195466334210
15:14:45 <skram> yeah bud
15:15:16 <Dot`> cr https://imgur.com/gallery/d6Cuz
15:22:05 <Dot`> hey skram, i just came across this now https://imgur.com/gallery/0EI3P
15:22:16 <skram> oh hey
15:22:52 <skram> i have the color of magic and the light fantastic
15:22:55 <skram> so thats pretty lucky
15:23:04 <Dot`> indeed
16:13:56 <reification> http://www.thedailymash.co.uk/news/society/all-burgers-now-impossible-to-eat-20170831134933
16:27:50 -!- Zounds [webchat@cpc108453-cowc8-2-0-cust8.14-2.cable.virginm.net] has joined #tlponies
16:27:58 <Zounds> Hey ponies
16:28:28 <Dot`> Zoonds!
16:28:57 -!- Runbunny [~Runbunny@91.100.28.10.generic-hostname.arrownet.dk] has joined #tlponies
16:29:24 <Dot`> hey runbun
16:31:42 <reification> hai runbun, zounders
16:32:27 <Zounds> o/
16:34:55 -!- Golly [~Golly@1.92-221-121.customer.lyse.net] has joined #tlponies
16:36:29 <skram> Hey zounds!
16:43:36 <Runbunny> Hai.
16:45:37 <CockRoach|42> Dot`: it's gone :(
16:45:48 <Dot`> oh dear
16:46:04 -!- tredc [~AdiIRC@c83-251-161-94.bredband.comhem.se] has joined #tlponies
16:46:25 <Dot`> what went?
16:46:28 <Runbunny> lel reification.
16:50:09 <reification> it’s ok i know it’s not you cause they’re complaining :p
16:51:40 <CockRoach|42> Dot`> cr https://imgur.com/gallery/d6Cuz
16:51:49 <Dot`> oh no D:
16:53:29 <Dot`> here cr, i found the pic elsewhere https://i.imgur.com/VLPKEKr.jpg
16:54:10 <Dot`> rawr https://imgur.com/gallery/AxEyssM
16:59:32 <CockRoach|42> <3
17:11:19 -!- Rawr|Fone [~AndChat52@84-217-62-32.customers.ownit.se] has joined #tlponies
17:13:54 <Bio> poens
17:14:13 <CockRoach|42> hoers
17:19:40 <Zounds> How's the OW career going skram reification 
17:22:23 <Dot`> probably GM
17:25:14 <CockRoach|42> .tell Rawr|Fone https://imgur.com/gallery/KUpnrfy
17:30:25 <skram> well i havent lost my will to live yet
17:30:27 <skram> so not so bad
17:40:07 -!- Zounds [webchat@cpc108453-cowc8-2-0-cust8.14-2.cable.virginm.net] has joined #tlponies
17:49:01 <Dot`> what you been up to zounds?
17:52:38 <Zounds> Workin'
17:52:40 <Zounds> Chillin'
17:52:47 <Zounds> Playing some Planetside 2, some Overwatch
17:52:56 <Dot`> hows the OW going?
17:53:11 <Zounds> Pretty good I've just been playing Quickplay with either Cane or a buddy of mine
17:53:20 <Zounds> And on one occasion both at the same time!
17:55:41 <Dot`> you being the best cowboy?
17:56:14 <Zounds> On occasion
17:56:25 <Zounds> Moira, Composite Cowboy, Orisa
17:56:30 <Zounds> Reaper when it fits
17:57:03 <skram> claw hand lady is my face3
17:57:04 <skram> fave
17:57:20 <Zounds> Yes she's getting up there for me too
17:59:06 <Zounds> I wanna play more Reaper since I enjoy him a ton
17:59:13 <Zounds> And I think he may be a little bit less niche than I think he is
17:59:17 -!- carcinisation [webchat@cpc76294-cosh16-2-0-cust297.6-1.cable.virginm.net] has joined #tlponies
17:59:27 <skram> her healing output is actually quite excessive
17:59:40 <carcinisation> behold the classic kings row attack comp https://cdn.discordapp.com/attachments/395075909293572096/408319974730366986/vlcsnap-2018-01-31-17h50m09s748.png
17:59:46 <skram> had ~1700 hp/min on oasis
18:00:10 <skram> perfect
18:00:22 <Zounds> Yeah her healing output is crazy good sometimes
18:00:30 <Zounds> Spraying all the wounded boys infront is satisfying
18:00:37 <Zounds> And the healing orb does so much
18:00:41 <carcinisation> spoiler: we completely rolled them xD
18:00:51 <skram> Yeah I think healing orb is the best part of her kit
18:00:56 <skram> except ult
18:01:01 <carcinisation> much heals many ults wow
18:01:18 <Zounds> I like how the orb heals you even during shadowstep
18:01:51 <Zounds> Adds some survivability
18:02:06 <Zounds> I do find ulting moiras real easy to headshot if they're anywhere near me as McCree
18:02:10 <carcinisation> i gotta remember to orb before ulting tho
18:02:20 <Zounds> Though she's usually at the back out of effective range
18:02:35 <Zounds> Gotta double tap her or she just heals back up
18:03:06 <carcinisation> well if you 1v1 a moira (or sym) you can just stand still for aim
18:03:51 <Zounds> I'm one of those guys who uses my movement keys while aiming
18:04:00 <Zounds> So I'd probably be just as accurate standing still as I am moving
18:04:25 <carcinisation> fair enough
18:04:41 <Zounds> That is to say, not accurate enough
18:04:50 <Zounds> But sometimes!
18:12:05 -!- Zounds [webchat@cpc108453-cowc8-2-0-cust8.14-2.cable.virginm.net] has joined #tlponies
18:12:06 -!- tredc [~AdiIRC@c83-251-161-94.bredband.comhem.se] has joined #tlponies
18:12:15 <Zounds> Not sure why i keep dcing from IRC
18:13:23 <Dot`> blame webchat
18:16:32 -!- DoT|Phone [~Dot@90.201.224.197] has joined #tlponies
18:19:13 <Zounds> Yes
18:24:45 <carcinisation> webchat is a touch brittle
18:47:57 <DoT|Phone> Skram
19:10:38 <skram> yeah Dot`
19:11:25 <Dot`> hows the cat pics today?
19:14:22 <skram> have not checked yet
19:14:45 <skram> i found my apprenticeship diary
19:15:13 <skram> i dont even do half as much now in a proper job as i did then
19:15:25 <Dot`> haha
19:15:32 <Dot`> and get paid so much more
19:15:37 <skram> yup
19:21:22 <Dot`> rawr https://imgur.com/gallery/KUpnrfy
19:35:22 <Bio> pone?
19:37:48 <Dot`> bio
19:37:56 <Bio> dot
19:38:07 -!- tredc [~AdiIRC@c83-251-161-94.bredband.comhem.se] has joined #tlponies
19:39:45 <Dot`> hows you
19:41:31 <Bio> i had a hamburger
19:41:35 <Bio> with bacon!
19:41:41 <Dot`> \o/
19:41:45 <skram> did u bring enough for all the ponners
19:42:51 <Bio> no sir, i ate all of the one hamburger i ordered mr skrm
19:43:02 <skram> dang
19:44:59 <Zounds> I thought all americans carried extra burgers in a pouch around their neck
19:46:40 <skram> and assault rifles in their fanny pack
19:46:57 <Bio> WHO TOLD YOU ABOUT THIS
19:47:13 <skram> haha
19:47:38 -!- Bio [~BioPon@108.72.8.181] has joined #tlponies
19:47:53 <Bio> Kappa
19:48:14 <skram> how many gun racks do you have bio
19:48:35 <Dot`> gunracks are american bookshelves right?
19:48:54 <skram> probably
19:48:57 <Bio> yeah, the books hold up the guns
19:50:24 -!- Camail [~Camail@45.40.84.145] has joined #tlponies
19:50:24 -!- mode/#tlponies [+v Camail] by Q
20:15:39 -!- Golly [~Golly@1.92-221-121.customer.lyse.net] has joined #tlponies
20:16:17 <Dot`> hey cam
20:16:24 <Camail> shush
20:16:59 <skram> r u d e
20:44:16 <Camail> I'm really considering buying esea, i want to git gud this year.
20:45:24 <Bio> git gud
20:45:42 -!- tredc [~AdiIRC@c83-251-161-94.bredband.comhem.se] has joined #tlponies
20:51:57 -!- Camail_ [~Camail@45.40.84.145] has joined #tlponies
20:51:57 -!- mode/#tlponies [+v Camail_] by Q
21:08:39 <Dot`> cam! swoots hasnt broken in days!
21:08:48 <Camail_> sssssshhhhhhhhhhhhh
21:08:51 <Camail_> dont fuck it up
21:09:02 <Camail_> something will go wrong
21:22:09 <Dot`> Runbunny https://imgur.com/gallery/ARo1hx5
21:22:18 <Runbunny> me!
21:22:51 <Runbunny> Otters.
21:32:36 <Dot`> Rawr https://imgur.com/gallery/pWdAmq8
21:33:16 <Rawr|Fone> 😍😍😍
21:33:35 -!- Phearlock [~Phearlock@cm-84.215.115.144.getinternet.no] has joined #tlponies
21:33:35 -!- mode/#tlponies [+v Phearlock] by Q
21:33:56 <Phearlock> Evenin
21:35:31 <Runbunny> Hai Phearlock.
21:37:33 <Dot`> hey pear
21:42:26 <Zounds> Good night ponies
21:42:29 <Zounds> Pon well
22:11:55 -!- DuB` [~DuB@66-219-235-64.dynamic.ip.veracitynetworks.com] has joined #tlponies
22:11:56 <DuB`> Weoo
22:12:43 <skram> oh hey dub
22:12:45 <Phearlock> Hey dub
22:12:46 <skram> hows your insides today
22:12:50 <DuB`> o hey skram
22:12:59 <DuB`> 'bout the same? Kinda hard to tell
22:13:04 <DuB`> A bit better probably
22:14:11 <Dot`> DUB
22:14:12 <Dot`> https://imgur.com/gallery/Ldh7L9e
22:14:55 <DuB`> :D
22:15:22 <DuB`> I'm having some chips 'n salsa because SCREW SOOP
22:19:55 <Bio> rip dub
22:20:13 <Bio> i'll put "He didn't care about his insides" on ur tombstone
22:20:30 <DuB`> It's fiiiine
22:20:55 <Dot`> rawr https://imgur.com/gallery/LCmoMU1
22:21:49 <Rawr|Fone> Dot <3
22:26:26 <DuB`> Teehee
22:26:26 <DuB`> https://imgur.com/gallery/gkvEQH7
22:32:49 <Dot`> Phearlock https://scarlet-spectrum.deviantart.com/art/Flutter-doggo-728458483
22:36:40 <CockRoach|42> awww
22:38:15 <Phearlock> Awwww she's so floofy
22:45:52 <skram> aaw jeez
22:46:11 <Bio> nej horsesensneses
22:46:19 <skram> so I installed some mods and whatnot to make dragon age origins not look like butt when i replayed it
22:47:33 <skram> my dwarfs arms are regular human sized and reaches down to the kneecaps
22:57:42 <Camail_> thats how arms work
22:57:56 <Camail> i never thought of playing dao modded
22:58:22 <Camail> also i never finished da:i and i dont think i ever will
22:58:27 <skram> There's some content that can be modded back in
22:58:48 <skram> which has to do with morrigan but i dont know what
22:58:56 <Camail> ehhhhh, modding in unfinished stuff has never appealed to me
22:59:09 <skram> it is finished
22:59:14 <skram> voice lines and everything
22:59:46 <Camail> that doesnt really mean finished, if they cut it there was something wrong
23:00:03 <skram> true enough
23:00:04 <Camail> and if the devs know somethings bad before even releasing the content I dont have much faith
23:00:05 <skram> dont know what
23:01:16 <Camail> certainly a very fun game tho
23:01:32 -!- tredc [~AdiIRC@c83-251-161-94.bredband.comhem.se] has joined #tlponies
23:01:53 <skram> Found a mod to skip the entire fucking fade thing
23:02:00 <skram> which is gonne improve it by a lot
23:02:31 <Camail> i assume it automatically gives you the stat buffs tho
23:02:36 <skram> yup
23:03:04 <Camail> fade was really fun the first time, not super replayable
23:03:18 <Camail> i like that world so much but i dont trust that company with dragon age anymore
23:04:16 <skram> bioware is putting all their effort into a new IP
23:04:29 <skram> which apparently is why ME:A was... unpolished
23:04:53 <skram> open world rpg with coop
23:04:57 <skram> i have no faith in it
23:05:05 <Phearlock> It was also just delayed lol
23:05:11 <Phearlock> (though this is fine)
23:06:23 <skram> sigh
23:06:30 <skram> maybe da4 is acceptable
23:06:56 <skram> its where you fight a literal god
23:07:03 <skram> like you havent already killed like 3 of them
23:12:16 <Bio> never again
23:12:18 <Bio> bioware
23:14:26 -!- Crisium [~Crisium@24.3.158.64] has joined #tlponies
23:15:40 <skram> cris
23:16:09 -!- tredc [~AdiIRC@83.251.161.94] has joined #tlponies
23:16:17 <Crisium> hi
23:18:36 <Phearlock> Bio https://78.media.tumblr.com/741ae509eb93c8cd7a166ad66e6e5974/tumblr_p3e804Ijxp1se6zr1o4_1280.jpg
23:18:42 <Phearlock> Snuggly bookpon
23:18:59 <Crisium> pon
23:25:50 <Bio> so comfi
23:31:15 <Bio> moar pl
23:31:16 <Bio> pls
23:33:02 <Phearlock> https://78.media.tumblr.com/a4cd3319747a4aa96849b4624f1faa33/tumblr_p3e804Ijxp1se6zr1o5_1280.jpg okay
23:41:45 <Bio> thank
23:42:43 <Bio> pencil twi is one of my favs
23:47:03 -!- tredc [~AdiIRC@c83-251-161-94.bredband.comhem.se] has joined #tlponies
23:49:08 <Crisium> ugh, i hate updating my resume
23:49:26 <Crisium> never know what exactly to say
23:49:47 <Crisium> also a weird mix between feeling unconfident, and remembering just how much power i had in the past that i dont anymore -_-
23:49:55 <Dot`> I am best, Hire me.
23:50:00 <Crisium> lol
23:50:12 <Crisium> luckily im still employed, but applying to higher position in company
23:50:34 <Crisium> feel like i do monkey work now tho
23:51:27 <Crisium> and then i remember i used to have some operation control over a quarter of a country... a long time ago
23:53:47 <skram> wait hold on
23:53:56 <skram> tell me about it cris
23:54:42 <Crisium> back in my army days
23:54:54 <skram> oh
23:54:59 <skram> i didnt know you served
23:55:19 <Crisium> intelligence surveillance and recon supervisor for 1/4 of afghanistan
23:55:28 <Crisium> now i analyze bank transactions lul
23:55:47 <Dot`> what a responsable poni
23:56:14 <Crisium> but i want more money bank job
23:56:17 <Crisium> so resume time
23:56:38 <skram> ill be ur reference
23:56:56 <Crisium> "masters overwatch player"
23:57:19 <Crisium> 60% winrate on Zen in Season 8
23:57:23 <Crisium> HIRED
23:59:02 <Crisium> skram how goes your journey back to diamond
23:59:26 -!- tredc [~AdiIRC@c83-251-161-94.bredband.comhem.se] has joined #tlponies
23:59:29 <Dot`> if you can heard an OW team to victory you can control any group
23:59:43 <skram> it isnt cris
