00:01:59 <Bio> gngith
00:31:21 <Dot> poni
00:38:07 <Camail> i got a key for mtga as well
00:38:25 <Camail> i've just been doing free play with an awful deck brew
00:38:31 <Camail> still havent found something i really enjoy
00:39:10 <Camail> went with the big green starter deck but that thing was way too straight forward, really no agency
00:40:07 <Camail> i like playing fast, but if i really cared i'd just have to net deck and find something like that
00:40:23 <Camail> i really don't know enough about the card pool to brew, let alone brewing with what you get for free
00:42:04 <Golly> does brew mean just making your own deck?
00:42:46 <Camail> well it's just the act of making a deck, yea
00:42:55 <Camail> it's basically theorycraft
00:43:11 <Camail> .mtg
00:43:21 <Camail> .mtg bristling hydra
00:43:31 <Camail> boo
00:43:41 <Camail> .mtg counterspell
00:43:51 <Dot> welp, she failed, time to kill swoots
00:43:58 <skram> D:
00:44:01 <skram> MURDERER
00:44:14 <Camail> maybe the site it used changed its api or doesnt exist
00:44:16 <Camail> it is an old bot
00:44:40 <Camail> sure wish there was a proper log for her tracebacks, but w/e
00:45:09 <Camail> if there was one thing i would end up actually changing, it's that.
00:46:27 <Camail> but yea, bristling hydra is 2gg 4/3 that comes into play with 3 energy, and you can spend 3 energy to give it a +1/+1 counter and hexproof until end of turn
00:46:31 <Camail> and i think thats really neat
00:47:12 <Camail> i like messing with counters, but haven't found a fast way of doing it.
00:47:25 <Camail> i actually got fucking milled out yesterday
00:47:44 <Camail> someone bought the mill deck before they even started to play quick play
00:57:25 <Camail> hmm, dose this work https://youtu.be/-Ine-ZApwF8
00:57:43 <Camail> yay regex
00:57:54 <Camail> also yea, even wrestlers are playing DnD now
00:58:04 <Camail> which makes sense cuz its just violent theater
01:34:22 <Camail> bnha was fun again, it was a set up episode tho
01:43:18 <Bio> asdf
01:45:43 <Camail> https://www.twitch.tv/amytfalcone
01:46:00 <Camail> amy from c-team is streaming, if anyone's interested
01:46:22 <skram> c-team?
01:50:52 <Camail> the penny arcade dnd show
01:51:03 <Camail> acquisitions inc
02:27:51 <Camail> skram it's late, go to sleep
02:28:05 <Camail> i'mma ban you if u dont
02:28:08 <skram> ur not my mom
02:28:46 <Camail> you dont know that
03:17:46 <Bio> rip\
05:57:37 -!- skram [~skram@82.147.53.41] has joined #tlponies
06:59:08 -!- Golly [~Golly@1.92-221-121.customer.lyse.net] has joined #tlponies
07:16:09 <Dot> mornign all
07:26:31 -!- skram [~skram@82.147.53.41] has joined #tlponies
07:30:33 <Dot> skram!
07:31:56 <skram> good morning dot!
07:36:30 <Dot> how are you this mornign lad?
07:36:55 <skram> way tired
07:37:06 <Dot> D:
07:37:20 <skram> had to get up real early to get my car to the shop so its legal to drive
07:37:47 <skram> what about you old bean? work today?
07:38:09 <Dot> yea, in 2 hours
07:38:58 <skram> up so early!
07:42:00 <Dot> https://i.imgur.com/wC28dqq.jpg
07:42:42 <skram> whoah
07:42:45 <skram> double dragon
07:43:23 <Dot> i watched Final Space, its a nice series
07:43:38 <CockRoach|42> hors hors
07:44:33 <Dot> cr!
07:45:33 <skram> never heard of it dot
07:46:10 <Dot> a friend mentioned it a few days ago and i recall seeing a trailer for it like a year or so ago
07:52:18 <CockRoach|42> .roll d20 to hors
08:01:18 <Dot> skram https://i.imgur.com/SI265qm.jpg
08:01:39 <skram> sounds right
08:13:11 <Dot> haha, so i emailed head of AMRC recruitment last night asking where this email was that he said he was compiling about the latest degree aprrenticeships 
08:13:35 <Dot> i get it through now, and a seprate email saying he was JUST sendng it out
08:13:51 <Dot> the email is forwarded and original send date was 20th
08:14:11 <Dot> so yea, he forgot to send it to me
08:14:18 <skram> R U D E
08:14:25 <skram> send him some strong words
08:14:42 <Dot> i was almost very saracstic in my eail last night
08:19:19 <Dot> skram, your comic arrives today right?
08:20:01 <skram> it should
09:36:26 <Dot> work horse time
09:36:29 <Dot> later all
10:03:36 -!- tredc [~tredc@c83-251-163-99.bredband.comhem.se] has joined #tlponies
10:11:10 <Cane> <3
12:15:10 -!- DoT|Phone [~Dot@79.77.172.39] has joined #tlponies
12:15:20 <DoT|Phone> lunch time
12:16:38 <DoT|Phone> Skram
12:28:11 <Cane> https://i.imgur.com/lk5XLZp.gifv
14:49:50 -!- skram [~skram@82.147.53.41] has joined #tlponies
15:26:04 -!- Zoonds [webchat@cloak-wmbqgxv5.14-2.cable.virginm.net] has joined #tlponies
15:26:14 <Zoonds> horses
16:08:03 -!- Runbunny [~Runbunny@91.100.28.10.generic-hostname.arrownet.dk] has joined #tlponies
16:10:25 -!- Dot [~quassel@94.3.131.220] has joined #tlponies
16:10:28 <Dot> horses!
16:14:24 <Bio> w o k e
16:14:28 <Bio> gmorn
16:14:44 <Dot> b i o
16:15:12 <Bio> dat me
16:15:21 <Bio> o shit whaddup
16:21:18 -!- Rawr|Fone [~AndChat52@77.68.239.210] has joined #tlponies
16:21:25 <Rawr|Fone> 🐴🐴🐴
16:22:42 <Dot> Rawr Rawr Rawr
16:22:43 <Dot> <3
16:22:52 <Dot> here rawr https://imgur.com/gallery/fSoShq1
16:23:10 <Rawr|Fone> Dot Dot Dot
16:23:12 <Rawr|Fone> <3
16:23:34 <Rawr|Fone> Thank you very much dotpon
16:44:00 <Dot> np rawrHest
16:44:28 <Rawr|Fone> How is your day going dot
16:44:35 <Rawr|Fone> Work today?
16:44:47 <Dot> yea, i had work, home now though
16:44:50 <Dot> got coffee
16:52:11 -!- Rawr|Phone [~AndChat52@77.68.239.210] has joined #tlponies
17:34:53 -!- Rawr|Fone [~AndChat52@77.68.239.210] has joined #tlponies
17:46:52 -!- Phearlock [~Phearlock@cm-84.209.250.127.getinternet.no] has joined #tlponies
17:46:52 -!- mode/#tlponies [+v Phearlock] by Q
17:46:59 <Phearlock> poons
17:47:52 <Rawr|Fone> Pearclock!
17:48:33 <Dot> phear <3
17:58:08 -!- DoT|Phone [~Dot@94.3.131.220] has joined #tlponies
18:26:34 -!- Rawr|Phone [~AndChat52@77.68.239.210] has joined #tlponies
18:38:44 <Cane> Crypt of the NecroDancer is like 80% off of an already cheap game. If you don't have it already now'd be the time.
18:44:56 -!- Rawr|Fone [~AndChat52@77.68.239.210] has joined #tlponies
18:47:07 -!- Rawr|Phone [~AndChat52@77.68.239.210] has joined #tlponies
18:50:24 -!- skram [~skram@82.147.53.41] has joined #tlponies
18:51:49 <skram> my boys
18:51:50 <Rawr|Phone> Jonas my dearest friend
18:52:02 <skram> Ah, Henrik my dude
18:52:09 <Dot> Skrammen <3
18:52:11 <skram> How are you this evening? Not on fire I hope?
18:52:14 <skram> Dot<3
18:53:44 -!- Camail [~Camail@45.40.84.145] has joined #tlponies
18:53:44 -!- mode/#tlponies [+v Camail] by Q
18:56:17 <Rawr|Phone> The only fire here is my burning love for you jonas
18:57:40 <skram> <3<3
19:40:41 <Bio> someone said cam said terarria yesterday
19:40:48 <Bio> and it made me go look for cane's series
19:41:00 <Bio> still good bro
19:41:21 <Camail> yea, terraria with mods seems like an unexplored area for tlp
19:41:55 <Cane> <3
19:42:27 <Bio> drop rates are certainly for other people cane
19:42:36 <Cane> What the fuck was that Plantera drop.
19:43:49 <Bio> slightly worse than also getting the trophy
19:44:40 <Cane> Duke Fishron ResidentSleeper
19:45:39 <Bio> mecha mayhem PogChamp
20:11:43 <Dot> skram
20:23:29 <skram> yeah buddy?
20:23:49 <Dot> what you up to friend
20:24:13 <skram> i am killing rats
20:24:20 <skram> wanna join?
20:24:32 <Dot> sure, ill join a bit
20:39:03 <Bio> cane i forgot how silly ufo minions are
20:40:04 <Cane> They're SO GREAT aren't they?
20:59:50 -!- carcinisation [webchat@cloak-31qdxqjw.6-1.cable.virginm.net] has joined #tlponies
21:00:18 <skram> Dot D:
21:03:14 <Bio> rip
21:07:33 -!- Dot [~quassel@90.211.160.51] has joined #tlponies
21:07:43 <skram> dot
21:09:02 <Dot> internet is being silly
21:09:18 -!- tredc [~tredc@c83-251-163-99.bredband.comhem.se] has joined #tlponies
21:09:29 <skram> silly people get silly internets
21:11:14 -!- Crisium [~Crisium@c-24-3-158-64.hsd1.pa.comcast.net] has joined #tlponies
21:11:42 <Bio> remove the internet's silly hat
21:11:57 <Bio> i leave for my interview in 1.5 day
21:12:00 <Bio> asdf
21:12:12 <Crisium> soon Bio will be emperor
21:12:19 <skram> where is interview bio
21:12:24 <Crisium> "tell me your strengths"
21:12:26 <Bio> Michigan
21:12:34 <Crisium> "i am good at LTTP randomized"
21:12:34 <Bio> 8h drive
21:12:37 <Crisium> "you're hired!"
21:12:43 <Bio> ez
21:12:43 <skram> neat
21:12:47 <skram> what sort of position is it
21:13:12 <Bio> https://g.co/kgs/voSREG
21:14:00 <skram> countries outside the United States are not yet supported.
21:14:08 <Bio> rip
21:14:11 <skram> that makes no sense
21:14:11 <Bio> hardware engineer
21:14:14 <skram> its just a website???
21:14:24 <skram> well thats cool
21:14:27 <skram> fingers crossed lad
21:14:49 <Bio> ye
21:15:04 <Crisium> missoura to michigan drive, nice
21:15:15 <Bio> https://job-openings.monster.com/Hardware-Engineer-Wixom-MI-US-dSPACE-Inc/11/193564777?re=ah_jtc
21:15:23 <skram> dont you live in ill noise tho
21:15:29 <Bio> ye
21:15:36 <Bio> but super close to st. louis
21:15:41 <Crisium> ah
21:16:56 <skram> looks neat though
21:18:15 <Bio> yeah, helps that they also wish to speak to me, haha
21:19:04 <skram> well they'd be dummies not to
21:19:51 <Bio> =)
21:21:31 <Bio> skrma, current fave A E S T H E T I C
21:21:35 <Bio> sea shanties
21:21:44 <Bio> with rainy mood
21:21:51 <skram> hahah
21:21:53 <skram> perf
21:22:04 -!- Rawr|Fone [~AndChat52@77.68.239.210] has joined #tlponies
21:29:40 <Bio> having a bunch of salty old sailors singing a sad tale of woe with the thunder rumbling... mmm, best A E S T H E T I C
21:29:59 <Bio> OH LEAVE HER, JONNY, LEAVE HER
21:30:48 <Bio> The voyage is done, and the wind don't blow
21:30:54 <Bio> and its time for us to leave her
21:31:30 -!- Rawr|Phone [~AndChat52@77.68.239.210] has joined #tlponies
21:32:06 <skram> try this with your journey https://www.youtube.com/watch?v=XQAq7Hyi_ZU
21:32:14 <skram> this is pretty neat though lol
21:37:00 <Bio> best
22:06:40 -!- tredc [~tredc@c83-251-163-99.bredband.comhem.se] has joined #tlponies
22:24:03 <Dot> skram
22:24:11 <Dot> book series is finished, it was great
22:28:48 <skram> glad to hear it :)
22:30:13 <Dot> <3
22:44:35 <Bio> i bek
22:45:17 <Dot> wb
22:45:53 <Bio> picked up my brand new suit
22:46:00 <Bio> shirt gettin pressed
22:46:06 <Bio> gonna look sharp as a tack thurs
22:46:22 <Bio> M E N S  F A S H I O N boys
22:48:04 <Dot> i went and bought liek a second pair of trousers fo my interview, thats as far as a went
22:48:19 <Dot> and i should maybe get a belt
22:49:22 <Bio> belts are good
22:49:28 <Bio> I need to get my watch fixed
22:49:46 <Bio> I got a nice watch from my college after getting second place at nationals
22:49:53 <Bio> but the glass broke a bit
22:50:12 <Bio> I'm going the whole nine dot
22:50:23 <Bio> suit and tie, belt and super fancy shoes
22:50:37 <Dot> very fancy
22:50:49 <Bio> clean shave and a haircut ofc
22:51:41 <Bio> i kinda wanna fart around in terarria again
22:51:42 <Dot> i get to this stage and realise with my distance learning i have no idea what an engineer type person even wears
22:51:58 <Dot> they could wear ties?? or golf shirts??
22:52:00 <Bio> mostly business casual
22:52:01 <Dot> who knows
22:52:12 -!- tredc [~tredc@c83-251-163-99.bredband.comhem.se] has joined #tlponies
22:52:16 <Dot> i work in a sweet shop, no idea what that even is bio
22:52:48 <Bio> https://www.google.com/search?q=business+casual+men&hl=en&source=lnms&tbm=isch&sa=X&sqi=2&ved=0ahUKEwi-_-KDqLbcAhUU87wKHQQoA_kQ_AUICigB&biw=1920&bih=947
22:52:58 <Bio> pretty much anything in there
22:53:13 <Bio> formal would be the full suit and tie and stuff
22:53:21 <Dot> that likeanything from a tight shirt to full suite
22:53:27 <Bio> ye
22:53:42 <Bio> basically no jeans or shorts, and a shirt with a collar
22:54:18 <Dot> oh, so what i always wear, thats something at least
22:54:28 <Bio> yerp
22:55:57 <Dot> i also need to get like a satchel bag or something
22:56:09 <Dot> i have 4 bags atm and they are all hikng bags, not very professional
22:57:44 <Bio> OH
22:57:50 <Bio> Carlon Amoffel
22:57:59 <Bio> that is the Harper Contact
22:58:07 <Bio> I knew i'd remember
22:58:09 <Dot> haha
22:58:15 <Dot> i was very confused for a moment
22:58:22 <Bio> his last name reminds me of waffles
22:58:39 <Dot> micen, you added anything to the oneNote doc?
22:58:59 <Micen> THAT DWARVES SUCK
23:00:33 <Micen> caps
23:05:52 <Bio> v caps
23:06:08 <skram> so edgy
23:06:22 <Dot> also bio, dont forget to tie your shoe laces
23:06:30 <Bio> true
23:06:37 <Bio> Skrm
23:06:49 <Bio> https://www.youtube.com/watch?v=Lyt7enNpwvk
23:06:57 <Bio> add this to the A E S T H E T I C
23:07:30 <skram> how many fucking levels are you on man
23:07:41 <Bio> i'm about to ascend my dude
23:10:57 <Dot> Eberron is a pretty cool setting
23:14:37 <Micen|Droid_> I may have found a nice setting for any one shots
23:14:46 -!- tredc [~tredc@c83-251-163-99.bredband.comhem.se] has joined #tlponies
23:14:55 <Micen|Droid_> The new Ravnica supplement coming out
23:15:09 <Micen|Droid_> Rav is such a cool mtg setting 
23:21:44 <skram> .tell Runbunny https://i.imgur.com/YH9FjlD.png
23:21:53 <Runbunny> .tell Jonas what is this?
23:22:06 <skram> Anders.
23:22:56 <skram> Dot: You should wear your best blåkläder
23:23:52 <Dot> google doesnt even know
23:24:31 <skram> maybe you're bad at the googles
23:29:36 <Dot> maybe! you dont know!
23:31:13 <Bio> skram
23:31:22 <skram> ya
23:31:23 <Bio> my youtube autoplayed country roads
23:31:30 <Bio> and surprisingly it still fuckin works
23:31:54 -!- Golly [~Golly@1.92-221-121.customer.lyse.net] has joined #tlponies
23:32:26 <skram> hold on
23:34:03 <skram> haha
23:34:35 <skram> this sorta like that "africa playing in an empty shopping mall" thing now
23:41:22 <Dot> skra, did it arrive today?
23:41:35 <skram> no! :(
23:41:40 <Dot> D:
23:41:41 <skram> Even if it said it would on the tracker
