00:03:28 <Dot> poor skrm
00:15:05 <Micen|Droid> https://teranen.deviantart.com/art/Shy-Warrior-739669241
00:15:14 <Crisium> pon
00:17:23 <Dot> PON
00:17:50 <Micen|Droid> Horses, let me tell you, being sick sucks. 
00:20:23 <Crisium> yeah that was me last week
00:27:08 <Micen|Droid> I was supposed to start streaming today 
00:40:06 <Dot> dub
00:41:40 <DuB`> dot
00:41:45 <Dot> HELLO
00:41:50 <DuB`> !
00:41:52 <DuB`> Well hi
00:41:57 <Dot> What you doing?
00:42:04 <DuB`> Eating ice cream
00:42:17 <DuB`> Deciding if I want to work, study, or chill
00:42:33 <Dot> ask swoots
00:42:36 <Dot> she knows all!
00:42:46 <Micen|Droid> Chill
00:42:54 <DuB`> But does she have my best interest at heart?
00:42:56 <DuB`> Perhaps not
00:43:12 <DuB`> 2am there dot, whatchu doing?
00:43:20 <Dot> not sleeping
00:43:28 <DuB`> I see I see
00:43:41 <Dot> watchign some sc2, im enjoying watchign some games again
00:43:59 <DuB`> I stayed up a bit for the spectale that was avilo v riddler last night
00:44:04 <DuB`> looool
00:44:05 <Dot> yea
00:44:10 <Dot> i just watched the conclusion of that
00:44:13 <Dot> HAAH
00:44:26 <DuB`> They said they'd continue in morning yeah?
00:44:34 <Dot> riddler got a warning email from blizzard apparently
00:44:34 <DuB`> Never saw result, just the 2 hours of game 1
00:44:51 <Dot> riddler won the second game
00:44:58 <Dot> both games where 1 hour
00:44:58 <DuB`> Bahaha
00:45:05 <Dot> then riddler won the game today
00:45:15 <DuB`> Yeah
00:45:23 <Micen|Droid> Riddler had a write up on reddit about the warning
00:45:30 <Dot> yea
00:45:39 -!- Phearlock [~Phearlock@cm-84.215.114.79.getinternet.no] has joined #tlponies
00:45:40 -!- mode/#tlponies [+v Phearlock] by Q
00:46:08 <Micen|Droid> I should watch it and see if I agree. 
00:47:28 <Dot> you dont need to watch 2 hours of games to know avilo is an idiot
00:47:29 <Dot> riddler would have won game 1 most likly if admins hadnt called it, he had an income and a bank
00:47:29 <Dot> avilo had neitrher
00:52:17 <DuB`> "HOW DO YOU ALWAYS KNOW??"  "obvious mh"  "every time.."
00:52:29 <DuB`> Meanwhile both sides are using like 40 scans per minute
00:52:51 <DuB`> Sanctioned maphacks indeed
00:53:49 <Dot> scannoise
01:27:16 <Dot> woohoo, Riddler gg
03:09:54 <Bio> pony
03:09:58 <Bio> i tire
03:58:59 -!- Rawr|Fone [~AndChat52@84-217-62-32.customers.ownit.se] has joined #tlponies
04:56:23 -!- skram [~skram@95.169.45.169] has joined #tlponies
05:07:31 -!- Rawr|Fone [~AndChat52@84-217-62-32.customers.ownit.se] has joined #tlponies
05:19:05 -!- Rawr|Phone [~AndChat52@m83-185-83-102.cust.tele2.se] has joined #tlponies
06:01:16 -!- Golly [~Golly@1.92-221-121.customer.lyse.net] has joined #tlponies
07:23:30 -!- Rawr|Fone [~AndChat52@89.255.242.40] has joined #tlponies
09:47:12 <Dot> mornign all
09:59:54 <Cane> Hiya Dot. <3
09:59:59 <Dot> Hey cane <3
10:00:09 <Dot> hows the freezing north?
10:00:40 <Cane> Constantly frozen over this winter, apparently.
10:02:03 <Dot> its not even winter anymore
10:02:17 <Cane> That's just what the seasons *want* you to think.
10:02:35 <Dot> sneaky
10:35:12 -!- tredc [~AdiIRC@83.251.161.94] has joined #tlponies
10:35:29 <Dot> hey cane, any idea how armSTRALKER is doing?
10:35:39 <Dot> i recall last time you tried the textures where half missing
10:52:15 <Dot> rawr rawr rawr
11:09:28 <Cane> Oh man, I should look, but since I haven't heard anything in ages I assume it's dead.
11:13:32 <Rawr|Fone> Dot dot dot
11:16:34 <Dot> <3
11:41:22 <Rawr|Fone> <3
12:08:30 -!- Zounds [webchat@cpc108453-cowc8-2-0-cust8.14-2.cable.virginm.net] has joined #tlponies
12:29:35 <Micen|Droid> Morning tlp
12:30:20 <Dot> Hey zounds, micen
12:31:21 <Zounds> hi
12:42:11 -!- BioSC [~BioPon@108.72.8.181] has joined #tlponies
12:44:26 <Dot> Bio!
12:47:46 <CockRoach|42> .tell Dot https://i.imgur.com/plOebbH.jpg
12:49:31 <Dot> cute rope
13:03:37 -!- skram [~skram@95.169.45.169] has joined #tlponies
13:05:51 -!- BioHorse [~BioPon@108.72.8.181] has joined #tlponies
13:11:06 -!- tredc [~AdiIRC@c83-251-161-94.bredband.comhem.se] has joined #tlponies
13:26:59 <skram> lads?
13:31:42 <CockRoach|42> pls
13:32:10 <Dot> jonas
13:32:20 <Dot> attempt 2 at getting a haircut
13:32:22 <Dot> off i go :/
13:37:02 <skram> good luck!
13:46:47 <Zounds> hi skram
13:47:18 <skram> greetings zounds
14:04:32 <BioHorse> control those hairs
14:04:39 <Bio> i wake
14:05:55 <skram> wake me up
14:06:14 <Bio> can't wake up
14:06:28 <skram> wake me up and SAVE ME
14:06:54 <Bio> call my name and SAVE ME FROM THE DAAAAAAAAAAAAAAAARK
14:06:58 <Bio> coffee time
14:07:37 <skram> HOW CAN YOU SEE INTO MY EYES
14:07:41 <skram> LIKE OPEN DOORS
14:07:46 <skram> chuggachugga
14:11:54 <Micen|Droid> Is OW up yet? 
14:37:29 <Bio> wow reset at 10, don't think the ow patch is out yet???
14:39:54 <Micen|Droid> It wasn't. Just did a game. 
14:57:30 <Rawr|Fone> 🐴🐴🐴
14:57:44 <Bio> horse horse horse
14:58:00 -!- tredc [~AdiIRC@c83-251-161-94.bredband.comhem.se] has joined #tlponies
15:10:37 -!- Rawr|Phone [~AndChat52@m83-185-94-30.cust.tele2.se] has joined #tlponies
15:16:38 -!- tredc [~AdiIRC@83.251.161.94] has joined #tlponies
15:24:47 -!- Dot` [~quassel@2.218.218.147] has joined #tlponies
15:37:10 <Zounds> Why always 3 rawr
15:37:32 <Rawr|Phone> Dunno
15:37:35 <Rawr|Phone> Why not?
15:37:51 <Zounds> I think you're foretelling the coming apocalypse
15:37:56 <Zounds> 3 of the horsemen have ascended
15:37:58 <Dot`> i home
15:38:01 <Zounds> only the last one remains
15:38:08 <Zounds> and you hope to find it
15:38:38 <Rawr|Phone> Good things come in threes
15:39:09 <Dot`> Rawr rawr rawr
15:39:16 <Rawr|Phone> Dot dot dot
15:39:22 <Rawr|Phone> <3
15:39:29 <Dot`> <3
15:39:38 <Rawr|Phone> Is your hair very short now
15:39:38 <Dot`> Bio, can you do friday?
15:39:42 -!- Runbunny [~Runbunny@91.100.28.10.generic-hostname.arrownet.dk] has joined #tlponies
15:39:58 <Dot`> RUNBUN
15:40:09 <Runbunny> Hai Dot.
15:40:22 <Runbunny> What class should I play in the upcoming wow expansion?
15:40:34 <Zounds> DK
15:40:42 <Dot`> Middle class
15:40:49 <Bio> I believe so, lemme check
15:40:52 <Rawr|Phone> Anders!
15:42:14 <Bio> yeah, so far i work thursday evening and saturday morning 
15:42:22 <Bio> so I should be ok for friday unless something changes
15:42:24 -!- tredc [~AdiIRC@c83-251-161-94.bredband.comhem.se] has joined #tlponies
15:42:26 <Bio> don't think it will
15:42:26 <Dot`> TJ works sunday
15:42:39 <Dot`> he moved the thing to sunday to make saturday and now cant get it changed back
15:47:56 <Runbunny> Henrik.
15:48:09 <Runbunny> Zounds, DK's were so shit this expansion.
15:48:15 <Runbunny> I do love my DK though.
15:48:18 <Rawr|Phone> Good afternoooon
15:48:29 <Runbunny> How's the sun over there?
15:48:31 <Bio> Mage
15:48:33 <Rawr|Phone> Are you enjoying the nice weather runbun
15:48:35 <Bio> bun
15:48:38 <Bio> play mage
15:48:38 <Zounds> Mage is never bad
15:48:39 <Bio> always
15:48:40 <Rawr|Phone> It's quite warm today
15:48:42 <Runbunny> but
15:48:46 <Runbunny> What race then?
15:48:51 <Zounds> Gnome fem
15:48:51 <Bio> ZOMBIE
15:48:52 <Runbunny> void elf ?!?!
15:48:57 <Bio> FOR THE HORDE
15:48:59 <Zounds> So you can be CUTE
15:49:14 <Runbunny> I do have a gnopme mage around lvl 70.
15:49:14 <Bio> MY LIFE FOR SYLVANNAS
15:49:22 <Bio> EWW
15:49:24 <Bio> GNOMES
15:49:38 <Zounds> I'd waifu a gnome
15:49:46 <Bio> eww
15:49:55 <Bio> gnomes are good for punting only
15:50:04 <Zounds> ?
15:50:09 <Zounds> What do you play again bio?
15:50:12 <Zounds> So I can talk shit
15:50:20 <Bio> ZOMBIE MAGE
15:50:35 <Zounds> Oh, how original
15:50:51 <Bio> wow's been out for 20 years
15:50:55 <Zounds> Too many people play UD and Belves on the horde
15:50:55 <Bio> theres NOTHING origninal
15:51:10 <Zounds> Y'all make the whole thing boring as shit
15:51:12 <Runbunny> I might have a lvl 4 pandaren mage as well ;)
15:51:33 <Zounds> My lock is an UD but ignore that for now
15:51:54 -!- Micen|Droid_ [~Micen@h38.28.16.98.dynamic.ip.windstream.net] has joined #tlponies
15:52:17 <Runbunny> I have a max lvl gnome warlock hmm.
15:52:27 <Zounds> You're a man of culture anders
15:53:22 -!- Micen|Droid__ [~Micen@98.16.28.38] has joined #tlponies
15:53:32 <Bio> fuggin eus and their dum alliance
15:53:44 <Bio> ;)
15:53:45 <Zounds> I play both but alliance mainly
15:54:01 <Zounds> Usually on my priest who was a human then a troll
15:54:03 <Zounds> then a worgen since cata
15:54:32 <Bio> worgen are kewl, but as a forsaken main, fuckem
15:54:46 <Zounds> yah UD aint bad but fuk u too
15:54:48 <Phearlock> Cute doggos
15:54:59 -!- Micen|Droid [~Micen@99-203-4-181.pools.spcsdns.net] has joined #tlponies
15:55:00 <Phearlock> very huggable
15:55:20 <Runbunny> Pandaren?
15:55:21 <Bio> worgen and goblin model updates when bliz?
15:55:26 -!- Micen|Droid [~Micen@h38.28.16.98.dynamic.ip.windstream.net] has joined #tlponies
15:55:32 <Phearlock> Pandas can get hugs too
15:55:47 <Zounds> Pandaren <3
15:55:58 <Zounds> My shammy is a panda
15:56:24 <Bio> I have a panda rouge only for the Shadow-Pan transmog
15:58:12 <Bio> also pray for Aman'Thul's Vision for me friendos
15:58:45 <Bio> literally the only reason I'm still raiding
15:58:51 <Zounds> つ◕_◕ ༽つ
15:59:34 <Bio> done argus every week except for the first, havent' even seen it drop for anyone
16:01:30 <Runbunny> I know that feeling. I only got 1 binding of the windseeker in all of vanilla :/
16:09:47 <Bio> rip
16:09:53 <Bio> another week, another sadness
16:10:07 <Bio> no loot even
16:10:18 -!- tredc [~AdiIRC@c83-251-161-94.bredband.comhem.se] has joined #tlponies
16:11:33 -!- carcinisation [webchat@cpc76294-cosh16-2-0-cust297.6-1.cable.virginm.net] has joined #tlponies
16:11:52 <Dot`> no sad Bio, we going to DnD this weekend! (i hope)
16:13:05 <carcinisation> cr|42 phear https://twitter.com/mintymiotas/status/981958612263362560
16:14:14 <Bio> https://www.youtube.com/watch?v=1huvmfHOP7k&feature=youtu.be
16:14:20 <Bio> this is the best
16:15:14 <Dot`> haha
16:18:09 <Dot`> but no "life has many doors ed boy"
16:46:15 <Bio> tru
17:03:36 <Micen> Bio, when are we doing character creation for your D&D stuff?
17:06:29 -!- DuB` [~DuB@66-219-235-64.dynamic.ip.veracitynetworks.com] has joined #tlponies
17:06:32 <DuB`> OW EVENT TODEY
17:06:58 <Bio> dub pls
17:07:08 <Bio> micen after we finish phandelver
17:07:11 <Micen> not soon enough Dub
17:07:24 <Dot`> Dub
17:07:25 <Dot`> calm pls
17:07:46 <Micen> okay Bio, thats good because I still dont know what im playing 
17:08:25 <Dot`> an edgy teifling warlock who was an orphan and grew up on the streets
17:08:35 <Dot`> donut steel
17:09:04 <Bio> use that character generator website
17:09:36 <Micen> http://whothefuckismydndcharacter.com/ 
17:09:37 <Micen> ?
17:09:54 <Micen> I'm going to roll the stats for a fucking
17:09:55 <Micen>     chipper Halfling Bard from the northern wastelands who doesn't understand the concept of politeness
17:10:34 <Micen> You think your character is cool? My character is a fucking outgoing Half-elf Fighter from a laid back beach town who is downright racist towards living skeletons
17:11:24 <Dot`> that reminds me, yesterday someoen reffered to cafe's as cafs
17:11:33 <Dot`> thats really weird to me, its like calling sometihng a nig
17:11:50 -!- tredc [~AdiIRC@c83-251-161-94.bredband.comhem.se] has joined #tlponies
17:13:27 <Dot`> i got one for skram "Unstable dwarf rogue from a young offenders institute who has a drinking problem"
17:14:27 <Bio> hes a dwarf they all have drinking problems
17:14:47 <Micen> here, i found mine. 
17:14:49 <Micen> "discerning Tiefling Bard from a deserted island who hasn't been quite right since the accident"
17:27:30 <Dot`> was the accident "birth"
17:31:04 <DuB`> Hah
17:31:57 <Dot`> Dub, i got a haircut, its nice and short no
17:31:59 <Dot`> w
17:32:03 <DuB`> :D
17:32:17 <DuB`> I always wait far too long for haircuts, but then it feels great when I do
17:32:26 <Dot`> same
17:32:37 <Dot`> i have been trying to get it cut for a month now
17:32:43 <Dot`> things keep getting in the way
17:34:10 <DuB`> I'm imagining random accidents and disasters happening to literally get between you and the hairdressers door every time you go
17:36:24 <Dot`> pianos falling and all that
17:36:32 -!- tredc [~AdiIRC@c83-251-161-94.bredband.comhem.se] has joined #tlponies
17:36:59 <DuB`> Event wheeeeen
17:37:28 <DuB`> I may have to skip my afternoon class :P
17:38:01 <Zounds> It's supposed to be today
17:38:04 <Zounds> but today is half done already
17:39:45 <Zounds> EU problems
17:40:57 <DuB`> Kind of unfortunate that I'm gonna be moving another timezone further away from everyone :T
17:41:11 <Dot`> no
17:41:16 <Zounds> Life finds a way
17:42:49 <Dot`> micen
17:42:50 <Dot`> oi
17:43:02 <Micen|Droid> Yes
17:43:04 <Dot`> skram
17:43:05 <Bio> i hangr
17:43:10 <Dot`> can you dnd on friday?
17:43:12 <Zounds> I call first dibs on reaper for the vent
17:43:15 <Zounds> event*
17:43:21 <Zounds> if it's the blackwatch bois indeed
17:43:25 <DuB`> :D
17:43:26 <Bio> i want purple lady
17:43:30 <Micen|Droid> I can dnd right now if you have the group
17:43:34 <Bio> as the resident moon sub moon2SMAG
17:43:44 <DuB`> She's not blackwatch silly
17:43:55 <Bio> pls
17:44:03 <Bio> moon2SPY
17:44:12 <Bio> i can be in blackwatch? moon2SPY
17:44:28 <Micen|Droid> I will be the Gengu
17:44:37 <DuB`> I GENGO
17:44:48 <DuB`> Also micen you feeling any better? :o
17:44:52 <Micen|Droid> You didn't call it in time DuB 
17:44:56 <Bio> i want pizza
17:44:58 <Bio> should get?
17:45:08 <Micen|Droid> Yes. Yesterday was death. Today, not so much 
17:45:17 <Micen|Droid> Bio. Order domino's 
17:45:37 <Micen|Droid> Get feta cheese, white sauce and chicken. 
17:45:43 <Micen|Droid> It is so good. 
17:45:56 <Bio> i do love me a chicken pizza
17:46:08 <Dot`> .tell skram PLS
17:56:11 <Zounds> what is white sauce
17:56:27 <Bio> alfredo usually
17:56:45 <Zounds> oh nice
17:57:33 <Bio> basically its made with cream instead of like tomatoes
18:10:37 <Micen> OW Patch timew
18:10:50 <Micen> hype
18:11:03 <Dot`> BIO
18:11:09 <Dot`> just skram to confirm
18:11:12 <Dot`> then we dnd friday!
18:12:36 <Bio> k
18:12:43 <Bio> i should be free all day
18:12:48 <Bio> do i need to set an alram
18:12:51 <Bio> alarm even
18:14:29 <Bio> patch is go
18:14:33 <DuB`> Spraymei is here, feel fear
18:14:43 <Runbunny> wat?
18:14:45 <DuB`> Freeze 'em all
18:14:51 <Runbunny> whens patch?
18:14:54 <DuB`> Now!
18:15:06 <DuB`> 14GB woah
18:15:07 <Bio> dva nerf also
18:15:28 <Bio> reaper buff so many thing
18:15:45 <DuB`> Dva not too bad 
18:17:21 <Bio> so many gigs
18:17:51 <Micen> no scatter arrow removal :(
18:19:48 <Bio> https://i.imgur.com/BOargXd.jpg
18:20:19 <Bio> mems
18:20:22 <DuB`> Yeh pretty lame skin
18:21:39 <Zounds> yeh that's garbo
18:21:43 -!- DoT|Phone [~Dot@2.218.218.147] has joined #tlponies
18:22:18 <carcinisation> update is 14gb :(
18:22:47 <Micen> loads of skins
18:23:53 <carcinisation> have to delete stuff to make space
18:24:11 <DuB`> delet brigit
18:24:21 <Bio> you shut ur hore mouph
18:24:25 <Runbunny> It's patching!
18:24:25 <carcinisation> brigitte deletes you
18:24:38 <carcinisation> ?happening
18:24:55 <Bio> https://i.redd.it/ndbuqz28pqq01.png
18:24:57 <Bio> micen
18:25:02 <Bio> blues hockey.jpg
18:25:33 <Micen> is that the moment that got called?
18:26:54 <carcinisation> i did get the icefight question right in last nights pub quiz :D
18:27:21 <Bio> that was onsides micen
18:27:33 <Bio> don't think we would have won the game either way
18:27:35 <Bio> but HILARIOUS
18:28:03 <Bio> tarasenko dislocated his shoulder, we would have been fukt vs nashville
18:28:42 <Bio> also our goalie pulled his hamstring
18:28:50 <DuB`> DL PLS
18:28:52 <Bio> and one of our defencemen probably injured himself too
18:28:59 <Bio> just in that last game
18:29:01 <DuB`> 4.08 GB ramaining @ 1B/s
18:29:02 <DuB`> ??
18:29:14 <Micen> 1.85 remaining
18:29:16 <Bio> git rekt
18:29:29 <DuB`> Let me type in the bytes by hand if you're gonna go that slow
18:29:45 <Micen> their servers are being hammered
18:30:18 <Runbunny> !!!!
18:30:33 <Runbunny> Hammer the servers!
18:30:37 <DuB`> So many skins
18:30:47 <DuB`> Good thing I have 16000 skins credits
18:30:48 <Runbunny> Skin farm when?
18:30:53 <Micen> dub i have an idea
18:30:53 <Bio> HAMMAH DOWN
18:31:02 <Micen> go talk to your brother and make a copy 
18:31:06 <Micen> he is in OW
18:31:12 <DuB`> He stole all the bytes >:T
18:31:14 <Micen> odds are it will go faster
18:32:10 <Zounds> Runbunny you don't play overwatch
18:32:14 <Zounds> why are you compelled to get the skins
18:32:37 <Runbunny> Zounds, all overwatch has going for it, is it's character design.
18:32:54 <Runbunny> and it's really good.
18:34:38 <Micen> im patched
18:34:40 <carcinisation> is there a skin list up anywhere yet?
18:34:45 <Zounds> That doesn't really explain much though Anders
18:34:58 <Zounds> you would be as well just looking at a picture of the skins
18:34:59 <Runbunny> Zounds...
18:35:18 <Runbunny> But I can have moving pictures ;)
18:36:25 <DoT|Phone> gifs
18:36:55 <Runbunny> Also there's a really cute mercy skin from like last year, that i didn't get.
18:37:29 <Zounds> This year I'm after the Reaper and Pajaemei
18:37:29 <carcinisation> runbun wants to *be* the cute girl
18:37:46 <Zounds> The rest I can take or leave
18:37:57 <Zounds> Unless there's some I haven't seen
18:39:41 <DuB`> Hanzo??
18:39:47 <DuB`> Also light-up-pants-lucio
18:39:59 -!- tredc [~AdiIRC@c83-251-161-94.bredband.comhem.se] has joined #tlponies
18:40:04 <Runbunny> That sounds pretty neat.
18:40:21 <Runbunny> I did like 4 placement matches today. and it was horrible.
18:41:03 <Bio> Im ready for pve
18:41:26 <Zounds> okay I had not seen that Hanzo DuB` 
18:41:32 <Zounds> Sploosh
18:42:40 <Runbunny> Pve!
18:46:24 <Zounds> Blizz is being real stingy with these bytes
18:46:48 <DuB`> 3/4
18:46:55 <DuB`> Who will get in next?? :P
18:47:27 <Runbunny> I still need 1.3gb :/
18:50:16 <carcinisation> 1 B/s sure is bs
18:52:49 <Runbunny> :D
18:52:54 <Runbunny> I AM DONE
18:52:57 <Runbunny> What server E?!?!?
18:53:02 <Micen> na
19:03:28 <Zounds> are we full?
19:03:33 <Zounds> I just got in 
19:19:53 -!- Golly [~Golly@1.92-221-121.customer.lyse.net] has joined #tlponies
19:19:54 <Dot`> rawr rawr
19:20:03 <Rawr|Phone> Dot dot
19:20:11 <Rawr|Phone> <3
19:21:06 <Dot`> <3
19:21:10 <Dot`> how was your day rawr
19:21:44 <Rawr|Phone> Gooood
19:21:52 <Rawr|Phone> About to get home from practice
19:22:00 <Rawr|Phone> How was yours dot
19:22:29 <Dot`> got haircut today and have got dnd planned for this weekend
19:22:34 <Dot`> how was practice
19:23:49 <Rawr|Phone> Is it nice and short now?
19:23:56 <Rawr|Phone> It went well
19:24:02 <Dot`> super short rawr
19:24:05 <Rawr|Phone> Three tournaments left this season
19:24:19 <Rawr|Phone> I got my hair cut two weeks ago
19:24:19 <Dot`> but your already number 1, why more games?
19:24:41 <Rawr|Phone> You have to keep playing, or someone might get better dot
19:25:55 <Rawr|Phone> I went from shoulder-length hair to very short hair
19:26:26 <Dot`> good
19:26:32 -!- tredc [~AdiIRC@c83-251-161-94.bredband.comhem.se] has joined #tlponies
19:27:30 -!- Rawr|Fone [~AndChat52@84-217-62-32.customers.ownit.se] has joined #tlponies
19:52:33 <Dot`> Runbun, where is skram
19:54:27 <Runbunny> Ehm
19:54:33 <Runbunny> Norway I think.
20:09:16 <Phearlock> That is where he was last I checked too
20:13:04 <Dot`> hmmm
20:13:13 <Dot`> he may be anywhere now!
20:17:42 <CockRoach|42> he's probably being rowdy in sweden
20:18:29 <Runbunny> !!!
20:31:14 -!- Crisium [~Crisium@24.3.158.64] has joined #tlponies
20:31:24 <DuB`> 3/4 stack now
20:35:30 <Zounds> ill be back soon just having a quick munch
20:35:35 <Zounds> so if theres a spot there i'l take it
20:35:47 <DuB`> Micen not feeling well again, so just me 'n bio now :(
20:36:53 <Micen|Droid> Too much fast movement and loud noises. 
20:39:10 <Crisium> i may be on in a bit
20:39:14 <Runbunny> I can join again O:
20:39:16 <Crisium> but i require healing
20:39:19 <Crisium> i mean food
20:39:24 <Zounds> no cris
20:39:38 <Zounds> if bun is joining then they need to save a spot for me!
20:39:41 <Zounds> jjkjkjk
20:40:04 <Runbunny> what?
20:40:16 <Runbunny> Are you having a giggle mate ?!?!?!
20:44:34 <Zounds> no im having a cheddar and branston pickle sammich
20:44:44 <Zounds> it's pretty dope
21:04:24 -!- Camail [~Camail@45.40.84.145] has joined #tlponies
21:04:25 -!- mode/#tlponies [+v Camail] by Q
21:06:00 <Camail> no
21:06:07 <Camail> dont even think about it
21:07:27 <Zounds> hi
21:07:28 <Zounds> cam
21:07:31 <Zounds> :3
21:07:34 <Camail> hello
21:35:00 <Micen|Droid> Hi cam
21:35:55 <Camail> yo
22:00:02 <Crisium> https://twitter.com/tanbu_gg/status/983728725702344704
22:04:19 <Camail> standing lows are a failure of the game designer
22:14:32 <Dot`> cam
22:22:36 <Dot`> Dub
22:22:47 <DuB`> Dot
22:22:54 <Dot`> have you seen this?
22:22:55 <Dot`> https://www.twitch.tv/washingtonpost
22:23:07 <Dot`> twitch chat and a serios news thing
22:23:20 <Bio> WAS THERE A LOT OF KAPPA
22:25:32 <Dot`> this accent
22:25:46 -!- tredc [~AdiIRC@c83-251-161-94.bredband.comhem.se] has joined #tlponies
22:43:09 <carcinisation> coming for the 2020 election: twitchvotes
22:47:01 <CockRoach|42> twitch does the election
22:47:28 <carcinisation> anarchy wins :p
22:49:16 <carcinisation> almost let my sr decay on my main
22:49:25 <carcinisation> not used to that being a thing 
23:01:34 <Bio> PO
23:01:35 <Bio> NY
23:16:50 <DuB`> Put a pony in his place
23:17:24 <Bio> warm fuzzies?
23:25:42 <DuB`> Man, RIP tanks
23:25:55 <DuB`> Reaper is wild, brigitte incoming
23:27:07 -!- tredc [~AdiIRC@c83-251-161-94.bredband.comhem.se] has joined #tlponies
23:27:10 -!- Micen [~Micen@h38.28.16.98.dynamic.ip.windstream.net] has joined #tlponies
23:32:08 -!- Micen [~Micen@h38.28.16.98.dynamic.ip.windstream.net] has joined #tlponies
23:35:43 <carcinisation> g'night all
23:35:48 <DuB`> nn reif
23:35:54 <Dot`> gnight reef
23:39:04 <Dot`> dub dub
23:39:06 <Dot`> hows it going
23:39:33 -!- tredc [~AdiIRC@c83-251-161-94.bredband.comhem.se] has joined #tlponies
23:40:12 <DuB`> Gewd
23:40:21 <DuB`> Got a buncha lootboxes but none of the 4 skins I want D:
23:42:13 <Dot`> oh dear
23:42:27 <Dot`> complain to Mr Blizzard
23:45:37 -!- Rawr|Fone [~AndChat52@84-217-62-32.customers.ownit.se] has joined #tlponies
23:45:45 -!- tredc [~AdiIRC@c83-251-161-94.bredband.comhem.se] has joined #tlponies
23:47:04 <Zounds> I'm eager to try my boy Reyes out in a real game
23:47:12 <Zounds> That wraith form feels so good
23:48:52 <Dot`> cr https://imgur.com/gallery/aSYWW
23:49:01 <skram> Reyes is DEAD, Zounds
23:49:12 <Dot`> i thought skram was dead
23:49:14 <skram> He's the REAPER now and he shops at hot topic
23:49:22 <skram> I was for like 7 hours Dot`
23:49:40 <Zounds> I got the event skins so he's infact Soldier24
23:49:59 <DuB`> I only have winston and doomfist skins... -.-;
23:50:02 <DuB`> The worst ones
23:50:08 <DuB`> Neither should be a legendary!
23:50:17 <Zounds> That winston one is so bad :p
23:50:40 <Zounds> It looks different enough from the default to be a legendary
23:50:55 <Zounds> but it looks terrible
23:51:01 <DuB`> Different backpack, some wires on his head
23:51:03 <DuB`> That's it.
23:51:09 <Zounds> different chestplates and gloves too
23:51:12 <Zounds> pretty much all different
23:51:26 <DuB`> Hard to notice those and same color as default skin thoooo
23:51:33 <Dot`> glad you got better skram
23:51:36 <Zounds> yeah
23:51:45 <Dot`> and skram, can you dnd fridat evening pls
23:51:52 <Dot`> friday
23:51:54 <skram> YASS
23:51:56 <Zounds> tbh just change the colour from crappy default colour to something else
23:51:59 <Zounds> and it's be fine
23:52:00 <Dot`> WOOHOO
23:52:04 <Zounds> it'd be*
23:52:06 <Dot`> we dnd, all confirmed
23:52:27 <Dot`> now i actually got to read the book again...
23:52:38 <skram> you tricked yourself
23:57:54 <Dot`> skram https://imgur.com/gallery/RduTRru
23:58:42 <skram> what a good boye
23:58:53 <Dot`> wouldnt it be aweful if the whole phandelver mine was a goant mimic and you all died
23:58:57 <Dot`> that would be sad
