07:32:06 :portlane.se.quakenet.org 001 sweetiebot :Welcome to the QuakeNet IRC Network, sweetiebot
07:32:06 :portlane.se.quakenet.org 002 sweetiebot :Your host is portlane.se.quakenet.org, running version u2.10.12.10+snircd(1.3.4a)
07:32:06 :portlane.se.quakenet.org 003 sweetiebot :This server was created Fri Jun 22 2012 at 20:47:31 CEST
07:32:06 :portlane.se.quakenet.org 004 sweetiebot portlane.se.quakenet.org u2.10.12.10+snircd(1.3.4a) dioswkgxRXInP biklmnopstvrDcCNuMT bklov
07:32:06 :portlane.se.quakenet.org 005 sweetiebot WHOX WALLCHOPS WALLVOICES USERIP CPRIVMSG CNOTICE SILENCE=15 MODES=6 MAXCHANNELS=50 MAXBANS=45 NICKLEN=15 :are supported by this server
07:32:06 :portlane.se.quakenet.org 005 sweetiebot MAXNICKLEN=15 TOPICLEN=250 AWAYLEN=160 KICKLEN=250 CHANNELLEN=200 MAXCHANNELLEN=200 CHANTYPES=#& PREFIX=(ov)@+ STATUSMSG=@+ CHANMODES=b,k,l,imnpstrDducCNMT CASEMAPPING=rfc1459 NETWORK=QuakeNet :are supported by this server
07:32:06 :portlane.se.quakenet.org 251 sweetiebot :There are 16 users and 14453 invisible on 29 servers
07:32:06 :portlane.se.quakenet.org 252 sweetiebot 48 :operator(s) online
07:32:08 :portlane.se.quakenet.org 254 sweetiebot 12898 :channels formed
07:32:08 :portlane.se.quakenet.org 255 sweetiebot :I have 2634 clients and 1 servers
07:32:08 :portlane.se.quakenet.org 375 sweetiebot :- portlane.se.quakenet.org Message of the Day - 
07:32:08 :portlane.se.quakenet.org 372 sweetiebot :- 2013-7-25 16:12
07:32:08 :portlane.se.quakenet.org 372 sweetiebot :-               Welcome to the QuakeNet IRC Network!
07:32:08 :portlane.se.quakenet.org 372 sweetiebot :- d8888b.  .d88b.  d8888b. d888888b db       .d8b.  d8b   db d88888b
07:32:08 :portlane.se.quakenet.org 372 sweetiebot :- 88  `8D .8P  Y8. 88  `8D `~~88~~' 88      d8' `8b 888o  88 88'
07:32:08 :portlane.se.quakenet.org 372 sweetiebot :- 88oodD' 88    88 88oobY'    88    88      88ooo88 88V8o 88 88ooooo
07:32:08 :portlane.se.quakenet.org 372 sweetiebot :- 88~~~   88    88 88`8b      88    88      88~~~88 88 V8o88 88~~~~~
07:32:08 :portlane.se.quakenet.org 372 sweetiebot :- 88      `8b  d8' 88 `88.    88    88booo. 88   88 88  V888 88.
07:32:08 :portlane.se.quakenet.org 372 sweetiebot :- 88       `Y88P'  88   YD    YP    Y88888P YP   YP VP   V8P Y88888P
07:32:08 :portlane.se.quakenet.org 372 sweetiebot :-                 PORTLANE . SE . QUAKENET . ORG
07:32:08 :portlane.se.quakenet.org 372 sweetiebot :- 
07:32:08 :portlane.se.quakenet.org 372 sweetiebot :-   You're now connected to a server hosted by Portlane
07:32:09 :portlane.se.quakenet.org 372 sweetiebot :-   <www.portlane.com> located in Stockholm, Sweden.
07:32:09 :portlane.se.quakenet.org 372 sweetiebot :- 
07:32:09 :portlane.se.quakenet.org 372 sweetiebot :-                         = DISCLAIMER =
07:32:09 :portlane.se.quakenet.org 372 sweetiebot :- 
07:32:09 :portlane.se.quakenet.org 372 sweetiebot :-   IRC is a free media, the operators of this network take no
07:32:09 :portlane.se.quakenet.org 372 sweetiebot :-   responsibility whatsoever for opinions expressed or actions
07:32:09 :portlane.se.quakenet.org 372 sweetiebot :-   taken by users.
07:32:09 :portlane.se.quakenet.org 372 sweetiebot :- 
07:32:09 :portlane.se.quakenet.org 372 sweetiebot :-   By connecting to this server you give us the right to
07:32:09 :portlane.se.quakenet.org 372 sweetiebot :-   probe your machine for open proxies/wingates.
07:32:09 :portlane.se.quakenet.org 372 sweetiebot :- 
07:32:09 :portlane.se.quakenet.org 372 sweetiebot :-   This network may NOT be used for:
07:32:09 :portlane.se.quakenet.org 372 sweetiebot :- 
07:32:09 :portlane.se.quakenet.org 372 sweetiebot :-   * Flooding (including flood/clonebots).
07:32:09 :portlane.se.quakenet.org 372 sweetiebot :-   * Distribution of copyrighted material (eg, warez, mp3,
07:32:09 :portlane.se.quakenet.org 372 sweetiebot :-     movies) or pornography.
07:32:09 :portlane.se.quakenet.org 372 sweetiebot :-   * Channels dedicated to cheats designed to cause unfair
07:32:09 :portlane.se.quakenet.org 372 sweetiebot :-     advantage in multiplayer games.
07:32:09 :portlane.se.quakenet.org 372 sweetiebot :-   * Clones. Please contact info@quakenet.org if you require
07:32:09 :portlane.se.quakenet.org 372 sweetiebot :-     more than five clients (LAN parties, bots, etc).
07:32:09 :portlane.se.quakenet.org 372 sweetiebot :-   * Attempts to takeover existing channels or network services.
07:32:09 :portlane.se.quakenet.org 372 sweetiebot :-   * Racism and/or Nazism.
07:32:09 :portlane.se.quakenet.org 372 sweetiebot :-   * Spamming and/or advertising.
07:32:09 :portlane.se.quakenet.org 372 sweetiebot :-   * Hacking (including Virus/Trojan distribution).
07:32:09 :portlane.se.quakenet.org 372 sweetiebot :- 
07:32:09 :portlane.se.quakenet.org 372 sweetiebot :-   Continued use of this server indicates acceptance of these
07:32:09 :portlane.se.quakenet.org 372 sweetiebot :-   conditions.
07:32:09 :portlane.se.quakenet.org 372 sweetiebot :- 
07:32:09 :portlane.se.quakenet.org 372 sweetiebot :-                         = STAFF =
07:32:09 :portlane.se.quakenet.org 372 sweetiebot :- 
07:32:09 :portlane.se.quakenet.org 372 sweetiebot :-   Admin -->     suom1              <suom1@underworld.no>
07:32:09 :portlane.se.quakenet.org 372 sweetiebot :-   Opers -->     Ahnberg          <mattias@ahnberg.pp.se>
07:32:09 :portlane.se.quakenet.org 372 sweetiebot :-                 MadHacker       <madhacker@quakenet.org>
07:32:09 :portlane.se.quakenet.org 372 sweetiebot :-                 slug                 <slug@quakenet.org>
07:32:09 :portlane.se.quakenet.org 372 sweetiebot :-                 Bazerka           <bazerka@quakenet.org>
07:32:09 :portlane.se.quakenet.org 372 sweetiebot :- 
07:32:09 :portlane.se.quakenet.org 372 sweetiebot :-                         = INFORMATION =
07:32:09 :portlane.se.quakenet.org 372 sweetiebot :- 
07:32:09 :portlane.se.quakenet.org 372 sweetiebot :-   Quakenet web page                       http://www.quakenet.org
07:32:09 :portlane.se.quakenet.org 372 sweetiebot :-   Quakenet help page                  http://www.quakenet.org/faq
07:32:09 :portlane.se.quakenet.org 372 sweetiebot :-   Quakenet servers                      http://staff.quakenet.org
07:32:09 :portlane.se.quakenet.org 372 sweetiebot :- 
07:32:09 :portlane.se.quakenet.org 372 sweetiebot :-   Network Channel                                           #feds
07:32:09 :portlane.se.quakenet.org 372 sweetiebot :-   Help Channel                                              #help
07:32:09 :portlane.se.quakenet.org 372 sweetiebot :- 
07:32:09 :portlane.se.quakenet.org 372 sweetiebot :-   You can contact the staff on <irc(a)portlane.com>
07:32:09 :portlane.se.quakenet.org 372 sweetiebot :- 
07:32:09 :portlane.se.quakenet.org 372 sweetiebot :-   This network has channel services. Consult the webpage above
07:32:09 :portlane.se.quakenet.org 372 sweetiebot :-   to find information on how to use and obtain these services.
07:32:09 :portlane.se.quakenet.org 372 sweetiebot :- 
07:32:09 :portlane.se.quakenet.org 376 sweetiebot :End of /MOTD command.
07:32:09 :portlane.se.quakenet.org 221 sweetiebot +i
07:32:09 :portlane.se.quakenet.org 353 sweetiebot @ #tlponies :sweetiebot Golly Dot DoT|Phone Rawr|Fone DvB` @Cane motbob +Westy543 @Q +Twi +CockRoach|42 Emily +Rarity +Methos
07:32:09 :portlane.se.quakenet.org 366 sweetiebot #tlponies :End of /NAMES list.
07:32:09 :portlane.se.quakenet.org 353 sweetiebot = #camtestinggg :@sweetiebot
07:32:09 :portlane.se.quakenet.org 366 sweetiebot #camtestinggg :End of /NAMES list.
