08:21:49 :port80c.se.quakenet.org 001 sweetiebot :Welcome to the QuakeNet IRC Network, sweetiebot
08:21:49 :port80c.se.quakenet.org 002 sweetiebot :Your host is port80c.se.quakenet.org, running version u2.10.12.10+snircd(1.3.4a)
08:21:49 :port80c.se.quakenet.org 003 sweetiebot :This server was created Wed Apr 23 2014 at 01:59:23 CEST
08:21:49 :port80c.se.quakenet.org 004 sweetiebot port80c.se.quakenet.org u2.10.12.10+snircd(1.3.4a) dioswkgxRXInP biklmnopstvrDcCNuMT bklov
08:21:49 :port80c.se.quakenet.org 005 sweetiebot WHOX WALLCHOPS WALLVOICES USERIP CPRIVMSG CNOTICE SILENCE=15 MODES=6 MAXCHANNELS=50 MAXBANS=45 NICKLEN=15 :are supported by this server
08:21:49 :port80c.se.quakenet.org 005 sweetiebot MAXNICKLEN=15 TOPICLEN=250 AWAYLEN=160 KICKLEN=250 CHANNELLEN=200 MAXCHANNELLEN=200 CHANTYPES=#& PREFIX=(ov)@+ STATUSMSG=@+ CHANMODES=b,k,l,imnpstrDducCNMT CASEMAPPING=rfc1459 NETWORK=QuakeNet :are supported by this server
08:21:49 :port80c.se.quakenet.org 251 sweetiebot :There are 17 users and 14626 invisible on 29 servers
08:21:49 :port80c.se.quakenet.org 252 sweetiebot 52 :operator(s) online
08:21:49 :port80c.se.quakenet.org 253 sweetiebot 1 :unknown connection(s)
08:21:49 :port80c.se.quakenet.org 254 sweetiebot 12815 :channels formed
08:21:49 :port80c.se.quakenet.org 255 sweetiebot :I have 1363 clients and 1 servers
08:21:49 :port80c.se.quakenet.org 375 sweetiebot :- port80c.se.quakenet.org Message of the Day - 
08:21:49 :port80c.se.quakenet.org 372 sweetiebot :- 2017-5-10 7:40
08:21:49 :port80c.se.quakenet.org 372 sweetiebot :- .........................................................................
08:21:49 :port80c.se.quakenet.org 372 sweetiebot :- ...                                                                   ...
08:21:49 :port80c.se.quakenet.org 372 sweetiebot :- ...           You are connected to the QuakeNet IRC Network           ...
08:21:49 :port80c.se.quakenet.org 372 sweetiebot :- ...                     via port80c.se.quakenet.org.                  ...
08:21:49 :port80c.se.quakenet.org 372 sweetiebot :- ...                                                                   ...
08:21:49 :port80c.se.quakenet.org 372 sweetiebot :- ...                     port80c.se.quakenet.org                       ...
08:21:49 :port80c.se.quakenet.org 372 sweetiebot :- ...                                                                   ...
08:21:49 :port80c.se.quakenet.org 372 sweetiebot :- ...        i t ' s         g o o d         t o         b 0 r k        ...
08:21:49 :port80c.se.quakenet.org 372 sweetiebot :- ...                                                                   ...
08:21:49 :port80c.se.quakenet.org 372 sweetiebot :- ...       For information about this server's host please visit       ...
08:21:49 :port80c.se.quakenet.org 372 sweetiebot :- ...                        the website below:                         ...
08:21:49 :port80c.se.quakenet.org 372 sweetiebot :- ...                      http://www.ip-only.se/                       ...
08:21:49 :port80c.se.quakenet.org 372 sweetiebot :- ...                                                                   ...
08:21:49 :port80c.se.quakenet.org 372 sweetiebot :- ...          For information about this network please visit          ...
08:21:49 :port80c.se.quakenet.org 372 sweetiebot :- ...                        the website below:                         ...
08:21:49 :port80c.se.quakenet.org 372 sweetiebot :- ...                     http://www.quakenet.org/                      ...
08:21:49 :port80c.se.quakenet.org 372 sweetiebot :- ...                                                                   ...
08:21:49 :port80c.se.quakenet.org 372 sweetiebot :- ...   This server accepts IPv6 connections on the following ports:    ...
08:21:49 :port80c.se.quakenet.org 372 sweetiebot :- ...                        6667, 6668 & 6669                          ...
08:21:49 :port80c.se.quakenet.org 372 sweetiebot :- ...                                                                   ...
08:21:49 :port80c.se.quakenet.org 372 sweetiebot :- ...  By connecting to this network you give us permission to probe    ...
08:21:49 :port80c.se.quakenet.org 372 sweetiebot :- ... your machine for open proxies/wingates. You also agree to adhere  ...
08:21:49 :port80c.se.quakenet.org 372 sweetiebot :- ...                      by the following rules:                      ...
08:21:49 :port80c.se.quakenet.org 372 sweetiebot :- ...                                                                   ...
08:21:49 :port80c.se.quakenet.org 372 sweetiebot :- ...      o No flooding (including flood/clonebots).                   ...
08:21:49 :port80c.se.quakenet.org 372 sweetiebot :- ...      o No distribution of copyrighted material or pornography.    ...
08:21:49 :port80c.se.quakenet.org 372 sweetiebot :- ...      o No multiplayer gaming cheat channels.                      ...
08:21:49 :port80c.se.quakenet.org 372 sweetiebot :- ...      o No clones. http://www.quakenet.org/faq/faq.php?c=128       ...
08:21:49 :port80c.se.quakenet.org 372 sweetiebot :- ...      o No channel takeovers.                                      ...
08:21:49 :port80c.se.quakenet.org 372 sweetiebot :- ...      o No attempts to disrupt network services.                   ...
08:21:49 :port80c.se.quakenet.org 372 sweetiebot :- ...      o No racism and/or Nazism.                                   ...
08:21:49 :port80c.se.quakenet.org 372 sweetiebot :- ...      o No spamming and/or advertising.                            ...
08:21:49 :port80c.se.quakenet.org 372 sweetiebot :- ...      o No hacking (including Virus/Trojan distribution).          ...
08:21:49 :port80c.se.quakenet.org 372 sweetiebot :- ...      o No actions we, the operators, regard as abuse.             ...
08:21:49 :port80c.se.quakenet.org 372 sweetiebot :- ...                                                                   ...
08:21:49 :port80c.se.quakenet.org 372 sweetiebot :- ...           For more details of the network's terms of service      ...
08:21:49 :port80c.se.quakenet.org 372 sweetiebot :- ...                  please visit the website below:                  ...
08:21:49 :port80c.se.quakenet.org 372 sweetiebot :- ...                   http://www.quakenet.org/rules/                  ...
08:21:49 :port80c.se.quakenet.org 372 sweetiebot :- ...                                                                   ...
08:21:49 :port80c.se.quakenet.org 372 sweetiebot :- ...       Violation of the network's rules will result in kills       ...
08:21:49 :port80c.se.quakenet.org 372 sweetiebot :- ...              and possible network-wide access bans.               ...
08:21:49 :port80c.se.quakenet.org 372 sweetiebot :- ...                                                                   ...
08:21:49 :port80c.se.quakenet.org 372 sweetiebot :- ...      o Server Admins:                                             ...
08:21:49 :port80c.se.quakenet.org 372 sweetiebot :- ...                     _nalle              stevoo                    ...
08:21:49 :port80c.se.quakenet.org 372 sweetiebot :- ...             (E-mail: append @quakenet.org to above.)              ... 
08:21:49 :port80c.se.quakenet.org 372 sweetiebot :- ...                                                                   ...
08:21:49 :port80c.se.quakenet.org 372 sweetiebot :- ...      Many common problems are explained on the website below:     ...
08:21:49 :port80c.se.quakenet.org 372 sweetiebot :- ...                    http://www.quakenet.org/faq/                   ...
08:21:49 :port80c.se.quakenet.org 372 sweetiebot :- ...     If you have a general enquiry not answered by this website    ...
08:21:49 :port80c.se.quakenet.org 372 sweetiebot :- ...     please visit #help. If you *require* an IRC operator please   ...
08:21:49 :port80c.se.quakenet.org 372 sweetiebot :- ...      visit #help.                                                 ...
08:21:49 :port80c.se.quakenet.org 372 sweetiebot :- ...                                                                   ...
08:21:49 :port80c.se.quakenet.org 372 sweetiebot :- ...   The use of this server & network is a privilege, not a right.   ...
08:21:49 :port80c.se.quakenet.org 372 sweetiebot :- ...      The network operators may deny network access to anyone,     ...
08:21:49 :port80c.se.quakenet.org 372 sweetiebot :- ...              for any reason, at their sole discretion.            ...
08:21:49 :port80c.se.quakenet.org 372 sweetiebot :- ...                                                                   ...
08:21:49 :port80c.se.quakenet.org 372 sweetiebot :- ... IRC is a free media, therefore the operators of this network take ...
08:21:49 :port80c.se.quakenet.org 372 sweetiebot :- ...    no responsibility whatsoever for the opinions expressed or     ...
08:21:49 :port80c.se.quakenet.org 372 sweetiebot :- ...   the actions taken by users. Absolutely no warranty is either    ...
08:21:49 :port80c.se.quakenet.org 372 sweetiebot :- ...                      expressed or implied.                        ...
08:21:49 :port80c.se.quakenet.org 372 sweetiebot :- ...                                                                   ...
08:21:49 :port80c.se.quakenet.org 372 sweetiebot :- .........................................................................
08:21:49 :port80c.se.quakenet.org 376 sweetiebot :End of /MOTD command.
08:21:49 :port80c.se.quakenet.org 221 sweetiebot +i
08:21:49 :port80c.se.quakenet.org 353 sweetiebot @ #tlponies :sweetiebot Rawr|Phone DoT|Phone DuB` @Cane +Westy543 motbob +Methos +Rarity Emily @Q +Twi +CockRoach|42
08:21:49 :port80c.se.quakenet.org 366 sweetiebot #tlponies :End of /NAMES list.
08:21:50 :port80c.se.quakenet.org 353 sweetiebot = #camtestinggg :@sweetiebot
08:21:50 :port80c.se.quakenet.org 366 sweetiebot #camtestinggg :End of /NAMES list.
