19:49:40 :underworld2.no.quakenet.org 001 sweetiebot :Welcome to the QuakeNet IRC Network, sweetiebot
19:49:40 :underworld2.no.quakenet.org 002 sweetiebot :Your host is underworld2.no.quakenet.org, running version u2.10.12.10+snircd(1.3.4a)
19:49:40 :underworld2.no.quakenet.org 003 sweetiebot :This server was created Fri May 24 2013 at 22:12:24 CEST
19:49:40 :underworld2.no.quakenet.org 004 sweetiebot underworld2.no.quakenet.org u2.10.12.10+snircd(1.3.4a) dioswkgxRXInP biklmnopstvrDcCNuMT bklov
19:49:40 :underworld2.no.quakenet.org 005 sweetiebot WHOX WALLCHOPS WALLVOICES USERIP CPRIVMSG CNOTICE SILENCE=15 MODES=6 MAXCHANNELS=20 MAXBANS=45 NICKLEN=15 :are supported by this server
19:49:40 :underworld2.no.quakenet.org 005 sweetiebot MAXNICKLEN=15 TOPICLEN=250 AWAYLEN=160 KICKLEN=250 CHANNELLEN=200 MAXCHANNELLEN=200 CHANTYPES=#& PREFIX=(ov)@+ STATUSMSG=@+ CHANMODES=b,k,l,imnpstrDducCNMT CASEMAPPING=rfc1459 NETWORK=QuakeNet :are supported by this server
19:49:40 :underworld2.no.quakenet.org 251 sweetiebot :There are 17 users and 17282 invisible on 30 servers
19:49:40 :underworld2.no.quakenet.org 252 sweetiebot 54 :operator(s) online
19:49:40 :underworld2.no.quakenet.org 254 sweetiebot 14308 :channels formed
19:49:40 :underworld2.no.quakenet.org 255 sweetiebot :I have 591 clients and 1 servers
19:49:40 :underworld2.no.quakenet.org 375 sweetiebot :- underworld2.no.quakenet.org Message of the Day - 
19:49:40 :underworld2.no.quakenet.org 372 sweetiebot :- 2013-5-24 22:06
19:49:40 :underworld2.no.quakenet.org 372 sweetiebot :- 
19:49:40 :underworld2.no.quakenet.org 372 sweetiebot :-            Welcome to the QuakeNet IRC Network!     __     __ 
19:49:40 :underworld2.no.quakenet.org 372 sweetiebot :- .--.--.-----.--|  |.-----.----.--.--.--.-----.----.|  |.--|  |
19:49:40 :underworld2.no.quakenet.org 372 sweetiebot :- |  |  |     |  _  ||  -__|   _|  |  |  |  _  |   _||  ||  _  |
19:49:40 :underworld2.no.quakenet.org 372 sweetiebot :- |_____|__|__|_____||_____|__| |________|_____|__|  |__||_____|
19:49:40 :underworld2.no.quakenet.org 372 sweetiebot :-     U N D E R W O R L D . N O . Q U A K E N E T . O R G
19:49:40 :underworld2.no.quakenet.org 372 sweetiebot :- 
19:49:40 :underworld2.no.quakenet.org 372 sweetiebot :- This server is hosted by Underworld <www.underworld.no> in
19:49:40 :underworld2.no.quakenet.org 372 sweetiebot :- cooperation with UNINETT, The Norwegian research network.
19:49:40 :underworld2.no.quakenet.org 372 sweetiebot :- 
19:49:40 :underworld2.no.quakenet.org 372 sweetiebot :-   [ Disclaimer ]
19:49:40 :underworld2.no.quakenet.org 372 sweetiebot :- 
19:49:40 :underworld2.no.quakenet.org 372 sweetiebot :- IRC is a free media, the operators of this network take no 
19:49:40 :underworld2.no.quakenet.org 372 sweetiebot :- responsibility whatsoever for opinions expressed or actions
19:49:40 :underworld2.no.quakenet.org 372 sweetiebot :- taken by users.
19:49:40 :underworld2.no.quakenet.org 372 sweetiebot :- 
19:49:40 :underworld2.no.quakenet.org 372 sweetiebot :- By connecting to this server you give us the right to
19:49:40 :underworld2.no.quakenet.org 372 sweetiebot :- probe your machine for open proxies/wingates.
19:49:40 :underworld2.no.quakenet.org 372 sweetiebot :- 
19:49:40 :underworld2.no.quakenet.org 372 sweetiebot :-   [ Staff ]
19:49:40 :underworld2.no.quakenet.org 372 sweetiebot :- 
19:49:40 :underworld2.no.quakenet.org 372 sweetiebot :- Administrator  ::  Hardy     <hardy(a)underworld.no>
19:49:40 :underworld2.no.quakenet.org 372 sweetiebot :- Operator       ::  akai       <akai(a)underworld.no>
19:49:40 :underworld2.no.quakenet.org 372 sweetiebot :- Operator       ::  Microbe <microbe(a)underworld.no
19:49:40 :underworld2.no.quakenet.org 372 sweetiebot :- 
19:49:40 :underworld2.no.quakenet.org 372 sweetiebot :-   [ Rules ]                                       
19:49:40 :underworld2.no.quakenet.org 372 sweetiebot :- 
19:49:40 :underworld2.no.quakenet.org 372 sweetiebot :- This network may NOT be used for:
19:49:40 :underworld2.no.quakenet.org 372 sweetiebot :- 
19:49:40 :underworld2.no.quakenet.org 372 sweetiebot :- * Flooding (including flood/clonebots).
19:49:40 :underworld2.no.quakenet.org 372 sweetiebot :- * Distribution of copyrighted material (eg, warez, mp3, 
19:49:40 :underworld2.no.quakenet.org 372 sweetiebot :-   movies) or pornography.
19:49:40 :underworld2.no.quakenet.org 372 sweetiebot :- * Channels dedicated to cheats designed to cause unfair
19:49:40 :underworld2.no.quakenet.org 372 sweetiebot :-   advantage in multiplayer games.
19:49:40 :underworld2.no.quakenet.org 372 sweetiebot :- * Clones. Please contact info@quakenet.org if you require
19:49:40 :underworld2.no.quakenet.org 372 sweetiebot :-   more than five clients (LAN parties, bots, etc).
19:49:40 :underworld2.no.quakenet.org 372 sweetiebot :- * Attempts to takeover existing channels or network services.
19:49:40 :underworld2.no.quakenet.org 372 sweetiebot :- * Racism and/or Nazism.
19:49:40 :underworld2.no.quakenet.org 372 sweetiebot :- * Spamming and/or advertising.
19:49:40 :underworld2.no.quakenet.org 372 sweetiebot :- * Hacking (including Virus/Trojan distribution).
19:49:40 :underworld2.no.quakenet.org 372 sweetiebot :-  
19:49:40 :underworld2.no.quakenet.org 372 sweetiebot :- Continued use of this server indicates acceptance of these
19:49:40 :underworld2.no.quakenet.org 372 sweetiebot :- conditions.
19:49:40 :underworld2.no.quakenet.org 372 sweetiebot :- 
19:49:40 :underworld2.no.quakenet.org 372 sweetiebot :-   [ Information & Help ]
19:49:40 :underworld2.no.quakenet.org 372 sweetiebot :- 
19:49:40 :underworld2.no.quakenet.org 372 sweetiebot :- Quakenet web page     ::  http://www.quakenet.org
19:49:40 :underworld2.no.quakenet.org 372 sweetiebot :- Quakenet help page    ::  http://www.quakenet.org/faq
19:49:40 :underworld2.no.quakenet.org 372 sweetiebot :- Quakenet servers      ::  http://www.quakenet.org/Servers
19:49:41 :underworld2.no.quakenet.org 372 sweetiebot :- 
19:49:41 :underworld2.no.quakenet.org 372 sweetiebot :- Network Channel       ::  #feds
19:49:41 :underworld2.no.quakenet.org 372 sweetiebot :- Help Channel          ::  #help
19:49:41 :underworld2.no.quakenet.org 372 sweetiebot :- Server Channel        ::  #underworld
19:49:41 :underworld2.no.quakenet.org 372 sweetiebot :- Norwegian Channel     ::  #Norge
19:49:41 :underworld2.no.quakenet.org 372 sweetiebot :- 
19:49:41 :underworld2.no.quakenet.org 372 sweetiebot :- You can contact the staff on <quakenet-staff(a)underworld.no>
19:49:41 :underworld2.no.quakenet.org 372 sweetiebot :- 
19:49:41 :underworld2.no.quakenet.org 372 sweetiebot :- This network has channel services. Consult the webpage above 
19:49:41 :underworld2.no.quakenet.org 372 sweetiebot :- to find information on how to use and obtain these services.
19:49:41 :underworld2.no.quakenet.org 372 sweetiebot :- 
19:49:41 :underworld2.no.quakenet.org 372 sweetiebot :-   [ Have a nice stay! ]
19:49:41 :underworld2.no.quakenet.org 372 sweetiebot :- 
19:49:41 :underworld2.no.quakenet.org 376 sweetiebot :End of /MOTD command.
19:49:41 :underworld2.no.quakenet.org 221 sweetiebot +i
19:49:41 :underworld2.no.quakenet.org 353 sweetiebot @ #tlponies :sweetiebot +Camail Rawr|Fone +Phearlock tredc Dot Runbunny Micen|Droid ZK DoT|Phone Zounds skram +reification Golly @Cane @Q +Westy543 +CockRoach|42 Emily Twi Bio Micen Rarity Methos motbob
19:49:41 :underworld2.no.quakenet.org 366 sweetiebot #tlponies :End of /NAMES list.
19:49:42 :underworld2.no.quakenet.org 353 sweetiebot = #camtestinggg :@sweetiebot
19:49:42 :underworld2.no.quakenet.org 366 sweetiebot #camtestinggg :End of /NAMES list.
